[2023-09-30 23:33:53,214] {scheduler_job.py:182} INFO - Started process (PID=79) to work on /home/airflow/.local/lib/python3.6/site-packages/airflow/example_dags/example_python_operator.py
[2023-09-30 23:33:53,250] {scheduler_job.py:629} INFO - Processing file /home/airflow/.local/lib/python3.6/site-packages/airflow/example_dags/example_python_operator.py for tasks to queue
[2023-09-30 23:33:53,269] {logging_mixin.py:104} INFO - [2023-09-30 23:33:53,268] {dagbag.py:451} INFO - Filling up the DagBag from /home/airflow/.local/lib/python3.6/site-packages/airflow/example_dags/example_python_operator.py
[2023-09-30 23:33:53,582] {scheduler_job.py:639} INFO - DAG(s) dict_keys(['example_python_operator']) retrieved from /home/airflow/.local/lib/python3.6/site-packages/airflow/example_dags/example_python_operator.py
[2023-09-30 23:33:53,988] {logging_mixin.py:104} INFO - [2023-09-30 23:33:53,987] {dag.py:1824} INFO - Sync 1 DAGs
[2023-09-30 23:33:54,303] {logging_mixin.py:104} INFO - [2023-09-30 23:33:54,296] {dag.py:1843} INFO - Creating ORM DAG for example_python_operator
[2023-09-30 23:33:54,442] {logging_mixin.py:104} INFO - [2023-09-30 23:33:54,438] {dag.py:2280} INFO - Setting next_dagrun for example_python_operator to None
[2023-09-30 23:33:54,743] {scheduler_job.py:190} INFO - Processing /home/airflow/.local/lib/python3.6/site-packages/airflow/example_dags/example_python_operator.py took 1.622 seconds
[2023-09-30 23:34:24,890] {scheduler_job.py:182} INFO - Started process (PID=131) to work on /home/airflow/.local/lib/python3.6/site-packages/airflow/example_dags/example_python_operator.py
[2023-09-30 23:34:24,901] {scheduler_job.py:629} INFO - Processing file /home/airflow/.local/lib/python3.6/site-packages/airflow/example_dags/example_python_operator.py for tasks to queue
[2023-09-30 23:34:24,907] {logging_mixin.py:104} INFO - [2023-09-30 23:34:24,906] {dagbag.py:451} INFO - Filling up the DagBag from /home/airflow/.local/lib/python3.6/site-packages/airflow/example_dags/example_python_operator.py
[2023-09-30 23:34:25,026] {scheduler_job.py:639} INFO - DAG(s) dict_keys(['example_python_operator']) retrieved from /home/airflow/.local/lib/python3.6/site-packages/airflow/example_dags/example_python_operator.py
[2023-09-30 23:34:25,129] {logging_mixin.py:104} INFO - [2023-09-30 23:34:25,129] {dag.py:1824} INFO - Sync 1 DAGs
[2023-09-30 23:34:25,233] {logging_mixin.py:104} INFO - [2023-09-30 23:34:25,232] {dag.py:2280} INFO - Setting next_dagrun for example_python_operator to None
[2023-09-30 23:34:25,283] {scheduler_job.py:190} INFO - Processing /home/airflow/.local/lib/python3.6/site-packages/airflow/example_dags/example_python_operator.py took 0.409 seconds
[2023-09-30 23:34:55,775] {scheduler_job.py:182} INFO - Started process (PID=183) to work on /home/airflow/.local/lib/python3.6/site-packages/airflow/example_dags/example_python_operator.py
[2023-09-30 23:34:55,783] {scheduler_job.py:629} INFO - Processing file /home/airflow/.local/lib/python3.6/site-packages/airflow/example_dags/example_python_operator.py for tasks to queue
[2023-09-30 23:34:55,787] {logging_mixin.py:104} INFO - [2023-09-30 23:34:55,786] {dagbag.py:451} INFO - Filling up the DagBag from /home/airflow/.local/lib/python3.6/site-packages/airflow/example_dags/example_python_operator.py
[2023-09-30 23:34:55,861] {scheduler_job.py:639} INFO - DAG(s) dict_keys(['example_python_operator']) retrieved from /home/airflow/.local/lib/python3.6/site-packages/airflow/example_dags/example_python_operator.py
[2023-09-30 23:34:55,962] {logging_mixin.py:104} INFO - [2023-09-30 23:34:55,961] {dag.py:1824} INFO - Sync 1 DAGs
[2023-09-30 23:34:56,045] {logging_mixin.py:104} INFO - [2023-09-30 23:34:56,044] {dag.py:2280} INFO - Setting next_dagrun for example_python_operator to None
[2023-09-30 23:34:56,092] {scheduler_job.py:190} INFO - Processing /home/airflow/.local/lib/python3.6/site-packages/airflow/example_dags/example_python_operator.py took 0.336 seconds
[2023-09-30 23:35:26,224] {scheduler_job.py:182} INFO - Started process (PID=235) to work on /home/airflow/.local/lib/python3.6/site-packages/airflow/example_dags/example_python_operator.py
[2023-09-30 23:35:26,237] {scheduler_job.py:629} INFO - Processing file /home/airflow/.local/lib/python3.6/site-packages/airflow/example_dags/example_python_operator.py for tasks to queue
[2023-09-30 23:35:26,250] {logging_mixin.py:104} INFO - [2023-09-30 23:35:26,248] {dagbag.py:451} INFO - Filling up the DagBag from /home/airflow/.local/lib/python3.6/site-packages/airflow/example_dags/example_python_operator.py
[2023-09-30 23:35:26,433] {scheduler_job.py:639} INFO - DAG(s) dict_keys(['example_python_operator']) retrieved from /home/airflow/.local/lib/python3.6/site-packages/airflow/example_dags/example_python_operator.py
[2023-09-30 23:35:26,589] {logging_mixin.py:104} INFO - [2023-09-30 23:35:26,587] {dag.py:1824} INFO - Sync 1 DAGs
[2023-09-30 23:35:26,724] {logging_mixin.py:104} INFO - [2023-09-30 23:35:26,723] {dag.py:2280} INFO - Setting next_dagrun for example_python_operator to None
[2023-09-30 23:35:26,800] {scheduler_job.py:190} INFO - Processing /home/airflow/.local/lib/python3.6/site-packages/airflow/example_dags/example_python_operator.py took 0.601 seconds
[2023-09-30 23:35:57,215] {scheduler_job.py:182} INFO - Started process (PID=285) to work on /home/airflow/.local/lib/python3.6/site-packages/airflow/example_dags/example_python_operator.py
[2023-09-30 23:35:57,233] {scheduler_job.py:629} INFO - Processing file /home/airflow/.local/lib/python3.6/site-packages/airflow/example_dags/example_python_operator.py for tasks to queue
[2023-09-30 23:35:57,242] {logging_mixin.py:104} INFO - [2023-09-30 23:35:57,241] {dagbag.py:451} INFO - Filling up the DagBag from /home/airflow/.local/lib/python3.6/site-packages/airflow/example_dags/example_python_operator.py
[2023-09-30 23:35:57,459] {scheduler_job.py:639} INFO - DAG(s) dict_keys(['example_python_operator']) retrieved from /home/airflow/.local/lib/python3.6/site-packages/airflow/example_dags/example_python_operator.py
[2023-09-30 23:35:57,647] {logging_mixin.py:104} INFO - [2023-09-30 23:35:57,645] {dag.py:1824} INFO - Sync 1 DAGs
[2023-09-30 23:35:58,066] {logging_mixin.py:104} INFO - [2023-09-30 23:35:58,065] {dag.py:2280} INFO - Setting next_dagrun for example_python_operator to None
[2023-09-30 23:35:58,302] {scheduler_job.py:190} INFO - Processing /home/airflow/.local/lib/python3.6/site-packages/airflow/example_dags/example_python_operator.py took 1.130 seconds
[2023-09-30 23:37:06,939] {scheduler_job.py:182} INFO - Started process (PID=110) to work on /home/airflow/.local/lib/python3.6/site-packages/airflow/example_dags/example_python_operator.py
[2023-09-30 23:37:06,948] {scheduler_job.py:629} INFO - Processing file /home/airflow/.local/lib/python3.6/site-packages/airflow/example_dags/example_python_operator.py for tasks to queue
[2023-09-30 23:37:06,954] {logging_mixin.py:104} INFO - [2023-09-30 23:37:06,954] {dagbag.py:451} INFO - Filling up the DagBag from /home/airflow/.local/lib/python3.6/site-packages/airflow/example_dags/example_python_operator.py
[2023-09-30 23:37:07,079] {scheduler_job.py:639} INFO - DAG(s) dict_keys(['example_python_operator']) retrieved from /home/airflow/.local/lib/python3.6/site-packages/airflow/example_dags/example_python_operator.py
[2023-09-30 23:37:07,247] {logging_mixin.py:104} INFO - [2023-09-30 23:37:07,246] {dag.py:1824} INFO - Sync 1 DAGs
[2023-09-30 23:37:07,358] {logging_mixin.py:104} INFO - [2023-09-30 23:37:07,357] {dag.py:2280} INFO - Setting next_dagrun for example_python_operator to None
[2023-09-30 23:37:07,424] {scheduler_job.py:190} INFO - Processing /home/airflow/.local/lib/python3.6/site-packages/airflow/example_dags/example_python_operator.py took 0.504 seconds
[2023-09-30 23:37:38,267] {scheduler_job.py:182} INFO - Started process (PID=162) to work on /home/airflow/.local/lib/python3.6/site-packages/airflow/example_dags/example_python_operator.py
[2023-09-30 23:37:38,275] {scheduler_job.py:629} INFO - Processing file /home/airflow/.local/lib/python3.6/site-packages/airflow/example_dags/example_python_operator.py for tasks to queue
[2023-09-30 23:37:38,281] {logging_mixin.py:104} INFO - [2023-09-30 23:37:38,281] {dagbag.py:451} INFO - Filling up the DagBag from /home/airflow/.local/lib/python3.6/site-packages/airflow/example_dags/example_python_operator.py
[2023-09-30 23:37:38,382] {scheduler_job.py:639} INFO - DAG(s) dict_keys(['example_python_operator']) retrieved from /home/airflow/.local/lib/python3.6/site-packages/airflow/example_dags/example_python_operator.py
[2023-09-30 23:37:38,500] {logging_mixin.py:104} INFO - [2023-09-30 23:37:38,499] {dag.py:1824} INFO - Sync 1 DAGs
[2023-09-30 23:37:38,605] {logging_mixin.py:104} INFO - [2023-09-30 23:37:38,604] {dag.py:2280} INFO - Setting next_dagrun for example_python_operator to None
[2023-09-30 23:37:38,658] {scheduler_job.py:190} INFO - Processing /home/airflow/.local/lib/python3.6/site-packages/airflow/example_dags/example_python_operator.py took 0.404 seconds
[2023-09-30 23:38:08,880] {scheduler_job.py:182} INFO - Started process (PID=216) to work on /home/airflow/.local/lib/python3.6/site-packages/airflow/example_dags/example_python_operator.py
[2023-09-30 23:38:08,889] {scheduler_job.py:629} INFO - Processing file /home/airflow/.local/lib/python3.6/site-packages/airflow/example_dags/example_python_operator.py for tasks to queue
[2023-09-30 23:38:08,894] {logging_mixin.py:104} INFO - [2023-09-30 23:38:08,893] {dagbag.py:451} INFO - Filling up the DagBag from /home/airflow/.local/lib/python3.6/site-packages/airflow/example_dags/example_python_operator.py
[2023-09-30 23:38:08,982] {scheduler_job.py:639} INFO - DAG(s) dict_keys(['example_python_operator']) retrieved from /home/airflow/.local/lib/python3.6/site-packages/airflow/example_dags/example_python_operator.py
[2023-09-30 23:38:09,102] {logging_mixin.py:104} INFO - [2023-09-30 23:38:09,101] {dag.py:1824} INFO - Sync 1 DAGs
[2023-09-30 23:38:09,203] {logging_mixin.py:104} INFO - [2023-09-30 23:38:09,202] {dag.py:2280} INFO - Setting next_dagrun for example_python_operator to None
[2023-09-30 23:38:09,268] {scheduler_job.py:190} INFO - Processing /home/airflow/.local/lib/python3.6/site-packages/airflow/example_dags/example_python_operator.py took 0.401 seconds
[2023-09-30 23:38:40,148] {scheduler_job.py:182} INFO - Started process (PID=268) to work on /home/airflow/.local/lib/python3.6/site-packages/airflow/example_dags/example_python_operator.py
[2023-09-30 23:38:40,157] {scheduler_job.py:629} INFO - Processing file /home/airflow/.local/lib/python3.6/site-packages/airflow/example_dags/example_python_operator.py for tasks to queue
[2023-09-30 23:38:40,163] {logging_mixin.py:104} INFO - [2023-09-30 23:38:40,162] {dagbag.py:451} INFO - Filling up the DagBag from /home/airflow/.local/lib/python3.6/site-packages/airflow/example_dags/example_python_operator.py
[2023-09-30 23:38:40,262] {scheduler_job.py:639} INFO - DAG(s) dict_keys(['example_python_operator']) retrieved from /home/airflow/.local/lib/python3.6/site-packages/airflow/example_dags/example_python_operator.py
[2023-09-30 23:38:40,377] {logging_mixin.py:104} INFO - [2023-09-30 23:38:40,377] {dag.py:1824} INFO - Sync 1 DAGs
[2023-09-30 23:38:40,478] {logging_mixin.py:104} INFO - [2023-09-30 23:38:40,477] {dag.py:2280} INFO - Setting next_dagrun for example_python_operator to None
[2023-09-30 23:38:40,531] {scheduler_job.py:190} INFO - Processing /home/airflow/.local/lib/python3.6/site-packages/airflow/example_dags/example_python_operator.py took 0.400 seconds
[2023-09-30 23:39:12,548] {scheduler_job.py:182} INFO - Started process (PID=326) to work on /home/airflow/.local/lib/python3.6/site-packages/airflow/example_dags/example_python_operator.py
[2023-09-30 23:39:12,555] {scheduler_job.py:629} INFO - Processing file /home/airflow/.local/lib/python3.6/site-packages/airflow/example_dags/example_python_operator.py for tasks to queue
[2023-09-30 23:39:12,560] {logging_mixin.py:104} INFO - [2023-09-30 23:39:12,560] {dagbag.py:451} INFO - Filling up the DagBag from /home/airflow/.local/lib/python3.6/site-packages/airflow/example_dags/example_python_operator.py
[2023-09-30 23:39:12,626] {scheduler_job.py:639} INFO - DAG(s) dict_keys(['example_python_operator']) retrieved from /home/airflow/.local/lib/python3.6/site-packages/airflow/example_dags/example_python_operator.py
[2023-09-30 23:39:12,712] {logging_mixin.py:104} INFO - [2023-09-30 23:39:12,711] {dag.py:1824} INFO - Sync 1 DAGs
[2023-09-30 23:39:12,782] {logging_mixin.py:104} INFO - [2023-09-30 23:39:12,782] {dag.py:2280} INFO - Setting next_dagrun for example_python_operator to None
[2023-09-30 23:39:12,823] {scheduler_job.py:190} INFO - Processing /home/airflow/.local/lib/python3.6/site-packages/airflow/example_dags/example_python_operator.py took 0.285 seconds
[2023-09-30 23:39:43,010] {scheduler_job.py:182} INFO - Started process (PID=378) to work on /home/airflow/.local/lib/python3.6/site-packages/airflow/example_dags/example_python_operator.py
[2023-09-30 23:39:43,020] {scheduler_job.py:629} INFO - Processing file /home/airflow/.local/lib/python3.6/site-packages/airflow/example_dags/example_python_operator.py for tasks to queue
[2023-09-30 23:39:43,026] {logging_mixin.py:104} INFO - [2023-09-30 23:39:43,025] {dagbag.py:451} INFO - Filling up the DagBag from /home/airflow/.local/lib/python3.6/site-packages/airflow/example_dags/example_python_operator.py
[2023-09-30 23:39:43,106] {scheduler_job.py:639} INFO - DAG(s) dict_keys(['example_python_operator']) retrieved from /home/airflow/.local/lib/python3.6/site-packages/airflow/example_dags/example_python_operator.py
[2023-09-30 23:39:43,204] {logging_mixin.py:104} INFO - [2023-09-30 23:39:43,203] {dag.py:1824} INFO - Sync 1 DAGs
[2023-09-30 23:39:43,277] {logging_mixin.py:104} INFO - [2023-09-30 23:39:43,277] {dag.py:2280} INFO - Setting next_dagrun for example_python_operator to None
[2023-09-30 23:39:43,315] {scheduler_job.py:190} INFO - Processing /home/airflow/.local/lib/python3.6/site-packages/airflow/example_dags/example_python_operator.py took 0.318 seconds
[2023-09-30 23:40:15,394] {scheduler_job.py:182} INFO - Started process (PID=432) to work on /home/airflow/.local/lib/python3.6/site-packages/airflow/example_dags/example_python_operator.py
[2023-09-30 23:40:15,403] {scheduler_job.py:629} INFO - Processing file /home/airflow/.local/lib/python3.6/site-packages/airflow/example_dags/example_python_operator.py for tasks to queue
[2023-09-30 23:40:15,412] {logging_mixin.py:104} INFO - [2023-09-30 23:40:15,411] {dagbag.py:451} INFO - Filling up the DagBag from /home/airflow/.local/lib/python3.6/site-packages/airflow/example_dags/example_python_operator.py
[2023-09-30 23:40:15,574] {scheduler_job.py:639} INFO - DAG(s) dict_keys(['example_python_operator']) retrieved from /home/airflow/.local/lib/python3.6/site-packages/airflow/example_dags/example_python_operator.py
[2023-09-30 23:40:15,752] {logging_mixin.py:104} INFO - [2023-09-30 23:40:15,750] {dag.py:1824} INFO - Sync 1 DAGs
[2023-09-30 23:40:15,955] {logging_mixin.py:104} INFO - [2023-09-30 23:40:15,954] {dag.py:2280} INFO - Setting next_dagrun for example_python_operator to None
[2023-09-30 23:40:16,025] {scheduler_job.py:190} INFO - Processing /home/airflow/.local/lib/python3.6/site-packages/airflow/example_dags/example_python_operator.py took 0.663 seconds
[2023-09-30 23:40:46,859] {scheduler_job.py:182} INFO - Started process (PID=484) to work on /home/airflow/.local/lib/python3.6/site-packages/airflow/example_dags/example_python_operator.py
[2023-09-30 23:40:46,879] {scheduler_job.py:629} INFO - Processing file /home/airflow/.local/lib/python3.6/site-packages/airflow/example_dags/example_python_operator.py for tasks to queue
[2023-09-30 23:40:46,891] {logging_mixin.py:104} INFO - [2023-09-30 23:40:46,890] {dagbag.py:451} INFO - Filling up the DagBag from /home/airflow/.local/lib/python3.6/site-packages/airflow/example_dags/example_python_operator.py
[2023-09-30 23:40:47,040] {scheduler_job.py:639} INFO - DAG(s) dict_keys(['example_python_operator']) retrieved from /home/airflow/.local/lib/python3.6/site-packages/airflow/example_dags/example_python_operator.py
[2023-09-30 23:40:47,167] {logging_mixin.py:104} INFO - [2023-09-30 23:40:47,166] {dag.py:1824} INFO - Sync 1 DAGs
[2023-09-30 23:40:47,292] {logging_mixin.py:104} INFO - [2023-09-30 23:40:47,291] {dag.py:2280} INFO - Setting next_dagrun for example_python_operator to None
[2023-09-30 23:40:47,415] {scheduler_job.py:190} INFO - Processing /home/airflow/.local/lib/python3.6/site-packages/airflow/example_dags/example_python_operator.py took 0.585 seconds
[2023-09-30 23:44:43,287] {scheduler_job.py:182} INFO - Started process (PID=73) to work on /home/airflow/.local/lib/python3.6/site-packages/airflow/example_dags/example_python_operator.py
[2023-09-30 23:44:43,304] {scheduler_job.py:629} INFO - Processing file /home/airflow/.local/lib/python3.6/site-packages/airflow/example_dags/example_python_operator.py for tasks to queue
[2023-09-30 23:44:43,340] {logging_mixin.py:104} INFO - [2023-09-30 23:44:43,325] {dagbag.py:451} INFO - Filling up the DagBag from /home/airflow/.local/lib/python3.6/site-packages/airflow/example_dags/example_python_operator.py
[2023-09-30 23:44:43,753] {scheduler_job.py:639} INFO - DAG(s) dict_keys(['example_python_operator']) retrieved from /home/airflow/.local/lib/python3.6/site-packages/airflow/example_dags/example_python_operator.py
[2023-09-30 23:44:44,229] {logging_mixin.py:104} INFO - [2023-09-30 23:44:44,229] {dag.py:1824} INFO - Sync 1 DAGs
[2023-09-30 23:44:44,567] {logging_mixin.py:104} INFO - [2023-09-30 23:44:44,567] {dag.py:2280} INFO - Setting next_dagrun for example_python_operator to None
[2023-09-30 23:44:44,698] {scheduler_job.py:190} INFO - Processing /home/airflow/.local/lib/python3.6/site-packages/airflow/example_dags/example_python_operator.py took 1.469 seconds
[2023-09-30 23:45:14,924] {scheduler_job.py:182} INFO - Started process (PID=125) to work on /home/airflow/.local/lib/python3.6/site-packages/airflow/example_dags/example_python_operator.py
[2023-09-30 23:45:14,939] {scheduler_job.py:629} INFO - Processing file /home/airflow/.local/lib/python3.6/site-packages/airflow/example_dags/example_python_operator.py for tasks to queue
[2023-09-30 23:45:14,952] {logging_mixin.py:104} INFO - [2023-09-30 23:45:14,951] {dagbag.py:451} INFO - Filling up the DagBag from /home/airflow/.local/lib/python3.6/site-packages/airflow/example_dags/example_python_operator.py
[2023-09-30 23:45:15,116] {scheduler_job.py:639} INFO - DAG(s) dict_keys(['example_python_operator']) retrieved from /home/airflow/.local/lib/python3.6/site-packages/airflow/example_dags/example_python_operator.py
[2023-09-30 23:45:15,507] {logging_mixin.py:104} INFO - [2023-09-30 23:45:15,503] {dag.py:1824} INFO - Sync 1 DAGs
[2023-09-30 23:45:15,756] {logging_mixin.py:104} INFO - [2023-09-30 23:45:15,754] {dag.py:2280} INFO - Setting next_dagrun for example_python_operator to None
[2023-09-30 23:45:15,886] {scheduler_job.py:190} INFO - Processing /home/airflow/.local/lib/python3.6/site-packages/airflow/example_dags/example_python_operator.py took 0.983 seconds
[2023-09-30 23:45:46,815] {scheduler_job.py:182} INFO - Started process (PID=177) to work on /home/airflow/.local/lib/python3.6/site-packages/airflow/example_dags/example_python_operator.py
[2023-09-30 23:45:46,822] {scheduler_job.py:629} INFO - Processing file /home/airflow/.local/lib/python3.6/site-packages/airflow/example_dags/example_python_operator.py for tasks to queue
[2023-09-30 23:45:46,829] {logging_mixin.py:104} INFO - [2023-09-30 23:45:46,828] {dagbag.py:451} INFO - Filling up the DagBag from /home/airflow/.local/lib/python3.6/site-packages/airflow/example_dags/example_python_operator.py
[2023-09-30 23:45:47,007] {scheduler_job.py:639} INFO - DAG(s) dict_keys(['example_python_operator']) retrieved from /home/airflow/.local/lib/python3.6/site-packages/airflow/example_dags/example_python_operator.py
[2023-09-30 23:45:47,123] {logging_mixin.py:104} INFO - [2023-09-30 23:45:47,123] {dag.py:1824} INFO - Sync 1 DAGs
[2023-09-30 23:45:47,234] {logging_mixin.py:104} INFO - [2023-09-30 23:45:47,233] {dag.py:2280} INFO - Setting next_dagrun for example_python_operator to None
[2023-09-30 23:45:47,282] {scheduler_job.py:190} INFO - Processing /home/airflow/.local/lib/python3.6/site-packages/airflow/example_dags/example_python_operator.py took 0.537 seconds
[2023-09-30 23:46:18,122] {scheduler_job.py:182} INFO - Started process (PID=231) to work on /home/airflow/.local/lib/python3.6/site-packages/airflow/example_dags/example_python_operator.py
[2023-09-30 23:46:18,130] {scheduler_job.py:629} INFO - Processing file /home/airflow/.local/lib/python3.6/site-packages/airflow/example_dags/example_python_operator.py for tasks to queue
[2023-09-30 23:46:18,142] {logging_mixin.py:104} INFO - [2023-09-30 23:46:18,141] {dagbag.py:451} INFO - Filling up the DagBag from /home/airflow/.local/lib/python3.6/site-packages/airflow/example_dags/example_python_operator.py
[2023-09-30 23:46:18,306] {scheduler_job.py:639} INFO - DAG(s) dict_keys(['example_python_operator']) retrieved from /home/airflow/.local/lib/python3.6/site-packages/airflow/example_dags/example_python_operator.py
[2023-09-30 23:46:18,485] {logging_mixin.py:104} INFO - [2023-09-30 23:46:18,484] {dag.py:1824} INFO - Sync 1 DAGs
[2023-09-30 23:46:18,624] {logging_mixin.py:104} INFO - [2023-09-30 23:46:18,623] {dag.py:2280} INFO - Setting next_dagrun for example_python_operator to None
[2023-09-30 23:46:18,723] {scheduler_job.py:190} INFO - Processing /home/airflow/.local/lib/python3.6/site-packages/airflow/example_dags/example_python_operator.py took 0.647 seconds
[2023-09-30 23:46:49,376] {scheduler_job.py:182} INFO - Started process (PID=283) to work on /home/airflow/.local/lib/python3.6/site-packages/airflow/example_dags/example_python_operator.py
[2023-09-30 23:46:49,391] {scheduler_job.py:629} INFO - Processing file /home/airflow/.local/lib/python3.6/site-packages/airflow/example_dags/example_python_operator.py for tasks to queue
[2023-09-30 23:46:49,398] {logging_mixin.py:104} INFO - [2023-09-30 23:46:49,397] {dagbag.py:451} INFO - Filling up the DagBag from /home/airflow/.local/lib/python3.6/site-packages/airflow/example_dags/example_python_operator.py
[2023-09-30 23:46:49,526] {scheduler_job.py:639} INFO - DAG(s) dict_keys(['example_python_operator']) retrieved from /home/airflow/.local/lib/python3.6/site-packages/airflow/example_dags/example_python_operator.py
[2023-09-30 23:46:49,743] {logging_mixin.py:104} INFO - [2023-09-30 23:46:49,742] {dag.py:1824} INFO - Sync 1 DAGs
[2023-09-30 23:46:49,900] {logging_mixin.py:104} INFO - [2023-09-30 23:46:49,900] {dag.py:2280} INFO - Setting next_dagrun for example_python_operator to None
[2023-09-30 23:46:49,967] {scheduler_job.py:190} INFO - Processing /home/airflow/.local/lib/python3.6/site-packages/airflow/example_dags/example_python_operator.py took 0.611 seconds
[2023-09-30 23:47:20,373] {scheduler_job.py:182} INFO - Started process (PID=335) to work on /home/airflow/.local/lib/python3.6/site-packages/airflow/example_dags/example_python_operator.py
[2023-09-30 23:47:20,387] {scheduler_job.py:629} INFO - Processing file /home/airflow/.local/lib/python3.6/site-packages/airflow/example_dags/example_python_operator.py for tasks to queue
[2023-09-30 23:47:20,397] {logging_mixin.py:104} INFO - [2023-09-30 23:47:20,396] {dagbag.py:451} INFO - Filling up the DagBag from /home/airflow/.local/lib/python3.6/site-packages/airflow/example_dags/example_python_operator.py
[2023-09-30 23:47:20,555] {scheduler_job.py:639} INFO - DAG(s) dict_keys(['example_python_operator']) retrieved from /home/airflow/.local/lib/python3.6/site-packages/airflow/example_dags/example_python_operator.py
[2023-09-30 23:47:20,756] {logging_mixin.py:104} INFO - [2023-09-30 23:47:20,755] {dag.py:1824} INFO - Sync 1 DAGs
[2023-09-30 23:47:20,915] {logging_mixin.py:104} INFO - [2023-09-30 23:47:20,914] {dag.py:2280} INFO - Setting next_dagrun for example_python_operator to None
[2023-09-30 23:47:21,034] {scheduler_job.py:190} INFO - Processing /home/airflow/.local/lib/python3.6/site-packages/airflow/example_dags/example_python_operator.py took 0.690 seconds
[2023-09-30 23:47:51,155] {scheduler_job.py:182} INFO - Started process (PID=387) to work on /home/airflow/.local/lib/python3.6/site-packages/airflow/example_dags/example_python_operator.py
[2023-09-30 23:47:51,162] {scheduler_job.py:629} INFO - Processing file /home/airflow/.local/lib/python3.6/site-packages/airflow/example_dags/example_python_operator.py for tasks to queue
[2023-09-30 23:47:51,167] {logging_mixin.py:104} INFO - [2023-09-30 23:47:51,166] {dagbag.py:451} INFO - Filling up the DagBag from /home/airflow/.local/lib/python3.6/site-packages/airflow/example_dags/example_python_operator.py
[2023-09-30 23:47:51,226] {scheduler_job.py:639} INFO - DAG(s) dict_keys(['example_python_operator']) retrieved from /home/airflow/.local/lib/python3.6/site-packages/airflow/example_dags/example_python_operator.py
[2023-09-30 23:47:51,315] {logging_mixin.py:104} INFO - [2023-09-30 23:47:51,314] {dag.py:1824} INFO - Sync 1 DAGs
[2023-09-30 23:47:51,378] {logging_mixin.py:104} INFO - [2023-09-30 23:47:51,378] {dag.py:2280} INFO - Setting next_dagrun for example_python_operator to None
[2023-09-30 23:47:51,416] {scheduler_job.py:190} INFO - Processing /home/airflow/.local/lib/python3.6/site-packages/airflow/example_dags/example_python_operator.py took 0.271 seconds
[2023-09-30 23:48:21,737] {scheduler_job.py:182} INFO - Started process (PID=439) to work on /home/airflow/.local/lib/python3.6/site-packages/airflow/example_dags/example_python_operator.py
[2023-09-30 23:48:21,742] {scheduler_job.py:629} INFO - Processing file /home/airflow/.local/lib/python3.6/site-packages/airflow/example_dags/example_python_operator.py for tasks to queue
[2023-09-30 23:48:21,747] {logging_mixin.py:104} INFO - [2023-09-30 23:48:21,746] {dagbag.py:451} INFO - Filling up the DagBag from /home/airflow/.local/lib/python3.6/site-packages/airflow/example_dags/example_python_operator.py
[2023-09-30 23:48:21,806] {scheduler_job.py:639} INFO - DAG(s) dict_keys(['example_python_operator']) retrieved from /home/airflow/.local/lib/python3.6/site-packages/airflow/example_dags/example_python_operator.py
[2023-09-30 23:48:21,896] {logging_mixin.py:104} INFO - [2023-09-30 23:48:21,896] {dag.py:1824} INFO - Sync 1 DAGs
[2023-09-30 23:48:21,975] {logging_mixin.py:104} INFO - [2023-09-30 23:48:21,974] {dag.py:2280} INFO - Setting next_dagrun for example_python_operator to None
[2023-09-30 23:48:22,021] {scheduler_job.py:190} INFO - Processing /home/airflow/.local/lib/python3.6/site-packages/airflow/example_dags/example_python_operator.py took 0.297 seconds
[2023-09-30 23:48:52,354] {scheduler_job.py:182} INFO - Started process (PID=491) to work on /home/airflow/.local/lib/python3.6/site-packages/airflow/example_dags/example_python_operator.py
[2023-09-30 23:48:52,363] {scheduler_job.py:629} INFO - Processing file /home/airflow/.local/lib/python3.6/site-packages/airflow/example_dags/example_python_operator.py for tasks to queue
[2023-09-30 23:48:52,367] {logging_mixin.py:104} INFO - [2023-09-30 23:48:52,367] {dagbag.py:451} INFO - Filling up the DagBag from /home/airflow/.local/lib/python3.6/site-packages/airflow/example_dags/example_python_operator.py
[2023-09-30 23:48:52,438] {scheduler_job.py:639} INFO - DAG(s) dict_keys(['example_python_operator']) retrieved from /home/airflow/.local/lib/python3.6/site-packages/airflow/example_dags/example_python_operator.py
[2023-09-30 23:48:52,527] {logging_mixin.py:104} INFO - [2023-09-30 23:48:52,526] {dag.py:1824} INFO - Sync 1 DAGs
[2023-09-30 23:48:52,596] {logging_mixin.py:104} INFO - [2023-09-30 23:48:52,595] {dag.py:2280} INFO - Setting next_dagrun for example_python_operator to None
[2023-09-30 23:48:52,634] {scheduler_job.py:190} INFO - Processing /home/airflow/.local/lib/python3.6/site-packages/airflow/example_dags/example_python_operator.py took 0.293 seconds
[2023-09-30 23:49:23,371] {scheduler_job.py:182} INFO - Started process (PID=543) to work on /home/airflow/.local/lib/python3.6/site-packages/airflow/example_dags/example_python_operator.py
[2023-09-30 23:49:23,377] {scheduler_job.py:629} INFO - Processing file /home/airflow/.local/lib/python3.6/site-packages/airflow/example_dags/example_python_operator.py for tasks to queue
[2023-09-30 23:49:23,382] {logging_mixin.py:104} INFO - [2023-09-30 23:49:23,381] {dagbag.py:451} INFO - Filling up the DagBag from /home/airflow/.local/lib/python3.6/site-packages/airflow/example_dags/example_python_operator.py
[2023-09-30 23:49:23,455] {scheduler_job.py:639} INFO - DAG(s) dict_keys(['example_python_operator']) retrieved from /home/airflow/.local/lib/python3.6/site-packages/airflow/example_dags/example_python_operator.py
[2023-09-30 23:49:23,532] {logging_mixin.py:104} INFO - [2023-09-30 23:49:23,532] {dag.py:1824} INFO - Sync 1 DAGs
[2023-09-30 23:49:23,596] {logging_mixin.py:104} INFO - [2023-09-30 23:49:23,596] {dag.py:2280} INFO - Setting next_dagrun for example_python_operator to None
[2023-09-30 23:49:23,643] {scheduler_job.py:190} INFO - Processing /home/airflow/.local/lib/python3.6/site-packages/airflow/example_dags/example_python_operator.py took 0.282 seconds
[2023-09-30 23:49:53,867] {scheduler_job.py:182} INFO - Started process (PID=595) to work on /home/airflow/.local/lib/python3.6/site-packages/airflow/example_dags/example_python_operator.py
[2023-09-30 23:49:53,873] {scheduler_job.py:629} INFO - Processing file /home/airflow/.local/lib/python3.6/site-packages/airflow/example_dags/example_python_operator.py for tasks to queue
[2023-09-30 23:49:53,877] {logging_mixin.py:104} INFO - [2023-09-30 23:49:53,877] {dagbag.py:451} INFO - Filling up the DagBag from /home/airflow/.local/lib/python3.6/site-packages/airflow/example_dags/example_python_operator.py
[2023-09-30 23:49:53,943] {scheduler_job.py:639} INFO - DAG(s) dict_keys(['example_python_operator']) retrieved from /home/airflow/.local/lib/python3.6/site-packages/airflow/example_dags/example_python_operator.py
[2023-09-30 23:49:54,017] {logging_mixin.py:104} INFO - [2023-09-30 23:49:54,016] {dag.py:1824} INFO - Sync 1 DAGs
[2023-09-30 23:49:54,082] {logging_mixin.py:104} INFO - [2023-09-30 23:49:54,082] {dag.py:2280} INFO - Setting next_dagrun for example_python_operator to None
[2023-09-30 23:49:54,122] {scheduler_job.py:190} INFO - Processing /home/airflow/.local/lib/python3.6/site-packages/airflow/example_dags/example_python_operator.py took 0.267 seconds
[2023-09-30 23:50:24,345] {scheduler_job.py:182} INFO - Started process (PID=647) to work on /home/airflow/.local/lib/python3.6/site-packages/airflow/example_dags/example_python_operator.py
[2023-09-30 23:50:24,351] {scheduler_job.py:629} INFO - Processing file /home/airflow/.local/lib/python3.6/site-packages/airflow/example_dags/example_python_operator.py for tasks to queue
[2023-09-30 23:50:24,354] {logging_mixin.py:104} INFO - [2023-09-30 23:50:24,354] {dagbag.py:451} INFO - Filling up the DagBag from /home/airflow/.local/lib/python3.6/site-packages/airflow/example_dags/example_python_operator.py
[2023-09-30 23:50:24,423] {scheduler_job.py:639} INFO - DAG(s) dict_keys(['example_python_operator']) retrieved from /home/airflow/.local/lib/python3.6/site-packages/airflow/example_dags/example_python_operator.py
[2023-09-30 23:50:24,519] {logging_mixin.py:104} INFO - [2023-09-30 23:50:24,518] {dag.py:1824} INFO - Sync 1 DAGs
[2023-09-30 23:50:24,599] {logging_mixin.py:104} INFO - [2023-09-30 23:50:24,598] {dag.py:2280} INFO - Setting next_dagrun for example_python_operator to None
[2023-09-30 23:50:24,641] {scheduler_job.py:190} INFO - Processing /home/airflow/.local/lib/python3.6/site-packages/airflow/example_dags/example_python_operator.py took 0.307 seconds
[2023-09-30 23:50:54,770] {scheduler_job.py:182} INFO - Started process (PID=699) to work on /home/airflow/.local/lib/python3.6/site-packages/airflow/example_dags/example_python_operator.py
[2023-09-30 23:50:54,778] {scheduler_job.py:629} INFO - Processing file /home/airflow/.local/lib/python3.6/site-packages/airflow/example_dags/example_python_operator.py for tasks to queue
[2023-09-30 23:50:54,782] {logging_mixin.py:104} INFO - [2023-09-30 23:50:54,781] {dagbag.py:451} INFO - Filling up the DagBag from /home/airflow/.local/lib/python3.6/site-packages/airflow/example_dags/example_python_operator.py
[2023-09-30 23:50:54,854] {scheduler_job.py:639} INFO - DAG(s) dict_keys(['example_python_operator']) retrieved from /home/airflow/.local/lib/python3.6/site-packages/airflow/example_dags/example_python_operator.py
[2023-09-30 23:50:54,934] {logging_mixin.py:104} INFO - [2023-09-30 23:50:54,934] {dag.py:1824} INFO - Sync 1 DAGs
[2023-09-30 23:50:55,004] {logging_mixin.py:104} INFO - [2023-09-30 23:50:55,003] {dag.py:2280} INFO - Setting next_dagrun for example_python_operator to None
[2023-09-30 23:50:55,044] {scheduler_job.py:190} INFO - Processing /home/airflow/.local/lib/python3.6/site-packages/airflow/example_dags/example_python_operator.py took 0.286 seconds
