[2023-09-30 23:33:49,183] {scheduler_job.py:182} INFO - Started process (PID=73) to work on /home/airflow/.local/lib/python3.6/site-packages/airflow/example_dags/example_skip_dag.py
[2023-09-30 23:33:49,200] {scheduler_job.py:629} INFO - Processing file /home/airflow/.local/lib/python3.6/site-packages/airflow/example_dags/example_skip_dag.py for tasks to queue
[2023-09-30 23:33:49,221] {logging_mixin.py:104} INFO - [2023-09-30 23:33:49,220] {dagbag.py:451} INFO - Filling up the DagBag from /home/airflow/.local/lib/python3.6/site-packages/airflow/example_dags/example_skip_dag.py
[2023-09-30 23:33:49,606] {scheduler_job.py:639} INFO - DAG(s) dict_keys(['example_skip_dag']) retrieved from /home/airflow/.local/lib/python3.6/site-packages/airflow/example_dags/example_skip_dag.py
[2023-09-30 23:33:50,241] {logging_mixin.py:104} INFO - [2023-09-30 23:33:50,238] {dag.py:1824} INFO - Sync 1 DAGs
[2023-09-30 23:33:50,578] {logging_mixin.py:104} INFO - [2023-09-30 23:33:50,577] {dag.py:1843} INFO - Creating ORM DAG for example_skip_dag
[2023-09-30 23:33:50,679] {logging_mixin.py:104} INFO - [2023-09-30 23:33:50,678] {dag.py:2280} INFO - Setting next_dagrun for example_skip_dag to 2023-09-28 00:00:00+00:00
[2023-09-30 23:33:50,893] {scheduler_job.py:190} INFO - Processing /home/airflow/.local/lib/python3.6/site-packages/airflow/example_dags/example_skip_dag.py took 1.785 seconds
[2023-09-30 23:34:20,996] {scheduler_job.py:182} INFO - Started process (PID=123) to work on /home/airflow/.local/lib/python3.6/site-packages/airflow/example_dags/example_skip_dag.py
[2023-09-30 23:34:21,002] {scheduler_job.py:629} INFO - Processing file /home/airflow/.local/lib/python3.6/site-packages/airflow/example_dags/example_skip_dag.py for tasks to queue
[2023-09-30 23:34:21,006] {logging_mixin.py:104} INFO - [2023-09-30 23:34:21,006] {dagbag.py:451} INFO - Filling up the DagBag from /home/airflow/.local/lib/python3.6/site-packages/airflow/example_dags/example_skip_dag.py
[2023-09-30 23:34:21,063] {scheduler_job.py:639} INFO - DAG(s) dict_keys(['example_skip_dag']) retrieved from /home/airflow/.local/lib/python3.6/site-packages/airflow/example_dags/example_skip_dag.py
[2023-09-30 23:34:21,150] {logging_mixin.py:104} INFO - [2023-09-30 23:34:21,149] {dag.py:1824} INFO - Sync 1 DAGs
[2023-09-30 23:34:21,246] {logging_mixin.py:104} INFO - [2023-09-30 23:34:21,245] {dag.py:2280} INFO - Setting next_dagrun for example_skip_dag to 2023-09-28 00:00:00+00:00
[2023-09-30 23:34:21,297] {scheduler_job.py:190} INFO - Processing /home/airflow/.local/lib/python3.6/site-packages/airflow/example_dags/example_skip_dag.py took 0.312 seconds
[2023-09-30 23:34:51,572] {scheduler_job.py:182} INFO - Started process (PID=175) to work on /home/airflow/.local/lib/python3.6/site-packages/airflow/example_dags/example_skip_dag.py
[2023-09-30 23:34:51,580] {scheduler_job.py:629} INFO - Processing file /home/airflow/.local/lib/python3.6/site-packages/airflow/example_dags/example_skip_dag.py for tasks to queue
[2023-09-30 23:34:51,586] {logging_mixin.py:104} INFO - [2023-09-30 23:34:51,585] {dagbag.py:451} INFO - Filling up the DagBag from /home/airflow/.local/lib/python3.6/site-packages/airflow/example_dags/example_skip_dag.py
[2023-09-30 23:34:51,655] {scheduler_job.py:639} INFO - DAG(s) dict_keys(['example_skip_dag']) retrieved from /home/airflow/.local/lib/python3.6/site-packages/airflow/example_dags/example_skip_dag.py
[2023-09-30 23:34:51,755] {logging_mixin.py:104} INFO - [2023-09-30 23:34:51,754] {dag.py:1824} INFO - Sync 1 DAGs
[2023-09-30 23:34:51,861] {logging_mixin.py:104} INFO - [2023-09-30 23:34:51,859] {dag.py:2280} INFO - Setting next_dagrun for example_skip_dag to 2023-09-28 00:00:00+00:00
[2023-09-30 23:34:51,918] {scheduler_job.py:190} INFO - Processing /home/airflow/.local/lib/python3.6/site-packages/airflow/example_dags/example_skip_dag.py took 0.356 seconds
[2023-09-30 23:35:22,219] {scheduler_job.py:182} INFO - Started process (PID=227) to work on /home/airflow/.local/lib/python3.6/site-packages/airflow/example_dags/example_skip_dag.py
[2023-09-30 23:35:22,229] {scheduler_job.py:629} INFO - Processing file /home/airflow/.local/lib/python3.6/site-packages/airflow/example_dags/example_skip_dag.py for tasks to queue
[2023-09-30 23:35:22,240] {logging_mixin.py:104} INFO - [2023-09-30 23:35:22,239] {dagbag.py:451} INFO - Filling up the DagBag from /home/airflow/.local/lib/python3.6/site-packages/airflow/example_dags/example_skip_dag.py
[2023-09-30 23:35:22,330] {scheduler_job.py:639} INFO - DAG(s) dict_keys(['example_skip_dag']) retrieved from /home/airflow/.local/lib/python3.6/site-packages/airflow/example_dags/example_skip_dag.py
[2023-09-30 23:35:22,469] {logging_mixin.py:104} INFO - [2023-09-30 23:35:22,468] {dag.py:1824} INFO - Sync 1 DAGs
[2023-09-30 23:35:22,652] {logging_mixin.py:104} INFO - [2023-09-30 23:35:22,650] {dag.py:2280} INFO - Setting next_dagrun for example_skip_dag to 2023-09-28 00:00:00+00:00
[2023-09-30 23:35:22,723] {scheduler_job.py:190} INFO - Processing /home/airflow/.local/lib/python3.6/site-packages/airflow/example_dags/example_skip_dag.py took 0.523 seconds
[2023-09-30 23:35:53,007] {scheduler_job.py:182} INFO - Started process (PID=279) to work on /home/airflow/.local/lib/python3.6/site-packages/airflow/example_dags/example_skip_dag.py
[2023-09-30 23:35:53,023] {scheduler_job.py:629} INFO - Processing file /home/airflow/.local/lib/python3.6/site-packages/airflow/example_dags/example_skip_dag.py for tasks to queue
[2023-09-30 23:35:53,030] {logging_mixin.py:104} INFO - [2023-09-30 23:35:53,029] {dagbag.py:451} INFO - Filling up the DagBag from /home/airflow/.local/lib/python3.6/site-packages/airflow/example_dags/example_skip_dag.py
[2023-09-30 23:35:53,124] {scheduler_job.py:639} INFO - DAG(s) dict_keys(['example_skip_dag']) retrieved from /home/airflow/.local/lib/python3.6/site-packages/airflow/example_dags/example_skip_dag.py
[2023-09-30 23:35:53,246] {logging_mixin.py:104} INFO - [2023-09-30 23:35:53,245] {dag.py:1824} INFO - Sync 1 DAGs
[2023-09-30 23:35:53,348] {logging_mixin.py:104} INFO - [2023-09-30 23:35:53,347] {dag.py:2280} INFO - Setting next_dagrun for example_skip_dag to 2023-09-28 00:00:00+00:00
[2023-09-30 23:35:53,400] {scheduler_job.py:190} INFO - Processing /home/airflow/.local/lib/python3.6/site-packages/airflow/example_dags/example_skip_dag.py took 0.430 seconds
[2023-09-30 23:36:23,891] {scheduler_job.py:182} INFO - Started process (PID=331) to work on /home/airflow/.local/lib/python3.6/site-packages/airflow/example_dags/example_skip_dag.py
[2023-09-30 23:36:23,905] {scheduler_job.py:629} INFO - Processing file /home/airflow/.local/lib/python3.6/site-packages/airflow/example_dags/example_skip_dag.py for tasks to queue
[2023-09-30 23:36:23,914] {logging_mixin.py:104} INFO - [2023-09-30 23:36:23,912] {dagbag.py:451} INFO - Filling up the DagBag from /home/airflow/.local/lib/python3.6/site-packages/airflow/example_dags/example_skip_dag.py
[2023-09-30 23:36:24,033] {scheduler_job.py:639} INFO - DAG(s) dict_keys(['example_skip_dag']) retrieved from /home/airflow/.local/lib/python3.6/site-packages/airflow/example_dags/example_skip_dag.py
[2023-09-30 23:36:24,234] {logging_mixin.py:104} INFO - [2023-09-30 23:36:24,233] {dag.py:1824} INFO - Sync 1 DAGs
[2023-09-30 23:36:24,449] {logging_mixin.py:104} INFO - [2023-09-30 23:36:24,447] {dag.py:2280} INFO - Setting next_dagrun for example_skip_dag to 2023-09-28 00:00:00+00:00
[2023-09-30 23:36:24,556] {scheduler_job.py:190} INFO - Processing /home/airflow/.local/lib/python3.6/site-packages/airflow/example_dags/example_skip_dag.py took 0.687 seconds
[2023-09-30 23:37:04,524] {scheduler_job.py:182} INFO - Started process (PID=94) to work on /home/airflow/.local/lib/python3.6/site-packages/airflow/example_dags/example_skip_dag.py
[2023-09-30 23:37:04,535] {scheduler_job.py:629} INFO - Processing file /home/airflow/.local/lib/python3.6/site-packages/airflow/example_dags/example_skip_dag.py for tasks to queue
[2023-09-30 23:37:04,543] {logging_mixin.py:104} INFO - [2023-09-30 23:37:04,541] {dagbag.py:451} INFO - Filling up the DagBag from /home/airflow/.local/lib/python3.6/site-packages/airflow/example_dags/example_skip_dag.py
[2023-09-30 23:37:04,678] {scheduler_job.py:639} INFO - DAG(s) dict_keys(['example_skip_dag']) retrieved from /home/airflow/.local/lib/python3.6/site-packages/airflow/example_dags/example_skip_dag.py
[2023-09-30 23:37:04,842] {logging_mixin.py:104} INFO - [2023-09-30 23:37:04,839] {dag.py:1824} INFO - Sync 1 DAGs
[2023-09-30 23:37:05,021] {logging_mixin.py:104} INFO - [2023-09-30 23:37:05,012] {dag.py:2280} INFO - Setting next_dagrun for example_skip_dag to 2023-09-28 00:00:00+00:00
[2023-09-30 23:37:05,316] {scheduler_job.py:190} INFO - Processing /home/airflow/.local/lib/python3.6/site-packages/airflow/example_dags/example_skip_dag.py took 0.813 seconds
[2023-09-30 23:37:36,273] {scheduler_job.py:182} INFO - Started process (PID=148) to work on /home/airflow/.local/lib/python3.6/site-packages/airflow/example_dags/example_skip_dag.py
[2023-09-30 23:37:36,280] {scheduler_job.py:629} INFO - Processing file /home/airflow/.local/lib/python3.6/site-packages/airflow/example_dags/example_skip_dag.py for tasks to queue
[2023-09-30 23:37:36,286] {logging_mixin.py:104} INFO - [2023-09-30 23:37:36,285] {dagbag.py:451} INFO - Filling up the DagBag from /home/airflow/.local/lib/python3.6/site-packages/airflow/example_dags/example_skip_dag.py
[2023-09-30 23:37:36,352] {scheduler_job.py:639} INFO - DAG(s) dict_keys(['example_skip_dag']) retrieved from /home/airflow/.local/lib/python3.6/site-packages/airflow/example_dags/example_skip_dag.py
[2023-09-30 23:37:36,445] {logging_mixin.py:104} INFO - [2023-09-30 23:37:36,445] {dag.py:1824} INFO - Sync 1 DAGs
[2023-09-30 23:37:36,538] {logging_mixin.py:104} INFO - [2023-09-30 23:37:36,537] {dag.py:2280} INFO - Setting next_dagrun for example_skip_dag to 2023-09-28 00:00:00+00:00
[2023-09-30 23:37:36,624] {scheduler_job.py:190} INFO - Processing /home/airflow/.local/lib/python3.6/site-packages/airflow/example_dags/example_skip_dag.py took 0.364 seconds
[2023-09-30 23:38:07,075] {scheduler_job.py:182} INFO - Started process (PID=200) to work on /home/airflow/.local/lib/python3.6/site-packages/airflow/example_dags/example_skip_dag.py
[2023-09-30 23:38:07,083] {scheduler_job.py:629} INFO - Processing file /home/airflow/.local/lib/python3.6/site-packages/airflow/example_dags/example_skip_dag.py for tasks to queue
[2023-09-30 23:38:07,089] {logging_mixin.py:104} INFO - [2023-09-30 23:38:07,088] {dagbag.py:451} INFO - Filling up the DagBag from /home/airflow/.local/lib/python3.6/site-packages/airflow/example_dags/example_skip_dag.py
[2023-09-30 23:38:07,156] {scheduler_job.py:639} INFO - DAG(s) dict_keys(['example_skip_dag']) retrieved from /home/airflow/.local/lib/python3.6/site-packages/airflow/example_dags/example_skip_dag.py
[2023-09-30 23:38:07,262] {logging_mixin.py:104} INFO - [2023-09-30 23:38:07,262] {dag.py:1824} INFO - Sync 1 DAGs
[2023-09-30 23:38:07,362] {logging_mixin.py:104} INFO - [2023-09-30 23:38:07,361] {dag.py:2280} INFO - Setting next_dagrun for example_skip_dag to 2023-09-28 00:00:00+00:00
[2023-09-30 23:38:07,417] {scheduler_job.py:190} INFO - Processing /home/airflow/.local/lib/python3.6/site-packages/airflow/example_dags/example_skip_dag.py took 0.354 seconds
[2023-09-30 23:38:37,882] {scheduler_job.py:182} INFO - Started process (PID=250) to work on /home/airflow/.local/lib/python3.6/site-packages/airflow/example_dags/example_skip_dag.py
[2023-09-30 23:38:37,891] {scheduler_job.py:629} INFO - Processing file /home/airflow/.local/lib/python3.6/site-packages/airflow/example_dags/example_skip_dag.py for tasks to queue
[2023-09-30 23:38:37,898] {logging_mixin.py:104} INFO - [2023-09-30 23:38:37,897] {dagbag.py:451} INFO - Filling up the DagBag from /home/airflow/.local/lib/python3.6/site-packages/airflow/example_dags/example_skip_dag.py
[2023-09-30 23:38:38,002] {scheduler_job.py:639} INFO - DAG(s) dict_keys(['example_skip_dag']) retrieved from /home/airflow/.local/lib/python3.6/site-packages/airflow/example_dags/example_skip_dag.py
[2023-09-30 23:38:38,171] {logging_mixin.py:104} INFO - [2023-09-30 23:38:38,170] {dag.py:1824} INFO - Sync 1 DAGs
[2023-09-30 23:38:38,282] {logging_mixin.py:104} INFO - [2023-09-30 23:38:38,281] {dag.py:2280} INFO - Setting next_dagrun for example_skip_dag to 2023-09-28 00:00:00+00:00
[2023-09-30 23:38:38,347] {scheduler_job.py:190} INFO - Processing /home/airflow/.local/lib/python3.6/site-packages/airflow/example_dags/example_skip_dag.py took 0.478 seconds
[2023-09-30 23:39:09,161] {scheduler_job.py:182} INFO - Started process (PID=302) to work on /home/airflow/.local/lib/python3.6/site-packages/airflow/example_dags/example_skip_dag.py
[2023-09-30 23:39:09,171] {scheduler_job.py:629} INFO - Processing file /home/airflow/.local/lib/python3.6/site-packages/airflow/example_dags/example_skip_dag.py for tasks to queue
[2023-09-30 23:39:09,177] {logging_mixin.py:104} INFO - [2023-09-30 23:39:09,176] {dagbag.py:451} INFO - Filling up the DagBag from /home/airflow/.local/lib/python3.6/site-packages/airflow/example_dags/example_skip_dag.py
[2023-09-30 23:39:09,274] {scheduler_job.py:639} INFO - DAG(s) dict_keys(['example_skip_dag']) retrieved from /home/airflow/.local/lib/python3.6/site-packages/airflow/example_dags/example_skip_dag.py
[2023-09-30 23:39:09,425] {logging_mixin.py:104} INFO - [2023-09-30 23:39:09,424] {dag.py:1824} INFO - Sync 1 DAGs
[2023-09-30 23:39:09,520] {logging_mixin.py:104} INFO - [2023-09-30 23:39:09,519] {dag.py:2280} INFO - Setting next_dagrun for example_skip_dag to 2023-09-28 00:00:00+00:00
[2023-09-30 23:39:09,568] {scheduler_job.py:190} INFO - Processing /home/airflow/.local/lib/python3.6/site-packages/airflow/example_dags/example_skip_dag.py took 0.427 seconds
[2023-09-30 23:39:39,860] {scheduler_job.py:182} INFO - Started process (PID=354) to work on /home/airflow/.local/lib/python3.6/site-packages/airflow/example_dags/example_skip_dag.py
[2023-09-30 23:39:39,868] {scheduler_job.py:629} INFO - Processing file /home/airflow/.local/lib/python3.6/site-packages/airflow/example_dags/example_skip_dag.py for tasks to queue
[2023-09-30 23:39:39,873] {logging_mixin.py:104} INFO - [2023-09-30 23:39:39,872] {dagbag.py:451} INFO - Filling up the DagBag from /home/airflow/.local/lib/python3.6/site-packages/airflow/example_dags/example_skip_dag.py
[2023-09-30 23:39:39,931] {scheduler_job.py:639} INFO - DAG(s) dict_keys(['example_skip_dag']) retrieved from /home/airflow/.local/lib/python3.6/site-packages/airflow/example_dags/example_skip_dag.py
[2023-09-30 23:39:40,033] {logging_mixin.py:104} INFO - [2023-09-30 23:39:40,033] {dag.py:1824} INFO - Sync 1 DAGs
[2023-09-30 23:39:40,133] {logging_mixin.py:104} INFO - [2023-09-30 23:39:40,132] {dag.py:2280} INFO - Setting next_dagrun for example_skip_dag to 2023-09-28 00:00:00+00:00
[2023-09-30 23:39:40,180] {scheduler_job.py:190} INFO - Processing /home/airflow/.local/lib/python3.6/site-packages/airflow/example_dags/example_skip_dag.py took 0.330 seconds
[2023-09-30 23:40:11,177] {scheduler_job.py:182} INFO - Started process (PID=408) to work on /home/airflow/.local/lib/python3.6/site-packages/airflow/example_dags/example_skip_dag.py
[2023-09-30 23:40:11,183] {scheduler_job.py:629} INFO - Processing file /home/airflow/.local/lib/python3.6/site-packages/airflow/example_dags/example_skip_dag.py for tasks to queue
[2023-09-30 23:40:11,191] {logging_mixin.py:104} INFO - [2023-09-30 23:40:11,191] {dagbag.py:451} INFO - Filling up the DagBag from /home/airflow/.local/lib/python3.6/site-packages/airflow/example_dags/example_skip_dag.py
[2023-09-30 23:40:11,289] {scheduler_job.py:639} INFO - DAG(s) dict_keys(['example_skip_dag']) retrieved from /home/airflow/.local/lib/python3.6/site-packages/airflow/example_dags/example_skip_dag.py
[2023-09-30 23:40:11,400] {logging_mixin.py:104} INFO - [2023-09-30 23:40:11,399] {dag.py:1824} INFO - Sync 1 DAGs
[2023-09-30 23:40:11,534] {logging_mixin.py:104} INFO - [2023-09-30 23:40:11,533] {dag.py:2280} INFO - Setting next_dagrun for example_skip_dag to 2023-09-28 00:00:00+00:00
[2023-09-30 23:40:11,639] {scheduler_job.py:190} INFO - Processing /home/airflow/.local/lib/python3.6/site-packages/airflow/example_dags/example_skip_dag.py took 0.484 seconds
[2023-09-30 23:40:41,917] {scheduler_job.py:182} INFO - Started process (PID=460) to work on /home/airflow/.local/lib/python3.6/site-packages/airflow/example_dags/example_skip_dag.py
[2023-09-30 23:40:41,925] {scheduler_job.py:629} INFO - Processing file /home/airflow/.local/lib/python3.6/site-packages/airflow/example_dags/example_skip_dag.py for tasks to queue
[2023-09-30 23:40:41,939] {logging_mixin.py:104} INFO - [2023-09-30 23:40:41,939] {dagbag.py:451} INFO - Filling up the DagBag from /home/airflow/.local/lib/python3.6/site-packages/airflow/example_dags/example_skip_dag.py
[2023-09-30 23:40:42,043] {scheduler_job.py:639} INFO - DAG(s) dict_keys(['example_skip_dag']) retrieved from /home/airflow/.local/lib/python3.6/site-packages/airflow/example_dags/example_skip_dag.py
[2023-09-30 23:40:42,217] {logging_mixin.py:104} INFO - [2023-09-30 23:40:42,217] {dag.py:1824} INFO - Sync 1 DAGs
[2023-09-30 23:40:42,342] {logging_mixin.py:104} INFO - [2023-09-30 23:40:42,341] {dag.py:2280} INFO - Setting next_dagrun for example_skip_dag to 2023-09-28 00:00:00+00:00
[2023-09-30 23:40:42,409] {scheduler_job.py:190} INFO - Processing /home/airflow/.local/lib/python3.6/site-packages/airflow/example_dags/example_skip_dag.py took 0.513 seconds
[2023-09-30 23:44:39,359] {scheduler_job.py:182} INFO - Started process (PID=65) to work on /home/airflow/.local/lib/python3.6/site-packages/airflow/example_dags/example_skip_dag.py
[2023-09-30 23:44:39,377] {scheduler_job.py:629} INFO - Processing file /home/airflow/.local/lib/python3.6/site-packages/airflow/example_dags/example_skip_dag.py for tasks to queue
[2023-09-30 23:44:39,397] {logging_mixin.py:104} INFO - [2023-09-30 23:44:39,396] {dagbag.py:451} INFO - Filling up the DagBag from /home/airflow/.local/lib/python3.6/site-packages/airflow/example_dags/example_skip_dag.py
[2023-09-30 23:44:39,973] {scheduler_job.py:639} INFO - DAG(s) dict_keys(['example_skip_dag']) retrieved from /home/airflow/.local/lib/python3.6/site-packages/airflow/example_dags/example_skip_dag.py
[2023-09-30 23:44:40,583] {logging_mixin.py:104} INFO - [2023-09-30 23:44:40,582] {dag.py:1824} INFO - Sync 1 DAGs
[2023-09-30 23:44:41,008] {logging_mixin.py:104} INFO - [2023-09-30 23:44:41,002] {dag.py:2280} INFO - Setting next_dagrun for example_skip_dag to 2023-09-28 00:00:00+00:00
[2023-09-30 23:44:41,207] {scheduler_job.py:190} INFO - Processing /home/airflow/.local/lib/python3.6/site-packages/airflow/example_dags/example_skip_dag.py took 1.928 seconds
[2023-09-30 23:45:12,002] {scheduler_job.py:182} INFO - Started process (PID=119) to work on /home/airflow/.local/lib/python3.6/site-packages/airflow/example_dags/example_skip_dag.py
[2023-09-30 23:45:12,014] {scheduler_job.py:629} INFO - Processing file /home/airflow/.local/lib/python3.6/site-packages/airflow/example_dags/example_skip_dag.py for tasks to queue
[2023-09-30 23:45:12,023] {logging_mixin.py:104} INFO - [2023-09-30 23:45:12,022] {dagbag.py:451} INFO - Filling up the DagBag from /home/airflow/.local/lib/python3.6/site-packages/airflow/example_dags/example_skip_dag.py
[2023-09-30 23:45:12,122] {scheduler_job.py:639} INFO - DAG(s) dict_keys(['example_skip_dag']) retrieved from /home/airflow/.local/lib/python3.6/site-packages/airflow/example_dags/example_skip_dag.py
[2023-09-30 23:45:12,240] {logging_mixin.py:104} INFO - [2023-09-30 23:45:12,239] {dag.py:1824} INFO - Sync 1 DAGs
[2023-09-30 23:45:12,338] {logging_mixin.py:104} INFO - [2023-09-30 23:45:12,337] {dag.py:2280} INFO - Setting next_dagrun for example_skip_dag to 2023-09-28 00:00:00+00:00
[2023-09-30 23:45:12,386] {scheduler_job.py:190} INFO - Processing /home/airflow/.local/lib/python3.6/site-packages/airflow/example_dags/example_skip_dag.py took 0.409 seconds
[2023-09-30 23:45:42,525] {scheduler_job.py:182} INFO - Started process (PID=171) to work on /home/airflow/.local/lib/python3.6/site-packages/airflow/example_dags/example_skip_dag.py
[2023-09-30 23:45:42,532] {scheduler_job.py:629} INFO - Processing file /home/airflow/.local/lib/python3.6/site-packages/airflow/example_dags/example_skip_dag.py for tasks to queue
[2023-09-30 23:45:42,540] {logging_mixin.py:104} INFO - [2023-09-30 23:45:42,539] {dagbag.py:451} INFO - Filling up the DagBag from /home/airflow/.local/lib/python3.6/site-packages/airflow/example_dags/example_skip_dag.py
[2023-09-30 23:45:42,617] {scheduler_job.py:639} INFO - DAG(s) dict_keys(['example_skip_dag']) retrieved from /home/airflow/.local/lib/python3.6/site-packages/airflow/example_dags/example_skip_dag.py
[2023-09-30 23:45:42,773] {logging_mixin.py:104} INFO - [2023-09-30 23:45:42,772] {dag.py:1824} INFO - Sync 1 DAGs
[2023-09-30 23:45:42,935] {logging_mixin.py:104} INFO - [2023-09-30 23:45:42,934] {dag.py:2280} INFO - Setting next_dagrun for example_skip_dag to 2023-09-28 00:00:00+00:00
[2023-09-30 23:45:43,084] {scheduler_job.py:190} INFO - Processing /home/airflow/.local/lib/python3.6/site-packages/airflow/example_dags/example_skip_dag.py took 0.573 seconds
[2023-09-30 23:46:14,077] {scheduler_job.py:182} INFO - Started process (PID=223) to work on /home/airflow/.local/lib/python3.6/site-packages/airflow/example_dags/example_skip_dag.py
[2023-09-30 23:46:14,099] {scheduler_job.py:629} INFO - Processing file /home/airflow/.local/lib/python3.6/site-packages/airflow/example_dags/example_skip_dag.py for tasks to queue
[2023-09-30 23:46:14,117] {logging_mixin.py:104} INFO - [2023-09-30 23:46:14,116] {dagbag.py:451} INFO - Filling up the DagBag from /home/airflow/.local/lib/python3.6/site-packages/airflow/example_dags/example_skip_dag.py
[2023-09-30 23:46:14,360] {scheduler_job.py:639} INFO - DAG(s) dict_keys(['example_skip_dag']) retrieved from /home/airflow/.local/lib/python3.6/site-packages/airflow/example_dags/example_skip_dag.py
[2023-09-30 23:46:14,599] {logging_mixin.py:104} INFO - [2023-09-30 23:46:14,597] {dag.py:1824} INFO - Sync 1 DAGs
[2023-09-30 23:46:14,903] {logging_mixin.py:104} INFO - [2023-09-30 23:46:14,896] {dag.py:2280} INFO - Setting next_dagrun for example_skip_dag to 2023-09-28 00:00:00+00:00
[2023-09-30 23:46:15,100] {scheduler_job.py:190} INFO - Processing /home/airflow/.local/lib/python3.6/site-packages/airflow/example_dags/example_skip_dag.py took 1.070 seconds
[2023-09-30 23:46:45,458] {scheduler_job.py:182} INFO - Started process (PID=275) to work on /home/airflow/.local/lib/python3.6/site-packages/airflow/example_dags/example_skip_dag.py
[2023-09-30 23:46:45,469] {scheduler_job.py:629} INFO - Processing file /home/airflow/.local/lib/python3.6/site-packages/airflow/example_dags/example_skip_dag.py for tasks to queue
[2023-09-30 23:46:45,478] {logging_mixin.py:104} INFO - [2023-09-30 23:46:45,477] {dagbag.py:451} INFO - Filling up the DagBag from /home/airflow/.local/lib/python3.6/site-packages/airflow/example_dags/example_skip_dag.py
[2023-09-30 23:46:45,590] {scheduler_job.py:639} INFO - DAG(s) dict_keys(['example_skip_dag']) retrieved from /home/airflow/.local/lib/python3.6/site-packages/airflow/example_dags/example_skip_dag.py
[2023-09-30 23:46:45,738] {logging_mixin.py:104} INFO - [2023-09-30 23:46:45,737] {dag.py:1824} INFO - Sync 1 DAGs
[2023-09-30 23:46:45,896] {logging_mixin.py:104} INFO - [2023-09-30 23:46:45,895] {dag.py:2280} INFO - Setting next_dagrun for example_skip_dag to 2023-09-28 00:00:00+00:00
[2023-09-30 23:46:45,980] {scheduler_job.py:190} INFO - Processing /home/airflow/.local/lib/python3.6/site-packages/airflow/example_dags/example_skip_dag.py took 0.548 seconds
[2023-09-30 23:47:16,468] {scheduler_job.py:182} INFO - Started process (PID=327) to work on /home/airflow/.local/lib/python3.6/site-packages/airflow/example_dags/example_skip_dag.py
[2023-09-30 23:47:16,479] {scheduler_job.py:629} INFO - Processing file /home/airflow/.local/lib/python3.6/site-packages/airflow/example_dags/example_skip_dag.py for tasks to queue
[2023-09-30 23:47:16,487] {logging_mixin.py:104} INFO - [2023-09-30 23:47:16,486] {dagbag.py:451} INFO - Filling up the DagBag from /home/airflow/.local/lib/python3.6/site-packages/airflow/example_dags/example_skip_dag.py
[2023-09-30 23:47:16,569] {scheduler_job.py:639} INFO - DAG(s) dict_keys(['example_skip_dag']) retrieved from /home/airflow/.local/lib/python3.6/site-packages/airflow/example_dags/example_skip_dag.py
[2023-09-30 23:47:16,675] {logging_mixin.py:104} INFO - [2023-09-30 23:47:16,674] {dag.py:1824} INFO - Sync 1 DAGs
[2023-09-30 23:47:16,780] {logging_mixin.py:104} INFO - [2023-09-30 23:47:16,779] {dag.py:2280} INFO - Setting next_dagrun for example_skip_dag to 2023-09-28 00:00:00+00:00
[2023-09-30 23:47:16,828] {scheduler_job.py:190} INFO - Processing /home/airflow/.local/lib/python3.6/site-packages/airflow/example_dags/example_skip_dag.py took 0.377 seconds
[2023-09-30 23:47:47,422] {scheduler_job.py:182} INFO - Started process (PID=379) to work on /home/airflow/.local/lib/python3.6/site-packages/airflow/example_dags/example_skip_dag.py
[2023-09-30 23:47:47,429] {scheduler_job.py:629} INFO - Processing file /home/airflow/.local/lib/python3.6/site-packages/airflow/example_dags/example_skip_dag.py for tasks to queue
[2023-09-30 23:47:47,433] {logging_mixin.py:104} INFO - [2023-09-30 23:47:47,433] {dagbag.py:451} INFO - Filling up the DagBag from /home/airflow/.local/lib/python3.6/site-packages/airflow/example_dags/example_skip_dag.py
[2023-09-30 23:47:47,490] {scheduler_job.py:639} INFO - DAG(s) dict_keys(['example_skip_dag']) retrieved from /home/airflow/.local/lib/python3.6/site-packages/airflow/example_dags/example_skip_dag.py
[2023-09-30 23:47:47,575] {logging_mixin.py:104} INFO - [2023-09-30 23:47:47,575] {dag.py:1824} INFO - Sync 1 DAGs
[2023-09-30 23:47:47,641] {logging_mixin.py:104} INFO - [2023-09-30 23:47:47,640] {dag.py:2280} INFO - Setting next_dagrun for example_skip_dag to 2023-09-28 00:00:00+00:00
[2023-09-30 23:47:47,678] {scheduler_job.py:190} INFO - Processing /home/airflow/.local/lib/python3.6/site-packages/airflow/example_dags/example_skip_dag.py took 0.266 seconds
[2023-09-30 23:48:18,077] {scheduler_job.py:182} INFO - Started process (PID=431) to work on /home/airflow/.local/lib/python3.6/site-packages/airflow/example_dags/example_skip_dag.py
[2023-09-30 23:48:18,083] {scheduler_job.py:629} INFO - Processing file /home/airflow/.local/lib/python3.6/site-packages/airflow/example_dags/example_skip_dag.py for tasks to queue
[2023-09-30 23:48:18,086] {logging_mixin.py:104} INFO - [2023-09-30 23:48:18,086] {dagbag.py:451} INFO - Filling up the DagBag from /home/airflow/.local/lib/python3.6/site-packages/airflow/example_dags/example_skip_dag.py
[2023-09-30 23:48:18,135] {scheduler_job.py:639} INFO - DAG(s) dict_keys(['example_skip_dag']) retrieved from /home/airflow/.local/lib/python3.6/site-packages/airflow/example_dags/example_skip_dag.py
[2023-09-30 23:48:18,218] {logging_mixin.py:104} INFO - [2023-09-30 23:48:18,217] {dag.py:1824} INFO - Sync 1 DAGs
[2023-09-30 23:48:18,284] {logging_mixin.py:104} INFO - [2023-09-30 23:48:18,283] {dag.py:2280} INFO - Setting next_dagrun for example_skip_dag to 2023-09-28 00:00:00+00:00
[2023-09-30 23:48:18,321] {scheduler_job.py:190} INFO - Processing /home/airflow/.local/lib/python3.6/site-packages/airflow/example_dags/example_skip_dag.py took 0.253 seconds
[2023-09-30 23:48:48,554] {scheduler_job.py:182} INFO - Started process (PID=483) to work on /home/airflow/.local/lib/python3.6/site-packages/airflow/example_dags/example_skip_dag.py
[2023-09-30 23:48:48,561] {scheduler_job.py:629} INFO - Processing file /home/airflow/.local/lib/python3.6/site-packages/airflow/example_dags/example_skip_dag.py for tasks to queue
[2023-09-30 23:48:48,564] {logging_mixin.py:104} INFO - [2023-09-30 23:48:48,563] {dagbag.py:451} INFO - Filling up the DagBag from /home/airflow/.local/lib/python3.6/site-packages/airflow/example_dags/example_skip_dag.py
[2023-09-30 23:48:48,611] {scheduler_job.py:639} INFO - DAG(s) dict_keys(['example_skip_dag']) retrieved from /home/airflow/.local/lib/python3.6/site-packages/airflow/example_dags/example_skip_dag.py
[2023-09-30 23:48:48,690] {logging_mixin.py:104} INFO - [2023-09-30 23:48:48,689] {dag.py:1824} INFO - Sync 1 DAGs
[2023-09-30 23:48:48,753] {logging_mixin.py:104} INFO - [2023-09-30 23:48:48,752] {dag.py:2280} INFO - Setting next_dagrun for example_skip_dag to 2023-09-28 00:00:00+00:00
[2023-09-30 23:48:48,788] {scheduler_job.py:190} INFO - Processing /home/airflow/.local/lib/python3.6/site-packages/airflow/example_dags/example_skip_dag.py took 0.246 seconds
[2023-09-30 23:49:18,835] {scheduler_job.py:182} INFO - Started process (PID=535) to work on /home/airflow/.local/lib/python3.6/site-packages/airflow/example_dags/example_skip_dag.py
[2023-09-30 23:49:18,841] {scheduler_job.py:629} INFO - Processing file /home/airflow/.local/lib/python3.6/site-packages/airflow/example_dags/example_skip_dag.py for tasks to queue
[2023-09-30 23:49:18,845] {logging_mixin.py:104} INFO - [2023-09-30 23:49:18,844] {dagbag.py:451} INFO - Filling up the DagBag from /home/airflow/.local/lib/python3.6/site-packages/airflow/example_dags/example_skip_dag.py
[2023-09-30 23:49:18,892] {scheduler_job.py:639} INFO - DAG(s) dict_keys(['example_skip_dag']) retrieved from /home/airflow/.local/lib/python3.6/site-packages/airflow/example_dags/example_skip_dag.py
[2023-09-30 23:49:18,972] {logging_mixin.py:104} INFO - [2023-09-30 23:49:18,971] {dag.py:1824} INFO - Sync 1 DAGs
[2023-09-30 23:49:19,035] {logging_mixin.py:104} INFO - [2023-09-30 23:49:19,034] {dag.py:2280} INFO - Setting next_dagrun for example_skip_dag to 2023-09-28 00:00:00+00:00
[2023-09-30 23:49:19,069] {scheduler_job.py:190} INFO - Processing /home/airflow/.local/lib/python3.6/site-packages/airflow/example_dags/example_skip_dag.py took 0.243 seconds
[2023-09-30 23:49:49,127] {scheduler_job.py:182} INFO - Started process (PID=585) to work on /home/airflow/.local/lib/python3.6/site-packages/airflow/example_dags/example_skip_dag.py
[2023-09-30 23:49:49,133] {scheduler_job.py:629} INFO - Processing file /home/airflow/.local/lib/python3.6/site-packages/airflow/example_dags/example_skip_dag.py for tasks to queue
[2023-09-30 23:49:49,137] {logging_mixin.py:104} INFO - [2023-09-30 23:49:49,137] {dagbag.py:451} INFO - Filling up the DagBag from /home/airflow/.local/lib/python3.6/site-packages/airflow/example_dags/example_skip_dag.py
[2023-09-30 23:49:49,197] {scheduler_job.py:639} INFO - DAG(s) dict_keys(['example_skip_dag']) retrieved from /home/airflow/.local/lib/python3.6/site-packages/airflow/example_dags/example_skip_dag.py
[2023-09-30 23:49:49,274] {logging_mixin.py:104} INFO - [2023-09-30 23:49:49,274] {dag.py:1824} INFO - Sync 1 DAGs
[2023-09-30 23:49:49,341] {logging_mixin.py:104} INFO - [2023-09-30 23:49:49,340] {dag.py:2280} INFO - Setting next_dagrun for example_skip_dag to 2023-09-28 00:00:00+00:00
[2023-09-30 23:49:49,382] {scheduler_job.py:190} INFO - Processing /home/airflow/.local/lib/python3.6/site-packages/airflow/example_dags/example_skip_dag.py took 0.266 seconds
[2023-09-30 23:50:19,572] {scheduler_job.py:182} INFO - Started process (PID=637) to work on /home/airflow/.local/lib/python3.6/site-packages/airflow/example_dags/example_skip_dag.py
[2023-09-30 23:50:19,578] {scheduler_job.py:629} INFO - Processing file /home/airflow/.local/lib/python3.6/site-packages/airflow/example_dags/example_skip_dag.py for tasks to queue
[2023-09-30 23:50:19,581] {logging_mixin.py:104} INFO - [2023-09-30 23:50:19,581] {dagbag.py:451} INFO - Filling up the DagBag from /home/airflow/.local/lib/python3.6/site-packages/airflow/example_dags/example_skip_dag.py
[2023-09-30 23:50:19,637] {scheduler_job.py:639} INFO - DAG(s) dict_keys(['example_skip_dag']) retrieved from /home/airflow/.local/lib/python3.6/site-packages/airflow/example_dags/example_skip_dag.py
[2023-09-30 23:50:19,711] {logging_mixin.py:104} INFO - [2023-09-30 23:50:19,710] {dag.py:1824} INFO - Sync 1 DAGs
[2023-09-30 23:50:19,775] {logging_mixin.py:104} INFO - [2023-09-30 23:50:19,774] {dag.py:2280} INFO - Setting next_dagrun for example_skip_dag to 2023-09-28 00:00:00+00:00
[2023-09-30 23:50:19,810] {scheduler_job.py:190} INFO - Processing /home/airflow/.local/lib/python3.6/site-packages/airflow/example_dags/example_skip_dag.py took 0.248 seconds
[2023-09-30 23:50:50,017] {scheduler_job.py:182} INFO - Started process (PID=689) to work on /home/airflow/.local/lib/python3.6/site-packages/airflow/example_dags/example_skip_dag.py
[2023-09-30 23:50:50,024] {scheduler_job.py:629} INFO - Processing file /home/airflow/.local/lib/python3.6/site-packages/airflow/example_dags/example_skip_dag.py for tasks to queue
[2023-09-30 23:50:50,028] {logging_mixin.py:104} INFO - [2023-09-30 23:50:50,027] {dagbag.py:451} INFO - Filling up the DagBag from /home/airflow/.local/lib/python3.6/site-packages/airflow/example_dags/example_skip_dag.py
[2023-09-30 23:50:50,091] {scheduler_job.py:639} INFO - DAG(s) dict_keys(['example_skip_dag']) retrieved from /home/airflow/.local/lib/python3.6/site-packages/airflow/example_dags/example_skip_dag.py
[2023-09-30 23:50:50,177] {logging_mixin.py:104} INFO - [2023-09-30 23:50:50,176] {dag.py:1824} INFO - Sync 1 DAGs
[2023-09-30 23:50:50,245] {logging_mixin.py:104} INFO - [2023-09-30 23:50:50,245] {dag.py:2280} INFO - Setting next_dagrun for example_skip_dag to 2023-09-28 00:00:00+00:00
[2023-09-30 23:50:50,287] {scheduler_job.py:190} INFO - Processing /home/airflow/.local/lib/python3.6/site-packages/airflow/example_dags/example_skip_dag.py took 0.280 seconds
