[2023-09-30 23:34:03,134] {scheduler_job.py:182} INFO - Started process (PID=101) to work on /home/airflow/.local/lib/python3.6/site-packages/airflow/example_dags/example_task_group.py
[2023-09-30 23:34:03,155] {scheduler_job.py:629} INFO - Processing file /home/airflow/.local/lib/python3.6/site-packages/airflow/example_dags/example_task_group.py for tasks to queue
[2023-09-30 23:34:03,161] {logging_mixin.py:104} INFO - [2023-09-30 23:34:03,160] {dagbag.py:451} INFO - Filling up the DagBag from /home/airflow/.local/lib/python3.6/site-packages/airflow/example_dags/example_task_group.py
[2023-09-30 23:34:03,529] {scheduler_job.py:639} INFO - DAG(s) dict_keys(['example_task_group']) retrieved from /home/airflow/.local/lib/python3.6/site-packages/airflow/example_dags/example_task_group.py
[2023-09-30 23:34:03,946] {logging_mixin.py:104} INFO - [2023-09-30 23:34:03,945] {dag.py:1824} INFO - Sync 1 DAGs
[2023-09-30 23:34:04,179] {logging_mixin.py:104} INFO - [2023-09-30 23:34:04,178] {dag.py:1843} INFO - Creating ORM DAG for example_task_group
[2023-09-30 23:34:04,311] {logging_mixin.py:104} INFO - [2023-09-30 23:34:04,309] {dag.py:2280} INFO - Setting next_dagrun for example_task_group to 2023-09-28 00:00:00+00:00
[2023-09-30 23:34:04,474] {scheduler_job.py:190} INFO - Processing /home/airflow/.local/lib/python3.6/site-packages/airflow/example_dags/example_task_group.py took 1.381 seconds
[2023-09-30 23:34:34,630] {scheduler_job.py:182} INFO - Started process (PID=153) to work on /home/airflow/.local/lib/python3.6/site-packages/airflow/example_dags/example_task_group.py
[2023-09-30 23:34:34,637] {scheduler_job.py:629} INFO - Processing file /home/airflow/.local/lib/python3.6/site-packages/airflow/example_dags/example_task_group.py for tasks to queue
[2023-09-30 23:34:34,641] {logging_mixin.py:104} INFO - [2023-09-30 23:34:34,640] {dagbag.py:451} INFO - Filling up the DagBag from /home/airflow/.local/lib/python3.6/site-packages/airflow/example_dags/example_task_group.py
[2023-09-30 23:34:34,704] {scheduler_job.py:639} INFO - DAG(s) dict_keys(['example_task_group']) retrieved from /home/airflow/.local/lib/python3.6/site-packages/airflow/example_dags/example_task_group.py
[2023-09-30 23:34:34,787] {logging_mixin.py:104} INFO - [2023-09-30 23:34:34,787] {dag.py:1824} INFO - Sync 1 DAGs
[2023-09-30 23:34:34,872] {logging_mixin.py:104} INFO - [2023-09-30 23:34:34,871] {dag.py:2280} INFO - Setting next_dagrun for example_task_group to 2023-09-28 00:00:00+00:00
[2023-09-30 23:34:34,911] {scheduler_job.py:190} INFO - Processing /home/airflow/.local/lib/python3.6/site-packages/airflow/example_dags/example_task_group.py took 0.291 seconds
[2023-09-30 23:35:05,276] {scheduler_job.py:182} INFO - Started process (PID=205) to work on /home/airflow/.local/lib/python3.6/site-packages/airflow/example_dags/example_task_group.py
[2023-09-30 23:35:05,285] {scheduler_job.py:629} INFO - Processing file /home/airflow/.local/lib/python3.6/site-packages/airflow/example_dags/example_task_group.py for tasks to queue
[2023-09-30 23:35:05,292] {logging_mixin.py:104} INFO - [2023-09-30 23:35:05,291] {dagbag.py:451} INFO - Filling up the DagBag from /home/airflow/.local/lib/python3.6/site-packages/airflow/example_dags/example_task_group.py
[2023-09-30 23:35:05,406] {scheduler_job.py:639} INFO - DAG(s) dict_keys(['example_task_group']) retrieved from /home/airflow/.local/lib/python3.6/site-packages/airflow/example_dags/example_task_group.py
[2023-09-30 23:35:05,526] {logging_mixin.py:104} INFO - [2023-09-30 23:35:05,525] {dag.py:1824} INFO - Sync 1 DAGs
[2023-09-30 23:35:05,627] {logging_mixin.py:104} INFO - [2023-09-30 23:35:05,627] {dag.py:2280} INFO - Setting next_dagrun for example_task_group to 2023-09-28 00:00:00+00:00
[2023-09-30 23:35:05,674] {scheduler_job.py:190} INFO - Processing /home/airflow/.local/lib/python3.6/site-packages/airflow/example_dags/example_task_group.py took 0.422 seconds
[2023-09-30 23:35:36,127] {scheduler_job.py:182} INFO - Started process (PID=257) to work on /home/airflow/.local/lib/python3.6/site-packages/airflow/example_dags/example_task_group.py
[2023-09-30 23:35:36,141] {scheduler_job.py:629} INFO - Processing file /home/airflow/.local/lib/python3.6/site-packages/airflow/example_dags/example_task_group.py for tasks to queue
[2023-09-30 23:35:36,147] {logging_mixin.py:104} INFO - [2023-09-30 23:35:36,146] {dagbag.py:451} INFO - Filling up the DagBag from /home/airflow/.local/lib/python3.6/site-packages/airflow/example_dags/example_task_group.py
[2023-09-30 23:35:36,275] {scheduler_job.py:639} INFO - DAG(s) dict_keys(['example_task_group']) retrieved from /home/airflow/.local/lib/python3.6/site-packages/airflow/example_dags/example_task_group.py
[2023-09-30 23:35:36,424] {logging_mixin.py:104} INFO - [2023-09-30 23:35:36,423] {dag.py:1824} INFO - Sync 1 DAGs
[2023-09-30 23:35:36,572] {logging_mixin.py:104} INFO - [2023-09-30 23:35:36,571] {dag.py:2280} INFO - Setting next_dagrun for example_task_group to 2023-09-28 00:00:00+00:00
[2023-09-30 23:35:36,627] {scheduler_job.py:190} INFO - Processing /home/airflow/.local/lib/python3.6/site-packages/airflow/example_dags/example_task_group.py took 0.516 seconds
[2023-09-30 23:36:07,192] {scheduler_job.py:182} INFO - Started process (PID=309) to work on /home/airflow/.local/lib/python3.6/site-packages/airflow/example_dags/example_task_group.py
[2023-09-30 23:36:07,209] {scheduler_job.py:629} INFO - Processing file /home/airflow/.local/lib/python3.6/site-packages/airflow/example_dags/example_task_group.py for tasks to queue
[2023-09-30 23:36:07,217] {logging_mixin.py:104} INFO - [2023-09-30 23:36:07,216] {dagbag.py:451} INFO - Filling up the DagBag from /home/airflow/.local/lib/python3.6/site-packages/airflow/example_dags/example_task_group.py
[2023-09-30 23:36:07,378] {scheduler_job.py:639} INFO - DAG(s) dict_keys(['example_task_group']) retrieved from /home/airflow/.local/lib/python3.6/site-packages/airflow/example_dags/example_task_group.py
[2023-09-30 23:36:07,538] {logging_mixin.py:104} INFO - [2023-09-30 23:36:07,537] {dag.py:1824} INFO - Sync 1 DAGs
[2023-09-30 23:36:07,669] {logging_mixin.py:104} INFO - [2023-09-30 23:36:07,668] {dag.py:2280} INFO - Setting next_dagrun for example_task_group to 2023-09-28 00:00:00+00:00
[2023-09-30 23:36:07,741] {scheduler_job.py:190} INFO - Processing /home/airflow/.local/lib/python3.6/site-packages/airflow/example_dags/example_task_group.py took 0.585 seconds
[2023-09-30 23:37:03,387] {scheduler_job.py:182} INFO - Started process (PID=86) to work on /home/airflow/.local/lib/python3.6/site-packages/airflow/example_dags/example_task_group.py
[2023-09-30 23:37:03,396] {scheduler_job.py:629} INFO - Processing file /home/airflow/.local/lib/python3.6/site-packages/airflow/example_dags/example_task_group.py for tasks to queue
[2023-09-30 23:37:03,402] {logging_mixin.py:104} INFO - [2023-09-30 23:37:03,401] {dagbag.py:451} INFO - Filling up the DagBag from /home/airflow/.local/lib/python3.6/site-packages/airflow/example_dags/example_task_group.py
[2023-09-30 23:37:03,503] {scheduler_job.py:639} INFO - DAG(s) dict_keys(['example_task_group']) retrieved from /home/airflow/.local/lib/python3.6/site-packages/airflow/example_dags/example_task_group.py
[2023-09-30 23:37:03,660] {logging_mixin.py:104} INFO - [2023-09-30 23:37:03,660] {dag.py:1824} INFO - Sync 1 DAGs
[2023-09-30 23:37:03,762] {logging_mixin.py:104} INFO - [2023-09-30 23:37:03,761] {dag.py:2280} INFO - Setting next_dagrun for example_task_group to 2023-09-28 00:00:00+00:00
[2023-09-30 23:37:03,839] {scheduler_job.py:190} INFO - Processing /home/airflow/.local/lib/python3.6/site-packages/airflow/example_dags/example_task_group.py took 0.465 seconds
[2023-09-30 23:37:34,342] {scheduler_job.py:182} INFO - Started process (PID=138) to work on /home/airflow/.local/lib/python3.6/site-packages/airflow/example_dags/example_task_group.py
[2023-09-30 23:37:34,352] {scheduler_job.py:629} INFO - Processing file /home/airflow/.local/lib/python3.6/site-packages/airflow/example_dags/example_task_group.py for tasks to queue
[2023-09-30 23:37:34,360] {logging_mixin.py:104} INFO - [2023-09-30 23:37:34,359] {dagbag.py:451} INFO - Filling up the DagBag from /home/airflow/.local/lib/python3.6/site-packages/airflow/example_dags/example_task_group.py
[2023-09-30 23:37:34,523] {scheduler_job.py:639} INFO - DAG(s) dict_keys(['example_task_group']) retrieved from /home/airflow/.local/lib/python3.6/site-packages/airflow/example_dags/example_task_group.py
[2023-09-30 23:37:34,738] {logging_mixin.py:104} INFO - [2023-09-30 23:37:34,737] {dag.py:1824} INFO - Sync 1 DAGs
[2023-09-30 23:37:34,902] {logging_mixin.py:104} INFO - [2023-09-30 23:37:34,901] {dag.py:2280} INFO - Setting next_dagrun for example_task_group to 2023-09-28 00:00:00+00:00
[2023-09-30 23:37:34,963] {scheduler_job.py:190} INFO - Processing /home/airflow/.local/lib/python3.6/site-packages/airflow/example_dags/example_task_group.py took 0.636 seconds
[2023-09-30 23:38:05,082] {scheduler_job.py:182} INFO - Started process (PID=190) to work on /home/airflow/.local/lib/python3.6/site-packages/airflow/example_dags/example_task_group.py
[2023-09-30 23:38:05,089] {scheduler_job.py:629} INFO - Processing file /home/airflow/.local/lib/python3.6/site-packages/airflow/example_dags/example_task_group.py for tasks to queue
[2023-09-30 23:38:05,094] {logging_mixin.py:104} INFO - [2023-09-30 23:38:05,094] {dagbag.py:451} INFO - Filling up the DagBag from /home/airflow/.local/lib/python3.6/site-packages/airflow/example_dags/example_task_group.py
[2023-09-30 23:38:05,171] {scheduler_job.py:639} INFO - DAG(s) dict_keys(['example_task_group']) retrieved from /home/airflow/.local/lib/python3.6/site-packages/airflow/example_dags/example_task_group.py
[2023-09-30 23:38:05,270] {logging_mixin.py:104} INFO - [2023-09-30 23:38:05,270] {dag.py:1824} INFO - Sync 1 DAGs
[2023-09-30 23:38:05,352] {logging_mixin.py:104} INFO - [2023-09-30 23:38:05,351] {dag.py:2280} INFO - Setting next_dagrun for example_task_group to 2023-09-28 00:00:00+00:00
[2023-09-30 23:38:05,397] {scheduler_job.py:190} INFO - Processing /home/airflow/.local/lib/python3.6/site-packages/airflow/example_dags/example_task_group.py took 0.326 seconds
[2023-09-30 23:38:35,977] {scheduler_job.py:182} INFO - Started process (PID=242) to work on /home/airflow/.local/lib/python3.6/site-packages/airflow/example_dags/example_task_group.py
[2023-09-30 23:38:35,986] {scheduler_job.py:629} INFO - Processing file /home/airflow/.local/lib/python3.6/site-packages/airflow/example_dags/example_task_group.py for tasks to queue
[2023-09-30 23:38:36,001] {logging_mixin.py:104} INFO - [2023-09-30 23:38:35,992] {dagbag.py:451} INFO - Filling up the DagBag from /home/airflow/.local/lib/python3.6/site-packages/airflow/example_dags/example_task_group.py
[2023-09-30 23:38:36,127] {scheduler_job.py:639} INFO - DAG(s) dict_keys(['example_task_group']) retrieved from /home/airflow/.local/lib/python3.6/site-packages/airflow/example_dags/example_task_group.py
[2023-09-30 23:38:36,263] {logging_mixin.py:104} INFO - [2023-09-30 23:38:36,262] {dag.py:1824} INFO - Sync 1 DAGs
[2023-09-30 23:38:36,364] {logging_mixin.py:104} INFO - [2023-09-30 23:38:36,363] {dag.py:2280} INFO - Setting next_dagrun for example_task_group to 2023-09-28 00:00:00+00:00
[2023-09-30 23:38:36,423] {scheduler_job.py:190} INFO - Processing /home/airflow/.local/lib/python3.6/site-packages/airflow/example_dags/example_task_group.py took 0.464 seconds
[2023-09-30 23:39:07,122] {scheduler_job.py:182} INFO - Started process (PID=294) to work on /home/airflow/.local/lib/python3.6/site-packages/airflow/example_dags/example_task_group.py
[2023-09-30 23:39:07,129] {scheduler_job.py:629} INFO - Processing file /home/airflow/.local/lib/python3.6/site-packages/airflow/example_dags/example_task_group.py for tasks to queue
[2023-09-30 23:39:07,133] {logging_mixin.py:104} INFO - [2023-09-30 23:39:07,132] {dagbag.py:451} INFO - Filling up the DagBag from /home/airflow/.local/lib/python3.6/site-packages/airflow/example_dags/example_task_group.py
[2023-09-30 23:39:07,213] {scheduler_job.py:639} INFO - DAG(s) dict_keys(['example_task_group']) retrieved from /home/airflow/.local/lib/python3.6/site-packages/airflow/example_dags/example_task_group.py
[2023-09-30 23:39:07,338] {logging_mixin.py:104} INFO - [2023-09-30 23:39:07,337] {dag.py:1824} INFO - Sync 1 DAGs
[2023-09-30 23:39:07,509] {logging_mixin.py:104} INFO - [2023-09-30 23:39:07,507] {dag.py:2280} INFO - Setting next_dagrun for example_task_group to 2023-09-28 00:00:00+00:00
[2023-09-30 23:39:07,586] {scheduler_job.py:190} INFO - Processing /home/airflow/.local/lib/python3.6/site-packages/airflow/example_dags/example_task_group.py took 0.475 seconds
[2023-09-30 23:39:38,081] {scheduler_job.py:182} INFO - Started process (PID=346) to work on /home/airflow/.local/lib/python3.6/site-packages/airflow/example_dags/example_task_group.py
[2023-09-30 23:39:38,090] {scheduler_job.py:629} INFO - Processing file /home/airflow/.local/lib/python3.6/site-packages/airflow/example_dags/example_task_group.py for tasks to queue
[2023-09-30 23:39:38,095] {logging_mixin.py:104} INFO - [2023-09-30 23:39:38,094] {dagbag.py:451} INFO - Filling up the DagBag from /home/airflow/.local/lib/python3.6/site-packages/airflow/example_dags/example_task_group.py
[2023-09-30 23:39:38,165] {scheduler_job.py:639} INFO - DAG(s) dict_keys(['example_task_group']) retrieved from /home/airflow/.local/lib/python3.6/site-packages/airflow/example_dags/example_task_group.py
[2023-09-30 23:39:38,260] {logging_mixin.py:104} INFO - [2023-09-30 23:39:38,259] {dag.py:1824} INFO - Sync 1 DAGs
[2023-09-30 23:39:38,370] {logging_mixin.py:104} INFO - [2023-09-30 23:39:38,369] {dag.py:2280} INFO - Setting next_dagrun for example_task_group to 2023-09-28 00:00:00+00:00
[2023-09-30 23:39:38,437] {scheduler_job.py:190} INFO - Processing /home/airflow/.local/lib/python3.6/site-packages/airflow/example_dags/example_task_group.py took 0.367 seconds
[2023-09-30 23:40:08,733] {scheduler_job.py:182} INFO - Started process (PID=396) to work on /home/airflow/.local/lib/python3.6/site-packages/airflow/example_dags/example_task_group.py
[2023-09-30 23:40:08,742] {scheduler_job.py:629} INFO - Processing file /home/airflow/.local/lib/python3.6/site-packages/airflow/example_dags/example_task_group.py for tasks to queue
[2023-09-30 23:40:08,748] {logging_mixin.py:104} INFO - [2023-09-30 23:40:08,747] {dagbag.py:451} INFO - Filling up the DagBag from /home/airflow/.local/lib/python3.6/site-packages/airflow/example_dags/example_task_group.py
[2023-09-30 23:40:08,852] {scheduler_job.py:639} INFO - DAG(s) dict_keys(['example_task_group']) retrieved from /home/airflow/.local/lib/python3.6/site-packages/airflow/example_dags/example_task_group.py
[2023-09-30 23:40:09,117] {logging_mixin.py:104} INFO - [2023-09-30 23:40:09,115] {dag.py:1824} INFO - Sync 1 DAGs
[2023-09-30 23:40:09,258] {logging_mixin.py:104} INFO - [2023-09-30 23:40:09,257] {dag.py:2280} INFO - Setting next_dagrun for example_task_group to 2023-09-28 00:00:00+00:00
[2023-09-30 23:40:09,358] {scheduler_job.py:190} INFO - Processing /home/airflow/.local/lib/python3.6/site-packages/airflow/example_dags/example_task_group.py took 0.638 seconds
[2023-09-30 23:40:39,777] {scheduler_job.py:182} INFO - Started process (PID=448) to work on /home/airflow/.local/lib/python3.6/site-packages/airflow/example_dags/example_task_group.py
[2023-09-30 23:40:39,789] {scheduler_job.py:629} INFO - Processing file /home/airflow/.local/lib/python3.6/site-packages/airflow/example_dags/example_task_group.py for tasks to queue
[2023-09-30 23:40:39,804] {logging_mixin.py:104} INFO - [2023-09-30 23:40:39,800] {dagbag.py:451} INFO - Filling up the DagBag from /home/airflow/.local/lib/python3.6/site-packages/airflow/example_dags/example_task_group.py
[2023-09-30 23:40:40,098] {scheduler_job.py:639} INFO - DAG(s) dict_keys(['example_task_group']) retrieved from /home/airflow/.local/lib/python3.6/site-packages/airflow/example_dags/example_task_group.py
[2023-09-30 23:40:40,340] {logging_mixin.py:104} INFO - [2023-09-30 23:40:40,339] {dag.py:1824} INFO - Sync 1 DAGs
[2023-09-30 23:40:40,484] {logging_mixin.py:104} INFO - [2023-09-30 23:40:40,481] {dag.py:2280} INFO - Setting next_dagrun for example_task_group to 2023-09-28 00:00:00+00:00
[2023-09-30 23:40:40,618] {scheduler_job.py:190} INFO - Processing /home/airflow/.local/lib/python3.6/site-packages/airflow/example_dags/example_task_group.py took 0.867 seconds
[2023-09-30 23:44:56,172] {scheduler_job.py:182} INFO - Started process (PID=113) to work on /home/airflow/.local/lib/python3.6/site-packages/airflow/example_dags/example_task_group.py
[2023-09-30 23:44:56,195] {scheduler_job.py:629} INFO - Processing file /home/airflow/.local/lib/python3.6/site-packages/airflow/example_dags/example_task_group.py for tasks to queue
[2023-09-30 23:44:56,218] {logging_mixin.py:104} INFO - [2023-09-30 23:44:56,215] {dagbag.py:451} INFO - Filling up the DagBag from /home/airflow/.local/lib/python3.6/site-packages/airflow/example_dags/example_task_group.py
[2023-09-30 23:44:56,442] {scheduler_job.py:639} INFO - DAG(s) dict_keys(['example_task_group']) retrieved from /home/airflow/.local/lib/python3.6/site-packages/airflow/example_dags/example_task_group.py
[2023-09-30 23:44:56,643] {logging_mixin.py:104} INFO - [2023-09-30 23:44:56,641] {dag.py:1824} INFO - Sync 1 DAGs
[2023-09-30 23:44:56,823] {logging_mixin.py:104} INFO - [2023-09-30 23:44:56,821] {dag.py:2280} INFO - Setting next_dagrun for example_task_group to 2023-09-28 00:00:00+00:00
[2023-09-30 23:44:56,909] {scheduler_job.py:190} INFO - Processing /home/airflow/.local/lib/python3.6/site-packages/airflow/example_dags/example_task_group.py took 0.767 seconds
[2023-09-30 23:45:27,505] {scheduler_job.py:182} INFO - Started process (PID=165) to work on /home/airflow/.local/lib/python3.6/site-packages/airflow/example_dags/example_task_group.py
[2023-09-30 23:45:27,518] {scheduler_job.py:629} INFO - Processing file /home/airflow/.local/lib/python3.6/site-packages/airflow/example_dags/example_task_group.py for tasks to queue
[2023-09-30 23:45:27,525] {logging_mixin.py:104} INFO - [2023-09-30 23:45:27,523] {dagbag.py:451} INFO - Filling up the DagBag from /home/airflow/.local/lib/python3.6/site-packages/airflow/example_dags/example_task_group.py
[2023-09-30 23:45:27,631] {scheduler_job.py:639} INFO - DAG(s) dict_keys(['example_task_group']) retrieved from /home/airflow/.local/lib/python3.6/site-packages/airflow/example_dags/example_task_group.py
[2023-09-30 23:45:27,762] {logging_mixin.py:104} INFO - [2023-09-30 23:45:27,761] {dag.py:1824} INFO - Sync 1 DAGs
[2023-09-30 23:45:27,882] {logging_mixin.py:104} INFO - [2023-09-30 23:45:27,880] {dag.py:2280} INFO - Setting next_dagrun for example_task_group to 2023-09-28 00:00:00+00:00
[2023-09-30 23:45:27,940] {scheduler_job.py:190} INFO - Processing /home/airflow/.local/lib/python3.6/site-packages/airflow/example_dags/example_task_group.py took 0.454 seconds
[2023-09-30 23:45:58,184] {scheduler_job.py:182} INFO - Started process (PID=217) to work on /home/airflow/.local/lib/python3.6/site-packages/airflow/example_dags/example_task_group.py
[2023-09-30 23:45:58,208] {scheduler_job.py:629} INFO - Processing file /home/airflow/.local/lib/python3.6/site-packages/airflow/example_dags/example_task_group.py for tasks to queue
[2023-09-30 23:45:58,217] {logging_mixin.py:104} INFO - [2023-09-30 23:45:58,216] {dagbag.py:451} INFO - Filling up the DagBag from /home/airflow/.local/lib/python3.6/site-packages/airflow/example_dags/example_task_group.py
[2023-09-30 23:45:58,345] {scheduler_job.py:639} INFO - DAG(s) dict_keys(['example_task_group']) retrieved from /home/airflow/.local/lib/python3.6/site-packages/airflow/example_dags/example_task_group.py
[2023-09-30 23:45:58,513] {logging_mixin.py:104} INFO - [2023-09-30 23:45:58,512] {dag.py:1824} INFO - Sync 1 DAGs
[2023-09-30 23:45:58,658] {logging_mixin.py:104} INFO - [2023-09-30 23:45:58,657] {dag.py:2280} INFO - Setting next_dagrun for example_task_group to 2023-09-28 00:00:00+00:00
[2023-09-30 23:45:58,771] {scheduler_job.py:190} INFO - Processing /home/airflow/.local/lib/python3.6/site-packages/airflow/example_dags/example_task_group.py took 0.620 seconds
[2023-09-30 23:46:29,395] {scheduler_job.py:182} INFO - Started process (PID=269) to work on /home/airflow/.local/lib/python3.6/site-packages/airflow/example_dags/example_task_group.py
[2023-09-30 23:46:29,403] {scheduler_job.py:629} INFO - Processing file /home/airflow/.local/lib/python3.6/site-packages/airflow/example_dags/example_task_group.py for tasks to queue
[2023-09-30 23:46:29,421] {logging_mixin.py:104} INFO - [2023-09-30 23:46:29,420] {dagbag.py:451} INFO - Filling up the DagBag from /home/airflow/.local/lib/python3.6/site-packages/airflow/example_dags/example_task_group.py
[2023-09-30 23:46:29,645] {scheduler_job.py:639} INFO - DAG(s) dict_keys(['example_task_group']) retrieved from /home/airflow/.local/lib/python3.6/site-packages/airflow/example_dags/example_task_group.py
[2023-09-30 23:46:29,805] {logging_mixin.py:104} INFO - [2023-09-30 23:46:29,804] {dag.py:1824} INFO - Sync 1 DAGs
[2023-09-30 23:46:30,067] {logging_mixin.py:104} INFO - [2023-09-30 23:46:30,058] {dag.py:2280} INFO - Setting next_dagrun for example_task_group to 2023-09-28 00:00:00+00:00
[2023-09-30 23:46:30,166] {scheduler_job.py:190} INFO - Processing /home/airflow/.local/lib/python3.6/site-packages/airflow/example_dags/example_task_group.py took 0.803 seconds
[2023-09-30 23:47:00,303] {scheduler_job.py:182} INFO - Started process (PID=321) to work on /home/airflow/.local/lib/python3.6/site-packages/airflow/example_dags/example_task_group.py
[2023-09-30 23:47:00,312] {scheduler_job.py:629} INFO - Processing file /home/airflow/.local/lib/python3.6/site-packages/airflow/example_dags/example_task_group.py for tasks to queue
[2023-09-30 23:47:00,320] {logging_mixin.py:104} INFO - [2023-09-30 23:47:00,320] {dagbag.py:451} INFO - Filling up the DagBag from /home/airflow/.local/lib/python3.6/site-packages/airflow/example_dags/example_task_group.py
[2023-09-30 23:47:00,449] {scheduler_job.py:639} INFO - DAG(s) dict_keys(['example_task_group']) retrieved from /home/airflow/.local/lib/python3.6/site-packages/airflow/example_dags/example_task_group.py
[2023-09-30 23:47:00,555] {logging_mixin.py:104} INFO - [2023-09-30 23:47:00,554] {dag.py:1824} INFO - Sync 1 DAGs
[2023-09-30 23:47:00,665] {logging_mixin.py:104} INFO - [2023-09-30 23:47:00,664] {dag.py:2280} INFO - Setting next_dagrun for example_task_group to 2023-09-28 00:00:00+00:00
[2023-09-30 23:47:00,715] {scheduler_job.py:190} INFO - Processing /home/airflow/.local/lib/python3.6/site-packages/airflow/example_dags/example_task_group.py took 0.443 seconds
[2023-09-30 23:47:31,452] {scheduler_job.py:182} INFO - Started process (PID=373) to work on /home/airflow/.local/lib/python3.6/site-packages/airflow/example_dags/example_task_group.py
[2023-09-30 23:47:31,469] {scheduler_job.py:629} INFO - Processing file /home/airflow/.local/lib/python3.6/site-packages/airflow/example_dags/example_task_group.py for tasks to queue
[2023-09-30 23:47:31,481] {logging_mixin.py:104} INFO - [2023-09-30 23:47:31,480] {dagbag.py:451} INFO - Filling up the DagBag from /home/airflow/.local/lib/python3.6/site-packages/airflow/example_dags/example_task_group.py
[2023-09-30 23:47:31,645] {scheduler_job.py:639} INFO - DAG(s) dict_keys(['example_task_group']) retrieved from /home/airflow/.local/lib/python3.6/site-packages/airflow/example_dags/example_task_group.py
[2023-09-30 23:47:31,793] {logging_mixin.py:104} INFO - [2023-09-30 23:47:31,792] {dag.py:1824} INFO - Sync 1 DAGs
[2023-09-30 23:47:31,933] {logging_mixin.py:104} INFO - [2023-09-30 23:47:31,932] {dag.py:2280} INFO - Setting next_dagrun for example_task_group to 2023-09-28 00:00:00+00:00
[2023-09-30 23:47:32,046] {scheduler_job.py:190} INFO - Processing /home/airflow/.local/lib/python3.6/site-packages/airflow/example_dags/example_task_group.py took 0.630 seconds
[2023-09-30 23:48:02,302] {scheduler_job.py:182} INFO - Started process (PID=425) to work on /home/airflow/.local/lib/python3.6/site-packages/airflow/example_dags/example_task_group.py
[2023-09-30 23:48:02,309] {scheduler_job.py:629} INFO - Processing file /home/airflow/.local/lib/python3.6/site-packages/airflow/example_dags/example_task_group.py for tasks to queue
[2023-09-30 23:48:02,315] {logging_mixin.py:104} INFO - [2023-09-30 23:48:02,314] {dagbag.py:451} INFO - Filling up the DagBag from /home/airflow/.local/lib/python3.6/site-packages/airflow/example_dags/example_task_group.py
[2023-09-30 23:48:02,388] {scheduler_job.py:639} INFO - DAG(s) dict_keys(['example_task_group']) retrieved from /home/airflow/.local/lib/python3.6/site-packages/airflow/example_dags/example_task_group.py
[2023-09-30 23:48:02,501] {logging_mixin.py:104} INFO - [2023-09-30 23:48:02,501] {dag.py:1824} INFO - Sync 1 DAGs
[2023-09-30 23:48:02,585] {logging_mixin.py:104} INFO - [2023-09-30 23:48:02,584] {dag.py:2280} INFO - Setting next_dagrun for example_task_group to 2023-09-28 00:00:00+00:00
[2023-09-30 23:48:02,633] {scheduler_job.py:190} INFO - Processing /home/airflow/.local/lib/python3.6/site-packages/airflow/example_dags/example_task_group.py took 0.341 seconds
[2023-09-30 23:48:32,803] {scheduler_job.py:182} INFO - Started process (PID=475) to work on /home/airflow/.local/lib/python3.6/site-packages/airflow/example_dags/example_task_group.py
[2023-09-30 23:48:32,809] {scheduler_job.py:629} INFO - Processing file /home/airflow/.local/lib/python3.6/site-packages/airflow/example_dags/example_task_group.py for tasks to queue
[2023-09-30 23:48:32,813] {logging_mixin.py:104} INFO - [2023-09-30 23:48:32,812] {dagbag.py:451} INFO - Filling up the DagBag from /home/airflow/.local/lib/python3.6/site-packages/airflow/example_dags/example_task_group.py
[2023-09-30 23:48:32,877] {scheduler_job.py:639} INFO - DAG(s) dict_keys(['example_task_group']) retrieved from /home/airflow/.local/lib/python3.6/site-packages/airflow/example_dags/example_task_group.py
[2023-09-30 23:48:32,967] {logging_mixin.py:104} INFO - [2023-09-30 23:48:32,967] {dag.py:1824} INFO - Sync 1 DAGs
[2023-09-30 23:48:33,033] {logging_mixin.py:104} INFO - [2023-09-30 23:48:33,033] {dag.py:2280} INFO - Setting next_dagrun for example_task_group to 2023-09-28 00:00:00+00:00
[2023-09-30 23:48:33,071] {scheduler_job.py:190} INFO - Processing /home/airflow/.local/lib/python3.6/site-packages/airflow/example_dags/example_task_group.py took 0.280 seconds
[2023-09-30 23:49:03,775] {scheduler_job.py:182} INFO - Started process (PID=525) to work on /home/airflow/.local/lib/python3.6/site-packages/airflow/example_dags/example_task_group.py
[2023-09-30 23:49:03,792] {scheduler_job.py:629} INFO - Processing file /home/airflow/.local/lib/python3.6/site-packages/airflow/example_dags/example_task_group.py for tasks to queue
[2023-09-30 23:49:03,808] {logging_mixin.py:104} INFO - [2023-09-30 23:49:03,806] {dagbag.py:451} INFO - Filling up the DagBag from /home/airflow/.local/lib/python3.6/site-packages/airflow/example_dags/example_task_group.py
[2023-09-30 23:49:03,983] {scheduler_job.py:639} INFO - DAG(s) dict_keys(['example_task_group']) retrieved from /home/airflow/.local/lib/python3.6/site-packages/airflow/example_dags/example_task_group.py
[2023-09-30 23:49:04,227] {logging_mixin.py:104} INFO - [2023-09-30 23:49:04,226] {dag.py:1824} INFO - Sync 1 DAGs
[2023-09-30 23:49:04,381] {logging_mixin.py:104} INFO - [2023-09-30 23:49:04,379] {dag.py:2280} INFO - Setting next_dagrun for example_task_group to 2023-09-28 00:00:00+00:00
[2023-09-30 23:49:04,477] {scheduler_job.py:190} INFO - Processing /home/airflow/.local/lib/python3.6/site-packages/airflow/example_dags/example_task_group.py took 0.732 seconds
[2023-09-30 23:49:34,568] {scheduler_job.py:182} INFO - Started process (PID=577) to work on /home/airflow/.local/lib/python3.6/site-packages/airflow/example_dags/example_task_group.py
[2023-09-30 23:49:34,577] {scheduler_job.py:629} INFO - Processing file /home/airflow/.local/lib/python3.6/site-packages/airflow/example_dags/example_task_group.py for tasks to queue
[2023-09-30 23:49:34,583] {logging_mixin.py:104} INFO - [2023-09-30 23:49:34,582] {dagbag.py:451} INFO - Filling up the DagBag from /home/airflow/.local/lib/python3.6/site-packages/airflow/example_dags/example_task_group.py
[2023-09-30 23:49:34,662] {scheduler_job.py:639} INFO - DAG(s) dict_keys(['example_task_group']) retrieved from /home/airflow/.local/lib/python3.6/site-packages/airflow/example_dags/example_task_group.py
[2023-09-30 23:49:34,788] {logging_mixin.py:104} INFO - [2023-09-30 23:49:34,787] {dag.py:1824} INFO - Sync 1 DAGs
[2023-09-30 23:49:34,887] {logging_mixin.py:104} INFO - [2023-09-30 23:49:34,886] {dag.py:2280} INFO - Setting next_dagrun for example_task_group to 2023-09-28 00:00:00+00:00
[2023-09-30 23:49:34,935] {scheduler_job.py:190} INFO - Processing /home/airflow/.local/lib/python3.6/site-packages/airflow/example_dags/example_task_group.py took 0.382 seconds
[2023-09-30 23:50:05,244] {scheduler_job.py:182} INFO - Started process (PID=627) to work on /home/airflow/.local/lib/python3.6/site-packages/airflow/example_dags/example_task_group.py
[2023-09-30 23:50:05,250] {scheduler_job.py:629} INFO - Processing file /home/airflow/.local/lib/python3.6/site-packages/airflow/example_dags/example_task_group.py for tasks to queue
[2023-09-30 23:50:05,254] {logging_mixin.py:104} INFO - [2023-09-30 23:50:05,253] {dagbag.py:451} INFO - Filling up the DagBag from /home/airflow/.local/lib/python3.6/site-packages/airflow/example_dags/example_task_group.py
[2023-09-30 23:50:05,325] {scheduler_job.py:639} INFO - DAG(s) dict_keys(['example_task_group']) retrieved from /home/airflow/.local/lib/python3.6/site-packages/airflow/example_dags/example_task_group.py
[2023-09-30 23:50:05,407] {logging_mixin.py:104} INFO - [2023-09-30 23:50:05,406] {dag.py:1824} INFO - Sync 1 DAGs
[2023-09-30 23:50:05,477] {logging_mixin.py:104} INFO - [2023-09-30 23:50:05,477] {dag.py:2280} INFO - Setting next_dagrun for example_task_group to 2023-09-28 00:00:00+00:00
[2023-09-30 23:50:05,514] {scheduler_job.py:190} INFO - Processing /home/airflow/.local/lib/python3.6/site-packages/airflow/example_dags/example_task_group.py took 0.280 seconds
[2023-09-30 23:50:35,733] {scheduler_job.py:182} INFO - Started process (PID=679) to work on /home/airflow/.local/lib/python3.6/site-packages/airflow/example_dags/example_task_group.py
[2023-09-30 23:50:35,740] {scheduler_job.py:629} INFO - Processing file /home/airflow/.local/lib/python3.6/site-packages/airflow/example_dags/example_task_group.py for tasks to queue
[2023-09-30 23:50:35,744] {logging_mixin.py:104} INFO - [2023-09-30 23:50:35,744] {dagbag.py:451} INFO - Filling up the DagBag from /home/airflow/.local/lib/python3.6/site-packages/airflow/example_dags/example_task_group.py
[2023-09-30 23:50:35,810] {scheduler_job.py:639} INFO - DAG(s) dict_keys(['example_task_group']) retrieved from /home/airflow/.local/lib/python3.6/site-packages/airflow/example_dags/example_task_group.py
[2023-09-30 23:50:35,900] {logging_mixin.py:104} INFO - [2023-09-30 23:50:35,898] {dag.py:1824} INFO - Sync 1 DAGs
[2023-09-30 23:50:35,983] {logging_mixin.py:104} INFO - [2023-09-30 23:50:35,982] {dag.py:2280} INFO - Setting next_dagrun for example_task_group to 2023-09-28 00:00:00+00:00
[2023-09-30 23:50:36,024] {scheduler_job.py:190} INFO - Processing /home/airflow/.local/lib/python3.6/site-packages/airflow/example_dags/example_task_group.py took 0.301 seconds
[2023-09-30 23:51:06,157] {scheduler_job.py:182} INFO - Started process (PID=731) to work on /home/airflow/.local/lib/python3.6/site-packages/airflow/example_dags/example_task_group.py
[2023-09-30 23:51:06,162] {scheduler_job.py:629} INFO - Processing file /home/airflow/.local/lib/python3.6/site-packages/airflow/example_dags/example_task_group.py for tasks to queue
[2023-09-30 23:51:06,166] {logging_mixin.py:104} INFO - [2023-09-30 23:51:06,166] {dagbag.py:451} INFO - Filling up the DagBag from /home/airflow/.local/lib/python3.6/site-packages/airflow/example_dags/example_task_group.py
[2023-09-30 23:51:06,230] {scheduler_job.py:639} INFO - DAG(s) dict_keys(['example_task_group']) retrieved from /home/airflow/.local/lib/python3.6/site-packages/airflow/example_dags/example_task_group.py
[2023-09-30 23:51:06,310] {logging_mixin.py:104} INFO - [2023-09-30 23:51:06,310] {dag.py:1824} INFO - Sync 1 DAGs
[2023-09-30 23:51:06,374] {logging_mixin.py:104} INFO - [2023-09-30 23:51:06,373] {dag.py:2280} INFO - Setting next_dagrun for example_task_group to 2023-09-28 00:00:00+00:00
[2023-09-30 23:51:06,410] {scheduler_job.py:190} INFO - Processing /home/airflow/.local/lib/python3.6/site-packages/airflow/example_dags/example_task_group.py took 0.264 seconds
