[2023-09-30 23:34:07,655] {scheduler_job.py:182} INFO - Started process (PID=117) to work on /home/airflow/.local/lib/python3.6/site-packages/airflow/example_dags/example_latest_only_with_trigger.py
[2023-09-30 23:34:07,668] {scheduler_job.py:629} INFO - Processing file /home/airflow/.local/lib/python3.6/site-packages/airflow/example_dags/example_latest_only_with_trigger.py for tasks to queue
[2023-09-30 23:34:07,674] {logging_mixin.py:104} INFO - [2023-09-30 23:34:07,673] {dagbag.py:451} INFO - Filling up the DagBag from /home/airflow/.local/lib/python3.6/site-packages/airflow/example_dags/example_latest_only_with_trigger.py
[2023-09-30 23:34:07,739] {scheduler_job.py:639} INFO - DAG(s) dict_keys(['latest_only_with_trigger']) retrieved from /home/airflow/.local/lib/python3.6/site-packages/airflow/example_dags/example_latest_only_with_trigger.py
[2023-09-30 23:34:07,841] {logging_mixin.py:104} INFO - [2023-09-30 23:34:07,840] {dag.py:1824} INFO - Sync 1 DAGs
[2023-09-30 23:34:08,008] {logging_mixin.py:104} INFO - [2023-09-30 23:34:08,007] {dag.py:1843} INFO - Creating ORM DAG for latest_only_with_trigger
[2023-09-30 23:34:08,070] {logging_mixin.py:104} INFO - [2023-09-30 23:34:08,069] {dag.py:2280} INFO - Setting next_dagrun for latest_only_with_trigger to 2023-09-28 00:00:00+00:00
[2023-09-30 23:34:08,232] {scheduler_job.py:190} INFO - Processing /home/airflow/.local/lib/python3.6/site-packages/airflow/example_dags/example_latest_only_with_trigger.py took 0.589 seconds
[2023-09-30 23:34:38,610] {scheduler_job.py:182} INFO - Started process (PID=167) to work on /home/airflow/.local/lib/python3.6/site-packages/airflow/example_dags/example_latest_only_with_trigger.py
[2023-09-30 23:34:38,617] {scheduler_job.py:629} INFO - Processing file /home/airflow/.local/lib/python3.6/site-packages/airflow/example_dags/example_latest_only_with_trigger.py for tasks to queue
[2023-09-30 23:34:38,623] {logging_mixin.py:104} INFO - [2023-09-30 23:34:38,622] {dagbag.py:451} INFO - Filling up the DagBag from /home/airflow/.local/lib/python3.6/site-packages/airflow/example_dags/example_latest_only_with_trigger.py
[2023-09-30 23:34:38,693] {scheduler_job.py:639} INFO - DAG(s) dict_keys(['latest_only_with_trigger']) retrieved from /home/airflow/.local/lib/python3.6/site-packages/airflow/example_dags/example_latest_only_with_trigger.py
[2023-09-30 23:34:38,797] {logging_mixin.py:104} INFO - [2023-09-30 23:34:38,797] {dag.py:1824} INFO - Sync 1 DAGs
[2023-09-30 23:34:38,921] {logging_mixin.py:104} INFO - [2023-09-30 23:34:38,920] {dag.py:2280} INFO - Setting next_dagrun for latest_only_with_trigger to 2023-09-28 00:00:00+00:00
[2023-09-30 23:34:39,023] {scheduler_job.py:190} INFO - Processing /home/airflow/.local/lib/python3.6/site-packages/airflow/example_dags/example_latest_only_with_trigger.py took 0.426 seconds
[2023-09-30 23:35:09,547] {scheduler_job.py:182} INFO - Started process (PID=219) to work on /home/airflow/.local/lib/python3.6/site-packages/airflow/example_dags/example_latest_only_with_trigger.py
[2023-09-30 23:35:09,558] {scheduler_job.py:629} INFO - Processing file /home/airflow/.local/lib/python3.6/site-packages/airflow/example_dags/example_latest_only_with_trigger.py for tasks to queue
[2023-09-30 23:35:09,566] {logging_mixin.py:104} INFO - [2023-09-30 23:35:09,564] {dagbag.py:451} INFO - Filling up the DagBag from /home/airflow/.local/lib/python3.6/site-packages/airflow/example_dags/example_latest_only_with_trigger.py
[2023-09-30 23:35:09,672] {scheduler_job.py:639} INFO - DAG(s) dict_keys(['latest_only_with_trigger']) retrieved from /home/airflow/.local/lib/python3.6/site-packages/airflow/example_dags/example_latest_only_with_trigger.py
[2023-09-30 23:35:09,852] {logging_mixin.py:104} INFO - [2023-09-30 23:35:09,851] {dag.py:1824} INFO - Sync 1 DAGs
[2023-09-30 23:35:09,995] {logging_mixin.py:104} INFO - [2023-09-30 23:35:09,994] {dag.py:2280} INFO - Setting next_dagrun for latest_only_with_trigger to 2023-09-28 00:00:00+00:00
[2023-09-30 23:35:10,068] {scheduler_job.py:190} INFO - Processing /home/airflow/.local/lib/python3.6/site-packages/airflow/example_dags/example_latest_only_with_trigger.py took 0.541 seconds
[2023-09-30 23:35:41,725] {scheduler_job.py:182} INFO - Started process (PID=271) to work on /home/airflow/.local/lib/python3.6/site-packages/airflow/example_dags/example_latest_only_with_trigger.py
[2023-09-30 23:35:41,744] {scheduler_job.py:629} INFO - Processing file /home/airflow/.local/lib/python3.6/site-packages/airflow/example_dags/example_latest_only_with_trigger.py for tasks to queue
[2023-09-30 23:35:41,763] {logging_mixin.py:104} INFO - [2023-09-30 23:35:41,762] {dagbag.py:451} INFO - Filling up the DagBag from /home/airflow/.local/lib/python3.6/site-packages/airflow/example_dags/example_latest_only_with_trigger.py
[2023-09-30 23:35:41,956] {scheduler_job.py:639} INFO - DAG(s) dict_keys(['latest_only_with_trigger']) retrieved from /home/airflow/.local/lib/python3.6/site-packages/airflow/example_dags/example_latest_only_with_trigger.py
[2023-09-30 23:35:42,075] {logging_mixin.py:104} INFO - [2023-09-30 23:35:42,074] {dag.py:1824} INFO - Sync 1 DAGs
[2023-09-30 23:35:42,265] {logging_mixin.py:104} INFO - [2023-09-30 23:35:42,264] {dag.py:2280} INFO - Setting next_dagrun for latest_only_with_trigger to 2023-09-28 00:00:00+00:00
[2023-09-30 23:35:42,330] {scheduler_job.py:190} INFO - Processing /home/airflow/.local/lib/python3.6/site-packages/airflow/example_dags/example_latest_only_with_trigger.py took 0.644 seconds
[2023-09-30 23:36:12,983] {scheduler_job.py:182} INFO - Started process (PID=323) to work on /home/airflow/.local/lib/python3.6/site-packages/airflow/example_dags/example_latest_only_with_trigger.py
[2023-09-30 23:36:12,999] {scheduler_job.py:629} INFO - Processing file /home/airflow/.local/lib/python3.6/site-packages/airflow/example_dags/example_latest_only_with_trigger.py for tasks to queue
[2023-09-30 23:36:13,007] {logging_mixin.py:104} INFO - [2023-09-30 23:36:13,005] {dagbag.py:451} INFO - Filling up the DagBag from /home/airflow/.local/lib/python3.6/site-packages/airflow/example_dags/example_latest_only_with_trigger.py
[2023-09-30 23:36:13,121] {scheduler_job.py:639} INFO - DAG(s) dict_keys(['latest_only_with_trigger']) retrieved from /home/airflow/.local/lib/python3.6/site-packages/airflow/example_dags/example_latest_only_with_trigger.py
[2023-09-30 23:36:13,380] {logging_mixin.py:104} INFO - [2023-09-30 23:36:13,379] {dag.py:1824} INFO - Sync 1 DAGs
[2023-09-30 23:36:13,564] {logging_mixin.py:104} INFO - [2023-09-30 23:36:13,563] {dag.py:2280} INFO - Setting next_dagrun for latest_only_with_trigger to 2023-09-28 00:00:00+00:00
[2023-09-30 23:36:13,739] {scheduler_job.py:190} INFO - Processing /home/airflow/.local/lib/python3.6/site-packages/airflow/example_dags/example_latest_only_with_trigger.py took 0.783 seconds
[2023-09-30 23:37:03,115] {scheduler_job.py:182} INFO - Started process (PID=82) to work on /home/airflow/.local/lib/python3.6/site-packages/airflow/example_dags/example_latest_only_with_trigger.py
[2023-09-30 23:37:03,122] {scheduler_job.py:629} INFO - Processing file /home/airflow/.local/lib/python3.6/site-packages/airflow/example_dags/example_latest_only_with_trigger.py for tasks to queue
[2023-09-30 23:37:03,127] {logging_mixin.py:104} INFO - [2023-09-30 23:37:03,126] {dagbag.py:451} INFO - Filling up the DagBag from /home/airflow/.local/lib/python3.6/site-packages/airflow/example_dags/example_latest_only_with_trigger.py
[2023-09-30 23:37:03,186] {scheduler_job.py:639} INFO - DAG(s) dict_keys(['latest_only_with_trigger']) retrieved from /home/airflow/.local/lib/python3.6/site-packages/airflow/example_dags/example_latest_only_with_trigger.py
[2023-09-30 23:37:03,294] {logging_mixin.py:104} INFO - [2023-09-30 23:37:03,294] {dag.py:1824} INFO - Sync 1 DAGs
[2023-09-30 23:37:03,388] {logging_mixin.py:104} INFO - [2023-09-30 23:37:03,387] {dag.py:2280} INFO - Setting next_dagrun for latest_only_with_trigger to 2023-09-28 00:00:00+00:00
[2023-09-30 23:37:03,446] {scheduler_job.py:190} INFO - Processing /home/airflow/.local/lib/python3.6/site-packages/airflow/example_dags/example_latest_only_with_trigger.py took 0.342 seconds
[2023-09-30 23:37:34,058] {scheduler_job.py:182} INFO - Started process (PID=136) to work on /home/airflow/.local/lib/python3.6/site-packages/airflow/example_dags/example_latest_only_with_trigger.py
[2023-09-30 23:37:34,064] {scheduler_job.py:629} INFO - Processing file /home/airflow/.local/lib/python3.6/site-packages/airflow/example_dags/example_latest_only_with_trigger.py for tasks to queue
[2023-09-30 23:37:34,068] {logging_mixin.py:104} INFO - [2023-09-30 23:37:34,067] {dagbag.py:451} INFO - Filling up the DagBag from /home/airflow/.local/lib/python3.6/site-packages/airflow/example_dags/example_latest_only_with_trigger.py
[2023-09-30 23:37:34,135] {scheduler_job.py:639} INFO - DAG(s) dict_keys(['latest_only_with_trigger']) retrieved from /home/airflow/.local/lib/python3.6/site-packages/airflow/example_dags/example_latest_only_with_trigger.py
[2023-09-30 23:37:34,262] {logging_mixin.py:104} INFO - [2023-09-30 23:37:34,261] {dag.py:1824} INFO - Sync 1 DAGs
[2023-09-30 23:37:34,417] {logging_mixin.py:104} INFO - [2023-09-30 23:37:34,415] {dag.py:2280} INFO - Setting next_dagrun for latest_only_with_trigger to 2023-09-28 00:00:00+00:00
[2023-09-30 23:37:34,532] {scheduler_job.py:190} INFO - Processing /home/airflow/.local/lib/python3.6/site-packages/airflow/example_dags/example_latest_only_with_trigger.py took 0.484 seconds
[2023-09-30 23:38:04,893] {scheduler_job.py:182} INFO - Started process (PID=188) to work on /home/airflow/.local/lib/python3.6/site-packages/airflow/example_dags/example_latest_only_with_trigger.py
[2023-09-30 23:38:04,899] {scheduler_job.py:629} INFO - Processing file /home/airflow/.local/lib/python3.6/site-packages/airflow/example_dags/example_latest_only_with_trigger.py for tasks to queue
[2023-09-30 23:38:04,904] {logging_mixin.py:104} INFO - [2023-09-30 23:38:04,903] {dagbag.py:451} INFO - Filling up the DagBag from /home/airflow/.local/lib/python3.6/site-packages/airflow/example_dags/example_latest_only_with_trigger.py
[2023-09-30 23:38:04,964] {scheduler_job.py:639} INFO - DAG(s) dict_keys(['latest_only_with_trigger']) retrieved from /home/airflow/.local/lib/python3.6/site-packages/airflow/example_dags/example_latest_only_with_trigger.py
[2023-09-30 23:38:05,061] {logging_mixin.py:104} INFO - [2023-09-30 23:38:05,060] {dag.py:1824} INFO - Sync 1 DAGs
[2023-09-30 23:38:05,141] {logging_mixin.py:104} INFO - [2023-09-30 23:38:05,140] {dag.py:2280} INFO - Setting next_dagrun for latest_only_with_trigger to 2023-09-28 00:00:00+00:00
[2023-09-30 23:38:05,187] {scheduler_job.py:190} INFO - Processing /home/airflow/.local/lib/python3.6/site-packages/airflow/example_dags/example_latest_only_with_trigger.py took 0.304 seconds
[2023-09-30 23:38:35,291] {scheduler_job.py:182} INFO - Started process (PID=236) to work on /home/airflow/.local/lib/python3.6/site-packages/airflow/example_dags/example_latest_only_with_trigger.py
[2023-09-30 23:38:35,299] {scheduler_job.py:629} INFO - Processing file /home/airflow/.local/lib/python3.6/site-packages/airflow/example_dags/example_latest_only_with_trigger.py for tasks to queue
[2023-09-30 23:38:35,304] {logging_mixin.py:104} INFO - [2023-09-30 23:38:35,303] {dagbag.py:451} INFO - Filling up the DagBag from /home/airflow/.local/lib/python3.6/site-packages/airflow/example_dags/example_latest_only_with_trigger.py
[2023-09-30 23:38:35,365] {scheduler_job.py:639} INFO - DAG(s) dict_keys(['latest_only_with_trigger']) retrieved from /home/airflow/.local/lib/python3.6/site-packages/airflow/example_dags/example_latest_only_with_trigger.py
[2023-09-30 23:38:35,458] {logging_mixin.py:104} INFO - [2023-09-30 23:38:35,458] {dag.py:1824} INFO - Sync 1 DAGs
[2023-09-30 23:38:35,538] {logging_mixin.py:104} INFO - [2023-09-30 23:38:35,537] {dag.py:2280} INFO - Setting next_dagrun for latest_only_with_trigger to 2023-09-28 00:00:00+00:00
[2023-09-30 23:38:35,580] {scheduler_job.py:190} INFO - Processing /home/airflow/.local/lib/python3.6/site-packages/airflow/example_dags/example_latest_only_with_trigger.py took 0.301 seconds
[2023-09-30 23:39:06,461] {scheduler_job.py:182} INFO - Started process (PID=288) to work on /home/airflow/.local/lib/python3.6/site-packages/airflow/example_dags/example_latest_only_with_trigger.py
[2023-09-30 23:39:06,471] {scheduler_job.py:629} INFO - Processing file /home/airflow/.local/lib/python3.6/site-packages/airflow/example_dags/example_latest_only_with_trigger.py for tasks to queue
[2023-09-30 23:39:06,479] {logging_mixin.py:104} INFO - [2023-09-30 23:39:06,479] {dagbag.py:451} INFO - Filling up the DagBag from /home/airflow/.local/lib/python3.6/site-packages/airflow/example_dags/example_latest_only_with_trigger.py
[2023-09-30 23:39:06,563] {scheduler_job.py:639} INFO - DAG(s) dict_keys(['latest_only_with_trigger']) retrieved from /home/airflow/.local/lib/python3.6/site-packages/airflow/example_dags/example_latest_only_with_trigger.py
[2023-09-30 23:39:06,690] {logging_mixin.py:104} INFO - [2023-09-30 23:39:06,690] {dag.py:1824} INFO - Sync 1 DAGs
[2023-09-30 23:39:06,779] {logging_mixin.py:104} INFO - [2023-09-30 23:39:06,778] {dag.py:2280} INFO - Setting next_dagrun for latest_only_with_trigger to 2023-09-28 00:00:00+00:00
[2023-09-30 23:39:06,836] {scheduler_job.py:190} INFO - Processing /home/airflow/.local/lib/python3.6/site-packages/airflow/example_dags/example_latest_only_with_trigger.py took 0.405 seconds
[2023-09-30 23:39:36,996] {scheduler_job.py:182} INFO - Started process (PID=336) to work on /home/airflow/.local/lib/python3.6/site-packages/airflow/example_dags/example_latest_only_with_trigger.py
[2023-09-30 23:39:37,004] {scheduler_job.py:629} INFO - Processing file /home/airflow/.local/lib/python3.6/site-packages/airflow/example_dags/example_latest_only_with_trigger.py for tasks to queue
[2023-09-30 23:39:37,008] {logging_mixin.py:104} INFO - [2023-09-30 23:39:37,008] {dagbag.py:451} INFO - Filling up the DagBag from /home/airflow/.local/lib/python3.6/site-packages/airflow/example_dags/example_latest_only_with_trigger.py
[2023-09-30 23:39:37,088] {scheduler_job.py:639} INFO - DAG(s) dict_keys(['latest_only_with_trigger']) retrieved from /home/airflow/.local/lib/python3.6/site-packages/airflow/example_dags/example_latest_only_with_trigger.py
[2023-09-30 23:39:37,219] {logging_mixin.py:104} INFO - [2023-09-30 23:39:37,218] {dag.py:1824} INFO - Sync 1 DAGs
[2023-09-30 23:39:37,344] {logging_mixin.py:104} INFO - [2023-09-30 23:39:37,343] {dag.py:2280} INFO - Setting next_dagrun for latest_only_with_trigger to 2023-09-28 00:00:00+00:00
[2023-09-30 23:39:37,417] {scheduler_job.py:190} INFO - Processing /home/airflow/.local/lib/python3.6/site-packages/airflow/example_dags/example_latest_only_with_trigger.py took 0.438 seconds
[2023-09-30 23:40:07,493] {scheduler_job.py:182} INFO - Started process (PID=388) to work on /home/airflow/.local/lib/python3.6/site-packages/airflow/example_dags/example_latest_only_with_trigger.py
[2023-09-30 23:40:07,498] {scheduler_job.py:629} INFO - Processing file /home/airflow/.local/lib/python3.6/site-packages/airflow/example_dags/example_latest_only_with_trigger.py for tasks to queue
[2023-09-30 23:40:07,502] {logging_mixin.py:104} INFO - [2023-09-30 23:40:07,501] {dagbag.py:451} INFO - Filling up the DagBag from /home/airflow/.local/lib/python3.6/site-packages/airflow/example_dags/example_latest_only_with_trigger.py
[2023-09-30 23:40:07,554] {scheduler_job.py:639} INFO - DAG(s) dict_keys(['latest_only_with_trigger']) retrieved from /home/airflow/.local/lib/python3.6/site-packages/airflow/example_dags/example_latest_only_with_trigger.py
[2023-09-30 23:40:07,642] {logging_mixin.py:104} INFO - [2023-09-30 23:40:07,642] {dag.py:1824} INFO - Sync 1 DAGs
[2023-09-30 23:40:07,719] {logging_mixin.py:104} INFO - [2023-09-30 23:40:07,718] {dag.py:2280} INFO - Setting next_dagrun for latest_only_with_trigger to 2023-09-28 00:00:00+00:00
[2023-09-30 23:40:07,761] {scheduler_job.py:190} INFO - Processing /home/airflow/.local/lib/python3.6/site-packages/airflow/example_dags/example_latest_only_with_trigger.py took 0.278 seconds
[2023-09-30 23:40:38,048] {scheduler_job.py:182} INFO - Started process (PID=440) to work on /home/airflow/.local/lib/python3.6/site-packages/airflow/example_dags/example_latest_only_with_trigger.py
[2023-09-30 23:40:38,064] {scheduler_job.py:629} INFO - Processing file /home/airflow/.local/lib/python3.6/site-packages/airflow/example_dags/example_latest_only_with_trigger.py for tasks to queue
[2023-09-30 23:40:38,071] {logging_mixin.py:104} INFO - [2023-09-30 23:40:38,069] {dagbag.py:451} INFO - Filling up the DagBag from /home/airflow/.local/lib/python3.6/site-packages/airflow/example_dags/example_latest_only_with_trigger.py
[2023-09-30 23:40:38,191] {scheduler_job.py:639} INFO - DAG(s) dict_keys(['latest_only_with_trigger']) retrieved from /home/airflow/.local/lib/python3.6/site-packages/airflow/example_dags/example_latest_only_with_trigger.py
[2023-09-30 23:40:38,338] {logging_mixin.py:104} INFO - [2023-09-30 23:40:38,337] {dag.py:1824} INFO - Sync 1 DAGs
[2023-09-30 23:40:38,464] {logging_mixin.py:104} INFO - [2023-09-30 23:40:38,463] {dag.py:2280} INFO - Setting next_dagrun for latest_only_with_trigger to 2023-09-28 00:00:00+00:00
[2023-09-30 23:40:38,543] {scheduler_job.py:190} INFO - Processing /home/airflow/.local/lib/python3.6/site-packages/airflow/example_dags/example_latest_only_with_trigger.py took 0.528 seconds
[2023-09-30 23:44:45,032] {scheduler_job.py:182} INFO - Started process (PID=79) to work on /home/airflow/.local/lib/python3.6/site-packages/airflow/example_dags/example_latest_only_with_trigger.py
[2023-09-30 23:44:45,054] {scheduler_job.py:629} INFO - Processing file /home/airflow/.local/lib/python3.6/site-packages/airflow/example_dags/example_latest_only_with_trigger.py for tasks to queue
[2023-09-30 23:44:45,073] {logging_mixin.py:104} INFO - [2023-09-30 23:44:45,066] {dagbag.py:451} INFO - Filling up the DagBag from /home/airflow/.local/lib/python3.6/site-packages/airflow/example_dags/example_latest_only_with_trigger.py
[2023-09-30 23:44:45,500] {scheduler_job.py:639} INFO - DAG(s) dict_keys(['latest_only_with_trigger']) retrieved from /home/airflow/.local/lib/python3.6/site-packages/airflow/example_dags/example_latest_only_with_trigger.py
[2023-09-30 23:44:45,983] {logging_mixin.py:104} INFO - [2023-09-30 23:44:45,982] {dag.py:1824} INFO - Sync 1 DAGs
[2023-09-30 23:44:46,334] {logging_mixin.py:104} INFO - [2023-09-30 23:44:46,333] {dag.py:2280} INFO - Setting next_dagrun for latest_only_with_trigger to 2023-09-28 00:00:00+00:00
[2023-09-30 23:44:46,432] {scheduler_job.py:190} INFO - Processing /home/airflow/.local/lib/python3.6/site-packages/airflow/example_dags/example_latest_only_with_trigger.py took 1.446 seconds
[2023-09-30 23:45:16,924] {scheduler_job.py:182} INFO - Started process (PID=131) to work on /home/airflow/.local/lib/python3.6/site-packages/airflow/example_dags/example_latest_only_with_trigger.py
[2023-09-30 23:45:16,948] {scheduler_job.py:629} INFO - Processing file /home/airflow/.local/lib/python3.6/site-packages/airflow/example_dags/example_latest_only_with_trigger.py for tasks to queue
[2023-09-30 23:45:16,957] {logging_mixin.py:104} INFO - [2023-09-30 23:45:16,956] {dagbag.py:451} INFO - Filling up the DagBag from /home/airflow/.local/lib/python3.6/site-packages/airflow/example_dags/example_latest_only_with_trigger.py
[2023-09-30 23:45:17,093] {scheduler_job.py:639} INFO - DAG(s) dict_keys(['latest_only_with_trigger']) retrieved from /home/airflow/.local/lib/python3.6/site-packages/airflow/example_dags/example_latest_only_with_trigger.py
[2023-09-30 23:45:17,297] {logging_mixin.py:104} INFO - [2023-09-30 23:45:17,296] {dag.py:1824} INFO - Sync 1 DAGs
[2023-09-30 23:45:17,475] {logging_mixin.py:104} INFO - [2023-09-30 23:45:17,474] {dag.py:2280} INFO - Setting next_dagrun for latest_only_with_trigger to 2023-09-28 00:00:00+00:00
[2023-09-30 23:45:17,554] {scheduler_job.py:190} INFO - Processing /home/airflow/.local/lib/python3.6/site-packages/airflow/example_dags/example_latest_only_with_trigger.py took 0.715 seconds
[2023-09-30 23:45:48,365] {scheduler_job.py:182} INFO - Started process (PID=183) to work on /home/airflow/.local/lib/python3.6/site-packages/airflow/example_dags/example_latest_only_with_trigger.py
[2023-09-30 23:45:48,377] {scheduler_job.py:629} INFO - Processing file /home/airflow/.local/lib/python3.6/site-packages/airflow/example_dags/example_latest_only_with_trigger.py for tasks to queue
[2023-09-30 23:45:48,385] {logging_mixin.py:104} INFO - [2023-09-30 23:45:48,383] {dagbag.py:451} INFO - Filling up the DagBag from /home/airflow/.local/lib/python3.6/site-packages/airflow/example_dags/example_latest_only_with_trigger.py
[2023-09-30 23:45:48,484] {scheduler_job.py:639} INFO - DAG(s) dict_keys(['latest_only_with_trigger']) retrieved from /home/airflow/.local/lib/python3.6/site-packages/airflow/example_dags/example_latest_only_with_trigger.py
[2023-09-30 23:45:48,611] {logging_mixin.py:104} INFO - [2023-09-30 23:45:48,610] {dag.py:1824} INFO - Sync 1 DAGs
[2023-09-30 23:45:48,751] {logging_mixin.py:104} INFO - [2023-09-30 23:45:48,750] {dag.py:2280} INFO - Setting next_dagrun for latest_only_with_trigger to 2023-09-28 00:00:00+00:00
[2023-09-30 23:45:48,840] {scheduler_job.py:190} INFO - Processing /home/airflow/.local/lib/python3.6/site-packages/airflow/example_dags/example_latest_only_with_trigger.py took 0.489 seconds
[2023-09-30 23:46:19,264] {scheduler_job.py:182} INFO - Started process (PID=235) to work on /home/airflow/.local/lib/python3.6/site-packages/airflow/example_dags/example_latest_only_with_trigger.py
[2023-09-30 23:46:19,272] {scheduler_job.py:629} INFO - Processing file /home/airflow/.local/lib/python3.6/site-packages/airflow/example_dags/example_latest_only_with_trigger.py for tasks to queue
[2023-09-30 23:46:19,280] {logging_mixin.py:104} INFO - [2023-09-30 23:46:19,279] {dagbag.py:451} INFO - Filling up the DagBag from /home/airflow/.local/lib/python3.6/site-packages/airflow/example_dags/example_latest_only_with_trigger.py
[2023-09-30 23:46:19,423] {scheduler_job.py:639} INFO - DAG(s) dict_keys(['latest_only_with_trigger']) retrieved from /home/airflow/.local/lib/python3.6/site-packages/airflow/example_dags/example_latest_only_with_trigger.py
[2023-09-30 23:46:19,631] {logging_mixin.py:104} INFO - [2023-09-30 23:46:19,628] {dag.py:1824} INFO - Sync 1 DAGs
[2023-09-30 23:46:19,987] {logging_mixin.py:104} INFO - [2023-09-30 23:46:19,984] {dag.py:2280} INFO - Setting next_dagrun for latest_only_with_trigger to 2023-09-28 00:00:00+00:00
[2023-09-30 23:46:20,208] {scheduler_job.py:190} INFO - Processing /home/airflow/.local/lib/python3.6/site-packages/airflow/example_dags/example_latest_only_with_trigger.py took 0.961 seconds
[2023-09-30 23:46:51,090] {scheduler_job.py:182} INFO - Started process (PID=287) to work on /home/airflow/.local/lib/python3.6/site-packages/airflow/example_dags/example_latest_only_with_trigger.py
[2023-09-30 23:46:51,104] {scheduler_job.py:629} INFO - Processing file /home/airflow/.local/lib/python3.6/site-packages/airflow/example_dags/example_latest_only_with_trigger.py for tasks to queue
[2023-09-30 23:46:51,109] {logging_mixin.py:104} INFO - [2023-09-30 23:46:51,108] {dagbag.py:451} INFO - Filling up the DagBag from /home/airflow/.local/lib/python3.6/site-packages/airflow/example_dags/example_latest_only_with_trigger.py
[2023-09-30 23:46:51,220] {scheduler_job.py:639} INFO - DAG(s) dict_keys(['latest_only_with_trigger']) retrieved from /home/airflow/.local/lib/python3.6/site-packages/airflow/example_dags/example_latest_only_with_trigger.py
[2023-09-30 23:46:51,420] {logging_mixin.py:104} INFO - [2023-09-30 23:46:51,419] {dag.py:1824} INFO - Sync 1 DAGs
[2023-09-30 23:46:51,552] {logging_mixin.py:104} INFO - [2023-09-30 23:46:51,551] {dag.py:2280} INFO - Setting next_dagrun for latest_only_with_trigger to 2023-09-28 00:00:00+00:00
[2023-09-30 23:46:51,631] {scheduler_job.py:190} INFO - Processing /home/airflow/.local/lib/python3.6/site-packages/airflow/example_dags/example_latest_only_with_trigger.py took 0.565 seconds
[2023-09-30 23:47:22,040] {scheduler_job.py:182} INFO - Started process (PID=339) to work on /home/airflow/.local/lib/python3.6/site-packages/airflow/example_dags/example_latest_only_with_trigger.py
[2023-09-30 23:47:22,049] {scheduler_job.py:629} INFO - Processing file /home/airflow/.local/lib/python3.6/site-packages/airflow/example_dags/example_latest_only_with_trigger.py for tasks to queue
[2023-09-30 23:47:22,089] {logging_mixin.py:104} INFO - [2023-09-30 23:47:22,088] {dagbag.py:451} INFO - Filling up the DagBag from /home/airflow/.local/lib/python3.6/site-packages/airflow/example_dags/example_latest_only_with_trigger.py
[2023-09-30 23:47:22,241] {scheduler_job.py:639} INFO - DAG(s) dict_keys(['latest_only_with_trigger']) retrieved from /home/airflow/.local/lib/python3.6/site-packages/airflow/example_dags/example_latest_only_with_trigger.py
[2023-09-30 23:47:22,412] {logging_mixin.py:104} INFO - [2023-09-30 23:47:22,410] {dag.py:1824} INFO - Sync 1 DAGs
[2023-09-30 23:47:22,527] {logging_mixin.py:104} INFO - [2023-09-30 23:47:22,526] {dag.py:2280} INFO - Setting next_dagrun for latest_only_with_trigger to 2023-09-28 00:00:00+00:00
[2023-09-30 23:47:22,578] {scheduler_job.py:190} INFO - Processing /home/airflow/.local/lib/python3.6/site-packages/airflow/example_dags/example_latest_only_with_trigger.py took 0.555 seconds
[2023-09-30 23:47:53,194] {scheduler_job.py:182} INFO - Started process (PID=391) to work on /home/airflow/.local/lib/python3.6/site-packages/airflow/example_dags/example_latest_only_with_trigger.py
[2023-09-30 23:47:53,201] {scheduler_job.py:629} INFO - Processing file /home/airflow/.local/lib/python3.6/site-packages/airflow/example_dags/example_latest_only_with_trigger.py for tasks to queue
[2023-09-30 23:47:53,205] {logging_mixin.py:104} INFO - [2023-09-30 23:47:53,205] {dagbag.py:451} INFO - Filling up the DagBag from /home/airflow/.local/lib/python3.6/site-packages/airflow/example_dags/example_latest_only_with_trigger.py
[2023-09-30 23:47:53,261] {scheduler_job.py:639} INFO - DAG(s) dict_keys(['latest_only_with_trigger']) retrieved from /home/airflow/.local/lib/python3.6/site-packages/airflow/example_dags/example_latest_only_with_trigger.py
[2023-09-30 23:47:53,351] {logging_mixin.py:104} INFO - [2023-09-30 23:47:53,350] {dag.py:1824} INFO - Sync 1 DAGs
[2023-09-30 23:47:53,425] {logging_mixin.py:104} INFO - [2023-09-30 23:47:53,424] {dag.py:2280} INFO - Setting next_dagrun for latest_only_with_trigger to 2023-09-28 00:00:00+00:00
[2023-09-30 23:47:53,471] {scheduler_job.py:190} INFO - Processing /home/airflow/.local/lib/python3.6/site-packages/airflow/example_dags/example_latest_only_with_trigger.py took 0.289 seconds
[2023-09-30 23:48:23,780] {scheduler_job.py:182} INFO - Started process (PID=443) to work on /home/airflow/.local/lib/python3.6/site-packages/airflow/example_dags/example_latest_only_with_trigger.py
[2023-09-30 23:48:23,786] {scheduler_job.py:629} INFO - Processing file /home/airflow/.local/lib/python3.6/site-packages/airflow/example_dags/example_latest_only_with_trigger.py for tasks to queue
[2023-09-30 23:48:23,790] {logging_mixin.py:104} INFO - [2023-09-30 23:48:23,789] {dagbag.py:451} INFO - Filling up the DagBag from /home/airflow/.local/lib/python3.6/site-packages/airflow/example_dags/example_latest_only_with_trigger.py
[2023-09-30 23:48:23,837] {scheduler_job.py:639} INFO - DAG(s) dict_keys(['latest_only_with_trigger']) retrieved from /home/airflow/.local/lib/python3.6/site-packages/airflow/example_dags/example_latest_only_with_trigger.py
[2023-09-30 23:48:23,916] {logging_mixin.py:104} INFO - [2023-09-30 23:48:23,916] {dag.py:1824} INFO - Sync 1 DAGs
[2023-09-30 23:48:23,979] {logging_mixin.py:104} INFO - [2023-09-30 23:48:23,979] {dag.py:2280} INFO - Setting next_dagrun for latest_only_with_trigger to 2023-09-28 00:00:00+00:00
[2023-09-30 23:48:24,016] {scheduler_job.py:190} INFO - Processing /home/airflow/.local/lib/python3.6/site-packages/airflow/example_dags/example_latest_only_with_trigger.py took 0.245 seconds
[2023-09-30 23:48:54,386] {scheduler_job.py:182} INFO - Started process (PID=495) to work on /home/airflow/.local/lib/python3.6/site-packages/airflow/example_dags/example_latest_only_with_trigger.py
[2023-09-30 23:48:54,392] {scheduler_job.py:629} INFO - Processing file /home/airflow/.local/lib/python3.6/site-packages/airflow/example_dags/example_latest_only_with_trigger.py for tasks to queue
[2023-09-30 23:48:54,397] {logging_mixin.py:104} INFO - [2023-09-30 23:48:54,396] {dagbag.py:451} INFO - Filling up the DagBag from /home/airflow/.local/lib/python3.6/site-packages/airflow/example_dags/example_latest_only_with_trigger.py
[2023-09-30 23:48:54,451] {scheduler_job.py:639} INFO - DAG(s) dict_keys(['latest_only_with_trigger']) retrieved from /home/airflow/.local/lib/python3.6/site-packages/airflow/example_dags/example_latest_only_with_trigger.py
[2023-09-30 23:48:54,536] {logging_mixin.py:104} INFO - [2023-09-30 23:48:54,535] {dag.py:1824} INFO - Sync 1 DAGs
[2023-09-30 23:48:54,611] {logging_mixin.py:104} INFO - [2023-09-30 23:48:54,610] {dag.py:2280} INFO - Setting next_dagrun for latest_only_with_trigger to 2023-09-28 00:00:00+00:00
[2023-09-30 23:48:54,649] {scheduler_job.py:190} INFO - Processing /home/airflow/.local/lib/python3.6/site-packages/airflow/example_dags/example_latest_only_with_trigger.py took 0.274 seconds
[2023-09-30 23:49:24,732] {scheduler_job.py:182} INFO - Started process (PID=547) to work on /home/airflow/.local/lib/python3.6/site-packages/airflow/example_dags/example_latest_only_with_trigger.py
[2023-09-30 23:49:24,738] {scheduler_job.py:629} INFO - Processing file /home/airflow/.local/lib/python3.6/site-packages/airflow/example_dags/example_latest_only_with_trigger.py for tasks to queue
[2023-09-30 23:49:24,741] {logging_mixin.py:104} INFO - [2023-09-30 23:49:24,741] {dagbag.py:451} INFO - Filling up the DagBag from /home/airflow/.local/lib/python3.6/site-packages/airflow/example_dags/example_latest_only_with_trigger.py
[2023-09-30 23:49:24,792] {scheduler_job.py:639} INFO - DAG(s) dict_keys(['latest_only_with_trigger']) retrieved from /home/airflow/.local/lib/python3.6/site-packages/airflow/example_dags/example_latest_only_with_trigger.py
[2023-09-30 23:49:24,885] {logging_mixin.py:104} INFO - [2023-09-30 23:49:24,885] {dag.py:1824} INFO - Sync 1 DAGs
[2023-09-30 23:49:24,959] {logging_mixin.py:104} INFO - [2023-09-30 23:49:24,958] {dag.py:2280} INFO - Setting next_dagrun for latest_only_with_trigger to 2023-09-28 00:00:00+00:00
[2023-09-30 23:49:24,997] {scheduler_job.py:190} INFO - Processing /home/airflow/.local/lib/python3.6/site-packages/airflow/example_dags/example_latest_only_with_trigger.py took 0.276 seconds
[2023-09-30 23:49:55,186] {scheduler_job.py:182} INFO - Started process (PID=599) to work on /home/airflow/.local/lib/python3.6/site-packages/airflow/example_dags/example_latest_only_with_trigger.py
[2023-09-30 23:49:55,192] {scheduler_job.py:629} INFO - Processing file /home/airflow/.local/lib/python3.6/site-packages/airflow/example_dags/example_latest_only_with_trigger.py for tasks to queue
[2023-09-30 23:49:55,197] {logging_mixin.py:104} INFO - [2023-09-30 23:49:55,196] {dagbag.py:451} INFO - Filling up the DagBag from /home/airflow/.local/lib/python3.6/site-packages/airflow/example_dags/example_latest_only_with_trigger.py
[2023-09-30 23:49:55,268] {scheduler_job.py:639} INFO - DAG(s) dict_keys(['latest_only_with_trigger']) retrieved from /home/airflow/.local/lib/python3.6/site-packages/airflow/example_dags/example_latest_only_with_trigger.py
[2023-09-30 23:49:55,371] {logging_mixin.py:104} INFO - [2023-09-30 23:49:55,370] {dag.py:1824} INFO - Sync 1 DAGs
[2023-09-30 23:49:55,459] {logging_mixin.py:104} INFO - [2023-09-30 23:49:55,458] {dag.py:2280} INFO - Setting next_dagrun for latest_only_with_trigger to 2023-09-28 00:00:00+00:00
[2023-09-30 23:49:55,514] {scheduler_job.py:190} INFO - Processing /home/airflow/.local/lib/python3.6/site-packages/airflow/example_dags/example_latest_only_with_trigger.py took 0.339 seconds
[2023-09-30 23:50:25,696] {scheduler_job.py:182} INFO - Started process (PID=651) to work on /home/airflow/.local/lib/python3.6/site-packages/airflow/example_dags/example_latest_only_with_trigger.py
[2023-09-30 23:50:25,701] {scheduler_job.py:629} INFO - Processing file /home/airflow/.local/lib/python3.6/site-packages/airflow/example_dags/example_latest_only_with_trigger.py for tasks to queue
[2023-09-30 23:50:25,707] {logging_mixin.py:104} INFO - [2023-09-30 23:50:25,706] {dagbag.py:451} INFO - Filling up the DagBag from /home/airflow/.local/lib/python3.6/site-packages/airflow/example_dags/example_latest_only_with_trigger.py
[2023-09-30 23:50:25,762] {scheduler_job.py:639} INFO - DAG(s) dict_keys(['latest_only_with_trigger']) retrieved from /home/airflow/.local/lib/python3.6/site-packages/airflow/example_dags/example_latest_only_with_trigger.py
[2023-09-30 23:50:25,832] {logging_mixin.py:104} INFO - [2023-09-30 23:50:25,832] {dag.py:1824} INFO - Sync 1 DAGs
[2023-09-30 23:50:25,896] {logging_mixin.py:104} INFO - [2023-09-30 23:50:25,895] {dag.py:2280} INFO - Setting next_dagrun for latest_only_with_trigger to 2023-09-28 00:00:00+00:00
[2023-09-30 23:50:25,931] {scheduler_job.py:190} INFO - Processing /home/airflow/.local/lib/python3.6/site-packages/airflow/example_dags/example_latest_only_with_trigger.py took 0.245 seconds
[2023-09-30 23:50:56,135] {scheduler_job.py:182} INFO - Started process (PID=703) to work on /home/airflow/.local/lib/python3.6/site-packages/airflow/example_dags/example_latest_only_with_trigger.py
[2023-09-30 23:50:56,140] {scheduler_job.py:629} INFO - Processing file /home/airflow/.local/lib/python3.6/site-packages/airflow/example_dags/example_latest_only_with_trigger.py for tasks to queue
[2023-09-30 23:50:56,144] {logging_mixin.py:104} INFO - [2023-09-30 23:50:56,143] {dagbag.py:451} INFO - Filling up the DagBag from /home/airflow/.local/lib/python3.6/site-packages/airflow/example_dags/example_latest_only_with_trigger.py
[2023-09-30 23:50:56,199] {scheduler_job.py:639} INFO - DAG(s) dict_keys(['latest_only_with_trigger']) retrieved from /home/airflow/.local/lib/python3.6/site-packages/airflow/example_dags/example_latest_only_with_trigger.py
[2023-09-30 23:50:56,272] {logging_mixin.py:104} INFO - [2023-09-30 23:50:56,271] {dag.py:1824} INFO - Sync 1 DAGs
[2023-09-30 23:50:56,335] {logging_mixin.py:104} INFO - [2023-09-30 23:50:56,335] {dag.py:2280} INFO - Setting next_dagrun for latest_only_with_trigger to 2023-09-28 00:00:00+00:00
[2023-09-30 23:50:56,368] {scheduler_job.py:190} INFO - Processing /home/airflow/.local/lib/python3.6/site-packages/airflow/example_dags/example_latest_only_with_trigger.py took 0.244 seconds
