[2023-09-30 23:33:51,045] {scheduler_job.py:182} INFO - Started process (PID=75) to work on /home/airflow/.local/lib/python3.6/site-packages/airflow/example_dags/example_nested_branch_dag.py
[2023-09-30 23:33:51,060] {scheduler_job.py:629} INFO - Processing file /home/airflow/.local/lib/python3.6/site-packages/airflow/example_dags/example_nested_branch_dag.py for tasks to queue
[2023-09-30 23:33:51,073] {logging_mixin.py:104} INFO - [2023-09-30 23:33:51,071] {dagbag.py:451} INFO - Filling up the DagBag from /home/airflow/.local/lib/python3.6/site-packages/airflow/example_dags/example_nested_branch_dag.py
[2023-09-30 23:33:51,385] {scheduler_job.py:639} INFO - DAG(s) dict_keys(['example_nested_branch_dag']) retrieved from /home/airflow/.local/lib/python3.6/site-packages/airflow/example_dags/example_nested_branch_dag.py
[2023-09-30 23:33:51,927] {logging_mixin.py:104} INFO - [2023-09-30 23:33:51,926] {dag.py:1824} INFO - Sync 1 DAGs
[2023-09-30 23:33:52,221] {logging_mixin.py:104} INFO - [2023-09-30 23:33:52,219] {dag.py:1843} INFO - Creating ORM DAG for example_nested_branch_dag
[2023-09-30 23:33:52,661] {logging_mixin.py:104} INFO - [2023-09-30 23:33:52,660] {dag.py:2280} INFO - Setting next_dagrun for example_nested_branch_dag to 2023-09-28 00:00:00+00:00
[2023-09-30 23:33:52,966] {scheduler_job.py:190} INFO - Processing /home/airflow/.local/lib/python3.6/site-packages/airflow/example_dags/example_nested_branch_dag.py took 1.942 seconds
[2023-09-30 23:34:23,391] {scheduler_job.py:182} INFO - Started process (PID=129) to work on /home/airflow/.local/lib/python3.6/site-packages/airflow/example_dags/example_nested_branch_dag.py
[2023-09-30 23:34:23,399] {scheduler_job.py:629} INFO - Processing file /home/airflow/.local/lib/python3.6/site-packages/airflow/example_dags/example_nested_branch_dag.py for tasks to queue
[2023-09-30 23:34:23,405] {logging_mixin.py:104} INFO - [2023-09-30 23:34:23,404] {dagbag.py:451} INFO - Filling up the DagBag from /home/airflow/.local/lib/python3.6/site-packages/airflow/example_dags/example_nested_branch_dag.py
[2023-09-30 23:34:23,504] {scheduler_job.py:639} INFO - DAG(s) dict_keys(['example_nested_branch_dag']) retrieved from /home/airflow/.local/lib/python3.6/site-packages/airflow/example_dags/example_nested_branch_dag.py
[2023-09-30 23:34:23,630] {logging_mixin.py:104} INFO - [2023-09-30 23:34:23,629] {dag.py:1824} INFO - Sync 1 DAGs
[2023-09-30 23:34:23,861] {logging_mixin.py:104} INFO - [2023-09-30 23:34:23,860] {dag.py:2280} INFO - Setting next_dagrun for example_nested_branch_dag to 2023-09-28 00:00:00+00:00
[2023-09-30 23:34:23,918] {scheduler_job.py:190} INFO - Processing /home/airflow/.local/lib/python3.6/site-packages/airflow/example_dags/example_nested_branch_dag.py took 0.538 seconds
[2023-09-30 23:34:54,086] {scheduler_job.py:182} INFO - Started process (PID=181) to work on /home/airflow/.local/lib/python3.6/site-packages/airflow/example_dags/example_nested_branch_dag.py
[2023-09-30 23:34:54,100] {scheduler_job.py:629} INFO - Processing file /home/airflow/.local/lib/python3.6/site-packages/airflow/example_dags/example_nested_branch_dag.py for tasks to queue
[2023-09-30 23:34:54,107] {logging_mixin.py:104} INFO - [2023-09-30 23:34:54,106] {dagbag.py:451} INFO - Filling up the DagBag from /home/airflow/.local/lib/python3.6/site-packages/airflow/example_dags/example_nested_branch_dag.py
[2023-09-30 23:34:54,242] {scheduler_job.py:639} INFO - DAG(s) dict_keys(['example_nested_branch_dag']) retrieved from /home/airflow/.local/lib/python3.6/site-packages/airflow/example_dags/example_nested_branch_dag.py
[2023-09-30 23:34:54,515] {logging_mixin.py:104} INFO - [2023-09-30 23:34:54,513] {dag.py:1824} INFO - Sync 1 DAGs
[2023-09-30 23:34:54,798] {logging_mixin.py:104} INFO - [2023-09-30 23:34:54,796] {dag.py:2280} INFO - Setting next_dagrun for example_nested_branch_dag to 2023-09-28 00:00:00+00:00
[2023-09-30 23:34:54,858] {scheduler_job.py:190} INFO - Processing /home/airflow/.local/lib/python3.6/site-packages/airflow/example_dags/example_nested_branch_dag.py took 0.790 seconds
[2023-09-30 23:35:25,376] {scheduler_job.py:182} INFO - Started process (PID=233) to work on /home/airflow/.local/lib/python3.6/site-packages/airflow/example_dags/example_nested_branch_dag.py
[2023-09-30 23:35:25,397] {scheduler_job.py:629} INFO - Processing file /home/airflow/.local/lib/python3.6/site-packages/airflow/example_dags/example_nested_branch_dag.py for tasks to queue
[2023-09-30 23:35:25,408] {logging_mixin.py:104} INFO - [2023-09-30 23:35:25,406] {dagbag.py:451} INFO - Filling up the DagBag from /home/airflow/.local/lib/python3.6/site-packages/airflow/example_dags/example_nested_branch_dag.py
[2023-09-30 23:35:25,558] {scheduler_job.py:639} INFO - DAG(s) dict_keys(['example_nested_branch_dag']) retrieved from /home/airflow/.local/lib/python3.6/site-packages/airflow/example_dags/example_nested_branch_dag.py
[2023-09-30 23:35:25,828] {logging_mixin.py:104} INFO - [2023-09-30 23:35:25,827] {dag.py:1824} INFO - Sync 1 DAGs
[2023-09-30 23:35:26,184] {logging_mixin.py:104} INFO - [2023-09-30 23:35:26,182] {dag.py:2280} INFO - Setting next_dagrun for example_nested_branch_dag to 2023-09-28 00:00:00+00:00
[2023-09-30 23:35:26,322] {scheduler_job.py:190} INFO - Processing /home/airflow/.local/lib/python3.6/site-packages/airflow/example_dags/example_nested_branch_dag.py took 0.975 seconds
[2023-09-30 23:35:58,448] {scheduler_job.py:182} INFO - Started process (PID=287) to work on /home/airflow/.local/lib/python3.6/site-packages/airflow/example_dags/example_nested_branch_dag.py
[2023-09-30 23:35:58,461] {scheduler_job.py:629} INFO - Processing file /home/airflow/.local/lib/python3.6/site-packages/airflow/example_dags/example_nested_branch_dag.py for tasks to queue
[2023-09-30 23:35:58,473] {logging_mixin.py:104} INFO - [2023-09-30 23:35:58,472] {dagbag.py:451} INFO - Filling up the DagBag from /home/airflow/.local/lib/python3.6/site-packages/airflow/example_dags/example_nested_branch_dag.py
[2023-09-30 23:35:58,828] {scheduler_job.py:639} INFO - DAG(s) dict_keys(['example_nested_branch_dag']) retrieved from /home/airflow/.local/lib/python3.6/site-packages/airflow/example_dags/example_nested_branch_dag.py
[2023-09-30 23:35:59,150] {logging_mixin.py:104} INFO - [2023-09-30 23:35:59,148] {dag.py:1824} INFO - Sync 1 DAGs
[2023-09-30 23:35:59,594] {logging_mixin.py:104} INFO - [2023-09-30 23:35:59,588] {dag.py:2280} INFO - Setting next_dagrun for example_nested_branch_dag to 2023-09-28 00:00:00+00:00
[2023-09-30 23:35:59,671] {scheduler_job.py:190} INFO - Processing /home/airflow/.local/lib/python3.6/site-packages/airflow/example_dags/example_nested_branch_dag.py took 1.261 seconds
[2023-09-30 23:37:05,406] {scheduler_job.py:182} INFO - Started process (PID=98) to work on /home/airflow/.local/lib/python3.6/site-packages/airflow/example_dags/example_nested_branch_dag.py
[2023-09-30 23:37:05,415] {scheduler_job.py:629} INFO - Processing file /home/airflow/.local/lib/python3.6/site-packages/airflow/example_dags/example_nested_branch_dag.py for tasks to queue
[2023-09-30 23:37:05,423] {logging_mixin.py:104} INFO - [2023-09-30 23:37:05,420] {dagbag.py:451} INFO - Filling up the DagBag from /home/airflow/.local/lib/python3.6/site-packages/airflow/example_dags/example_nested_branch_dag.py
[2023-09-30 23:37:05,530] {scheduler_job.py:639} INFO - DAG(s) dict_keys(['example_nested_branch_dag']) retrieved from /home/airflow/.local/lib/python3.6/site-packages/airflow/example_dags/example_nested_branch_dag.py
[2023-09-30 23:37:05,653] {logging_mixin.py:104} INFO - [2023-09-30 23:37:05,652] {dag.py:1824} INFO - Sync 1 DAGs
[2023-09-30 23:37:05,806] {logging_mixin.py:104} INFO - [2023-09-30 23:37:05,804] {dag.py:2280} INFO - Setting next_dagrun for example_nested_branch_dag to 2023-09-28 00:00:00+00:00
[2023-09-30 23:37:05,852] {scheduler_job.py:190} INFO - Processing /home/airflow/.local/lib/python3.6/site-packages/airflow/example_dags/example_nested_branch_dag.py took 0.465 seconds
[2023-09-30 23:37:36,124] {scheduler_job.py:182} INFO - Started process (PID=146) to work on /home/airflow/.local/lib/python3.6/site-packages/airflow/example_dags/example_nested_branch_dag.py
[2023-09-30 23:37:36,134] {scheduler_job.py:629} INFO - Processing file /home/airflow/.local/lib/python3.6/site-packages/airflow/example_dags/example_nested_branch_dag.py for tasks to queue
[2023-09-30 23:37:36,138] {logging_mixin.py:104} INFO - [2023-09-30 23:37:36,138] {dagbag.py:451} INFO - Filling up the DagBag from /home/airflow/.local/lib/python3.6/site-packages/airflow/example_dags/example_nested_branch_dag.py
[2023-09-30 23:37:36,246] {scheduler_job.py:639} INFO - DAG(s) dict_keys(['example_nested_branch_dag']) retrieved from /home/airflow/.local/lib/python3.6/site-packages/airflow/example_dags/example_nested_branch_dag.py
[2023-09-30 23:37:36,351] {logging_mixin.py:104} INFO - [2023-09-30 23:37:36,350] {dag.py:1824} INFO - Sync 1 DAGs
[2023-09-30 23:37:36,506] {logging_mixin.py:104} INFO - [2023-09-30 23:37:36,505] {dag.py:2280} INFO - Setting next_dagrun for example_nested_branch_dag to 2023-09-28 00:00:00+00:00
[2023-09-30 23:37:36,599] {scheduler_job.py:190} INFO - Processing /home/airflow/.local/lib/python3.6/site-packages/airflow/example_dags/example_nested_branch_dag.py took 0.490 seconds
[2023-09-30 23:38:06,843] {scheduler_job.py:182} INFO - Started process (PID=198) to work on /home/airflow/.local/lib/python3.6/site-packages/airflow/example_dags/example_nested_branch_dag.py
[2023-09-30 23:38:06,853] {scheduler_job.py:629} INFO - Processing file /home/airflow/.local/lib/python3.6/site-packages/airflow/example_dags/example_nested_branch_dag.py for tasks to queue
[2023-09-30 23:38:06,859] {logging_mixin.py:104} INFO - [2023-09-30 23:38:06,858] {dagbag.py:451} INFO - Filling up the DagBag from /home/airflow/.local/lib/python3.6/site-packages/airflow/example_dags/example_nested_branch_dag.py
[2023-09-30 23:38:06,959] {scheduler_job.py:639} INFO - DAG(s) dict_keys(['example_nested_branch_dag']) retrieved from /home/airflow/.local/lib/python3.6/site-packages/airflow/example_dags/example_nested_branch_dag.py
[2023-09-30 23:38:07,060] {logging_mixin.py:104} INFO - [2023-09-30 23:38:07,059] {dag.py:1824} INFO - Sync 1 DAGs
[2023-09-30 23:38:07,228] {logging_mixin.py:104} INFO - [2023-09-30 23:38:07,227] {dag.py:2280} INFO - Setting next_dagrun for example_nested_branch_dag to 2023-09-28 00:00:00+00:00
[2023-09-30 23:38:07,280] {scheduler_job.py:190} INFO - Processing /home/airflow/.local/lib/python3.6/site-packages/airflow/example_dags/example_nested_branch_dag.py took 0.451 seconds
[2023-09-30 23:38:38,192] {scheduler_job.py:182} INFO - Started process (PID=252) to work on /home/airflow/.local/lib/python3.6/site-packages/airflow/example_dags/example_nested_branch_dag.py
[2023-09-30 23:38:38,201] {scheduler_job.py:629} INFO - Processing file /home/airflow/.local/lib/python3.6/site-packages/airflow/example_dags/example_nested_branch_dag.py for tasks to queue
[2023-09-30 23:38:38,207] {logging_mixin.py:104} INFO - [2023-09-30 23:38:38,206] {dagbag.py:451} INFO - Filling up the DagBag from /home/airflow/.local/lib/python3.6/site-packages/airflow/example_dags/example_nested_branch_dag.py
[2023-09-30 23:38:38,332] {scheduler_job.py:639} INFO - DAG(s) dict_keys(['example_nested_branch_dag']) retrieved from /home/airflow/.local/lib/python3.6/site-packages/airflow/example_dags/example_nested_branch_dag.py
[2023-09-30 23:38:38,470] {logging_mixin.py:104} INFO - [2023-09-30 23:38:38,470] {dag.py:1824} INFO - Sync 1 DAGs
[2023-09-30 23:38:38,666] {logging_mixin.py:104} INFO - [2023-09-30 23:38:38,665] {dag.py:2280} INFO - Setting next_dagrun for example_nested_branch_dag to 2023-09-28 00:00:00+00:00
[2023-09-30 23:38:38,711] {scheduler_job.py:190} INFO - Processing /home/airflow/.local/lib/python3.6/site-packages/airflow/example_dags/example_nested_branch_dag.py took 0.536 seconds
[2023-09-30 23:39:09,624] {scheduler_job.py:182} INFO - Started process (PID=306) to work on /home/airflow/.local/lib/python3.6/site-packages/airflow/example_dags/example_nested_branch_dag.py
[2023-09-30 23:39:09,631] {scheduler_job.py:629} INFO - Processing file /home/airflow/.local/lib/python3.6/site-packages/airflow/example_dags/example_nested_branch_dag.py for tasks to queue
[2023-09-30 23:39:09,637] {logging_mixin.py:104} INFO - [2023-09-30 23:39:09,636] {dagbag.py:451} INFO - Filling up the DagBag from /home/airflow/.local/lib/python3.6/site-packages/airflow/example_dags/example_nested_branch_dag.py
[2023-09-30 23:39:09,727] {scheduler_job.py:639} INFO - DAG(s) dict_keys(['example_nested_branch_dag']) retrieved from /home/airflow/.local/lib/python3.6/site-packages/airflow/example_dags/example_nested_branch_dag.py
[2023-09-30 23:39:09,816] {logging_mixin.py:104} INFO - [2023-09-30 23:39:09,815] {dag.py:1824} INFO - Sync 1 DAGs
[2023-09-30 23:39:09,951] {logging_mixin.py:104} INFO - [2023-09-30 23:39:09,950] {dag.py:2280} INFO - Setting next_dagrun for example_nested_branch_dag to 2023-09-28 00:00:00+00:00
[2023-09-30 23:39:09,995] {scheduler_job.py:190} INFO - Processing /home/airflow/.local/lib/python3.6/site-packages/airflow/example_dags/example_nested_branch_dag.py took 0.383 seconds
[2023-09-30 23:39:40,233] {scheduler_job.py:182} INFO - Started process (PID=358) to work on /home/airflow/.local/lib/python3.6/site-packages/airflow/example_dags/example_nested_branch_dag.py
[2023-09-30 23:39:40,242] {scheduler_job.py:629} INFO - Processing file /home/airflow/.local/lib/python3.6/site-packages/airflow/example_dags/example_nested_branch_dag.py for tasks to queue
[2023-09-30 23:39:40,246] {logging_mixin.py:104} INFO - [2023-09-30 23:39:40,246] {dagbag.py:451} INFO - Filling up the DagBag from /home/airflow/.local/lib/python3.6/site-packages/airflow/example_dags/example_nested_branch_dag.py
[2023-09-30 23:39:40,338] {scheduler_job.py:639} INFO - DAG(s) dict_keys(['example_nested_branch_dag']) retrieved from /home/airflow/.local/lib/python3.6/site-packages/airflow/example_dags/example_nested_branch_dag.py
[2023-09-30 23:39:40,440] {logging_mixin.py:104} INFO - [2023-09-30 23:39:40,439] {dag.py:1824} INFO - Sync 1 DAGs
[2023-09-30 23:39:40,592] {logging_mixin.py:104} INFO - [2023-09-30 23:39:40,590] {dag.py:2280} INFO - Setting next_dagrun for example_nested_branch_dag to 2023-09-28 00:00:00+00:00
[2023-09-30 23:39:40,640] {scheduler_job.py:190} INFO - Processing /home/airflow/.local/lib/python3.6/site-packages/airflow/example_dags/example_nested_branch_dag.py took 0.417 seconds
[2023-09-30 23:40:11,589] {scheduler_job.py:182} INFO - Started process (PID=410) to work on /home/airflow/.local/lib/python3.6/site-packages/airflow/example_dags/example_nested_branch_dag.py
[2023-09-30 23:40:11,595] {scheduler_job.py:629} INFO - Processing file /home/airflow/.local/lib/python3.6/site-packages/airflow/example_dags/example_nested_branch_dag.py for tasks to queue
[2023-09-30 23:40:11,601] {logging_mixin.py:104} INFO - [2023-09-30 23:40:11,600] {dagbag.py:451} INFO - Filling up the DagBag from /home/airflow/.local/lib/python3.6/site-packages/airflow/example_dags/example_nested_branch_dag.py
[2023-09-30 23:40:11,782] {scheduler_job.py:639} INFO - DAG(s) dict_keys(['example_nested_branch_dag']) retrieved from /home/airflow/.local/lib/python3.6/site-packages/airflow/example_dags/example_nested_branch_dag.py
[2023-09-30 23:40:11,942] {logging_mixin.py:104} INFO - [2023-09-30 23:40:11,941] {dag.py:1824} INFO - Sync 1 DAGs
[2023-09-30 23:40:12,216] {logging_mixin.py:104} INFO - [2023-09-30 23:40:12,215] {dag.py:2280} INFO - Setting next_dagrun for example_nested_branch_dag to 2023-09-28 00:00:00+00:00
[2023-09-30 23:40:12,309] {scheduler_job.py:190} INFO - Processing /home/airflow/.local/lib/python3.6/site-packages/airflow/example_dags/example_nested_branch_dag.py took 0.743 seconds
[2023-09-30 23:40:42,493] {scheduler_job.py:182} INFO - Started process (PID=462) to work on /home/airflow/.local/lib/python3.6/site-packages/airflow/example_dags/example_nested_branch_dag.py
[2023-09-30 23:40:42,503] {scheduler_job.py:629} INFO - Processing file /home/airflow/.local/lib/python3.6/site-packages/airflow/example_dags/example_nested_branch_dag.py for tasks to queue
[2023-09-30 23:40:42,510] {logging_mixin.py:104} INFO - [2023-09-30 23:40:42,510] {dagbag.py:451} INFO - Filling up the DagBag from /home/airflow/.local/lib/python3.6/site-packages/airflow/example_dags/example_nested_branch_dag.py
[2023-09-30 23:40:42,645] {scheduler_job.py:639} INFO - DAG(s) dict_keys(['example_nested_branch_dag']) retrieved from /home/airflow/.local/lib/python3.6/site-packages/airflow/example_dags/example_nested_branch_dag.py
[2023-09-30 23:40:42,840] {logging_mixin.py:104} INFO - [2023-09-30 23:40:42,839] {dag.py:1824} INFO - Sync 1 DAGs
[2023-09-30 23:40:43,161] {logging_mixin.py:104} INFO - [2023-09-30 23:40:43,160] {dag.py:2280} INFO - Setting next_dagrun for example_nested_branch_dag to 2023-09-28 00:00:00+00:00
[2023-09-30 23:40:43,274] {scheduler_job.py:190} INFO - Processing /home/airflow/.local/lib/python3.6/site-packages/airflow/example_dags/example_nested_branch_dag.py took 0.797 seconds
[2023-09-30 23:44:46,629] {scheduler_job.py:182} INFO - Started process (PID=83) to work on /home/airflow/.local/lib/python3.6/site-packages/airflow/example_dags/example_nested_branch_dag.py
[2023-09-30 23:44:46,643] {scheduler_job.py:629} INFO - Processing file /home/airflow/.local/lib/python3.6/site-packages/airflow/example_dags/example_nested_branch_dag.py for tasks to queue
[2023-09-30 23:44:46,660] {logging_mixin.py:104} INFO - [2023-09-30 23:44:46,657] {dagbag.py:451} INFO - Filling up the DagBag from /home/airflow/.local/lib/python3.6/site-packages/airflow/example_dags/example_nested_branch_dag.py
[2023-09-30 23:44:46,986] {scheduler_job.py:639} INFO - DAG(s) dict_keys(['example_nested_branch_dag']) retrieved from /home/airflow/.local/lib/python3.6/site-packages/airflow/example_dags/example_nested_branch_dag.py
[2023-09-30 23:44:47,313] {logging_mixin.py:104} INFO - [2023-09-30 23:44:47,312] {dag.py:1824} INFO - Sync 1 DAGs
[2023-09-30 23:44:47,947] {logging_mixin.py:104} INFO - [2023-09-30 23:44:47,945] {dag.py:2280} INFO - Setting next_dagrun for example_nested_branch_dag to 2023-09-28 00:00:00+00:00
[2023-09-30 23:44:48,073] {scheduler_job.py:190} INFO - Processing /home/airflow/.local/lib/python3.6/site-packages/airflow/example_dags/example_nested_branch_dag.py took 1.496 seconds
[2023-09-30 23:45:18,558] {scheduler_job.py:182} INFO - Started process (PID=137) to work on /home/airflow/.local/lib/python3.6/site-packages/airflow/example_dags/example_nested_branch_dag.py
[2023-09-30 23:45:18,571] {scheduler_job.py:629} INFO - Processing file /home/airflow/.local/lib/python3.6/site-packages/airflow/example_dags/example_nested_branch_dag.py for tasks to queue
[2023-09-30 23:45:18,586] {logging_mixin.py:104} INFO - [2023-09-30 23:45:18,584] {dagbag.py:451} INFO - Filling up the DagBag from /home/airflow/.local/lib/python3.6/site-packages/airflow/example_dags/example_nested_branch_dag.py
[2023-09-30 23:45:18,849] {scheduler_job.py:639} INFO - DAG(s) dict_keys(['example_nested_branch_dag']) retrieved from /home/airflow/.local/lib/python3.6/site-packages/airflow/example_dags/example_nested_branch_dag.py
[2023-09-30 23:45:19,070] {logging_mixin.py:104} INFO - [2023-09-30 23:45:19,068] {dag.py:1824} INFO - Sync 1 DAGs
[2023-09-30 23:45:19,516] {logging_mixin.py:104} INFO - [2023-09-30 23:45:19,514] {dag.py:2280} INFO - Setting next_dagrun for example_nested_branch_dag to 2023-09-28 00:00:00+00:00
[2023-09-30 23:45:19,638] {scheduler_job.py:190} INFO - Processing /home/airflow/.local/lib/python3.6/site-packages/airflow/example_dags/example_nested_branch_dag.py took 1.104 seconds
[2023-09-30 23:45:50,052] {scheduler_job.py:182} INFO - Started process (PID=189) to work on /home/airflow/.local/lib/python3.6/site-packages/airflow/example_dags/example_nested_branch_dag.py
[2023-09-30 23:45:50,061] {scheduler_job.py:629} INFO - Processing file /home/airflow/.local/lib/python3.6/site-packages/airflow/example_dags/example_nested_branch_dag.py for tasks to queue
[2023-09-30 23:45:50,071] {logging_mixin.py:104} INFO - [2023-09-30 23:45:50,069] {dagbag.py:451} INFO - Filling up the DagBag from /home/airflow/.local/lib/python3.6/site-packages/airflow/example_dags/example_nested_branch_dag.py
[2023-09-30 23:45:50,204] {scheduler_job.py:639} INFO - DAG(s) dict_keys(['example_nested_branch_dag']) retrieved from /home/airflow/.local/lib/python3.6/site-packages/airflow/example_dags/example_nested_branch_dag.py
[2023-09-30 23:45:50,340] {logging_mixin.py:104} INFO - [2023-09-30 23:45:50,339] {dag.py:1824} INFO - Sync 1 DAGs
[2023-09-30 23:45:50,563] {logging_mixin.py:104} INFO - [2023-09-30 23:45:50,561] {dag.py:2280} INFO - Setting next_dagrun for example_nested_branch_dag to 2023-09-28 00:00:00+00:00
[2023-09-30 23:45:50,623] {scheduler_job.py:190} INFO - Processing /home/airflow/.local/lib/python3.6/site-packages/airflow/example_dags/example_nested_branch_dag.py took 0.589 seconds
[2023-09-30 23:46:21,650] {scheduler_job.py:182} INFO - Started process (PID=243) to work on /home/airflow/.local/lib/python3.6/site-packages/airflow/example_dags/example_nested_branch_dag.py
[2023-09-30 23:46:21,664] {scheduler_job.py:629} INFO - Processing file /home/airflow/.local/lib/python3.6/site-packages/airflow/example_dags/example_nested_branch_dag.py for tasks to queue
[2023-09-30 23:46:21,673] {logging_mixin.py:104} INFO - [2023-09-30 23:46:21,672] {dagbag.py:451} INFO - Filling up the DagBag from /home/airflow/.local/lib/python3.6/site-packages/airflow/example_dags/example_nested_branch_dag.py
[2023-09-30 23:46:21,829] {scheduler_job.py:639} INFO - DAG(s) dict_keys(['example_nested_branch_dag']) retrieved from /home/airflow/.local/lib/python3.6/site-packages/airflow/example_dags/example_nested_branch_dag.py
[2023-09-30 23:46:22,038] {logging_mixin.py:104} INFO - [2023-09-30 23:46:22,037] {dag.py:1824} INFO - Sync 1 DAGs
[2023-09-30 23:46:22,416] {logging_mixin.py:104} INFO - [2023-09-30 23:46:22,414] {dag.py:2280} INFO - Setting next_dagrun for example_nested_branch_dag to 2023-09-28 00:00:00+00:00
[2023-09-30 23:46:22,552] {scheduler_job.py:190} INFO - Processing /home/airflow/.local/lib/python3.6/site-packages/airflow/example_dags/example_nested_branch_dag.py took 0.928 seconds
[2023-09-30 23:46:52,787] {scheduler_job.py:182} INFO - Started process (PID=295) to work on /home/airflow/.local/lib/python3.6/site-packages/airflow/example_dags/example_nested_branch_dag.py
[2023-09-30 23:46:52,803] {scheduler_job.py:629} INFO - Processing file /home/airflow/.local/lib/python3.6/site-packages/airflow/example_dags/example_nested_branch_dag.py for tasks to queue
[2023-09-30 23:46:52,813] {logging_mixin.py:104} INFO - [2023-09-30 23:46:52,812] {dagbag.py:451} INFO - Filling up the DagBag from /home/airflow/.local/lib/python3.6/site-packages/airflow/example_dags/example_nested_branch_dag.py
[2023-09-30 23:46:53,020] {scheduler_job.py:639} INFO - DAG(s) dict_keys(['example_nested_branch_dag']) retrieved from /home/airflow/.local/lib/python3.6/site-packages/airflow/example_dags/example_nested_branch_dag.py
[2023-09-30 23:46:53,252] {logging_mixin.py:104} INFO - [2023-09-30 23:46:53,251] {dag.py:1824} INFO - Sync 1 DAGs
[2023-09-30 23:46:53,503] {logging_mixin.py:104} INFO - [2023-09-30 23:46:53,502] {dag.py:2280} INFO - Setting next_dagrun for example_nested_branch_dag to 2023-09-28 00:00:00+00:00
[2023-09-30 23:46:53,628] {scheduler_job.py:190} INFO - Processing /home/airflow/.local/lib/python3.6/site-packages/airflow/example_dags/example_nested_branch_dag.py took 0.863 seconds
[2023-09-30 23:47:24,052] {scheduler_job.py:182} INFO - Started process (PID=347) to work on /home/airflow/.local/lib/python3.6/site-packages/airflow/example_dags/example_nested_branch_dag.py
[2023-09-30 23:47:24,072] {scheduler_job.py:629} INFO - Processing file /home/airflow/.local/lib/python3.6/site-packages/airflow/example_dags/example_nested_branch_dag.py for tasks to queue
[2023-09-30 23:47:24,077] {logging_mixin.py:104} INFO - [2023-09-30 23:47:24,076] {dagbag.py:451} INFO - Filling up the DagBag from /home/airflow/.local/lib/python3.6/site-packages/airflow/example_dags/example_nested_branch_dag.py
[2023-09-30 23:47:24,319] {scheduler_job.py:639} INFO - DAG(s) dict_keys(['example_nested_branch_dag']) retrieved from /home/airflow/.local/lib/python3.6/site-packages/airflow/example_dags/example_nested_branch_dag.py
[2023-09-30 23:47:24,478] {logging_mixin.py:104} INFO - [2023-09-30 23:47:24,477] {dag.py:1824} INFO - Sync 1 DAGs
[2023-09-30 23:47:24,691] {logging_mixin.py:104} INFO - [2023-09-30 23:47:24,690] {dag.py:2280} INFO - Setting next_dagrun for example_nested_branch_dag to 2023-09-28 00:00:00+00:00
[2023-09-30 23:47:24,739] {scheduler_job.py:190} INFO - Processing /home/airflow/.local/lib/python3.6/site-packages/airflow/example_dags/example_nested_branch_dag.py took 0.714 seconds
[2023-09-30 23:47:54,941] {scheduler_job.py:182} INFO - Started process (PID=399) to work on /home/airflow/.local/lib/python3.6/site-packages/airflow/example_dags/example_nested_branch_dag.py
[2023-09-30 23:47:54,947] {scheduler_job.py:629} INFO - Processing file /home/airflow/.local/lib/python3.6/site-packages/airflow/example_dags/example_nested_branch_dag.py for tasks to queue
[2023-09-30 23:47:54,951] {logging_mixin.py:104} INFO - [2023-09-30 23:47:54,950] {dagbag.py:451} INFO - Filling up the DagBag from /home/airflow/.local/lib/python3.6/site-packages/airflow/example_dags/example_nested_branch_dag.py
[2023-09-30 23:47:55,026] {scheduler_job.py:639} INFO - DAG(s) dict_keys(['example_nested_branch_dag']) retrieved from /home/airflow/.local/lib/python3.6/site-packages/airflow/example_dags/example_nested_branch_dag.py
[2023-09-30 23:47:55,111] {logging_mixin.py:104} INFO - [2023-09-30 23:47:55,110] {dag.py:1824} INFO - Sync 1 DAGs
[2023-09-30 23:47:55,229] {logging_mixin.py:104} INFO - [2023-09-30 23:47:55,228] {dag.py:2280} INFO - Setting next_dagrun for example_nested_branch_dag to 2023-09-28 00:00:00+00:00
[2023-09-30 23:47:55,264] {scheduler_job.py:190} INFO - Processing /home/airflow/.local/lib/python3.6/site-packages/airflow/example_dags/example_nested_branch_dag.py took 0.333 seconds
[2023-09-30 23:48:25,441] {scheduler_job.py:182} INFO - Started process (PID=451) to work on /home/airflow/.local/lib/python3.6/site-packages/airflow/example_dags/example_nested_branch_dag.py
[2023-09-30 23:48:25,448] {scheduler_job.py:629} INFO - Processing file /home/airflow/.local/lib/python3.6/site-packages/airflow/example_dags/example_nested_branch_dag.py for tasks to queue
[2023-09-30 23:48:25,453] {logging_mixin.py:104} INFO - [2023-09-30 23:48:25,452] {dagbag.py:451} INFO - Filling up the DagBag from /home/airflow/.local/lib/python3.6/site-packages/airflow/example_dags/example_nested_branch_dag.py
[2023-09-30 23:48:25,533] {scheduler_job.py:639} INFO - DAG(s) dict_keys(['example_nested_branch_dag']) retrieved from /home/airflow/.local/lib/python3.6/site-packages/airflow/example_dags/example_nested_branch_dag.py
[2023-09-30 23:48:25,617] {logging_mixin.py:104} INFO - [2023-09-30 23:48:25,617] {dag.py:1824} INFO - Sync 1 DAGs
[2023-09-30 23:48:25,729] {logging_mixin.py:104} INFO - [2023-09-30 23:48:25,728] {dag.py:2280} INFO - Setting next_dagrun for example_nested_branch_dag to 2023-09-28 00:00:00+00:00
[2023-09-30 23:48:25,763] {scheduler_job.py:190} INFO - Processing /home/airflow/.local/lib/python3.6/site-packages/airflow/example_dags/example_nested_branch_dag.py took 0.332 seconds
[2023-09-30 23:48:56,033] {scheduler_job.py:182} INFO - Started process (PID=503) to work on /home/airflow/.local/lib/python3.6/site-packages/airflow/example_dags/example_nested_branch_dag.py
[2023-09-30 23:48:56,038] {scheduler_job.py:629} INFO - Processing file /home/airflow/.local/lib/python3.6/site-packages/airflow/example_dags/example_nested_branch_dag.py for tasks to queue
[2023-09-30 23:48:56,042] {logging_mixin.py:104} INFO - [2023-09-30 23:48:56,041] {dagbag.py:451} INFO - Filling up the DagBag from /home/airflow/.local/lib/python3.6/site-packages/airflow/example_dags/example_nested_branch_dag.py
[2023-09-30 23:48:56,123] {scheduler_job.py:639} INFO - DAG(s) dict_keys(['example_nested_branch_dag']) retrieved from /home/airflow/.local/lib/python3.6/site-packages/airflow/example_dags/example_nested_branch_dag.py
[2023-09-30 23:48:56,195] {logging_mixin.py:104} INFO - [2023-09-30 23:48:56,195] {dag.py:1824} INFO - Sync 1 DAGs
[2023-09-30 23:48:56,307] {logging_mixin.py:104} INFO - [2023-09-30 23:48:56,307] {dag.py:2280} INFO - Setting next_dagrun for example_nested_branch_dag to 2023-09-28 00:00:00+00:00
[2023-09-30 23:48:56,342] {scheduler_job.py:190} INFO - Processing /home/airflow/.local/lib/python3.6/site-packages/airflow/example_dags/example_nested_branch_dag.py took 0.318 seconds
[2023-09-30 23:49:26,773] {scheduler_job.py:182} INFO - Started process (PID=557) to work on /home/airflow/.local/lib/python3.6/site-packages/airflow/example_dags/example_nested_branch_dag.py
[2023-09-30 23:49:26,778] {scheduler_job.py:629} INFO - Processing file /home/airflow/.local/lib/python3.6/site-packages/airflow/example_dags/example_nested_branch_dag.py for tasks to queue
[2023-09-30 23:49:26,781] {logging_mixin.py:104} INFO - [2023-09-30 23:49:26,781] {dagbag.py:451} INFO - Filling up the DagBag from /home/airflow/.local/lib/python3.6/site-packages/airflow/example_dags/example_nested_branch_dag.py
[2023-09-30 23:49:26,870] {scheduler_job.py:639} INFO - DAG(s) dict_keys(['example_nested_branch_dag']) retrieved from /home/airflow/.local/lib/python3.6/site-packages/airflow/example_dags/example_nested_branch_dag.py
[2023-09-30 23:49:26,953] {logging_mixin.py:104} INFO - [2023-09-30 23:49:26,953] {dag.py:1824} INFO - Sync 1 DAGs
[2023-09-30 23:49:27,086] {logging_mixin.py:104} INFO - [2023-09-30 23:49:27,085] {dag.py:2280} INFO - Setting next_dagrun for example_nested_branch_dag to 2023-09-28 00:00:00+00:00
[2023-09-30 23:49:27,121] {scheduler_job.py:190} INFO - Processing /home/airflow/.local/lib/python3.6/site-packages/airflow/example_dags/example_nested_branch_dag.py took 0.358 seconds
[2023-09-30 23:49:57,296] {scheduler_job.py:182} INFO - Started process (PID=609) to work on /home/airflow/.local/lib/python3.6/site-packages/airflow/example_dags/example_nested_branch_dag.py
[2023-09-30 23:49:57,302] {scheduler_job.py:629} INFO - Processing file /home/airflow/.local/lib/python3.6/site-packages/airflow/example_dags/example_nested_branch_dag.py for tasks to queue
[2023-09-30 23:49:57,307] {logging_mixin.py:104} INFO - [2023-09-30 23:49:57,306] {dagbag.py:451} INFO - Filling up the DagBag from /home/airflow/.local/lib/python3.6/site-packages/airflow/example_dags/example_nested_branch_dag.py
[2023-09-30 23:49:57,395] {scheduler_job.py:639} INFO - DAG(s) dict_keys(['example_nested_branch_dag']) retrieved from /home/airflow/.local/lib/python3.6/site-packages/airflow/example_dags/example_nested_branch_dag.py
[2023-09-30 23:49:57,477] {logging_mixin.py:104} INFO - [2023-09-30 23:49:57,476] {dag.py:1824} INFO - Sync 1 DAGs
[2023-09-30 23:49:57,641] {logging_mixin.py:104} INFO - [2023-09-30 23:49:57,640] {dag.py:2280} INFO - Setting next_dagrun for example_nested_branch_dag to 2023-09-28 00:00:00+00:00
[2023-09-30 23:49:57,698] {scheduler_job.py:190} INFO - Processing /home/airflow/.local/lib/python3.6/site-packages/airflow/example_dags/example_nested_branch_dag.py took 0.411 seconds
[2023-09-30 23:50:27,783] {scheduler_job.py:182} INFO - Started process (PID=661) to work on /home/airflow/.local/lib/python3.6/site-packages/airflow/example_dags/example_nested_branch_dag.py
[2023-09-30 23:50:27,789] {scheduler_job.py:629} INFO - Processing file /home/airflow/.local/lib/python3.6/site-packages/airflow/example_dags/example_nested_branch_dag.py for tasks to queue
[2023-09-30 23:50:27,792] {logging_mixin.py:104} INFO - [2023-09-30 23:50:27,792] {dagbag.py:451} INFO - Filling up the DagBag from /home/airflow/.local/lib/python3.6/site-packages/airflow/example_dags/example_nested_branch_dag.py
[2023-09-30 23:50:27,876] {scheduler_job.py:639} INFO - DAG(s) dict_keys(['example_nested_branch_dag']) retrieved from /home/airflow/.local/lib/python3.6/site-packages/airflow/example_dags/example_nested_branch_dag.py
[2023-09-30 23:50:27,955] {logging_mixin.py:104} INFO - [2023-09-30 23:50:27,954] {dag.py:1824} INFO - Sync 1 DAGs
[2023-09-30 23:50:28,075] {logging_mixin.py:104} INFO - [2023-09-30 23:50:28,075] {dag.py:2280} INFO - Setting next_dagrun for example_nested_branch_dag to 2023-09-28 00:00:00+00:00
[2023-09-30 23:50:28,117] {scheduler_job.py:190} INFO - Processing /home/airflow/.local/lib/python3.6/site-packages/airflow/example_dags/example_nested_branch_dag.py took 0.343 seconds
[2023-09-30 23:50:58,413] {scheduler_job.py:182} INFO - Started process (PID=713) to work on /home/airflow/.local/lib/python3.6/site-packages/airflow/example_dags/example_nested_branch_dag.py
[2023-09-30 23:50:58,419] {scheduler_job.py:629} INFO - Processing file /home/airflow/.local/lib/python3.6/site-packages/airflow/example_dags/example_nested_branch_dag.py for tasks to queue
[2023-09-30 23:50:58,423] {logging_mixin.py:104} INFO - [2023-09-30 23:50:58,423] {dagbag.py:451} INFO - Filling up the DagBag from /home/airflow/.local/lib/python3.6/site-packages/airflow/example_dags/example_nested_branch_dag.py
[2023-09-30 23:50:58,512] {scheduler_job.py:639} INFO - DAG(s) dict_keys(['example_nested_branch_dag']) retrieved from /home/airflow/.local/lib/python3.6/site-packages/airflow/example_dags/example_nested_branch_dag.py
[2023-09-30 23:50:58,595] {logging_mixin.py:104} INFO - [2023-09-30 23:50:58,595] {dag.py:1824} INFO - Sync 1 DAGs
[2023-09-30 23:50:58,710] {logging_mixin.py:104} INFO - [2023-09-30 23:50:58,709] {dag.py:2280} INFO - Setting next_dagrun for example_nested_branch_dag to 2023-09-28 00:00:00+00:00
[2023-09-30 23:50:58,746] {scheduler_job.py:190} INFO - Processing /home/airflow/.local/lib/python3.6/site-packages/airflow/example_dags/example_nested_branch_dag.py took 0.342 seconds
