[2023-09-30 23:34:00,222] {scheduler_job.py:182} INFO - Started process (PID=93) to work on /home/airflow/.local/lib/python3.6/site-packages/airflow/example_dags/example_kubernetes_executor.py
[2023-09-30 23:34:00,260] {scheduler_job.py:629} INFO - Processing file /home/airflow/.local/lib/python3.6/site-packages/airflow/example_dags/example_kubernetes_executor.py for tasks to queue
[2023-09-30 23:34:00,280] {logging_mixin.py:104} INFO - [2023-09-30 23:34:00,280] {dagbag.py:451} INFO - Filling up the DagBag from /home/airflow/.local/lib/python3.6/site-packages/airflow/example_dags/example_kubernetes_executor.py
[2023-09-30 23:34:00,477] {scheduler_job.py:639} INFO - DAG(s) dict_keys(['example_kubernetes_executor']) retrieved from /home/airflow/.local/lib/python3.6/site-packages/airflow/example_dags/example_kubernetes_executor.py
[2023-09-30 23:34:00,897] {logging_mixin.py:104} INFO - [2023-09-30 23:34:00,896] {dag.py:1824} INFO - Sync 1 DAGs
[2023-09-30 23:34:01,316] {logging_mixin.py:104} INFO - [2023-09-30 23:34:01,302] {dag.py:1843} INFO - Creating ORM DAG for example_kubernetes_executor
[2023-09-30 23:34:01,476] {logging_mixin.py:104} INFO - [2023-09-30 23:34:01,475] {dag.py:2280} INFO - Setting next_dagrun for example_kubernetes_executor to None
[2023-09-30 23:34:01,826] {scheduler_job.py:190} INFO - Processing /home/airflow/.local/lib/python3.6/site-packages/airflow/example_dags/example_kubernetes_executor.py took 1.690 seconds
[2023-09-30 23:34:32,706] {scheduler_job.py:182} INFO - Started process (PID=147) to work on /home/airflow/.local/lib/python3.6/site-packages/airflow/example_dags/example_kubernetes_executor.py
[2023-09-30 23:34:32,712] {scheduler_job.py:629} INFO - Processing file /home/airflow/.local/lib/python3.6/site-packages/airflow/example_dags/example_kubernetes_executor.py for tasks to queue
[2023-09-30 23:34:32,716] {logging_mixin.py:104} INFO - [2023-09-30 23:34:32,716] {dagbag.py:451} INFO - Filling up the DagBag from /home/airflow/.local/lib/python3.6/site-packages/airflow/example_dags/example_kubernetes_executor.py
[2023-09-30 23:34:32,781] {scheduler_job.py:639} INFO - DAG(s) dict_keys(['example_kubernetes_executor']) retrieved from /home/airflow/.local/lib/python3.6/site-packages/airflow/example_dags/example_kubernetes_executor.py
[2023-09-30 23:34:32,873] {logging_mixin.py:104} INFO - [2023-09-30 23:34:32,873] {dag.py:1824} INFO - Sync 1 DAGs
[2023-09-30 23:34:32,981] {logging_mixin.py:104} INFO - [2023-09-30 23:34:32,981] {dag.py:2280} INFO - Setting next_dagrun for example_kubernetes_executor to None
[2023-09-30 23:34:33,051] {scheduler_job.py:190} INFO - Processing /home/airflow/.local/lib/python3.6/site-packages/airflow/example_dags/example_kubernetes_executor.py took 0.355 seconds
[2023-09-30 23:35:04,178] {scheduler_job.py:182} INFO - Started process (PID=201) to work on /home/airflow/.local/lib/python3.6/site-packages/airflow/example_dags/example_kubernetes_executor.py
[2023-09-30 23:35:04,189] {scheduler_job.py:629} INFO - Processing file /home/airflow/.local/lib/python3.6/site-packages/airflow/example_dags/example_kubernetes_executor.py for tasks to queue
[2023-09-30 23:35:04,196] {logging_mixin.py:104} INFO - [2023-09-30 23:35:04,195] {dagbag.py:451} INFO - Filling up the DagBag from /home/airflow/.local/lib/python3.6/site-packages/airflow/example_dags/example_kubernetes_executor.py
[2023-09-30 23:35:04,279] {scheduler_job.py:639} INFO - DAG(s) dict_keys(['example_kubernetes_executor']) retrieved from /home/airflow/.local/lib/python3.6/site-packages/airflow/example_dags/example_kubernetes_executor.py
[2023-09-30 23:35:04,383] {logging_mixin.py:104} INFO - [2023-09-30 23:35:04,382] {dag.py:1824} INFO - Sync 1 DAGs
[2023-09-30 23:35:04,521] {logging_mixin.py:104} INFO - [2023-09-30 23:35:04,520] {dag.py:2280} INFO - Setting next_dagrun for example_kubernetes_executor to None
[2023-09-30 23:35:04,624] {scheduler_job.py:190} INFO - Processing /home/airflow/.local/lib/python3.6/site-packages/airflow/example_dags/example_kubernetes_executor.py took 0.473 seconds
[2023-09-30 23:35:35,317] {scheduler_job.py:182} INFO - Started process (PID=253) to work on /home/airflow/.local/lib/python3.6/site-packages/airflow/example_dags/example_kubernetes_executor.py
[2023-09-30 23:35:35,333] {scheduler_job.py:629} INFO - Processing file /home/airflow/.local/lib/python3.6/site-packages/airflow/example_dags/example_kubernetes_executor.py for tasks to queue
[2023-09-30 23:35:35,342] {logging_mixin.py:104} INFO - [2023-09-30 23:35:35,338] {dagbag.py:451} INFO - Filling up the DagBag from /home/airflow/.local/lib/python3.6/site-packages/airflow/example_dags/example_kubernetes_executor.py
[2023-09-30 23:35:35,575] {scheduler_job.py:639} INFO - DAG(s) dict_keys(['example_kubernetes_executor']) retrieved from /home/airflow/.local/lib/python3.6/site-packages/airflow/example_dags/example_kubernetes_executor.py
[2023-09-30 23:35:35,744] {logging_mixin.py:104} INFO - [2023-09-30 23:35:35,743] {dag.py:1824} INFO - Sync 1 DAGs
[2023-09-30 23:35:35,976] {logging_mixin.py:104} INFO - [2023-09-30 23:35:35,976] {dag.py:2280} INFO - Setting next_dagrun for example_kubernetes_executor to None
[2023-09-30 23:35:36,044] {scheduler_job.py:190} INFO - Processing /home/airflow/.local/lib/python3.6/site-packages/airflow/example_dags/example_kubernetes_executor.py took 0.760 seconds
[2023-09-30 23:36:06,133] {scheduler_job.py:182} INFO - Started process (PID=305) to work on /home/airflow/.local/lib/python3.6/site-packages/airflow/example_dags/example_kubernetes_executor.py
[2023-09-30 23:36:06,142] {scheduler_job.py:629} INFO - Processing file /home/airflow/.local/lib/python3.6/site-packages/airflow/example_dags/example_kubernetes_executor.py for tasks to queue
[2023-09-30 23:36:06,150] {logging_mixin.py:104} INFO - [2023-09-30 23:36:06,149] {dagbag.py:451} INFO - Filling up the DagBag from /home/airflow/.local/lib/python3.6/site-packages/airflow/example_dags/example_kubernetes_executor.py
[2023-09-30 23:36:06,242] {scheduler_job.py:639} INFO - DAG(s) dict_keys(['example_kubernetes_executor']) retrieved from /home/airflow/.local/lib/python3.6/site-packages/airflow/example_dags/example_kubernetes_executor.py
[2023-09-30 23:36:06,362] {logging_mixin.py:104} INFO - [2023-09-30 23:36:06,361] {dag.py:1824} INFO - Sync 1 DAGs
[2023-09-30 23:36:06,462] {logging_mixin.py:104} INFO - [2023-09-30 23:36:06,461] {dag.py:2280} INFO - Setting next_dagrun for example_kubernetes_executor to None
[2023-09-30 23:36:06,553] {scheduler_job.py:190} INFO - Processing /home/airflow/.local/lib/python3.6/site-packages/airflow/example_dags/example_kubernetes_executor.py took 0.431 seconds
[2023-09-30 23:37:04,027] {scheduler_job.py:182} INFO - Started process (PID=92) to work on /home/airflow/.local/lib/python3.6/site-packages/airflow/example_dags/example_kubernetes_executor.py
[2023-09-30 23:37:04,036] {scheduler_job.py:629} INFO - Processing file /home/airflow/.local/lib/python3.6/site-packages/airflow/example_dags/example_kubernetes_executor.py for tasks to queue
[2023-09-30 23:37:04,042] {logging_mixin.py:104} INFO - [2023-09-30 23:37:04,041] {dagbag.py:451} INFO - Filling up the DagBag from /home/airflow/.local/lib/python3.6/site-packages/airflow/example_dags/example_kubernetes_executor.py
[2023-09-30 23:37:04,129] {scheduler_job.py:639} INFO - DAG(s) dict_keys(['example_kubernetes_executor']) retrieved from /home/airflow/.local/lib/python3.6/site-packages/airflow/example_dags/example_kubernetes_executor.py
[2023-09-30 23:37:04,259] {logging_mixin.py:104} INFO - [2023-09-30 23:37:04,258] {dag.py:1824} INFO - Sync 1 DAGs
[2023-09-30 23:37:04,366] {logging_mixin.py:104} INFO - [2023-09-30 23:37:04,365] {dag.py:2280} INFO - Setting next_dagrun for example_kubernetes_executor to None
[2023-09-30 23:37:04,435] {scheduler_job.py:190} INFO - Processing /home/airflow/.local/lib/python3.6/site-packages/airflow/example_dags/example_kubernetes_executor.py took 0.422 seconds
[2023-09-30 23:37:35,276] {scheduler_job.py:182} INFO - Started process (PID=144) to work on /home/airflow/.local/lib/python3.6/site-packages/airflow/example_dags/example_kubernetes_executor.py
[2023-09-30 23:37:35,289] {scheduler_job.py:629} INFO - Processing file /home/airflow/.local/lib/python3.6/site-packages/airflow/example_dags/example_kubernetes_executor.py for tasks to queue
[2023-09-30 23:37:35,301] {logging_mixin.py:104} INFO - [2023-09-30 23:37:35,300] {dagbag.py:451} INFO - Filling up the DagBag from /home/airflow/.local/lib/python3.6/site-packages/airflow/example_dags/example_kubernetes_executor.py
[2023-09-30 23:37:35,532] {scheduler_job.py:639} INFO - DAG(s) dict_keys(['example_kubernetes_executor']) retrieved from /home/airflow/.local/lib/python3.6/site-packages/airflow/example_dags/example_kubernetes_executor.py
[2023-09-30 23:37:35,811] {logging_mixin.py:104} INFO - [2023-09-30 23:37:35,810] {dag.py:1824} INFO - Sync 1 DAGs
[2023-09-30 23:37:35,985] {logging_mixin.py:104} INFO - [2023-09-30 23:37:35,984] {dag.py:2280} INFO - Setting next_dagrun for example_kubernetes_executor to None
[2023-09-30 23:37:36,060] {scheduler_job.py:190} INFO - Processing /home/airflow/.local/lib/python3.6/site-packages/airflow/example_dags/example_kubernetes_executor.py took 0.808 seconds
[2023-09-30 23:38:06,473] {scheduler_job.py:182} INFO - Started process (PID=196) to work on /home/airflow/.local/lib/python3.6/site-packages/airflow/example_dags/example_kubernetes_executor.py
[2023-09-30 23:38:06,481] {scheduler_job.py:629} INFO - Processing file /home/airflow/.local/lib/python3.6/site-packages/airflow/example_dags/example_kubernetes_executor.py for tasks to queue
[2023-09-30 23:38:06,486] {logging_mixin.py:104} INFO - [2023-09-30 23:38:06,485] {dagbag.py:451} INFO - Filling up the DagBag from /home/airflow/.local/lib/python3.6/site-packages/airflow/example_dags/example_kubernetes_executor.py
[2023-09-30 23:38:06,560] {scheduler_job.py:639} INFO - DAG(s) dict_keys(['example_kubernetes_executor']) retrieved from /home/airflow/.local/lib/python3.6/site-packages/airflow/example_dags/example_kubernetes_executor.py
[2023-09-30 23:38:06,653] {logging_mixin.py:104} INFO - [2023-09-30 23:38:06,652] {dag.py:1824} INFO - Sync 1 DAGs
[2023-09-30 23:38:06,730] {logging_mixin.py:104} INFO - [2023-09-30 23:38:06,729] {dag.py:2280} INFO - Setting next_dagrun for example_kubernetes_executor to None
[2023-09-30 23:38:06,776] {scheduler_job.py:190} INFO - Processing /home/airflow/.local/lib/python3.6/site-packages/airflow/example_dags/example_kubernetes_executor.py took 0.318 seconds
[2023-09-30 23:38:37,505] {scheduler_job.py:182} INFO - Started process (PID=248) to work on /home/airflow/.local/lib/python3.6/site-packages/airflow/example_dags/example_kubernetes_executor.py
[2023-09-30 23:38:37,513] {scheduler_job.py:629} INFO - Processing file /home/airflow/.local/lib/python3.6/site-packages/airflow/example_dags/example_kubernetes_executor.py for tasks to queue
[2023-09-30 23:38:37,520] {logging_mixin.py:104} INFO - [2023-09-30 23:38:37,519] {dagbag.py:451} INFO - Filling up the DagBag from /home/airflow/.local/lib/python3.6/site-packages/airflow/example_dags/example_kubernetes_executor.py
[2023-09-30 23:38:37,592] {scheduler_job.py:639} INFO - DAG(s) dict_keys(['example_kubernetes_executor']) retrieved from /home/airflow/.local/lib/python3.6/site-packages/airflow/example_dags/example_kubernetes_executor.py
[2023-09-30 23:38:37,682] {logging_mixin.py:104} INFO - [2023-09-30 23:38:37,682] {dag.py:1824} INFO - Sync 1 DAGs
[2023-09-30 23:38:37,762] {logging_mixin.py:104} INFO - [2023-09-30 23:38:37,761] {dag.py:2280} INFO - Setting next_dagrun for example_kubernetes_executor to None
[2023-09-30 23:38:37,822] {scheduler_job.py:190} INFO - Processing /home/airflow/.local/lib/python3.6/site-packages/airflow/example_dags/example_kubernetes_executor.py took 0.333 seconds
[2023-09-30 23:39:08,690] {scheduler_job.py:182} INFO - Started process (PID=300) to work on /home/airflow/.local/lib/python3.6/site-packages/airflow/example_dags/example_kubernetes_executor.py
[2023-09-30 23:39:08,699] {scheduler_job.py:629} INFO - Processing file /home/airflow/.local/lib/python3.6/site-packages/airflow/example_dags/example_kubernetes_executor.py for tasks to queue
[2023-09-30 23:39:08,707] {logging_mixin.py:104} INFO - [2023-09-30 23:39:08,706] {dagbag.py:451} INFO - Filling up the DagBag from /home/airflow/.local/lib/python3.6/site-packages/airflow/example_dags/example_kubernetes_executor.py
[2023-09-30 23:39:08,788] {scheduler_job.py:639} INFO - DAG(s) dict_keys(['example_kubernetes_executor']) retrieved from /home/airflow/.local/lib/python3.6/site-packages/airflow/example_dags/example_kubernetes_executor.py
[2023-09-30 23:39:08,897] {logging_mixin.py:104} INFO - [2023-09-30 23:39:08,896] {dag.py:1824} INFO - Sync 1 DAGs
[2023-09-30 23:39:08,997] {logging_mixin.py:104} INFO - [2023-09-30 23:39:08,996] {dag.py:2280} INFO - Setting next_dagrun for example_kubernetes_executor to None
[2023-09-30 23:39:09,063] {scheduler_job.py:190} INFO - Processing /home/airflow/.local/lib/python3.6/site-packages/airflow/example_dags/example_kubernetes_executor.py took 0.392 seconds
[2023-09-30 23:39:39,501] {scheduler_job.py:182} INFO - Started process (PID=352) to work on /home/airflow/.local/lib/python3.6/site-packages/airflow/example_dags/example_kubernetes_executor.py
[2023-09-30 23:39:39,508] {scheduler_job.py:629} INFO - Processing file /home/airflow/.local/lib/python3.6/site-packages/airflow/example_dags/example_kubernetes_executor.py for tasks to queue
[2023-09-30 23:39:39,514] {logging_mixin.py:104} INFO - [2023-09-30 23:39:39,513] {dagbag.py:451} INFO - Filling up the DagBag from /home/airflow/.local/lib/python3.6/site-packages/airflow/example_dags/example_kubernetes_executor.py
[2023-09-30 23:39:39,581] {scheduler_job.py:639} INFO - DAG(s) dict_keys(['example_kubernetes_executor']) retrieved from /home/airflow/.local/lib/python3.6/site-packages/airflow/example_dags/example_kubernetes_executor.py
[2023-09-30 23:39:39,675] {logging_mixin.py:104} INFO - [2023-09-30 23:39:39,674] {dag.py:1824} INFO - Sync 1 DAGs
[2023-09-30 23:39:39,755] {logging_mixin.py:104} INFO - [2023-09-30 23:39:39,754] {dag.py:2280} INFO - Setting next_dagrun for example_kubernetes_executor to None
[2023-09-30 23:39:39,805] {scheduler_job.py:190} INFO - Processing /home/airflow/.local/lib/python3.6/site-packages/airflow/example_dags/example_kubernetes_executor.py took 0.314 seconds
[2023-09-30 23:40:10,046] {scheduler_job.py:182} INFO - Started process (PID=402) to work on /home/airflow/.local/lib/python3.6/site-packages/airflow/example_dags/example_kubernetes_executor.py
[2023-09-30 23:40:10,064] {scheduler_job.py:629} INFO - Processing file /home/airflow/.local/lib/python3.6/site-packages/airflow/example_dags/example_kubernetes_executor.py for tasks to queue
[2023-09-30 23:40:10,074] {logging_mixin.py:104} INFO - [2023-09-30 23:40:10,073] {dagbag.py:451} INFO - Filling up the DagBag from /home/airflow/.local/lib/python3.6/site-packages/airflow/example_dags/example_kubernetes_executor.py
[2023-09-30 23:40:10,182] {scheduler_job.py:639} INFO - DAG(s) dict_keys(['example_kubernetes_executor']) retrieved from /home/airflow/.local/lib/python3.6/site-packages/airflow/example_dags/example_kubernetes_executor.py
[2023-09-30 23:40:10,308] {logging_mixin.py:104} INFO - [2023-09-30 23:40:10,307] {dag.py:1824} INFO - Sync 1 DAGs
[2023-09-30 23:40:10,435] {logging_mixin.py:104} INFO - [2023-09-30 23:40:10,434] {dag.py:2280} INFO - Setting next_dagrun for example_kubernetes_executor to None
[2023-09-30 23:40:10,515] {scheduler_job.py:190} INFO - Processing /home/airflow/.local/lib/python3.6/site-packages/airflow/example_dags/example_kubernetes_executor.py took 0.495 seconds
[2023-09-30 23:40:40,749] {scheduler_job.py:182} INFO - Started process (PID=452) to work on /home/airflow/.local/lib/python3.6/site-packages/airflow/example_dags/example_kubernetes_executor.py
[2023-09-30 23:40:40,763] {scheduler_job.py:629} INFO - Processing file /home/airflow/.local/lib/python3.6/site-packages/airflow/example_dags/example_kubernetes_executor.py for tasks to queue
[2023-09-30 23:40:40,770] {logging_mixin.py:104} INFO - [2023-09-30 23:40:40,769] {dagbag.py:451} INFO - Filling up the DagBag from /home/airflow/.local/lib/python3.6/site-packages/airflow/example_dags/example_kubernetes_executor.py
[2023-09-30 23:40:40,884] {scheduler_job.py:639} INFO - DAG(s) dict_keys(['example_kubernetes_executor']) retrieved from /home/airflow/.local/lib/python3.6/site-packages/airflow/example_dags/example_kubernetes_executor.py
[2023-09-30 23:40:41,074] {logging_mixin.py:104} INFO - [2023-09-30 23:40:41,073] {dag.py:1824} INFO - Sync 1 DAGs
[2023-09-30 23:40:41,261] {logging_mixin.py:104} INFO - [2023-09-30 23:40:41,260] {dag.py:2280} INFO - Setting next_dagrun for example_kubernetes_executor to None
[2023-09-30 23:40:41,369] {scheduler_job.py:190} INFO - Processing /home/airflow/.local/lib/python3.6/site-packages/airflow/example_dags/example_kubernetes_executor.py took 0.654 seconds
[2023-09-30 23:44:43,455] {scheduler_job.py:182} INFO - Started process (PID=75) to work on /home/airflow/.local/lib/python3.6/site-packages/airflow/example_dags/example_kubernetes_executor.py
[2023-09-30 23:44:43,487] {scheduler_job.py:629} INFO - Processing file /home/airflow/.local/lib/python3.6/site-packages/airflow/example_dags/example_kubernetes_executor.py for tasks to queue
[2023-09-30 23:44:43,508] {logging_mixin.py:104} INFO - [2023-09-30 23:44:43,506] {dagbag.py:451} INFO - Filling up the DagBag from /home/airflow/.local/lib/python3.6/site-packages/airflow/example_dags/example_kubernetes_executor.py
[2023-09-30 23:44:43,964] {scheduler_job.py:639} INFO - DAG(s) dict_keys(['example_kubernetes_executor']) retrieved from /home/airflow/.local/lib/python3.6/site-packages/airflow/example_dags/example_kubernetes_executor.py
[2023-09-30 23:44:44,390] {logging_mixin.py:104} INFO - [2023-09-30 23:44:44,389] {dag.py:1824} INFO - Sync 1 DAGs
[2023-09-30 23:44:44,676] {logging_mixin.py:104} INFO - [2023-09-30 23:44:44,676] {dag.py:2280} INFO - Setting next_dagrun for example_kubernetes_executor to None
[2023-09-30 23:44:44,860] {scheduler_job.py:190} INFO - Processing /home/airflow/.local/lib/python3.6/site-packages/airflow/example_dags/example_kubernetes_executor.py took 1.469 seconds
[2023-09-30 23:45:15,288] {scheduler_job.py:182} INFO - Started process (PID=127) to work on /home/airflow/.local/lib/python3.6/site-packages/airflow/example_dags/example_kubernetes_executor.py
[2023-09-30 23:45:15,317] {scheduler_job.py:629} INFO - Processing file /home/airflow/.local/lib/python3.6/site-packages/airflow/example_dags/example_kubernetes_executor.py for tasks to queue
[2023-09-30 23:45:15,347] {logging_mixin.py:104} INFO - [2023-09-30 23:45:15,344] {dagbag.py:451} INFO - Filling up the DagBag from /home/airflow/.local/lib/python3.6/site-packages/airflow/example_dags/example_kubernetes_executor.py
[2023-09-30 23:45:15,598] {scheduler_job.py:639} INFO - DAG(s) dict_keys(['example_kubernetes_executor']) retrieved from /home/airflow/.local/lib/python3.6/site-packages/airflow/example_dags/example_kubernetes_executor.py
[2023-09-30 23:45:16,059] {logging_mixin.py:104} INFO - [2023-09-30 23:45:16,057] {dag.py:1824} INFO - Sync 1 DAGs
[2023-09-30 23:45:16,602] {logging_mixin.py:104} INFO - [2023-09-30 23:45:16,598] {dag.py:2280} INFO - Setting next_dagrun for example_kubernetes_executor to None
[2023-09-30 23:45:16,881] {scheduler_job.py:190} INFO - Processing /home/airflow/.local/lib/python3.6/site-packages/airflow/example_dags/example_kubernetes_executor.py took 1.620 seconds
[2023-09-30 23:45:47,022] {scheduler_job.py:182} INFO - Started process (PID=181) to work on /home/airflow/.local/lib/python3.6/site-packages/airflow/example_dags/example_kubernetes_executor.py
[2023-09-30 23:45:47,032] {scheduler_job.py:629} INFO - Processing file /home/airflow/.local/lib/python3.6/site-packages/airflow/example_dags/example_kubernetes_executor.py for tasks to queue
[2023-09-30 23:45:47,037] {logging_mixin.py:104} INFO - [2023-09-30 23:45:47,037] {dagbag.py:451} INFO - Filling up the DagBag from /home/airflow/.local/lib/python3.6/site-packages/airflow/example_dags/example_kubernetes_executor.py
[2023-09-30 23:45:47,125] {scheduler_job.py:639} INFO - DAG(s) dict_keys(['example_kubernetes_executor']) retrieved from /home/airflow/.local/lib/python3.6/site-packages/airflow/example_dags/example_kubernetes_executor.py
[2023-09-30 23:45:47,233] {logging_mixin.py:104} INFO - [2023-09-30 23:45:47,232] {dag.py:1824} INFO - Sync 1 DAGs
[2023-09-30 23:45:47,331] {logging_mixin.py:104} INFO - [2023-09-30 23:45:47,330] {dag.py:2280} INFO - Setting next_dagrun for example_kubernetes_executor to None
[2023-09-30 23:45:47,379] {scheduler_job.py:190} INFO - Processing /home/airflow/.local/lib/python3.6/site-packages/airflow/example_dags/example_kubernetes_executor.py took 0.369 seconds
[2023-09-30 23:46:18,101] {scheduler_job.py:182} INFO - Started process (PID=233) to work on /home/airflow/.local/lib/python3.6/site-packages/airflow/example_dags/example_kubernetes_executor.py
[2023-09-30 23:46:18,118] {scheduler_job.py:629} INFO - Processing file /home/airflow/.local/lib/python3.6/site-packages/airflow/example_dags/example_kubernetes_executor.py for tasks to queue
[2023-09-30 23:46:18,129] {logging_mixin.py:104} INFO - [2023-09-30 23:46:18,127] {dagbag.py:451} INFO - Filling up the DagBag from /home/airflow/.local/lib/python3.6/site-packages/airflow/example_dags/example_kubernetes_executor.py
[2023-09-30 23:46:18,311] {scheduler_job.py:639} INFO - DAG(s) dict_keys(['example_kubernetes_executor']) retrieved from /home/airflow/.local/lib/python3.6/site-packages/airflow/example_dags/example_kubernetes_executor.py
[2023-09-30 23:46:18,489] {logging_mixin.py:104} INFO - [2023-09-30 23:46:18,488] {dag.py:1824} INFO - Sync 1 DAGs
[2023-09-30 23:46:18,633] {logging_mixin.py:104} INFO - [2023-09-30 23:46:18,632] {dag.py:2280} INFO - Setting next_dagrun for example_kubernetes_executor to None
[2023-09-30 23:46:18,719] {scheduler_job.py:190} INFO - Processing /home/airflow/.local/lib/python3.6/site-packages/airflow/example_dags/example_kubernetes_executor.py took 0.645 seconds
[2023-09-30 23:46:49,425] {scheduler_job.py:182} INFO - Started process (PID=285) to work on /home/airflow/.local/lib/python3.6/site-packages/airflow/example_dags/example_kubernetes_executor.py
[2023-09-30 23:46:49,440] {scheduler_job.py:629} INFO - Processing file /home/airflow/.local/lib/python3.6/site-packages/airflow/example_dags/example_kubernetes_executor.py for tasks to queue
[2023-09-30 23:46:49,449] {logging_mixin.py:104} INFO - [2023-09-30 23:46:49,449] {dagbag.py:451} INFO - Filling up the DagBag from /home/airflow/.local/lib/python3.6/site-packages/airflow/example_dags/example_kubernetes_executor.py
[2023-09-30 23:46:49,601] {scheduler_job.py:639} INFO - DAG(s) dict_keys(['example_kubernetes_executor']) retrieved from /home/airflow/.local/lib/python3.6/site-packages/airflow/example_dags/example_kubernetes_executor.py
[2023-09-30 23:46:49,787] {logging_mixin.py:104} INFO - [2023-09-30 23:46:49,786] {dag.py:1824} INFO - Sync 1 DAGs
[2023-09-30 23:46:49,917] {logging_mixin.py:104} INFO - [2023-09-30 23:46:49,916] {dag.py:2280} INFO - Setting next_dagrun for example_kubernetes_executor to None
[2023-09-30 23:46:50,001] {scheduler_job.py:190} INFO - Processing /home/airflow/.local/lib/python3.6/site-packages/airflow/example_dags/example_kubernetes_executor.py took 0.611 seconds
[2023-09-30 23:47:20,392] {scheduler_job.py:182} INFO - Started process (PID=337) to work on /home/airflow/.local/lib/python3.6/site-packages/airflow/example_dags/example_kubernetes_executor.py
[2023-09-30 23:47:20,413] {scheduler_job.py:629} INFO - Processing file /home/airflow/.local/lib/python3.6/site-packages/airflow/example_dags/example_kubernetes_executor.py for tasks to queue
[2023-09-30 23:47:20,418] {logging_mixin.py:104} INFO - [2023-09-30 23:47:20,418] {dagbag.py:451} INFO - Filling up the DagBag from /home/airflow/.local/lib/python3.6/site-packages/airflow/example_dags/example_kubernetes_executor.py
[2023-09-30 23:47:20,535] {scheduler_job.py:639} INFO - DAG(s) dict_keys(['example_kubernetes_executor']) retrieved from /home/airflow/.local/lib/python3.6/site-packages/airflow/example_dags/example_kubernetes_executor.py
[2023-09-30 23:47:20,685] {logging_mixin.py:104} INFO - [2023-09-30 23:47:20,684] {dag.py:1824} INFO - Sync 1 DAGs
[2023-09-30 23:47:20,858] {logging_mixin.py:104} INFO - [2023-09-30 23:47:20,857] {dag.py:2280} INFO - Setting next_dagrun for example_kubernetes_executor to None
[2023-09-30 23:47:20,949] {scheduler_job.py:190} INFO - Processing /home/airflow/.local/lib/python3.6/site-packages/airflow/example_dags/example_kubernetes_executor.py took 0.582 seconds
[2023-09-30 23:47:51,155] {scheduler_job.py:182} INFO - Started process (PID=389) to work on /home/airflow/.local/lib/python3.6/site-packages/airflow/example_dags/example_kubernetes_executor.py
[2023-09-30 23:47:51,162] {scheduler_job.py:629} INFO - Processing file /home/airflow/.local/lib/python3.6/site-packages/airflow/example_dags/example_kubernetes_executor.py for tasks to queue
[2023-09-30 23:47:51,167] {logging_mixin.py:104} INFO - [2023-09-30 23:47:51,166] {dagbag.py:451} INFO - Filling up the DagBag from /home/airflow/.local/lib/python3.6/site-packages/airflow/example_dags/example_kubernetes_executor.py
[2023-09-30 23:47:51,224] {scheduler_job.py:639} INFO - DAG(s) dict_keys(['example_kubernetes_executor']) retrieved from /home/airflow/.local/lib/python3.6/site-packages/airflow/example_dags/example_kubernetes_executor.py
[2023-09-30 23:47:51,313] {logging_mixin.py:104} INFO - [2023-09-30 23:47:51,312] {dag.py:1824} INFO - Sync 1 DAGs
[2023-09-30 23:47:51,378] {logging_mixin.py:104} INFO - [2023-09-30 23:47:51,378] {dag.py:2280} INFO - Setting next_dagrun for example_kubernetes_executor to None
[2023-09-30 23:47:51,416] {scheduler_job.py:190} INFO - Processing /home/airflow/.local/lib/python3.6/site-packages/airflow/example_dags/example_kubernetes_executor.py took 0.270 seconds
[2023-09-30 23:48:21,741] {scheduler_job.py:182} INFO - Started process (PID=441) to work on /home/airflow/.local/lib/python3.6/site-packages/airflow/example_dags/example_kubernetes_executor.py
[2023-09-30 23:48:21,748] {scheduler_job.py:629} INFO - Processing file /home/airflow/.local/lib/python3.6/site-packages/airflow/example_dags/example_kubernetes_executor.py for tasks to queue
[2023-09-30 23:48:21,751] {logging_mixin.py:104} INFO - [2023-09-30 23:48:21,750] {dagbag.py:451} INFO - Filling up the DagBag from /home/airflow/.local/lib/python3.6/site-packages/airflow/example_dags/example_kubernetes_executor.py
[2023-09-30 23:48:21,806] {scheduler_job.py:639} INFO - DAG(s) dict_keys(['example_kubernetes_executor']) retrieved from /home/airflow/.local/lib/python3.6/site-packages/airflow/example_dags/example_kubernetes_executor.py
[2023-09-30 23:48:21,894] {logging_mixin.py:104} INFO - [2023-09-30 23:48:21,893] {dag.py:1824} INFO - Sync 1 DAGs
[2023-09-30 23:48:21,974] {logging_mixin.py:104} INFO - [2023-09-30 23:48:21,974] {dag.py:2280} INFO - Setting next_dagrun for example_kubernetes_executor to None
[2023-09-30 23:48:22,025] {scheduler_job.py:190} INFO - Processing /home/airflow/.local/lib/python3.6/site-packages/airflow/example_dags/example_kubernetes_executor.py took 0.294 seconds
[2023-09-30 23:48:52,367] {scheduler_job.py:182} INFO - Started process (PID=493) to work on /home/airflow/.local/lib/python3.6/site-packages/airflow/example_dags/example_kubernetes_executor.py
[2023-09-30 23:48:52,373] {scheduler_job.py:629} INFO - Processing file /home/airflow/.local/lib/python3.6/site-packages/airflow/example_dags/example_kubernetes_executor.py for tasks to queue
[2023-09-30 23:48:52,379] {logging_mixin.py:104} INFO - [2023-09-30 23:48:52,378] {dagbag.py:451} INFO - Filling up the DagBag from /home/airflow/.local/lib/python3.6/site-packages/airflow/example_dags/example_kubernetes_executor.py
[2023-09-30 23:48:52,444] {scheduler_job.py:639} INFO - DAG(s) dict_keys(['example_kubernetes_executor']) retrieved from /home/airflow/.local/lib/python3.6/site-packages/airflow/example_dags/example_kubernetes_executor.py
[2023-09-30 23:48:52,526] {logging_mixin.py:104} INFO - [2023-09-30 23:48:52,525] {dag.py:1824} INFO - Sync 1 DAGs
[2023-09-30 23:48:52,596] {logging_mixin.py:104} INFO - [2023-09-30 23:48:52,595] {dag.py:2280} INFO - Setting next_dagrun for example_kubernetes_executor to None
[2023-09-30 23:48:52,636] {scheduler_job.py:190} INFO - Processing /home/airflow/.local/lib/python3.6/site-packages/airflow/example_dags/example_kubernetes_executor.py took 0.281 seconds
[2023-09-30 23:49:23,377] {scheduler_job.py:182} INFO - Started process (PID=545) to work on /home/airflow/.local/lib/python3.6/site-packages/airflow/example_dags/example_kubernetes_executor.py
[2023-09-30 23:49:23,385] {scheduler_job.py:629} INFO - Processing file /home/airflow/.local/lib/python3.6/site-packages/airflow/example_dags/example_kubernetes_executor.py for tasks to queue
[2023-09-30 23:49:23,389] {logging_mixin.py:104} INFO - [2023-09-30 23:49:23,389] {dagbag.py:451} INFO - Filling up the DagBag from /home/airflow/.local/lib/python3.6/site-packages/airflow/example_dags/example_kubernetes_executor.py
[2023-09-30 23:49:23,455] {scheduler_job.py:639} INFO - DAG(s) dict_keys(['example_kubernetes_executor']) retrieved from /home/airflow/.local/lib/python3.6/site-packages/airflow/example_dags/example_kubernetes_executor.py
[2023-09-30 23:49:23,530] {logging_mixin.py:104} INFO - [2023-09-30 23:49:23,530] {dag.py:1824} INFO - Sync 1 DAGs
[2023-09-30 23:49:23,596] {logging_mixin.py:104} INFO - [2023-09-30 23:49:23,596] {dag.py:2280} INFO - Setting next_dagrun for example_kubernetes_executor to None
[2023-09-30 23:49:23,643] {scheduler_job.py:190} INFO - Processing /home/airflow/.local/lib/python3.6/site-packages/airflow/example_dags/example_kubernetes_executor.py took 0.275 seconds
[2023-09-30 23:49:53,867] {scheduler_job.py:182} INFO - Started process (PID=597) to work on /home/airflow/.local/lib/python3.6/site-packages/airflow/example_dags/example_kubernetes_executor.py
[2023-09-30 23:49:53,873] {scheduler_job.py:629} INFO - Processing file /home/airflow/.local/lib/python3.6/site-packages/airflow/example_dags/example_kubernetes_executor.py for tasks to queue
[2023-09-30 23:49:53,877] {logging_mixin.py:104} INFO - [2023-09-30 23:49:53,876] {dagbag.py:451} INFO - Filling up the DagBag from /home/airflow/.local/lib/python3.6/site-packages/airflow/example_dags/example_kubernetes_executor.py
[2023-09-30 23:49:53,939] {scheduler_job.py:639} INFO - DAG(s) dict_keys(['example_kubernetes_executor']) retrieved from /home/airflow/.local/lib/python3.6/site-packages/airflow/example_dags/example_kubernetes_executor.py
[2023-09-30 23:49:54,015] {logging_mixin.py:104} INFO - [2023-09-30 23:49:54,014] {dag.py:1824} INFO - Sync 1 DAGs
[2023-09-30 23:49:54,082] {logging_mixin.py:104} INFO - [2023-09-30 23:49:54,082] {dag.py:2280} INFO - Setting next_dagrun for example_kubernetes_executor to None
[2023-09-30 23:49:54,122] {scheduler_job.py:190} INFO - Processing /home/airflow/.local/lib/python3.6/site-packages/airflow/example_dags/example_kubernetes_executor.py took 0.264 seconds
[2023-09-30 23:50:24,356] {scheduler_job.py:182} INFO - Started process (PID=649) to work on /home/airflow/.local/lib/python3.6/site-packages/airflow/example_dags/example_kubernetes_executor.py
[2023-09-30 23:50:24,362] {scheduler_job.py:629} INFO - Processing file /home/airflow/.local/lib/python3.6/site-packages/airflow/example_dags/example_kubernetes_executor.py for tasks to queue
[2023-09-30 23:50:24,365] {logging_mixin.py:104} INFO - [2023-09-30 23:50:24,365] {dagbag.py:451} INFO - Filling up the DagBag from /home/airflow/.local/lib/python3.6/site-packages/airflow/example_dags/example_kubernetes_executor.py
[2023-09-30 23:50:24,434] {scheduler_job.py:639} INFO - DAG(s) dict_keys(['example_kubernetes_executor']) retrieved from /home/airflow/.local/lib/python3.6/site-packages/airflow/example_dags/example_kubernetes_executor.py
[2023-09-30 23:50:24,528] {logging_mixin.py:104} INFO - [2023-09-30 23:50:24,527] {dag.py:1824} INFO - Sync 1 DAGs
[2023-09-30 23:50:24,606] {logging_mixin.py:104} INFO - [2023-09-30 23:50:24,605] {dag.py:2280} INFO - Setting next_dagrun for example_kubernetes_executor to None
[2023-09-30 23:50:24,651] {scheduler_job.py:190} INFO - Processing /home/airflow/.local/lib/python3.6/site-packages/airflow/example_dags/example_kubernetes_executor.py took 0.306 seconds
[2023-09-30 23:50:54,772] {scheduler_job.py:182} INFO - Started process (PID=701) to work on /home/airflow/.local/lib/python3.6/site-packages/airflow/example_dags/example_kubernetes_executor.py
[2023-09-30 23:50:54,778] {scheduler_job.py:629} INFO - Processing file /home/airflow/.local/lib/python3.6/site-packages/airflow/example_dags/example_kubernetes_executor.py for tasks to queue
[2023-09-30 23:50:54,782] {logging_mixin.py:104} INFO - [2023-09-30 23:50:54,781] {dagbag.py:451} INFO - Filling up the DagBag from /home/airflow/.local/lib/python3.6/site-packages/airflow/example_dags/example_kubernetes_executor.py
[2023-09-30 23:50:54,852] {scheduler_job.py:639} INFO - DAG(s) dict_keys(['example_kubernetes_executor']) retrieved from /home/airflow/.local/lib/python3.6/site-packages/airflow/example_dags/example_kubernetes_executor.py
[2023-09-30 23:50:54,932] {logging_mixin.py:104} INFO - [2023-09-30 23:50:54,932] {dag.py:1824} INFO - Sync 1 DAGs
[2023-09-30 23:50:55,004] {logging_mixin.py:104} INFO - [2023-09-30 23:50:55,003] {dag.py:2280} INFO - Setting next_dagrun for example_kubernetes_executor to None
[2023-09-30 23:50:55,044] {scheduler_job.py:190} INFO - Processing /home/airflow/.local/lib/python3.6/site-packages/airflow/example_dags/example_kubernetes_executor.py took 0.281 seconds
