[2023-09-30 23:33:51,225] {scheduler_job.py:182} INFO - Started process (PID=77) to work on /home/airflow/.local/lib/python3.6/site-packages/airflow/example_dags/example_external_task_marker_dag.py
[2023-09-30 23:33:51,235] {scheduler_job.py:629} INFO - Processing file /home/airflow/.local/lib/python3.6/site-packages/airflow/example_dags/example_external_task_marker_dag.py for tasks to queue
[2023-09-30 23:33:51,250] {logging_mixin.py:104} INFO - [2023-09-30 23:33:51,250] {dagbag.py:451} INFO - Filling up the DagBag from /home/airflow/.local/lib/python3.6/site-packages/airflow/example_dags/example_external_task_marker_dag.py
[2023-09-30 23:33:51,486] {scheduler_job.py:639} INFO - DAG(s) dict_keys(['example_external_task_marker_parent', 'example_external_task_marker_child']) retrieved from /home/airflow/.local/lib/python3.6/site-packages/airflow/example_dags/example_external_task_marker_dag.py
[2023-09-30 23:33:52,232] {logging_mixin.py:104} INFO - [2023-09-30 23:33:52,217] {dag.py:1824} INFO - Sync 2 DAGs
[2023-09-30 23:33:52,468] {logging_mixin.py:104} INFO - [2023-09-30 23:33:52,467] {dag.py:1843} INFO - Creating ORM DAG for example_external_task_marker_child
[2023-09-30 23:33:52,485] {logging_mixin.py:104} INFO - [2023-09-30 23:33:52,484] {dag.py:1843} INFO - Creating ORM DAG for example_external_task_marker_parent
[2023-09-30 23:33:52,613] {logging_mixin.py:104} INFO - [2023-09-30 23:33:52,612] {dag.py:2280} INFO - Setting next_dagrun for example_external_task_marker_child to None
[2023-09-30 23:33:52,631] {logging_mixin.py:104} INFO - [2023-09-30 23:33:52,630] {dag.py:2280} INFO - Setting next_dagrun for example_external_task_marker_parent to None
[2023-09-30 23:33:52,944] {scheduler_job.py:190} INFO - Processing /home/airflow/.local/lib/python3.6/site-packages/airflow/example_dags/example_external_task_marker_dag.py took 1.762 seconds
[2023-09-30 23:34:23,369] {scheduler_job.py:182} INFO - Started process (PID=127) to work on /home/airflow/.local/lib/python3.6/site-packages/airflow/example_dags/example_external_task_marker_dag.py
[2023-09-30 23:34:23,379] {scheduler_job.py:629} INFO - Processing file /home/airflow/.local/lib/python3.6/site-packages/airflow/example_dags/example_external_task_marker_dag.py for tasks to queue
[2023-09-30 23:34:23,383] {logging_mixin.py:104} INFO - [2023-09-30 23:34:23,382] {dagbag.py:451} INFO - Filling up the DagBag from /home/airflow/.local/lib/python3.6/site-packages/airflow/example_dags/example_external_task_marker_dag.py
[2023-09-30 23:34:23,445] {scheduler_job.py:639} INFO - DAG(s) dict_keys(['example_external_task_marker_parent', 'example_external_task_marker_child']) retrieved from /home/airflow/.local/lib/python3.6/site-packages/airflow/example_dags/example_external_task_marker_dag.py
[2023-09-30 23:34:23,589] {logging_mixin.py:104} INFO - [2023-09-30 23:34:23,588] {dag.py:1824} INFO - Sync 2 DAGs
[2023-09-30 23:34:23,712] {logging_mixin.py:104} INFO - [2023-09-30 23:34:23,711] {dag.py:2280} INFO - Setting next_dagrun for example_external_task_marker_child to None
[2023-09-30 23:34:23,734] {logging_mixin.py:104} INFO - [2023-09-30 23:34:23,730] {dag.py:2280} INFO - Setting next_dagrun for example_external_task_marker_parent to None
[2023-09-30 23:34:23,812] {scheduler_job.py:190} INFO - Processing /home/airflow/.local/lib/python3.6/site-packages/airflow/example_dags/example_external_task_marker_dag.py took 0.452 seconds
[2023-09-30 23:34:54,060] {scheduler_job.py:182} INFO - Started process (PID=179) to work on /home/airflow/.local/lib/python3.6/site-packages/airflow/example_dags/example_external_task_marker_dag.py
[2023-09-30 23:34:54,071] {scheduler_job.py:629} INFO - Processing file /home/airflow/.local/lib/python3.6/site-packages/airflow/example_dags/example_external_task_marker_dag.py for tasks to queue
[2023-09-30 23:34:54,077] {logging_mixin.py:104} INFO - [2023-09-30 23:34:54,076] {dagbag.py:451} INFO - Filling up the DagBag from /home/airflow/.local/lib/python3.6/site-packages/airflow/example_dags/example_external_task_marker_dag.py
[2023-09-30 23:34:54,169] {scheduler_job.py:639} INFO - DAG(s) dict_keys(['example_external_task_marker_parent', 'example_external_task_marker_child']) retrieved from /home/airflow/.local/lib/python3.6/site-packages/airflow/example_dags/example_external_task_marker_dag.py
[2023-09-30 23:34:54,335] {logging_mixin.py:104} INFO - [2023-09-30 23:34:54,334] {dag.py:1824} INFO - Sync 2 DAGs
[2023-09-30 23:34:54,574] {logging_mixin.py:104} INFO - [2023-09-30 23:34:54,573] {dag.py:2280} INFO - Setting next_dagrun for example_external_task_marker_child to None
[2023-09-30 23:34:54,591] {logging_mixin.py:104} INFO - [2023-09-30 23:34:54,590] {dag.py:2280} INFO - Setting next_dagrun for example_external_task_marker_parent to None
[2023-09-30 23:34:54,680] {scheduler_job.py:190} INFO - Processing /home/airflow/.local/lib/python3.6/site-packages/airflow/example_dags/example_external_task_marker_dag.py took 0.641 seconds
[2023-09-30 23:35:25,321] {scheduler_job.py:182} INFO - Started process (PID=231) to work on /home/airflow/.local/lib/python3.6/site-packages/airflow/example_dags/example_external_task_marker_dag.py
[2023-09-30 23:35:25,358] {scheduler_job.py:629} INFO - Processing file /home/airflow/.local/lib/python3.6/site-packages/airflow/example_dags/example_external_task_marker_dag.py for tasks to queue
[2023-09-30 23:35:25,364] {logging_mixin.py:104} INFO - [2023-09-30 23:35:25,363] {dagbag.py:451} INFO - Filling up the DagBag from /home/airflow/.local/lib/python3.6/site-packages/airflow/example_dags/example_external_task_marker_dag.py
[2023-09-30 23:35:25,509] {scheduler_job.py:639} INFO - DAG(s) dict_keys(['example_external_task_marker_parent', 'example_external_task_marker_child']) retrieved from /home/airflow/.local/lib/python3.6/site-packages/airflow/example_dags/example_external_task_marker_dag.py
[2023-09-30 23:35:25,752] {logging_mixin.py:104} INFO - [2023-09-30 23:35:25,751] {dag.py:1824} INFO - Sync 2 DAGs
[2023-09-30 23:35:25,954] {logging_mixin.py:104} INFO - [2023-09-30 23:35:25,953] {dag.py:2280} INFO - Setting next_dagrun for example_external_task_marker_child to None
[2023-09-30 23:35:25,965] {logging_mixin.py:104} INFO - [2023-09-30 23:35:25,965] {dag.py:2280} INFO - Setting next_dagrun for example_external_task_marker_parent to None
[2023-09-30 23:35:26,088] {scheduler_job.py:190} INFO - Processing /home/airflow/.local/lib/python3.6/site-packages/airflow/example_dags/example_external_task_marker_dag.py took 0.792 seconds
[2023-09-30 23:35:57,203] {scheduler_job.py:182} INFO - Started process (PID=283) to work on /home/airflow/.local/lib/python3.6/site-packages/airflow/example_dags/example_external_task_marker_dag.py
[2023-09-30 23:35:57,214] {scheduler_job.py:629} INFO - Processing file /home/airflow/.local/lib/python3.6/site-packages/airflow/example_dags/example_external_task_marker_dag.py for tasks to queue
[2023-09-30 23:35:57,227] {logging_mixin.py:104} INFO - [2023-09-30 23:35:57,225] {dagbag.py:451} INFO - Filling up the DagBag from /home/airflow/.local/lib/python3.6/site-packages/airflow/example_dags/example_external_task_marker_dag.py
[2023-09-30 23:35:57,403] {scheduler_job.py:639} INFO - DAG(s) dict_keys(['example_external_task_marker_parent', 'example_external_task_marker_child']) retrieved from /home/airflow/.local/lib/python3.6/site-packages/airflow/example_dags/example_external_task_marker_dag.py
[2023-09-30 23:35:57,969] {logging_mixin.py:104} INFO - [2023-09-30 23:35:57,963] {dag.py:1824} INFO - Sync 2 DAGs
[2023-09-30 23:35:58,303] {logging_mixin.py:104} INFO - [2023-09-30 23:35:58,303] {dag.py:2280} INFO - Setting next_dagrun for example_external_task_marker_child to None
[2023-09-30 23:35:58,314] {logging_mixin.py:104} INFO - [2023-09-30 23:35:58,313] {dag.py:2280} INFO - Setting next_dagrun for example_external_task_marker_parent to None
[2023-09-30 23:35:58,488] {scheduler_job.py:190} INFO - Processing /home/airflow/.local/lib/python3.6/site-packages/airflow/example_dags/example_external_task_marker_dag.py took 1.339 seconds
[2023-09-30 23:37:07,491] {scheduler_job.py:182} INFO - Started process (PID=114) to work on /home/airflow/.local/lib/python3.6/site-packages/airflow/example_dags/example_external_task_marker_dag.py
[2023-09-30 23:37:07,500] {scheduler_job.py:629} INFO - Processing file /home/airflow/.local/lib/python3.6/site-packages/airflow/example_dags/example_external_task_marker_dag.py for tasks to queue
[2023-09-30 23:37:07,506] {logging_mixin.py:104} INFO - [2023-09-30 23:37:07,506] {dagbag.py:451} INFO - Filling up the DagBag from /home/airflow/.local/lib/python3.6/site-packages/airflow/example_dags/example_external_task_marker_dag.py
[2023-09-30 23:37:07,591] {scheduler_job.py:639} INFO - DAG(s) dict_keys(['example_external_task_marker_parent', 'example_external_task_marker_child']) retrieved from /home/airflow/.local/lib/python3.6/site-packages/airflow/example_dags/example_external_task_marker_dag.py
[2023-09-30 23:37:07,754] {logging_mixin.py:104} INFO - [2023-09-30 23:37:07,753] {dag.py:1824} INFO - Sync 2 DAGs
[2023-09-30 23:37:07,842] {logging_mixin.py:104} INFO - [2023-09-30 23:37:07,842] {dag.py:2280} INFO - Setting next_dagrun for example_external_task_marker_child to None
[2023-09-30 23:37:07,853] {logging_mixin.py:104} INFO - [2023-09-30 23:37:07,852] {dag.py:2280} INFO - Setting next_dagrun for example_external_task_marker_parent to None
[2023-09-30 23:37:07,915] {scheduler_job.py:190} INFO - Processing /home/airflow/.local/lib/python3.6/site-packages/airflow/example_dags/example_external_task_marker_dag.py took 0.439 seconds
[2023-09-30 23:37:38,796] {scheduler_job.py:182} INFO - Started process (PID=168) to work on /home/airflow/.local/lib/python3.6/site-packages/airflow/example_dags/example_external_task_marker_dag.py
[2023-09-30 23:37:38,804] {scheduler_job.py:629} INFO - Processing file /home/airflow/.local/lib/python3.6/site-packages/airflow/example_dags/example_external_task_marker_dag.py for tasks to queue
[2023-09-30 23:37:38,810] {logging_mixin.py:104} INFO - [2023-09-30 23:37:38,810] {dagbag.py:451} INFO - Filling up the DagBag from /home/airflow/.local/lib/python3.6/site-packages/airflow/example_dags/example_external_task_marker_dag.py
[2023-09-30 23:37:38,885] {scheduler_job.py:639} INFO - DAG(s) dict_keys(['example_external_task_marker_parent', 'example_external_task_marker_child']) retrieved from /home/airflow/.local/lib/python3.6/site-packages/airflow/example_dags/example_external_task_marker_dag.py
[2023-09-30 23:37:39,012] {logging_mixin.py:104} INFO - [2023-09-30 23:37:39,011] {dag.py:1824} INFO - Sync 2 DAGs
[2023-09-30 23:37:39,102] {logging_mixin.py:104} INFO - [2023-09-30 23:37:39,101] {dag.py:2280} INFO - Setting next_dagrun for example_external_task_marker_child to None
[2023-09-30 23:37:39,108] {logging_mixin.py:104} INFO - [2023-09-30 23:37:39,108] {dag.py:2280} INFO - Setting next_dagrun for example_external_task_marker_parent to None
[2023-09-30 23:37:39,161] {scheduler_job.py:190} INFO - Processing /home/airflow/.local/lib/python3.6/site-packages/airflow/example_dags/example_external_task_marker_dag.py took 0.377 seconds
[2023-09-30 23:38:09,336] {scheduler_job.py:182} INFO - Started process (PID=220) to work on /home/airflow/.local/lib/python3.6/site-packages/airflow/example_dags/example_external_task_marker_dag.py
[2023-09-30 23:38:09,346] {scheduler_job.py:629} INFO - Processing file /home/airflow/.local/lib/python3.6/site-packages/airflow/example_dags/example_external_task_marker_dag.py for tasks to queue
[2023-09-30 23:38:09,352] {logging_mixin.py:104} INFO - [2023-09-30 23:38:09,351] {dagbag.py:451} INFO - Filling up the DagBag from /home/airflow/.local/lib/python3.6/site-packages/airflow/example_dags/example_external_task_marker_dag.py
[2023-09-30 23:38:09,440] {scheduler_job.py:639} INFO - DAG(s) dict_keys(['example_external_task_marker_parent', 'example_external_task_marker_child']) retrieved from /home/airflow/.local/lib/python3.6/site-packages/airflow/example_dags/example_external_task_marker_dag.py
[2023-09-30 23:38:09,585] {logging_mixin.py:104} INFO - [2023-09-30 23:38:09,584] {dag.py:1824} INFO - Sync 2 DAGs
[2023-09-30 23:38:09,684] {logging_mixin.py:104} INFO - [2023-09-30 23:38:09,683] {dag.py:2280} INFO - Setting next_dagrun for example_external_task_marker_child to None
[2023-09-30 23:38:09,695] {logging_mixin.py:104} INFO - [2023-09-30 23:38:09,694] {dag.py:2280} INFO - Setting next_dagrun for example_external_task_marker_parent to None
[2023-09-30 23:38:09,784] {scheduler_job.py:190} INFO - Processing /home/airflow/.local/lib/python3.6/site-packages/airflow/example_dags/example_external_task_marker_dag.py took 0.462 seconds
[2023-09-30 23:38:40,597] {scheduler_job.py:182} INFO - Started process (PID=272) to work on /home/airflow/.local/lib/python3.6/site-packages/airflow/example_dags/example_external_task_marker_dag.py
[2023-09-30 23:38:40,605] {scheduler_job.py:629} INFO - Processing file /home/airflow/.local/lib/python3.6/site-packages/airflow/example_dags/example_external_task_marker_dag.py for tasks to queue
[2023-09-30 23:38:40,609] {logging_mixin.py:104} INFO - [2023-09-30 23:38:40,608] {dagbag.py:451} INFO - Filling up the DagBag from /home/airflow/.local/lib/python3.6/site-packages/airflow/example_dags/example_external_task_marker_dag.py
[2023-09-30 23:38:40,674] {scheduler_job.py:639} INFO - DAG(s) dict_keys(['example_external_task_marker_parent', 'example_external_task_marker_child']) retrieved from /home/airflow/.local/lib/python3.6/site-packages/airflow/example_dags/example_external_task_marker_dag.py
[2023-09-30 23:38:40,781] {logging_mixin.py:104} INFO - [2023-09-30 23:38:40,780] {dag.py:1824} INFO - Sync 2 DAGs
[2023-09-30 23:38:40,869] {logging_mixin.py:104} INFO - [2023-09-30 23:38:40,868] {dag.py:2280} INFO - Setting next_dagrun for example_external_task_marker_child to None
[2023-09-30 23:38:40,877] {logging_mixin.py:104} INFO - [2023-09-30 23:38:40,876] {dag.py:2280} INFO - Setting next_dagrun for example_external_task_marker_parent to None
[2023-09-30 23:38:40,929] {scheduler_job.py:190} INFO - Processing /home/airflow/.local/lib/python3.6/site-packages/airflow/example_dags/example_external_task_marker_dag.py took 0.344 seconds
[2023-09-30 23:39:12,128] {scheduler_job.py:182} INFO - Started process (PID=324) to work on /home/airflow/.local/lib/python3.6/site-packages/airflow/example_dags/example_external_task_marker_dag.py
[2023-09-30 23:39:12,141] {scheduler_job.py:629} INFO - Processing file /home/airflow/.local/lib/python3.6/site-packages/airflow/example_dags/example_external_task_marker_dag.py for tasks to queue
[2023-09-30 23:39:12,174] {logging_mixin.py:104} INFO - [2023-09-30 23:39:12,173] {dagbag.py:451} INFO - Filling up the DagBag from /home/airflow/.local/lib/python3.6/site-packages/airflow/example_dags/example_external_task_marker_dag.py
[2023-09-30 23:39:12,280] {scheduler_job.py:639} INFO - DAG(s) dict_keys(['example_external_task_marker_parent', 'example_external_task_marker_child']) retrieved from /home/airflow/.local/lib/python3.6/site-packages/airflow/example_dags/example_external_task_marker_dag.py
[2023-09-30 23:39:12,378] {logging_mixin.py:104} INFO - [2023-09-30 23:39:12,377] {dag.py:1824} INFO - Sync 2 DAGs
[2023-09-30 23:39:12,451] {logging_mixin.py:104} INFO - [2023-09-30 23:39:12,450] {dag.py:2280} INFO - Setting next_dagrun for example_external_task_marker_child to None
[2023-09-30 23:39:12,456] {logging_mixin.py:104} INFO - [2023-09-30 23:39:12,456] {dag.py:2280} INFO - Setting next_dagrun for example_external_task_marker_parent to None
[2023-09-30 23:39:12,498] {scheduler_job.py:190} INFO - Processing /home/airflow/.local/lib/python3.6/site-packages/airflow/example_dags/example_external_task_marker_dag.py took 0.380 seconds
[2023-09-30 23:39:42,595] {scheduler_job.py:182} INFO - Started process (PID=376) to work on /home/airflow/.local/lib/python3.6/site-packages/airflow/example_dags/example_external_task_marker_dag.py
[2023-09-30 23:39:42,603] {scheduler_job.py:629} INFO - Processing file /home/airflow/.local/lib/python3.6/site-packages/airflow/example_dags/example_external_task_marker_dag.py for tasks to queue
[2023-09-30 23:39:42,609] {logging_mixin.py:104} INFO - [2023-09-30 23:39:42,608] {dagbag.py:451} INFO - Filling up the DagBag from /home/airflow/.local/lib/python3.6/site-packages/airflow/example_dags/example_external_task_marker_dag.py
[2023-09-30 23:39:42,676] {scheduler_job.py:639} INFO - DAG(s) dict_keys(['example_external_task_marker_parent', 'example_external_task_marker_child']) retrieved from /home/airflow/.local/lib/python3.6/site-packages/airflow/example_dags/example_external_task_marker_dag.py
[2023-09-30 23:39:42,786] {logging_mixin.py:104} INFO - [2023-09-30 23:39:42,785] {dag.py:1824} INFO - Sync 2 DAGs
[2023-09-30 23:39:42,881] {logging_mixin.py:104} INFO - [2023-09-30 23:39:42,880] {dag.py:2280} INFO - Setting next_dagrun for example_external_task_marker_child to None
[2023-09-30 23:39:42,888] {logging_mixin.py:104} INFO - [2023-09-30 23:39:42,888] {dag.py:2280} INFO - Setting next_dagrun for example_external_task_marker_parent to None
[2023-09-30 23:39:42,945] {scheduler_job.py:190} INFO - Processing /home/airflow/.local/lib/python3.6/site-packages/airflow/example_dags/example_external_task_marker_dag.py took 0.361 seconds
[2023-09-30 23:40:13,779] {scheduler_job.py:182} INFO - Started process (PID=422) to work on /home/airflow/.local/lib/python3.6/site-packages/airflow/example_dags/example_external_task_marker_dag.py
[2023-09-30 23:40:13,789] {scheduler_job.py:629} INFO - Processing file /home/airflow/.local/lib/python3.6/site-packages/airflow/example_dags/example_external_task_marker_dag.py for tasks to queue
[2023-09-30 23:40:13,795] {logging_mixin.py:104} INFO - [2023-09-30 23:40:13,794] {dagbag.py:451} INFO - Filling up the DagBag from /home/airflow/.local/lib/python3.6/site-packages/airflow/example_dags/example_external_task_marker_dag.py
[2023-09-30 23:40:13,901] {scheduler_job.py:639} INFO - DAG(s) dict_keys(['example_external_task_marker_parent', 'example_external_task_marker_child']) retrieved from /home/airflow/.local/lib/python3.6/site-packages/airflow/example_dags/example_external_task_marker_dag.py
[2023-09-30 23:40:14,073] {logging_mixin.py:104} INFO - [2023-09-30 23:40:14,072] {dag.py:1824} INFO - Sync 2 DAGs
[2023-09-30 23:40:14,256] {logging_mixin.py:104} INFO - [2023-09-30 23:40:14,256] {dag.py:2280} INFO - Setting next_dagrun for example_external_task_marker_child to None
[2023-09-30 23:40:14,265] {logging_mixin.py:104} INFO - [2023-09-30 23:40:14,265] {dag.py:2280} INFO - Setting next_dagrun for example_external_task_marker_parent to None
[2023-09-30 23:40:14,382] {scheduler_job.py:190} INFO - Processing /home/airflow/.local/lib/python3.6/site-packages/airflow/example_dags/example_external_task_marker_dag.py took 0.626 seconds
[2023-09-30 23:40:45,167] {scheduler_job.py:182} INFO - Started process (PID=474) to work on /home/airflow/.local/lib/python3.6/site-packages/airflow/example_dags/example_external_task_marker_dag.py
[2023-09-30 23:40:45,178] {scheduler_job.py:629} INFO - Processing file /home/airflow/.local/lib/python3.6/site-packages/airflow/example_dags/example_external_task_marker_dag.py for tasks to queue
[2023-09-30 23:40:45,185] {logging_mixin.py:104} INFO - [2023-09-30 23:40:45,184] {dagbag.py:451} INFO - Filling up the DagBag from /home/airflow/.local/lib/python3.6/site-packages/airflow/example_dags/example_external_task_marker_dag.py
[2023-09-30 23:40:45,313] {scheduler_job.py:639} INFO - DAG(s) dict_keys(['example_external_task_marker_parent', 'example_external_task_marker_child']) retrieved from /home/airflow/.local/lib/python3.6/site-packages/airflow/example_dags/example_external_task_marker_dag.py
[2023-09-30 23:40:45,544] {logging_mixin.py:104} INFO - [2023-09-30 23:40:45,544] {dag.py:1824} INFO - Sync 2 DAGs
[2023-09-30 23:40:45,655] {logging_mixin.py:104} INFO - [2023-09-30 23:40:45,655] {dag.py:2280} INFO - Setting next_dagrun for example_external_task_marker_child to None
[2023-09-30 23:40:45,667] {logging_mixin.py:104} INFO - [2023-09-30 23:40:45,666] {dag.py:2280} INFO - Setting next_dagrun for example_external_task_marker_parent to None
[2023-09-30 23:40:45,791] {scheduler_job.py:190} INFO - Processing /home/airflow/.local/lib/python3.6/site-packages/airflow/example_dags/example_external_task_marker_dag.py took 0.646 seconds
[2023-09-30 23:44:51,029] {scheduler_job.py:182} INFO - Started process (PID=95) to work on /home/airflow/.local/lib/python3.6/site-packages/airflow/example_dags/example_external_task_marker_dag.py
[2023-09-30 23:44:51,041] {scheduler_job.py:629} INFO - Processing file /home/airflow/.local/lib/python3.6/site-packages/airflow/example_dags/example_external_task_marker_dag.py for tasks to queue
[2023-09-30 23:44:51,053] {logging_mixin.py:104} INFO - [2023-09-30 23:44:51,052] {dagbag.py:451} INFO - Filling up the DagBag from /home/airflow/.local/lib/python3.6/site-packages/airflow/example_dags/example_external_task_marker_dag.py
[2023-09-30 23:44:51,369] {scheduler_job.py:639} INFO - DAG(s) dict_keys(['example_external_task_marker_parent', 'example_external_task_marker_child']) retrieved from /home/airflow/.local/lib/python3.6/site-packages/airflow/example_dags/example_external_task_marker_dag.py
[2023-09-30 23:44:51,652] {logging_mixin.py:104} INFO - [2023-09-30 23:44:51,651] {dag.py:1824} INFO - Sync 2 DAGs
[2023-09-30 23:44:52,029] {logging_mixin.py:104} INFO - [2023-09-30 23:44:52,027] {dag.py:2280} INFO - Setting next_dagrun for example_external_task_marker_child to None
[2023-09-30 23:44:52,059] {logging_mixin.py:104} INFO - [2023-09-30 23:44:52,059] {dag.py:2280} INFO - Setting next_dagrun for example_external_task_marker_parent to None
[2023-09-30 23:44:52,285] {scheduler_job.py:190} INFO - Processing /home/airflow/.local/lib/python3.6/site-packages/airflow/example_dags/example_external_task_marker_dag.py took 1.290 seconds
[2023-09-30 23:45:22,480] {scheduler_job.py:182} INFO - Started process (PID=147) to work on /home/airflow/.local/lib/python3.6/site-packages/airflow/example_dags/example_external_task_marker_dag.py
[2023-09-30 23:45:22,492] {scheduler_job.py:629} INFO - Processing file /home/airflow/.local/lib/python3.6/site-packages/airflow/example_dags/example_external_task_marker_dag.py for tasks to queue
[2023-09-30 23:45:22,499] {logging_mixin.py:104} INFO - [2023-09-30 23:45:22,498] {dagbag.py:451} INFO - Filling up the DagBag from /home/airflow/.local/lib/python3.6/site-packages/airflow/example_dags/example_external_task_marker_dag.py
[2023-09-30 23:45:22,584] {scheduler_job.py:639} INFO - DAG(s) dict_keys(['example_external_task_marker_parent', 'example_external_task_marker_child']) retrieved from /home/airflow/.local/lib/python3.6/site-packages/airflow/example_dags/example_external_task_marker_dag.py
[2023-09-30 23:45:22,716] {logging_mixin.py:104} INFO - [2023-09-30 23:45:22,715] {dag.py:1824} INFO - Sync 2 DAGs
[2023-09-30 23:45:22,828] {logging_mixin.py:104} INFO - [2023-09-30 23:45:22,826] {dag.py:2280} INFO - Setting next_dagrun for example_external_task_marker_child to None
[2023-09-30 23:45:22,839] {logging_mixin.py:104} INFO - [2023-09-30 23:45:22,837] {dag.py:2280} INFO - Setting next_dagrun for example_external_task_marker_parent to None
[2023-09-30 23:45:22,900] {scheduler_job.py:190} INFO - Processing /home/airflow/.local/lib/python3.6/site-packages/airflow/example_dags/example_external_task_marker_dag.py took 0.435 seconds
[2023-09-30 23:45:53,247] {scheduler_job.py:182} INFO - Started process (PID=199) to work on /home/airflow/.local/lib/python3.6/site-packages/airflow/example_dags/example_external_task_marker_dag.py
[2023-09-30 23:45:53,260] {scheduler_job.py:629} INFO - Processing file /home/airflow/.local/lib/python3.6/site-packages/airflow/example_dags/example_external_task_marker_dag.py for tasks to queue
[2023-09-30 23:45:53,270] {logging_mixin.py:104} INFO - [2023-09-30 23:45:53,269] {dagbag.py:451} INFO - Filling up the DagBag from /home/airflow/.local/lib/python3.6/site-packages/airflow/example_dags/example_external_task_marker_dag.py
[2023-09-30 23:45:53,366] {scheduler_job.py:639} INFO - DAG(s) dict_keys(['example_external_task_marker_parent', 'example_external_task_marker_child']) retrieved from /home/airflow/.local/lib/python3.6/site-packages/airflow/example_dags/example_external_task_marker_dag.py
[2023-09-30 23:45:53,519] {logging_mixin.py:104} INFO - [2023-09-30 23:45:53,518] {dag.py:1824} INFO - Sync 2 DAGs
[2023-09-30 23:45:53,629] {logging_mixin.py:104} INFO - [2023-09-30 23:45:53,629] {dag.py:2280} INFO - Setting next_dagrun for example_external_task_marker_child to None
[2023-09-30 23:45:53,639] {logging_mixin.py:104} INFO - [2023-09-30 23:45:53,638] {dag.py:2280} INFO - Setting next_dagrun for example_external_task_marker_parent to None
[2023-09-30 23:45:53,699] {scheduler_job.py:190} INFO - Processing /home/airflow/.local/lib/python3.6/site-packages/airflow/example_dags/example_external_task_marker_dag.py took 0.471 seconds
[2023-09-30 23:46:23,966] {scheduler_job.py:182} INFO - Started process (PID=251) to work on /home/airflow/.local/lib/python3.6/site-packages/airflow/example_dags/example_external_task_marker_dag.py
[2023-09-30 23:46:23,973] {scheduler_job.py:629} INFO - Processing file /home/airflow/.local/lib/python3.6/site-packages/airflow/example_dags/example_external_task_marker_dag.py for tasks to queue
[2023-09-30 23:46:23,980] {logging_mixin.py:104} INFO - [2023-09-30 23:46:23,979] {dagbag.py:451} INFO - Filling up the DagBag from /home/airflow/.local/lib/python3.6/site-packages/airflow/example_dags/example_external_task_marker_dag.py
[2023-09-30 23:46:24,062] {scheduler_job.py:639} INFO - DAG(s) dict_keys(['example_external_task_marker_parent', 'example_external_task_marker_child']) retrieved from /home/airflow/.local/lib/python3.6/site-packages/airflow/example_dags/example_external_task_marker_dag.py
[2023-09-30 23:46:24,215] {logging_mixin.py:104} INFO - [2023-09-30 23:46:24,214] {dag.py:1824} INFO - Sync 2 DAGs
[2023-09-30 23:46:24,315] {logging_mixin.py:104} INFO - [2023-09-30 23:46:24,314] {dag.py:2280} INFO - Setting next_dagrun for example_external_task_marker_child to None
[2023-09-30 23:46:24,322] {logging_mixin.py:104} INFO - [2023-09-30 23:46:24,321] {dag.py:2280} INFO - Setting next_dagrun for example_external_task_marker_parent to None
[2023-09-30 23:46:24,389] {scheduler_job.py:190} INFO - Processing /home/airflow/.local/lib/python3.6/site-packages/airflow/example_dags/example_external_task_marker_dag.py took 0.440 seconds
[2023-09-30 23:46:54,905] {scheduler_job.py:182} INFO - Started process (PID=303) to work on /home/airflow/.local/lib/python3.6/site-packages/airflow/example_dags/example_external_task_marker_dag.py
[2023-09-30 23:46:54,925] {scheduler_job.py:629} INFO - Processing file /home/airflow/.local/lib/python3.6/site-packages/airflow/example_dags/example_external_task_marker_dag.py for tasks to queue
[2023-09-30 23:46:54,937] {logging_mixin.py:104} INFO - [2023-09-30 23:46:54,936] {dagbag.py:451} INFO - Filling up the DagBag from /home/airflow/.local/lib/python3.6/site-packages/airflow/example_dags/example_external_task_marker_dag.py
[2023-09-30 23:46:55,060] {scheduler_job.py:639} INFO - DAG(s) dict_keys(['example_external_task_marker_parent', 'example_external_task_marker_child']) retrieved from /home/airflow/.local/lib/python3.6/site-packages/airflow/example_dags/example_external_task_marker_dag.py
[2023-09-30 23:46:55,264] {logging_mixin.py:104} INFO - [2023-09-30 23:46:55,263] {dag.py:1824} INFO - Sync 2 DAGs
[2023-09-30 23:46:55,426] {logging_mixin.py:104} INFO - [2023-09-30 23:46:55,425] {dag.py:2280} INFO - Setting next_dagrun for example_external_task_marker_child to None
[2023-09-30 23:46:55,437] {logging_mixin.py:104} INFO - [2023-09-30 23:46:55,436] {dag.py:2280} INFO - Setting next_dagrun for example_external_task_marker_parent to None
[2023-09-30 23:46:55,533] {scheduler_job.py:190} INFO - Processing /home/airflow/.local/lib/python3.6/site-packages/airflow/example_dags/example_external_task_marker_dag.py took 0.670 seconds
[2023-09-30 23:47:26,007] {scheduler_job.py:182} INFO - Started process (PID=355) to work on /home/airflow/.local/lib/python3.6/site-packages/airflow/example_dags/example_external_task_marker_dag.py
[2023-09-30 23:47:26,024] {scheduler_job.py:629} INFO - Processing file /home/airflow/.local/lib/python3.6/site-packages/airflow/example_dags/example_external_task_marker_dag.py for tasks to queue
[2023-09-30 23:47:26,036] {logging_mixin.py:104} INFO - [2023-09-30 23:47:26,035] {dagbag.py:451} INFO - Filling up the DagBag from /home/airflow/.local/lib/python3.6/site-packages/airflow/example_dags/example_external_task_marker_dag.py
[2023-09-30 23:47:26,134] {scheduler_job.py:639} INFO - DAG(s) dict_keys(['example_external_task_marker_parent', 'example_external_task_marker_child']) retrieved from /home/airflow/.local/lib/python3.6/site-packages/airflow/example_dags/example_external_task_marker_dag.py
[2023-09-30 23:47:26,344] {logging_mixin.py:104} INFO - [2023-09-30 23:47:26,343] {dag.py:1824} INFO - Sync 2 DAGs
[2023-09-30 23:47:26,464] {logging_mixin.py:104} INFO - [2023-09-30 23:47:26,464] {dag.py:2280} INFO - Setting next_dagrun for example_external_task_marker_child to None
[2023-09-30 23:47:26,475] {logging_mixin.py:104} INFO - [2023-09-30 23:47:26,474] {dag.py:2280} INFO - Setting next_dagrun for example_external_task_marker_parent to None
[2023-09-30 23:47:26,578] {scheduler_job.py:190} INFO - Processing /home/airflow/.local/lib/python3.6/site-packages/airflow/example_dags/example_external_task_marker_dag.py took 0.597 seconds
[2023-09-30 23:47:57,076] {scheduler_job.py:182} INFO - Started process (PID=407) to work on /home/airflow/.local/lib/python3.6/site-packages/airflow/example_dags/example_external_task_marker_dag.py
[2023-09-30 23:47:57,087] {scheduler_job.py:629} INFO - Processing file /home/airflow/.local/lib/python3.6/site-packages/airflow/example_dags/example_external_task_marker_dag.py for tasks to queue
[2023-09-30 23:47:57,093] {logging_mixin.py:104} INFO - [2023-09-30 23:47:57,092] {dagbag.py:451} INFO - Filling up the DagBag from /home/airflow/.local/lib/python3.6/site-packages/airflow/example_dags/example_external_task_marker_dag.py
[2023-09-30 23:47:57,207] {scheduler_job.py:639} INFO - DAG(s) dict_keys(['example_external_task_marker_parent', 'example_external_task_marker_child']) retrieved from /home/airflow/.local/lib/python3.6/site-packages/airflow/example_dags/example_external_task_marker_dag.py
[2023-09-30 23:47:57,406] {logging_mixin.py:104} INFO - [2023-09-30 23:47:57,405] {dag.py:1824} INFO - Sync 2 DAGs
[2023-09-30 23:47:57,506] {logging_mixin.py:104} INFO - [2023-09-30 23:47:57,506] {dag.py:2280} INFO - Setting next_dagrun for example_external_task_marker_child to None
[2023-09-30 23:47:57,514] {logging_mixin.py:104} INFO - [2023-09-30 23:47:57,513] {dag.py:2280} INFO - Setting next_dagrun for example_external_task_marker_parent to None
[2023-09-30 23:47:57,579] {scheduler_job.py:190} INFO - Processing /home/airflow/.local/lib/python3.6/site-packages/airflow/example_dags/example_external_task_marker_dag.py took 0.518 seconds
[2023-09-30 23:48:27,879] {scheduler_job.py:182} INFO - Started process (PID=459) to work on /home/airflow/.local/lib/python3.6/site-packages/airflow/example_dags/example_external_task_marker_dag.py
[2023-09-30 23:48:27,885] {scheduler_job.py:629} INFO - Processing file /home/airflow/.local/lib/python3.6/site-packages/airflow/example_dags/example_external_task_marker_dag.py for tasks to queue
[2023-09-30 23:48:27,889] {logging_mixin.py:104} INFO - [2023-09-30 23:48:27,889] {dagbag.py:451} INFO - Filling up the DagBag from /home/airflow/.local/lib/python3.6/site-packages/airflow/example_dags/example_external_task_marker_dag.py
[2023-09-30 23:48:27,941] {scheduler_job.py:639} INFO - DAG(s) dict_keys(['example_external_task_marker_parent', 'example_external_task_marker_child']) retrieved from /home/airflow/.local/lib/python3.6/site-packages/airflow/example_dags/example_external_task_marker_dag.py
[2023-09-30 23:48:28,046] {logging_mixin.py:104} INFO - [2023-09-30 23:48:28,046] {dag.py:1824} INFO - Sync 2 DAGs
[2023-09-30 23:48:28,112] {logging_mixin.py:104} INFO - [2023-09-30 23:48:28,111] {dag.py:2280} INFO - Setting next_dagrun for example_external_task_marker_child to None
[2023-09-30 23:48:28,116] {logging_mixin.py:104} INFO - [2023-09-30 23:48:28,116] {dag.py:2280} INFO - Setting next_dagrun for example_external_task_marker_parent to None
[2023-09-30 23:48:28,163] {scheduler_job.py:190} INFO - Processing /home/airflow/.local/lib/python3.6/site-packages/airflow/example_dags/example_external_task_marker_dag.py took 0.297 seconds
[2023-09-30 23:48:58,347] {scheduler_job.py:182} INFO - Started process (PID=511) to work on /home/airflow/.local/lib/python3.6/site-packages/airflow/example_dags/example_external_task_marker_dag.py
[2023-09-30 23:48:58,352] {scheduler_job.py:629} INFO - Processing file /home/airflow/.local/lib/python3.6/site-packages/airflow/example_dags/example_external_task_marker_dag.py for tasks to queue
[2023-09-30 23:48:58,356] {logging_mixin.py:104} INFO - [2023-09-30 23:48:58,355] {dagbag.py:451} INFO - Filling up the DagBag from /home/airflow/.local/lib/python3.6/site-packages/airflow/example_dags/example_external_task_marker_dag.py
[2023-09-30 23:48:58,408] {scheduler_job.py:639} INFO - DAG(s) dict_keys(['example_external_task_marker_parent', 'example_external_task_marker_child']) retrieved from /home/airflow/.local/lib/python3.6/site-packages/airflow/example_dags/example_external_task_marker_dag.py
[2023-09-30 23:48:58,506] {logging_mixin.py:104} INFO - [2023-09-30 23:48:58,506] {dag.py:1824} INFO - Sync 2 DAGs
[2023-09-30 23:48:58,569] {logging_mixin.py:104} INFO - [2023-09-30 23:48:58,569] {dag.py:2280} INFO - Setting next_dagrun for example_external_task_marker_child to None
[2023-09-30 23:48:58,574] {logging_mixin.py:104} INFO - [2023-09-30 23:48:58,574] {dag.py:2280} INFO - Setting next_dagrun for example_external_task_marker_parent to None
[2023-09-30 23:48:58,620] {scheduler_job.py:190} INFO - Processing /home/airflow/.local/lib/python3.6/site-packages/airflow/example_dags/example_external_task_marker_dag.py took 0.283 seconds
[2023-09-30 23:49:28,691] {scheduler_job.py:182} INFO - Started process (PID=563) to work on /home/airflow/.local/lib/python3.6/site-packages/airflow/example_dags/example_external_task_marker_dag.py
[2023-09-30 23:49:28,696] {scheduler_job.py:629} INFO - Processing file /home/airflow/.local/lib/python3.6/site-packages/airflow/example_dags/example_external_task_marker_dag.py for tasks to queue
[2023-09-30 23:49:28,700] {logging_mixin.py:104} INFO - [2023-09-30 23:49:28,700] {dagbag.py:451} INFO - Filling up the DagBag from /home/airflow/.local/lib/python3.6/site-packages/airflow/example_dags/example_external_task_marker_dag.py
[2023-09-30 23:49:28,753] {scheduler_job.py:639} INFO - DAG(s) dict_keys(['example_external_task_marker_parent', 'example_external_task_marker_child']) retrieved from /home/airflow/.local/lib/python3.6/site-packages/airflow/example_dags/example_external_task_marker_dag.py
[2023-09-30 23:49:28,854] {logging_mixin.py:104} INFO - [2023-09-30 23:49:28,854] {dag.py:1824} INFO - Sync 2 DAGs
[2023-09-30 23:49:28,925] {logging_mixin.py:104} INFO - [2023-09-30 23:49:28,924] {dag.py:2280} INFO - Setting next_dagrun for example_external_task_marker_child to None
[2023-09-30 23:49:28,931] {logging_mixin.py:104} INFO - [2023-09-30 23:49:28,931] {dag.py:2280} INFO - Setting next_dagrun for example_external_task_marker_parent to None
[2023-09-30 23:49:28,979] {scheduler_job.py:190} INFO - Processing /home/airflow/.local/lib/python3.6/site-packages/airflow/example_dags/example_external_task_marker_dag.py took 0.299 seconds
[2023-09-30 23:49:59,183] {scheduler_job.py:182} INFO - Started process (PID=615) to work on /home/airflow/.local/lib/python3.6/site-packages/airflow/example_dags/example_external_task_marker_dag.py
[2023-09-30 23:49:59,189] {scheduler_job.py:629} INFO - Processing file /home/airflow/.local/lib/python3.6/site-packages/airflow/example_dags/example_external_task_marker_dag.py for tasks to queue
[2023-09-30 23:49:59,193] {logging_mixin.py:104} INFO - [2023-09-30 23:49:59,192] {dagbag.py:451} INFO - Filling up the DagBag from /home/airflow/.local/lib/python3.6/site-packages/airflow/example_dags/example_external_task_marker_dag.py
[2023-09-30 23:49:59,251] {scheduler_job.py:639} INFO - DAG(s) dict_keys(['example_external_task_marker_parent', 'example_external_task_marker_child']) retrieved from /home/airflow/.local/lib/python3.6/site-packages/airflow/example_dags/example_external_task_marker_dag.py
[2023-09-30 23:49:59,340] {logging_mixin.py:104} INFO - [2023-09-30 23:49:59,340] {dag.py:1824} INFO - Sync 2 DAGs
[2023-09-30 23:49:59,408] {logging_mixin.py:104} INFO - [2023-09-30 23:49:59,407] {dag.py:2280} INFO - Setting next_dagrun for example_external_task_marker_child to None
[2023-09-30 23:49:59,413] {logging_mixin.py:104} INFO - [2023-09-30 23:49:59,413] {dag.py:2280} INFO - Setting next_dagrun for example_external_task_marker_parent to None
[2023-09-30 23:49:59,450] {scheduler_job.py:190} INFO - Processing /home/airflow/.local/lib/python3.6/site-packages/airflow/example_dags/example_external_task_marker_dag.py took 0.277 seconds
[2023-09-30 23:50:30,431] {scheduler_job.py:182} INFO - Started process (PID=667) to work on /home/airflow/.local/lib/python3.6/site-packages/airflow/example_dags/example_external_task_marker_dag.py
[2023-09-30 23:50:30,437] {scheduler_job.py:629} INFO - Processing file /home/airflow/.local/lib/python3.6/site-packages/airflow/example_dags/example_external_task_marker_dag.py for tasks to queue
[2023-09-30 23:50:30,441] {logging_mixin.py:104} INFO - [2023-09-30 23:50:30,441] {dagbag.py:451} INFO - Filling up the DagBag from /home/airflow/.local/lib/python3.6/site-packages/airflow/example_dags/example_external_task_marker_dag.py
[2023-09-30 23:50:30,502] {scheduler_job.py:639} INFO - DAG(s) dict_keys(['example_external_task_marker_parent', 'example_external_task_marker_child']) retrieved from /home/airflow/.local/lib/python3.6/site-packages/airflow/example_dags/example_external_task_marker_dag.py
[2023-09-30 23:50:30,601] {logging_mixin.py:104} INFO - [2023-09-30 23:50:30,600] {dag.py:1824} INFO - Sync 2 DAGs
[2023-09-30 23:50:30,667] {logging_mixin.py:104} INFO - [2023-09-30 23:50:30,666] {dag.py:2280} INFO - Setting next_dagrun for example_external_task_marker_child to None
[2023-09-30 23:50:30,672] {logging_mixin.py:104} INFO - [2023-09-30 23:50:30,671] {dag.py:2280} INFO - Setting next_dagrun for example_external_task_marker_parent to None
[2023-09-30 23:50:30,709] {scheduler_job.py:190} INFO - Processing /home/airflow/.local/lib/python3.6/site-packages/airflow/example_dags/example_external_task_marker_dag.py took 0.287 seconds
[2023-09-30 23:51:00,863] {scheduler_job.py:182} INFO - Started process (PID=719) to work on /home/airflow/.local/lib/python3.6/site-packages/airflow/example_dags/example_external_task_marker_dag.py
[2023-09-30 23:51:00,869] {scheduler_job.py:629} INFO - Processing file /home/airflow/.local/lib/python3.6/site-packages/airflow/example_dags/example_external_task_marker_dag.py for tasks to queue
[2023-09-30 23:51:00,873] {logging_mixin.py:104} INFO - [2023-09-30 23:51:00,872] {dagbag.py:451} INFO - Filling up the DagBag from /home/airflow/.local/lib/python3.6/site-packages/airflow/example_dags/example_external_task_marker_dag.py
[2023-09-30 23:51:00,954] {scheduler_job.py:639} INFO - DAG(s) dict_keys(['example_external_task_marker_parent', 'example_external_task_marker_child']) retrieved from /home/airflow/.local/lib/python3.6/site-packages/airflow/example_dags/example_external_task_marker_dag.py
[2023-09-30 23:51:01,094] {logging_mixin.py:104} INFO - [2023-09-30 23:51:01,093] {dag.py:1824} INFO - Sync 2 DAGs
[2023-09-30 23:51:01,178] {logging_mixin.py:104} INFO - [2023-09-30 23:51:01,177] {dag.py:2280} INFO - Setting next_dagrun for example_external_task_marker_child to None
[2023-09-30 23:51:01,185] {logging_mixin.py:104} INFO - [2023-09-30 23:51:01,185] {dag.py:2280} INFO - Setting next_dagrun for example_external_task_marker_parent to None
[2023-09-30 23:51:01,251] {scheduler_job.py:190} INFO - Processing /home/airflow/.local/lib/python3.6/site-packages/airflow/example_dags/example_external_task_marker_dag.py took 0.398 seconds
