[2023-09-30 23:34:04,622] {scheduler_job.py:182} INFO - Started process (PID=105) to work on /home/airflow/.local/lib/python3.6/site-packages/airflow/example_dags/example_kubernetes_executor_config.py
[2023-09-30 23:34:04,646] {scheduler_job.py:629} INFO - Processing file /home/airflow/.local/lib/python3.6/site-packages/airflow/example_dags/example_kubernetes_executor_config.py for tasks to queue
[2023-09-30 23:34:04,656] {logging_mixin.py:104} INFO - [2023-09-30 23:34:04,654] {dagbag.py:451} INFO - Filling up the DagBag from /home/airflow/.local/lib/python3.6/site-packages/airflow/example_dags/example_kubernetes_executor_config.py
[2023-09-30 23:34:04,923] {scheduler_job.py:639} INFO - DAG(s) dict_keys(['example_kubernetes_executor_config']) retrieved from /home/airflow/.local/lib/python3.6/site-packages/airflow/example_dags/example_kubernetes_executor_config.py
[2023-09-30 23:34:05,399] {logging_mixin.py:104} INFO - [2023-09-30 23:34:05,398] {dag.py:1824} INFO - Sync 1 DAGs
[2023-09-30 23:34:05,605] {logging_mixin.py:104} INFO - [2023-09-30 23:34:05,604] {dag.py:1843} INFO - Creating ORM DAG for example_kubernetes_executor_config
[2023-09-30 23:34:05,712] {logging_mixin.py:104} INFO - [2023-09-30 23:34:05,711] {dag.py:2280} INFO - Setting next_dagrun for example_kubernetes_executor_config to None
[2023-09-30 23:34:05,987] {scheduler_job.py:190} INFO - Processing /home/airflow/.local/lib/python3.6/site-packages/airflow/example_dags/example_kubernetes_executor_config.py took 1.400 seconds
[2023-09-30 23:34:36,402] {scheduler_job.py:182} INFO - Started process (PID=157) to work on /home/airflow/.local/lib/python3.6/site-packages/airflow/example_dags/example_kubernetes_executor_config.py
[2023-09-30 23:34:36,410] {scheduler_job.py:629} INFO - Processing file /home/airflow/.local/lib/python3.6/site-packages/airflow/example_dags/example_kubernetes_executor_config.py for tasks to queue
[2023-09-30 23:34:36,418] {logging_mixin.py:104} INFO - [2023-09-30 23:34:36,417] {dagbag.py:451} INFO - Filling up the DagBag from /home/airflow/.local/lib/python3.6/site-packages/airflow/example_dags/example_kubernetes_executor_config.py
[2023-09-30 23:34:36,519] {scheduler_job.py:639} INFO - DAG(s) dict_keys(['example_kubernetes_executor_config']) retrieved from /home/airflow/.local/lib/python3.6/site-packages/airflow/example_dags/example_kubernetes_executor_config.py
[2023-09-30 23:34:36,629] {logging_mixin.py:104} INFO - [2023-09-30 23:34:36,629] {dag.py:1824} INFO - Sync 1 DAGs
[2023-09-30 23:34:36,726] {logging_mixin.py:104} INFO - [2023-09-30 23:34:36,725] {dag.py:2280} INFO - Setting next_dagrun for example_kubernetes_executor_config to None
[2023-09-30 23:34:36,773] {scheduler_job.py:190} INFO - Processing /home/airflow/.local/lib/python3.6/site-packages/airflow/example_dags/example_kubernetes_executor_config.py took 0.385 seconds
[2023-09-30 23:35:07,750] {scheduler_job.py:182} INFO - Started process (PID=209) to work on /home/airflow/.local/lib/python3.6/site-packages/airflow/example_dags/example_kubernetes_executor_config.py
[2023-09-30 23:35:07,761] {scheduler_job.py:629} INFO - Processing file /home/airflow/.local/lib/python3.6/site-packages/airflow/example_dags/example_kubernetes_executor_config.py for tasks to queue
[2023-09-30 23:35:07,768] {logging_mixin.py:104} INFO - [2023-09-30 23:35:07,767] {dagbag.py:451} INFO - Filling up the DagBag from /home/airflow/.local/lib/python3.6/site-packages/airflow/example_dags/example_kubernetes_executor_config.py
[2023-09-30 23:35:07,887] {scheduler_job.py:639} INFO - DAG(s) dict_keys(['example_kubernetes_executor_config']) retrieved from /home/airflow/.local/lib/python3.6/site-packages/airflow/example_dags/example_kubernetes_executor_config.py
[2023-09-30 23:35:08,018] {logging_mixin.py:104} INFO - [2023-09-30 23:35:08,017] {dag.py:1824} INFO - Sync 1 DAGs
[2023-09-30 23:35:08,111] {logging_mixin.py:104} INFO - [2023-09-30 23:35:08,110] {dag.py:2280} INFO - Setting next_dagrun for example_kubernetes_executor_config to None
[2023-09-30 23:35:08,163] {scheduler_job.py:190} INFO - Processing /home/airflow/.local/lib/python3.6/site-packages/airflow/example_dags/example_kubernetes_executor_config.py took 0.430 seconds
[2023-09-30 23:35:38,512] {scheduler_job.py:182} INFO - Started process (PID=261) to work on /home/airflow/.local/lib/python3.6/site-packages/airflow/example_dags/example_kubernetes_executor_config.py
[2023-09-30 23:35:38,522] {scheduler_job.py:629} INFO - Processing file /home/airflow/.local/lib/python3.6/site-packages/airflow/example_dags/example_kubernetes_executor_config.py for tasks to queue
[2023-09-30 23:35:38,530] {logging_mixin.py:104} INFO - [2023-09-30 23:35:38,529] {dagbag.py:451} INFO - Filling up the DagBag from /home/airflow/.local/lib/python3.6/site-packages/airflow/example_dags/example_kubernetes_executor_config.py
[2023-09-30 23:35:38,658] {scheduler_job.py:639} INFO - DAG(s) dict_keys(['example_kubernetes_executor_config']) retrieved from /home/airflow/.local/lib/python3.6/site-packages/airflow/example_dags/example_kubernetes_executor_config.py
[2023-09-30 23:35:38,897] {logging_mixin.py:104} INFO - [2023-09-30 23:35:38,896] {dag.py:1824} INFO - Sync 1 DAGs
[2023-09-30 23:35:39,125] {logging_mixin.py:104} INFO - [2023-09-30 23:35:39,123] {dag.py:2280} INFO - Setting next_dagrun for example_kubernetes_executor_config to None
[2023-09-30 23:35:39,263] {scheduler_job.py:190} INFO - Processing /home/airflow/.local/lib/python3.6/site-packages/airflow/example_dags/example_kubernetes_executor_config.py took 0.779 seconds
[2023-09-30 23:36:09,848] {scheduler_job.py:182} INFO - Started process (PID=313) to work on /home/airflow/.local/lib/python3.6/site-packages/airflow/example_dags/example_kubernetes_executor_config.py
[2023-09-30 23:36:09,858] {scheduler_job.py:629} INFO - Processing file /home/airflow/.local/lib/python3.6/site-packages/airflow/example_dags/example_kubernetes_executor_config.py for tasks to queue
[2023-09-30 23:36:09,866] {logging_mixin.py:104} INFO - [2023-09-30 23:36:09,865] {dagbag.py:451} INFO - Filling up the DagBag from /home/airflow/.local/lib/python3.6/site-packages/airflow/example_dags/example_kubernetes_executor_config.py
[2023-09-30 23:36:10,026] {scheduler_job.py:639} INFO - DAG(s) dict_keys(['example_kubernetes_executor_config']) retrieved from /home/airflow/.local/lib/python3.6/site-packages/airflow/example_dags/example_kubernetes_executor_config.py
[2023-09-30 23:36:10,192] {logging_mixin.py:104} INFO - [2023-09-30 23:36:10,191] {dag.py:1824} INFO - Sync 1 DAGs
[2023-09-30 23:36:10,334] {logging_mixin.py:104} INFO - [2023-09-30 23:36:10,333] {dag.py:2280} INFO - Setting next_dagrun for example_kubernetes_executor_config to None
[2023-09-30 23:36:10,431] {scheduler_job.py:190} INFO - Processing /home/airflow/.local/lib/python3.6/site-packages/airflow/example_dags/example_kubernetes_executor_config.py took 0.609 seconds
[2023-09-30 23:37:07,863] {scheduler_job.py:182} INFO - Started process (PID=116) to work on /home/airflow/.local/lib/python3.6/site-packages/airflow/example_dags/example_kubernetes_executor_config.py
[2023-09-30 23:37:07,870] {scheduler_job.py:629} INFO - Processing file /home/airflow/.local/lib/python3.6/site-packages/airflow/example_dags/example_kubernetes_executor_config.py for tasks to queue
[2023-09-30 23:37:07,874] {logging_mixin.py:104} INFO - [2023-09-30 23:37:07,874] {dagbag.py:451} INFO - Filling up the DagBag from /home/airflow/.local/lib/python3.6/site-packages/airflow/example_dags/example_kubernetes_executor_config.py
[2023-09-30 23:37:07,959] {scheduler_job.py:639} INFO - DAG(s) dict_keys(['example_kubernetes_executor_config']) retrieved from /home/airflow/.local/lib/python3.6/site-packages/airflow/example_dags/example_kubernetes_executor_config.py
[2023-09-30 23:37:08,066] {logging_mixin.py:104} INFO - [2023-09-30 23:37:08,065] {dag.py:1824} INFO - Sync 1 DAGs
[2023-09-30 23:37:08,161] {logging_mixin.py:104} INFO - [2023-09-30 23:37:08,160] {dag.py:2280} INFO - Setting next_dagrun for example_kubernetes_executor_config to None
[2023-09-30 23:37:08,219] {scheduler_job.py:190} INFO - Processing /home/airflow/.local/lib/python3.6/site-packages/airflow/example_dags/example_kubernetes_executor_config.py took 0.369 seconds
[2023-09-30 23:37:38,344] {scheduler_job.py:182} INFO - Started process (PID=164) to work on /home/airflow/.local/lib/python3.6/site-packages/airflow/example_dags/example_kubernetes_executor_config.py
[2023-09-30 23:37:38,352] {scheduler_job.py:629} INFO - Processing file /home/airflow/.local/lib/python3.6/site-packages/airflow/example_dags/example_kubernetes_executor_config.py for tasks to queue
[2023-09-30 23:37:38,361] {logging_mixin.py:104} INFO - [2023-09-30 23:37:38,360] {dagbag.py:451} INFO - Filling up the DagBag from /home/airflow/.local/lib/python3.6/site-packages/airflow/example_dags/example_kubernetes_executor_config.py
[2023-09-30 23:37:38,454] {scheduler_job.py:639} INFO - DAG(s) dict_keys(['example_kubernetes_executor_config']) retrieved from /home/airflow/.local/lib/python3.6/site-packages/airflow/example_dags/example_kubernetes_executor_config.py
[2023-09-30 23:37:38,576] {logging_mixin.py:104} INFO - [2023-09-30 23:37:38,575] {dag.py:1824} INFO - Sync 1 DAGs
[2023-09-30 23:37:38,673] {logging_mixin.py:104} INFO - [2023-09-30 23:37:38,672] {dag.py:2280} INFO - Setting next_dagrun for example_kubernetes_executor_config to None
[2023-09-30 23:37:38,730] {scheduler_job.py:190} INFO - Processing /home/airflow/.local/lib/python3.6/site-packages/airflow/example_dags/example_kubernetes_executor_config.py took 0.400 seconds
[2023-09-30 23:38:08,825] {scheduler_job.py:182} INFO - Started process (PID=214) to work on /home/airflow/.local/lib/python3.6/site-packages/airflow/example_dags/example_kubernetes_executor_config.py
[2023-09-30 23:38:08,832] {scheduler_job.py:629} INFO - Processing file /home/airflow/.local/lib/python3.6/site-packages/airflow/example_dags/example_kubernetes_executor_config.py for tasks to queue
[2023-09-30 23:38:08,842] {logging_mixin.py:104} INFO - [2023-09-30 23:38:08,841] {dagbag.py:451} INFO - Filling up the DagBag from /home/airflow/.local/lib/python3.6/site-packages/airflow/example_dags/example_kubernetes_executor_config.py
[2023-09-30 23:38:08,928] {scheduler_job.py:639} INFO - DAG(s) dict_keys(['example_kubernetes_executor_config']) retrieved from /home/airflow/.local/lib/python3.6/site-packages/airflow/example_dags/example_kubernetes_executor_config.py
[2023-09-30 23:38:09,040] {logging_mixin.py:104} INFO - [2023-09-30 23:38:09,039] {dag.py:1824} INFO - Sync 1 DAGs
[2023-09-30 23:38:09,144] {logging_mixin.py:104} INFO - [2023-09-30 23:38:09,143] {dag.py:2280} INFO - Setting next_dagrun for example_kubernetes_executor_config to None
[2023-09-30 23:38:09,199] {scheduler_job.py:190} INFO - Processing /home/airflow/.local/lib/python3.6/site-packages/airflow/example_dags/example_kubernetes_executor_config.py took 0.389 seconds
[2023-09-30 23:38:39,716] {scheduler_job.py:182} INFO - Started process (PID=266) to work on /home/airflow/.local/lib/python3.6/site-packages/airflow/example_dags/example_kubernetes_executor_config.py
[2023-09-30 23:38:39,724] {scheduler_job.py:629} INFO - Processing file /home/airflow/.local/lib/python3.6/site-packages/airflow/example_dags/example_kubernetes_executor_config.py for tasks to queue
[2023-09-30 23:38:39,729] {logging_mixin.py:104} INFO - [2023-09-30 23:38:39,729] {dagbag.py:451} INFO - Filling up the DagBag from /home/airflow/.local/lib/python3.6/site-packages/airflow/example_dags/example_kubernetes_executor_config.py
[2023-09-30 23:38:39,840] {scheduler_job.py:639} INFO - DAG(s) dict_keys(['example_kubernetes_executor_config']) retrieved from /home/airflow/.local/lib/python3.6/site-packages/airflow/example_dags/example_kubernetes_executor_config.py
[2023-09-30 23:38:39,963] {logging_mixin.py:104} INFO - [2023-09-30 23:38:39,962] {dag.py:1824} INFO - Sync 1 DAGs
[2023-09-30 23:38:40,069] {logging_mixin.py:104} INFO - [2023-09-30 23:38:40,069] {dag.py:2280} INFO - Setting next_dagrun for example_kubernetes_executor_config to None
[2023-09-30 23:38:40,134] {scheduler_job.py:190} INFO - Processing /home/airflow/.local/lib/python3.6/site-packages/airflow/example_dags/example_kubernetes_executor_config.py took 0.433 seconds
[2023-09-30 23:39:10,473] {scheduler_job.py:182} INFO - Started process (PID=314) to work on /home/airflow/.local/lib/python3.6/site-packages/airflow/example_dags/example_kubernetes_executor_config.py
[2023-09-30 23:39:10,481] {scheduler_job.py:629} INFO - Processing file /home/airflow/.local/lib/python3.6/site-packages/airflow/example_dags/example_kubernetes_executor_config.py for tasks to queue
[2023-09-30 23:39:10,487] {logging_mixin.py:104} INFO - [2023-09-30 23:39:10,486] {dagbag.py:451} INFO - Filling up the DagBag from /home/airflow/.local/lib/python3.6/site-packages/airflow/example_dags/example_kubernetes_executor_config.py
[2023-09-30 23:39:10,590] {scheduler_job.py:639} INFO - DAG(s) dict_keys(['example_kubernetes_executor_config']) retrieved from /home/airflow/.local/lib/python3.6/site-packages/airflow/example_dags/example_kubernetes_executor_config.py
[2023-09-30 23:39:10,717] {logging_mixin.py:104} INFO - [2023-09-30 23:39:10,716] {dag.py:1824} INFO - Sync 1 DAGs
[2023-09-30 23:39:10,821] {logging_mixin.py:104} INFO - [2023-09-30 23:39:10,821] {dag.py:2280} INFO - Setting next_dagrun for example_kubernetes_executor_config to None
[2023-09-30 23:39:10,896] {scheduler_job.py:190} INFO - Processing /home/airflow/.local/lib/python3.6/site-packages/airflow/example_dags/example_kubernetes_executor_config.py took 0.439 seconds
[2023-09-30 23:39:41,042] {scheduler_job.py:182} INFO - Started process (PID=364) to work on /home/airflow/.local/lib/python3.6/site-packages/airflow/example_dags/example_kubernetes_executor_config.py
[2023-09-30 23:39:41,049] {scheduler_job.py:629} INFO - Processing file /home/airflow/.local/lib/python3.6/site-packages/airflow/example_dags/example_kubernetes_executor_config.py for tasks to queue
[2023-09-30 23:39:41,053] {logging_mixin.py:104} INFO - [2023-09-30 23:39:41,052] {dagbag.py:451} INFO - Filling up the DagBag from /home/airflow/.local/lib/python3.6/site-packages/airflow/example_dags/example_kubernetes_executor_config.py
[2023-09-30 23:39:41,118] {scheduler_job.py:639} INFO - DAG(s) dict_keys(['example_kubernetes_executor_config']) retrieved from /home/airflow/.local/lib/python3.6/site-packages/airflow/example_dags/example_kubernetes_executor_config.py
[2023-09-30 23:39:41,206] {logging_mixin.py:104} INFO - [2023-09-30 23:39:41,205] {dag.py:1824} INFO - Sync 1 DAGs
[2023-09-30 23:39:41,275] {logging_mixin.py:104} INFO - [2023-09-30 23:39:41,275] {dag.py:2280} INFO - Setting next_dagrun for example_kubernetes_executor_config to None
[2023-09-30 23:39:41,314] {scheduler_job.py:190} INFO - Processing /home/airflow/.local/lib/python3.6/site-packages/airflow/example_dags/example_kubernetes_executor_config.py took 0.282 seconds
[2023-09-30 23:40:12,647] {scheduler_job.py:182} INFO - Started process (PID=416) to work on /home/airflow/.local/lib/python3.6/site-packages/airflow/example_dags/example_kubernetes_executor_config.py
[2023-09-30 23:40:12,664] {scheduler_job.py:629} INFO - Processing file /home/airflow/.local/lib/python3.6/site-packages/airflow/example_dags/example_kubernetes_executor_config.py for tasks to queue
[2023-09-30 23:40:12,674] {logging_mixin.py:104} INFO - [2023-09-30 23:40:12,673] {dagbag.py:451} INFO - Filling up the DagBag from /home/airflow/.local/lib/python3.6/site-packages/airflow/example_dags/example_kubernetes_executor_config.py
[2023-09-30 23:40:12,854] {scheduler_job.py:639} INFO - DAG(s) dict_keys(['example_kubernetes_executor_config']) retrieved from /home/airflow/.local/lib/python3.6/site-packages/airflow/example_dags/example_kubernetes_executor_config.py
[2023-09-30 23:40:13,074] {logging_mixin.py:104} INFO - [2023-09-30 23:40:13,073] {dag.py:1824} INFO - Sync 1 DAGs
[2023-09-30 23:40:13,216] {logging_mixin.py:104} INFO - [2023-09-30 23:40:13,215] {dag.py:2280} INFO - Setting next_dagrun for example_kubernetes_executor_config to None
[2023-09-30 23:40:13,264] {scheduler_job.py:190} INFO - Processing /home/airflow/.local/lib/python3.6/site-packages/airflow/example_dags/example_kubernetes_executor_config.py took 0.648 seconds
[2023-09-30 23:40:43,665] {scheduler_job.py:182} INFO - Started process (PID=468) to work on /home/airflow/.local/lib/python3.6/site-packages/airflow/example_dags/example_kubernetes_executor_config.py
[2023-09-30 23:40:43,673] {scheduler_job.py:629} INFO - Processing file /home/airflow/.local/lib/python3.6/site-packages/airflow/example_dags/example_kubernetes_executor_config.py for tasks to queue
[2023-09-30 23:40:43,683] {logging_mixin.py:104} INFO - [2023-09-30 23:40:43,682] {dagbag.py:451} INFO - Filling up the DagBag from /home/airflow/.local/lib/python3.6/site-packages/airflow/example_dags/example_kubernetes_executor_config.py
[2023-09-30 23:40:43,811] {scheduler_job.py:639} INFO - DAG(s) dict_keys(['example_kubernetes_executor_config']) retrieved from /home/airflow/.local/lib/python3.6/site-packages/airflow/example_dags/example_kubernetes_executor_config.py
[2023-09-30 23:40:44,020] {logging_mixin.py:104} INFO - [2023-09-30 23:40:44,013] {dag.py:1824} INFO - Sync 1 DAGs
[2023-09-30 23:40:44,187] {logging_mixin.py:104} INFO - [2023-09-30 23:40:44,186] {dag.py:2280} INFO - Setting next_dagrun for example_kubernetes_executor_config to None
[2023-09-30 23:40:44,270] {scheduler_job.py:190} INFO - Processing /home/airflow/.local/lib/python3.6/site-packages/airflow/example_dags/example_kubernetes_executor_config.py took 0.658 seconds
[2023-09-30 23:44:50,188] {scheduler_job.py:182} INFO - Started process (PID=93) to work on /home/airflow/.local/lib/python3.6/site-packages/airflow/example_dags/example_kubernetes_executor_config.py
[2023-09-30 23:44:50,199] {scheduler_job.py:629} INFO - Processing file /home/airflow/.local/lib/python3.6/site-packages/airflow/example_dags/example_kubernetes_executor_config.py for tasks to queue
[2023-09-30 23:44:50,211] {logging_mixin.py:104} INFO - [2023-09-30 23:44:50,210] {dagbag.py:451} INFO - Filling up the DagBag from /home/airflow/.local/lib/python3.6/site-packages/airflow/example_dags/example_kubernetes_executor_config.py
[2023-09-30 23:44:50,465] {scheduler_job.py:639} INFO - DAG(s) dict_keys(['example_kubernetes_executor_config']) retrieved from /home/airflow/.local/lib/python3.6/site-packages/airflow/example_dags/example_kubernetes_executor_config.py
[2023-09-30 23:44:50,823] {logging_mixin.py:104} INFO - [2023-09-30 23:44:50,822] {dag.py:1824} INFO - Sync 1 DAGs
[2023-09-30 23:44:51,059] {logging_mixin.py:104} INFO - [2023-09-30 23:44:51,057] {dag.py:2280} INFO - Setting next_dagrun for example_kubernetes_executor_config to None
[2023-09-30 23:44:51,274] {scheduler_job.py:190} INFO - Processing /home/airflow/.local/lib/python3.6/site-packages/airflow/example_dags/example_kubernetes_executor_config.py took 1.116 seconds
[2023-09-30 23:45:21,999] {scheduler_job.py:182} INFO - Started process (PID=145) to work on /home/airflow/.local/lib/python3.6/site-packages/airflow/example_dags/example_kubernetes_executor_config.py
[2023-09-30 23:45:22,008] {scheduler_job.py:629} INFO - Processing file /home/airflow/.local/lib/python3.6/site-packages/airflow/example_dags/example_kubernetes_executor_config.py for tasks to queue
[2023-09-30 23:45:22,014] {logging_mixin.py:104} INFO - [2023-09-30 23:45:22,012] {dagbag.py:451} INFO - Filling up the DagBag from /home/airflow/.local/lib/python3.6/site-packages/airflow/example_dags/example_kubernetes_executor_config.py
[2023-09-30 23:45:22,109] {scheduler_job.py:639} INFO - DAG(s) dict_keys(['example_kubernetes_executor_config']) retrieved from /home/airflow/.local/lib/python3.6/site-packages/airflow/example_dags/example_kubernetes_executor_config.py
[2023-09-30 23:45:22,241] {logging_mixin.py:104} INFO - [2023-09-30 23:45:22,240] {dag.py:1824} INFO - Sync 1 DAGs
[2023-09-30 23:45:22,346] {logging_mixin.py:104} INFO - [2023-09-30 23:45:22,345] {dag.py:2280} INFO - Setting next_dagrun for example_kubernetes_executor_config to None
[2023-09-30 23:45:22,410] {scheduler_job.py:190} INFO - Processing /home/airflow/.local/lib/python3.6/site-packages/airflow/example_dags/example_kubernetes_executor_config.py took 0.424 seconds
[2023-09-30 23:45:52,751] {scheduler_job.py:182} INFO - Started process (PID=197) to work on /home/airflow/.local/lib/python3.6/site-packages/airflow/example_dags/example_kubernetes_executor_config.py
[2023-09-30 23:45:52,758] {scheduler_job.py:629} INFO - Processing file /home/airflow/.local/lib/python3.6/site-packages/airflow/example_dags/example_kubernetes_executor_config.py for tasks to queue
[2023-09-30 23:45:52,764] {logging_mixin.py:104} INFO - [2023-09-30 23:45:52,764] {dagbag.py:451} INFO - Filling up the DagBag from /home/airflow/.local/lib/python3.6/site-packages/airflow/example_dags/example_kubernetes_executor_config.py
[2023-09-30 23:45:52,852] {scheduler_job.py:639} INFO - DAG(s) dict_keys(['example_kubernetes_executor_config']) retrieved from /home/airflow/.local/lib/python3.6/site-packages/airflow/example_dags/example_kubernetes_executor_config.py
[2023-09-30 23:45:52,977] {logging_mixin.py:104} INFO - [2023-09-30 23:45:52,976] {dag.py:1824} INFO - Sync 1 DAGs
[2023-09-30 23:45:53,093] {logging_mixin.py:104} INFO - [2023-09-30 23:45:53,092] {dag.py:2280} INFO - Setting next_dagrun for example_kubernetes_executor_config to None
[2023-09-30 23:45:53,167] {scheduler_job.py:190} INFO - Processing /home/airflow/.local/lib/python3.6/site-packages/airflow/example_dags/example_kubernetes_executor_config.py took 0.428 seconds
[2023-09-30 23:46:23,472] {scheduler_job.py:182} INFO - Started process (PID=249) to work on /home/airflow/.local/lib/python3.6/site-packages/airflow/example_dags/example_kubernetes_executor_config.py
[2023-09-30 23:46:23,489] {scheduler_job.py:629} INFO - Processing file /home/airflow/.local/lib/python3.6/site-packages/airflow/example_dags/example_kubernetes_executor_config.py for tasks to queue
[2023-09-30 23:46:23,499] {logging_mixin.py:104} INFO - [2023-09-30 23:46:23,498] {dagbag.py:451} INFO - Filling up the DagBag from /home/airflow/.local/lib/python3.6/site-packages/airflow/example_dags/example_kubernetes_executor_config.py
[2023-09-30 23:46:23,610] {scheduler_job.py:639} INFO - DAG(s) dict_keys(['example_kubernetes_executor_config']) retrieved from /home/airflow/.local/lib/python3.6/site-packages/airflow/example_dags/example_kubernetes_executor_config.py
[2023-09-30 23:46:23,748] {logging_mixin.py:104} INFO - [2023-09-30 23:46:23,747] {dag.py:1824} INFO - Sync 1 DAGs
[2023-09-30 23:46:23,845] {logging_mixin.py:104} INFO - [2023-09-30 23:46:23,844] {dag.py:2280} INFO - Setting next_dagrun for example_kubernetes_executor_config to None
[2023-09-30 23:46:23,901] {scheduler_job.py:190} INFO - Processing /home/airflow/.local/lib/python3.6/site-packages/airflow/example_dags/example_kubernetes_executor_config.py took 0.445 seconds
[2023-09-30 23:46:54,531] {scheduler_job.py:182} INFO - Started process (PID=301) to work on /home/airflow/.local/lib/python3.6/site-packages/airflow/example_dags/example_kubernetes_executor_config.py
[2023-09-30 23:46:54,549] {scheduler_job.py:629} INFO - Processing file /home/airflow/.local/lib/python3.6/site-packages/airflow/example_dags/example_kubernetes_executor_config.py for tasks to queue
[2023-09-30 23:46:54,561] {logging_mixin.py:104} INFO - [2023-09-30 23:46:54,560] {dagbag.py:451} INFO - Filling up the DagBag from /home/airflow/.local/lib/python3.6/site-packages/airflow/example_dags/example_kubernetes_executor_config.py
[2023-09-30 23:46:54,715] {scheduler_job.py:639} INFO - DAG(s) dict_keys(['example_kubernetes_executor_config']) retrieved from /home/airflow/.local/lib/python3.6/site-packages/airflow/example_dags/example_kubernetes_executor_config.py
[2023-09-30 23:46:55,025] {logging_mixin.py:104} INFO - [2023-09-30 23:46:55,024] {dag.py:1824} INFO - Sync 1 DAGs
[2023-09-30 23:46:55,174] {logging_mixin.py:104} INFO - [2023-09-30 23:46:55,174] {dag.py:2280} INFO - Setting next_dagrun for example_kubernetes_executor_config to None
[2023-09-30 23:46:55,246] {scheduler_job.py:190} INFO - Processing /home/airflow/.local/lib/python3.6/site-packages/airflow/example_dags/example_kubernetes_executor_config.py took 0.756 seconds
[2023-09-30 23:47:25,457] {scheduler_job.py:182} INFO - Started process (PID=353) to work on /home/airflow/.local/lib/python3.6/site-packages/airflow/example_dags/example_kubernetes_executor_config.py
[2023-09-30 23:47:25,469] {scheduler_job.py:629} INFO - Processing file /home/airflow/.local/lib/python3.6/site-packages/airflow/example_dags/example_kubernetes_executor_config.py for tasks to queue
[2023-09-30 23:47:25,476] {logging_mixin.py:104} INFO - [2023-09-30 23:47:25,475] {dagbag.py:451} INFO - Filling up the DagBag from /home/airflow/.local/lib/python3.6/site-packages/airflow/example_dags/example_kubernetes_executor_config.py
[2023-09-30 23:47:25,593] {scheduler_job.py:639} INFO - DAG(s) dict_keys(['example_kubernetes_executor_config']) retrieved from /home/airflow/.local/lib/python3.6/site-packages/airflow/example_dags/example_kubernetes_executor_config.py
[2023-09-30 23:47:25,729] {logging_mixin.py:104} INFO - [2023-09-30 23:47:25,728] {dag.py:1824} INFO - Sync 1 DAGs
[2023-09-30 23:47:25,841] {logging_mixin.py:104} INFO - [2023-09-30 23:47:25,840] {dag.py:2280} INFO - Setting next_dagrun for example_kubernetes_executor_config to None
[2023-09-30 23:47:25,908] {scheduler_job.py:190} INFO - Processing /home/airflow/.local/lib/python3.6/site-packages/airflow/example_dags/example_kubernetes_executor_config.py took 0.469 seconds
[2023-09-30 23:47:56,065] {scheduler_job.py:182} INFO - Started process (PID=405) to work on /home/airflow/.local/lib/python3.6/site-packages/airflow/example_dags/example_kubernetes_executor_config.py
[2023-09-30 23:47:56,072] {scheduler_job.py:629} INFO - Processing file /home/airflow/.local/lib/python3.6/site-packages/airflow/example_dags/example_kubernetes_executor_config.py for tasks to queue
[2023-09-30 23:47:56,077] {logging_mixin.py:104} INFO - [2023-09-30 23:47:56,077] {dagbag.py:451} INFO - Filling up the DagBag from /home/airflow/.local/lib/python3.6/site-packages/airflow/example_dags/example_kubernetes_executor_config.py
[2023-09-30 23:47:56,154] {scheduler_job.py:639} INFO - DAG(s) dict_keys(['example_kubernetes_executor_config']) retrieved from /home/airflow/.local/lib/python3.6/site-packages/airflow/example_dags/example_kubernetes_executor_config.py
[2023-09-30 23:47:56,261] {logging_mixin.py:104} INFO - [2023-09-30 23:47:56,260] {dag.py:1824} INFO - Sync 1 DAGs
[2023-09-30 23:47:56,342] {logging_mixin.py:104} INFO - [2023-09-30 23:47:56,342] {dag.py:2280} INFO - Setting next_dagrun for example_kubernetes_executor_config to None
[2023-09-30 23:47:56,388] {scheduler_job.py:190} INFO - Processing /home/airflow/.local/lib/python3.6/site-packages/airflow/example_dags/example_kubernetes_executor_config.py took 0.339 seconds
[2023-09-30 23:48:26,483] {scheduler_job.py:182} INFO - Started process (PID=457) to work on /home/airflow/.local/lib/python3.6/site-packages/airflow/example_dags/example_kubernetes_executor_config.py
[2023-09-30 23:48:26,489] {scheduler_job.py:629} INFO - Processing file /home/airflow/.local/lib/python3.6/site-packages/airflow/example_dags/example_kubernetes_executor_config.py for tasks to queue
[2023-09-30 23:48:26,492] {logging_mixin.py:104} INFO - [2023-09-30 23:48:26,492] {dagbag.py:451} INFO - Filling up the DagBag from /home/airflow/.local/lib/python3.6/site-packages/airflow/example_dags/example_kubernetes_executor_config.py
[2023-09-30 23:48:26,562] {scheduler_job.py:639} INFO - DAG(s) dict_keys(['example_kubernetes_executor_config']) retrieved from /home/airflow/.local/lib/python3.6/site-packages/airflow/example_dags/example_kubernetes_executor_config.py
[2023-09-30 23:48:26,659] {logging_mixin.py:104} INFO - [2023-09-30 23:48:26,658] {dag.py:1824} INFO - Sync 1 DAGs
[2023-09-30 23:48:26,755] {logging_mixin.py:104} INFO - [2023-09-30 23:48:26,755] {dag.py:2280} INFO - Setting next_dagrun for example_kubernetes_executor_config to None
[2023-09-30 23:48:26,796] {scheduler_job.py:190} INFO - Processing /home/airflow/.local/lib/python3.6/site-packages/airflow/example_dags/example_kubernetes_executor_config.py took 0.322 seconds
[2023-09-30 23:48:57,007] {scheduler_job.py:182} INFO - Started process (PID=509) to work on /home/airflow/.local/lib/python3.6/site-packages/airflow/example_dags/example_kubernetes_executor_config.py
[2023-09-30 23:48:57,015] {scheduler_job.py:629} INFO - Processing file /home/airflow/.local/lib/python3.6/site-packages/airflow/example_dags/example_kubernetes_executor_config.py for tasks to queue
[2023-09-30 23:48:57,018] {logging_mixin.py:104} INFO - [2023-09-30 23:48:57,018] {dagbag.py:451} INFO - Filling up the DagBag from /home/airflow/.local/lib/python3.6/site-packages/airflow/example_dags/example_kubernetes_executor_config.py
[2023-09-30 23:48:57,086] {scheduler_job.py:639} INFO - DAG(s) dict_keys(['example_kubernetes_executor_config']) retrieved from /home/airflow/.local/lib/python3.6/site-packages/airflow/example_dags/example_kubernetes_executor_config.py
[2023-09-30 23:48:57,165] {logging_mixin.py:104} INFO - [2023-09-30 23:48:57,164] {dag.py:1824} INFO - Sync 1 DAGs
[2023-09-30 23:48:57,236] {logging_mixin.py:104} INFO - [2023-09-30 23:48:57,236] {dag.py:2280} INFO - Setting next_dagrun for example_kubernetes_executor_config to None
[2023-09-30 23:48:57,294] {scheduler_job.py:190} INFO - Processing /home/airflow/.local/lib/python3.6/site-packages/airflow/example_dags/example_kubernetes_executor_config.py took 0.296 seconds
[2023-09-30 23:49:27,397] {scheduler_job.py:182} INFO - Started process (PID=561) to work on /home/airflow/.local/lib/python3.6/site-packages/airflow/example_dags/example_kubernetes_executor_config.py
[2023-09-30 23:49:27,402] {scheduler_job.py:629} INFO - Processing file /home/airflow/.local/lib/python3.6/site-packages/airflow/example_dags/example_kubernetes_executor_config.py for tasks to queue
[2023-09-30 23:49:27,405] {logging_mixin.py:104} INFO - [2023-09-30 23:49:27,405] {dagbag.py:451} INFO - Filling up the DagBag from /home/airflow/.local/lib/python3.6/site-packages/airflow/example_dags/example_kubernetes_executor_config.py
[2023-09-30 23:49:27,472] {scheduler_job.py:639} INFO - DAG(s) dict_keys(['example_kubernetes_executor_config']) retrieved from /home/airflow/.local/lib/python3.6/site-packages/airflow/example_dags/example_kubernetes_executor_config.py
[2023-09-30 23:49:27,548] {logging_mixin.py:104} INFO - [2023-09-30 23:49:27,547] {dag.py:1824} INFO - Sync 1 DAGs
[2023-09-30 23:49:27,609] {logging_mixin.py:104} INFO - [2023-09-30 23:49:27,608] {dag.py:2280} INFO - Setting next_dagrun for example_kubernetes_executor_config to None
[2023-09-30 23:49:27,641] {scheduler_job.py:190} INFO - Processing /home/airflow/.local/lib/python3.6/site-packages/airflow/example_dags/example_kubernetes_executor_config.py took 0.254 seconds
[2023-09-30 23:49:57,761] {scheduler_job.py:182} INFO - Started process (PID=613) to work on /home/airflow/.local/lib/python3.6/site-packages/airflow/example_dags/example_kubernetes_executor_config.py
[2023-09-30 23:49:57,769] {scheduler_job.py:629} INFO - Processing file /home/airflow/.local/lib/python3.6/site-packages/airflow/example_dags/example_kubernetes_executor_config.py for tasks to queue
[2023-09-30 23:49:57,775] {logging_mixin.py:104} INFO - [2023-09-30 23:49:57,774] {dagbag.py:451} INFO - Filling up the DagBag from /home/airflow/.local/lib/python3.6/site-packages/airflow/example_dags/example_kubernetes_executor_config.py
[2023-09-30 23:49:57,900] {scheduler_job.py:639} INFO - DAG(s) dict_keys(['example_kubernetes_executor_config']) retrieved from /home/airflow/.local/lib/python3.6/site-packages/airflow/example_dags/example_kubernetes_executor_config.py
[2023-09-30 23:49:58,017] {logging_mixin.py:104} INFO - [2023-09-30 23:49:58,016] {dag.py:1824} INFO - Sync 1 DAGs
[2023-09-30 23:49:58,093] {logging_mixin.py:104} INFO - [2023-09-30 23:49:58,093] {dag.py:2280} INFO - Setting next_dagrun for example_kubernetes_executor_config to None
[2023-09-30 23:49:58,133] {scheduler_job.py:190} INFO - Processing /home/airflow/.local/lib/python3.6/site-packages/airflow/example_dags/example_kubernetes_executor_config.py took 0.385 seconds
[2023-09-30 23:50:29,083] {scheduler_job.py:182} INFO - Started process (PID=665) to work on /home/airflow/.local/lib/python3.6/site-packages/airflow/example_dags/example_kubernetes_executor_config.py
[2023-09-30 23:50:29,091] {scheduler_job.py:629} INFO - Processing file /home/airflow/.local/lib/python3.6/site-packages/airflow/example_dags/example_kubernetes_executor_config.py for tasks to queue
[2023-09-30 23:50:29,096] {logging_mixin.py:104} INFO - [2023-09-30 23:50:29,095] {dagbag.py:451} INFO - Filling up the DagBag from /home/airflow/.local/lib/python3.6/site-packages/airflow/example_dags/example_kubernetes_executor_config.py
[2023-09-30 23:50:29,172] {scheduler_job.py:639} INFO - DAG(s) dict_keys(['example_kubernetes_executor_config']) retrieved from /home/airflow/.local/lib/python3.6/site-packages/airflow/example_dags/example_kubernetes_executor_config.py
[2023-09-30 23:50:29,258] {logging_mixin.py:104} INFO - [2023-09-30 23:50:29,257] {dag.py:1824} INFO - Sync 1 DAGs
[2023-09-30 23:50:29,322] {logging_mixin.py:104} INFO - [2023-09-30 23:50:29,321] {dag.py:2280} INFO - Setting next_dagrun for example_kubernetes_executor_config to None
[2023-09-30 23:50:29,359] {scheduler_job.py:190} INFO - Processing /home/airflow/.local/lib/python3.6/site-packages/airflow/example_dags/example_kubernetes_executor_config.py took 0.286 seconds
[2023-09-30 23:50:59,436] {scheduler_job.py:182} INFO - Started process (PID=715) to work on /home/airflow/.local/lib/python3.6/site-packages/airflow/example_dags/example_kubernetes_executor_config.py
[2023-09-30 23:50:59,443] {scheduler_job.py:629} INFO - Processing file /home/airflow/.local/lib/python3.6/site-packages/airflow/example_dags/example_kubernetes_executor_config.py for tasks to queue
[2023-09-30 23:50:59,450] {logging_mixin.py:104} INFO - [2023-09-30 23:50:59,449] {dagbag.py:451} INFO - Filling up the DagBag from /home/airflow/.local/lib/python3.6/site-packages/airflow/example_dags/example_kubernetes_executor_config.py
[2023-09-30 23:50:59,537] {scheduler_job.py:639} INFO - DAG(s) dict_keys(['example_kubernetes_executor_config']) retrieved from /home/airflow/.local/lib/python3.6/site-packages/airflow/example_dags/example_kubernetes_executor_config.py
[2023-09-30 23:50:59,639] {logging_mixin.py:104} INFO - [2023-09-30 23:50:59,637] {dag.py:1824} INFO - Sync 1 DAGs
[2023-09-30 23:50:59,746] {logging_mixin.py:104} INFO - [2023-09-30 23:50:59,745] {dag.py:2280} INFO - Setting next_dagrun for example_kubernetes_executor_config to None
[2023-09-30 23:50:59,794] {scheduler_job.py:190} INFO - Processing /home/airflow/.local/lib/python3.6/site-packages/airflow/example_dags/example_kubernetes_executor_config.py took 0.371 seconds
