[2023-09-30 23:34:05,695] {scheduler_job.py:182} INFO - Started process (PID=107) to work on /home/airflow/.local/lib/python3.6/site-packages/airflow/example_dags/example_bash_operator.py
[2023-09-30 23:34:05,713] {scheduler_job.py:629} INFO - Processing file /home/airflow/.local/lib/python3.6/site-packages/airflow/example_dags/example_bash_operator.py for tasks to queue
[2023-09-30 23:34:05,727] {logging_mixin.py:104} INFO - [2023-09-30 23:34:05,723] {dagbag.py:451} INFO - Filling up the DagBag from /home/airflow/.local/lib/python3.6/site-packages/airflow/example_dags/example_bash_operator.py
[2023-09-30 23:34:05,875] {scheduler_job.py:639} INFO - DAG(s) dict_keys(['example_bash_operator']) retrieved from /home/airflow/.local/lib/python3.6/site-packages/airflow/example_dags/example_bash_operator.py
[2023-09-30 23:34:06,063] {logging_mixin.py:104} INFO - [2023-09-30 23:34:06,053] {dag.py:1824} INFO - Sync 1 DAGs
[2023-09-30 23:34:06,201] {logging_mixin.py:104} INFO - [2023-09-30 23:34:06,201] {dag.py:1843} INFO - Creating ORM DAG for example_bash_operator
[2023-09-30 23:34:06,552] {logging_mixin.py:104} INFO - [2023-09-30 23:34:06,551] {dag.py:2280} INFO - Setting next_dagrun for example_bash_operator to 2023-09-28 00:00:00+00:00
[2023-09-30 23:34:06,770] {scheduler_job.py:190} INFO - Processing /home/airflow/.local/lib/python3.6/site-packages/airflow/example_dags/example_bash_operator.py took 1.103 seconds
[2023-09-30 23:34:37,411] {scheduler_job.py:182} INFO - Started process (PID=159) to work on /home/airflow/.local/lib/python3.6/site-packages/airflow/example_dags/example_bash_operator.py
[2023-09-30 23:34:37,422] {scheduler_job.py:629} INFO - Processing file /home/airflow/.local/lib/python3.6/site-packages/airflow/example_dags/example_bash_operator.py for tasks to queue
[2023-09-30 23:34:37,430] {logging_mixin.py:104} INFO - [2023-09-30 23:34:37,428] {dagbag.py:451} INFO - Filling up the DagBag from /home/airflow/.local/lib/python3.6/site-packages/airflow/example_dags/example_bash_operator.py
[2023-09-30 23:34:37,542] {scheduler_job.py:639} INFO - DAG(s) dict_keys(['example_bash_operator']) retrieved from /home/airflow/.local/lib/python3.6/site-packages/airflow/example_dags/example_bash_operator.py
[2023-09-30 23:34:37,690] {logging_mixin.py:104} INFO - [2023-09-30 23:34:37,689] {dag.py:1824} INFO - Sync 1 DAGs
[2023-09-30 23:34:38,022] {logging_mixin.py:104} INFO - [2023-09-30 23:34:38,020] {dag.py:2280} INFO - Setting next_dagrun for example_bash_operator to 2023-09-28 00:00:00+00:00
[2023-09-30 23:34:38,106] {scheduler_job.py:190} INFO - Processing /home/airflow/.local/lib/python3.6/site-packages/airflow/example_dags/example_bash_operator.py took 0.715 seconds
[2023-09-30 23:35:08,222] {scheduler_job.py:182} INFO - Started process (PID=211) to work on /home/airflow/.local/lib/python3.6/site-packages/airflow/example_dags/example_bash_operator.py
[2023-09-30 23:35:08,229] {scheduler_job.py:629} INFO - Processing file /home/airflow/.local/lib/python3.6/site-packages/airflow/example_dags/example_bash_operator.py for tasks to queue
[2023-09-30 23:35:08,236] {logging_mixin.py:104} INFO - [2023-09-30 23:35:08,236] {dagbag.py:451} INFO - Filling up the DagBag from /home/airflow/.local/lib/python3.6/site-packages/airflow/example_dags/example_bash_operator.py
[2023-09-30 23:35:08,321] {scheduler_job.py:639} INFO - DAG(s) dict_keys(['example_bash_operator']) retrieved from /home/airflow/.local/lib/python3.6/site-packages/airflow/example_dags/example_bash_operator.py
[2023-09-30 23:35:08,424] {logging_mixin.py:104} INFO - [2023-09-30 23:35:08,423] {dag.py:1824} INFO - Sync 1 DAGs
[2023-09-30 23:35:08,601] {logging_mixin.py:104} INFO - [2023-09-30 23:35:08,600] {dag.py:2280} INFO - Setting next_dagrun for example_bash_operator to 2023-09-28 00:00:00+00:00
[2023-09-30 23:35:08,647] {scheduler_job.py:190} INFO - Processing /home/airflow/.local/lib/python3.6/site-packages/airflow/example_dags/example_bash_operator.py took 0.441 seconds
[2023-09-30 23:35:38,751] {scheduler_job.py:182} INFO - Started process (PID=263) to work on /home/airflow/.local/lib/python3.6/site-packages/airflow/example_dags/example_bash_operator.py
[2023-09-30 23:35:38,761] {scheduler_job.py:629} INFO - Processing file /home/airflow/.local/lib/python3.6/site-packages/airflow/example_dags/example_bash_operator.py for tasks to queue
[2023-09-30 23:35:38,770] {logging_mixin.py:104} INFO - [2023-09-30 23:35:38,769] {dagbag.py:451} INFO - Filling up the DagBag from /home/airflow/.local/lib/python3.6/site-packages/airflow/example_dags/example_bash_operator.py
[2023-09-30 23:35:38,983] {scheduler_job.py:639} INFO - DAG(s) dict_keys(['example_bash_operator']) retrieved from /home/airflow/.local/lib/python3.6/site-packages/airflow/example_dags/example_bash_operator.py
[2023-09-30 23:35:39,268] {logging_mixin.py:104} INFO - [2023-09-30 23:35:39,267] {dag.py:1824} INFO - Sync 1 DAGs
[2023-09-30 23:35:40,659] {logging_mixin.py:104} INFO - [2023-09-30 23:35:40,658] {dag.py:2280} INFO - Setting next_dagrun for example_bash_operator to 2023-09-28 00:00:00+00:00
[2023-09-30 23:35:40,794] {scheduler_job.py:190} INFO - Processing /home/airflow/.local/lib/python3.6/site-packages/airflow/example_dags/example_bash_operator.py took 2.064 seconds
[2023-09-30 23:36:11,278] {scheduler_job.py:182} INFO - Started process (PID=315) to work on /home/airflow/.local/lib/python3.6/site-packages/airflow/example_dags/example_bash_operator.py
[2023-09-30 23:36:11,286] {scheduler_job.py:629} INFO - Processing file /home/airflow/.local/lib/python3.6/site-packages/airflow/example_dags/example_bash_operator.py for tasks to queue
[2023-09-30 23:36:11,303] {logging_mixin.py:104} INFO - [2023-09-30 23:36:11,297] {dagbag.py:451} INFO - Filling up the DagBag from /home/airflow/.local/lib/python3.6/site-packages/airflow/example_dags/example_bash_operator.py
[2023-09-30 23:36:11,429] {scheduler_job.py:639} INFO - DAG(s) dict_keys(['example_bash_operator']) retrieved from /home/airflow/.local/lib/python3.6/site-packages/airflow/example_dags/example_bash_operator.py
[2023-09-30 23:36:11,576] {logging_mixin.py:104} INFO - [2023-09-30 23:36:11,575] {dag.py:1824} INFO - Sync 1 DAGs
[2023-09-30 23:36:11,779] {logging_mixin.py:104} INFO - [2023-09-30 23:36:11,778] {dag.py:2280} INFO - Setting next_dagrun for example_bash_operator to 2023-09-28 00:00:00+00:00
[2023-09-30 23:36:11,855] {scheduler_job.py:190} INFO - Processing /home/airflow/.local/lib/python3.6/site-packages/airflow/example_dags/example_bash_operator.py took 0.602 seconds
[2023-09-30 23:37:06,296] {scheduler_job.py:182} INFO - Started process (PID=106) to work on /home/airflow/.local/lib/python3.6/site-packages/airflow/example_dags/example_bash_operator.py
[2023-09-30 23:37:06,308] {scheduler_job.py:629} INFO - Processing file /home/airflow/.local/lib/python3.6/site-packages/airflow/example_dags/example_bash_operator.py for tasks to queue
[2023-09-30 23:37:06,315] {logging_mixin.py:104} INFO - [2023-09-30 23:37:06,314] {dagbag.py:451} INFO - Filling up the DagBag from /home/airflow/.local/lib/python3.6/site-packages/airflow/example_dags/example_bash_operator.py
[2023-09-30 23:37:06,437] {scheduler_job.py:639} INFO - DAG(s) dict_keys(['example_bash_operator']) retrieved from /home/airflow/.local/lib/python3.6/site-packages/airflow/example_dags/example_bash_operator.py
[2023-09-30 23:37:06,583] {logging_mixin.py:104} INFO - [2023-09-30 23:37:06,583] {dag.py:1824} INFO - Sync 1 DAGs
[2023-09-30 23:37:06,806] {logging_mixin.py:104} INFO - [2023-09-30 23:37:06,805] {dag.py:2280} INFO - Setting next_dagrun for example_bash_operator to 2023-09-28 00:00:00+00:00
[2023-09-30 23:37:06,866] {scheduler_job.py:190} INFO - Processing /home/airflow/.local/lib/python3.6/site-packages/airflow/example_dags/example_bash_operator.py took 0.588 seconds
[2023-09-30 23:37:37,678] {scheduler_job.py:182} INFO - Started process (PID=158) to work on /home/airflow/.local/lib/python3.6/site-packages/airflow/example_dags/example_bash_operator.py
[2023-09-30 23:37:37,687] {scheduler_job.py:629} INFO - Processing file /home/airflow/.local/lib/python3.6/site-packages/airflow/example_dags/example_bash_operator.py for tasks to queue
[2023-09-30 23:37:37,699] {logging_mixin.py:104} INFO - [2023-09-30 23:37:37,699] {dagbag.py:451} INFO - Filling up the DagBag from /home/airflow/.local/lib/python3.6/site-packages/airflow/example_dags/example_bash_operator.py
[2023-09-30 23:37:37,814] {scheduler_job.py:639} INFO - DAG(s) dict_keys(['example_bash_operator']) retrieved from /home/airflow/.local/lib/python3.6/site-packages/airflow/example_dags/example_bash_operator.py
[2023-09-30 23:37:37,937] {logging_mixin.py:104} INFO - [2023-09-30 23:37:37,936] {dag.py:1824} INFO - Sync 1 DAGs
[2023-09-30 23:37:38,138] {logging_mixin.py:104} INFO - [2023-09-30 23:37:38,137] {dag.py:2280} INFO - Setting next_dagrun for example_bash_operator to 2023-09-28 00:00:00+00:00
[2023-09-30 23:37:38,202] {scheduler_job.py:190} INFO - Processing /home/airflow/.local/lib/python3.6/site-packages/airflow/example_dags/example_bash_operator.py took 0.552 seconds
[2023-09-30 23:38:08,374] {scheduler_job.py:182} INFO - Started process (PID=210) to work on /home/airflow/.local/lib/python3.6/site-packages/airflow/example_dags/example_bash_operator.py
[2023-09-30 23:38:08,379] {scheduler_job.py:629} INFO - Processing file /home/airflow/.local/lib/python3.6/site-packages/airflow/example_dags/example_bash_operator.py for tasks to queue
[2023-09-30 23:38:08,383] {logging_mixin.py:104} INFO - [2023-09-30 23:38:08,382] {dagbag.py:451} INFO - Filling up the DagBag from /home/airflow/.local/lib/python3.6/site-packages/airflow/example_dags/example_bash_operator.py
[2023-09-30 23:38:08,451] {scheduler_job.py:639} INFO - DAG(s) dict_keys(['example_bash_operator']) retrieved from /home/airflow/.local/lib/python3.6/site-packages/airflow/example_dags/example_bash_operator.py
[2023-09-30 23:38:08,535] {logging_mixin.py:104} INFO - [2023-09-30 23:38:08,535] {dag.py:1824} INFO - Sync 1 DAGs
[2023-09-30 23:38:08,704] {logging_mixin.py:104} INFO - [2023-09-30 23:38:08,703] {dag.py:2280} INFO - Setting next_dagrun for example_bash_operator to 2023-09-28 00:00:00+00:00
[2023-09-30 23:38:08,757] {scheduler_job.py:190} INFO - Processing /home/airflow/.local/lib/python3.6/site-packages/airflow/example_dags/example_bash_operator.py took 0.394 seconds
[2023-09-30 23:38:39,217] {scheduler_job.py:182} INFO - Started process (PID=262) to work on /home/airflow/.local/lib/python3.6/site-packages/airflow/example_dags/example_bash_operator.py
[2023-09-30 23:38:39,223] {scheduler_job.py:629} INFO - Processing file /home/airflow/.local/lib/python3.6/site-packages/airflow/example_dags/example_bash_operator.py for tasks to queue
[2023-09-30 23:38:39,227] {logging_mixin.py:104} INFO - [2023-09-30 23:38:39,227] {dagbag.py:451} INFO - Filling up the DagBag from /home/airflow/.local/lib/python3.6/site-packages/airflow/example_dags/example_bash_operator.py
[2023-09-30 23:38:39,340] {scheduler_job.py:639} INFO - DAG(s) dict_keys(['example_bash_operator']) retrieved from /home/airflow/.local/lib/python3.6/site-packages/airflow/example_dags/example_bash_operator.py
[2023-09-30 23:38:39,436] {logging_mixin.py:104} INFO - [2023-09-30 23:38:39,435] {dag.py:1824} INFO - Sync 1 DAGs
[2023-09-30 23:38:39,603] {logging_mixin.py:104} INFO - [2023-09-30 23:38:39,602] {dag.py:2280} INFO - Setting next_dagrun for example_bash_operator to 2023-09-28 00:00:00+00:00
[2023-09-30 23:38:39,652] {scheduler_job.py:190} INFO - Processing /home/airflow/.local/lib/python3.6/site-packages/airflow/example_dags/example_bash_operator.py took 0.445 seconds
[2023-09-30 23:39:10,973] {scheduler_job.py:182} INFO - Started process (PID=316) to work on /home/airflow/.local/lib/python3.6/site-packages/airflow/example_dags/example_bash_operator.py
[2023-09-30 23:39:10,982] {scheduler_job.py:629} INFO - Processing file /home/airflow/.local/lib/python3.6/site-packages/airflow/example_dags/example_bash_operator.py for tasks to queue
[2023-09-30 23:39:10,990] {logging_mixin.py:104} INFO - [2023-09-30 23:39:10,989] {dagbag.py:451} INFO - Filling up the DagBag from /home/airflow/.local/lib/python3.6/site-packages/airflow/example_dags/example_bash_operator.py
[2023-09-30 23:39:11,081] {scheduler_job.py:639} INFO - DAG(s) dict_keys(['example_bash_operator']) retrieved from /home/airflow/.local/lib/python3.6/site-packages/airflow/example_dags/example_bash_operator.py
[2023-09-30 23:39:11,173] {logging_mixin.py:104} INFO - [2023-09-30 23:39:11,172] {dag.py:1824} INFO - Sync 1 DAGs
[2023-09-30 23:39:11,322] {logging_mixin.py:104} INFO - [2023-09-30 23:39:11,321] {dag.py:2280} INFO - Setting next_dagrun for example_bash_operator to 2023-09-28 00:00:00+00:00
[2023-09-30 23:39:11,371] {scheduler_job.py:190} INFO - Processing /home/airflow/.local/lib/python3.6/site-packages/airflow/example_dags/example_bash_operator.py took 0.413 seconds
[2023-09-30 23:39:41,464] {scheduler_job.py:182} INFO - Started process (PID=368) to work on /home/airflow/.local/lib/python3.6/site-packages/airflow/example_dags/example_bash_operator.py
[2023-09-30 23:39:41,471] {scheduler_job.py:629} INFO - Processing file /home/airflow/.local/lib/python3.6/site-packages/airflow/example_dags/example_bash_operator.py for tasks to queue
[2023-09-30 23:39:41,474] {logging_mixin.py:104} INFO - [2023-09-30 23:39:41,474] {dagbag.py:451} INFO - Filling up the DagBag from /home/airflow/.local/lib/python3.6/site-packages/airflow/example_dags/example_bash_operator.py
[2023-09-30 23:39:41,535] {scheduler_job.py:639} INFO - DAG(s) dict_keys(['example_bash_operator']) retrieved from /home/airflow/.local/lib/python3.6/site-packages/airflow/example_dags/example_bash_operator.py
[2023-09-30 23:39:41,611] {logging_mixin.py:104} INFO - [2023-09-30 23:39:41,610] {dag.py:1824} INFO - Sync 1 DAGs
[2023-09-30 23:39:41,737] {logging_mixin.py:104} INFO - [2023-09-30 23:39:41,736] {dag.py:2280} INFO - Setting next_dagrun for example_bash_operator to 2023-09-28 00:00:00+00:00
[2023-09-30 23:39:41,779] {scheduler_job.py:190} INFO - Processing /home/airflow/.local/lib/python3.6/site-packages/airflow/example_dags/example_bash_operator.py took 0.324 seconds
[2023-09-30 23:40:14,457] {scheduler_job.py:182} INFO - Started process (PID=426) to work on /home/airflow/.local/lib/python3.6/site-packages/airflow/example_dags/example_bash_operator.py
[2023-09-30 23:40:14,466] {scheduler_job.py:629} INFO - Processing file /home/airflow/.local/lib/python3.6/site-packages/airflow/example_dags/example_bash_operator.py for tasks to queue
[2023-09-30 23:40:14,473] {logging_mixin.py:104} INFO - [2023-09-30 23:40:14,472] {dagbag.py:451} INFO - Filling up the DagBag from /home/airflow/.local/lib/python3.6/site-packages/airflow/example_dags/example_bash_operator.py
[2023-09-30 23:40:14,709] {scheduler_job.py:639} INFO - DAG(s) dict_keys(['example_bash_operator']) retrieved from /home/airflow/.local/lib/python3.6/site-packages/airflow/example_dags/example_bash_operator.py
[2023-09-30 23:40:14,842] {logging_mixin.py:104} INFO - [2023-09-30 23:40:14,841] {dag.py:1824} INFO - Sync 1 DAGs
[2023-09-30 23:40:15,170] {logging_mixin.py:104} INFO - [2023-09-30 23:40:15,169] {dag.py:2280} INFO - Setting next_dagrun for example_bash_operator to 2023-09-28 00:00:00+00:00
[2023-09-30 23:40:15,249] {scheduler_job.py:190} INFO - Processing /home/airflow/.local/lib/python3.6/site-packages/airflow/example_dags/example_bash_operator.py took 0.806 seconds
[2023-09-30 23:40:45,885] {scheduler_job.py:182} INFO - Started process (PID=478) to work on /home/airflow/.local/lib/python3.6/site-packages/airflow/example_dags/example_bash_operator.py
[2023-09-30 23:40:45,893] {scheduler_job.py:629} INFO - Processing file /home/airflow/.local/lib/python3.6/site-packages/airflow/example_dags/example_bash_operator.py for tasks to queue
[2023-09-30 23:40:45,900] {logging_mixin.py:104} INFO - [2023-09-30 23:40:45,898] {dagbag.py:451} INFO - Filling up the DagBag from /home/airflow/.local/lib/python3.6/site-packages/airflow/example_dags/example_bash_operator.py
[2023-09-30 23:40:46,069] {scheduler_job.py:639} INFO - DAG(s) dict_keys(['example_bash_operator']) retrieved from /home/airflow/.local/lib/python3.6/site-packages/airflow/example_dags/example_bash_operator.py
[2023-09-30 23:40:46,186] {logging_mixin.py:104} INFO - [2023-09-30 23:40:46,186] {dag.py:1824} INFO - Sync 1 DAGs
[2023-09-30 23:40:46,576] {logging_mixin.py:104} INFO - [2023-09-30 23:40:46,574] {dag.py:2280} INFO - Setting next_dagrun for example_bash_operator to 2023-09-28 00:00:00+00:00
[2023-09-30 23:40:46,727] {scheduler_job.py:190} INFO - Processing /home/airflow/.local/lib/python3.6/site-packages/airflow/example_dags/example_bash_operator.py took 0.860 seconds
[2023-09-30 23:44:48,494] {scheduler_job.py:182} INFO - Started process (PID=89) to work on /home/airflow/.local/lib/python3.6/site-packages/airflow/example_dags/example_bash_operator.py
[2023-09-30 23:44:48,515] {scheduler_job.py:629} INFO - Processing file /home/airflow/.local/lib/python3.6/site-packages/airflow/example_dags/example_bash_operator.py for tasks to queue
[2023-09-30 23:44:48,526] {logging_mixin.py:104} INFO - [2023-09-30 23:44:48,523] {dagbag.py:451} INFO - Filling up the DagBag from /home/airflow/.local/lib/python3.6/site-packages/airflow/example_dags/example_bash_operator.py
[2023-09-30 23:44:48,967] {scheduler_job.py:639} INFO - DAG(s) dict_keys(['example_bash_operator']) retrieved from /home/airflow/.local/lib/python3.6/site-packages/airflow/example_dags/example_bash_operator.py
[2023-09-30 23:44:49,398] {logging_mixin.py:104} INFO - [2023-09-30 23:44:49,397] {dag.py:1824} INFO - Sync 1 DAGs
[2023-09-30 23:44:49,919] {logging_mixin.py:104} INFO - [2023-09-30 23:44:49,918] {dag.py:2280} INFO - Setting next_dagrun for example_bash_operator to 2023-09-28 00:00:00+00:00
[2023-09-30 23:44:50,055] {scheduler_job.py:190} INFO - Processing /home/airflow/.local/lib/python3.6/site-packages/airflow/example_dags/example_bash_operator.py took 1.597 seconds
[2023-09-30 23:45:20,514] {scheduler_job.py:182} INFO - Started process (PID=141) to work on /home/airflow/.local/lib/python3.6/site-packages/airflow/example_dags/example_bash_operator.py
[2023-09-30 23:45:20,523] {scheduler_job.py:629} INFO - Processing file /home/airflow/.local/lib/python3.6/site-packages/airflow/example_dags/example_bash_operator.py for tasks to queue
[2023-09-30 23:45:20,534] {logging_mixin.py:104} INFO - [2023-09-30 23:45:20,532] {dagbag.py:451} INFO - Filling up the DagBag from /home/airflow/.local/lib/python3.6/site-packages/airflow/example_dags/example_bash_operator.py
[2023-09-30 23:45:20,629] {scheduler_job.py:639} INFO - DAG(s) dict_keys(['example_bash_operator']) retrieved from /home/airflow/.local/lib/python3.6/site-packages/airflow/example_dags/example_bash_operator.py
[2023-09-30 23:45:20,730] {logging_mixin.py:104} INFO - [2023-09-30 23:45:20,730] {dag.py:1824} INFO - Sync 1 DAGs
[2023-09-30 23:45:20,889] {logging_mixin.py:104} INFO - [2023-09-30 23:45:20,888] {dag.py:2280} INFO - Setting next_dagrun for example_bash_operator to 2023-09-28 00:00:00+00:00
[2023-09-30 23:45:20,933] {scheduler_job.py:190} INFO - Processing /home/airflow/.local/lib/python3.6/site-packages/airflow/example_dags/example_bash_operator.py took 0.446 seconds
[2023-09-30 23:45:51,255] {scheduler_job.py:182} INFO - Started process (PID=193) to work on /home/airflow/.local/lib/python3.6/site-packages/airflow/example_dags/example_bash_operator.py
[2023-09-30 23:45:51,268] {scheduler_job.py:629} INFO - Processing file /home/airflow/.local/lib/python3.6/site-packages/airflow/example_dags/example_bash_operator.py for tasks to queue
[2023-09-30 23:45:51,274] {logging_mixin.py:104} INFO - [2023-09-30 23:45:51,273] {dagbag.py:451} INFO - Filling up the DagBag from /home/airflow/.local/lib/python3.6/site-packages/airflow/example_dags/example_bash_operator.py
[2023-09-30 23:45:51,366] {scheduler_job.py:639} INFO - DAG(s) dict_keys(['example_bash_operator']) retrieved from /home/airflow/.local/lib/python3.6/site-packages/airflow/example_dags/example_bash_operator.py
[2023-09-30 23:45:51,470] {logging_mixin.py:104} INFO - [2023-09-30 23:45:51,469] {dag.py:1824} INFO - Sync 1 DAGs
[2023-09-30 23:45:51,631] {logging_mixin.py:104} INFO - [2023-09-30 23:45:51,630] {dag.py:2280} INFO - Setting next_dagrun for example_bash_operator to 2023-09-28 00:00:00+00:00
[2023-09-30 23:45:51,686] {scheduler_job.py:190} INFO - Processing /home/airflow/.local/lib/python3.6/site-packages/airflow/example_dags/example_bash_operator.py took 0.448 seconds
[2023-09-30 23:46:22,574] {scheduler_job.py:182} INFO - Started process (PID=245) to work on /home/airflow/.local/lib/python3.6/site-packages/airflow/example_dags/example_bash_operator.py
[2023-09-30 23:46:22,585] {scheduler_job.py:629} INFO - Processing file /home/airflow/.local/lib/python3.6/site-packages/airflow/example_dags/example_bash_operator.py for tasks to queue
[2023-09-30 23:46:22,593] {logging_mixin.py:104} INFO - [2023-09-30 23:46:22,592] {dagbag.py:451} INFO - Filling up the DagBag from /home/airflow/.local/lib/python3.6/site-packages/airflow/example_dags/example_bash_operator.py
[2023-09-30 23:46:22,803] {scheduler_job.py:639} INFO - DAG(s) dict_keys(['example_bash_operator']) retrieved from /home/airflow/.local/lib/python3.6/site-packages/airflow/example_dags/example_bash_operator.py
[2023-09-30 23:46:23,013] {logging_mixin.py:104} INFO - [2023-09-30 23:46:23,012] {dag.py:1824} INFO - Sync 1 DAGs
[2023-09-30 23:46:23,413] {logging_mixin.py:104} INFO - [2023-09-30 23:46:23,405] {dag.py:2280} INFO - Setting next_dagrun for example_bash_operator to 2023-09-28 00:00:00+00:00
[2023-09-30 23:46:23,542] {scheduler_job.py:190} INFO - Processing /home/airflow/.local/lib/python3.6/site-packages/airflow/example_dags/example_bash_operator.py took 1.001 seconds
[2023-09-30 23:46:53,801] {scheduler_job.py:182} INFO - Started process (PID=297) to work on /home/airflow/.local/lib/python3.6/site-packages/airflow/example_dags/example_bash_operator.py
[2023-09-30 23:46:53,816] {scheduler_job.py:629} INFO - Processing file /home/airflow/.local/lib/python3.6/site-packages/airflow/example_dags/example_bash_operator.py for tasks to queue
[2023-09-30 23:46:53,829] {logging_mixin.py:104} INFO - [2023-09-30 23:46:53,826] {dagbag.py:451} INFO - Filling up the DagBag from /home/airflow/.local/lib/python3.6/site-packages/airflow/example_dags/example_bash_operator.py
[2023-09-30 23:46:53,993] {scheduler_job.py:639} INFO - DAG(s) dict_keys(['example_bash_operator']) retrieved from /home/airflow/.local/lib/python3.6/site-packages/airflow/example_dags/example_bash_operator.py
[2023-09-30 23:46:54,177] {logging_mixin.py:104} INFO - [2023-09-30 23:46:54,176] {dag.py:1824} INFO - Sync 1 DAGs
[2023-09-30 23:46:54,585] {logging_mixin.py:104} INFO - [2023-09-30 23:46:54,578] {dag.py:2280} INFO - Setting next_dagrun for example_bash_operator to 2023-09-28 00:00:00+00:00
[2023-09-30 23:46:54,696] {scheduler_job.py:190} INFO - Processing /home/airflow/.local/lib/python3.6/site-packages/airflow/example_dags/example_bash_operator.py took 0.927 seconds
[2023-09-30 23:47:24,829] {scheduler_job.py:182} INFO - Started process (PID=351) to work on /home/airflow/.local/lib/python3.6/site-packages/airflow/example_dags/example_bash_operator.py
[2023-09-30 23:47:24,839] {scheduler_job.py:629} INFO - Processing file /home/airflow/.local/lib/python3.6/site-packages/airflow/example_dags/example_bash_operator.py for tasks to queue
[2023-09-30 23:47:24,851] {logging_mixin.py:104} INFO - [2023-09-30 23:47:24,850] {dagbag.py:451} INFO - Filling up the DagBag from /home/airflow/.local/lib/python3.6/site-packages/airflow/example_dags/example_bash_operator.py
[2023-09-30 23:47:24,948] {scheduler_job.py:639} INFO - DAG(s) dict_keys(['example_bash_operator']) retrieved from /home/airflow/.local/lib/python3.6/site-packages/airflow/example_dags/example_bash_operator.py
[2023-09-30 23:47:25,101] {logging_mixin.py:104} INFO - [2023-09-30 23:47:25,100] {dag.py:1824} INFO - Sync 1 DAGs
[2023-09-30 23:47:25,314] {logging_mixin.py:104} INFO - [2023-09-30 23:47:25,313] {dag.py:2280} INFO - Setting next_dagrun for example_bash_operator to 2023-09-28 00:00:00+00:00
[2023-09-30 23:47:25,378] {scheduler_job.py:190} INFO - Processing /home/airflow/.local/lib/python3.6/site-packages/airflow/example_dags/example_bash_operator.py took 0.565 seconds
[2023-09-30 23:47:55,595] {scheduler_job.py:182} INFO - Started process (PID=403) to work on /home/airflow/.local/lib/python3.6/site-packages/airflow/example_dags/example_bash_operator.py
[2023-09-30 23:47:55,602] {scheduler_job.py:629} INFO - Processing file /home/airflow/.local/lib/python3.6/site-packages/airflow/example_dags/example_bash_operator.py for tasks to queue
[2023-09-30 23:47:55,606] {logging_mixin.py:104} INFO - [2023-09-30 23:47:55,606] {dagbag.py:451} INFO - Filling up the DagBag from /home/airflow/.local/lib/python3.6/site-packages/airflow/example_dags/example_bash_operator.py
[2023-09-30 23:47:55,675] {scheduler_job.py:639} INFO - DAG(s) dict_keys(['example_bash_operator']) retrieved from /home/airflow/.local/lib/python3.6/site-packages/airflow/example_dags/example_bash_operator.py
[2023-09-30 23:47:55,763] {logging_mixin.py:104} INFO - [2023-09-30 23:47:55,762] {dag.py:1824} INFO - Sync 1 DAGs
[2023-09-30 23:47:55,935] {logging_mixin.py:104} INFO - [2023-09-30 23:47:55,934] {dag.py:2280} INFO - Setting next_dagrun for example_bash_operator to 2023-09-28 00:00:00+00:00
[2023-09-30 23:47:55,994] {scheduler_job.py:190} INFO - Processing /home/airflow/.local/lib/python3.6/site-packages/airflow/example_dags/example_bash_operator.py took 0.411 seconds
[2023-09-30 23:48:26,100] {scheduler_job.py:182} INFO - Started process (PID=455) to work on /home/airflow/.local/lib/python3.6/site-packages/airflow/example_dags/example_bash_operator.py
[2023-09-30 23:48:26,105] {scheduler_job.py:629} INFO - Processing file /home/airflow/.local/lib/python3.6/site-packages/airflow/example_dags/example_bash_operator.py for tasks to queue
[2023-09-30 23:48:26,109] {logging_mixin.py:104} INFO - [2023-09-30 23:48:26,108] {dagbag.py:451} INFO - Filling up the DagBag from /home/airflow/.local/lib/python3.6/site-packages/airflow/example_dags/example_bash_operator.py
[2023-09-30 23:48:26,169] {scheduler_job.py:639} INFO - DAG(s) dict_keys(['example_bash_operator']) retrieved from /home/airflow/.local/lib/python3.6/site-packages/airflow/example_dags/example_bash_operator.py
[2023-09-30 23:48:26,261] {logging_mixin.py:104} INFO - [2023-09-30 23:48:26,260] {dag.py:1824} INFO - Sync 1 DAGs
[2023-09-30 23:48:26,392] {logging_mixin.py:104} INFO - [2023-09-30 23:48:26,392] {dag.py:2280} INFO - Setting next_dagrun for example_bash_operator to 2023-09-28 00:00:00+00:00
[2023-09-30 23:48:26,434] {scheduler_job.py:190} INFO - Processing /home/airflow/.local/lib/python3.6/site-packages/airflow/example_dags/example_bash_operator.py took 0.343 seconds
[2023-09-30 23:48:56,658] {scheduler_job.py:182} INFO - Started process (PID=507) to work on /home/airflow/.local/lib/python3.6/site-packages/airflow/example_dags/example_bash_operator.py
[2023-09-30 23:48:56,664] {scheduler_job.py:629} INFO - Processing file /home/airflow/.local/lib/python3.6/site-packages/airflow/example_dags/example_bash_operator.py for tasks to queue
[2023-09-30 23:48:56,667] {logging_mixin.py:104} INFO - [2023-09-30 23:48:56,667] {dagbag.py:451} INFO - Filling up the DagBag from /home/airflow/.local/lib/python3.6/site-packages/airflow/example_dags/example_bash_operator.py
[2023-09-30 23:48:56,727] {scheduler_job.py:639} INFO - DAG(s) dict_keys(['example_bash_operator']) retrieved from /home/airflow/.local/lib/python3.6/site-packages/airflow/example_dags/example_bash_operator.py
[2023-09-30 23:48:56,808] {logging_mixin.py:104} INFO - [2023-09-30 23:48:56,808] {dag.py:1824} INFO - Sync 1 DAGs
[2023-09-30 23:48:56,924] {logging_mixin.py:104} INFO - [2023-09-30 23:48:56,923] {dag.py:2280} INFO - Setting next_dagrun for example_bash_operator to 2023-09-28 00:00:00+00:00
[2023-09-30 23:48:56,962] {scheduler_job.py:190} INFO - Processing /home/airflow/.local/lib/python3.6/site-packages/airflow/example_dags/example_bash_operator.py took 0.313 seconds
[2023-09-30 23:49:27,055] {scheduler_job.py:182} INFO - Started process (PID=559) to work on /home/airflow/.local/lib/python3.6/site-packages/airflow/example_dags/example_bash_operator.py
[2023-09-30 23:49:27,061] {scheduler_job.py:629} INFO - Processing file /home/airflow/.local/lib/python3.6/site-packages/airflow/example_dags/example_bash_operator.py for tasks to queue
[2023-09-30 23:49:27,065] {logging_mixin.py:104} INFO - [2023-09-30 23:49:27,065] {dagbag.py:451} INFO - Filling up the DagBag from /home/airflow/.local/lib/python3.6/site-packages/airflow/example_dags/example_bash_operator.py
[2023-09-30 23:49:27,127] {scheduler_job.py:639} INFO - DAG(s) dict_keys(['example_bash_operator']) retrieved from /home/airflow/.local/lib/python3.6/site-packages/airflow/example_dags/example_bash_operator.py
[2023-09-30 23:49:27,208] {logging_mixin.py:104} INFO - [2023-09-30 23:49:27,208] {dag.py:1824} INFO - Sync 1 DAGs
[2023-09-30 23:49:27,320] {logging_mixin.py:104} INFO - [2023-09-30 23:49:27,319] {dag.py:2280} INFO - Setting next_dagrun for example_bash_operator to 2023-09-28 00:00:00+00:00
[2023-09-30 23:49:27,355] {scheduler_job.py:190} INFO - Processing /home/airflow/.local/lib/python3.6/site-packages/airflow/example_dags/example_bash_operator.py took 0.309 seconds
[2023-09-30 23:49:57,653] {scheduler_job.py:182} INFO - Started process (PID=611) to work on /home/airflow/.local/lib/python3.6/site-packages/airflow/example_dags/example_bash_operator.py
[2023-09-30 23:49:57,663] {scheduler_job.py:629} INFO - Processing file /home/airflow/.local/lib/python3.6/site-packages/airflow/example_dags/example_bash_operator.py for tasks to queue
[2023-09-30 23:49:57,672] {logging_mixin.py:104} INFO - [2023-09-30 23:49:57,672] {dagbag.py:451} INFO - Filling up the DagBag from /home/airflow/.local/lib/python3.6/site-packages/airflow/example_dags/example_bash_operator.py
[2023-09-30 23:49:57,786] {scheduler_job.py:639} INFO - DAG(s) dict_keys(['example_bash_operator']) retrieved from /home/airflow/.local/lib/python3.6/site-packages/airflow/example_dags/example_bash_operator.py
[2023-09-30 23:49:57,926] {logging_mixin.py:104} INFO - [2023-09-30 23:49:57,925] {dag.py:1824} INFO - Sync 1 DAGs
[2023-09-30 23:49:58,081] {logging_mixin.py:104} INFO - [2023-09-30 23:49:58,080] {dag.py:2280} INFO - Setting next_dagrun for example_bash_operator to 2023-09-28 00:00:00+00:00
[2023-09-30 23:49:58,123] {scheduler_job.py:190} INFO - Processing /home/airflow/.local/lib/python3.6/site-packages/airflow/example_dags/example_bash_operator.py took 0.498 seconds
[2023-09-30 23:50:29,074] {scheduler_job.py:182} INFO - Started process (PID=663) to work on /home/airflow/.local/lib/python3.6/site-packages/airflow/example_dags/example_bash_operator.py
[2023-09-30 23:50:29,080] {scheduler_job.py:629} INFO - Processing file /home/airflow/.local/lib/python3.6/site-packages/airflow/example_dags/example_bash_operator.py for tasks to queue
[2023-09-30 23:50:29,084] {logging_mixin.py:104} INFO - [2023-09-30 23:50:29,083] {dagbag.py:451} INFO - Filling up the DagBag from /home/airflow/.local/lib/python3.6/site-packages/airflow/example_dags/example_bash_operator.py
[2023-09-30 23:50:29,160] {scheduler_job.py:639} INFO - DAG(s) dict_keys(['example_bash_operator']) retrieved from /home/airflow/.local/lib/python3.6/site-packages/airflow/example_dags/example_bash_operator.py
[2023-09-30 23:50:29,243] {logging_mixin.py:104} INFO - [2023-09-30 23:50:29,242] {dag.py:1824} INFO - Sync 1 DAGs
[2023-09-30 23:50:29,371] {logging_mixin.py:104} INFO - [2023-09-30 23:50:29,370] {dag.py:2280} INFO - Setting next_dagrun for example_bash_operator to 2023-09-28 00:00:00+00:00
[2023-09-30 23:50:29,417] {scheduler_job.py:190} INFO - Processing /home/airflow/.local/lib/python3.6/site-packages/airflow/example_dags/example_bash_operator.py took 0.355 seconds
[2023-09-30 23:50:59,798] {scheduler_job.py:182} INFO - Started process (PID=717) to work on /home/airflow/.local/lib/python3.6/site-packages/airflow/example_dags/example_bash_operator.py
[2023-09-30 23:50:59,805] {scheduler_job.py:629} INFO - Processing file /home/airflow/.local/lib/python3.6/site-packages/airflow/example_dags/example_bash_operator.py for tasks to queue
[2023-09-30 23:50:59,810] {logging_mixin.py:104} INFO - [2023-09-30 23:50:59,809] {dagbag.py:451} INFO - Filling up the DagBag from /home/airflow/.local/lib/python3.6/site-packages/airflow/example_dags/example_bash_operator.py
[2023-09-30 23:50:59,883] {scheduler_job.py:639} INFO - DAG(s) dict_keys(['example_bash_operator']) retrieved from /home/airflow/.local/lib/python3.6/site-packages/airflow/example_dags/example_bash_operator.py
[2023-09-30 23:50:59,956] {logging_mixin.py:104} INFO - [2023-09-30 23:50:59,955] {dag.py:1824} INFO - Sync 1 DAGs
[2023-09-30 23:51:00,067] {logging_mixin.py:104} INFO - [2023-09-30 23:51:00,066] {dag.py:2280} INFO - Setting next_dagrun for example_bash_operator to 2023-09-28 00:00:00+00:00
[2023-09-30 23:51:00,103] {scheduler_job.py:190} INFO - Processing /home/airflow/.local/lib/python3.6/site-packages/airflow/example_dags/example_bash_operator.py took 0.315 seconds
