[2023-09-30 23:34:06,147] {scheduler_job.py:182} INFO - Started process (PID=109) to work on /home/airflow/.local/lib/python3.6/site-packages/airflow/example_dags/example_latest_only.py
[2023-09-30 23:34:06,167] {scheduler_job.py:629} INFO - Processing file /home/airflow/.local/lib/python3.6/site-packages/airflow/example_dags/example_latest_only.py for tasks to queue
[2023-09-30 23:34:06,180] {logging_mixin.py:104} INFO - [2023-09-30 23:34:06,179] {dagbag.py:451} INFO - Filling up the DagBag from /home/airflow/.local/lib/python3.6/site-packages/airflow/example_dags/example_latest_only.py
[2023-09-30 23:34:06,288] {scheduler_job.py:639} INFO - DAG(s) dict_keys(['latest_only']) retrieved from /home/airflow/.local/lib/python3.6/site-packages/airflow/example_dags/example_latest_only.py
[2023-09-30 23:34:06,446] {logging_mixin.py:104} INFO - [2023-09-30 23:34:06,445] {dag.py:1824} INFO - Sync 1 DAGs
[2023-09-30 23:34:06,575] {logging_mixin.py:104} INFO - [2023-09-30 23:34:06,574] {dag.py:1843} INFO - Creating ORM DAG for latest_only
[2023-09-30 23:34:06,655] {logging_mixin.py:104} INFO - [2023-09-30 23:34:06,653] {dag.py:2280} INFO - Setting next_dagrun for latest_only to 2023-09-28 00:00:00+00:00
[2023-09-30 23:34:06,893] {scheduler_job.py:190} INFO - Processing /home/airflow/.local/lib/python3.6/site-packages/airflow/example_dags/example_latest_only.py took 0.786 seconds
[2023-09-30 23:34:37,426] {scheduler_job.py:182} INFO - Started process (PID=161) to work on /home/airflow/.local/lib/python3.6/site-packages/airflow/example_dags/example_latest_only.py
[2023-09-30 23:34:37,437] {scheduler_job.py:629} INFO - Processing file /home/airflow/.local/lib/python3.6/site-packages/airflow/example_dags/example_latest_only.py for tasks to queue
[2023-09-30 23:34:37,442] {logging_mixin.py:104} INFO - [2023-09-30 23:34:37,442] {dagbag.py:451} INFO - Filling up the DagBag from /home/airflow/.local/lib/python3.6/site-packages/airflow/example_dags/example_latest_only.py
[2023-09-30 23:34:37,511] {scheduler_job.py:639} INFO - DAG(s) dict_keys(['latest_only']) retrieved from /home/airflow/.local/lib/python3.6/site-packages/airflow/example_dags/example_latest_only.py
[2023-09-30 23:34:37,721] {logging_mixin.py:104} INFO - [2023-09-30 23:34:37,718] {dag.py:1824} INFO - Sync 1 DAGs
[2023-09-30 23:34:37,921] {logging_mixin.py:104} INFO - [2023-09-30 23:34:37,920] {dag.py:2280} INFO - Setting next_dagrun for latest_only to 2023-09-28 00:00:00+00:00
[2023-09-30 23:34:37,994] {scheduler_job.py:190} INFO - Processing /home/airflow/.local/lib/python3.6/site-packages/airflow/example_dags/example_latest_only.py took 0.586 seconds
[2023-09-30 23:35:08,253] {scheduler_job.py:182} INFO - Started process (PID=213) to work on /home/airflow/.local/lib/python3.6/site-packages/airflow/example_dags/example_latest_only.py
[2023-09-30 23:35:08,265] {scheduler_job.py:629} INFO - Processing file /home/airflow/.local/lib/python3.6/site-packages/airflow/example_dags/example_latest_only.py for tasks to queue
[2023-09-30 23:35:08,271] {logging_mixin.py:104} INFO - [2023-09-30 23:35:08,270] {dagbag.py:451} INFO - Filling up the DagBag from /home/airflow/.local/lib/python3.6/site-packages/airflow/example_dags/example_latest_only.py
[2023-09-30 23:35:08,353] {scheduler_job.py:639} INFO - DAG(s) dict_keys(['latest_only']) retrieved from /home/airflow/.local/lib/python3.6/site-packages/airflow/example_dags/example_latest_only.py
[2023-09-30 23:35:08,463] {logging_mixin.py:104} INFO - [2023-09-30 23:35:08,462] {dag.py:1824} INFO - Sync 1 DAGs
[2023-09-30 23:35:08,560] {logging_mixin.py:104} INFO - [2023-09-30 23:35:08,560] {dag.py:2280} INFO - Setting next_dagrun for latest_only to 2023-09-28 00:00:00+00:00
[2023-09-30 23:35:08,608] {scheduler_job.py:190} INFO - Processing /home/airflow/.local/lib/python3.6/site-packages/airflow/example_dags/example_latest_only.py took 0.372 seconds
[2023-09-30 23:35:39,586] {scheduler_job.py:182} INFO - Started process (PID=265) to work on /home/airflow/.local/lib/python3.6/site-packages/airflow/example_dags/example_latest_only.py
[2023-09-30 23:35:39,603] {scheduler_job.py:629} INFO - Processing file /home/airflow/.local/lib/python3.6/site-packages/airflow/example_dags/example_latest_only.py for tasks to queue
[2023-09-30 23:35:39,623] {logging_mixin.py:104} INFO - [2023-09-30 23:35:39,622] {dagbag.py:451} INFO - Filling up the DagBag from /home/airflow/.local/lib/python3.6/site-packages/airflow/example_dags/example_latest_only.py
[2023-09-30 23:35:40,068] {scheduler_job.py:639} INFO - DAG(s) dict_keys(['latest_only']) retrieved from /home/airflow/.local/lib/python3.6/site-packages/airflow/example_dags/example_latest_only.py
[2023-09-30 23:35:40,416] {logging_mixin.py:104} INFO - [2023-09-30 23:35:40,415] {dag.py:1824} INFO - Sync 1 DAGs
[2023-09-30 23:35:40,791] {logging_mixin.py:104} INFO - [2023-09-30 23:35:40,788] {dag.py:2280} INFO - Setting next_dagrun for latest_only to 2023-09-28 00:00:00+00:00
[2023-09-30 23:35:40,975] {scheduler_job.py:190} INFO - Processing /home/airflow/.local/lib/python3.6/site-packages/airflow/example_dags/example_latest_only.py took 1.432 seconds
[2023-09-30 23:36:11,301] {scheduler_job.py:182} INFO - Started process (PID=317) to work on /home/airflow/.local/lib/python3.6/site-packages/airflow/example_dags/example_latest_only.py
[2023-09-30 23:36:11,313] {scheduler_job.py:629} INFO - Processing file /home/airflow/.local/lib/python3.6/site-packages/airflow/example_dags/example_latest_only.py for tasks to queue
[2023-09-30 23:36:11,320] {logging_mixin.py:104} INFO - [2023-09-30 23:36:11,319] {dagbag.py:451} INFO - Filling up the DagBag from /home/airflow/.local/lib/python3.6/site-packages/airflow/example_dags/example_latest_only.py
[2023-09-30 23:36:11,426] {scheduler_job.py:639} INFO - DAG(s) dict_keys(['latest_only']) retrieved from /home/airflow/.local/lib/python3.6/site-packages/airflow/example_dags/example_latest_only.py
[2023-09-30 23:36:11,560] {logging_mixin.py:104} INFO - [2023-09-30 23:36:11,559] {dag.py:1824} INFO - Sync 1 DAGs
[2023-09-30 23:36:11,694] {logging_mixin.py:104} INFO - [2023-09-30 23:36:11,693] {dag.py:2280} INFO - Setting next_dagrun for latest_only to 2023-09-28 00:00:00+00:00
[2023-09-30 23:36:11,753] {scheduler_job.py:190} INFO - Processing /home/airflow/.local/lib/python3.6/site-packages/airflow/example_dags/example_latest_only.py took 0.483 seconds
[2023-09-30 23:37:05,906] {scheduler_job.py:182} INFO - Started process (PID=102) to work on /home/airflow/.local/lib/python3.6/site-packages/airflow/example_dags/example_latest_only.py
[2023-09-30 23:37:05,912] {scheduler_job.py:629} INFO - Processing file /home/airflow/.local/lib/python3.6/site-packages/airflow/example_dags/example_latest_only.py for tasks to queue
[2023-09-30 23:37:05,917] {logging_mixin.py:104} INFO - [2023-09-30 23:37:05,917] {dagbag.py:451} INFO - Filling up the DagBag from /home/airflow/.local/lib/python3.6/site-packages/airflow/example_dags/example_latest_only.py
[2023-09-30 23:37:05,975] {scheduler_job.py:639} INFO - DAG(s) dict_keys(['latest_only']) retrieved from /home/airflow/.local/lib/python3.6/site-packages/airflow/example_dags/example_latest_only.py
[2023-09-30 23:37:06,070] {logging_mixin.py:104} INFO - [2023-09-30 23:37:06,069] {dag.py:1824} INFO - Sync 1 DAGs
[2023-09-30 23:37:06,163] {logging_mixin.py:104} INFO - [2023-09-30 23:37:06,162] {dag.py:2280} INFO - Setting next_dagrun for latest_only to 2023-09-28 00:00:00+00:00
[2023-09-30 23:37:06,223] {scheduler_job.py:190} INFO - Processing /home/airflow/.local/lib/python3.6/site-packages/airflow/example_dags/example_latest_only.py took 0.329 seconds
[2023-09-30 23:37:36,678] {scheduler_job.py:182} INFO - Started process (PID=152) to work on /home/airflow/.local/lib/python3.6/site-packages/airflow/example_dags/example_latest_only.py
[2023-09-30 23:37:36,685] {scheduler_job.py:629} INFO - Processing file /home/airflow/.local/lib/python3.6/site-packages/airflow/example_dags/example_latest_only.py for tasks to queue
[2023-09-30 23:37:36,690] {logging_mixin.py:104} INFO - [2023-09-30 23:37:36,689] {dagbag.py:451} INFO - Filling up the DagBag from /home/airflow/.local/lib/python3.6/site-packages/airflow/example_dags/example_latest_only.py
[2023-09-30 23:37:36,749] {scheduler_job.py:639} INFO - DAG(s) dict_keys(['latest_only']) retrieved from /home/airflow/.local/lib/python3.6/site-packages/airflow/example_dags/example_latest_only.py
[2023-09-30 23:37:36,858] {logging_mixin.py:104} INFO - [2023-09-30 23:37:36,857] {dag.py:1824} INFO - Sync 1 DAGs
[2023-09-30 23:37:36,951] {logging_mixin.py:104} INFO - [2023-09-30 23:37:36,950] {dag.py:2280} INFO - Setting next_dagrun for latest_only to 2023-09-28 00:00:00+00:00
[2023-09-30 23:37:37,011] {scheduler_job.py:190} INFO - Processing /home/airflow/.local/lib/python3.6/site-packages/airflow/example_dags/example_latest_only.py took 0.345 seconds
[2023-09-30 23:38:07,351] {scheduler_job.py:182} INFO - Started process (PID=202) to work on /home/airflow/.local/lib/python3.6/site-packages/airflow/example_dags/example_latest_only.py
[2023-09-30 23:38:07,359] {scheduler_job.py:629} INFO - Processing file /home/airflow/.local/lib/python3.6/site-packages/airflow/example_dags/example_latest_only.py for tasks to queue
[2023-09-30 23:38:07,366] {logging_mixin.py:104} INFO - [2023-09-30 23:38:07,365] {dagbag.py:451} INFO - Filling up the DagBag from /home/airflow/.local/lib/python3.6/site-packages/airflow/example_dags/example_latest_only.py
[2023-09-30 23:38:07,438] {scheduler_job.py:639} INFO - DAG(s) dict_keys(['latest_only']) retrieved from /home/airflow/.local/lib/python3.6/site-packages/airflow/example_dags/example_latest_only.py
[2023-09-30 23:38:07,557] {logging_mixin.py:104} INFO - [2023-09-30 23:38:07,556] {dag.py:1824} INFO - Sync 1 DAGs
[2023-09-30 23:38:07,656] {logging_mixin.py:104} INFO - [2023-09-30 23:38:07,655] {dag.py:2280} INFO - Setting next_dagrun for latest_only to 2023-09-28 00:00:00+00:00
[2023-09-30 23:38:07,703] {scheduler_job.py:190} INFO - Processing /home/airflow/.local/lib/python3.6/site-packages/airflow/example_dags/example_latest_only.py took 0.365 seconds
[2023-09-30 23:38:38,428] {scheduler_job.py:182} INFO - Started process (PID=254) to work on /home/airflow/.local/lib/python3.6/site-packages/airflow/example_dags/example_latest_only.py
[2023-09-30 23:38:38,438] {scheduler_job.py:629} INFO - Processing file /home/airflow/.local/lib/python3.6/site-packages/airflow/example_dags/example_latest_only.py for tasks to queue
[2023-09-30 23:38:38,443] {logging_mixin.py:104} INFO - [2023-09-30 23:38:38,442] {dagbag.py:451} INFO - Filling up the DagBag from /home/airflow/.local/lib/python3.6/site-packages/airflow/example_dags/example_latest_only.py
[2023-09-30 23:38:38,526] {scheduler_job.py:639} INFO - DAG(s) dict_keys(['latest_only']) retrieved from /home/airflow/.local/lib/python3.6/site-packages/airflow/example_dags/example_latest_only.py
[2023-09-30 23:38:38,632] {logging_mixin.py:104} INFO - [2023-09-30 23:38:38,631] {dag.py:1824} INFO - Sync 1 DAGs
[2023-09-30 23:38:38,724] {logging_mixin.py:104} INFO - [2023-09-30 23:38:38,723] {dag.py:2280} INFO - Setting next_dagrun for latest_only to 2023-09-28 00:00:00+00:00
[2023-09-30 23:38:38,775] {scheduler_job.py:190} INFO - Processing /home/airflow/.local/lib/python3.6/site-packages/airflow/example_dags/example_latest_only.py took 0.362 seconds
[2023-09-30 23:39:09,476] {scheduler_job.py:182} INFO - Started process (PID=304) to work on /home/airflow/.local/lib/python3.6/site-packages/airflow/example_dags/example_latest_only.py
[2023-09-30 23:39:09,483] {scheduler_job.py:629} INFO - Processing file /home/airflow/.local/lib/python3.6/site-packages/airflow/example_dags/example_latest_only.py for tasks to queue
[2023-09-30 23:39:09,488] {logging_mixin.py:104} INFO - [2023-09-30 23:39:09,487] {dagbag.py:451} INFO - Filling up the DagBag from /home/airflow/.local/lib/python3.6/site-packages/airflow/example_dags/example_latest_only.py
[2023-09-30 23:39:09,546] {scheduler_job.py:639} INFO - DAG(s) dict_keys(['latest_only']) retrieved from /home/airflow/.local/lib/python3.6/site-packages/airflow/example_dags/example_latest_only.py
[2023-09-30 23:39:09,642] {logging_mixin.py:104} INFO - [2023-09-30 23:39:09,641] {dag.py:1824} INFO - Sync 1 DAGs
[2023-09-30 23:39:09,723] {logging_mixin.py:104} INFO - [2023-09-30 23:39:09,722] {dag.py:2280} INFO - Setting next_dagrun for latest_only to 2023-09-28 00:00:00+00:00
[2023-09-30 23:39:09,767] {scheduler_job.py:190} INFO - Processing /home/airflow/.local/lib/python3.6/site-packages/airflow/example_dags/example_latest_only.py took 0.303 seconds
[2023-09-30 23:39:40,066] {scheduler_job.py:182} INFO - Started process (PID=356) to work on /home/airflow/.local/lib/python3.6/site-packages/airflow/example_dags/example_latest_only.py
[2023-09-30 23:39:40,076] {scheduler_job.py:629} INFO - Processing file /home/airflow/.local/lib/python3.6/site-packages/airflow/example_dags/example_latest_only.py for tasks to queue
[2023-09-30 23:39:40,082] {logging_mixin.py:104} INFO - [2023-09-30 23:39:40,081] {dagbag.py:451} INFO - Filling up the DagBag from /home/airflow/.local/lib/python3.6/site-packages/airflow/example_dags/example_latest_only.py
[2023-09-30 23:39:40,136] {scheduler_job.py:639} INFO - DAG(s) dict_keys(['latest_only']) retrieved from /home/airflow/.local/lib/python3.6/site-packages/airflow/example_dags/example_latest_only.py
[2023-09-30 23:39:40,226] {logging_mixin.py:104} INFO - [2023-09-30 23:39:40,225] {dag.py:1824} INFO - Sync 1 DAGs
[2023-09-30 23:39:40,313] {logging_mixin.py:104} INFO - [2023-09-30 23:39:40,312] {dag.py:2280} INFO - Setting next_dagrun for latest_only to 2023-09-28 00:00:00+00:00
[2023-09-30 23:39:40,362] {scheduler_job.py:190} INFO - Processing /home/airflow/.local/lib/python3.6/site-packages/airflow/example_dags/example_latest_only.py took 0.309 seconds
[2023-09-30 23:40:10,662] {scheduler_job.py:182} INFO - Started process (PID=405) to work on /home/airflow/.local/lib/python3.6/site-packages/airflow/example_dags/example_latest_only.py
[2023-09-30 23:40:10,684] {scheduler_job.py:629} INFO - Processing file /home/airflow/.local/lib/python3.6/site-packages/airflow/example_dags/example_latest_only.py for tasks to queue
[2023-09-30 23:40:10,695] {logging_mixin.py:104} INFO - [2023-09-30 23:40:10,694] {dagbag.py:451} INFO - Filling up the DagBag from /home/airflow/.local/lib/python3.6/site-packages/airflow/example_dags/example_latest_only.py
[2023-09-30 23:40:10,772] {scheduler_job.py:639} INFO - DAG(s) dict_keys(['latest_only']) retrieved from /home/airflow/.local/lib/python3.6/site-packages/airflow/example_dags/example_latest_only.py
[2023-09-30 23:40:10,877] {logging_mixin.py:104} INFO - [2023-09-30 23:40:10,877] {dag.py:1824} INFO - Sync 1 DAGs
[2023-09-30 23:40:11,019] {logging_mixin.py:104} INFO - [2023-09-30 23:40:11,018] {dag.py:2280} INFO - Setting next_dagrun for latest_only to 2023-09-28 00:00:00+00:00
[2023-09-30 23:40:11,091] {scheduler_job.py:190} INFO - Processing /home/airflow/.local/lib/python3.6/site-packages/airflow/example_dags/example_latest_only.py took 0.466 seconds
[2023-09-30 23:40:41,488] {scheduler_job.py:182} INFO - Started process (PID=456) to work on /home/airflow/.local/lib/python3.6/site-packages/airflow/example_dags/example_latest_only.py
[2023-09-30 23:40:41,496] {scheduler_job.py:629} INFO - Processing file /home/airflow/.local/lib/python3.6/site-packages/airflow/example_dags/example_latest_only.py for tasks to queue
[2023-09-30 23:40:41,502] {logging_mixin.py:104} INFO - [2023-09-30 23:40:41,502] {dagbag.py:451} INFO - Filling up the DagBag from /home/airflow/.local/lib/python3.6/site-packages/airflow/example_dags/example_latest_only.py
[2023-09-30 23:40:41,571] {scheduler_job.py:639} INFO - DAG(s) dict_keys(['latest_only']) retrieved from /home/airflow/.local/lib/python3.6/site-packages/airflow/example_dags/example_latest_only.py
[2023-09-30 23:40:41,665] {logging_mixin.py:104} INFO - [2023-09-30 23:40:41,664] {dag.py:1824} INFO - Sync 1 DAGs
[2023-09-30 23:40:41,761] {logging_mixin.py:104} INFO - [2023-09-30 23:40:41,759] {dag.py:2280} INFO - Setting next_dagrun for latest_only to 2023-09-28 00:00:00+00:00
[2023-09-30 23:40:41,821] {scheduler_job.py:190} INFO - Processing /home/airflow/.local/lib/python3.6/site-packages/airflow/example_dags/example_latest_only.py took 0.359 seconds
[2023-09-30 23:44:55,549] {scheduler_job.py:182} INFO - Started process (PID=109) to work on /home/airflow/.local/lib/python3.6/site-packages/airflow/example_dags/example_latest_only.py
[2023-09-30 23:44:55,565] {scheduler_job.py:629} INFO - Processing file /home/airflow/.local/lib/python3.6/site-packages/airflow/example_dags/example_latest_only.py for tasks to queue
[2023-09-30 23:44:55,574] {logging_mixin.py:104} INFO - [2023-09-30 23:44:55,573] {dagbag.py:451} INFO - Filling up the DagBag from /home/airflow/.local/lib/python3.6/site-packages/airflow/example_dags/example_latest_only.py
[2023-09-30 23:44:55,695] {scheduler_job.py:639} INFO - DAG(s) dict_keys(['latest_only']) retrieved from /home/airflow/.local/lib/python3.6/site-packages/airflow/example_dags/example_latest_only.py
[2023-09-30 23:44:55,824] {logging_mixin.py:104} INFO - [2023-09-30 23:44:55,823] {dag.py:1824} INFO - Sync 1 DAGs
[2023-09-30 23:44:55,967] {logging_mixin.py:104} INFO - [2023-09-30 23:44:55,965] {dag.py:2280} INFO - Setting next_dagrun for latest_only to 2023-09-28 00:00:00+00:00
[2023-09-30 23:44:56,045] {scheduler_job.py:190} INFO - Processing /home/airflow/.local/lib/python3.6/site-packages/airflow/example_dags/example_latest_only.py took 0.524 seconds
[2023-09-30 23:45:26,302] {scheduler_job.py:182} INFO - Started process (PID=159) to work on /home/airflow/.local/lib/python3.6/site-packages/airflow/example_dags/example_latest_only.py
[2023-09-30 23:45:26,314] {scheduler_job.py:629} INFO - Processing file /home/airflow/.local/lib/python3.6/site-packages/airflow/example_dags/example_latest_only.py for tasks to queue
[2023-09-30 23:45:26,320] {logging_mixin.py:104} INFO - [2023-09-30 23:45:26,320] {dagbag.py:451} INFO - Filling up the DagBag from /home/airflow/.local/lib/python3.6/site-packages/airflow/example_dags/example_latest_only.py
[2023-09-30 23:45:26,434] {scheduler_job.py:639} INFO - DAG(s) dict_keys(['latest_only']) retrieved from /home/airflow/.local/lib/python3.6/site-packages/airflow/example_dags/example_latest_only.py
[2023-09-30 23:45:26,547] {logging_mixin.py:104} INFO - [2023-09-30 23:45:26,546] {dag.py:1824} INFO - Sync 1 DAGs
[2023-09-30 23:45:26,627] {logging_mixin.py:104} INFO - [2023-09-30 23:45:26,627] {dag.py:2280} INFO - Setting next_dagrun for latest_only to 2023-09-28 00:00:00+00:00
[2023-09-30 23:45:26,711] {scheduler_job.py:190} INFO - Processing /home/airflow/.local/lib/python3.6/site-packages/airflow/example_dags/example_latest_only.py took 0.435 seconds
[2023-09-30 23:45:56,768] {scheduler_job.py:182} INFO - Started process (PID=211) to work on /home/airflow/.local/lib/python3.6/site-packages/airflow/example_dags/example_latest_only.py
[2023-09-30 23:45:56,774] {scheduler_job.py:629} INFO - Processing file /home/airflow/.local/lib/python3.6/site-packages/airflow/example_dags/example_latest_only.py for tasks to queue
[2023-09-30 23:45:56,777] {logging_mixin.py:104} INFO - [2023-09-30 23:45:56,777] {dagbag.py:451} INFO - Filling up the DagBag from /home/airflow/.local/lib/python3.6/site-packages/airflow/example_dags/example_latest_only.py
[2023-09-30 23:45:56,826] {scheduler_job.py:639} INFO - DAG(s) dict_keys(['latest_only']) retrieved from /home/airflow/.local/lib/python3.6/site-packages/airflow/example_dags/example_latest_only.py
[2023-09-30 23:45:56,907] {logging_mixin.py:104} INFO - [2023-09-30 23:45:56,907] {dag.py:1824} INFO - Sync 1 DAGs
[2023-09-30 23:45:57,008] {logging_mixin.py:104} INFO - [2023-09-30 23:45:57,007] {dag.py:2280} INFO - Setting next_dagrun for latest_only to 2023-09-28 00:00:00+00:00
[2023-09-30 23:45:57,054] {scheduler_job.py:190} INFO - Processing /home/airflow/.local/lib/python3.6/site-packages/airflow/example_dags/example_latest_only.py took 0.296 seconds
[2023-09-30 23:46:27,626] {scheduler_job.py:182} INFO - Started process (PID=263) to work on /home/airflow/.local/lib/python3.6/site-packages/airflow/example_dags/example_latest_only.py
[2023-09-30 23:46:27,646] {scheduler_job.py:629} INFO - Processing file /home/airflow/.local/lib/python3.6/site-packages/airflow/example_dags/example_latest_only.py for tasks to queue
[2023-09-30 23:46:27,677] {logging_mixin.py:104} INFO - [2023-09-30 23:46:27,676] {dagbag.py:451} INFO - Filling up the DagBag from /home/airflow/.local/lib/python3.6/site-packages/airflow/example_dags/example_latest_only.py
[2023-09-30 23:46:27,896] {scheduler_job.py:639} INFO - DAG(s) dict_keys(['latest_only']) retrieved from /home/airflow/.local/lib/python3.6/site-packages/airflow/example_dags/example_latest_only.py
[2023-09-30 23:46:28,076] {logging_mixin.py:104} INFO - [2023-09-30 23:46:28,076] {dag.py:1824} INFO - Sync 1 DAGs
[2023-09-30 23:46:28,258] {logging_mixin.py:104} INFO - [2023-09-30 23:46:28,257] {dag.py:2280} INFO - Setting next_dagrun for latest_only to 2023-09-28 00:00:00+00:00
[2023-09-30 23:46:28,369] {scheduler_job.py:190} INFO - Processing /home/airflow/.local/lib/python3.6/site-packages/airflow/example_dags/example_latest_only.py took 0.808 seconds
[2023-09-30 23:46:58,637] {scheduler_job.py:182} INFO - Started process (PID=315) to work on /home/airflow/.local/lib/python3.6/site-packages/airflow/example_dags/example_latest_only.py
[2023-09-30 23:46:58,651] {scheduler_job.py:629} INFO - Processing file /home/airflow/.local/lib/python3.6/site-packages/airflow/example_dags/example_latest_only.py for tasks to queue
[2023-09-30 23:46:58,656] {logging_mixin.py:104} INFO - [2023-09-30 23:46:58,655] {dagbag.py:451} INFO - Filling up the DagBag from /home/airflow/.local/lib/python3.6/site-packages/airflow/example_dags/example_latest_only.py
[2023-09-30 23:46:58,756] {scheduler_job.py:639} INFO - DAG(s) dict_keys(['latest_only']) retrieved from /home/airflow/.local/lib/python3.6/site-packages/airflow/example_dags/example_latest_only.py
[2023-09-30 23:46:58,972] {logging_mixin.py:104} INFO - [2023-09-30 23:46:58,970] {dag.py:1824} INFO - Sync 1 DAGs
[2023-09-30 23:46:59,174] {logging_mixin.py:104} INFO - [2023-09-30 23:46:59,173] {dag.py:2280} INFO - Setting next_dagrun for latest_only to 2023-09-28 00:00:00+00:00
[2023-09-30 23:46:59,269] {scheduler_job.py:190} INFO - Processing /home/airflow/.local/lib/python3.6/site-packages/airflow/example_dags/example_latest_only.py took 0.655 seconds
[2023-09-30 23:47:29,510] {scheduler_job.py:182} INFO - Started process (PID=365) to work on /home/airflow/.local/lib/python3.6/site-packages/airflow/example_dags/example_latest_only.py
[2023-09-30 23:47:29,523] {scheduler_job.py:629} INFO - Processing file /home/airflow/.local/lib/python3.6/site-packages/airflow/example_dags/example_latest_only.py for tasks to queue
[2023-09-30 23:47:29,541] {logging_mixin.py:104} INFO - [2023-09-30 23:47:29,540] {dagbag.py:451} INFO - Filling up the DagBag from /home/airflow/.local/lib/python3.6/site-packages/airflow/example_dags/example_latest_only.py
[2023-09-30 23:47:29,655] {scheduler_job.py:639} INFO - DAG(s) dict_keys(['latest_only']) retrieved from /home/airflow/.local/lib/python3.6/site-packages/airflow/example_dags/example_latest_only.py
[2023-09-30 23:47:29,795] {logging_mixin.py:104} INFO - [2023-09-30 23:47:29,794] {dag.py:1824} INFO - Sync 1 DAGs
[2023-09-30 23:47:29,947] {logging_mixin.py:104} INFO - [2023-09-30 23:47:29,946] {dag.py:2280} INFO - Setting next_dagrun for latest_only to 2023-09-28 00:00:00+00:00
[2023-09-30 23:47:30,029] {scheduler_job.py:190} INFO - Processing /home/airflow/.local/lib/python3.6/site-packages/airflow/example_dags/example_latest_only.py took 0.540 seconds
[2023-09-30 23:48:00,107] {scheduler_job.py:182} INFO - Started process (PID=415) to work on /home/airflow/.local/lib/python3.6/site-packages/airflow/example_dags/example_latest_only.py
[2023-09-30 23:48:00,113] {scheduler_job.py:629} INFO - Processing file /home/airflow/.local/lib/python3.6/site-packages/airflow/example_dags/example_latest_only.py for tasks to queue
[2023-09-30 23:48:00,118] {logging_mixin.py:104} INFO - [2023-09-30 23:48:00,117] {dagbag.py:451} INFO - Filling up the DagBag from /home/airflow/.local/lib/python3.6/site-packages/airflow/example_dags/example_latest_only.py
[2023-09-30 23:48:00,237] {scheduler_job.py:639} INFO - DAG(s) dict_keys(['latest_only']) retrieved from /home/airflow/.local/lib/python3.6/site-packages/airflow/example_dags/example_latest_only.py
[2023-09-30 23:48:00,727] {logging_mixin.py:104} INFO - [2023-09-30 23:48:00,716] {dag.py:1824} INFO - Sync 1 DAGs
[2023-09-30 23:48:01,127] {logging_mixin.py:104} INFO - [2023-09-30 23:48:01,125] {dag.py:2280} INFO - Setting next_dagrun for latest_only to 2023-09-28 00:00:00+00:00
[2023-09-30 23:48:01,344] {scheduler_job.py:190} INFO - Processing /home/airflow/.local/lib/python3.6/site-packages/airflow/example_dags/example_latest_only.py took 1.249 seconds
[2023-09-30 23:48:31,721] {scheduler_job.py:182} INFO - Started process (PID=467) to work on /home/airflow/.local/lib/python3.6/site-packages/airflow/example_dags/example_latest_only.py
[2023-09-30 23:48:31,727] {scheduler_job.py:629} INFO - Processing file /home/airflow/.local/lib/python3.6/site-packages/airflow/example_dags/example_latest_only.py for tasks to queue
[2023-09-30 23:48:31,731] {logging_mixin.py:104} INFO - [2023-09-30 23:48:31,730] {dagbag.py:451} INFO - Filling up the DagBag from /home/airflow/.local/lib/python3.6/site-packages/airflow/example_dags/example_latest_only.py
[2023-09-30 23:48:31,778] {scheduler_job.py:639} INFO - DAG(s) dict_keys(['latest_only']) retrieved from /home/airflow/.local/lib/python3.6/site-packages/airflow/example_dags/example_latest_only.py
[2023-09-30 23:48:31,869] {logging_mixin.py:104} INFO - [2023-09-30 23:48:31,868] {dag.py:1824} INFO - Sync 1 DAGs
[2023-09-30 23:48:31,941] {logging_mixin.py:104} INFO - [2023-09-30 23:48:31,940] {dag.py:2280} INFO - Setting next_dagrun for latest_only to 2023-09-28 00:00:00+00:00
[2023-09-30 23:48:31,979] {scheduler_job.py:190} INFO - Processing /home/airflow/.local/lib/python3.6/site-packages/airflow/example_dags/example_latest_only.py took 0.268 seconds
[2023-09-30 23:49:02,554] {scheduler_job.py:182} INFO - Started process (PID=519) to work on /home/airflow/.local/lib/python3.6/site-packages/airflow/example_dags/example_latest_only.py
[2023-09-30 23:49:02,566] {scheduler_job.py:629} INFO - Processing file /home/airflow/.local/lib/python3.6/site-packages/airflow/example_dags/example_latest_only.py for tasks to queue
[2023-09-30 23:49:02,574] {logging_mixin.py:104} INFO - [2023-09-30 23:49:02,573] {dagbag.py:451} INFO - Filling up the DagBag from /home/airflow/.local/lib/python3.6/site-packages/airflow/example_dags/example_latest_only.py
[2023-09-30 23:49:02,685] {scheduler_job.py:639} INFO - DAG(s) dict_keys(['latest_only']) retrieved from /home/airflow/.local/lib/python3.6/site-packages/airflow/example_dags/example_latest_only.py
[2023-09-30 23:49:02,869] {logging_mixin.py:104} INFO - [2023-09-30 23:49:02,867] {dag.py:1824} INFO - Sync 1 DAGs
[2023-09-30 23:49:03,026] {logging_mixin.py:104} INFO - [2023-09-30 23:49:03,025] {dag.py:2280} INFO - Setting next_dagrun for latest_only to 2023-09-28 00:00:00+00:00
[2023-09-30 23:49:03,141] {scheduler_job.py:190} INFO - Processing /home/airflow/.local/lib/python3.6/site-packages/airflow/example_dags/example_latest_only.py took 0.613 seconds
[2023-09-30 23:49:33,220] {scheduler_job.py:182} INFO - Started process (PID=571) to work on /home/airflow/.local/lib/python3.6/site-packages/airflow/example_dags/example_latest_only.py
[2023-09-30 23:49:33,225] {scheduler_job.py:629} INFO - Processing file /home/airflow/.local/lib/python3.6/site-packages/airflow/example_dags/example_latest_only.py for tasks to queue
[2023-09-30 23:49:33,229] {logging_mixin.py:104} INFO - [2023-09-30 23:49:33,228] {dagbag.py:451} INFO - Filling up the DagBag from /home/airflow/.local/lib/python3.6/site-packages/airflow/example_dags/example_latest_only.py
[2023-09-30 23:49:33,277] {scheduler_job.py:639} INFO - DAG(s) dict_keys(['latest_only']) retrieved from /home/airflow/.local/lib/python3.6/site-packages/airflow/example_dags/example_latest_only.py
[2023-09-30 23:49:33,358] {logging_mixin.py:104} INFO - [2023-09-30 23:49:33,357] {dag.py:1824} INFO - Sync 1 DAGs
[2023-09-30 23:49:33,430] {logging_mixin.py:104} INFO - [2023-09-30 23:49:33,429] {dag.py:2280} INFO - Setting next_dagrun for latest_only to 2023-09-28 00:00:00+00:00
[2023-09-30 23:49:33,472] {scheduler_job.py:190} INFO - Processing /home/airflow/.local/lib/python3.6/site-packages/airflow/example_dags/example_latest_only.py took 0.262 seconds
[2023-09-30 23:50:03,936] {scheduler_job.py:182} INFO - Started process (PID=623) to work on /home/airflow/.local/lib/python3.6/site-packages/airflow/example_dags/example_latest_only.py
[2023-09-30 23:50:03,943] {scheduler_job.py:629} INFO - Processing file /home/airflow/.local/lib/python3.6/site-packages/airflow/example_dags/example_latest_only.py for tasks to queue
[2023-09-30 23:50:03,948] {logging_mixin.py:104} INFO - [2023-09-30 23:50:03,947] {dagbag.py:451} INFO - Filling up the DagBag from /home/airflow/.local/lib/python3.6/site-packages/airflow/example_dags/example_latest_only.py
[2023-09-30 23:50:04,000] {scheduler_job.py:639} INFO - DAG(s) dict_keys(['latest_only']) retrieved from /home/airflow/.local/lib/python3.6/site-packages/airflow/example_dags/example_latest_only.py
[2023-09-30 23:50:04,075] {logging_mixin.py:104} INFO - [2023-09-30 23:50:04,075] {dag.py:1824} INFO - Sync 1 DAGs
[2023-09-30 23:50:04,147] {logging_mixin.py:104} INFO - [2023-09-30 23:50:04,146] {dag.py:2280} INFO - Setting next_dagrun for latest_only to 2023-09-28 00:00:00+00:00
[2023-09-30 23:50:04,188] {scheduler_job.py:190} INFO - Processing /home/airflow/.local/lib/python3.6/site-packages/airflow/example_dags/example_latest_only.py took 0.263 seconds
[2023-09-30 23:50:34,636] {scheduler_job.py:182} INFO - Started process (PID=675) to work on /home/airflow/.local/lib/python3.6/site-packages/airflow/example_dags/example_latest_only.py
[2023-09-30 23:50:34,642] {scheduler_job.py:629} INFO - Processing file /home/airflow/.local/lib/python3.6/site-packages/airflow/example_dags/example_latest_only.py for tasks to queue
[2023-09-30 23:50:34,645] {logging_mixin.py:104} INFO - [2023-09-30 23:50:34,645] {dagbag.py:451} INFO - Filling up the DagBag from /home/airflow/.local/lib/python3.6/site-packages/airflow/example_dags/example_latest_only.py
[2023-09-30 23:50:34,696] {scheduler_job.py:639} INFO - DAG(s) dict_keys(['latest_only']) retrieved from /home/airflow/.local/lib/python3.6/site-packages/airflow/example_dags/example_latest_only.py
[2023-09-30 23:50:34,770] {logging_mixin.py:104} INFO - [2023-09-30 23:50:34,769] {dag.py:1824} INFO - Sync 1 DAGs
[2023-09-30 23:50:34,843] {logging_mixin.py:104} INFO - [2023-09-30 23:50:34,842] {dag.py:2280} INFO - Setting next_dagrun for latest_only to 2023-09-28 00:00:00+00:00
[2023-09-30 23:50:34,880] {scheduler_job.py:190} INFO - Processing /home/airflow/.local/lib/python3.6/site-packages/airflow/example_dags/example_latest_only.py took 0.254 seconds
[2023-09-30 23:51:05,799] {scheduler_job.py:182} INFO - Started process (PID=727) to work on /home/airflow/.local/lib/python3.6/site-packages/airflow/example_dags/example_latest_only.py
[2023-09-30 23:51:05,805] {scheduler_job.py:629} INFO - Processing file /home/airflow/.local/lib/python3.6/site-packages/airflow/example_dags/example_latest_only.py for tasks to queue
[2023-09-30 23:51:05,810] {logging_mixin.py:104} INFO - [2023-09-30 23:51:05,809] {dagbag.py:451} INFO - Filling up the DagBag from /home/airflow/.local/lib/python3.6/site-packages/airflow/example_dags/example_latest_only.py
[2023-09-30 23:51:05,874] {scheduler_job.py:639} INFO - DAG(s) dict_keys(['latest_only']) retrieved from /home/airflow/.local/lib/python3.6/site-packages/airflow/example_dags/example_latest_only.py
[2023-09-30 23:51:05,996] {logging_mixin.py:104} INFO - [2023-09-30 23:51:05,995] {dag.py:1824} INFO - Sync 1 DAGs
[2023-09-30 23:51:06,066] {logging_mixin.py:104} INFO - [2023-09-30 23:51:06,066] {dag.py:2280} INFO - Setting next_dagrun for latest_only to 2023-09-28 00:00:00+00:00
[2023-09-30 23:51:06,107] {scheduler_job.py:190} INFO - Processing /home/airflow/.local/lib/python3.6/site-packages/airflow/example_dags/example_latest_only.py took 0.320 seconds
