[2023-09-30 23:34:04,127] {scheduler_job.py:182} INFO - Started process (PID=103) to work on /home/airflow/.local/lib/python3.6/site-packages/airflow/example_dags/example_short_circuit_operator.py
[2023-09-30 23:34:04,153] {scheduler_job.py:629} INFO - Processing file /home/airflow/.local/lib/python3.6/site-packages/airflow/example_dags/example_short_circuit_operator.py for tasks to queue
[2023-09-30 23:34:04,172] {logging_mixin.py:104} INFO - [2023-09-30 23:34:04,171] {dagbag.py:451} INFO - Filling up the DagBag from /home/airflow/.local/lib/python3.6/site-packages/airflow/example_dags/example_short_circuit_operator.py
[2023-09-30 23:34:04,526] {scheduler_job.py:639} INFO - DAG(s) dict_keys(['example_short_circuit_operator']) retrieved from /home/airflow/.local/lib/python3.6/site-packages/airflow/example_dags/example_short_circuit_operator.py
[2023-09-30 23:34:05,028] {logging_mixin.py:104} INFO - [2023-09-30 23:34:05,027] {dag.py:1824} INFO - Sync 1 DAGs
[2023-09-30 23:34:05,258] {logging_mixin.py:104} INFO - [2023-09-30 23:34:05,257] {dag.py:1843} INFO - Creating ORM DAG for example_short_circuit_operator
[2023-09-30 23:34:05,372] {logging_mixin.py:104} INFO - [2023-09-30 23:34:05,371] {dag.py:2280} INFO - Setting next_dagrun for example_short_circuit_operator to 2023-09-28 00:00:00+00:00
[2023-09-30 23:34:05,579] {scheduler_job.py:190} INFO - Processing /home/airflow/.local/lib/python3.6/site-packages/airflow/example_dags/example_short_circuit_operator.py took 1.502 seconds
[2023-09-30 23:34:35,973] {scheduler_job.py:182} INFO - Started process (PID=155) to work on /home/airflow/.local/lib/python3.6/site-packages/airflow/example_dags/example_short_circuit_operator.py
[2023-09-30 23:34:35,980] {scheduler_job.py:629} INFO - Processing file /home/airflow/.local/lib/python3.6/site-packages/airflow/example_dags/example_short_circuit_operator.py for tasks to queue
[2023-09-30 23:34:35,986] {logging_mixin.py:104} INFO - [2023-09-30 23:34:35,985] {dagbag.py:451} INFO - Filling up the DagBag from /home/airflow/.local/lib/python3.6/site-packages/airflow/example_dags/example_short_circuit_operator.py
[2023-09-30 23:34:36,069] {scheduler_job.py:639} INFO - DAG(s) dict_keys(['example_short_circuit_operator']) retrieved from /home/airflow/.local/lib/python3.6/site-packages/airflow/example_dags/example_short_circuit_operator.py
[2023-09-30 23:34:36,178] {logging_mixin.py:104} INFO - [2023-09-30 23:34:36,177] {dag.py:1824} INFO - Sync 1 DAGs
[2023-09-30 23:34:36,280] {logging_mixin.py:104} INFO - [2023-09-30 23:34:36,279] {dag.py:2280} INFO - Setting next_dagrun for example_short_circuit_operator to 2023-09-28 00:00:00+00:00
[2023-09-30 23:34:36,335] {scheduler_job.py:190} INFO - Processing /home/airflow/.local/lib/python3.6/site-packages/airflow/example_dags/example_short_circuit_operator.py took 0.375 seconds
[2023-09-30 23:35:06,392] {scheduler_job.py:182} INFO - Started process (PID=207) to work on /home/airflow/.local/lib/python3.6/site-packages/airflow/example_dags/example_short_circuit_operator.py
[2023-09-30 23:35:06,400] {scheduler_job.py:629} INFO - Processing file /home/airflow/.local/lib/python3.6/site-packages/airflow/example_dags/example_short_circuit_operator.py for tasks to queue
[2023-09-30 23:35:06,405] {logging_mixin.py:104} INFO - [2023-09-30 23:35:06,404] {dagbag.py:451} INFO - Filling up the DagBag from /home/airflow/.local/lib/python3.6/site-packages/airflow/example_dags/example_short_circuit_operator.py
[2023-09-30 23:35:06,480] {scheduler_job.py:639} INFO - DAG(s) dict_keys(['example_short_circuit_operator']) retrieved from /home/airflow/.local/lib/python3.6/site-packages/airflow/example_dags/example_short_circuit_operator.py
[2023-09-30 23:35:06,574] {logging_mixin.py:104} INFO - [2023-09-30 23:35:06,574] {dag.py:1824} INFO - Sync 1 DAGs
[2023-09-30 23:35:06,674] {logging_mixin.py:104} INFO - [2023-09-30 23:35:06,673] {dag.py:2280} INFO - Setting next_dagrun for example_short_circuit_operator to 2023-09-28 00:00:00+00:00
[2023-09-30 23:35:06,725] {scheduler_job.py:190} INFO - Processing /home/airflow/.local/lib/python3.6/site-packages/airflow/example_dags/example_short_circuit_operator.py took 0.345 seconds
[2023-09-30 23:35:37,631] {scheduler_job.py:182} INFO - Started process (PID=259) to work on /home/airflow/.local/lib/python3.6/site-packages/airflow/example_dags/example_short_circuit_operator.py
[2023-09-30 23:35:37,646] {scheduler_job.py:629} INFO - Processing file /home/airflow/.local/lib/python3.6/site-packages/airflow/example_dags/example_short_circuit_operator.py for tasks to queue
[2023-09-30 23:35:37,665] {logging_mixin.py:104} INFO - [2023-09-30 23:35:37,663] {dagbag.py:451} INFO - Filling up the DagBag from /home/airflow/.local/lib/python3.6/site-packages/airflow/example_dags/example_short_circuit_operator.py
[2023-09-30 23:35:37,843] {scheduler_job.py:639} INFO - DAG(s) dict_keys(['example_short_circuit_operator']) retrieved from /home/airflow/.local/lib/python3.6/site-packages/airflow/example_dags/example_short_circuit_operator.py
[2023-09-30 23:35:38,009] {logging_mixin.py:104} INFO - [2023-09-30 23:35:38,008] {dag.py:1824} INFO - Sync 1 DAGs
[2023-09-30 23:35:38,327] {logging_mixin.py:104} INFO - [2023-09-30 23:35:38,326] {dag.py:2280} INFO - Setting next_dagrun for example_short_circuit_operator to 2023-09-28 00:00:00+00:00
[2023-09-30 23:35:38,405] {scheduler_job.py:190} INFO - Processing /home/airflow/.local/lib/python3.6/site-packages/airflow/example_dags/example_short_circuit_operator.py took 0.843 seconds
[2023-09-30 23:36:08,811] {scheduler_job.py:182} INFO - Started process (PID=311) to work on /home/airflow/.local/lib/python3.6/site-packages/airflow/example_dags/example_short_circuit_operator.py
[2023-09-30 23:36:08,819] {scheduler_job.py:629} INFO - Processing file /home/airflow/.local/lib/python3.6/site-packages/airflow/example_dags/example_short_circuit_operator.py for tasks to queue
[2023-09-30 23:36:08,825] {logging_mixin.py:104} INFO - [2023-09-30 23:36:08,825] {dagbag.py:451} INFO - Filling up the DagBag from /home/airflow/.local/lib/python3.6/site-packages/airflow/example_dags/example_short_circuit_operator.py
[2023-09-30 23:36:08,934] {scheduler_job.py:639} INFO - DAG(s) dict_keys(['example_short_circuit_operator']) retrieved from /home/airflow/.local/lib/python3.6/site-packages/airflow/example_dags/example_short_circuit_operator.py
[2023-09-30 23:36:09,056] {logging_mixin.py:104} INFO - [2023-09-30 23:36:09,056] {dag.py:1824} INFO - Sync 1 DAGs
[2023-09-30 23:36:09,136] {logging_mixin.py:104} INFO - [2023-09-30 23:36:09,135] {dag.py:2280} INFO - Setting next_dagrun for example_short_circuit_operator to 2023-09-28 00:00:00+00:00
[2023-09-30 23:36:09,190] {scheduler_job.py:190} INFO - Processing /home/airflow/.local/lib/python3.6/site-packages/airflow/example_dags/example_short_circuit_operator.py took 0.394 seconds
[2023-09-30 23:37:02,283] {scheduler_job.py:182} INFO - Started process (PID=74) to work on /home/airflow/.local/lib/python3.6/site-packages/airflow/example_dags/example_short_circuit_operator.py
[2023-09-30 23:37:02,301] {scheduler_job.py:629} INFO - Processing file /home/airflow/.local/lib/python3.6/site-packages/airflow/example_dags/example_short_circuit_operator.py for tasks to queue
[2023-09-30 23:37:02,307] {logging_mixin.py:104} INFO - [2023-09-30 23:37:02,306] {dagbag.py:451} INFO - Filling up the DagBag from /home/airflow/.local/lib/python3.6/site-packages/airflow/example_dags/example_short_circuit_operator.py
[2023-09-30 23:37:02,401] {scheduler_job.py:639} INFO - DAG(s) dict_keys(['example_short_circuit_operator']) retrieved from /home/airflow/.local/lib/python3.6/site-packages/airflow/example_dags/example_short_circuit_operator.py
[2023-09-30 23:37:02,502] {logging_mixin.py:104} INFO - [2023-09-30 23:37:02,501] {dag.py:1824} INFO - Sync 1 DAGs
[2023-09-30 23:37:02,593] {logging_mixin.py:104} INFO - [2023-09-30 23:37:02,592] {dag.py:2280} INFO - Setting next_dagrun for example_short_circuit_operator to 2023-09-28 00:00:00+00:00
[2023-09-30 23:37:02,637] {scheduler_job.py:190} INFO - Processing /home/airflow/.local/lib/python3.6/site-packages/airflow/example_dags/example_short_circuit_operator.py took 0.368 seconds
[2023-09-30 23:37:33,035] {scheduler_job.py:182} INFO - Started process (PID=126) to work on /home/airflow/.local/lib/python3.6/site-packages/airflow/example_dags/example_short_circuit_operator.py
[2023-09-30 23:37:33,050] {scheduler_job.py:629} INFO - Processing file /home/airflow/.local/lib/python3.6/site-packages/airflow/example_dags/example_short_circuit_operator.py for tasks to queue
[2023-09-30 23:37:33,063] {logging_mixin.py:104} INFO - [2023-09-30 23:37:33,061] {dagbag.py:451} INFO - Filling up the DagBag from /home/airflow/.local/lib/python3.6/site-packages/airflow/example_dags/example_short_circuit_operator.py
[2023-09-30 23:37:33,231] {scheduler_job.py:639} INFO - DAG(s) dict_keys(['example_short_circuit_operator']) retrieved from /home/airflow/.local/lib/python3.6/site-packages/airflow/example_dags/example_short_circuit_operator.py
[2023-09-30 23:37:33,346] {logging_mixin.py:104} INFO - [2023-09-30 23:37:33,345] {dag.py:1824} INFO - Sync 1 DAGs
[2023-09-30 23:37:33,442] {logging_mixin.py:104} INFO - [2023-09-30 23:37:33,441] {dag.py:2280} INFO - Setting next_dagrun for example_short_circuit_operator to 2023-09-28 00:00:00+00:00
[2023-09-30 23:37:33,537] {scheduler_job.py:190} INFO - Processing /home/airflow/.local/lib/python3.6/site-packages/airflow/example_dags/example_short_circuit_operator.py took 0.523 seconds
[2023-09-30 23:38:03,701] {scheduler_job.py:182} INFO - Started process (PID=176) to work on /home/airflow/.local/lib/python3.6/site-packages/airflow/example_dags/example_short_circuit_operator.py
[2023-09-30 23:38:03,707] {scheduler_job.py:629} INFO - Processing file /home/airflow/.local/lib/python3.6/site-packages/airflow/example_dags/example_short_circuit_operator.py for tasks to queue
[2023-09-30 23:38:03,712] {logging_mixin.py:104} INFO - [2023-09-30 23:38:03,712] {dagbag.py:451} INFO - Filling up the DagBag from /home/airflow/.local/lib/python3.6/site-packages/airflow/example_dags/example_short_circuit_operator.py
[2023-09-30 23:38:03,782] {scheduler_job.py:639} INFO - DAG(s) dict_keys(['example_short_circuit_operator']) retrieved from /home/airflow/.local/lib/python3.6/site-packages/airflow/example_dags/example_short_circuit_operator.py
[2023-09-30 23:38:03,861] {logging_mixin.py:104} INFO - [2023-09-30 23:38:03,860] {dag.py:1824} INFO - Sync 1 DAGs
[2023-09-30 23:38:03,942] {logging_mixin.py:104} INFO - [2023-09-30 23:38:03,942] {dag.py:2280} INFO - Setting next_dagrun for example_short_circuit_operator to 2023-09-28 00:00:00+00:00
[2023-09-30 23:38:03,985] {scheduler_job.py:190} INFO - Processing /home/airflow/.local/lib/python3.6/site-packages/airflow/example_dags/example_short_circuit_operator.py took 0.294 seconds
[2023-09-30 23:38:34,523] {scheduler_job.py:182} INFO - Started process (PID=228) to work on /home/airflow/.local/lib/python3.6/site-packages/airflow/example_dags/example_short_circuit_operator.py
[2023-09-30 23:38:34,530] {scheduler_job.py:629} INFO - Processing file /home/airflow/.local/lib/python3.6/site-packages/airflow/example_dags/example_short_circuit_operator.py for tasks to queue
[2023-09-30 23:38:34,537] {logging_mixin.py:104} INFO - [2023-09-30 23:38:34,536] {dagbag.py:451} INFO - Filling up the DagBag from /home/airflow/.local/lib/python3.6/site-packages/airflow/example_dags/example_short_circuit_operator.py
[2023-09-30 23:38:34,609] {scheduler_job.py:639} INFO - DAG(s) dict_keys(['example_short_circuit_operator']) retrieved from /home/airflow/.local/lib/python3.6/site-packages/airflow/example_dags/example_short_circuit_operator.py
[2023-09-30 23:38:34,697] {logging_mixin.py:104} INFO - [2023-09-30 23:38:34,696] {dag.py:1824} INFO - Sync 1 DAGs
[2023-09-30 23:38:34,769] {logging_mixin.py:104} INFO - [2023-09-30 23:38:34,768] {dag.py:2280} INFO - Setting next_dagrun for example_short_circuit_operator to 2023-09-28 00:00:00+00:00
[2023-09-30 23:38:34,819] {scheduler_job.py:190} INFO - Processing /home/airflow/.local/lib/python3.6/site-packages/airflow/example_dags/example_short_circuit_operator.py took 0.327 seconds
[2023-09-30 23:39:05,192] {scheduler_job.py:182} INFO - Started process (PID=282) to work on /home/airflow/.local/lib/python3.6/site-packages/airflow/example_dags/example_short_circuit_operator.py
[2023-09-30 23:39:05,205] {scheduler_job.py:629} INFO - Processing file /home/airflow/.local/lib/python3.6/site-packages/airflow/example_dags/example_short_circuit_operator.py for tasks to queue
[2023-09-30 23:39:05,211] {logging_mixin.py:104} INFO - [2023-09-30 23:39:05,211] {dagbag.py:451} INFO - Filling up the DagBag from /home/airflow/.local/lib/python3.6/site-packages/airflow/example_dags/example_short_circuit_operator.py
[2023-09-30 23:39:05,337] {scheduler_job.py:639} INFO - DAG(s) dict_keys(['example_short_circuit_operator']) retrieved from /home/airflow/.local/lib/python3.6/site-packages/airflow/example_dags/example_short_circuit_operator.py
[2023-09-30 23:39:05,541] {logging_mixin.py:104} INFO - [2023-09-30 23:39:05,540] {dag.py:1824} INFO - Sync 1 DAGs
[2023-09-30 23:39:05,690] {logging_mixin.py:104} INFO - [2023-09-30 23:39:05,689] {dag.py:2280} INFO - Setting next_dagrun for example_short_circuit_operator to 2023-09-28 00:00:00+00:00
[2023-09-30 23:39:05,754] {scheduler_job.py:190} INFO - Processing /home/airflow/.local/lib/python3.6/site-packages/airflow/example_dags/example_short_circuit_operator.py took 0.576 seconds
[2023-09-30 23:39:35,978] {scheduler_job.py:182} INFO - Started process (PID=334) to work on /home/airflow/.local/lib/python3.6/site-packages/airflow/example_dags/example_short_circuit_operator.py
[2023-09-30 23:39:35,986] {scheduler_job.py:629} INFO - Processing file /home/airflow/.local/lib/python3.6/site-packages/airflow/example_dags/example_short_circuit_operator.py for tasks to queue
[2023-09-30 23:39:35,992] {logging_mixin.py:104} INFO - [2023-09-30 23:39:35,991] {dagbag.py:451} INFO - Filling up the DagBag from /home/airflow/.local/lib/python3.6/site-packages/airflow/example_dags/example_short_circuit_operator.py
[2023-09-30 23:39:36,055] {scheduler_job.py:639} INFO - DAG(s) dict_keys(['example_short_circuit_operator']) retrieved from /home/airflow/.local/lib/python3.6/site-packages/airflow/example_dags/example_short_circuit_operator.py
[2023-09-30 23:39:36,132] {logging_mixin.py:104} INFO - [2023-09-30 23:39:36,131] {dag.py:1824} INFO - Sync 1 DAGs
[2023-09-30 23:39:36,199] {logging_mixin.py:104} INFO - [2023-09-30 23:39:36,198] {dag.py:2280} INFO - Setting next_dagrun for example_short_circuit_operator to 2023-09-28 00:00:00+00:00
[2023-09-30 23:39:36,236] {scheduler_job.py:190} INFO - Processing /home/airflow/.local/lib/python3.6/site-packages/airflow/example_dags/example_short_circuit_operator.py took 0.269 seconds
[2023-09-30 23:40:06,491] {scheduler_job.py:182} INFO - Started process (PID=386) to work on /home/airflow/.local/lib/python3.6/site-packages/airflow/example_dags/example_short_circuit_operator.py
[2023-09-30 23:40:06,500] {scheduler_job.py:629} INFO - Processing file /home/airflow/.local/lib/python3.6/site-packages/airflow/example_dags/example_short_circuit_operator.py for tasks to queue
[2023-09-30 23:40:06,507] {logging_mixin.py:104} INFO - [2023-09-30 23:40:06,506] {dagbag.py:451} INFO - Filling up the DagBag from /home/airflow/.local/lib/python3.6/site-packages/airflow/example_dags/example_short_circuit_operator.py
[2023-09-30 23:40:06,599] {scheduler_job.py:639} INFO - DAG(s) dict_keys(['example_short_circuit_operator']) retrieved from /home/airflow/.local/lib/python3.6/site-packages/airflow/example_dags/example_short_circuit_operator.py
[2023-09-30 23:40:06,689] {logging_mixin.py:104} INFO - [2023-09-30 23:40:06,688] {dag.py:1824} INFO - Sync 1 DAGs
[2023-09-30 23:40:06,764] {logging_mixin.py:104} INFO - [2023-09-30 23:40:06,763] {dag.py:2280} INFO - Setting next_dagrun for example_short_circuit_operator to 2023-09-28 00:00:00+00:00
[2023-09-30 23:40:06,802] {scheduler_job.py:190} INFO - Processing /home/airflow/.local/lib/python3.6/site-packages/airflow/example_dags/example_short_circuit_operator.py took 0.327 seconds
[2023-09-30 23:40:36,986] {scheduler_job.py:182} INFO - Started process (PID=438) to work on /home/airflow/.local/lib/python3.6/site-packages/airflow/example_dags/example_short_circuit_operator.py
[2023-09-30 23:40:37,002] {scheduler_job.py:629} INFO - Processing file /home/airflow/.local/lib/python3.6/site-packages/airflow/example_dags/example_short_circuit_operator.py for tasks to queue
[2023-09-30 23:40:37,013] {logging_mixin.py:104} INFO - [2023-09-30 23:40:37,011] {dagbag.py:451} INFO - Filling up the DagBag from /home/airflow/.local/lib/python3.6/site-packages/airflow/example_dags/example_short_circuit_operator.py
[2023-09-30 23:40:37,115] {scheduler_job.py:639} INFO - DAG(s) dict_keys(['example_short_circuit_operator']) retrieved from /home/airflow/.local/lib/python3.6/site-packages/airflow/example_dags/example_short_circuit_operator.py
[2023-09-30 23:40:37,291] {logging_mixin.py:104} INFO - [2023-09-30 23:40:37,290] {dag.py:1824} INFO - Sync 1 DAGs
[2023-09-30 23:40:37,444] {logging_mixin.py:104} INFO - [2023-09-30 23:40:37,442] {dag.py:2280} INFO - Setting next_dagrun for example_short_circuit_operator to 2023-09-28 00:00:00+00:00
[2023-09-30 23:40:37,522] {scheduler_job.py:190} INFO - Processing /home/airflow/.local/lib/python3.6/site-packages/airflow/example_dags/example_short_circuit_operator.py took 0.555 seconds
[2023-09-30 23:44:53,839] {scheduler_job.py:182} INFO - Started process (PID=105) to work on /home/airflow/.local/lib/python3.6/site-packages/airflow/example_dags/example_short_circuit_operator.py
[2023-09-30 23:44:53,849] {scheduler_job.py:629} INFO - Processing file /home/airflow/.local/lib/python3.6/site-packages/airflow/example_dags/example_short_circuit_operator.py for tasks to queue
[2023-09-30 23:44:53,856] {logging_mixin.py:104} INFO - [2023-09-30 23:44:53,856] {dagbag.py:451} INFO - Filling up the DagBag from /home/airflow/.local/lib/python3.6/site-packages/airflow/example_dags/example_short_circuit_operator.py
[2023-09-30 23:44:53,967] {scheduler_job.py:639} INFO - DAG(s) dict_keys(['example_short_circuit_operator']) retrieved from /home/airflow/.local/lib/python3.6/site-packages/airflow/example_dags/example_short_circuit_operator.py
[2023-09-30 23:44:54,112] {logging_mixin.py:104} INFO - [2023-09-30 23:44:54,111] {dag.py:1824} INFO - Sync 1 DAGs
[2023-09-30 23:44:54,398] {logging_mixin.py:104} INFO - [2023-09-30 23:44:54,397] {dag.py:2280} INFO - Setting next_dagrun for example_short_circuit_operator to 2023-09-28 00:00:00+00:00
[2023-09-30 23:44:54,581] {scheduler_job.py:190} INFO - Processing /home/airflow/.local/lib/python3.6/site-packages/airflow/example_dags/example_short_circuit_operator.py took 0.779 seconds
[2023-09-30 23:45:24,746] {scheduler_job.py:182} INFO - Started process (PID=157) to work on /home/airflow/.local/lib/python3.6/site-packages/airflow/example_dags/example_short_circuit_operator.py
[2023-09-30 23:45:24,755] {scheduler_job.py:629} INFO - Processing file /home/airflow/.local/lib/python3.6/site-packages/airflow/example_dags/example_short_circuit_operator.py for tasks to queue
[2023-09-30 23:45:24,762] {logging_mixin.py:104} INFO - [2023-09-30 23:45:24,761] {dagbag.py:451} INFO - Filling up the DagBag from /home/airflow/.local/lib/python3.6/site-packages/airflow/example_dags/example_short_circuit_operator.py
[2023-09-30 23:45:24,874] {scheduler_job.py:639} INFO - DAG(s) dict_keys(['example_short_circuit_operator']) retrieved from /home/airflow/.local/lib/python3.6/site-packages/airflow/example_dags/example_short_circuit_operator.py
[2023-09-30 23:45:25,006] {logging_mixin.py:104} INFO - [2023-09-30 23:45:25,005] {dag.py:1824} INFO - Sync 1 DAGs
[2023-09-30 23:45:25,138] {logging_mixin.py:104} INFO - [2023-09-30 23:45:25,135] {dag.py:2280} INFO - Setting next_dagrun for example_short_circuit_operator to 2023-09-28 00:00:00+00:00
[2023-09-30 23:45:25,204] {scheduler_job.py:190} INFO - Processing /home/airflow/.local/lib/python3.6/site-packages/airflow/example_dags/example_short_circuit_operator.py took 0.472 seconds
[2023-09-30 23:45:55,775] {scheduler_job.py:182} INFO - Started process (PID=209) to work on /home/airflow/.local/lib/python3.6/site-packages/airflow/example_dags/example_short_circuit_operator.py
[2023-09-30 23:45:55,788] {scheduler_job.py:629} INFO - Processing file /home/airflow/.local/lib/python3.6/site-packages/airflow/example_dags/example_short_circuit_operator.py for tasks to queue
[2023-09-30 23:45:55,794] {logging_mixin.py:104} INFO - [2023-09-30 23:45:55,793] {dagbag.py:451} INFO - Filling up the DagBag from /home/airflow/.local/lib/python3.6/site-packages/airflow/example_dags/example_short_circuit_operator.py
[2023-09-30 23:45:55,913] {scheduler_job.py:639} INFO - DAG(s) dict_keys(['example_short_circuit_operator']) retrieved from /home/airflow/.local/lib/python3.6/site-packages/airflow/example_dags/example_short_circuit_operator.py
[2023-09-30 23:45:56,052] {logging_mixin.py:104} INFO - [2023-09-30 23:45:56,051] {dag.py:1824} INFO - Sync 1 DAGs
[2023-09-30 23:45:56,236] {logging_mixin.py:104} INFO - [2023-09-30 23:45:56,235] {dag.py:2280} INFO - Setting next_dagrun for example_short_circuit_operator to 2023-09-28 00:00:00+00:00
[2023-09-30 23:45:56,354] {scheduler_job.py:190} INFO - Processing /home/airflow/.local/lib/python3.6/site-packages/airflow/example_dags/example_short_circuit_operator.py took 0.598 seconds
[2023-09-30 23:46:26,841] {scheduler_job.py:182} INFO - Started process (PID=261) to work on /home/airflow/.local/lib/python3.6/site-packages/airflow/example_dags/example_short_circuit_operator.py
[2023-09-30 23:46:26,851] {scheduler_job.py:629} INFO - Processing file /home/airflow/.local/lib/python3.6/site-packages/airflow/example_dags/example_short_circuit_operator.py for tasks to queue
[2023-09-30 23:46:26,857] {logging_mixin.py:104} INFO - [2023-09-30 23:46:26,855] {dagbag.py:451} INFO - Filling up the DagBag from /home/airflow/.local/lib/python3.6/site-packages/airflow/example_dags/example_short_circuit_operator.py
[2023-09-30 23:46:26,971] {scheduler_job.py:639} INFO - DAG(s) dict_keys(['example_short_circuit_operator']) retrieved from /home/airflow/.local/lib/python3.6/site-packages/airflow/example_dags/example_short_circuit_operator.py
[2023-09-30 23:46:27,116] {logging_mixin.py:104} INFO - [2023-09-30 23:46:27,116] {dag.py:1824} INFO - Sync 1 DAGs
[2023-09-30 23:46:27,331] {logging_mixin.py:104} INFO - [2023-09-30 23:46:27,330] {dag.py:2280} INFO - Setting next_dagrun for example_short_circuit_operator to 2023-09-28 00:00:00+00:00
[2023-09-30 23:46:27,436] {scheduler_job.py:190} INFO - Processing /home/airflow/.local/lib/python3.6/site-packages/airflow/example_dags/example_short_circuit_operator.py took 0.614 seconds
[2023-09-30 23:46:57,944] {scheduler_job.py:182} INFO - Started process (PID=311) to work on /home/airflow/.local/lib/python3.6/site-packages/airflow/example_dags/example_short_circuit_operator.py
[2023-09-30 23:46:57,951] {scheduler_job.py:629} INFO - Processing file /home/airflow/.local/lib/python3.6/site-packages/airflow/example_dags/example_short_circuit_operator.py for tasks to queue
[2023-09-30 23:46:57,963] {logging_mixin.py:104} INFO - [2023-09-30 23:46:57,963] {dagbag.py:451} INFO - Filling up the DagBag from /home/airflow/.local/lib/python3.6/site-packages/airflow/example_dags/example_short_circuit_operator.py
[2023-09-30 23:46:58,079] {scheduler_job.py:639} INFO - DAG(s) dict_keys(['example_short_circuit_operator']) retrieved from /home/airflow/.local/lib/python3.6/site-packages/airflow/example_dags/example_short_circuit_operator.py
[2023-09-30 23:46:58,295] {logging_mixin.py:104} INFO - [2023-09-30 23:46:58,294] {dag.py:1824} INFO - Sync 1 DAGs
[2023-09-30 23:46:58,422] {logging_mixin.py:104} INFO - [2023-09-30 23:46:58,421] {dag.py:2280} INFO - Setting next_dagrun for example_short_circuit_operator to 2023-09-28 00:00:00+00:00
[2023-09-30 23:46:58,533] {scheduler_job.py:190} INFO - Processing /home/airflow/.local/lib/python3.6/site-packages/airflow/example_dags/example_short_circuit_operator.py took 0.601 seconds
[2023-09-30 23:47:29,138] {scheduler_job.py:182} INFO - Started process (PID=363) to work on /home/airflow/.local/lib/python3.6/site-packages/airflow/example_dags/example_short_circuit_operator.py
[2023-09-30 23:47:29,156] {scheduler_job.py:629} INFO - Processing file /home/airflow/.local/lib/python3.6/site-packages/airflow/example_dags/example_short_circuit_operator.py for tasks to queue
[2023-09-30 23:47:29,167] {logging_mixin.py:104} INFO - [2023-09-30 23:47:29,165] {dagbag.py:451} INFO - Filling up the DagBag from /home/airflow/.local/lib/python3.6/site-packages/airflow/example_dags/example_short_circuit_operator.py
[2023-09-30 23:47:29,277] {scheduler_job.py:639} INFO - DAG(s) dict_keys(['example_short_circuit_operator']) retrieved from /home/airflow/.local/lib/python3.6/site-packages/airflow/example_dags/example_short_circuit_operator.py
[2023-09-30 23:47:29,443] {logging_mixin.py:104} INFO - [2023-09-30 23:47:29,442] {dag.py:1824} INFO - Sync 1 DAGs
[2023-09-30 23:47:29,580] {logging_mixin.py:104} INFO - [2023-09-30 23:47:29,579] {dag.py:2280} INFO - Setting next_dagrun for example_short_circuit_operator to 2023-09-28 00:00:00+00:00
[2023-09-30 23:47:29,655] {scheduler_job.py:190} INFO - Processing /home/airflow/.local/lib/python3.6/site-packages/airflow/example_dags/example_short_circuit_operator.py took 0.543 seconds
[2023-09-30 23:48:00,117] {scheduler_job.py:182} INFO - Started process (PID=417) to work on /home/airflow/.local/lib/python3.6/site-packages/airflow/example_dags/example_short_circuit_operator.py
[2023-09-30 23:48:00,125] {scheduler_job.py:629} INFO - Processing file /home/airflow/.local/lib/python3.6/site-packages/airflow/example_dags/example_short_circuit_operator.py for tasks to queue
[2023-09-30 23:48:00,130] {logging_mixin.py:104} INFO - [2023-09-30 23:48:00,129] {dagbag.py:451} INFO - Filling up the DagBag from /home/airflow/.local/lib/python3.6/site-packages/airflow/example_dags/example_short_circuit_operator.py
[2023-09-30 23:48:00,265] {scheduler_job.py:639} INFO - DAG(s) dict_keys(['example_short_circuit_operator']) retrieved from /home/airflow/.local/lib/python3.6/site-packages/airflow/example_dags/example_short_circuit_operator.py
[2023-09-30 23:48:00,603] {logging_mixin.py:104} INFO - [2023-09-30 23:48:00,595] {dag.py:1824} INFO - Sync 1 DAGs
[2023-09-30 23:48:01,061] {logging_mixin.py:104} INFO - [2023-09-30 23:48:01,060] {dag.py:2280} INFO - Setting next_dagrun for example_short_circuit_operator to 2023-09-28 00:00:00+00:00
[2023-09-30 23:48:01,194] {scheduler_job.py:190} INFO - Processing /home/airflow/.local/lib/python3.6/site-packages/airflow/example_dags/example_short_circuit_operator.py took 1.088 seconds
[2023-09-30 23:48:31,731] {scheduler_job.py:182} INFO - Started process (PID=469) to work on /home/airflow/.local/lib/python3.6/site-packages/airflow/example_dags/example_short_circuit_operator.py
[2023-09-30 23:48:31,736] {scheduler_job.py:629} INFO - Processing file /home/airflow/.local/lib/python3.6/site-packages/airflow/example_dags/example_short_circuit_operator.py for tasks to queue
[2023-09-30 23:48:31,740] {logging_mixin.py:104} INFO - [2023-09-30 23:48:31,740] {dagbag.py:451} INFO - Filling up the DagBag from /home/airflow/.local/lib/python3.6/site-packages/airflow/example_dags/example_short_circuit_operator.py
[2023-09-30 23:48:31,806] {scheduler_job.py:639} INFO - DAG(s) dict_keys(['example_short_circuit_operator']) retrieved from /home/airflow/.local/lib/python3.6/site-packages/airflow/example_dags/example_short_circuit_operator.py
[2023-09-30 23:48:31,898] {logging_mixin.py:104} INFO - [2023-09-30 23:48:31,897] {dag.py:1824} INFO - Sync 1 DAGs
[2023-09-30 23:48:31,965] {logging_mixin.py:104} INFO - [2023-09-30 23:48:31,965] {dag.py:2280} INFO - Setting next_dagrun for example_short_circuit_operator to 2023-09-28 00:00:00+00:00
[2023-09-30 23:48:32,006] {scheduler_job.py:190} INFO - Processing /home/airflow/.local/lib/python3.6/site-packages/airflow/example_dags/example_short_circuit_operator.py took 0.286 seconds
[2023-09-30 23:49:03,233] {scheduler_job.py:182} INFO - Started process (PID=523) to work on /home/airflow/.local/lib/python3.6/site-packages/airflow/example_dags/example_short_circuit_operator.py
[2023-09-30 23:49:03,244] {scheduler_job.py:629} INFO - Processing file /home/airflow/.local/lib/python3.6/site-packages/airflow/example_dags/example_short_circuit_operator.py for tasks to queue
[2023-09-30 23:49:03,255] {logging_mixin.py:104} INFO - [2023-09-30 23:49:03,254] {dagbag.py:451} INFO - Filling up the DagBag from /home/airflow/.local/lib/python3.6/site-packages/airflow/example_dags/example_short_circuit_operator.py
[2023-09-30 23:49:03,350] {scheduler_job.py:639} INFO - DAG(s) dict_keys(['example_short_circuit_operator']) retrieved from /home/airflow/.local/lib/python3.6/site-packages/airflow/example_dags/example_short_circuit_operator.py
[2023-09-30 23:49:03,506] {logging_mixin.py:104} INFO - [2023-09-30 23:49:03,505] {dag.py:1824} INFO - Sync 1 DAGs
[2023-09-30 23:49:03,760] {logging_mixin.py:104} INFO - [2023-09-30 23:49:03,757] {dag.py:2280} INFO - Setting next_dagrun for example_short_circuit_operator to 2023-09-28 00:00:00+00:00
[2023-09-30 23:49:03,878] {scheduler_job.py:190} INFO - Processing /home/airflow/.local/lib/python3.6/site-packages/airflow/example_dags/example_short_circuit_operator.py took 0.665 seconds
[2023-09-30 23:49:34,553] {scheduler_job.py:182} INFO - Started process (PID=575) to work on /home/airflow/.local/lib/python3.6/site-packages/airflow/example_dags/example_short_circuit_operator.py
[2023-09-30 23:49:34,561] {scheduler_job.py:629} INFO - Processing file /home/airflow/.local/lib/python3.6/site-packages/airflow/example_dags/example_short_circuit_operator.py for tasks to queue
[2023-09-30 23:49:34,568] {logging_mixin.py:104} INFO - [2023-09-30 23:49:34,567] {dagbag.py:451} INFO - Filling up the DagBag from /home/airflow/.local/lib/python3.6/site-packages/airflow/example_dags/example_short_circuit_operator.py
[2023-09-30 23:49:34,662] {scheduler_job.py:639} INFO - DAG(s) dict_keys(['example_short_circuit_operator']) retrieved from /home/airflow/.local/lib/python3.6/site-packages/airflow/example_dags/example_short_circuit_operator.py
[2023-09-30 23:49:34,772] {logging_mixin.py:104} INFO - [2023-09-30 23:49:34,771] {dag.py:1824} INFO - Sync 1 DAGs
[2023-09-30 23:49:34,876] {logging_mixin.py:104} INFO - [2023-09-30 23:49:34,875] {dag.py:2280} INFO - Setting next_dagrun for example_short_circuit_operator to 2023-09-28 00:00:00+00:00
[2023-09-30 23:49:34,923] {scheduler_job.py:190} INFO - Processing /home/airflow/.local/lib/python3.6/site-packages/airflow/example_dags/example_short_circuit_operator.py took 0.386 seconds
[2023-09-30 23:50:05,248] {scheduler_job.py:182} INFO - Started process (PID=629) to work on /home/airflow/.local/lib/python3.6/site-packages/airflow/example_dags/example_short_circuit_operator.py
[2023-09-30 23:50:05,254] {scheduler_job.py:629} INFO - Processing file /home/airflow/.local/lib/python3.6/site-packages/airflow/example_dags/example_short_circuit_operator.py for tasks to queue
[2023-09-30 23:50:05,258] {logging_mixin.py:104} INFO - [2023-09-30 23:50:05,257] {dagbag.py:451} INFO - Filling up the DagBag from /home/airflow/.local/lib/python3.6/site-packages/airflow/example_dags/example_short_circuit_operator.py
[2023-09-30 23:50:05,329] {scheduler_job.py:639} INFO - DAG(s) dict_keys(['example_short_circuit_operator']) retrieved from /home/airflow/.local/lib/python3.6/site-packages/airflow/example_dags/example_short_circuit_operator.py
[2023-09-30 23:50:05,405] {logging_mixin.py:104} INFO - [2023-09-30 23:50:05,404] {dag.py:1824} INFO - Sync 1 DAGs
[2023-09-30 23:50:05,477] {logging_mixin.py:104} INFO - [2023-09-30 23:50:05,477] {dag.py:2280} INFO - Setting next_dagrun for example_short_circuit_operator to 2023-09-28 00:00:00+00:00
[2023-09-30 23:50:05,514] {scheduler_job.py:190} INFO - Processing /home/airflow/.local/lib/python3.6/site-packages/airflow/example_dags/example_short_circuit_operator.py took 0.275 seconds
[2023-09-30 23:50:35,742] {scheduler_job.py:182} INFO - Started process (PID=681) to work on /home/airflow/.local/lib/python3.6/site-packages/airflow/example_dags/example_short_circuit_operator.py
[2023-09-30 23:50:35,748] {scheduler_job.py:629} INFO - Processing file /home/airflow/.local/lib/python3.6/site-packages/airflow/example_dags/example_short_circuit_operator.py for tasks to queue
[2023-09-30 23:50:35,753] {logging_mixin.py:104} INFO - [2023-09-30 23:50:35,753] {dagbag.py:451} INFO - Filling up the DagBag from /home/airflow/.local/lib/python3.6/site-packages/airflow/example_dags/example_short_circuit_operator.py
[2023-09-30 23:50:35,820] {scheduler_job.py:639} INFO - DAG(s) dict_keys(['example_short_circuit_operator']) retrieved from /home/airflow/.local/lib/python3.6/site-packages/airflow/example_dags/example_short_circuit_operator.py
[2023-09-30 23:50:35,905] {logging_mixin.py:104} INFO - [2023-09-30 23:50:35,904] {dag.py:1824} INFO - Sync 1 DAGs
[2023-09-30 23:50:35,983] {logging_mixin.py:104} INFO - [2023-09-30 23:50:35,982] {dag.py:2280} INFO - Setting next_dagrun for example_short_circuit_operator to 2023-09-28 00:00:00+00:00
[2023-09-30 23:50:36,024] {scheduler_job.py:190} INFO - Processing /home/airflow/.local/lib/python3.6/site-packages/airflow/example_dags/example_short_circuit_operator.py took 0.292 seconds
[2023-09-30 23:51:06,159] {scheduler_job.py:182} INFO - Started process (PID=733) to work on /home/airflow/.local/lib/python3.6/site-packages/airflow/example_dags/example_short_circuit_operator.py
[2023-09-30 23:51:06,164] {scheduler_job.py:629} INFO - Processing file /home/airflow/.local/lib/python3.6/site-packages/airflow/example_dags/example_short_circuit_operator.py for tasks to queue
[2023-09-30 23:51:06,167] {logging_mixin.py:104} INFO - [2023-09-30 23:51:06,167] {dagbag.py:451} INFO - Filling up the DagBag from /home/airflow/.local/lib/python3.6/site-packages/airflow/example_dags/example_short_circuit_operator.py
[2023-09-30 23:51:06,233] {scheduler_job.py:639} INFO - DAG(s) dict_keys(['example_short_circuit_operator']) retrieved from /home/airflow/.local/lib/python3.6/site-packages/airflow/example_dags/example_short_circuit_operator.py
[2023-09-30 23:51:06,310] {logging_mixin.py:104} INFO - [2023-09-30 23:51:06,310] {dag.py:1824} INFO - Sync 1 DAGs
[2023-09-30 23:51:06,374] {logging_mixin.py:104} INFO - [2023-09-30 23:51:06,374] {dag.py:2280} INFO - Setting next_dagrun for example_short_circuit_operator to 2023-09-28 00:00:00+00:00
[2023-09-30 23:51:06,410] {scheduler_job.py:190} INFO - Processing /home/airflow/.local/lib/python3.6/site-packages/airflow/example_dags/example_short_circuit_operator.py took 0.260 seconds
