[2023-09-30 23:34:02,081] {scheduler_job.py:182} INFO - Started process (PID=99) to work on /home/airflow/.local/lib/python3.6/site-packages/airflow/example_dags/example_subdag_operator.py
[2023-09-30 23:34:02,106] {scheduler_job.py:629} INFO - Processing file /home/airflow/.local/lib/python3.6/site-packages/airflow/example_dags/example_subdag_operator.py for tasks to queue
[2023-09-30 23:34:02,123] {logging_mixin.py:104} INFO - [2023-09-30 23:34:02,121] {dagbag.py:451} INFO - Filling up the DagBag from /home/airflow/.local/lib/python3.6/site-packages/airflow/example_dags/example_subdag_operator.py
[2023-09-30 23:34:02,645] {scheduler_job.py:639} INFO - DAG(s) dict_keys(['example_subdag_operator.section-1', 'example_subdag_operator.section-2', 'example_subdag_operator']) retrieved from /home/airflow/.local/lib/python3.6/site-packages/airflow/example_dags/example_subdag_operator.py
[2023-09-30 23:34:03,020] {logging_mixin.py:104} INFO - [2023-09-30 23:34:03,019] {dag.py:1824} INFO - Sync 3 DAGs
[2023-09-30 23:34:03,274] {logging_mixin.py:104} INFO - [2023-09-30 23:34:03,273] {dag.py:1843} INFO - Creating ORM DAG for example_subdag_operator
[2023-09-30 23:34:03,298] {logging_mixin.py:104} INFO - [2023-09-30 23:34:03,297] {dag.py:1843} INFO - Creating ORM DAG for example_subdag_operator.section-1
[2023-09-30 23:34:03,331] {logging_mixin.py:104} INFO - [2023-09-30 23:34:03,317] {dag.py:1843} INFO - Creating ORM DAG for example_subdag_operator.section-2
[2023-09-30 23:34:03,426] {logging_mixin.py:104} INFO - [2023-09-30 23:34:03,425] {dag.py:2280} INFO - Setting next_dagrun for example_subdag_operator to 2023-09-28 00:00:00+00:00
[2023-09-30 23:34:03,439] {logging_mixin.py:104} INFO - [2023-09-30 23:34:03,439] {dag.py:2280} INFO - Setting next_dagrun for example_subdag_operator.section-1 to None
[2023-09-30 23:34:03,446] {logging_mixin.py:104} INFO - [2023-09-30 23:34:03,444] {dag.py:2280} INFO - Setting next_dagrun for example_subdag_operator.section-2 to None
[2023-09-30 23:34:03,687] {logging_mixin.py:104} INFO - [2023-09-30 23:34:03,686] {dag.py:1824} INFO - Sync 2 DAGs
[2023-09-30 23:34:03,825] {logging_mixin.py:104} INFO - [2023-09-30 23:34:03,824] {dag.py:2280} INFO - Setting next_dagrun for example_subdag_operator.section-1 to None
[2023-09-30 23:34:03,831] {logging_mixin.py:104} INFO - [2023-09-30 23:34:03,830] {dag.py:2280} INFO - Setting next_dagrun for example_subdag_operator.section-2 to None
[2023-09-30 23:34:03,956] {scheduler_job.py:190} INFO - Processing /home/airflow/.local/lib/python3.6/site-packages/airflow/example_dags/example_subdag_operator.py took 1.940 seconds
[2023-09-30 23:34:34,130] {scheduler_job.py:182} INFO - Started process (PID=151) to work on /home/airflow/.local/lib/python3.6/site-packages/airflow/example_dags/example_subdag_operator.py
[2023-09-30 23:34:34,147] {scheduler_job.py:629} INFO - Processing file /home/airflow/.local/lib/python3.6/site-packages/airflow/example_dags/example_subdag_operator.py for tasks to queue
[2023-09-30 23:34:34,154] {logging_mixin.py:104} INFO - [2023-09-30 23:34:34,152] {dagbag.py:451} INFO - Filling up the DagBag from /home/airflow/.local/lib/python3.6/site-packages/airflow/example_dags/example_subdag_operator.py
[2023-09-30 23:34:34,291] {scheduler_job.py:639} INFO - DAG(s) dict_keys(['example_subdag_operator.section-1', 'example_subdag_operator.section-2', 'example_subdag_operator']) retrieved from /home/airflow/.local/lib/python3.6/site-packages/airflow/example_dags/example_subdag_operator.py
[2023-09-30 23:34:34,376] {logging_mixin.py:104} INFO - [2023-09-30 23:34:34,375] {dag.py:1824} INFO - Sync 3 DAGs
[2023-09-30 23:34:34,462] {logging_mixin.py:104} INFO - [2023-09-30 23:34:34,462] {dag.py:2280} INFO - Setting next_dagrun for example_subdag_operator to 2023-09-28 00:00:00+00:00
[2023-09-30 23:34:34,468] {logging_mixin.py:104} INFO - [2023-09-30 23:34:34,468] {dag.py:2280} INFO - Setting next_dagrun for example_subdag_operator.section-1 to None
[2023-09-30 23:34:34,471] {logging_mixin.py:104} INFO - [2023-09-30 23:34:34,471] {dag.py:2280} INFO - Setting next_dagrun for example_subdag_operator.section-2 to None
[2023-09-30 23:34:34,510] {logging_mixin.py:104} INFO - [2023-09-30 23:34:34,509] {dag.py:1824} INFO - Sync 2 DAGs
[2023-09-30 23:34:34,553] {logging_mixin.py:104} INFO - [2023-09-30 23:34:34,553] {dag.py:2280} INFO - Setting next_dagrun for example_subdag_operator.section-1 to None
[2023-09-30 23:34:34,556] {logging_mixin.py:104} INFO - [2023-09-30 23:34:34,556] {dag.py:2280} INFO - Setting next_dagrun for example_subdag_operator.section-2 to None
[2023-09-30 23:34:34,582] {scheduler_job.py:190} INFO - Processing /home/airflow/.local/lib/python3.6/site-packages/airflow/example_dags/example_subdag_operator.py took 0.465 seconds
[2023-09-30 23:35:04,704] {scheduler_job.py:182} INFO - Started process (PID=203) to work on /home/airflow/.local/lib/python3.6/site-packages/airflow/example_dags/example_subdag_operator.py
[2023-09-30 23:35:04,715] {scheduler_job.py:629} INFO - Processing file /home/airflow/.local/lib/python3.6/site-packages/airflow/example_dags/example_subdag_operator.py for tasks to queue
[2023-09-30 23:35:04,724] {logging_mixin.py:104} INFO - [2023-09-30 23:35:04,722] {dagbag.py:451} INFO - Filling up the DagBag from /home/airflow/.local/lib/python3.6/site-packages/airflow/example_dags/example_subdag_operator.py
[2023-09-30 23:35:04,909] {scheduler_job.py:639} INFO - DAG(s) dict_keys(['example_subdag_operator.section-1', 'example_subdag_operator.section-2', 'example_subdag_operator']) retrieved from /home/airflow/.local/lib/python3.6/site-packages/airflow/example_dags/example_subdag_operator.py
[2023-09-30 23:35:05,006] {logging_mixin.py:104} INFO - [2023-09-30 23:35:05,005] {dag.py:1824} INFO - Sync 3 DAGs
[2023-09-30 23:35:05,125] {logging_mixin.py:104} INFO - [2023-09-30 23:35:05,124] {dag.py:2280} INFO - Setting next_dagrun for example_subdag_operator to 2023-09-28 00:00:00+00:00
[2023-09-30 23:35:05,134] {logging_mixin.py:104} INFO - [2023-09-30 23:35:05,133] {dag.py:2280} INFO - Setting next_dagrun for example_subdag_operator.section-1 to None
[2023-09-30 23:35:05,138] {logging_mixin.py:104} INFO - [2023-09-30 23:35:05,137] {dag.py:2280} INFO - Setting next_dagrun for example_subdag_operator.section-2 to None
[2023-09-30 23:35:05,188] {logging_mixin.py:104} INFO - [2023-09-30 23:35:05,187] {dag.py:1824} INFO - Sync 2 DAGs
[2023-09-30 23:35:05,254] {logging_mixin.py:104} INFO - [2023-09-30 23:35:05,252] {dag.py:2280} INFO - Setting next_dagrun for example_subdag_operator.section-1 to None
[2023-09-30 23:35:05,258] {logging_mixin.py:104} INFO - [2023-09-30 23:35:05,257] {dag.py:2280} INFO - Setting next_dagrun for example_subdag_operator.section-2 to None
[2023-09-30 23:35:05,309] {scheduler_job.py:190} INFO - Processing /home/airflow/.local/lib/python3.6/site-packages/airflow/example_dags/example_subdag_operator.py took 0.624 seconds
[2023-09-30 23:35:35,544] {scheduler_job.py:182} INFO - Started process (PID=255) to work on /home/airflow/.local/lib/python3.6/site-packages/airflow/example_dags/example_subdag_operator.py
[2023-09-30 23:35:35,562] {scheduler_job.py:629} INFO - Processing file /home/airflow/.local/lib/python3.6/site-packages/airflow/example_dags/example_subdag_operator.py for tasks to queue
[2023-09-30 23:35:35,574] {logging_mixin.py:104} INFO - [2023-09-30 23:35:35,573] {dagbag.py:451} INFO - Filling up the DagBag from /home/airflow/.local/lib/python3.6/site-packages/airflow/example_dags/example_subdag_operator.py
[2023-09-30 23:35:35,919] {scheduler_job.py:639} INFO - DAG(s) dict_keys(['example_subdag_operator.section-1', 'example_subdag_operator.section-2', 'example_subdag_operator']) retrieved from /home/airflow/.local/lib/python3.6/site-packages/airflow/example_dags/example_subdag_operator.py
[2023-09-30 23:35:36,057] {logging_mixin.py:104} INFO - [2023-09-30 23:35:36,054] {dag.py:1824} INFO - Sync 3 DAGs
[2023-09-30 23:35:36,235] {logging_mixin.py:104} INFO - [2023-09-30 23:35:36,234] {dag.py:2280} INFO - Setting next_dagrun for example_subdag_operator to 2023-09-28 00:00:00+00:00
[2023-09-30 23:35:36,242] {logging_mixin.py:104} INFO - [2023-09-30 23:35:36,241] {dag.py:2280} INFO - Setting next_dagrun for example_subdag_operator.section-1 to None
[2023-09-30 23:35:36,251] {logging_mixin.py:104} INFO - [2023-09-30 23:35:36,251] {dag.py:2280} INFO - Setting next_dagrun for example_subdag_operator.section-2 to None
[2023-09-30 23:35:36,309] {logging_mixin.py:104} INFO - [2023-09-30 23:35:36,308] {dag.py:1824} INFO - Sync 2 DAGs
[2023-09-30 23:35:36,388] {logging_mixin.py:104} INFO - [2023-09-30 23:35:36,387] {dag.py:2280} INFO - Setting next_dagrun for example_subdag_operator.section-1 to None
[2023-09-30 23:35:36,392] {logging_mixin.py:104} INFO - [2023-09-30 23:35:36,392] {dag.py:2280} INFO - Setting next_dagrun for example_subdag_operator.section-2 to None
[2023-09-30 23:35:36,435] {scheduler_job.py:190} INFO - Processing /home/airflow/.local/lib/python3.6/site-packages/airflow/example_dags/example_subdag_operator.py took 0.923 seconds
[2023-09-30 23:36:06,642] {scheduler_job.py:182} INFO - Started process (PID=307) to work on /home/airflow/.local/lib/python3.6/site-packages/airflow/example_dags/example_subdag_operator.py
[2023-09-30 23:36:06,651] {scheduler_job.py:629} INFO - Processing file /home/airflow/.local/lib/python3.6/site-packages/airflow/example_dags/example_subdag_operator.py for tasks to queue
[2023-09-30 23:36:06,659] {logging_mixin.py:104} INFO - [2023-09-30 23:36:06,658] {dagbag.py:451} INFO - Filling up the DagBag from /home/airflow/.local/lib/python3.6/site-packages/airflow/example_dags/example_subdag_operator.py
[2023-09-30 23:36:06,819] {scheduler_job.py:639} INFO - DAG(s) dict_keys(['example_subdag_operator.section-1', 'example_subdag_operator.section-2', 'example_subdag_operator']) retrieved from /home/airflow/.local/lib/python3.6/site-packages/airflow/example_dags/example_subdag_operator.py
[2023-09-30 23:36:06,918] {logging_mixin.py:104} INFO - [2023-09-30 23:36:06,918] {dag.py:1824} INFO - Sync 3 DAGs
[2023-09-30 23:36:07,005] {logging_mixin.py:104} INFO - [2023-09-30 23:36:07,004] {dag.py:2280} INFO - Setting next_dagrun for example_subdag_operator to 2023-09-28 00:00:00+00:00
[2023-09-30 23:36:07,015] {logging_mixin.py:104} INFO - [2023-09-30 23:36:07,014] {dag.py:2280} INFO - Setting next_dagrun for example_subdag_operator.section-1 to None
[2023-09-30 23:36:07,024] {logging_mixin.py:104} INFO - [2023-09-30 23:36:07,024] {dag.py:2280} INFO - Setting next_dagrun for example_subdag_operator.section-2 to None
[2023-09-30 23:36:07,097] {logging_mixin.py:104} INFO - [2023-09-30 23:36:07,096] {dag.py:1824} INFO - Sync 2 DAGs
[2023-09-30 23:36:07,190] {logging_mixin.py:104} INFO - [2023-09-30 23:36:07,190] {dag.py:2280} INFO - Setting next_dagrun for example_subdag_operator.section-1 to None
[2023-09-30 23:36:07,195] {logging_mixin.py:104} INFO - [2023-09-30 23:36:07,194] {dag.py:2280} INFO - Setting next_dagrun for example_subdag_operator.section-2 to None
[2023-09-30 23:36:07,266] {scheduler_job.py:190} INFO - Processing /home/airflow/.local/lib/python3.6/site-packages/airflow/example_dags/example_subdag_operator.py took 0.641 seconds
[2023-09-30 23:37:06,661] {scheduler_job.py:182} INFO - Started process (PID=108) to work on /home/airflow/.local/lib/python3.6/site-packages/airflow/example_dags/example_subdag_operator.py
[2023-09-30 23:37:06,671] {scheduler_job.py:629} INFO - Processing file /home/airflow/.local/lib/python3.6/site-packages/airflow/example_dags/example_subdag_operator.py for tasks to queue
[2023-09-30 23:37:06,676] {logging_mixin.py:104} INFO - [2023-09-30 23:37:06,676] {dagbag.py:451} INFO - Filling up the DagBag from /home/airflow/.local/lib/python3.6/site-packages/airflow/example_dags/example_subdag_operator.py
[2023-09-30 23:37:06,840] {scheduler_job.py:639} INFO - DAG(s) dict_keys(['example_subdag_operator.section-1', 'example_subdag_operator.section-2', 'example_subdag_operator']) retrieved from /home/airflow/.local/lib/python3.6/site-packages/airflow/example_dags/example_subdag_operator.py
[2023-09-30 23:37:06,970] {logging_mixin.py:104} INFO - [2023-09-30 23:37:06,969] {dag.py:1824} INFO - Sync 3 DAGs
[2023-09-30 23:37:07,123] {logging_mixin.py:104} INFO - [2023-09-30 23:37:07,121] {dag.py:2280} INFO - Setting next_dagrun for example_subdag_operator to 2023-09-28 00:00:00+00:00
[2023-09-30 23:37:07,138] {logging_mixin.py:104} INFO - [2023-09-30 23:37:07,137] {dag.py:2280} INFO - Setting next_dagrun for example_subdag_operator.section-1 to None
[2023-09-30 23:37:07,144] {logging_mixin.py:104} INFO - [2023-09-30 23:37:07,143] {dag.py:2280} INFO - Setting next_dagrun for example_subdag_operator.section-2 to None
[2023-09-30 23:37:07,215] {logging_mixin.py:104} INFO - [2023-09-30 23:37:07,214] {dag.py:1824} INFO - Sync 2 DAGs
[2023-09-30 23:37:07,274] {logging_mixin.py:104} INFO - [2023-09-30 23:37:07,273] {dag.py:2280} INFO - Setting next_dagrun for example_subdag_operator.section-1 to None
[2023-09-30 23:37:07,278] {logging_mixin.py:104} INFO - [2023-09-30 23:37:07,278] {dag.py:2280} INFO - Setting next_dagrun for example_subdag_operator.section-2 to None
[2023-09-30 23:37:07,315] {scheduler_job.py:190} INFO - Processing /home/airflow/.local/lib/python3.6/site-packages/airflow/example_dags/example_subdag_operator.py took 0.670 seconds
[2023-09-30 23:37:37,700] {scheduler_job.py:182} INFO - Started process (PID=160) to work on /home/airflow/.local/lib/python3.6/site-packages/airflow/example_dags/example_subdag_operator.py
[2023-09-30 23:37:37,710] {scheduler_job.py:629} INFO - Processing file /home/airflow/.local/lib/python3.6/site-packages/airflow/example_dags/example_subdag_operator.py for tasks to queue
[2023-09-30 23:37:37,722] {logging_mixin.py:104} INFO - [2023-09-30 23:37:37,716] {dagbag.py:451} INFO - Filling up the DagBag from /home/airflow/.local/lib/python3.6/site-packages/airflow/example_dags/example_subdag_operator.py
[2023-09-30 23:37:37,908] {scheduler_job.py:639} INFO - DAG(s) dict_keys(['example_subdag_operator.section-1', 'example_subdag_operator.section-2', 'example_subdag_operator']) retrieved from /home/airflow/.local/lib/python3.6/site-packages/airflow/example_dags/example_subdag_operator.py
[2023-09-30 23:37:37,996] {logging_mixin.py:104} INFO - [2023-09-30 23:37:37,995] {dag.py:1824} INFO - Sync 3 DAGs
[2023-09-30 23:37:38,105] {logging_mixin.py:104} INFO - [2023-09-30 23:37:38,104] {dag.py:2280} INFO - Setting next_dagrun for example_subdag_operator to 2023-09-28 00:00:00+00:00
[2023-09-30 23:37:38,113] {logging_mixin.py:104} INFO - [2023-09-30 23:37:38,113] {dag.py:2280} INFO - Setting next_dagrun for example_subdag_operator.section-1 to None
[2023-09-30 23:37:38,117] {logging_mixin.py:104} INFO - [2023-09-30 23:37:38,117] {dag.py:2280} INFO - Setting next_dagrun for example_subdag_operator.section-2 to None
[2023-09-30 23:37:38,168] {logging_mixin.py:104} INFO - [2023-09-30 23:37:38,167] {dag.py:1824} INFO - Sync 2 DAGs
[2023-09-30 23:37:38,238] {logging_mixin.py:104} INFO - [2023-09-30 23:37:38,236] {dag.py:2280} INFO - Setting next_dagrun for example_subdag_operator.section-1 to None
[2023-09-30 23:37:38,242] {logging_mixin.py:104} INFO - [2023-09-30 23:37:38,242] {dag.py:2280} INFO - Setting next_dagrun for example_subdag_operator.section-2 to None
[2023-09-30 23:37:38,277] {scheduler_job.py:190} INFO - Processing /home/airflow/.local/lib/python3.6/site-packages/airflow/example_dags/example_subdag_operator.py took 0.602 seconds
[2023-09-30 23:38:08,381] {scheduler_job.py:182} INFO - Started process (PID=212) to work on /home/airflow/.local/lib/python3.6/site-packages/airflow/example_dags/example_subdag_operator.py
[2023-09-30 23:38:08,386] {scheduler_job.py:629} INFO - Processing file /home/airflow/.local/lib/python3.6/site-packages/airflow/example_dags/example_subdag_operator.py for tasks to queue
[2023-09-30 23:38:08,390] {logging_mixin.py:104} INFO - [2023-09-30 23:38:08,389] {dagbag.py:451} INFO - Filling up the DagBag from /home/airflow/.local/lib/python3.6/site-packages/airflow/example_dags/example_subdag_operator.py
[2023-09-30 23:38:08,507] {scheduler_job.py:639} INFO - DAG(s) dict_keys(['example_subdag_operator.section-1', 'example_subdag_operator.section-2', 'example_subdag_operator']) retrieved from /home/airflow/.local/lib/python3.6/site-packages/airflow/example_dags/example_subdag_operator.py
[2023-09-30 23:38:08,582] {logging_mixin.py:104} INFO - [2023-09-30 23:38:08,581] {dag.py:1824} INFO - Sync 3 DAGs
[2023-09-30 23:38:08,671] {logging_mixin.py:104} INFO - [2023-09-30 23:38:08,670] {dag.py:2280} INFO - Setting next_dagrun for example_subdag_operator to 2023-09-28 00:00:00+00:00
[2023-09-30 23:38:08,678] {logging_mixin.py:104} INFO - [2023-09-30 23:38:08,677] {dag.py:2280} INFO - Setting next_dagrun for example_subdag_operator.section-1 to None
[2023-09-30 23:38:08,682] {logging_mixin.py:104} INFO - [2023-09-30 23:38:08,682] {dag.py:2280} INFO - Setting next_dagrun for example_subdag_operator.section-2 to None
[2023-09-30 23:38:08,726] {logging_mixin.py:104} INFO - [2023-09-30 23:38:08,725] {dag.py:1824} INFO - Sync 2 DAGs
[2023-09-30 23:38:08,779] {logging_mixin.py:104} INFO - [2023-09-30 23:38:08,779] {dag.py:2280} INFO - Setting next_dagrun for example_subdag_operator.section-1 to None
[2023-09-30 23:38:08,783] {logging_mixin.py:104} INFO - [2023-09-30 23:38:08,782] {dag.py:2280} INFO - Setting next_dagrun for example_subdag_operator.section-2 to None
[2023-09-30 23:38:08,816] {scheduler_job.py:190} INFO - Processing /home/airflow/.local/lib/python3.6/site-packages/airflow/example_dags/example_subdag_operator.py took 0.444 seconds
[2023-09-30 23:38:39,555] {scheduler_job.py:182} INFO - Started process (PID=264) to work on /home/airflow/.local/lib/python3.6/site-packages/airflow/example_dags/example_subdag_operator.py
[2023-09-30 23:38:39,562] {scheduler_job.py:629} INFO - Processing file /home/airflow/.local/lib/python3.6/site-packages/airflow/example_dags/example_subdag_operator.py for tasks to queue
[2023-09-30 23:38:39,566] {logging_mixin.py:104} INFO - [2023-09-30 23:38:39,565] {dagbag.py:451} INFO - Filling up the DagBag from /home/airflow/.local/lib/python3.6/site-packages/airflow/example_dags/example_subdag_operator.py
[2023-09-30 23:38:39,704] {scheduler_job.py:639} INFO - DAG(s) dict_keys(['example_subdag_operator.section-1', 'example_subdag_operator.section-2', 'example_subdag_operator']) retrieved from /home/airflow/.local/lib/python3.6/site-packages/airflow/example_dags/example_subdag_operator.py
[2023-09-30 23:38:39,819] {logging_mixin.py:104} INFO - [2023-09-30 23:38:39,819] {dag.py:1824} INFO - Sync 3 DAGs
[2023-09-30 23:38:39,930] {logging_mixin.py:104} INFO - [2023-09-30 23:38:39,929] {dag.py:2280} INFO - Setting next_dagrun for example_subdag_operator to 2023-09-28 00:00:00+00:00
[2023-09-30 23:38:39,938] {logging_mixin.py:104} INFO - [2023-09-30 23:38:39,937] {dag.py:2280} INFO - Setting next_dagrun for example_subdag_operator.section-1 to None
[2023-09-30 23:38:39,943] {logging_mixin.py:104} INFO - [2023-09-30 23:38:39,942] {dag.py:2280} INFO - Setting next_dagrun for example_subdag_operator.section-2 to None
[2023-09-30 23:38:39,991] {logging_mixin.py:104} INFO - [2023-09-30 23:38:39,991] {dag.py:1824} INFO - Sync 2 DAGs
[2023-09-30 23:38:40,042] {logging_mixin.py:104} INFO - [2023-09-30 23:38:40,041] {dag.py:2280} INFO - Setting next_dagrun for example_subdag_operator.section-1 to None
[2023-09-30 23:38:40,048] {logging_mixin.py:104} INFO - [2023-09-30 23:38:40,047] {dag.py:2280} INFO - Setting next_dagrun for example_subdag_operator.section-2 to None
[2023-09-30 23:38:40,084] {scheduler_job.py:190} INFO - Processing /home/airflow/.local/lib/python3.6/site-packages/airflow/example_dags/example_subdag_operator.py took 0.540 seconds
[2023-09-30 23:39:10,292] {scheduler_job.py:182} INFO - Started process (PID=312) to work on /home/airflow/.local/lib/python3.6/site-packages/airflow/example_dags/example_subdag_operator.py
[2023-09-30 23:39:10,303] {scheduler_job.py:629} INFO - Processing file /home/airflow/.local/lib/python3.6/site-packages/airflow/example_dags/example_subdag_operator.py for tasks to queue
[2023-09-30 23:39:10,312] {logging_mixin.py:104} INFO - [2023-09-30 23:39:10,311] {dagbag.py:451} INFO - Filling up the DagBag from /home/airflow/.local/lib/python3.6/site-packages/airflow/example_dags/example_subdag_operator.py
[2023-09-30 23:39:10,513] {scheduler_job.py:639} INFO - DAG(s) dict_keys(['example_subdag_operator.section-1', 'example_subdag_operator.section-2', 'example_subdag_operator']) retrieved from /home/airflow/.local/lib/python3.6/site-packages/airflow/example_dags/example_subdag_operator.py
[2023-09-30 23:39:10,617] {logging_mixin.py:104} INFO - [2023-09-30 23:39:10,616] {dag.py:1824} INFO - Sync 3 DAGs
[2023-09-30 23:39:10,727] {logging_mixin.py:104} INFO - [2023-09-30 23:39:10,726] {dag.py:2280} INFO - Setting next_dagrun for example_subdag_operator to 2023-09-28 00:00:00+00:00
[2023-09-30 23:39:10,735] {logging_mixin.py:104} INFO - [2023-09-30 23:39:10,734] {dag.py:2280} INFO - Setting next_dagrun for example_subdag_operator.section-1 to None
[2023-09-30 23:39:10,739] {logging_mixin.py:104} INFO - [2023-09-30 23:39:10,738] {dag.py:2280} INFO - Setting next_dagrun for example_subdag_operator.section-2 to None
[2023-09-30 23:39:10,783] {logging_mixin.py:104} INFO - [2023-09-30 23:39:10,782] {dag.py:1824} INFO - Sync 2 DAGs
[2023-09-30 23:39:10,847] {logging_mixin.py:104} INFO - [2023-09-30 23:39:10,846] {dag.py:2280} INFO - Setting next_dagrun for example_subdag_operator.section-1 to None
[2023-09-30 23:39:10,853] {logging_mixin.py:104} INFO - [2023-09-30 23:39:10,852] {dag.py:2280} INFO - Setting next_dagrun for example_subdag_operator.section-2 to None
[2023-09-30 23:39:10,907] {scheduler_job.py:190} INFO - Processing /home/airflow/.local/lib/python3.6/site-packages/airflow/example_dags/example_subdag_operator.py took 0.629 seconds
[2023-09-30 23:39:41,046] {scheduler_job.py:182} INFO - Started process (PID=366) to work on /home/airflow/.local/lib/python3.6/site-packages/airflow/example_dags/example_subdag_operator.py
[2023-09-30 23:39:41,053] {scheduler_job.py:629} INFO - Processing file /home/airflow/.local/lib/python3.6/site-packages/airflow/example_dags/example_subdag_operator.py for tasks to queue
[2023-09-30 23:39:41,056] {logging_mixin.py:104} INFO - [2023-09-30 23:39:41,056] {dagbag.py:451} INFO - Filling up the DagBag from /home/airflow/.local/lib/python3.6/site-packages/airflow/example_dags/example_subdag_operator.py
[2023-09-30 23:39:41,168] {scheduler_job.py:639} INFO - DAG(s) dict_keys(['example_subdag_operator.section-1', 'example_subdag_operator.section-2', 'example_subdag_operator']) retrieved from /home/airflow/.local/lib/python3.6/site-packages/airflow/example_dags/example_subdag_operator.py
[2023-09-30 23:39:41,242] {logging_mixin.py:104} INFO - [2023-09-30 23:39:41,242] {dag.py:1824} INFO - Sync 3 DAGs
[2023-09-30 23:39:41,315] {logging_mixin.py:104} INFO - [2023-09-30 23:39:41,314] {dag.py:2280} INFO - Setting next_dagrun for example_subdag_operator to 2023-09-28 00:00:00+00:00
[2023-09-30 23:39:41,322] {logging_mixin.py:104} INFO - [2023-09-30 23:39:41,321] {dag.py:2280} INFO - Setting next_dagrun for example_subdag_operator.section-1 to None
[2023-09-30 23:39:41,325] {logging_mixin.py:104} INFO - [2023-09-30 23:39:41,324] {dag.py:2280} INFO - Setting next_dagrun for example_subdag_operator.section-2 to None
[2023-09-30 23:39:41,357] {logging_mixin.py:104} INFO - [2023-09-30 23:39:41,356] {dag.py:1824} INFO - Sync 2 DAGs
[2023-09-30 23:39:41,393] {logging_mixin.py:104} INFO - [2023-09-30 23:39:41,393] {dag.py:2280} INFO - Setting next_dagrun for example_subdag_operator.section-1 to None
[2023-09-30 23:39:41,396] {logging_mixin.py:104} INFO - [2023-09-30 23:39:41,396] {dag.py:2280} INFO - Setting next_dagrun for example_subdag_operator.section-2 to None
[2023-09-30 23:39:41,419] {scheduler_job.py:190} INFO - Processing /home/airflow/.local/lib/python3.6/site-packages/airflow/example_dags/example_subdag_operator.py took 0.383 seconds
[2023-09-30 23:40:13,140] {scheduler_job.py:182} INFO - Started process (PID=418) to work on /home/airflow/.local/lib/python3.6/site-packages/airflow/example_dags/example_subdag_operator.py
[2023-09-30 23:40:13,152] {scheduler_job.py:629} INFO - Processing file /home/airflow/.local/lib/python3.6/site-packages/airflow/example_dags/example_subdag_operator.py for tasks to queue
[2023-09-30 23:40:13,165] {logging_mixin.py:104} INFO - [2023-09-30 23:40:13,164] {dagbag.py:451} INFO - Filling up the DagBag from /home/airflow/.local/lib/python3.6/site-packages/airflow/example_dags/example_subdag_operator.py
[2023-09-30 23:40:13,373] {scheduler_job.py:639} INFO - DAG(s) dict_keys(['example_subdag_operator.section-1', 'example_subdag_operator.section-2', 'example_subdag_operator']) retrieved from /home/airflow/.local/lib/python3.6/site-packages/airflow/example_dags/example_subdag_operator.py
[2023-09-30 23:40:13,491] {logging_mixin.py:104} INFO - [2023-09-30 23:40:13,491] {dag.py:1824} INFO - Sync 3 DAGs
[2023-09-30 23:40:13,600] {logging_mixin.py:104} INFO - [2023-09-30 23:40:13,600] {dag.py:2280} INFO - Setting next_dagrun for example_subdag_operator to 2023-09-28 00:00:00+00:00
[2023-09-30 23:40:13,607] {logging_mixin.py:104} INFO - [2023-09-30 23:40:13,607] {dag.py:2280} INFO - Setting next_dagrun for example_subdag_operator.section-1 to None
[2023-09-30 23:40:13,610] {logging_mixin.py:104} INFO - [2023-09-30 23:40:13,610] {dag.py:2280} INFO - Setting next_dagrun for example_subdag_operator.section-2 to None
[2023-09-30 23:40:13,657] {logging_mixin.py:104} INFO - [2023-09-30 23:40:13,656] {dag.py:1824} INFO - Sync 2 DAGs
[2023-09-30 23:40:13,712] {logging_mixin.py:104} INFO - [2023-09-30 23:40:13,712] {dag.py:2280} INFO - Setting next_dagrun for example_subdag_operator.section-1 to None
[2023-09-30 23:40:13,716] {logging_mixin.py:104} INFO - [2023-09-30 23:40:13,716] {dag.py:2280} INFO - Setting next_dagrun for example_subdag_operator.section-2 to None
[2023-09-30 23:40:13,771] {scheduler_job.py:190} INFO - Processing /home/airflow/.local/lib/python3.6/site-packages/airflow/example_dags/example_subdag_operator.py took 0.651 seconds
[2023-09-30 23:40:44,016] {scheduler_job.py:182} INFO - Started process (PID=470) to work on /home/airflow/.local/lib/python3.6/site-packages/airflow/example_dags/example_subdag_operator.py
[2023-09-30 23:40:44,031] {scheduler_job.py:629} INFO - Processing file /home/airflow/.local/lib/python3.6/site-packages/airflow/example_dags/example_subdag_operator.py for tasks to queue
[2023-09-30 23:40:44,038] {logging_mixin.py:104} INFO - [2023-09-30 23:40:44,037] {dagbag.py:451} INFO - Filling up the DagBag from /home/airflow/.local/lib/python3.6/site-packages/airflow/example_dags/example_subdag_operator.py
[2023-09-30 23:40:44,315] {scheduler_job.py:639} INFO - DAG(s) dict_keys(['example_subdag_operator.section-1', 'example_subdag_operator.section-2', 'example_subdag_operator']) retrieved from /home/airflow/.local/lib/python3.6/site-packages/airflow/example_dags/example_subdag_operator.py
[2023-09-30 23:40:44,477] {logging_mixin.py:104} INFO - [2023-09-30 23:40:44,476] {dag.py:1824} INFO - Sync 3 DAGs
[2023-09-30 23:40:44,672] {logging_mixin.py:104} INFO - [2023-09-30 23:40:44,671] {dag.py:2280} INFO - Setting next_dagrun for example_subdag_operator to 2023-09-28 00:00:00+00:00
[2023-09-30 23:40:44,681] {logging_mixin.py:104} INFO - [2023-09-30 23:40:44,680] {dag.py:2280} INFO - Setting next_dagrun for example_subdag_operator.section-1 to None
[2023-09-30 23:40:44,686] {logging_mixin.py:104} INFO - [2023-09-30 23:40:44,686] {dag.py:2280} INFO - Setting next_dagrun for example_subdag_operator.section-2 to None
[2023-09-30 23:40:44,779] {logging_mixin.py:104} INFO - [2023-09-30 23:40:44,778] {dag.py:1824} INFO - Sync 2 DAGs
[2023-09-30 23:40:44,886] {logging_mixin.py:104} INFO - [2023-09-30 23:40:44,886] {dag.py:2280} INFO - Setting next_dagrun for example_subdag_operator.section-1 to None
[2023-09-30 23:40:44,893] {logging_mixin.py:104} INFO - [2023-09-30 23:40:44,892] {dag.py:2280} INFO - Setting next_dagrun for example_subdag_operator.section-2 to None
[2023-09-30 23:40:44,954] {scheduler_job.py:190} INFO - Processing /home/airflow/.local/lib/python3.6/site-packages/airflow/example_dags/example_subdag_operator.py took 0.969 seconds
[2023-09-30 23:44:41,454] {scheduler_job.py:182} INFO - Started process (PID=71) to work on /home/airflow/.local/lib/python3.6/site-packages/airflow/example_dags/example_subdag_operator.py
[2023-09-30 23:44:41,475] {scheduler_job.py:629} INFO - Processing file /home/airflow/.local/lib/python3.6/site-packages/airflow/example_dags/example_subdag_operator.py for tasks to queue
[2023-09-30 23:44:41,493] {logging_mixin.py:104} INFO - [2023-09-30 23:44:41,493] {dagbag.py:451} INFO - Filling up the DagBag from /home/airflow/.local/lib/python3.6/site-packages/airflow/example_dags/example_subdag_operator.py
[2023-09-30 23:44:42,018] {scheduler_job.py:639} INFO - DAG(s) dict_keys(['example_subdag_operator.section-1', 'example_subdag_operator.section-2', 'example_subdag_operator']) retrieved from /home/airflow/.local/lib/python3.6/site-packages/airflow/example_dags/example_subdag_operator.py
[2023-09-30 23:44:42,428] {logging_mixin.py:104} INFO - [2023-09-30 23:44:42,427] {dag.py:1824} INFO - Sync 3 DAGs
[2023-09-30 23:44:42,693] {logging_mixin.py:104} INFO - [2023-09-30 23:44:42,692] {dag.py:2280} INFO - Setting next_dagrun for example_subdag_operator to 2023-09-28 00:00:00+00:00
[2023-09-30 23:44:42,735] {logging_mixin.py:104} INFO - [2023-09-30 23:44:42,734] {dag.py:2280} INFO - Setting next_dagrun for example_subdag_operator.section-1 to None
[2023-09-30 23:44:42,755] {logging_mixin.py:104} INFO - [2023-09-30 23:44:42,754] {dag.py:2280} INFO - Setting next_dagrun for example_subdag_operator.section-2 to None
[2023-09-30 23:44:42,912] {logging_mixin.py:104} INFO - [2023-09-30 23:44:42,911] {dag.py:1824} INFO - Sync 2 DAGs
[2023-09-30 23:44:43,099] {logging_mixin.py:104} INFO - [2023-09-30 23:44:43,099] {dag.py:2280} INFO - Setting next_dagrun for example_subdag_operator.section-1 to None
[2023-09-30 23:44:43,108] {logging_mixin.py:104} INFO - [2023-09-30 23:44:43,108] {dag.py:2280} INFO - Setting next_dagrun for example_subdag_operator.section-2 to None
[2023-09-30 23:44:43,241] {scheduler_job.py:190} INFO - Processing /home/airflow/.local/lib/python3.6/site-packages/airflow/example_dags/example_subdag_operator.py took 1.829 seconds
[2023-09-30 23:45:13,465] {scheduler_job.py:182} INFO - Started process (PID=123) to work on /home/airflow/.local/lib/python3.6/site-packages/airflow/example_dags/example_subdag_operator.py
[2023-09-30 23:45:13,474] {scheduler_job.py:629} INFO - Processing file /home/airflow/.local/lib/python3.6/site-packages/airflow/example_dags/example_subdag_operator.py for tasks to queue
[2023-09-30 23:45:13,479] {logging_mixin.py:104} INFO - [2023-09-30 23:45:13,479] {dagbag.py:451} INFO - Filling up the DagBag from /home/airflow/.local/lib/python3.6/site-packages/airflow/example_dags/example_subdag_operator.py
[2023-09-30 23:45:13,637] {scheduler_job.py:639} INFO - DAG(s) dict_keys(['example_subdag_operator.section-1', 'example_subdag_operator.section-2', 'example_subdag_operator']) retrieved from /home/airflow/.local/lib/python3.6/site-packages/airflow/example_dags/example_subdag_operator.py
[2023-09-30 23:45:13,741] {logging_mixin.py:104} INFO - [2023-09-30 23:45:13,740] {dag.py:1824} INFO - Sync 3 DAGs
[2023-09-30 23:45:13,889] {logging_mixin.py:104} INFO - [2023-09-30 23:45:13,888] {dag.py:2280} INFO - Setting next_dagrun for example_subdag_operator to 2023-09-28 00:00:00+00:00
[2023-09-30 23:45:13,896] {logging_mixin.py:104} INFO - [2023-09-30 23:45:13,896] {dag.py:2280} INFO - Setting next_dagrun for example_subdag_operator.section-1 to None
[2023-09-30 23:45:13,900] {logging_mixin.py:104} INFO - [2023-09-30 23:45:13,899] {dag.py:2280} INFO - Setting next_dagrun for example_subdag_operator.section-2 to None
[2023-09-30 23:45:13,943] {logging_mixin.py:104} INFO - [2023-09-30 23:45:13,942] {dag.py:1824} INFO - Sync 2 DAGs
[2023-09-30 23:45:14,003] {logging_mixin.py:104} INFO - [2023-09-30 23:45:14,002] {dag.py:2280} INFO - Setting next_dagrun for example_subdag_operator.section-1 to None
[2023-09-30 23:45:14,010] {logging_mixin.py:104} INFO - [2023-09-30 23:45:14,009] {dag.py:2280} INFO - Setting next_dagrun for example_subdag_operator.section-2 to None
[2023-09-30 23:45:14,052] {scheduler_job.py:190} INFO - Processing /home/airflow/.local/lib/python3.6/site-packages/airflow/example_dags/example_subdag_operator.py took 0.600 seconds
[2023-09-30 23:45:44,170] {scheduler_job.py:182} INFO - Started process (PID=173) to work on /home/airflow/.local/lib/python3.6/site-packages/airflow/example_dags/example_subdag_operator.py
[2023-09-30 23:45:44,176] {scheduler_job.py:629} INFO - Processing file /home/airflow/.local/lib/python3.6/site-packages/airflow/example_dags/example_subdag_operator.py for tasks to queue
[2023-09-30 23:45:44,180] {logging_mixin.py:104} INFO - [2023-09-30 23:45:44,180] {dagbag.py:451} INFO - Filling up the DagBag from /home/airflow/.local/lib/python3.6/site-packages/airflow/example_dags/example_subdag_operator.py
[2023-09-30 23:45:44,304] {scheduler_job.py:639} INFO - DAG(s) dict_keys(['example_subdag_operator.section-1', 'example_subdag_operator.section-2', 'example_subdag_operator']) retrieved from /home/airflow/.local/lib/python3.6/site-packages/airflow/example_dags/example_subdag_operator.py
[2023-09-30 23:45:44,407] {logging_mixin.py:104} INFO - [2023-09-30 23:45:44,406] {dag.py:1824} INFO - Sync 3 DAGs
[2023-09-30 23:45:44,509] {logging_mixin.py:104} INFO - [2023-09-30 23:45:44,508] {dag.py:2280} INFO - Setting next_dagrun for example_subdag_operator to 2023-09-28 00:00:00+00:00
[2023-09-30 23:45:44,516] {logging_mixin.py:104} INFO - [2023-09-30 23:45:44,516] {dag.py:2280} INFO - Setting next_dagrun for example_subdag_operator.section-1 to None
[2023-09-30 23:45:44,520] {logging_mixin.py:104} INFO - [2023-09-30 23:45:44,519] {dag.py:2280} INFO - Setting next_dagrun for example_subdag_operator.section-2 to None
[2023-09-30 23:45:44,566] {logging_mixin.py:104} INFO - [2023-09-30 23:45:44,565] {dag.py:1824} INFO - Sync 2 DAGs
[2023-09-30 23:45:44,629] {logging_mixin.py:104} INFO - [2023-09-30 23:45:44,628] {dag.py:2280} INFO - Setting next_dagrun for example_subdag_operator.section-1 to None
[2023-09-30 23:45:44,635] {logging_mixin.py:104} INFO - [2023-09-30 23:45:44,634] {dag.py:2280} INFO - Setting next_dagrun for example_subdag_operator.section-2 to None
[2023-09-30 23:45:44,682] {scheduler_job.py:190} INFO - Processing /home/airflow/.local/lib/python3.6/site-packages/airflow/example_dags/example_subdag_operator.py took 0.526 seconds
[2023-09-30 23:46:15,131] {scheduler_job.py:182} INFO - Started process (PID=225) to work on /home/airflow/.local/lib/python3.6/site-packages/airflow/example_dags/example_subdag_operator.py
[2023-09-30 23:46:15,149] {scheduler_job.py:629} INFO - Processing file /home/airflow/.local/lib/python3.6/site-packages/airflow/example_dags/example_subdag_operator.py for tasks to queue
[2023-09-30 23:46:15,170] {logging_mixin.py:104} INFO - [2023-09-30 23:46:15,169] {dagbag.py:451} INFO - Filling up the DagBag from /home/airflow/.local/lib/python3.6/site-packages/airflow/example_dags/example_subdag_operator.py
[2023-09-30 23:46:15,462] {scheduler_job.py:639} INFO - DAG(s) dict_keys(['example_subdag_operator.section-1', 'example_subdag_operator.section-2', 'example_subdag_operator']) retrieved from /home/airflow/.local/lib/python3.6/site-packages/airflow/example_dags/example_subdag_operator.py
[2023-09-30 23:46:15,602] {logging_mixin.py:104} INFO - [2023-09-30 23:46:15,601] {dag.py:1824} INFO - Sync 3 DAGs
[2023-09-30 23:46:15,772] {logging_mixin.py:104} INFO - [2023-09-30 23:46:15,771] {dag.py:2280} INFO - Setting next_dagrun for example_subdag_operator to 2023-09-28 00:00:00+00:00
[2023-09-30 23:46:15,779] {logging_mixin.py:104} INFO - [2023-09-30 23:46:15,778] {dag.py:2280} INFO - Setting next_dagrun for example_subdag_operator.section-1 to None
[2023-09-30 23:46:15,787] {logging_mixin.py:104} INFO - [2023-09-30 23:46:15,786] {dag.py:2280} INFO - Setting next_dagrun for example_subdag_operator.section-2 to None
[2023-09-30 23:46:15,850] {logging_mixin.py:104} INFO - [2023-09-30 23:46:15,849] {dag.py:1824} INFO - Sync 2 DAGs
[2023-09-30 23:46:15,920] {logging_mixin.py:104} INFO - [2023-09-30 23:46:15,920] {dag.py:2280} INFO - Setting next_dagrun for example_subdag_operator.section-1 to None
[2023-09-30 23:46:15,927] {logging_mixin.py:104} INFO - [2023-09-30 23:46:15,925] {dag.py:2280} INFO - Setting next_dagrun for example_subdag_operator.section-2 to None
[2023-09-30 23:46:15,967] {scheduler_job.py:190} INFO - Processing /home/airflow/.local/lib/python3.6/site-packages/airflow/example_dags/example_subdag_operator.py took 0.872 seconds
[2023-09-30 23:46:46,125] {scheduler_job.py:182} INFO - Started process (PID=277) to work on /home/airflow/.local/lib/python3.6/site-packages/airflow/example_dags/example_subdag_operator.py
[2023-09-30 23:46:46,154] {scheduler_job.py:629} INFO - Processing file /home/airflow/.local/lib/python3.6/site-packages/airflow/example_dags/example_subdag_operator.py for tasks to queue
[2023-09-30 23:46:46,161] {logging_mixin.py:104} INFO - [2023-09-30 23:46:46,160] {dagbag.py:451} INFO - Filling up the DagBag from /home/airflow/.local/lib/python3.6/site-packages/airflow/example_dags/example_subdag_operator.py
[2023-09-30 23:46:46,622] {scheduler_job.py:639} INFO - DAG(s) dict_keys(['example_subdag_operator.section-1', 'example_subdag_operator.section-2', 'example_subdag_operator']) retrieved from /home/airflow/.local/lib/python3.6/site-packages/airflow/example_dags/example_subdag_operator.py
[2023-09-30 23:46:46,872] {logging_mixin.py:104} INFO - [2023-09-30 23:46:46,872] {dag.py:1824} INFO - Sync 3 DAGs
[2023-09-30 23:46:47,061] {logging_mixin.py:104} INFO - [2023-09-30 23:46:47,060] {dag.py:2280} INFO - Setting next_dagrun for example_subdag_operator to 2023-09-28 00:00:00+00:00
[2023-09-30 23:46:47,075] {logging_mixin.py:104} INFO - [2023-09-30 23:46:47,074] {dag.py:2280} INFO - Setting next_dagrun for example_subdag_operator.section-1 to None
[2023-09-30 23:46:47,079] {logging_mixin.py:104} INFO - [2023-09-30 23:46:47,078] {dag.py:2280} INFO - Setting next_dagrun for example_subdag_operator.section-2 to None
[2023-09-30 23:46:47,165] {logging_mixin.py:104} INFO - [2023-09-30 23:46:47,164] {dag.py:1824} INFO - Sync 2 DAGs
[2023-09-30 23:46:47,225] {logging_mixin.py:104} INFO - [2023-09-30 23:46:47,224] {dag.py:2280} INFO - Setting next_dagrun for example_subdag_operator.section-1 to None
[2023-09-30 23:46:47,230] {logging_mixin.py:104} INFO - [2023-09-30 23:46:47,229] {dag.py:2280} INFO - Setting next_dagrun for example_subdag_operator.section-2 to None
[2023-09-30 23:46:47,275] {scheduler_job.py:190} INFO - Processing /home/airflow/.local/lib/python3.6/site-packages/airflow/example_dags/example_subdag_operator.py took 1.206 seconds
[2023-09-30 23:47:17,487] {scheduler_job.py:182} INFO - Started process (PID=329) to work on /home/airflow/.local/lib/python3.6/site-packages/airflow/example_dags/example_subdag_operator.py
[2023-09-30 23:47:17,496] {scheduler_job.py:629} INFO - Processing file /home/airflow/.local/lib/python3.6/site-packages/airflow/example_dags/example_subdag_operator.py for tasks to queue
[2023-09-30 23:47:17,504] {logging_mixin.py:104} INFO - [2023-09-30 23:47:17,504] {dagbag.py:451} INFO - Filling up the DagBag from /home/airflow/.local/lib/python3.6/site-packages/airflow/example_dags/example_subdag_operator.py
[2023-09-30 23:47:17,751] {scheduler_job.py:639} INFO - DAG(s) dict_keys(['example_subdag_operator.section-1', 'example_subdag_operator.section-2', 'example_subdag_operator']) retrieved from /home/airflow/.local/lib/python3.6/site-packages/airflow/example_dags/example_subdag_operator.py
[2023-09-30 23:47:17,948] {logging_mixin.py:104} INFO - [2023-09-30 23:47:17,947] {dag.py:1824} INFO - Sync 3 DAGs
[2023-09-30 23:47:18,154] {logging_mixin.py:104} INFO - [2023-09-30 23:47:18,153] {dag.py:2280} INFO - Setting next_dagrun for example_subdag_operator to 2023-09-28 00:00:00+00:00
[2023-09-30 23:47:18,166] {logging_mixin.py:104} INFO - [2023-09-30 23:47:18,164] {dag.py:2280} INFO - Setting next_dagrun for example_subdag_operator.section-1 to None
[2023-09-30 23:47:18,176] {logging_mixin.py:104} INFO - [2023-09-30 23:47:18,175] {dag.py:2280} INFO - Setting next_dagrun for example_subdag_operator.section-2 to None
[2023-09-30 23:47:18,247] {logging_mixin.py:104} INFO - [2023-09-30 23:47:18,246] {dag.py:1824} INFO - Sync 2 DAGs
[2023-09-30 23:47:18,324] {logging_mixin.py:104} INFO - [2023-09-30 23:47:18,323] {dag.py:2280} INFO - Setting next_dagrun for example_subdag_operator.section-1 to None
[2023-09-30 23:47:18,329] {logging_mixin.py:104} INFO - [2023-09-30 23:47:18,328] {dag.py:2280} INFO - Setting next_dagrun for example_subdag_operator.section-2 to None
[2023-09-30 23:47:18,377] {scheduler_job.py:190} INFO - Processing /home/airflow/.local/lib/python3.6/site-packages/airflow/example_dags/example_subdag_operator.py took 0.915 seconds
[2023-09-30 23:47:48,697] {scheduler_job.py:182} INFO - Started process (PID=381) to work on /home/airflow/.local/lib/python3.6/site-packages/airflow/example_dags/example_subdag_operator.py
[2023-09-30 23:47:48,703] {scheduler_job.py:629} INFO - Processing file /home/airflow/.local/lib/python3.6/site-packages/airflow/example_dags/example_subdag_operator.py for tasks to queue
[2023-09-30 23:47:48,707] {logging_mixin.py:104} INFO - [2023-09-30 23:47:48,706] {dagbag.py:451} INFO - Filling up the DagBag from /home/airflow/.local/lib/python3.6/site-packages/airflow/example_dags/example_subdag_operator.py
[2023-09-30 23:47:48,819] {scheduler_job.py:639} INFO - DAG(s) dict_keys(['example_subdag_operator.section-1', 'example_subdag_operator.section-2', 'example_subdag_operator']) retrieved from /home/airflow/.local/lib/python3.6/site-packages/airflow/example_dags/example_subdag_operator.py
[2023-09-30 23:47:48,893] {logging_mixin.py:104} INFO - [2023-09-30 23:47:48,892] {dag.py:1824} INFO - Sync 3 DAGs
[2023-09-30 23:47:48,960] {logging_mixin.py:104} INFO - [2023-09-30 23:47:48,959] {dag.py:2280} INFO - Setting next_dagrun for example_subdag_operator to 2023-09-28 00:00:00+00:00
[2023-09-30 23:47:48,965] {logging_mixin.py:104} INFO - [2023-09-30 23:47:48,964] {dag.py:2280} INFO - Setting next_dagrun for example_subdag_operator.section-1 to None
[2023-09-30 23:47:48,967] {logging_mixin.py:104} INFO - [2023-09-30 23:47:48,966] {dag.py:2280} INFO - Setting next_dagrun for example_subdag_operator.section-2 to None
[2023-09-30 23:47:48,996] {logging_mixin.py:104} INFO - [2023-09-30 23:47:48,996] {dag.py:1824} INFO - Sync 2 DAGs
[2023-09-30 23:47:49,043] {logging_mixin.py:104} INFO - [2023-09-30 23:47:49,043] {dag.py:2280} INFO - Setting next_dagrun for example_subdag_operator.section-1 to None
[2023-09-30 23:47:49,046] {logging_mixin.py:104} INFO - [2023-09-30 23:47:49,046] {dag.py:2280} INFO - Setting next_dagrun for example_subdag_operator.section-2 to None
[2023-09-30 23:47:49,072] {scheduler_job.py:190} INFO - Processing /home/airflow/.local/lib/python3.6/site-packages/airflow/example_dags/example_subdag_operator.py took 0.384 seconds
[2023-09-30 23:48:19,262] {scheduler_job.py:182} INFO - Started process (PID=433) to work on /home/airflow/.local/lib/python3.6/site-packages/airflow/example_dags/example_subdag_operator.py
[2023-09-30 23:48:19,268] {scheduler_job.py:629} INFO - Processing file /home/airflow/.local/lib/python3.6/site-packages/airflow/example_dags/example_subdag_operator.py for tasks to queue
[2023-09-30 23:48:19,273] {logging_mixin.py:104} INFO - [2023-09-30 23:48:19,272] {dagbag.py:451} INFO - Filling up the DagBag from /home/airflow/.local/lib/python3.6/site-packages/airflow/example_dags/example_subdag_operator.py
[2023-09-30 23:48:19,385] {scheduler_job.py:639} INFO - DAG(s) dict_keys(['example_subdag_operator.section-1', 'example_subdag_operator.section-2', 'example_subdag_operator']) retrieved from /home/airflow/.local/lib/python3.6/site-packages/airflow/example_dags/example_subdag_operator.py
[2023-09-30 23:48:19,464] {logging_mixin.py:104} INFO - [2023-09-30 23:48:19,463] {dag.py:1824} INFO - Sync 3 DAGs
[2023-09-30 23:48:19,536] {logging_mixin.py:104} INFO - [2023-09-30 23:48:19,535] {dag.py:2280} INFO - Setting next_dagrun for example_subdag_operator to 2023-09-28 00:00:00+00:00
[2023-09-30 23:48:19,541] {logging_mixin.py:104} INFO - [2023-09-30 23:48:19,540] {dag.py:2280} INFO - Setting next_dagrun for example_subdag_operator.section-1 to None
[2023-09-30 23:48:19,544] {logging_mixin.py:104} INFO - [2023-09-30 23:48:19,543] {dag.py:2280} INFO - Setting next_dagrun for example_subdag_operator.section-2 to None
[2023-09-30 23:48:19,576] {logging_mixin.py:104} INFO - [2023-09-30 23:48:19,575] {dag.py:1824} INFO - Sync 2 DAGs
[2023-09-30 23:48:19,622] {logging_mixin.py:104} INFO - [2023-09-30 23:48:19,621] {dag.py:2280} INFO - Setting next_dagrun for example_subdag_operator.section-1 to None
[2023-09-30 23:48:19,625] {logging_mixin.py:104} INFO - [2023-09-30 23:48:19,624] {dag.py:2280} INFO - Setting next_dagrun for example_subdag_operator.section-2 to None
[2023-09-30 23:48:19,648] {scheduler_job.py:190} INFO - Processing /home/airflow/.local/lib/python3.6/site-packages/airflow/example_dags/example_subdag_operator.py took 0.397 seconds
[2023-09-30 23:48:49,802] {scheduler_job.py:182} INFO - Started process (PID=485) to work on /home/airflow/.local/lib/python3.6/site-packages/airflow/example_dags/example_subdag_operator.py
[2023-09-30 23:48:49,810] {scheduler_job.py:629} INFO - Processing file /home/airflow/.local/lib/python3.6/site-packages/airflow/example_dags/example_subdag_operator.py for tasks to queue
[2023-09-30 23:48:49,814] {logging_mixin.py:104} INFO - [2023-09-30 23:48:49,813] {dagbag.py:451} INFO - Filling up the DagBag from /home/airflow/.local/lib/python3.6/site-packages/airflow/example_dags/example_subdag_operator.py
[2023-09-30 23:48:49,938] {scheduler_job.py:639} INFO - DAG(s) dict_keys(['example_subdag_operator.section-1', 'example_subdag_operator.section-2', 'example_subdag_operator']) retrieved from /home/airflow/.local/lib/python3.6/site-packages/airflow/example_dags/example_subdag_operator.py
[2023-09-30 23:48:50,008] {logging_mixin.py:104} INFO - [2023-09-30 23:48:50,008] {dag.py:1824} INFO - Sync 3 DAGs
[2023-09-30 23:48:50,110] {logging_mixin.py:104} INFO - [2023-09-30 23:48:50,109] {dag.py:2280} INFO - Setting next_dagrun for example_subdag_operator to 2023-09-28 00:00:00+00:00
[2023-09-30 23:48:50,122] {logging_mixin.py:104} INFO - [2023-09-30 23:48:50,121] {dag.py:2280} INFO - Setting next_dagrun for example_subdag_operator.section-1 to None
[2023-09-30 23:48:50,128] {logging_mixin.py:104} INFO - [2023-09-30 23:48:50,127] {dag.py:2280} INFO - Setting next_dagrun for example_subdag_operator.section-2 to None
[2023-09-30 23:48:50,181] {logging_mixin.py:104} INFO - [2023-09-30 23:48:50,180] {dag.py:1824} INFO - Sync 2 DAGs
[2023-09-30 23:48:50,236] {logging_mixin.py:104} INFO - [2023-09-30 23:48:50,235] {dag.py:2280} INFO - Setting next_dagrun for example_subdag_operator.section-1 to None
[2023-09-30 23:48:50,240] {logging_mixin.py:104} INFO - [2023-09-30 23:48:50,239] {dag.py:2280} INFO - Setting next_dagrun for example_subdag_operator.section-2 to None
[2023-09-30 23:48:50,276] {scheduler_job.py:190} INFO - Processing /home/airflow/.local/lib/python3.6/site-packages/airflow/example_dags/example_subdag_operator.py took 0.484 seconds
[2023-09-30 23:49:20,878] {scheduler_job.py:182} INFO - Started process (PID=537) to work on /home/airflow/.local/lib/python3.6/site-packages/airflow/example_dags/example_subdag_operator.py
[2023-09-30 23:49:20,885] {scheduler_job.py:629} INFO - Processing file /home/airflow/.local/lib/python3.6/site-packages/airflow/example_dags/example_subdag_operator.py for tasks to queue
[2023-09-30 23:49:20,889] {logging_mixin.py:104} INFO - [2023-09-30 23:49:20,889] {dagbag.py:451} INFO - Filling up the DagBag from /home/airflow/.local/lib/python3.6/site-packages/airflow/example_dags/example_subdag_operator.py
[2023-09-30 23:49:21,026] {scheduler_job.py:639} INFO - DAG(s) dict_keys(['example_subdag_operator.section-1', 'example_subdag_operator.section-2', 'example_subdag_operator']) retrieved from /home/airflow/.local/lib/python3.6/site-packages/airflow/example_dags/example_subdag_operator.py
[2023-09-30 23:49:21,095] {logging_mixin.py:104} INFO - [2023-09-30 23:49:21,094] {dag.py:1824} INFO - Sync 3 DAGs
[2023-09-30 23:49:21,166] {logging_mixin.py:104} INFO - [2023-09-30 23:49:21,166] {dag.py:2280} INFO - Setting next_dagrun for example_subdag_operator to 2023-09-28 00:00:00+00:00
[2023-09-30 23:49:21,173] {logging_mixin.py:104} INFO - [2023-09-30 23:49:21,173] {dag.py:2280} INFO - Setting next_dagrun for example_subdag_operator.section-1 to None
[2023-09-30 23:49:21,176] {logging_mixin.py:104} INFO - [2023-09-30 23:49:21,175] {dag.py:2280} INFO - Setting next_dagrun for example_subdag_operator.section-2 to None
[2023-09-30 23:49:21,208] {logging_mixin.py:104} INFO - [2023-09-30 23:49:21,207] {dag.py:1824} INFO - Sync 2 DAGs
[2023-09-30 23:49:21,255] {logging_mixin.py:104} INFO - [2023-09-30 23:49:21,255] {dag.py:2280} INFO - Setting next_dagrun for example_subdag_operator.section-1 to None
[2023-09-30 23:49:21,261] {logging_mixin.py:104} INFO - [2023-09-30 23:49:21,260] {dag.py:2280} INFO - Setting next_dagrun for example_subdag_operator.section-2 to None
[2023-09-30 23:49:21,285] {scheduler_job.py:190} INFO - Processing /home/airflow/.local/lib/python3.6/site-packages/airflow/example_dags/example_subdag_operator.py took 0.416 seconds
[2023-09-30 23:49:51,445] {scheduler_job.py:182} INFO - Started process (PID=589) to work on /home/airflow/.local/lib/python3.6/site-packages/airflow/example_dags/example_subdag_operator.py
[2023-09-30 23:49:51,452] {scheduler_job.py:629} INFO - Processing file /home/airflow/.local/lib/python3.6/site-packages/airflow/example_dags/example_subdag_operator.py for tasks to queue
[2023-09-30 23:49:51,457] {logging_mixin.py:104} INFO - [2023-09-30 23:49:51,457] {dagbag.py:451} INFO - Filling up the DagBag from /home/airflow/.local/lib/python3.6/site-packages/airflow/example_dags/example_subdag_operator.py
[2023-09-30 23:49:51,597] {scheduler_job.py:639} INFO - DAG(s) dict_keys(['example_subdag_operator.section-1', 'example_subdag_operator.section-2', 'example_subdag_operator']) retrieved from /home/airflow/.local/lib/python3.6/site-packages/airflow/example_dags/example_subdag_operator.py
[2023-09-30 23:49:51,679] {logging_mixin.py:104} INFO - [2023-09-30 23:49:51,678] {dag.py:1824} INFO - Sync 3 DAGs
[2023-09-30 23:49:51,758] {logging_mixin.py:104} INFO - [2023-09-30 23:49:51,758] {dag.py:2280} INFO - Setting next_dagrun for example_subdag_operator to 2023-09-28 00:00:00+00:00
[2023-09-30 23:49:51,764] {logging_mixin.py:104} INFO - [2023-09-30 23:49:51,763] {dag.py:2280} INFO - Setting next_dagrun for example_subdag_operator.section-1 to None
[2023-09-30 23:49:51,767] {logging_mixin.py:104} INFO - [2023-09-30 23:49:51,767] {dag.py:2280} INFO - Setting next_dagrun for example_subdag_operator.section-2 to None
[2023-09-30 23:49:51,807] {logging_mixin.py:104} INFO - [2023-09-30 23:49:51,806] {dag.py:1824} INFO - Sync 2 DAGs
[2023-09-30 23:49:51,853] {logging_mixin.py:104} INFO - [2023-09-30 23:49:51,852] {dag.py:2280} INFO - Setting next_dagrun for example_subdag_operator.section-1 to None
[2023-09-30 23:49:51,856] {logging_mixin.py:104} INFO - [2023-09-30 23:49:51,856] {dag.py:2280} INFO - Setting next_dagrun for example_subdag_operator.section-2 to None
[2023-09-30 23:49:51,889] {scheduler_job.py:190} INFO - Processing /home/airflow/.local/lib/python3.6/site-packages/airflow/example_dags/example_subdag_operator.py took 0.456 seconds
[2023-09-30 23:50:22,203] {scheduler_job.py:182} INFO - Started process (PID=643) to work on /home/airflow/.local/lib/python3.6/site-packages/airflow/example_dags/example_subdag_operator.py
[2023-09-30 23:50:22,209] {scheduler_job.py:629} INFO - Processing file /home/airflow/.local/lib/python3.6/site-packages/airflow/example_dags/example_subdag_operator.py for tasks to queue
[2023-09-30 23:50:22,214] {logging_mixin.py:104} INFO - [2023-09-30 23:50:22,213] {dagbag.py:451} INFO - Filling up the DagBag from /home/airflow/.local/lib/python3.6/site-packages/airflow/example_dags/example_subdag_operator.py
[2023-09-30 23:50:22,343] {scheduler_job.py:639} INFO - DAG(s) dict_keys(['example_subdag_operator.section-1', 'example_subdag_operator.section-2', 'example_subdag_operator']) retrieved from /home/airflow/.local/lib/python3.6/site-packages/airflow/example_dags/example_subdag_operator.py
[2023-09-30 23:50:22,412] {logging_mixin.py:104} INFO - [2023-09-30 23:50:22,411] {dag.py:1824} INFO - Sync 3 DAGs
[2023-09-30 23:50:22,479] {logging_mixin.py:104} INFO - [2023-09-30 23:50:22,479] {dag.py:2280} INFO - Setting next_dagrun for example_subdag_operator to 2023-09-28 00:00:00+00:00
[2023-09-30 23:50:22,485] {logging_mixin.py:104} INFO - [2023-09-30 23:50:22,484] {dag.py:2280} INFO - Setting next_dagrun for example_subdag_operator.section-1 to None
[2023-09-30 23:50:22,488] {logging_mixin.py:104} INFO - [2023-09-30 23:50:22,487] {dag.py:2280} INFO - Setting next_dagrun for example_subdag_operator.section-2 to None
[2023-09-30 23:50:22,518] {logging_mixin.py:104} INFO - [2023-09-30 23:50:22,517] {dag.py:1824} INFO - Sync 2 DAGs
[2023-09-30 23:50:22,553] {logging_mixin.py:104} INFO - [2023-09-30 23:50:22,553] {dag.py:2280} INFO - Setting next_dagrun for example_subdag_operator.section-1 to None
[2023-09-30 23:50:22,556] {logging_mixin.py:104} INFO - [2023-09-30 23:50:22,556] {dag.py:2280} INFO - Setting next_dagrun for example_subdag_operator.section-2 to None
[2023-09-30 23:50:22,578] {scheduler_job.py:190} INFO - Processing /home/airflow/.local/lib/python3.6/site-packages/airflow/example_dags/example_subdag_operator.py took 0.387 seconds
[2023-09-30 23:50:52,719] {scheduler_job.py:182} INFO - Started process (PID=697) to work on /home/airflow/.local/lib/python3.6/site-packages/airflow/example_dags/example_subdag_operator.py
[2023-09-30 23:50:52,724] {scheduler_job.py:629} INFO - Processing file /home/airflow/.local/lib/python3.6/site-packages/airflow/example_dags/example_subdag_operator.py for tasks to queue
[2023-09-30 23:50:52,728] {logging_mixin.py:104} INFO - [2023-09-30 23:50:52,727] {dagbag.py:451} INFO - Filling up the DagBag from /home/airflow/.local/lib/python3.6/site-packages/airflow/example_dags/example_subdag_operator.py
[2023-09-30 23:50:52,843] {scheduler_job.py:639} INFO - DAG(s) dict_keys(['example_subdag_operator.section-1', 'example_subdag_operator.section-2', 'example_subdag_operator']) retrieved from /home/airflow/.local/lib/python3.6/site-packages/airflow/example_dags/example_subdag_operator.py
[2023-09-30 23:50:52,912] {logging_mixin.py:104} INFO - [2023-09-30 23:50:52,912] {dag.py:1824} INFO - Sync 3 DAGs
[2023-09-30 23:50:52,983] {logging_mixin.py:104} INFO - [2023-09-30 23:50:52,983] {dag.py:2280} INFO - Setting next_dagrun for example_subdag_operator to 2023-09-28 00:00:00+00:00
[2023-09-30 23:50:52,989] {logging_mixin.py:104} INFO - [2023-09-30 23:50:52,988] {dag.py:2280} INFO - Setting next_dagrun for example_subdag_operator.section-1 to None
[2023-09-30 23:50:52,992] {logging_mixin.py:104} INFO - [2023-09-30 23:50:52,991] {dag.py:2280} INFO - Setting next_dagrun for example_subdag_operator.section-2 to None
[2023-09-30 23:50:53,023] {logging_mixin.py:104} INFO - [2023-09-30 23:50:53,023] {dag.py:1824} INFO - Sync 2 DAGs
[2023-09-30 23:50:53,063] {logging_mixin.py:104} INFO - [2023-09-30 23:50:53,062] {dag.py:2280} INFO - Setting next_dagrun for example_subdag_operator.section-1 to None
[2023-09-30 23:50:53,066] {logging_mixin.py:104} INFO - [2023-09-30 23:50:53,066] {dag.py:2280} INFO - Setting next_dagrun for example_subdag_operator.section-2 to None
[2023-09-30 23:50:53,090] {scheduler_job.py:190} INFO - Processing /home/airflow/.local/lib/python3.6/site-packages/airflow/example_dags/example_subdag_operator.py took 0.381 seconds
