[2023-09-30 23:34:07,000] {scheduler_job.py:182} INFO - Started process (PID=113) to work on /home/airflow/.local/lib/python3.6/site-packages/airflow/example_dags/example_branch_operator.py
[2023-09-30 23:34:07,010] {scheduler_job.py:629} INFO - Processing file /home/airflow/.local/lib/python3.6/site-packages/airflow/example_dags/example_branch_operator.py for tasks to queue
[2023-09-30 23:34:07,019] {logging_mixin.py:104} INFO - [2023-09-30 23:34:07,018] {dagbag.py:451} INFO - Filling up the DagBag from /home/airflow/.local/lib/python3.6/site-packages/airflow/example_dags/example_branch_operator.py
[2023-09-30 23:34:07,163] {scheduler_job.py:639} INFO - DAG(s) dict_keys(['example_branch_operator']) retrieved from /home/airflow/.local/lib/python3.6/site-packages/airflow/example_dags/example_branch_operator.py
[2023-09-30 23:34:07,317] {logging_mixin.py:104} INFO - [2023-09-30 23:34:07,317] {dag.py:1824} INFO - Sync 1 DAGs
[2023-09-30 23:34:07,375] {logging_mixin.py:104} INFO - [2023-09-30 23:34:07,374] {dag.py:1843} INFO - Creating ORM DAG for example_branch_operator
[2023-09-30 23:34:07,500] {logging_mixin.py:104} INFO - [2023-09-30 23:34:07,499] {dag.py:2280} INFO - Setting next_dagrun for example_branch_operator to 2023-09-28 00:00:00+00:00
[2023-09-30 23:34:07,578] {scheduler_job.py:190} INFO - Processing /home/airflow/.local/lib/python3.6/site-packages/airflow/example_dags/example_branch_operator.py took 0.595 seconds
[2023-09-30 23:34:38,189] {scheduler_job.py:182} INFO - Started process (PID=165) to work on /home/airflow/.local/lib/python3.6/site-packages/airflow/example_dags/example_branch_operator.py
[2023-09-30 23:34:38,197] {scheduler_job.py:629} INFO - Processing file /home/airflow/.local/lib/python3.6/site-packages/airflow/example_dags/example_branch_operator.py for tasks to queue
[2023-09-30 23:34:38,204] {logging_mixin.py:104} INFO - [2023-09-30 23:34:38,203] {dagbag.py:451} INFO - Filling up the DagBag from /home/airflow/.local/lib/python3.6/site-packages/airflow/example_dags/example_branch_operator.py
[2023-09-30 23:34:38,354] {scheduler_job.py:639} INFO - DAG(s) dict_keys(['example_branch_operator']) retrieved from /home/airflow/.local/lib/python3.6/site-packages/airflow/example_dags/example_branch_operator.py
[2023-09-30 23:34:38,492] {logging_mixin.py:104} INFO - [2023-09-30 23:34:38,492] {dag.py:1824} INFO - Sync 1 DAGs
[2023-09-30 23:34:38,686] {logging_mixin.py:104} INFO - [2023-09-30 23:34:38,685] {dag.py:2280} INFO - Setting next_dagrun for example_branch_operator to 2023-09-28 00:00:00+00:00
[2023-09-30 23:34:38,737] {scheduler_job.py:190} INFO - Processing /home/airflow/.local/lib/python3.6/site-packages/airflow/example_dags/example_branch_operator.py took 0.567 seconds
[2023-09-30 23:35:08,972] {scheduler_job.py:182} INFO - Started process (PID=217) to work on /home/airflow/.local/lib/python3.6/site-packages/airflow/example_dags/example_branch_operator.py
[2023-09-30 23:35:08,978] {scheduler_job.py:629} INFO - Processing file /home/airflow/.local/lib/python3.6/site-packages/airflow/example_dags/example_branch_operator.py for tasks to queue
[2023-09-30 23:35:08,982] {logging_mixin.py:104} INFO - [2023-09-30 23:35:08,981] {dagbag.py:451} INFO - Filling up the DagBag from /home/airflow/.local/lib/python3.6/site-packages/airflow/example_dags/example_branch_operator.py
[2023-09-30 23:35:09,089] {scheduler_job.py:639} INFO - DAG(s) dict_keys(['example_branch_operator']) retrieved from /home/airflow/.local/lib/python3.6/site-packages/airflow/example_dags/example_branch_operator.py
[2023-09-30 23:35:09,208] {logging_mixin.py:104} INFO - [2023-09-30 23:35:09,207] {dag.py:1824} INFO - Sync 1 DAGs
[2023-09-30 23:35:09,413] {logging_mixin.py:104} INFO - [2023-09-30 23:35:09,412] {dag.py:2280} INFO - Setting next_dagrun for example_branch_operator to 2023-09-28 00:00:00+00:00
[2023-09-30 23:35:09,475] {scheduler_job.py:190} INFO - Processing /home/airflow/.local/lib/python3.6/site-packages/airflow/example_dags/example_branch_operator.py took 0.513 seconds
[2023-09-30 23:35:41,066] {scheduler_job.py:182} INFO - Started process (PID=269) to work on /home/airflow/.local/lib/python3.6/site-packages/airflow/example_dags/example_branch_operator.py
[2023-09-30 23:35:41,081] {scheduler_job.py:629} INFO - Processing file /home/airflow/.local/lib/python3.6/site-packages/airflow/example_dags/example_branch_operator.py for tasks to queue
[2023-09-30 23:35:41,097] {logging_mixin.py:104} INFO - [2023-09-30 23:35:41,093] {dagbag.py:451} INFO - Filling up the DagBag from /home/airflow/.local/lib/python3.6/site-packages/airflow/example_dags/example_branch_operator.py
[2023-09-30 23:35:41,329] {scheduler_job.py:639} INFO - DAG(s) dict_keys(['example_branch_operator']) retrieved from /home/airflow/.local/lib/python3.6/site-packages/airflow/example_dags/example_branch_operator.py
[2023-09-30 23:35:41,535] {logging_mixin.py:104} INFO - [2023-09-30 23:35:41,533] {dag.py:1824} INFO - Sync 1 DAGs
[2023-09-30 23:35:41,948] {logging_mixin.py:104} INFO - [2023-09-30 23:35:41,947] {dag.py:2280} INFO - Setting next_dagrun for example_branch_operator to 2023-09-28 00:00:00+00:00
[2023-09-30 23:35:42,039] {scheduler_job.py:190} INFO - Processing /home/airflow/.local/lib/python3.6/site-packages/airflow/example_dags/example_branch_operator.py took 0.994 seconds
[2023-09-30 23:36:12,289] {scheduler_job.py:182} INFO - Started process (PID=321) to work on /home/airflow/.local/lib/python3.6/site-packages/airflow/example_dags/example_branch_operator.py
[2023-09-30 23:36:12,305] {scheduler_job.py:629} INFO - Processing file /home/airflow/.local/lib/python3.6/site-packages/airflow/example_dags/example_branch_operator.py for tasks to queue
[2023-09-30 23:36:12,317] {logging_mixin.py:104} INFO - [2023-09-30 23:36:12,312] {dagbag.py:451} INFO - Filling up the DagBag from /home/airflow/.local/lib/python3.6/site-packages/airflow/example_dags/example_branch_operator.py
[2023-09-30 23:36:12,613] {scheduler_job.py:639} INFO - DAG(s) dict_keys(['example_branch_operator']) retrieved from /home/airflow/.local/lib/python3.6/site-packages/airflow/example_dags/example_branch_operator.py
[2023-09-30 23:36:12,796] {logging_mixin.py:104} INFO - [2023-09-30 23:36:12,795] {dag.py:1824} INFO - Sync 1 DAGs
[2023-09-30 23:36:13,058] {logging_mixin.py:104} INFO - [2023-09-30 23:36:13,056] {dag.py:2280} INFO - Setting next_dagrun for example_branch_operator to 2023-09-28 00:00:00+00:00
[2023-09-30 23:36:13,169] {scheduler_job.py:190} INFO - Processing /home/airflow/.local/lib/python3.6/site-packages/airflow/example_dags/example_branch_operator.py took 0.903 seconds
[2023-09-30 23:37:02,687] {scheduler_job.py:182} INFO - Started process (PID=78) to work on /home/airflow/.local/lib/python3.6/site-packages/airflow/example_dags/example_branch_operator.py
[2023-09-30 23:37:02,694] {scheduler_job.py:629} INFO - Processing file /home/airflow/.local/lib/python3.6/site-packages/airflow/example_dags/example_branch_operator.py for tasks to queue
[2023-09-30 23:37:02,699] {logging_mixin.py:104} INFO - [2023-09-30 23:37:02,698] {dagbag.py:451} INFO - Filling up the DagBag from /home/airflow/.local/lib/python3.6/site-packages/airflow/example_dags/example_branch_operator.py
[2023-09-30 23:37:02,789] {scheduler_job.py:639} INFO - DAG(s) dict_keys(['example_branch_operator']) retrieved from /home/airflow/.local/lib/python3.6/site-packages/airflow/example_dags/example_branch_operator.py
[2023-09-30 23:37:02,876] {logging_mixin.py:104} INFO - [2023-09-30 23:37:02,875] {dag.py:1824} INFO - Sync 1 DAGs
[2023-09-30 23:37:03,021] {logging_mixin.py:104} INFO - [2023-09-30 23:37:03,020] {dag.py:2280} INFO - Setting next_dagrun for example_branch_operator to 2023-09-28 00:00:00+00:00
[2023-09-30 23:37:03,063] {scheduler_job.py:190} INFO - Processing /home/airflow/.local/lib/python3.6/site-packages/airflow/example_dags/example_branch_operator.py took 0.388 seconds
[2023-09-30 23:37:33,425] {scheduler_job.py:182} INFO - Started process (PID=128) to work on /home/airflow/.local/lib/python3.6/site-packages/airflow/example_dags/example_branch_operator.py
[2023-09-30 23:37:33,433] {scheduler_job.py:629} INFO - Processing file /home/airflow/.local/lib/python3.6/site-packages/airflow/example_dags/example_branch_operator.py for tasks to queue
[2023-09-30 23:37:33,447] {logging_mixin.py:104} INFO - [2023-09-30 23:37:33,446] {dagbag.py:451} INFO - Filling up the DagBag from /home/airflow/.local/lib/python3.6/site-packages/airflow/example_dags/example_branch_operator.py
[2023-09-30 23:37:33,583] {scheduler_job.py:639} INFO - DAG(s) dict_keys(['example_branch_operator']) retrieved from /home/airflow/.local/lib/python3.6/site-packages/airflow/example_dags/example_branch_operator.py
[2023-09-30 23:37:33,693] {logging_mixin.py:104} INFO - [2023-09-30 23:37:33,692] {dag.py:1824} INFO - Sync 1 DAGs
[2023-09-30 23:37:33,827] {logging_mixin.py:104} INFO - [2023-09-30 23:37:33,826] {dag.py:2280} INFO - Setting next_dagrun for example_branch_operator to 2023-09-28 00:00:00+00:00
[2023-09-30 23:37:33,869] {scheduler_job.py:190} INFO - Processing /home/airflow/.local/lib/python3.6/site-packages/airflow/example_dags/example_branch_operator.py took 0.456 seconds
[2023-09-30 23:38:04,036] {scheduler_job.py:182} INFO - Started process (PID=180) to work on /home/airflow/.local/lib/python3.6/site-packages/airflow/example_dags/example_branch_operator.py
[2023-09-30 23:38:04,042] {scheduler_job.py:629} INFO - Processing file /home/airflow/.local/lib/python3.6/site-packages/airflow/example_dags/example_branch_operator.py for tasks to queue
[2023-09-30 23:38:04,046] {logging_mixin.py:104} INFO - [2023-09-30 23:38:04,045] {dagbag.py:451} INFO - Filling up the DagBag from /home/airflow/.local/lib/python3.6/site-packages/airflow/example_dags/example_branch_operator.py
[2023-09-30 23:38:04,131] {scheduler_job.py:639} INFO - DAG(s) dict_keys(['example_branch_operator']) retrieved from /home/airflow/.local/lib/python3.6/site-packages/airflow/example_dags/example_branch_operator.py
[2023-09-30 23:38:04,249] {logging_mixin.py:104} INFO - [2023-09-30 23:38:04,249] {dag.py:1824} INFO - Sync 1 DAGs
[2023-09-30 23:38:04,393] {logging_mixin.py:104} INFO - [2023-09-30 23:38:04,392] {dag.py:2280} INFO - Setting next_dagrun for example_branch_operator to 2023-09-28 00:00:00+00:00
[2023-09-30 23:38:04,443] {scheduler_job.py:190} INFO - Processing /home/airflow/.local/lib/python3.6/site-packages/airflow/example_dags/example_branch_operator.py took 0.416 seconds
[2023-09-30 23:38:34,823] {scheduler_job.py:182} INFO - Started process (PID=230) to work on /home/airflow/.local/lib/python3.6/site-packages/airflow/example_dags/example_branch_operator.py
[2023-09-30 23:38:34,829] {scheduler_job.py:629} INFO - Processing file /home/airflow/.local/lib/python3.6/site-packages/airflow/example_dags/example_branch_operator.py for tasks to queue
[2023-09-30 23:38:34,833] {logging_mixin.py:104} INFO - [2023-09-30 23:38:34,833] {dagbag.py:451} INFO - Filling up the DagBag from /home/airflow/.local/lib/python3.6/site-packages/airflow/example_dags/example_branch_operator.py
[2023-09-30 23:38:34,932] {scheduler_job.py:639} INFO - DAG(s) dict_keys(['example_branch_operator']) retrieved from /home/airflow/.local/lib/python3.6/site-packages/airflow/example_dags/example_branch_operator.py
[2023-09-30 23:38:35,029] {logging_mixin.py:104} INFO - [2023-09-30 23:38:35,028] {dag.py:1824} INFO - Sync 1 DAGs
[2023-09-30 23:38:35,188] {logging_mixin.py:104} INFO - [2023-09-30 23:38:35,187] {dag.py:2280} INFO - Setting next_dagrun for example_branch_operator to 2023-09-28 00:00:00+00:00
[2023-09-30 23:38:35,236] {scheduler_job.py:190} INFO - Processing /home/airflow/.local/lib/python3.6/site-packages/airflow/example_dags/example_branch_operator.py took 0.423 seconds
[2023-09-30 23:39:05,642] {scheduler_job.py:182} INFO - Started process (PID=284) to work on /home/airflow/.local/lib/python3.6/site-packages/airflow/example_dags/example_branch_operator.py
[2023-09-30 23:39:05,653] {scheduler_job.py:629} INFO - Processing file /home/airflow/.local/lib/python3.6/site-packages/airflow/example_dags/example_branch_operator.py for tasks to queue
[2023-09-30 23:39:05,662] {logging_mixin.py:104} INFO - [2023-09-30 23:39:05,660] {dagbag.py:451} INFO - Filling up the DagBag from /home/airflow/.local/lib/python3.6/site-packages/airflow/example_dags/example_branch_operator.py
[2023-09-30 23:39:05,816] {scheduler_job.py:639} INFO - DAG(s) dict_keys(['example_branch_operator']) retrieved from /home/airflow/.local/lib/python3.6/site-packages/airflow/example_dags/example_branch_operator.py
[2023-09-30 23:39:05,972] {logging_mixin.py:104} INFO - [2023-09-30 23:39:05,972] {dag.py:1824} INFO - Sync 1 DAGs
[2023-09-30 23:39:06,289] {logging_mixin.py:104} INFO - [2023-09-30 23:39:06,288] {dag.py:2280} INFO - Setting next_dagrun for example_branch_operator to 2023-09-28 00:00:00+00:00
[2023-09-30 23:39:06,357] {scheduler_job.py:190} INFO - Processing /home/airflow/.local/lib/python3.6/site-packages/airflow/example_dags/example_branch_operator.py took 0.735 seconds
[2023-09-30 23:39:37,000] {scheduler_job.py:182} INFO - Started process (PID=338) to work on /home/airflow/.local/lib/python3.6/site-packages/airflow/example_dags/example_branch_operator.py
[2023-09-30 23:39:37,010] {scheduler_job.py:629} INFO - Processing file /home/airflow/.local/lib/python3.6/site-packages/airflow/example_dags/example_branch_operator.py for tasks to queue
[2023-09-30 23:39:37,014] {logging_mixin.py:104} INFO - [2023-09-30 23:39:37,014] {dagbag.py:451} INFO - Filling up the DagBag from /home/airflow/.local/lib/python3.6/site-packages/airflow/example_dags/example_branch_operator.py
[2023-09-30 23:39:37,138] {scheduler_job.py:639} INFO - DAG(s) dict_keys(['example_branch_operator']) retrieved from /home/airflow/.local/lib/python3.6/site-packages/airflow/example_dags/example_branch_operator.py
[2023-09-30 23:39:37,259] {logging_mixin.py:104} INFO - [2023-09-30 23:39:37,258] {dag.py:1824} INFO - Sync 1 DAGs
[2023-09-30 23:39:37,448] {logging_mixin.py:104} INFO - [2023-09-30 23:39:37,447] {dag.py:2280} INFO - Setting next_dagrun for example_branch_operator to 2023-09-28 00:00:00+00:00
[2023-09-30 23:39:37,516] {scheduler_job.py:190} INFO - Processing /home/airflow/.local/lib/python3.6/site-packages/airflow/example_dags/example_branch_operator.py took 0.528 seconds
[2023-09-30 23:40:07,819] {scheduler_job.py:182} INFO - Started process (PID=390) to work on /home/airflow/.local/lib/python3.6/site-packages/airflow/example_dags/example_branch_operator.py
[2023-09-30 23:40:07,826] {scheduler_job.py:629} INFO - Processing file /home/airflow/.local/lib/python3.6/site-packages/airflow/example_dags/example_branch_operator.py for tasks to queue
[2023-09-30 23:40:07,836] {logging_mixin.py:104} INFO - [2023-09-30 23:40:07,834] {dagbag.py:451} INFO - Filling up the DagBag from /home/airflow/.local/lib/python3.6/site-packages/airflow/example_dags/example_branch_operator.py
[2023-09-30 23:40:07,935] {scheduler_job.py:639} INFO - DAG(s) dict_keys(['example_branch_operator']) retrieved from /home/airflow/.local/lib/python3.6/site-packages/airflow/example_dags/example_branch_operator.py
[2023-09-30 23:40:08,046] {logging_mixin.py:104} INFO - [2023-09-30 23:40:08,045] {dag.py:1824} INFO - Sync 1 DAGs
[2023-09-30 23:40:08,197] {logging_mixin.py:104} INFO - [2023-09-30 23:40:08,196] {dag.py:2280} INFO - Setting next_dagrun for example_branch_operator to 2023-09-28 00:00:00+00:00
[2023-09-30 23:40:08,251] {scheduler_job.py:190} INFO - Processing /home/airflow/.local/lib/python3.6/site-packages/airflow/example_dags/example_branch_operator.py took 0.443 seconds
[2023-09-30 23:40:38,637] {scheduler_job.py:182} INFO - Started process (PID=442) to work on /home/airflow/.local/lib/python3.6/site-packages/airflow/example_dags/example_branch_operator.py
[2023-09-30 23:40:38,646] {scheduler_job.py:629} INFO - Processing file /home/airflow/.local/lib/python3.6/site-packages/airflow/example_dags/example_branch_operator.py for tasks to queue
[2023-09-30 23:40:38,655] {logging_mixin.py:104} INFO - [2023-09-30 23:40:38,654] {dagbag.py:451} INFO - Filling up the DagBag from /home/airflow/.local/lib/python3.6/site-packages/airflow/example_dags/example_branch_operator.py
[2023-09-30 23:40:38,777] {scheduler_job.py:639} INFO - DAG(s) dict_keys(['example_branch_operator']) retrieved from /home/airflow/.local/lib/python3.6/site-packages/airflow/example_dags/example_branch_operator.py
[2023-09-30 23:40:38,905] {logging_mixin.py:104} INFO - [2023-09-30 23:40:38,905] {dag.py:1824} INFO - Sync 1 DAGs
[2023-09-30 23:40:39,131] {logging_mixin.py:104} INFO - [2023-09-30 23:40:39,130] {dag.py:2280} INFO - Setting next_dagrun for example_branch_operator to 2023-09-28 00:00:00+00:00
[2023-09-30 23:40:39,195] {scheduler_job.py:190} INFO - Processing /home/airflow/.local/lib/python3.6/site-packages/airflow/example_dags/example_branch_operator.py took 0.587 seconds
[2023-09-30 23:44:52,410] {scheduler_job.py:182} INFO - Started process (PID=99) to work on /home/airflow/.local/lib/python3.6/site-packages/airflow/example_dags/example_branch_operator.py
[2023-09-30 23:44:52,437] {scheduler_job.py:629} INFO - Processing file /home/airflow/.local/lib/python3.6/site-packages/airflow/example_dags/example_branch_operator.py for tasks to queue
[2023-09-30 23:44:52,457] {logging_mixin.py:104} INFO - [2023-09-30 23:44:52,456] {dagbag.py:451} INFO - Filling up the DagBag from /home/airflow/.local/lib/python3.6/site-packages/airflow/example_dags/example_branch_operator.py
[2023-09-30 23:44:52,717] {scheduler_job.py:639} INFO - DAG(s) dict_keys(['example_branch_operator']) retrieved from /home/airflow/.local/lib/python3.6/site-packages/airflow/example_dags/example_branch_operator.py
[2023-09-30 23:44:52,982] {logging_mixin.py:104} INFO - [2023-09-30 23:44:52,981] {dag.py:1824} INFO - Sync 1 DAGs
[2023-09-30 23:44:53,370] {logging_mixin.py:104} INFO - [2023-09-30 23:44:53,369] {dag.py:2280} INFO - Setting next_dagrun for example_branch_operator to 2023-09-28 00:00:00+00:00
[2023-09-30 23:44:53,446] {scheduler_job.py:190} INFO - Processing /home/airflow/.local/lib/python3.6/site-packages/airflow/example_dags/example_branch_operator.py took 1.063 seconds
[2023-09-30 23:45:23,975] {scheduler_job.py:182} INFO - Started process (PID=151) to work on /home/airflow/.local/lib/python3.6/site-packages/airflow/example_dags/example_branch_operator.py
[2023-09-30 23:45:23,983] {scheduler_job.py:629} INFO - Processing file /home/airflow/.local/lib/python3.6/site-packages/airflow/example_dags/example_branch_operator.py for tasks to queue
[2023-09-30 23:45:23,987] {logging_mixin.py:104} INFO - [2023-09-30 23:45:23,987] {dagbag.py:451} INFO - Filling up the DagBag from /home/airflow/.local/lib/python3.6/site-packages/airflow/example_dags/example_branch_operator.py
[2023-09-30 23:45:24,113] {scheduler_job.py:639} INFO - DAG(s) dict_keys(['example_branch_operator']) retrieved from /home/airflow/.local/lib/python3.6/site-packages/airflow/example_dags/example_branch_operator.py
[2023-09-30 23:45:24,344] {logging_mixin.py:104} INFO - [2023-09-30 23:45:24,343] {dag.py:1824} INFO - Sync 1 DAGs
[2023-09-30 23:45:24,596] {logging_mixin.py:104} INFO - [2023-09-30 23:45:24,595] {dag.py:2280} INFO - Setting next_dagrun for example_branch_operator to 2023-09-28 00:00:00+00:00
[2023-09-30 23:45:24,657] {scheduler_job.py:190} INFO - Processing /home/airflow/.local/lib/python3.6/site-packages/airflow/example_dags/example_branch_operator.py took 0.702 seconds
[2023-09-30 23:45:54,812] {scheduler_job.py:182} INFO - Started process (PID=203) to work on /home/airflow/.local/lib/python3.6/site-packages/airflow/example_dags/example_branch_operator.py
[2023-09-30 23:45:54,825] {scheduler_job.py:629} INFO - Processing file /home/airflow/.local/lib/python3.6/site-packages/airflow/example_dags/example_branch_operator.py for tasks to queue
[2023-09-30 23:45:54,845] {logging_mixin.py:104} INFO - [2023-09-30 23:45:54,837] {dagbag.py:451} INFO - Filling up the DagBag from /home/airflow/.local/lib/python3.6/site-packages/airflow/example_dags/example_branch_operator.py
[2023-09-30 23:45:55,177] {scheduler_job.py:639} INFO - DAG(s) dict_keys(['example_branch_operator']) retrieved from /home/airflow/.local/lib/python3.6/site-packages/airflow/example_dags/example_branch_operator.py
[2023-09-30 23:45:55,352] {logging_mixin.py:104} INFO - [2023-09-30 23:45:55,351] {dag.py:1824} INFO - Sync 1 DAGs
[2023-09-30 23:45:55,623] {logging_mixin.py:104} INFO - [2023-09-30 23:45:55,621] {dag.py:2280} INFO - Setting next_dagrun for example_branch_operator to 2023-09-28 00:00:00+00:00
[2023-09-30 23:45:55,694] {scheduler_job.py:190} INFO - Processing /home/airflow/.local/lib/python3.6/site-packages/airflow/example_dags/example_branch_operator.py took 0.917 seconds
[2023-09-30 23:46:25,981] {scheduler_job.py:182} INFO - Started process (PID=255) to work on /home/airflow/.local/lib/python3.6/site-packages/airflow/example_dags/example_branch_operator.py
[2023-09-30 23:46:26,011] {scheduler_job.py:629} INFO - Processing file /home/airflow/.local/lib/python3.6/site-packages/airflow/example_dags/example_branch_operator.py for tasks to queue
[2023-09-30 23:46:26,023] {logging_mixin.py:104} INFO - [2023-09-30 23:46:26,019] {dagbag.py:451} INFO - Filling up the DagBag from /home/airflow/.local/lib/python3.6/site-packages/airflow/example_dags/example_branch_operator.py
[2023-09-30 23:46:26,246] {scheduler_job.py:639} INFO - DAG(s) dict_keys(['example_branch_operator']) retrieved from /home/airflow/.local/lib/python3.6/site-packages/airflow/example_dags/example_branch_operator.py
[2023-09-30 23:46:26,420] {logging_mixin.py:104} INFO - [2023-09-30 23:46:26,419] {dag.py:1824} INFO - Sync 1 DAGs
[2023-09-30 23:46:26,681] {logging_mixin.py:104} INFO - [2023-09-30 23:46:26,680] {dag.py:2280} INFO - Setting next_dagrun for example_branch_operator to 2023-09-28 00:00:00+00:00
[2023-09-30 23:46:26,758] {scheduler_job.py:190} INFO - Processing /home/airflow/.local/lib/python3.6/site-packages/airflow/example_dags/example_branch_operator.py took 0.811 seconds
[2023-09-30 23:46:57,302] {scheduler_job.py:182} INFO - Started process (PID=307) to work on /home/airflow/.local/lib/python3.6/site-packages/airflow/example_dags/example_branch_operator.py
[2023-09-30 23:46:57,310] {scheduler_job.py:629} INFO - Processing file /home/airflow/.local/lib/python3.6/site-packages/airflow/example_dags/example_branch_operator.py for tasks to queue
[2023-09-30 23:46:57,319] {logging_mixin.py:104} INFO - [2023-09-30 23:46:57,318] {dagbag.py:451} INFO - Filling up the DagBag from /home/airflow/.local/lib/python3.6/site-packages/airflow/example_dags/example_branch_operator.py
[2023-09-30 23:46:57,482] {scheduler_job.py:639} INFO - DAG(s) dict_keys(['example_branch_operator']) retrieved from /home/airflow/.local/lib/python3.6/site-packages/airflow/example_dags/example_branch_operator.py
[2023-09-30 23:46:57,690] {logging_mixin.py:104} INFO - [2023-09-30 23:46:57,690] {dag.py:1824} INFO - Sync 1 DAGs
[2023-09-30 23:46:57,949] {logging_mixin.py:104} INFO - [2023-09-30 23:46:57,948] {dag.py:2280} INFO - Setting next_dagrun for example_branch_operator to 2023-09-28 00:00:00+00:00
[2023-09-30 23:46:58,044] {scheduler_job.py:190} INFO - Processing /home/airflow/.local/lib/python3.6/site-packages/airflow/example_dags/example_branch_operator.py took 0.770 seconds
[2023-09-30 23:47:28,627] {scheduler_job.py:182} INFO - Started process (PID=361) to work on /home/airflow/.local/lib/python3.6/site-packages/airflow/example_dags/example_branch_operator.py
[2023-09-30 23:47:28,645] {scheduler_job.py:629} INFO - Processing file /home/airflow/.local/lib/python3.6/site-packages/airflow/example_dags/example_branch_operator.py for tasks to queue
[2023-09-30 23:47:28,653] {logging_mixin.py:104} INFO - [2023-09-30 23:47:28,652] {dagbag.py:451} INFO - Filling up the DagBag from /home/airflow/.local/lib/python3.6/site-packages/airflow/example_dags/example_branch_operator.py
[2023-09-30 23:47:28,815] {scheduler_job.py:639} INFO - DAG(s) dict_keys(['example_branch_operator']) retrieved from /home/airflow/.local/lib/python3.6/site-packages/airflow/example_dags/example_branch_operator.py
[2023-09-30 23:47:28,993] {logging_mixin.py:104} INFO - [2023-09-30 23:47:28,992] {dag.py:1824} INFO - Sync 1 DAGs
[2023-09-30 23:47:29,265] {logging_mixin.py:104} INFO - [2023-09-30 23:47:29,254] {dag.py:2280} INFO - Setting next_dagrun for example_branch_operator to 2023-09-28 00:00:00+00:00
[2023-09-30 23:47:29,402] {scheduler_job.py:190} INFO - Processing /home/airflow/.local/lib/python3.6/site-packages/airflow/example_dags/example_branch_operator.py took 0.798 seconds
[2023-09-30 23:47:59,656] {scheduler_job.py:182} INFO - Started process (PID=413) to work on /home/airflow/.local/lib/python3.6/site-packages/airflow/example_dags/example_branch_operator.py
[2023-09-30 23:47:59,663] {scheduler_job.py:629} INFO - Processing file /home/airflow/.local/lib/python3.6/site-packages/airflow/example_dags/example_branch_operator.py for tasks to queue
[2023-09-30 23:47:59,668] {logging_mixin.py:104} INFO - [2023-09-30 23:47:59,667] {dagbag.py:451} INFO - Filling up the DagBag from /home/airflow/.local/lib/python3.6/site-packages/airflow/example_dags/example_branch_operator.py
[2023-09-30 23:47:59,753] {scheduler_job.py:639} INFO - DAG(s) dict_keys(['example_branch_operator']) retrieved from /home/airflow/.local/lib/python3.6/site-packages/airflow/example_dags/example_branch_operator.py
[2023-09-30 23:47:59,859] {logging_mixin.py:104} INFO - [2023-09-30 23:47:59,858] {dag.py:1824} INFO - Sync 1 DAGs
[2023-09-30 23:47:59,991] {logging_mixin.py:104} INFO - [2023-09-30 23:47:59,990] {dag.py:2280} INFO - Setting next_dagrun for example_branch_operator to 2023-09-28 00:00:00+00:00
[2023-09-30 23:48:00,044] {scheduler_job.py:190} INFO - Processing /home/airflow/.local/lib/python3.6/site-packages/airflow/example_dags/example_branch_operator.py took 0.398 seconds
[2023-09-30 23:48:30,561] {scheduler_job.py:182} INFO - Started process (PID=465) to work on /home/airflow/.local/lib/python3.6/site-packages/airflow/example_dags/example_branch_operator.py
[2023-09-30 23:48:30,567] {scheduler_job.py:629} INFO - Processing file /home/airflow/.local/lib/python3.6/site-packages/airflow/example_dags/example_branch_operator.py for tasks to queue
[2023-09-30 23:48:30,571] {logging_mixin.py:104} INFO - [2023-09-30 23:48:30,570] {dagbag.py:451} INFO - Filling up the DagBag from /home/airflow/.local/lib/python3.6/site-packages/airflow/example_dags/example_branch_operator.py
[2023-09-30 23:48:30,651] {scheduler_job.py:639} INFO - DAG(s) dict_keys(['example_branch_operator']) retrieved from /home/airflow/.local/lib/python3.6/site-packages/airflow/example_dags/example_branch_operator.py
[2023-09-30 23:48:30,731] {logging_mixin.py:104} INFO - [2023-09-30 23:48:30,730] {dag.py:1824} INFO - Sync 1 DAGs
[2023-09-30 23:48:30,845] {logging_mixin.py:104} INFO - [2023-09-30 23:48:30,844] {dag.py:2280} INFO - Setting next_dagrun for example_branch_operator to 2023-09-28 00:00:00+00:00
[2023-09-30 23:48:30,883] {scheduler_job.py:190} INFO - Processing /home/airflow/.local/lib/python3.6/site-packages/airflow/example_dags/example_branch_operator.py took 0.334 seconds
[2023-09-30 23:49:01,240] {scheduler_job.py:182} INFO - Started process (PID=517) to work on /home/airflow/.local/lib/python3.6/site-packages/airflow/example_dags/example_branch_operator.py
[2023-09-30 23:49:01,247] {scheduler_job.py:629} INFO - Processing file /home/airflow/.local/lib/python3.6/site-packages/airflow/example_dags/example_branch_operator.py for tasks to queue
[2023-09-30 23:49:01,256] {logging_mixin.py:104} INFO - [2023-09-30 23:49:01,255] {dagbag.py:451} INFO - Filling up the DagBag from /home/airflow/.local/lib/python3.6/site-packages/airflow/example_dags/example_branch_operator.py
[2023-09-30 23:49:01,355] {scheduler_job.py:639} INFO - DAG(s) dict_keys(['example_branch_operator']) retrieved from /home/airflow/.local/lib/python3.6/site-packages/airflow/example_dags/example_branch_operator.py
[2023-09-30 23:49:01,468] {logging_mixin.py:104} INFO - [2023-09-30 23:49:01,467] {dag.py:1824} INFO - Sync 1 DAGs
[2023-09-30 23:49:01,600] {logging_mixin.py:104} INFO - [2023-09-30 23:49:01,599] {dag.py:2280} INFO - Setting next_dagrun for example_branch_operator to 2023-09-28 00:00:00+00:00
[2023-09-30 23:49:01,639] {scheduler_job.py:190} INFO - Processing /home/airflow/.local/lib/python3.6/site-packages/airflow/example_dags/example_branch_operator.py took 0.408 seconds
[2023-09-30 23:49:31,763] {scheduler_job.py:182} INFO - Started process (PID=569) to work on /home/airflow/.local/lib/python3.6/site-packages/airflow/example_dags/example_branch_operator.py
[2023-09-30 23:49:31,769] {scheduler_job.py:629} INFO - Processing file /home/airflow/.local/lib/python3.6/site-packages/airflow/example_dags/example_branch_operator.py for tasks to queue
[2023-09-30 23:49:31,773] {logging_mixin.py:104} INFO - [2023-09-30 23:49:31,773] {dagbag.py:451} INFO - Filling up the DagBag from /home/airflow/.local/lib/python3.6/site-packages/airflow/example_dags/example_branch_operator.py
[2023-09-30 23:49:31,902] {scheduler_job.py:639} INFO - DAG(s) dict_keys(['example_branch_operator']) retrieved from /home/airflow/.local/lib/python3.6/site-packages/airflow/example_dags/example_branch_operator.py
[2023-09-30 23:49:32,005] {logging_mixin.py:104} INFO - [2023-09-30 23:49:32,004] {dag.py:1824} INFO - Sync 1 DAGs
[2023-09-30 23:49:32,126] {logging_mixin.py:104} INFO - [2023-09-30 23:49:32,125] {dag.py:2280} INFO - Setting next_dagrun for example_branch_operator to 2023-09-28 00:00:00+00:00
[2023-09-30 23:49:32,165] {scheduler_job.py:190} INFO - Processing /home/airflow/.local/lib/python3.6/site-packages/airflow/example_dags/example_branch_operator.py took 0.414 seconds
[2023-09-30 23:50:02,548] {scheduler_job.py:182} INFO - Started process (PID=621) to work on /home/airflow/.local/lib/python3.6/site-packages/airflow/example_dags/example_branch_operator.py
[2023-09-30 23:50:02,553] {scheduler_job.py:629} INFO - Processing file /home/airflow/.local/lib/python3.6/site-packages/airflow/example_dags/example_branch_operator.py for tasks to queue
[2023-09-30 23:50:02,556] {logging_mixin.py:104} INFO - [2023-09-30 23:50:02,556] {dagbag.py:451} INFO - Filling up the DagBag from /home/airflow/.local/lib/python3.6/site-packages/airflow/example_dags/example_branch_operator.py
[2023-09-30 23:50:02,637] {scheduler_job.py:639} INFO - DAG(s) dict_keys(['example_branch_operator']) retrieved from /home/airflow/.local/lib/python3.6/site-packages/airflow/example_dags/example_branch_operator.py
[2023-09-30 23:50:02,719] {logging_mixin.py:104} INFO - [2023-09-30 23:50:02,719] {dag.py:1824} INFO - Sync 1 DAGs
[2023-09-30 23:50:02,841] {logging_mixin.py:104} INFO - [2023-09-30 23:50:02,840] {dag.py:2280} INFO - Setting next_dagrun for example_branch_operator to 2023-09-28 00:00:00+00:00
[2023-09-30 23:50:02,879] {scheduler_job.py:190} INFO - Processing /home/airflow/.local/lib/python3.6/site-packages/airflow/example_dags/example_branch_operator.py took 0.341 seconds
[2023-09-30 23:50:33,209] {scheduler_job.py:182} INFO - Started process (PID=673) to work on /home/airflow/.local/lib/python3.6/site-packages/airflow/example_dags/example_branch_operator.py
[2023-09-30 23:50:33,216] {scheduler_job.py:629} INFO - Processing file /home/airflow/.local/lib/python3.6/site-packages/airflow/example_dags/example_branch_operator.py for tasks to queue
[2023-09-30 23:50:33,219] {logging_mixin.py:104} INFO - [2023-09-30 23:50:33,219] {dagbag.py:451} INFO - Filling up the DagBag from /home/airflow/.local/lib/python3.6/site-packages/airflow/example_dags/example_branch_operator.py
[2023-09-30 23:50:33,307] {scheduler_job.py:639} INFO - DAG(s) dict_keys(['example_branch_operator']) retrieved from /home/airflow/.local/lib/python3.6/site-packages/airflow/example_dags/example_branch_operator.py
[2023-09-30 23:50:33,397] {logging_mixin.py:104} INFO - [2023-09-30 23:50:33,396] {dag.py:1824} INFO - Sync 1 DAGs
[2023-09-30 23:50:33,526] {logging_mixin.py:104} INFO - [2023-09-30 23:50:33,525] {dag.py:2280} INFO - Setting next_dagrun for example_branch_operator to 2023-09-28 00:00:00+00:00
[2023-09-30 23:50:33,566] {scheduler_job.py:190} INFO - Processing /home/airflow/.local/lib/python3.6/site-packages/airflow/example_dags/example_branch_operator.py took 0.367 seconds
[2023-09-30 23:51:04,365] {scheduler_job.py:182} INFO - Started process (PID=725) to work on /home/airflow/.local/lib/python3.6/site-packages/airflow/example_dags/example_branch_operator.py
[2023-09-30 23:51:04,371] {scheduler_job.py:629} INFO - Processing file /home/airflow/.local/lib/python3.6/site-packages/airflow/example_dags/example_branch_operator.py for tasks to queue
[2023-09-30 23:51:04,375] {logging_mixin.py:104} INFO - [2023-09-30 23:51:04,375] {dagbag.py:451} INFO - Filling up the DagBag from /home/airflow/.local/lib/python3.6/site-packages/airflow/example_dags/example_branch_operator.py
[2023-09-30 23:51:04,470] {scheduler_job.py:639} INFO - DAG(s) dict_keys(['example_branch_operator']) retrieved from /home/airflow/.local/lib/python3.6/site-packages/airflow/example_dags/example_branch_operator.py
[2023-09-30 23:51:04,569] {logging_mixin.py:104} INFO - [2023-09-30 23:51:04,568] {dag.py:1824} INFO - Sync 1 DAGs
[2023-09-30 23:51:04,701] {logging_mixin.py:104} INFO - [2023-09-30 23:51:04,700] {dag.py:2280} INFO - Setting next_dagrun for example_branch_operator to 2023-09-28 00:00:00+00:00
[2023-09-30 23:51:04,740] {scheduler_job.py:190} INFO - Processing /home/airflow/.local/lib/python3.6/site-packages/airflow/example_dags/example_branch_operator.py took 0.386 seconds
