[2023-09-30 23:34:00,257] {scheduler_job.py:182} INFO - Started process (PID=95) to work on /home/airflow/.local/lib/python3.6/site-packages/airflow/example_dags/example_xcom.py
[2023-09-30 23:34:00,279] {scheduler_job.py:629} INFO - Processing file /home/airflow/.local/lib/python3.6/site-packages/airflow/example_dags/example_xcom.py for tasks to queue
[2023-09-30 23:34:00,298] {logging_mixin.py:104} INFO - [2023-09-30 23:34:00,296] {dagbag.py:451} INFO - Filling up the DagBag from /home/airflow/.local/lib/python3.6/site-packages/airflow/example_dags/example_xcom.py
[2023-09-30 23:34:00,577] {scheduler_job.py:639} INFO - DAG(s) dict_keys(['example_xcom']) retrieved from /home/airflow/.local/lib/python3.6/site-packages/airflow/example_dags/example_xcom.py
[2023-09-30 23:34:00,970] {logging_mixin.py:104} INFO - [2023-09-30 23:34:00,968] {dag.py:1824} INFO - Sync 1 DAGs
[2023-09-30 23:34:01,382] {logging_mixin.py:104} INFO - [2023-09-30 23:34:01,372] {dag.py:1843} INFO - Creating ORM DAG for example_xcom
[2023-09-30 23:34:01,557] {logging_mixin.py:104} INFO - [2023-09-30 23:34:01,541] {dag.py:2280} INFO - Setting next_dagrun for example_xcom to 2023-09-28 00:00:00+00:00
[2023-09-30 23:34:01,855] {scheduler_job.py:190} INFO - Processing /home/airflow/.local/lib/python3.6/site-packages/airflow/example_dags/example_xcom.py took 1.672 seconds
[2023-09-30 23:34:32,687] {scheduler_job.py:182} INFO - Started process (PID=145) to work on /home/airflow/.local/lib/python3.6/site-packages/airflow/example_dags/example_xcom.py
[2023-09-30 23:34:32,694] {scheduler_job.py:629} INFO - Processing file /home/airflow/.local/lib/python3.6/site-packages/airflow/example_dags/example_xcom.py for tasks to queue
[2023-09-30 23:34:32,704] {logging_mixin.py:104} INFO - [2023-09-30 23:34:32,703] {dagbag.py:451} INFO - Filling up the DagBag from /home/airflow/.local/lib/python3.6/site-packages/airflow/example_dags/example_xcom.py
[2023-09-30 23:34:32,772] {scheduler_job.py:639} INFO - DAG(s) dict_keys(['example_xcom']) retrieved from /home/airflow/.local/lib/python3.6/site-packages/airflow/example_dags/example_xcom.py
[2023-09-30 23:34:32,856] {logging_mixin.py:104} INFO - [2023-09-30 23:34:32,856] {dag.py:1824} INFO - Sync 1 DAGs
[2023-09-30 23:34:32,957] {logging_mixin.py:104} INFO - [2023-09-30 23:34:32,957] {dag.py:2280} INFO - Setting next_dagrun for example_xcom to 2023-09-28 00:00:00+00:00
[2023-09-30 23:34:33,014] {scheduler_job.py:190} INFO - Processing /home/airflow/.local/lib/python3.6/site-packages/airflow/example_dags/example_xcom.py took 0.339 seconds
[2023-09-30 23:35:03,671] {scheduler_job.py:182} INFO - Started process (PID=197) to work on /home/airflow/.local/lib/python3.6/site-packages/airflow/example_dags/example_xcom.py
[2023-09-30 23:35:03,678] {scheduler_job.py:629} INFO - Processing file /home/airflow/.local/lib/python3.6/site-packages/airflow/example_dags/example_xcom.py for tasks to queue
[2023-09-30 23:35:03,683] {logging_mixin.py:104} INFO - [2023-09-30 23:35:03,682] {dagbag.py:451} INFO - Filling up the DagBag from /home/airflow/.local/lib/python3.6/site-packages/airflow/example_dags/example_xcom.py
[2023-09-30 23:35:03,750] {scheduler_job.py:639} INFO - DAG(s) dict_keys(['example_xcom']) retrieved from /home/airflow/.local/lib/python3.6/site-packages/airflow/example_dags/example_xcom.py
[2023-09-30 23:35:03,843] {logging_mixin.py:104} INFO - [2023-09-30 23:35:03,842] {dag.py:1824} INFO - Sync 1 DAGs
[2023-09-30 23:35:04,061] {logging_mixin.py:104} INFO - [2023-09-30 23:35:04,060] {dag.py:2280} INFO - Setting next_dagrun for example_xcom to 2023-09-28 00:00:00+00:00
[2023-09-30 23:35:04,176] {scheduler_job.py:190} INFO - Processing /home/airflow/.local/lib/python3.6/site-packages/airflow/example_dags/example_xcom.py took 0.521 seconds
[2023-09-30 23:35:34,474] {scheduler_job.py:182} INFO - Started process (PID=249) to work on /home/airflow/.local/lib/python3.6/site-packages/airflow/example_dags/example_xcom.py
[2023-09-30 23:35:34,487] {scheduler_job.py:629} INFO - Processing file /home/airflow/.local/lib/python3.6/site-packages/airflow/example_dags/example_xcom.py for tasks to queue
[2023-09-30 23:35:34,499] {logging_mixin.py:104} INFO - [2023-09-30 23:35:34,497] {dagbag.py:451} INFO - Filling up the DagBag from /home/airflow/.local/lib/python3.6/site-packages/airflow/example_dags/example_xcom.py
[2023-09-30 23:35:34,711] {scheduler_job.py:639} INFO - DAG(s) dict_keys(['example_xcom']) retrieved from /home/airflow/.local/lib/python3.6/site-packages/airflow/example_dags/example_xcom.py
[2023-09-30 23:35:34,906] {logging_mixin.py:104} INFO - [2023-09-30 23:35:34,906] {dag.py:1824} INFO - Sync 1 DAGs
[2023-09-30 23:35:35,115] {logging_mixin.py:104} INFO - [2023-09-30 23:35:35,114] {dag.py:2280} INFO - Setting next_dagrun for example_xcom to 2023-09-28 00:00:00+00:00
[2023-09-30 23:35:35,216] {scheduler_job.py:190} INFO - Processing /home/airflow/.local/lib/python3.6/site-packages/airflow/example_dags/example_xcom.py took 0.771 seconds
[2023-09-30 23:36:05,433] {scheduler_job.py:182} INFO - Started process (PID=301) to work on /home/airflow/.local/lib/python3.6/site-packages/airflow/example_dags/example_xcom.py
[2023-09-30 23:36:05,466] {scheduler_job.py:629} INFO - Processing file /home/airflow/.local/lib/python3.6/site-packages/airflow/example_dags/example_xcom.py for tasks to queue
[2023-09-30 23:36:05,487] {logging_mixin.py:104} INFO - [2023-09-30 23:36:05,486] {dagbag.py:451} INFO - Filling up the DagBag from /home/airflow/.local/lib/python3.6/site-packages/airflow/example_dags/example_xcom.py
[2023-09-30 23:36:05,602] {scheduler_job.py:639} INFO - DAG(s) dict_keys(['example_xcom']) retrieved from /home/airflow/.local/lib/python3.6/site-packages/airflow/example_dags/example_xcom.py
[2023-09-30 23:36:05,822] {logging_mixin.py:104} INFO - [2023-09-30 23:36:05,821] {dag.py:1824} INFO - Sync 1 DAGs
[2023-09-30 23:36:06,010] {logging_mixin.py:104} INFO - [2023-09-30 23:36:06,009] {dag.py:2280} INFO - Setting next_dagrun for example_xcom to 2023-09-28 00:00:00+00:00
[2023-09-30 23:36:06,086] {scheduler_job.py:190} INFO - Processing /home/airflow/.local/lib/python3.6/site-packages/airflow/example_dags/example_xcom.py took 0.697 seconds
[2023-09-30 23:37:07,391] {scheduler_job.py:182} INFO - Started process (PID=112) to work on /home/airflow/.local/lib/python3.6/site-packages/airflow/example_dags/example_xcom.py
[2023-09-30 23:37:07,402] {scheduler_job.py:629} INFO - Processing file /home/airflow/.local/lib/python3.6/site-packages/airflow/example_dags/example_xcom.py for tasks to queue
[2023-09-30 23:37:07,410] {logging_mixin.py:104} INFO - [2023-09-30 23:37:07,409] {dagbag.py:451} INFO - Filling up the DagBag from /home/airflow/.local/lib/python3.6/site-packages/airflow/example_dags/example_xcom.py
[2023-09-30 23:37:07,516] {scheduler_job.py:639} INFO - DAG(s) dict_keys(['example_xcom']) retrieved from /home/airflow/.local/lib/python3.6/site-packages/airflow/example_dags/example_xcom.py
[2023-09-30 23:37:07,639] {logging_mixin.py:104} INFO - [2023-09-30 23:37:07,638] {dag.py:1824} INFO - Sync 1 DAGs
[2023-09-30 23:37:07,741] {logging_mixin.py:104} INFO - [2023-09-30 23:37:07,740] {dag.py:2280} INFO - Setting next_dagrun for example_xcom to 2023-09-28 00:00:00+00:00
[2023-09-30 23:37:07,790] {scheduler_job.py:190} INFO - Processing /home/airflow/.local/lib/python3.6/site-packages/airflow/example_dags/example_xcom.py took 0.415 seconds
[2023-09-30 23:37:38,723] {scheduler_job.py:182} INFO - Started process (PID=166) to work on /home/airflow/.local/lib/python3.6/site-packages/airflow/example_dags/example_xcom.py
[2023-09-30 23:37:38,735] {scheduler_job.py:629} INFO - Processing file /home/airflow/.local/lib/python3.6/site-packages/airflow/example_dags/example_xcom.py for tasks to queue
[2023-09-30 23:37:38,740] {logging_mixin.py:104} INFO - [2023-09-30 23:37:38,740] {dagbag.py:451} INFO - Filling up the DagBag from /home/airflow/.local/lib/python3.6/site-packages/airflow/example_dags/example_xcom.py
[2023-09-30 23:37:38,811] {scheduler_job.py:639} INFO - DAG(s) dict_keys(['example_xcom']) retrieved from /home/airflow/.local/lib/python3.6/site-packages/airflow/example_dags/example_xcom.py
[2023-09-30 23:37:38,910] {logging_mixin.py:104} INFO - [2023-09-30 23:37:38,909] {dag.py:1824} INFO - Sync 1 DAGs
[2023-09-30 23:37:38,995] {logging_mixin.py:104} INFO - [2023-09-30 23:37:38,994] {dag.py:2280} INFO - Setting next_dagrun for example_xcom to 2023-09-28 00:00:00+00:00
[2023-09-30 23:37:39,040] {scheduler_job.py:190} INFO - Processing /home/airflow/.local/lib/python3.6/site-packages/airflow/example_dags/example_xcom.py took 0.329 seconds
[2023-09-30 23:38:09,273] {scheduler_job.py:182} INFO - Started process (PID=218) to work on /home/airflow/.local/lib/python3.6/site-packages/airflow/example_dags/example_xcom.py
[2023-09-30 23:38:09,282] {scheduler_job.py:629} INFO - Processing file /home/airflow/.local/lib/python3.6/site-packages/airflow/example_dags/example_xcom.py for tasks to queue
[2023-09-30 23:38:09,289] {logging_mixin.py:104} INFO - [2023-09-30 23:38:09,288] {dagbag.py:451} INFO - Filling up the DagBag from /home/airflow/.local/lib/python3.6/site-packages/airflow/example_dags/example_xcom.py
[2023-09-30 23:38:09,375] {scheduler_job.py:639} INFO - DAG(s) dict_keys(['example_xcom']) retrieved from /home/airflow/.local/lib/python3.6/site-packages/airflow/example_dags/example_xcom.py
[2023-09-30 23:38:09,511] {logging_mixin.py:104} INFO - [2023-09-30 23:38:09,510] {dag.py:1824} INFO - Sync 1 DAGs
[2023-09-30 23:38:09,610] {logging_mixin.py:104} INFO - [2023-09-30 23:38:09,609] {dag.py:2280} INFO - Setting next_dagrun for example_xcom to 2023-09-28 00:00:00+00:00
[2023-09-30 23:38:09,661] {scheduler_job.py:190} INFO - Processing /home/airflow/.local/lib/python3.6/site-packages/airflow/example_dags/example_xcom.py took 0.402 seconds
[2023-09-30 23:38:40,195] {scheduler_job.py:182} INFO - Started process (PID=270) to work on /home/airflow/.local/lib/python3.6/site-packages/airflow/example_dags/example_xcom.py
[2023-09-30 23:38:40,204] {scheduler_job.py:629} INFO - Processing file /home/airflow/.local/lib/python3.6/site-packages/airflow/example_dags/example_xcom.py for tasks to queue
[2023-09-30 23:38:40,209] {logging_mixin.py:104} INFO - [2023-09-30 23:38:40,208] {dagbag.py:451} INFO - Filling up the DagBag from /home/airflow/.local/lib/python3.6/site-packages/airflow/example_dags/example_xcom.py
[2023-09-30 23:38:40,286] {scheduler_job.py:639} INFO - DAG(s) dict_keys(['example_xcom']) retrieved from /home/airflow/.local/lib/python3.6/site-packages/airflow/example_dags/example_xcom.py
[2023-09-30 23:38:40,387] {logging_mixin.py:104} INFO - [2023-09-30 23:38:40,386] {dag.py:1824} INFO - Sync 1 DAGs
[2023-09-30 23:38:40,488] {logging_mixin.py:104} INFO - [2023-09-30 23:38:40,486] {dag.py:2280} INFO - Setting next_dagrun for example_xcom to 2023-09-28 00:00:00+00:00
[2023-09-30 23:38:40,545] {scheduler_job.py:190} INFO - Processing /home/airflow/.local/lib/python3.6/site-packages/airflow/example_dags/example_xcom.py took 0.363 seconds
[2023-09-30 23:39:11,823] {scheduler_job.py:182} INFO - Started process (PID=320) to work on /home/airflow/.local/lib/python3.6/site-packages/airflow/example_dags/example_xcom.py
[2023-09-30 23:39:11,828] {scheduler_job.py:629} INFO - Processing file /home/airflow/.local/lib/python3.6/site-packages/airflow/example_dags/example_xcom.py for tasks to queue
[2023-09-30 23:39:11,832] {logging_mixin.py:104} INFO - [2023-09-30 23:39:11,832] {dagbag.py:451} INFO - Filling up the DagBag from /home/airflow/.local/lib/python3.6/site-packages/airflow/example_dags/example_xcom.py
[2023-09-30 23:39:11,889] {scheduler_job.py:639} INFO - DAG(s) dict_keys(['example_xcom']) retrieved from /home/airflow/.local/lib/python3.6/site-packages/airflow/example_dags/example_xcom.py
[2023-09-30 23:39:11,963] {logging_mixin.py:104} INFO - [2023-09-30 23:39:11,962] {dag.py:1824} INFO - Sync 1 DAGs
[2023-09-30 23:39:12,034] {logging_mixin.py:104} INFO - [2023-09-30 23:39:12,034] {dag.py:2280} INFO - Setting next_dagrun for example_xcom to 2023-09-28 00:00:00+00:00
[2023-09-30 23:39:12,072] {scheduler_job.py:190} INFO - Processing /home/airflow/.local/lib/python3.6/site-packages/airflow/example_dags/example_xcom.py took 0.260 seconds
[2023-09-30 23:39:42,230] {scheduler_job.py:182} INFO - Started process (PID=372) to work on /home/airflow/.local/lib/python3.6/site-packages/airflow/example_dags/example_xcom.py
[2023-09-30 23:39:42,238] {scheduler_job.py:629} INFO - Processing file /home/airflow/.local/lib/python3.6/site-packages/airflow/example_dags/example_xcom.py for tasks to queue
[2023-09-30 23:39:42,243] {logging_mixin.py:104} INFO - [2023-09-30 23:39:42,242] {dagbag.py:451} INFO - Filling up the DagBag from /home/airflow/.local/lib/python3.6/site-packages/airflow/example_dags/example_xcom.py
[2023-09-30 23:39:42,308] {scheduler_job.py:639} INFO - DAG(s) dict_keys(['example_xcom']) retrieved from /home/airflow/.local/lib/python3.6/site-packages/airflow/example_dags/example_xcom.py
[2023-09-30 23:39:42,400] {logging_mixin.py:104} INFO - [2023-09-30 23:39:42,399] {dag.py:1824} INFO - Sync 1 DAGs
[2023-09-30 23:39:42,489] {logging_mixin.py:104} INFO - [2023-09-30 23:39:42,488] {dag.py:2280} INFO - Setting next_dagrun for example_xcom to 2023-09-28 00:00:00+00:00
[2023-09-30 23:39:42,541] {scheduler_job.py:190} INFO - Processing /home/airflow/.local/lib/python3.6/site-packages/airflow/example_dags/example_xcom.py took 0.323 seconds
[2023-09-30 23:40:13,344] {scheduler_job.py:182} INFO - Started process (PID=420) to work on /home/airflow/.local/lib/python3.6/site-packages/airflow/example_dags/example_xcom.py
[2023-09-30 23:40:13,351] {scheduler_job.py:629} INFO - Processing file /home/airflow/.local/lib/python3.6/site-packages/airflow/example_dags/example_xcom.py for tasks to queue
[2023-09-30 23:40:13,362] {logging_mixin.py:104} INFO - [2023-09-30 23:40:13,361] {dagbag.py:451} INFO - Filling up the DagBag from /home/airflow/.local/lib/python3.6/site-packages/airflow/example_dags/example_xcom.py
[2023-09-30 23:40:13,434] {scheduler_job.py:639} INFO - DAG(s) dict_keys(['example_xcom']) retrieved from /home/airflow/.local/lib/python3.6/site-packages/airflow/example_dags/example_xcom.py
[2023-09-30 23:40:13,544] {logging_mixin.py:104} INFO - [2023-09-30 23:40:13,543] {dag.py:1824} INFO - Sync 1 DAGs
[2023-09-30 23:40:13,645] {logging_mixin.py:104} INFO - [2023-09-30 23:40:13,645] {dag.py:2280} INFO - Setting next_dagrun for example_xcom to 2023-09-28 00:00:00+00:00
[2023-09-30 23:40:13,696] {scheduler_job.py:190} INFO - Processing /home/airflow/.local/lib/python3.6/site-packages/airflow/example_dags/example_xcom.py took 0.369 seconds
[2023-09-30 23:40:44,375] {scheduler_job.py:182} INFO - Started process (PID=472) to work on /home/airflow/.local/lib/python3.6/site-packages/airflow/example_dags/example_xcom.py
[2023-09-30 23:40:44,383] {scheduler_job.py:629} INFO - Processing file /home/airflow/.local/lib/python3.6/site-packages/airflow/example_dags/example_xcom.py for tasks to queue
[2023-09-30 23:40:44,392] {logging_mixin.py:104} INFO - [2023-09-30 23:40:44,392] {dagbag.py:451} INFO - Filling up the DagBag from /home/airflow/.local/lib/python3.6/site-packages/airflow/example_dags/example_xcom.py
[2023-09-30 23:40:44,528] {scheduler_job.py:639} INFO - DAG(s) dict_keys(['example_xcom']) retrieved from /home/airflow/.local/lib/python3.6/site-packages/airflow/example_dags/example_xcom.py
[2023-09-30 23:40:44,747] {logging_mixin.py:104} INFO - [2023-09-30 23:40:44,746] {dag.py:1824} INFO - Sync 1 DAGs
[2023-09-30 23:40:44,943] {logging_mixin.py:104} INFO - [2023-09-30 23:40:44,942] {dag.py:2280} INFO - Setting next_dagrun for example_xcom to 2023-09-28 00:00:00+00:00
[2023-09-30 23:40:45,054] {scheduler_job.py:190} INFO - Processing /home/airflow/.local/lib/python3.6/site-packages/airflow/example_dags/example_xcom.py took 0.707 seconds
[2023-09-30 23:44:39,376] {scheduler_job.py:182} INFO - Started process (PID=67) to work on /home/airflow/.local/lib/python3.6/site-packages/airflow/example_dags/example_xcom.py
[2023-09-30 23:44:39,397] {scheduler_job.py:629} INFO - Processing file /home/airflow/.local/lib/python3.6/site-packages/airflow/example_dags/example_xcom.py for tasks to queue
[2023-09-30 23:44:39,416] {logging_mixin.py:104} INFO - [2023-09-30 23:44:39,415] {dagbag.py:451} INFO - Filling up the DagBag from /home/airflow/.local/lib/python3.6/site-packages/airflow/example_dags/example_xcom.py
[2023-09-30 23:44:39,997] {scheduler_job.py:639} INFO - DAG(s) dict_keys(['example_xcom']) retrieved from /home/airflow/.local/lib/python3.6/site-packages/airflow/example_dags/example_xcom.py
[2023-09-30 23:44:40,524] {logging_mixin.py:104} INFO - [2023-09-30 23:44:40,523] {dag.py:1824} INFO - Sync 1 DAGs
[2023-09-30 23:44:40,971] {logging_mixin.py:104} INFO - [2023-09-30 23:44:40,970] {dag.py:2280} INFO - Setting next_dagrun for example_xcom to 2023-09-28 00:00:00+00:00
[2023-09-30 23:44:41,169] {scheduler_job.py:190} INFO - Processing /home/airflow/.local/lib/python3.6/site-packages/airflow/example_dags/example_xcom.py took 1.844 seconds
[2023-09-30 23:45:11,338] {scheduler_job.py:182} INFO - Started process (PID=117) to work on /home/airflow/.local/lib/python3.6/site-packages/airflow/example_dags/example_xcom.py
[2023-09-30 23:45:11,352] {scheduler_job.py:629} INFO - Processing file /home/airflow/.local/lib/python3.6/site-packages/airflow/example_dags/example_xcom.py for tasks to queue
[2023-09-30 23:45:11,364] {logging_mixin.py:104} INFO - [2023-09-30 23:45:11,362] {dagbag.py:451} INFO - Filling up the DagBag from /home/airflow/.local/lib/python3.6/site-packages/airflow/example_dags/example_xcom.py
[2023-09-30 23:45:11,497] {scheduler_job.py:639} INFO - DAG(s) dict_keys(['example_xcom']) retrieved from /home/airflow/.local/lib/python3.6/site-packages/airflow/example_dags/example_xcom.py
[2023-09-30 23:45:11,647] {logging_mixin.py:104} INFO - [2023-09-30 23:45:11,646] {dag.py:1824} INFO - Sync 1 DAGs
[2023-09-30 23:45:11,841] {logging_mixin.py:104} INFO - [2023-09-30 23:45:11,840] {dag.py:2280} INFO - Setting next_dagrun for example_xcom to 2023-09-28 00:00:00+00:00
[2023-09-30 23:45:11,904] {scheduler_job.py:190} INFO - Processing /home/airflow/.local/lib/python3.6/site-packages/airflow/example_dags/example_xcom.py took 0.588 seconds
[2023-09-30 23:45:42,142] {scheduler_job.py:182} INFO - Started process (PID=169) to work on /home/airflow/.local/lib/python3.6/site-packages/airflow/example_dags/example_xcom.py
[2023-09-30 23:45:42,147] {scheduler_job.py:629} INFO - Processing file /home/airflow/.local/lib/python3.6/site-packages/airflow/example_dags/example_xcom.py for tasks to queue
[2023-09-30 23:45:42,151] {logging_mixin.py:104} INFO - [2023-09-30 23:45:42,150] {dagbag.py:451} INFO - Filling up the DagBag from /home/airflow/.local/lib/python3.6/site-packages/airflow/example_dags/example_xcom.py
[2023-09-30 23:45:42,220] {scheduler_job.py:639} INFO - DAG(s) dict_keys(['example_xcom']) retrieved from /home/airflow/.local/lib/python3.6/site-packages/airflow/example_dags/example_xcom.py
[2023-09-30 23:45:42,312] {logging_mixin.py:104} INFO - [2023-09-30 23:45:42,311] {dag.py:1824} INFO - Sync 1 DAGs
[2023-09-30 23:45:42,410] {logging_mixin.py:104} INFO - [2023-09-30 23:45:42,409] {dag.py:2280} INFO - Setting next_dagrun for example_xcom to 2023-09-28 00:00:00+00:00
[2023-09-30 23:45:42,465] {scheduler_job.py:190} INFO - Processing /home/airflow/.local/lib/python3.6/site-packages/airflow/example_dags/example_xcom.py took 0.333 seconds
[2023-09-30 23:46:13,103] {scheduler_job.py:182} INFO - Started process (PID=221) to work on /home/airflow/.local/lib/python3.6/site-packages/airflow/example_dags/example_xcom.py
[2023-09-30 23:46:13,117] {scheduler_job.py:629} INFO - Processing file /home/airflow/.local/lib/python3.6/site-packages/airflow/example_dags/example_xcom.py for tasks to queue
[2023-09-30 23:46:13,128] {logging_mixin.py:104} INFO - [2023-09-30 23:46:13,127] {dagbag.py:451} INFO - Filling up the DagBag from /home/airflow/.local/lib/python3.6/site-packages/airflow/example_dags/example_xcom.py
[2023-09-30 23:46:13,277] {scheduler_job.py:639} INFO - DAG(s) dict_keys(['example_xcom']) retrieved from /home/airflow/.local/lib/python3.6/site-packages/airflow/example_dags/example_xcom.py
[2023-09-30 23:46:13,548] {logging_mixin.py:104} INFO - [2023-09-30 23:46:13,546] {dag.py:1824} INFO - Sync 1 DAGs
[2023-09-30 23:46:13,767] {logging_mixin.py:104} INFO - [2023-09-30 23:46:13,766] {dag.py:2280} INFO - Setting next_dagrun for example_xcom to 2023-09-28 00:00:00+00:00
[2023-09-30 23:46:13,883] {scheduler_job.py:190} INFO - Processing /home/airflow/.local/lib/python3.6/site-packages/airflow/example_dags/example_xcom.py took 0.809 seconds
[2023-09-30 23:46:44,419] {scheduler_job.py:182} INFO - Started process (PID=273) to work on /home/airflow/.local/lib/python3.6/site-packages/airflow/example_dags/example_xcom.py
[2023-09-30 23:46:44,427] {scheduler_job.py:629} INFO - Processing file /home/airflow/.local/lib/python3.6/site-packages/airflow/example_dags/example_xcom.py for tasks to queue
[2023-09-30 23:46:44,434] {logging_mixin.py:104} INFO - [2023-09-30 23:46:44,433] {dagbag.py:451} INFO - Filling up the DagBag from /home/airflow/.local/lib/python3.6/site-packages/airflow/example_dags/example_xcom.py
[2023-09-30 23:46:44,540] {scheduler_job.py:639} INFO - DAG(s) dict_keys(['example_xcom']) retrieved from /home/airflow/.local/lib/python3.6/site-packages/airflow/example_dags/example_xcom.py
[2023-09-30 23:46:44,646] {logging_mixin.py:104} INFO - [2023-09-30 23:46:44,646] {dag.py:1824} INFO - Sync 1 DAGs
[2023-09-30 23:46:44,797] {logging_mixin.py:104} INFO - [2023-09-30 23:46:44,796] {dag.py:2280} INFO - Setting next_dagrun for example_xcom to 2023-09-28 00:00:00+00:00
[2023-09-30 23:46:44,856] {scheduler_job.py:190} INFO - Processing /home/airflow/.local/lib/python3.6/site-packages/airflow/example_dags/example_xcom.py took 0.460 seconds
[2023-09-30 23:47:14,930] {scheduler_job.py:182} INFO - Started process (PID=325) to work on /home/airflow/.local/lib/python3.6/site-packages/airflow/example_dags/example_xcom.py
[2023-09-30 23:47:14,942] {scheduler_job.py:629} INFO - Processing file /home/airflow/.local/lib/python3.6/site-packages/airflow/example_dags/example_xcom.py for tasks to queue
[2023-09-30 23:47:14,949] {logging_mixin.py:104} INFO - [2023-09-30 23:47:14,948] {dagbag.py:451} INFO - Filling up the DagBag from /home/airflow/.local/lib/python3.6/site-packages/airflow/example_dags/example_xcom.py
[2023-09-30 23:47:15,054] {scheduler_job.py:639} INFO - DAG(s) dict_keys(['example_xcom']) retrieved from /home/airflow/.local/lib/python3.6/site-packages/airflow/example_dags/example_xcom.py
[2023-09-30 23:47:15,186] {logging_mixin.py:104} INFO - [2023-09-30 23:47:15,184] {dag.py:1824} INFO - Sync 1 DAGs
[2023-09-30 23:47:15,313] {logging_mixin.py:104} INFO - [2023-09-30 23:47:15,312] {dag.py:2280} INFO - Setting next_dagrun for example_xcom to 2023-09-28 00:00:00+00:00
[2023-09-30 23:47:15,385] {scheduler_job.py:190} INFO - Processing /home/airflow/.local/lib/python3.6/site-packages/airflow/example_dags/example_xcom.py took 0.473 seconds
[2023-09-30 23:47:46,399] {scheduler_job.py:182} INFO - Started process (PID=377) to work on /home/airflow/.local/lib/python3.6/site-packages/airflow/example_dags/example_xcom.py
[2023-09-30 23:47:46,404] {scheduler_job.py:629} INFO - Processing file /home/airflow/.local/lib/python3.6/site-packages/airflow/example_dags/example_xcom.py for tasks to queue
[2023-09-30 23:47:46,408] {logging_mixin.py:104} INFO - [2023-09-30 23:47:46,407] {dagbag.py:451} INFO - Filling up the DagBag from /home/airflow/.local/lib/python3.6/site-packages/airflow/example_dags/example_xcom.py
[2023-09-30 23:47:46,463] {scheduler_job.py:639} INFO - DAG(s) dict_keys(['example_xcom']) retrieved from /home/airflow/.local/lib/python3.6/site-packages/airflow/example_dags/example_xcom.py
[2023-09-30 23:47:46,541] {logging_mixin.py:104} INFO - [2023-09-30 23:47:46,540] {dag.py:1824} INFO - Sync 1 DAGs
[2023-09-30 23:47:46,606] {logging_mixin.py:104} INFO - [2023-09-30 23:47:46,605] {dag.py:2280} INFO - Setting next_dagrun for example_xcom to 2023-09-28 00:00:00+00:00
[2023-09-30 23:47:46,640] {scheduler_job.py:190} INFO - Processing /home/airflow/.local/lib/python3.6/site-packages/airflow/example_dags/example_xcom.py took 0.251 seconds
[2023-09-30 23:48:16,960] {scheduler_job.py:182} INFO - Started process (PID=429) to work on /home/airflow/.local/lib/python3.6/site-packages/airflow/example_dags/example_xcom.py
[2023-09-30 23:48:16,968] {scheduler_job.py:629} INFO - Processing file /home/airflow/.local/lib/python3.6/site-packages/airflow/example_dags/example_xcom.py for tasks to queue
[2023-09-30 23:48:16,972] {logging_mixin.py:104} INFO - [2023-09-30 23:48:16,971] {dagbag.py:451} INFO - Filling up the DagBag from /home/airflow/.local/lib/python3.6/site-packages/airflow/example_dags/example_xcom.py
[2023-09-30 23:48:17,024] {scheduler_job.py:639} INFO - DAG(s) dict_keys(['example_xcom']) retrieved from /home/airflow/.local/lib/python3.6/site-packages/airflow/example_dags/example_xcom.py
[2023-09-30 23:48:17,102] {logging_mixin.py:104} INFO - [2023-09-30 23:48:17,101] {dag.py:1824} INFO - Sync 1 DAGs
[2023-09-30 23:48:17,167] {logging_mixin.py:104} INFO - [2023-09-30 23:48:17,166] {dag.py:2280} INFO - Setting next_dagrun for example_xcom to 2023-09-28 00:00:00+00:00
[2023-09-30 23:48:17,204] {scheduler_job.py:190} INFO - Processing /home/airflow/.local/lib/python3.6/site-packages/airflow/example_dags/example_xcom.py took 0.253 seconds
[2023-09-30 23:48:47,481] {scheduler_job.py:182} INFO - Started process (PID=481) to work on /home/airflow/.local/lib/python3.6/site-packages/airflow/example_dags/example_xcom.py
[2023-09-30 23:48:47,488] {scheduler_job.py:629} INFO - Processing file /home/airflow/.local/lib/python3.6/site-packages/airflow/example_dags/example_xcom.py for tasks to queue
[2023-09-30 23:48:47,492] {logging_mixin.py:104} INFO - [2023-09-30 23:48:47,491] {dagbag.py:451} INFO - Filling up the DagBag from /home/airflow/.local/lib/python3.6/site-packages/airflow/example_dags/example_xcom.py
[2023-09-30 23:48:47,544] {scheduler_job.py:639} INFO - DAG(s) dict_keys(['example_xcom']) retrieved from /home/airflow/.local/lib/python3.6/site-packages/airflow/example_dags/example_xcom.py
[2023-09-30 23:48:47,622] {logging_mixin.py:104} INFO - [2023-09-30 23:48:47,622] {dag.py:1824} INFO - Sync 1 DAGs
[2023-09-30 23:48:47,690] {logging_mixin.py:104} INFO - [2023-09-30 23:48:47,690] {dag.py:2280} INFO - Setting next_dagrun for example_xcom to 2023-09-28 00:00:00+00:00
[2023-09-30 23:48:47,728] {scheduler_job.py:190} INFO - Processing /home/airflow/.local/lib/python3.6/site-packages/airflow/example_dags/example_xcom.py took 0.256 seconds
[2023-09-30 23:49:18,543] {scheduler_job.py:182} INFO - Started process (PID=533) to work on /home/airflow/.local/lib/python3.6/site-packages/airflow/example_dags/example_xcom.py
[2023-09-30 23:49:18,550] {scheduler_job.py:629} INFO - Processing file /home/airflow/.local/lib/python3.6/site-packages/airflow/example_dags/example_xcom.py for tasks to queue
[2023-09-30 23:49:18,554] {logging_mixin.py:104} INFO - [2023-09-30 23:49:18,553] {dagbag.py:451} INFO - Filling up the DagBag from /home/airflow/.local/lib/python3.6/site-packages/airflow/example_dags/example_xcom.py
[2023-09-30 23:49:18,612] {scheduler_job.py:639} INFO - DAG(s) dict_keys(['example_xcom']) retrieved from /home/airflow/.local/lib/python3.6/site-packages/airflow/example_dags/example_xcom.py
[2023-09-30 23:49:18,691] {logging_mixin.py:104} INFO - [2023-09-30 23:49:18,690] {dag.py:1824} INFO - Sync 1 DAGs
[2023-09-30 23:49:18,756] {logging_mixin.py:104} INFO - [2023-09-30 23:49:18,755] {dag.py:2280} INFO - Setting next_dagrun for example_xcom to 2023-09-28 00:00:00+00:00
[2023-09-30 23:49:18,792] {scheduler_job.py:190} INFO - Processing /home/airflow/.local/lib/python3.6/site-packages/airflow/example_dags/example_xcom.py took 0.261 seconds
[2023-09-30 23:49:49,130] {scheduler_job.py:182} INFO - Started process (PID=587) to work on /home/airflow/.local/lib/python3.6/site-packages/airflow/example_dags/example_xcom.py
[2023-09-30 23:49:49,136] {scheduler_job.py:629} INFO - Processing file /home/airflow/.local/lib/python3.6/site-packages/airflow/example_dags/example_xcom.py for tasks to queue
[2023-09-30 23:49:49,140] {logging_mixin.py:104} INFO - [2023-09-30 23:49:49,139] {dagbag.py:451} INFO - Filling up the DagBag from /home/airflow/.local/lib/python3.6/site-packages/airflow/example_dags/example_xcom.py
[2023-09-30 23:49:49,202] {scheduler_job.py:639} INFO - DAG(s) dict_keys(['example_xcom']) retrieved from /home/airflow/.local/lib/python3.6/site-packages/airflow/example_dags/example_xcom.py
[2023-09-30 23:49:49,274] {logging_mixin.py:104} INFO - [2023-09-30 23:49:49,273] {dag.py:1824} INFO - Sync 1 DAGs
[2023-09-30 23:49:49,341] {logging_mixin.py:104} INFO - [2023-09-30 23:49:49,340] {dag.py:2280} INFO - Setting next_dagrun for example_xcom to 2023-09-28 00:00:00+00:00
[2023-09-30 23:49:49,382] {scheduler_job.py:190} INFO - Processing /home/airflow/.local/lib/python3.6/site-packages/airflow/example_dags/example_xcom.py took 0.261 seconds
[2023-09-30 23:50:19,574] {scheduler_job.py:182} INFO - Started process (PID=639) to work on /home/airflow/.local/lib/python3.6/site-packages/airflow/example_dags/example_xcom.py
[2023-09-30 23:50:19,579] {scheduler_job.py:629} INFO - Processing file /home/airflow/.local/lib/python3.6/site-packages/airflow/example_dags/example_xcom.py for tasks to queue
[2023-09-30 23:50:19,583] {logging_mixin.py:104} INFO - [2023-09-30 23:50:19,582] {dagbag.py:451} INFO - Filling up the DagBag from /home/airflow/.local/lib/python3.6/site-packages/airflow/example_dags/example_xcom.py
[2023-09-30 23:50:19,642] {scheduler_job.py:639} INFO - DAG(s) dict_keys(['example_xcom']) retrieved from /home/airflow/.local/lib/python3.6/site-packages/airflow/example_dags/example_xcom.py
[2023-09-30 23:50:19,710] {logging_mixin.py:104} INFO - [2023-09-30 23:50:19,709] {dag.py:1824} INFO - Sync 1 DAGs
[2023-09-30 23:50:19,774] {logging_mixin.py:104} INFO - [2023-09-30 23:50:19,774] {dag.py:2280} INFO - Setting next_dagrun for example_xcom to 2023-09-28 00:00:00+00:00
[2023-09-30 23:50:19,810] {scheduler_job.py:190} INFO - Processing /home/airflow/.local/lib/python3.6/site-packages/airflow/example_dags/example_xcom.py took 0.244 seconds
[2023-09-30 23:50:50,020] {scheduler_job.py:182} INFO - Started process (PID=691) to work on /home/airflow/.local/lib/python3.6/site-packages/airflow/example_dags/example_xcom.py
[2023-09-30 23:50:50,026] {scheduler_job.py:629} INFO - Processing file /home/airflow/.local/lib/python3.6/site-packages/airflow/example_dags/example_xcom.py for tasks to queue
[2023-09-30 23:50:50,029] {logging_mixin.py:104} INFO - [2023-09-30 23:50:50,028] {dagbag.py:451} INFO - Filling up the DagBag from /home/airflow/.local/lib/python3.6/site-packages/airflow/example_dags/example_xcom.py
[2023-09-30 23:50:50,093] {scheduler_job.py:639} INFO - DAG(s) dict_keys(['example_xcom']) retrieved from /home/airflow/.local/lib/python3.6/site-packages/airflow/example_dags/example_xcom.py
[2023-09-30 23:50:50,171] {logging_mixin.py:104} INFO - [2023-09-30 23:50:50,170] {dag.py:1824} INFO - Sync 1 DAGs
[2023-09-30 23:50:50,238] {logging_mixin.py:104} INFO - [2023-09-30 23:50:50,237] {dag.py:2280} INFO - Setting next_dagrun for example_xcom to 2023-09-28 00:00:00+00:00
[2023-09-30 23:50:50,277] {scheduler_job.py:190} INFO - Processing /home/airflow/.local/lib/python3.6/site-packages/airflow/example_dags/example_xcom.py took 0.266 seconds
