[2023-09-30 23:34:08,232] {scheduler_job.py:182} INFO - Started process (PID=119) to work on /home/airflow/.local/lib/python3.6/site-packages/airflow/example_dags/tutorial_taskflow_api_etl.py
[2023-09-30 23:34:08,241] {scheduler_job.py:629} INFO - Processing file /home/airflow/.local/lib/python3.6/site-packages/airflow/example_dags/tutorial_taskflow_api_etl.py for tasks to queue
[2023-09-30 23:34:08,246] {logging_mixin.py:104} INFO - [2023-09-30 23:34:08,245] {dagbag.py:451} INFO - Filling up the DagBag from /home/airflow/.local/lib/python3.6/site-packages/airflow/example_dags/tutorial_taskflow_api_etl.py
[2023-09-30 23:34:08,392] {scheduler_job.py:639} INFO - DAG(s) dict_keys(['tutorial_taskflow_api_etl']) retrieved from /home/airflow/.local/lib/python3.6/site-packages/airflow/example_dags/tutorial_taskflow_api_etl.py
[2023-09-30 23:34:08,526] {logging_mixin.py:104} INFO - [2023-09-30 23:34:08,525] {dag.py:1824} INFO - Sync 1 DAGs
[2023-09-30 23:34:08,612] {logging_mixin.py:104} INFO - [2023-09-30 23:34:08,611] {dag.py:1843} INFO - Creating ORM DAG for tutorial_taskflow_api_etl
[2023-09-30 23:34:08,655] {logging_mixin.py:104} INFO - [2023-09-30 23:34:08,654] {dag.py:2280} INFO - Setting next_dagrun for tutorial_taskflow_api_etl to None
[2023-09-30 23:34:08,762] {scheduler_job.py:190} INFO - Processing /home/airflow/.local/lib/python3.6/site-packages/airflow/example_dags/tutorial_taskflow_api_etl.py took 0.548 seconds
[2023-09-30 23:34:39,081] {scheduler_job.py:182} INFO - Started process (PID=171) to work on /home/airflow/.local/lib/python3.6/site-packages/airflow/example_dags/tutorial_taskflow_api_etl.py
[2023-09-30 23:34:39,089] {scheduler_job.py:629} INFO - Processing file /home/airflow/.local/lib/python3.6/site-packages/airflow/example_dags/tutorial_taskflow_api_etl.py for tasks to queue
[2023-09-30 23:34:39,094] {logging_mixin.py:104} INFO - [2023-09-30 23:34:39,094] {dagbag.py:451} INFO - Filling up the DagBag from /home/airflow/.local/lib/python3.6/site-packages/airflow/example_dags/tutorial_taskflow_api_etl.py
[2023-09-30 23:34:39,173] {scheduler_job.py:639} INFO - DAG(s) dict_keys(['tutorial_taskflow_api_etl']) retrieved from /home/airflow/.local/lib/python3.6/site-packages/airflow/example_dags/tutorial_taskflow_api_etl.py
[2023-09-30 23:34:39,272] {logging_mixin.py:104} INFO - [2023-09-30 23:34:39,272] {dag.py:1824} INFO - Sync 1 DAGs
[2023-09-30 23:34:39,359] {logging_mixin.py:104} INFO - [2023-09-30 23:34:39,359] {dag.py:2280} INFO - Setting next_dagrun for tutorial_taskflow_api_etl to None
[2023-09-30 23:34:39,415] {scheduler_job.py:190} INFO - Processing /home/airflow/.local/lib/python3.6/site-packages/airflow/example_dags/tutorial_taskflow_api_etl.py took 0.344 seconds
[2023-09-30 23:35:09,561] {scheduler_job.py:182} INFO - Started process (PID=221) to work on /home/airflow/.local/lib/python3.6/site-packages/airflow/example_dags/tutorial_taskflow_api_etl.py
[2023-09-30 23:35:09,570] {scheduler_job.py:629} INFO - Processing file /home/airflow/.local/lib/python3.6/site-packages/airflow/example_dags/tutorial_taskflow_api_etl.py for tasks to queue
[2023-09-30 23:35:09,579] {logging_mixin.py:104} INFO - [2023-09-30 23:35:09,577] {dagbag.py:451} INFO - Filling up the DagBag from /home/airflow/.local/lib/python3.6/site-packages/airflow/example_dags/tutorial_taskflow_api_etl.py
[2023-09-30 23:35:09,710] {scheduler_job.py:639} INFO - DAG(s) dict_keys(['tutorial_taskflow_api_etl']) retrieved from /home/airflow/.local/lib/python3.6/site-packages/airflow/example_dags/tutorial_taskflow_api_etl.py
[2023-09-30 23:35:09,888] {logging_mixin.py:104} INFO - [2023-09-30 23:35:09,886] {dag.py:1824} INFO - Sync 1 DAGs
[2023-09-30 23:35:10,014] {logging_mixin.py:104} INFO - [2023-09-30 23:35:10,013] {dag.py:2280} INFO - Setting next_dagrun for tutorial_taskflow_api_etl to None
[2023-09-30 23:35:10,104] {scheduler_job.py:190} INFO - Processing /home/airflow/.local/lib/python3.6/site-packages/airflow/example_dags/tutorial_taskflow_api_etl.py took 0.557 seconds
[2023-09-30 23:35:42,396] {scheduler_job.py:182} INFO - Started process (PID=275) to work on /home/airflow/.local/lib/python3.6/site-packages/airflow/example_dags/tutorial_taskflow_api_etl.py
[2023-09-30 23:35:42,406] {scheduler_job.py:629} INFO - Processing file /home/airflow/.local/lib/python3.6/site-packages/airflow/example_dags/tutorial_taskflow_api_etl.py for tasks to queue
[2023-09-30 23:35:42,410] {logging_mixin.py:104} INFO - [2023-09-30 23:35:42,410] {dagbag.py:451} INFO - Filling up the DagBag from /home/airflow/.local/lib/python3.6/site-packages/airflow/example_dags/tutorial_taskflow_api_etl.py
[2023-09-30 23:35:42,533] {scheduler_job.py:639} INFO - DAG(s) dict_keys(['tutorial_taskflow_api_etl']) retrieved from /home/airflow/.local/lib/python3.6/site-packages/airflow/example_dags/tutorial_taskflow_api_etl.py
[2023-09-30 23:35:42,781] {logging_mixin.py:104} INFO - [2023-09-30 23:35:42,780] {dag.py:1824} INFO - Sync 1 DAGs
[2023-09-30 23:35:42,932] {logging_mixin.py:104} INFO - [2023-09-30 23:35:42,931] {dag.py:2280} INFO - Setting next_dagrun for tutorial_taskflow_api_etl to None
[2023-09-30 23:35:43,030] {scheduler_job.py:190} INFO - Processing /home/airflow/.local/lib/python3.6/site-packages/airflow/example_dags/tutorial_taskflow_api_etl.py took 0.654 seconds
[2023-09-30 23:36:13,916] {scheduler_job.py:182} INFO - Started process (PID=327) to work on /home/airflow/.local/lib/python3.6/site-packages/airflow/example_dags/tutorial_taskflow_api_etl.py
[2023-09-30 23:36:13,939] {scheduler_job.py:629} INFO - Processing file /home/airflow/.local/lib/python3.6/site-packages/airflow/example_dags/tutorial_taskflow_api_etl.py for tasks to queue
[2023-09-30 23:36:13,962] {logging_mixin.py:104} INFO - [2023-09-30 23:36:13,960] {dagbag.py:451} INFO - Filling up the DagBag from /home/airflow/.local/lib/python3.6/site-packages/airflow/example_dags/tutorial_taskflow_api_etl.py
[2023-09-30 23:36:14,271] {scheduler_job.py:639} INFO - DAG(s) dict_keys(['tutorial_taskflow_api_etl']) retrieved from /home/airflow/.local/lib/python3.6/site-packages/airflow/example_dags/tutorial_taskflow_api_etl.py
[2023-09-30 23:36:14,452] {logging_mixin.py:104} INFO - [2023-09-30 23:36:14,451] {dag.py:1824} INFO - Sync 1 DAGs
[2023-09-30 23:36:14,585] {logging_mixin.py:104} INFO - [2023-09-30 23:36:14,584] {dag.py:2280} INFO - Setting next_dagrun for tutorial_taskflow_api_etl to None
[2023-09-30 23:36:14,688] {scheduler_job.py:190} INFO - Processing /home/airflow/.local/lib/python3.6/site-packages/airflow/example_dags/tutorial_taskflow_api_etl.py took 0.812 seconds
[2023-09-30 23:37:02,586] {scheduler_job.py:182} INFO - Started process (PID=76) to work on /home/airflow/.local/lib/python3.6/site-packages/airflow/example_dags/tutorial_taskflow_api_etl.py
[2023-09-30 23:37:02,593] {scheduler_job.py:629} INFO - Processing file /home/airflow/.local/lib/python3.6/site-packages/airflow/example_dags/tutorial_taskflow_api_etl.py for tasks to queue
[2023-09-30 23:37:02,597] {logging_mixin.py:104} INFO - [2023-09-30 23:37:02,597] {dagbag.py:451} INFO - Filling up the DagBag from /home/airflow/.local/lib/python3.6/site-packages/airflow/example_dags/tutorial_taskflow_api_etl.py
[2023-09-30 23:37:02,667] {scheduler_job.py:639} INFO - DAG(s) dict_keys(['tutorial_taskflow_api_etl']) retrieved from /home/airflow/.local/lib/python3.6/site-packages/airflow/example_dags/tutorial_taskflow_api_etl.py
[2023-09-30 23:37:02,762] {logging_mixin.py:104} INFO - [2023-09-30 23:37:02,762] {dag.py:1824} INFO - Sync 1 DAGs
[2023-09-30 23:37:02,836] {logging_mixin.py:104} INFO - [2023-09-30 23:37:02,835] {dag.py:2280} INFO - Setting next_dagrun for tutorial_taskflow_api_etl to None
[2023-09-30 23:37:02,885] {scheduler_job.py:190} INFO - Processing /home/airflow/.local/lib/python3.6/site-packages/airflow/example_dags/tutorial_taskflow_api_etl.py took 0.310 seconds
[2023-09-30 23:37:33,601] {scheduler_job.py:182} INFO - Started process (PID=130) to work on /home/airflow/.local/lib/python3.6/site-packages/airflow/example_dags/tutorial_taskflow_api_etl.py
[2023-09-30 23:37:33,609] {scheduler_job.py:629} INFO - Processing file /home/airflow/.local/lib/python3.6/site-packages/airflow/example_dags/tutorial_taskflow_api_etl.py for tasks to queue
[2023-09-30 23:37:33,615] {logging_mixin.py:104} INFO - [2023-09-30 23:37:33,614] {dagbag.py:451} INFO - Filling up the DagBag from /home/airflow/.local/lib/python3.6/site-packages/airflow/example_dags/tutorial_taskflow_api_etl.py
[2023-09-30 23:37:33,686] {scheduler_job.py:639} INFO - DAG(s) dict_keys(['tutorial_taskflow_api_etl']) retrieved from /home/airflow/.local/lib/python3.6/site-packages/airflow/example_dags/tutorial_taskflow_api_etl.py
[2023-09-30 23:37:33,777] {logging_mixin.py:104} INFO - [2023-09-30 23:37:33,777] {dag.py:1824} INFO - Sync 1 DAGs
[2023-09-30 23:37:33,849] {logging_mixin.py:104} INFO - [2023-09-30 23:37:33,849] {dag.py:2280} INFO - Setting next_dagrun for tutorial_taskflow_api_etl to None
[2023-09-30 23:37:33,905] {scheduler_job.py:190} INFO - Processing /home/airflow/.local/lib/python3.6/site-packages/airflow/example_dags/tutorial_taskflow_api_etl.py took 0.315 seconds
[2023-09-30 23:38:04,490] {scheduler_job.py:182} INFO - Started process (PID=182) to work on /home/airflow/.local/lib/python3.6/site-packages/airflow/example_dags/tutorial_taskflow_api_etl.py
[2023-09-30 23:38:04,497] {scheduler_job.py:629} INFO - Processing file /home/airflow/.local/lib/python3.6/site-packages/airflow/example_dags/tutorial_taskflow_api_etl.py for tasks to queue
[2023-09-30 23:38:04,503] {logging_mixin.py:104} INFO - [2023-09-30 23:38:04,502] {dagbag.py:451} INFO - Filling up the DagBag from /home/airflow/.local/lib/python3.6/site-packages/airflow/example_dags/tutorial_taskflow_api_etl.py
[2023-09-30 23:38:04,581] {scheduler_job.py:639} INFO - DAG(s) dict_keys(['tutorial_taskflow_api_etl']) retrieved from /home/airflow/.local/lib/python3.6/site-packages/airflow/example_dags/tutorial_taskflow_api_etl.py
[2023-09-30 23:38:04,692] {logging_mixin.py:104} INFO - [2023-09-30 23:38:04,691] {dag.py:1824} INFO - Sync 1 DAGs
[2023-09-30 23:38:04,778] {logging_mixin.py:104} INFO - [2023-09-30 23:38:04,777] {dag.py:2280} INFO - Setting next_dagrun for tutorial_taskflow_api_etl to None
[2023-09-30 23:38:04,833] {scheduler_job.py:190} INFO - Processing /home/airflow/.local/lib/python3.6/site-packages/airflow/example_dags/tutorial_taskflow_api_etl.py took 0.353 seconds
[2023-09-30 23:38:35,506] {scheduler_job.py:182} INFO - Started process (PID=238) to work on /home/airflow/.local/lib/python3.6/site-packages/airflow/example_dags/tutorial_taskflow_api_etl.py
[2023-09-30 23:38:35,512] {scheduler_job.py:629} INFO - Processing file /home/airflow/.local/lib/python3.6/site-packages/airflow/example_dags/tutorial_taskflow_api_etl.py for tasks to queue
[2023-09-30 23:38:35,516] {logging_mixin.py:104} INFO - [2023-09-30 23:38:35,515] {dagbag.py:451} INFO - Filling up the DagBag from /home/airflow/.local/lib/python3.6/site-packages/airflow/example_dags/tutorial_taskflow_api_etl.py
[2023-09-30 23:38:35,583] {scheduler_job.py:639} INFO - DAG(s) dict_keys(['tutorial_taskflow_api_etl']) retrieved from /home/airflow/.local/lib/python3.6/site-packages/airflow/example_dags/tutorial_taskflow_api_etl.py
[2023-09-30 23:38:35,724] {logging_mixin.py:104} INFO - [2023-09-30 23:38:35,723] {dag.py:1824} INFO - Sync 1 DAGs
[2023-09-30 23:38:35,814] {logging_mixin.py:104} INFO - [2023-09-30 23:38:35,813] {dag.py:2280} INFO - Setting next_dagrun for tutorial_taskflow_api_etl to None
[2023-09-30 23:38:35,879] {scheduler_job.py:190} INFO - Processing /home/airflow/.local/lib/python3.6/site-packages/airflow/example_dags/tutorial_taskflow_api_etl.py took 0.382 seconds
[2023-09-30 23:39:06,694] {scheduler_job.py:182} INFO - Started process (PID=290) to work on /home/airflow/.local/lib/python3.6/site-packages/airflow/example_dags/tutorial_taskflow_api_etl.py
[2023-09-30 23:39:06,701] {scheduler_job.py:629} INFO - Processing file /home/airflow/.local/lib/python3.6/site-packages/airflow/example_dags/tutorial_taskflow_api_etl.py for tasks to queue
[2023-09-30 23:39:06,705] {logging_mixin.py:104} INFO - [2023-09-30 23:39:06,705] {dagbag.py:451} INFO - Filling up the DagBag from /home/airflow/.local/lib/python3.6/site-packages/airflow/example_dags/tutorial_taskflow_api_etl.py
[2023-09-30 23:39:06,784] {scheduler_job.py:639} INFO - DAG(s) dict_keys(['tutorial_taskflow_api_etl']) retrieved from /home/airflow/.local/lib/python3.6/site-packages/airflow/example_dags/tutorial_taskflow_api_etl.py
[2023-09-30 23:39:06,916] {logging_mixin.py:104} INFO - [2023-09-30 23:39:06,915] {dag.py:1824} INFO - Sync 1 DAGs
[2023-09-30 23:39:07,009] {logging_mixin.py:104} INFO - [2023-09-30 23:39:07,008] {dag.py:2280} INFO - Setting next_dagrun for tutorial_taskflow_api_etl to None
[2023-09-30 23:39:07,066] {scheduler_job.py:190} INFO - Processing /home/airflow/.local/lib/python3.6/site-packages/airflow/example_dags/tutorial_taskflow_api_etl.py took 0.384 seconds
[2023-09-30 23:39:37,574] {scheduler_job.py:182} INFO - Started process (PID=342) to work on /home/airflow/.local/lib/python3.6/site-packages/airflow/example_dags/tutorial_taskflow_api_etl.py
[2023-09-30 23:39:37,582] {scheduler_job.py:629} INFO - Processing file /home/airflow/.local/lib/python3.6/site-packages/airflow/example_dags/tutorial_taskflow_api_etl.py for tasks to queue
[2023-09-30 23:39:37,587] {logging_mixin.py:104} INFO - [2023-09-30 23:39:37,587] {dagbag.py:451} INFO - Filling up the DagBag from /home/airflow/.local/lib/python3.6/site-packages/airflow/example_dags/tutorial_taskflow_api_etl.py
[2023-09-30 23:39:37,661] {scheduler_job.py:639} INFO - DAG(s) dict_keys(['tutorial_taskflow_api_etl']) retrieved from /home/airflow/.local/lib/python3.6/site-packages/airflow/example_dags/tutorial_taskflow_api_etl.py
[2023-09-30 23:39:37,772] {logging_mixin.py:104} INFO - [2023-09-30 23:39:37,771] {dag.py:1824} INFO - Sync 1 DAGs
[2023-09-30 23:39:37,859] {logging_mixin.py:104} INFO - [2023-09-30 23:39:37,858] {dag.py:2280} INFO - Setting next_dagrun for tutorial_taskflow_api_etl to None
[2023-09-30 23:39:37,916] {scheduler_job.py:190} INFO - Processing /home/airflow/.local/lib/python3.6/site-packages/airflow/example_dags/tutorial_taskflow_api_etl.py took 0.354 seconds
[2023-09-30 23:40:08,320] {scheduler_job.py:182} INFO - Started process (PID=392) to work on /home/airflow/.local/lib/python3.6/site-packages/airflow/example_dags/tutorial_taskflow_api_etl.py
[2023-09-30 23:40:08,328] {scheduler_job.py:629} INFO - Processing file /home/airflow/.local/lib/python3.6/site-packages/airflow/example_dags/tutorial_taskflow_api_etl.py for tasks to queue
[2023-09-30 23:40:08,335] {logging_mixin.py:104} INFO - [2023-09-30 23:40:08,335] {dagbag.py:451} INFO - Filling up the DagBag from /home/airflow/.local/lib/python3.6/site-packages/airflow/example_dags/tutorial_taskflow_api_etl.py
[2023-09-30 23:40:08,423] {scheduler_job.py:639} INFO - DAG(s) dict_keys(['tutorial_taskflow_api_etl']) retrieved from /home/airflow/.local/lib/python3.6/site-packages/airflow/example_dags/tutorial_taskflow_api_etl.py
[2023-09-30 23:40:08,525] {logging_mixin.py:104} INFO - [2023-09-30 23:40:08,525] {dag.py:1824} INFO - Sync 1 DAGs
[2023-09-30 23:40:08,608] {logging_mixin.py:104} INFO - [2023-09-30 23:40:08,608] {dag.py:2280} INFO - Setting next_dagrun for tutorial_taskflow_api_etl to None
[2023-09-30 23:40:08,670] {scheduler_job.py:190} INFO - Processing /home/airflow/.local/lib/python3.6/site-packages/airflow/example_dags/tutorial_taskflow_api_etl.py took 0.372 seconds
[2023-09-30 23:40:39,044] {scheduler_job.py:182} INFO - Started process (PID=444) to work on /home/airflow/.local/lib/python3.6/site-packages/airflow/example_dags/tutorial_taskflow_api_etl.py
[2023-09-30 23:40:39,052] {scheduler_job.py:629} INFO - Processing file /home/airflow/.local/lib/python3.6/site-packages/airflow/example_dags/tutorial_taskflow_api_etl.py for tasks to queue
[2023-09-30 23:40:39,063] {logging_mixin.py:104} INFO - [2023-09-30 23:40:39,062] {dagbag.py:451} INFO - Filling up the DagBag from /home/airflow/.local/lib/python3.6/site-packages/airflow/example_dags/tutorial_taskflow_api_etl.py
[2023-09-30 23:40:39,201] {scheduler_job.py:639} INFO - DAG(s) dict_keys(['tutorial_taskflow_api_etl']) retrieved from /home/airflow/.local/lib/python3.6/site-packages/airflow/example_dags/tutorial_taskflow_api_etl.py
[2023-09-30 23:40:39,394] {logging_mixin.py:104} INFO - [2023-09-30 23:40:39,393] {dag.py:1824} INFO - Sync 1 DAGs
[2023-09-30 23:40:39,493] {logging_mixin.py:104} INFO - [2023-09-30 23:40:39,491] {dag.py:2280} INFO - Setting next_dagrun for tutorial_taskflow_api_etl to None
[2023-09-30 23:40:39,645] {scheduler_job.py:190} INFO - Processing /home/airflow/.local/lib/python3.6/site-packages/airflow/example_dags/tutorial_taskflow_api_etl.py took 0.624 seconds
[2023-09-30 23:44:48,241] {scheduler_job.py:182} INFO - Started process (PID=87) to work on /home/airflow/.local/lib/python3.6/site-packages/airflow/example_dags/tutorial_taskflow_api_etl.py
[2023-09-30 23:44:48,266] {scheduler_job.py:629} INFO - Processing file /home/airflow/.local/lib/python3.6/site-packages/airflow/example_dags/tutorial_taskflow_api_etl.py for tasks to queue
[2023-09-30 23:44:48,277] {logging_mixin.py:104} INFO - [2023-09-30 23:44:48,276] {dagbag.py:451} INFO - Filling up the DagBag from /home/airflow/.local/lib/python3.6/site-packages/airflow/example_dags/tutorial_taskflow_api_etl.py
[2023-09-30 23:44:48,475] {scheduler_job.py:639} INFO - DAG(s) dict_keys(['tutorial_taskflow_api_etl']) retrieved from /home/airflow/.local/lib/python3.6/site-packages/airflow/example_dags/tutorial_taskflow_api_etl.py
[2023-09-30 23:44:48,794] {logging_mixin.py:104} INFO - [2023-09-30 23:44:48,793] {dag.py:1824} INFO - Sync 1 DAGs
[2023-09-30 23:44:49,376] {logging_mixin.py:104} INFO - [2023-09-30 23:44:49,375] {dag.py:2280} INFO - Setting next_dagrun for tutorial_taskflow_api_etl to None
[2023-09-30 23:44:49,625] {scheduler_job.py:190} INFO - Processing /home/airflow/.local/lib/python3.6/site-packages/airflow/example_dags/tutorial_taskflow_api_etl.py took 1.435 seconds
[2023-09-30 23:45:19,736] {scheduler_job.py:182} INFO - Started process (PID=139) to work on /home/airflow/.local/lib/python3.6/site-packages/airflow/example_dags/tutorial_taskflow_api_etl.py
[2023-09-30 23:45:19,748] {scheduler_job.py:629} INFO - Processing file /home/airflow/.local/lib/python3.6/site-packages/airflow/example_dags/tutorial_taskflow_api_etl.py for tasks to queue
[2023-09-30 23:45:19,763] {logging_mixin.py:104} INFO - [2023-09-30 23:45:19,762] {dagbag.py:451} INFO - Filling up the DagBag from /home/airflow/.local/lib/python3.6/site-packages/airflow/example_dags/tutorial_taskflow_api_etl.py
[2023-09-30 23:45:19,914] {scheduler_job.py:639} INFO - DAG(s) dict_keys(['tutorial_taskflow_api_etl']) retrieved from /home/airflow/.local/lib/python3.6/site-packages/airflow/example_dags/tutorial_taskflow_api_etl.py
[2023-09-30 23:45:20,131] {logging_mixin.py:104} INFO - [2023-09-30 23:45:20,130] {dag.py:1824} INFO - Sync 1 DAGs
[2023-09-30 23:45:20,340] {logging_mixin.py:104} INFO - [2023-09-30 23:45:20,338] {dag.py:2280} INFO - Setting next_dagrun for tutorial_taskflow_api_etl to None
[2023-09-30 23:45:20,458] {scheduler_job.py:190} INFO - Processing /home/airflow/.local/lib/python3.6/site-packages/airflow/example_dags/tutorial_taskflow_api_etl.py took 0.738 seconds
[2023-09-30 23:45:50,656] {scheduler_job.py:182} INFO - Started process (PID=191) to work on /home/airflow/.local/lib/python3.6/site-packages/airflow/example_dags/tutorial_taskflow_api_etl.py
[2023-09-30 23:45:50,665] {scheduler_job.py:629} INFO - Processing file /home/airflow/.local/lib/python3.6/site-packages/airflow/example_dags/tutorial_taskflow_api_etl.py for tasks to queue
[2023-09-30 23:45:50,671] {logging_mixin.py:104} INFO - [2023-09-30 23:45:50,671] {dagbag.py:451} INFO - Filling up the DagBag from /home/airflow/.local/lib/python3.6/site-packages/airflow/example_dags/tutorial_taskflow_api_etl.py
[2023-09-30 23:45:50,781] {scheduler_job.py:639} INFO - DAG(s) dict_keys(['tutorial_taskflow_api_etl']) retrieved from /home/airflow/.local/lib/python3.6/site-packages/airflow/example_dags/tutorial_taskflow_api_etl.py
[2023-09-30 23:45:50,923] {logging_mixin.py:104} INFO - [2023-09-30 23:45:50,922] {dag.py:1824} INFO - Sync 1 DAGs
[2023-09-30 23:45:51,052] {logging_mixin.py:104} INFO - [2023-09-30 23:45:51,051] {dag.py:2280} INFO - Setting next_dagrun for tutorial_taskflow_api_etl to None
[2023-09-30 23:45:51,130] {scheduler_job.py:190} INFO - Processing /home/airflow/.local/lib/python3.6/site-packages/airflow/example_dags/tutorial_taskflow_api_etl.py took 0.492 seconds
[2023-09-30 23:46:21,631] {scheduler_job.py:182} INFO - Started process (PID=241) to work on /home/airflow/.local/lib/python3.6/site-packages/airflow/example_dags/tutorial_taskflow_api_etl.py
[2023-09-30 23:46:21,639] {scheduler_job.py:629} INFO - Processing file /home/airflow/.local/lib/python3.6/site-packages/airflow/example_dags/tutorial_taskflow_api_etl.py for tasks to queue
[2023-09-30 23:46:21,648] {logging_mixin.py:104} INFO - [2023-09-30 23:46:21,647] {dagbag.py:451} INFO - Filling up the DagBag from /home/airflow/.local/lib/python3.6/site-packages/airflow/example_dags/tutorial_taskflow_api_etl.py
[2023-09-30 23:46:21,777] {scheduler_job.py:639} INFO - DAG(s) dict_keys(['tutorial_taskflow_api_etl']) retrieved from /home/airflow/.local/lib/python3.6/site-packages/airflow/example_dags/tutorial_taskflow_api_etl.py
[2023-09-30 23:46:21,966] {logging_mixin.py:104} INFO - [2023-09-30 23:46:21,965] {dag.py:1824} INFO - Sync 1 DAGs
[2023-09-30 23:46:22,146] {logging_mixin.py:104} INFO - [2023-09-30 23:46:22,144] {dag.py:2280} INFO - Setting next_dagrun for tutorial_taskflow_api_etl to None
[2023-09-30 23:46:22,259] {scheduler_job.py:190} INFO - Processing /home/airflow/.local/lib/python3.6/site-packages/airflow/example_dags/tutorial_taskflow_api_etl.py took 0.657 seconds
[2023-09-30 23:46:52,523] {scheduler_job.py:182} INFO - Started process (PID=293) to work on /home/airflow/.local/lib/python3.6/site-packages/airflow/example_dags/tutorial_taskflow_api_etl.py
[2023-09-30 23:46:52,532] {scheduler_job.py:629} INFO - Processing file /home/airflow/.local/lib/python3.6/site-packages/airflow/example_dags/tutorial_taskflow_api_etl.py for tasks to queue
[2023-09-30 23:46:52,542] {logging_mixin.py:104} INFO - [2023-09-30 23:46:52,541] {dagbag.py:451} INFO - Filling up the DagBag from /home/airflow/.local/lib/python3.6/site-packages/airflow/example_dags/tutorial_taskflow_api_etl.py
[2023-09-30 23:46:52,676] {scheduler_job.py:639} INFO - DAG(s) dict_keys(['tutorial_taskflow_api_etl']) retrieved from /home/airflow/.local/lib/python3.6/site-packages/airflow/example_dags/tutorial_taskflow_api_etl.py
[2023-09-30 23:46:52,901] {logging_mixin.py:104} INFO - [2023-09-30 23:46:52,901] {dag.py:1824} INFO - Sync 1 DAGs
[2023-09-30 23:46:53,052] {logging_mixin.py:104} INFO - [2023-09-30 23:46:53,051] {dag.py:2280} INFO - Setting next_dagrun for tutorial_taskflow_api_etl to None
[2023-09-30 23:46:53,188] {scheduler_job.py:190} INFO - Processing /home/airflow/.local/lib/python3.6/site-packages/airflow/example_dags/tutorial_taskflow_api_etl.py took 0.687 seconds
[2023-09-30 23:47:23,691] {scheduler_job.py:182} INFO - Started process (PID=345) to work on /home/airflow/.local/lib/python3.6/site-packages/airflow/example_dags/tutorial_taskflow_api_etl.py
[2023-09-30 23:47:23,710] {scheduler_job.py:629} INFO - Processing file /home/airflow/.local/lib/python3.6/site-packages/airflow/example_dags/tutorial_taskflow_api_etl.py for tasks to queue
[2023-09-30 23:47:23,720] {logging_mixin.py:104} INFO - [2023-09-30 23:47:23,718] {dagbag.py:451} INFO - Filling up the DagBag from /home/airflow/.local/lib/python3.6/site-packages/airflow/example_dags/tutorial_taskflow_api_etl.py
[2023-09-30 23:47:23,925] {scheduler_job.py:639} INFO - DAG(s) dict_keys(['tutorial_taskflow_api_etl']) retrieved from /home/airflow/.local/lib/python3.6/site-packages/airflow/example_dags/tutorial_taskflow_api_etl.py
[2023-09-30 23:47:24,212] {logging_mixin.py:104} INFO - [2023-09-30 23:47:24,211] {dag.py:1824} INFO - Sync 1 DAGs
[2023-09-30 23:47:24,409] {logging_mixin.py:104} INFO - [2023-09-30 23:47:24,408] {dag.py:2280} INFO - Setting next_dagrun for tutorial_taskflow_api_etl to None
[2023-09-30 23:47:24,521] {scheduler_job.py:190} INFO - Processing /home/airflow/.local/lib/python3.6/site-packages/airflow/example_dags/tutorial_taskflow_api_etl.py took 0.855 seconds
[2023-09-30 23:47:54,588] {scheduler_job.py:182} INFO - Started process (PID=397) to work on /home/airflow/.local/lib/python3.6/site-packages/airflow/example_dags/tutorial_taskflow_api_etl.py
[2023-09-30 23:47:54,593] {scheduler_job.py:629} INFO - Processing file /home/airflow/.local/lib/python3.6/site-packages/airflow/example_dags/tutorial_taskflow_api_etl.py for tasks to queue
[2023-09-30 23:47:54,596] {logging_mixin.py:104} INFO - [2023-09-30 23:47:54,596] {dagbag.py:451} INFO - Filling up the DagBag from /home/airflow/.local/lib/python3.6/site-packages/airflow/example_dags/tutorial_taskflow_api_etl.py
[2023-09-30 23:47:54,661] {scheduler_job.py:639} INFO - DAG(s) dict_keys(['tutorial_taskflow_api_etl']) retrieved from /home/airflow/.local/lib/python3.6/site-packages/airflow/example_dags/tutorial_taskflow_api_etl.py
[2023-09-30 23:47:54,758] {logging_mixin.py:104} INFO - [2023-09-30 23:47:54,757] {dag.py:1824} INFO - Sync 1 DAGs
[2023-09-30 23:47:54,845] {logging_mixin.py:104} INFO - [2023-09-30 23:47:54,845] {dag.py:2280} INFO - Setting next_dagrun for tutorial_taskflow_api_etl to None
[2023-09-30 23:47:54,896] {scheduler_job.py:190} INFO - Processing /home/airflow/.local/lib/python3.6/site-packages/airflow/example_dags/tutorial_taskflow_api_etl.py took 0.319 seconds
[2023-09-30 23:48:25,101] {scheduler_job.py:182} INFO - Started process (PID=447) to work on /home/airflow/.local/lib/python3.6/site-packages/airflow/example_dags/tutorial_taskflow_api_etl.py
[2023-09-30 23:48:25,107] {scheduler_job.py:629} INFO - Processing file /home/airflow/.local/lib/python3.6/site-packages/airflow/example_dags/tutorial_taskflow_api_etl.py for tasks to queue
[2023-09-30 23:48:25,111] {logging_mixin.py:104} INFO - [2023-09-30 23:48:25,111] {dagbag.py:451} INFO - Filling up the DagBag from /home/airflow/.local/lib/python3.6/site-packages/airflow/example_dags/tutorial_taskflow_api_etl.py
[2023-09-30 23:48:25,170] {scheduler_job.py:639} INFO - DAG(s) dict_keys(['tutorial_taskflow_api_etl']) retrieved from /home/airflow/.local/lib/python3.6/site-packages/airflow/example_dags/tutorial_taskflow_api_etl.py
[2023-09-30 23:48:25,268] {logging_mixin.py:104} INFO - [2023-09-30 23:48:25,268] {dag.py:1824} INFO - Sync 1 DAGs
[2023-09-30 23:48:25,342] {logging_mixin.py:104} INFO - [2023-09-30 23:48:25,342] {dag.py:2280} INFO - Setting next_dagrun for tutorial_taskflow_api_etl to None
[2023-09-30 23:48:25,390] {scheduler_job.py:190} INFO - Processing /home/airflow/.local/lib/python3.6/site-packages/airflow/example_dags/tutorial_taskflow_api_etl.py took 0.298 seconds
[2023-09-30 23:48:55,720] {scheduler_job.py:182} INFO - Started process (PID=499) to work on /home/airflow/.local/lib/python3.6/site-packages/airflow/example_dags/tutorial_taskflow_api_etl.py
[2023-09-30 23:48:55,726] {scheduler_job.py:629} INFO - Processing file /home/airflow/.local/lib/python3.6/site-packages/airflow/example_dags/tutorial_taskflow_api_etl.py for tasks to queue
[2023-09-30 23:48:55,730] {logging_mixin.py:104} INFO - [2023-09-30 23:48:55,729] {dagbag.py:451} INFO - Filling up the DagBag from /home/airflow/.local/lib/python3.6/site-packages/airflow/example_dags/tutorial_taskflow_api_etl.py
[2023-09-30 23:48:55,795] {scheduler_job.py:639} INFO - DAG(s) dict_keys(['tutorial_taskflow_api_etl']) retrieved from /home/airflow/.local/lib/python3.6/site-packages/airflow/example_dags/tutorial_taskflow_api_etl.py
[2023-09-30 23:48:55,883] {logging_mixin.py:104} INFO - [2023-09-30 23:48:55,882] {dag.py:1824} INFO - Sync 1 DAGs
[2023-09-30 23:48:55,948] {logging_mixin.py:104} INFO - [2023-09-30 23:48:55,947] {dag.py:2280} INFO - Setting next_dagrun for tutorial_taskflow_api_etl to None
[2023-09-30 23:48:55,990] {scheduler_job.py:190} INFO - Processing /home/airflow/.local/lib/python3.6/site-packages/airflow/example_dags/tutorial_taskflow_api_etl.py took 0.281 seconds
[2023-09-30 23:49:26,055] {scheduler_job.py:182} INFO - Started process (PID=551) to work on /home/airflow/.local/lib/python3.6/site-packages/airflow/example_dags/tutorial_taskflow_api_etl.py
[2023-09-30 23:49:26,062] {scheduler_job.py:629} INFO - Processing file /home/airflow/.local/lib/python3.6/site-packages/airflow/example_dags/tutorial_taskflow_api_etl.py for tasks to queue
[2023-09-30 23:49:26,066] {logging_mixin.py:104} INFO - [2023-09-30 23:49:26,066] {dagbag.py:451} INFO - Filling up the DagBag from /home/airflow/.local/lib/python3.6/site-packages/airflow/example_dags/tutorial_taskflow_api_etl.py
[2023-09-30 23:49:26,128] {scheduler_job.py:639} INFO - DAG(s) dict_keys(['tutorial_taskflow_api_etl']) retrieved from /home/airflow/.local/lib/python3.6/site-packages/airflow/example_dags/tutorial_taskflow_api_etl.py
[2023-09-30 23:49:26,207] {logging_mixin.py:104} INFO - [2023-09-30 23:49:26,207] {dag.py:1824} INFO - Sync 1 DAGs
[2023-09-30 23:49:26,273] {logging_mixin.py:104} INFO - [2023-09-30 23:49:26,273] {dag.py:2280} INFO - Setting next_dagrun for tutorial_taskflow_api_etl to None
[2023-09-30 23:49:26,317] {scheduler_job.py:190} INFO - Processing /home/airflow/.local/lib/python3.6/site-packages/airflow/example_dags/tutorial_taskflow_api_etl.py took 0.272 seconds
[2023-09-30 23:49:56,547] {scheduler_job.py:182} INFO - Started process (PID=603) to work on /home/airflow/.local/lib/python3.6/site-packages/airflow/example_dags/tutorial_taskflow_api_etl.py
[2023-09-30 23:49:56,552] {scheduler_job.py:629} INFO - Processing file /home/airflow/.local/lib/python3.6/site-packages/airflow/example_dags/tutorial_taskflow_api_etl.py for tasks to queue
[2023-09-30 23:49:56,557] {logging_mixin.py:104} INFO - [2023-09-30 23:49:56,556] {dagbag.py:451} INFO - Filling up the DagBag from /home/airflow/.local/lib/python3.6/site-packages/airflow/example_dags/tutorial_taskflow_api_etl.py
[2023-09-30 23:49:56,619] {scheduler_job.py:639} INFO - DAG(s) dict_keys(['tutorial_taskflow_api_etl']) retrieved from /home/airflow/.local/lib/python3.6/site-packages/airflow/example_dags/tutorial_taskflow_api_etl.py
[2023-09-30 23:49:56,711] {logging_mixin.py:104} INFO - [2023-09-30 23:49:56,711] {dag.py:1824} INFO - Sync 1 DAGs
[2023-09-30 23:49:56,790] {logging_mixin.py:104} INFO - [2023-09-30 23:49:56,789] {dag.py:2280} INFO - Setting next_dagrun for tutorial_taskflow_api_etl to None
[2023-09-30 23:49:56,843] {scheduler_job.py:190} INFO - Processing /home/airflow/.local/lib/python3.6/site-packages/airflow/example_dags/tutorial_taskflow_api_etl.py took 0.306 seconds
[2023-09-30 23:50:26,973] {scheduler_job.py:182} INFO - Started process (PID=655) to work on /home/airflow/.local/lib/python3.6/site-packages/airflow/example_dags/tutorial_taskflow_api_etl.py
[2023-09-30 23:50:26,979] {scheduler_job.py:629} INFO - Processing file /home/airflow/.local/lib/python3.6/site-packages/airflow/example_dags/tutorial_taskflow_api_etl.py for tasks to queue
[2023-09-30 23:50:26,983] {logging_mixin.py:104} INFO - [2023-09-30 23:50:26,983] {dagbag.py:451} INFO - Filling up the DagBag from /home/airflow/.local/lib/python3.6/site-packages/airflow/example_dags/tutorial_taskflow_api_etl.py
[2023-09-30 23:50:27,047] {scheduler_job.py:639} INFO - DAG(s) dict_keys(['tutorial_taskflow_api_etl']) retrieved from /home/airflow/.local/lib/python3.6/site-packages/airflow/example_dags/tutorial_taskflow_api_etl.py
[2023-09-30 23:50:27,163] {logging_mixin.py:104} INFO - [2023-09-30 23:50:27,161] {dag.py:1824} INFO - Sync 1 DAGs
[2023-09-30 23:50:27,254] {logging_mixin.py:104} INFO - [2023-09-30 23:50:27,253] {dag.py:2280} INFO - Setting next_dagrun for tutorial_taskflow_api_etl to None
[2023-09-30 23:50:27,319] {scheduler_job.py:190} INFO - Processing /home/airflow/.local/lib/python3.6/site-packages/airflow/example_dags/tutorial_taskflow_api_etl.py took 0.356 seconds
[2023-09-30 23:50:57,425] {scheduler_job.py:182} INFO - Started process (PID=707) to work on /home/airflow/.local/lib/python3.6/site-packages/airflow/example_dags/tutorial_taskflow_api_etl.py
[2023-09-30 23:50:57,431] {scheduler_job.py:629} INFO - Processing file /home/airflow/.local/lib/python3.6/site-packages/airflow/example_dags/tutorial_taskflow_api_etl.py for tasks to queue
[2023-09-30 23:50:57,438] {logging_mixin.py:104} INFO - [2023-09-30 23:50:57,437] {dagbag.py:451} INFO - Filling up the DagBag from /home/airflow/.local/lib/python3.6/site-packages/airflow/example_dags/tutorial_taskflow_api_etl.py
[2023-09-30 23:50:57,503] {scheduler_job.py:639} INFO - DAG(s) dict_keys(['tutorial_taskflow_api_etl']) retrieved from /home/airflow/.local/lib/python3.6/site-packages/airflow/example_dags/tutorial_taskflow_api_etl.py
[2023-09-30 23:50:57,585] {logging_mixin.py:104} INFO - [2023-09-30 23:50:57,584] {dag.py:1824} INFO - Sync 1 DAGs
[2023-09-30 23:50:57,653] {logging_mixin.py:104} INFO - [2023-09-30 23:50:57,652] {dag.py:2280} INFO - Setting next_dagrun for tutorial_taskflow_api_etl to None
[2023-09-30 23:50:57,697] {scheduler_job.py:190} INFO - Processing /home/airflow/.local/lib/python3.6/site-packages/airflow/example_dags/tutorial_taskflow_api_etl.py took 0.282 seconds
