[2023-09-30 23:34:08,323] {scheduler_job.py:182} INFO - Started process (PID=121) to work on /home/airflow/.local/lib/python3.6/site-packages/airflow/example_dags/tutorial_etl_dag.py
[2023-09-30 23:34:08,334] {scheduler_job.py:629} INFO - Processing file /home/airflow/.local/lib/python3.6/site-packages/airflow/example_dags/tutorial_etl_dag.py for tasks to queue
[2023-09-30 23:34:08,344] {logging_mixin.py:104} INFO - [2023-09-30 23:34:08,343] {dagbag.py:451} INFO - Filling up the DagBag from /home/airflow/.local/lib/python3.6/site-packages/airflow/example_dags/tutorial_etl_dag.py
[2023-09-30 23:34:08,463] {scheduler_job.py:639} INFO - DAG(s) dict_keys(['tutorial_etl_dag']) retrieved from /home/airflow/.local/lib/python3.6/site-packages/airflow/example_dags/tutorial_etl_dag.py
[2023-09-30 23:34:08,595] {logging_mixin.py:104} INFO - [2023-09-30 23:34:08,594] {dag.py:1824} INFO - Sync 1 DAGs
[2023-09-30 23:34:08,690] {logging_mixin.py:104} INFO - [2023-09-30 23:34:08,689] {dag.py:1843} INFO - Creating ORM DAG for tutorial_etl_dag
[2023-09-30 23:34:08,737] {logging_mixin.py:104} INFO - [2023-09-30 23:34:08,736] {dag.py:2280} INFO - Setting next_dagrun for tutorial_etl_dag to None
[2023-09-30 23:34:08,846] {scheduler_job.py:190} INFO - Processing /home/airflow/.local/lib/python3.6/site-packages/airflow/example_dags/tutorial_etl_dag.py took 0.538 seconds
[2023-09-30 23:34:39,484] {scheduler_job.py:182} INFO - Started process (PID=173) to work on /home/airflow/.local/lib/python3.6/site-packages/airflow/example_dags/tutorial_etl_dag.py
[2023-09-30 23:34:39,492] {scheduler_job.py:629} INFO - Processing file /home/airflow/.local/lib/python3.6/site-packages/airflow/example_dags/tutorial_etl_dag.py for tasks to queue
[2023-09-30 23:34:39,498] {logging_mixin.py:104} INFO - [2023-09-30 23:34:39,497] {dagbag.py:451} INFO - Filling up the DagBag from /home/airflow/.local/lib/python3.6/site-packages/airflow/example_dags/tutorial_etl_dag.py
[2023-09-30 23:34:39,575] {scheduler_job.py:639} INFO - DAG(s) dict_keys(['tutorial_etl_dag']) retrieved from /home/airflow/.local/lib/python3.6/site-packages/airflow/example_dags/tutorial_etl_dag.py
[2023-09-30 23:34:39,673] {logging_mixin.py:104} INFO - [2023-09-30 23:34:39,672] {dag.py:1824} INFO - Sync 1 DAGs
[2023-09-30 23:34:39,782] {logging_mixin.py:104} INFO - [2023-09-30 23:34:39,782] {dag.py:2280} INFO - Setting next_dagrun for tutorial_etl_dag to None
[2023-09-30 23:34:39,842] {scheduler_job.py:190} INFO - Processing /home/airflow/.local/lib/python3.6/site-packages/airflow/example_dags/tutorial_etl_dag.py took 0.369 seconds
[2023-09-30 23:35:10,186] {scheduler_job.py:182} INFO - Started process (PID=225) to work on /home/airflow/.local/lib/python3.6/site-packages/airflow/example_dags/tutorial_etl_dag.py
[2023-09-30 23:35:10,196] {scheduler_job.py:629} INFO - Processing file /home/airflow/.local/lib/python3.6/site-packages/airflow/example_dags/tutorial_etl_dag.py for tasks to queue
[2023-09-30 23:35:10,203] {logging_mixin.py:104} INFO - [2023-09-30 23:35:10,202] {dagbag.py:451} INFO - Filling up the DagBag from /home/airflow/.local/lib/python3.6/site-packages/airflow/example_dags/tutorial_etl_dag.py
[2023-09-30 23:35:10,448] {scheduler_job.py:639} INFO - DAG(s) dict_keys(['tutorial_etl_dag']) retrieved from /home/airflow/.local/lib/python3.6/site-packages/airflow/example_dags/tutorial_etl_dag.py
[2023-09-30 23:35:10,588] {logging_mixin.py:104} INFO - [2023-09-30 23:35:10,587] {dag.py:1824} INFO - Sync 1 DAGs
[2023-09-30 23:35:10,730] {logging_mixin.py:104} INFO - [2023-09-30 23:35:10,729] {dag.py:2280} INFO - Setting next_dagrun for tutorial_etl_dag to None
[2023-09-30 23:35:10,783] {scheduler_job.py:190} INFO - Processing /home/airflow/.local/lib/python3.6/site-packages/airflow/example_dags/tutorial_etl_dag.py took 0.612 seconds
[2023-09-30 23:35:42,123] {scheduler_job.py:182} INFO - Started process (PID=273) to work on /home/airflow/.local/lib/python3.6/site-packages/airflow/example_dags/tutorial_etl_dag.py
[2023-09-30 23:35:42,139] {scheduler_job.py:629} INFO - Processing file /home/airflow/.local/lib/python3.6/site-packages/airflow/example_dags/tutorial_etl_dag.py for tasks to queue
[2023-09-30 23:35:42,152] {logging_mixin.py:104} INFO - [2023-09-30 23:35:42,152] {dagbag.py:451} INFO - Filling up the DagBag from /home/airflow/.local/lib/python3.6/site-packages/airflow/example_dags/tutorial_etl_dag.py
[2023-09-30 23:35:42,291] {scheduler_job.py:639} INFO - DAG(s) dict_keys(['tutorial_etl_dag']) retrieved from /home/airflow/.local/lib/python3.6/site-packages/airflow/example_dags/tutorial_etl_dag.py
[2023-09-30 23:35:42,411] {logging_mixin.py:104} INFO - [2023-09-30 23:35:42,410] {dag.py:1824} INFO - Sync 1 DAGs
[2023-09-30 23:35:42,527] {logging_mixin.py:104} INFO - [2023-09-30 23:35:42,526] {dag.py:2280} INFO - Setting next_dagrun for tutorial_etl_dag to None
[2023-09-30 23:35:42,604] {scheduler_job.py:190} INFO - Processing /home/airflow/.local/lib/python3.6/site-packages/airflow/example_dags/tutorial_etl_dag.py took 0.492 seconds
[2023-09-30 23:36:13,267] {scheduler_job.py:182} INFO - Started process (PID=325) to work on /home/airflow/.local/lib/python3.6/site-packages/airflow/example_dags/tutorial_etl_dag.py
[2023-09-30 23:36:13,277] {scheduler_job.py:629} INFO - Processing file /home/airflow/.local/lib/python3.6/site-packages/airflow/example_dags/tutorial_etl_dag.py for tasks to queue
[2023-09-30 23:36:13,312] {logging_mixin.py:104} INFO - [2023-09-30 23:36:13,310] {dagbag.py:451} INFO - Filling up the DagBag from /home/airflow/.local/lib/python3.6/site-packages/airflow/example_dags/tutorial_etl_dag.py
[2023-09-30 23:36:13,468] {scheduler_job.py:639} INFO - DAG(s) dict_keys(['tutorial_etl_dag']) retrieved from /home/airflow/.local/lib/python3.6/site-packages/airflow/example_dags/tutorial_etl_dag.py
[2023-09-30 23:36:13,665] {logging_mixin.py:104} INFO - [2023-09-30 23:36:13,663] {dag.py:1824} INFO - Sync 1 DAGs
[2023-09-30 23:36:14,056] {logging_mixin.py:104} INFO - [2023-09-30 23:36:14,055] {dag.py:2280} INFO - Setting next_dagrun for tutorial_etl_dag to None
[2023-09-30 23:36:14,252] {scheduler_job.py:190} INFO - Processing /home/airflow/.local/lib/python3.6/site-packages/airflow/example_dags/tutorial_etl_dag.py took 1.010 seconds
[2023-09-30 23:37:02,934] {scheduler_job.py:182} INFO - Started process (PID=80) to work on /home/airflow/.local/lib/python3.6/site-packages/airflow/example_dags/tutorial_etl_dag.py
[2023-09-30 23:37:02,940] {scheduler_job.py:629} INFO - Processing file /home/airflow/.local/lib/python3.6/site-packages/airflow/example_dags/tutorial_etl_dag.py for tasks to queue
[2023-09-30 23:37:02,944] {logging_mixin.py:104} INFO - [2023-09-30 23:37:02,944] {dagbag.py:451} INFO - Filling up the DagBag from /home/airflow/.local/lib/python3.6/site-packages/airflow/example_dags/tutorial_etl_dag.py
[2023-09-30 23:37:03,004] {scheduler_job.py:639} INFO - DAG(s) dict_keys(['tutorial_etl_dag']) retrieved from /home/airflow/.local/lib/python3.6/site-packages/airflow/example_dags/tutorial_etl_dag.py
[2023-09-30 23:37:03,082] {logging_mixin.py:104} INFO - [2023-09-30 23:37:03,082] {dag.py:1824} INFO - Sync 1 DAGs
[2023-09-30 23:37:03,162] {logging_mixin.py:104} INFO - [2023-09-30 23:37:03,162] {dag.py:2280} INFO - Setting next_dagrun for tutorial_etl_dag to None
[2023-09-30 23:37:03,206] {scheduler_job.py:190} INFO - Processing /home/airflow/.local/lib/python3.6/site-packages/airflow/example_dags/tutorial_etl_dag.py took 0.283 seconds
[2023-09-30 23:37:33,918] {scheduler_job.py:182} INFO - Started process (PID=132) to work on /home/airflow/.local/lib/python3.6/site-packages/airflow/example_dags/tutorial_etl_dag.py
[2023-09-30 23:37:33,924] {scheduler_job.py:629} INFO - Processing file /home/airflow/.local/lib/python3.6/site-packages/airflow/example_dags/tutorial_etl_dag.py for tasks to queue
[2023-09-30 23:37:33,929] {logging_mixin.py:104} INFO - [2023-09-30 23:37:33,928] {dagbag.py:451} INFO - Filling up the DagBag from /home/airflow/.local/lib/python3.6/site-packages/airflow/example_dags/tutorial_etl_dag.py
[2023-09-30 23:37:33,994] {scheduler_job.py:639} INFO - DAG(s) dict_keys(['tutorial_etl_dag']) retrieved from /home/airflow/.local/lib/python3.6/site-packages/airflow/example_dags/tutorial_etl_dag.py
[2023-09-30 23:37:34,090] {logging_mixin.py:104} INFO - [2023-09-30 23:37:34,090] {dag.py:1824} INFO - Sync 1 DAGs
[2023-09-30 23:37:34,193] {logging_mixin.py:104} INFO - [2023-09-30 23:37:34,192] {dag.py:2280} INFO - Setting next_dagrun for tutorial_etl_dag to None
[2023-09-30 23:37:34,262] {scheduler_job.py:190} INFO - Processing /home/airflow/.local/lib/python3.6/site-packages/airflow/example_dags/tutorial_etl_dag.py took 0.355 seconds
[2023-09-30 23:38:04,725] {scheduler_job.py:182} INFO - Started process (PID=186) to work on /home/airflow/.local/lib/python3.6/site-packages/airflow/example_dags/tutorial_etl_dag.py
[2023-09-30 23:38:04,732] {scheduler_job.py:629} INFO - Processing file /home/airflow/.local/lib/python3.6/site-packages/airflow/example_dags/tutorial_etl_dag.py for tasks to queue
[2023-09-30 23:38:04,745] {logging_mixin.py:104} INFO - [2023-09-30 23:38:04,744] {dagbag.py:451} INFO - Filling up the DagBag from /home/airflow/.local/lib/python3.6/site-packages/airflow/example_dags/tutorial_etl_dag.py
[2023-09-30 23:38:04,808] {scheduler_job.py:639} INFO - DAG(s) dict_keys(['tutorial_etl_dag']) retrieved from /home/airflow/.local/lib/python3.6/site-packages/airflow/example_dags/tutorial_etl_dag.py
[2023-09-30 23:38:04,900] {logging_mixin.py:104} INFO - [2023-09-30 23:38:04,899] {dag.py:1824} INFO - Sync 1 DAGs
[2023-09-30 23:38:04,981] {logging_mixin.py:104} INFO - [2023-09-30 23:38:04,980] {dag.py:2280} INFO - Setting next_dagrun for tutorial_etl_dag to None
[2023-09-30 23:38:05,025] {scheduler_job.py:190} INFO - Processing /home/airflow/.local/lib/python3.6/site-packages/airflow/example_dags/tutorial_etl_dag.py took 0.310 seconds
[2023-09-30 23:38:35,642] {scheduler_job.py:182} INFO - Started process (PID=240) to work on /home/airflow/.local/lib/python3.6/site-packages/airflow/example_dags/tutorial_etl_dag.py
[2023-09-30 23:38:35,651] {scheduler_job.py:629} INFO - Processing file /home/airflow/.local/lib/python3.6/site-packages/airflow/example_dags/tutorial_etl_dag.py for tasks to queue
[2023-09-30 23:38:35,665] {logging_mixin.py:104} INFO - [2023-09-30 23:38:35,664] {dagbag.py:451} INFO - Filling up the DagBag from /home/airflow/.local/lib/python3.6/site-packages/airflow/example_dags/tutorial_etl_dag.py
[2023-09-30 23:38:35,747] {scheduler_job.py:639} INFO - DAG(s) dict_keys(['tutorial_etl_dag']) retrieved from /home/airflow/.local/lib/python3.6/site-packages/airflow/example_dags/tutorial_etl_dag.py
[2023-09-30 23:38:35,839] {logging_mixin.py:104} INFO - [2023-09-30 23:38:35,839] {dag.py:1824} INFO - Sync 1 DAGs
[2023-09-30 23:38:35,973] {logging_mixin.py:104} INFO - [2023-09-30 23:38:35,972] {dag.py:2280} INFO - Setting next_dagrun for tutorial_etl_dag to None
[2023-09-30 23:38:36,065] {scheduler_job.py:190} INFO - Processing /home/airflow/.local/lib/python3.6/site-packages/airflow/example_dags/tutorial_etl_dag.py took 0.436 seconds
[2023-09-30 23:39:06,915] {scheduler_job.py:182} INFO - Started process (PID=292) to work on /home/airflow/.local/lib/python3.6/site-packages/airflow/example_dags/tutorial_etl_dag.py
[2023-09-30 23:39:06,924] {scheduler_job.py:629} INFO - Processing file /home/airflow/.local/lib/python3.6/site-packages/airflow/example_dags/tutorial_etl_dag.py for tasks to queue
[2023-09-30 23:39:06,929] {logging_mixin.py:104} INFO - [2023-09-30 23:39:06,928] {dagbag.py:451} INFO - Filling up the DagBag from /home/airflow/.local/lib/python3.6/site-packages/airflow/example_dags/tutorial_etl_dag.py
[2023-09-30 23:39:07,003] {scheduler_job.py:639} INFO - DAG(s) dict_keys(['tutorial_etl_dag']) retrieved from /home/airflow/.local/lib/python3.6/site-packages/airflow/example_dags/tutorial_etl_dag.py
[2023-09-30 23:39:07,092] {logging_mixin.py:104} INFO - [2023-09-30 23:39:07,091] {dag.py:1824} INFO - Sync 1 DAGs
[2023-09-30 23:39:07,177] {logging_mixin.py:104} INFO - [2023-09-30 23:39:07,176] {dag.py:2280} INFO - Setting next_dagrun for tutorial_etl_dag to None
[2023-09-30 23:39:07,229] {scheduler_job.py:190} INFO - Processing /home/airflow/.local/lib/python3.6/site-packages/airflow/example_dags/tutorial_etl_dag.py took 0.328 seconds
[2023-09-30 23:39:37,971] {scheduler_job.py:182} INFO - Started process (PID=344) to work on /home/airflow/.local/lib/python3.6/site-packages/airflow/example_dags/tutorial_etl_dag.py
[2023-09-30 23:39:37,981] {scheduler_job.py:629} INFO - Processing file /home/airflow/.local/lib/python3.6/site-packages/airflow/example_dags/tutorial_etl_dag.py for tasks to queue
[2023-09-30 23:39:37,988] {logging_mixin.py:104} INFO - [2023-09-30 23:39:37,987] {dagbag.py:451} INFO - Filling up the DagBag from /home/airflow/.local/lib/python3.6/site-packages/airflow/example_dags/tutorial_etl_dag.py
[2023-09-30 23:39:38,055] {scheduler_job.py:639} INFO - DAG(s) dict_keys(['tutorial_etl_dag']) retrieved from /home/airflow/.local/lib/python3.6/site-packages/airflow/example_dags/tutorial_etl_dag.py
[2023-09-30 23:39:38,144] {logging_mixin.py:104} INFO - [2023-09-30 23:39:38,143] {dag.py:1824} INFO - Sync 1 DAGs
[2023-09-30 23:39:38,225] {logging_mixin.py:104} INFO - [2023-09-30 23:39:38,224] {dag.py:2280} INFO - Setting next_dagrun for tutorial_etl_dag to None
[2023-09-30 23:39:38,284] {scheduler_job.py:190} INFO - Processing /home/airflow/.local/lib/python3.6/site-packages/airflow/example_dags/tutorial_etl_dag.py took 0.325 seconds
[2023-09-30 23:40:09,463] {scheduler_job.py:182} INFO - Started process (PID=400) to work on /home/airflow/.local/lib/python3.6/site-packages/airflow/example_dags/tutorial_etl_dag.py
[2023-09-30 23:40:09,471] {scheduler_job.py:629} INFO - Processing file /home/airflow/.local/lib/python3.6/site-packages/airflow/example_dags/tutorial_etl_dag.py for tasks to queue
[2023-09-30 23:40:09,485] {logging_mixin.py:104} INFO - [2023-09-30 23:40:09,484] {dagbag.py:451} INFO - Filling up the DagBag from /home/airflow/.local/lib/python3.6/site-packages/airflow/example_dags/tutorial_etl_dag.py
[2023-09-30 23:40:09,620] {scheduler_job.py:639} INFO - DAG(s) dict_keys(['tutorial_etl_dag']) retrieved from /home/airflow/.local/lib/python3.6/site-packages/airflow/example_dags/tutorial_etl_dag.py
[2023-09-30 23:40:09,746] {logging_mixin.py:104} INFO - [2023-09-30 23:40:09,746] {dag.py:1824} INFO - Sync 1 DAGs
[2023-09-30 23:40:09,859] {logging_mixin.py:104} INFO - [2023-09-30 23:40:09,858] {dag.py:2280} INFO - Setting next_dagrun for tutorial_etl_dag to None
[2023-09-30 23:40:09,944] {scheduler_job.py:190} INFO - Processing /home/airflow/.local/lib/python3.6/site-packages/airflow/example_dags/tutorial_etl_dag.py took 0.507 seconds
[2023-09-30 23:40:41,237] {scheduler_job.py:182} INFO - Started process (PID=454) to work on /home/airflow/.local/lib/python3.6/site-packages/airflow/example_dags/tutorial_etl_dag.py
[2023-09-30 23:40:41,253] {scheduler_job.py:629} INFO - Processing file /home/airflow/.local/lib/python3.6/site-packages/airflow/example_dags/tutorial_etl_dag.py for tasks to queue
[2023-09-30 23:40:41,265] {logging_mixin.py:104} INFO - [2023-09-30 23:40:41,264] {dagbag.py:451} INFO - Filling up the DagBag from /home/airflow/.local/lib/python3.6/site-packages/airflow/example_dags/tutorial_etl_dag.py
[2023-09-30 23:40:41,419] {scheduler_job.py:639} INFO - DAG(s) dict_keys(['tutorial_etl_dag']) retrieved from /home/airflow/.local/lib/python3.6/site-packages/airflow/example_dags/tutorial_etl_dag.py
[2023-09-30 23:40:41,535] {logging_mixin.py:104} INFO - [2023-09-30 23:40:41,535] {dag.py:1824} INFO - Sync 1 DAGs
[2023-09-30 23:40:41,633] {logging_mixin.py:104} INFO - [2023-09-30 23:40:41,632] {dag.py:2280} INFO - Setting next_dagrun for tutorial_etl_dag to None
[2023-09-30 23:40:41,701] {scheduler_job.py:190} INFO - Processing /home/airflow/.local/lib/python3.6/site-packages/airflow/example_dags/tutorial_etl_dag.py took 0.491 seconds
[2023-09-30 23:44:53,059] {scheduler_job.py:182} INFO - Started process (PID=101) to work on /home/airflow/.local/lib/python3.6/site-packages/airflow/example_dags/tutorial_etl_dag.py
[2023-09-30 23:44:53,068] {scheduler_job.py:629} INFO - Processing file /home/airflow/.local/lib/python3.6/site-packages/airflow/example_dags/tutorial_etl_dag.py for tasks to queue
[2023-09-30 23:44:53,083] {logging_mixin.py:104} INFO - [2023-09-30 23:44:53,082] {dagbag.py:451} INFO - Filling up the DagBag from /home/airflow/.local/lib/python3.6/site-packages/airflow/example_dags/tutorial_etl_dag.py
[2023-09-30 23:44:53,263] {scheduler_job.py:639} INFO - DAG(s) dict_keys(['tutorial_etl_dag']) retrieved from /home/airflow/.local/lib/python3.6/site-packages/airflow/example_dags/tutorial_etl_dag.py
[2023-09-30 23:44:53,429] {logging_mixin.py:104} INFO - [2023-09-30 23:44:53,428] {dag.py:1824} INFO - Sync 1 DAGs
[2023-09-30 23:44:53,594] {logging_mixin.py:104} INFO - [2023-09-30 23:44:53,594] {dag.py:2280} INFO - Setting next_dagrun for tutorial_etl_dag to None
[2023-09-30 23:44:53,721] {scheduler_job.py:190} INFO - Processing /home/airflow/.local/lib/python3.6/site-packages/airflow/example_dags/tutorial_etl_dag.py took 0.680 seconds
[2023-09-30 23:45:24,018] {scheduler_job.py:182} INFO - Started process (PID=153) to work on /home/airflow/.local/lib/python3.6/site-packages/airflow/example_dags/tutorial_etl_dag.py
[2023-09-30 23:45:24,025] {scheduler_job.py:629} INFO - Processing file /home/airflow/.local/lib/python3.6/site-packages/airflow/example_dags/tutorial_etl_dag.py for tasks to queue
[2023-09-30 23:45:24,031] {logging_mixin.py:104} INFO - [2023-09-30 23:45:24,030] {dagbag.py:451} INFO - Filling up the DagBag from /home/airflow/.local/lib/python3.6/site-packages/airflow/example_dags/tutorial_etl_dag.py
[2023-09-30 23:45:24,134] {scheduler_job.py:639} INFO - DAG(s) dict_keys(['tutorial_etl_dag']) retrieved from /home/airflow/.local/lib/python3.6/site-packages/airflow/example_dags/tutorial_etl_dag.py
[2023-09-30 23:45:24,273] {logging_mixin.py:104} INFO - [2023-09-30 23:45:24,272] {dag.py:1824} INFO - Sync 1 DAGs
[2023-09-30 23:45:24,388] {logging_mixin.py:104} INFO - [2023-09-30 23:45:24,387] {dag.py:2280} INFO - Setting next_dagrun for tutorial_etl_dag to None
[2023-09-30 23:45:24,474] {scheduler_job.py:190} INFO - Processing /home/airflow/.local/lib/python3.6/site-packages/airflow/example_dags/tutorial_etl_dag.py took 0.467 seconds
[2023-09-30 23:45:54,955] {scheduler_job.py:182} INFO - Started process (PID=205) to work on /home/airflow/.local/lib/python3.6/site-packages/airflow/example_dags/tutorial_etl_dag.py
[2023-09-30 23:45:54,971] {scheduler_job.py:629} INFO - Processing file /home/airflow/.local/lib/python3.6/site-packages/airflow/example_dags/tutorial_etl_dag.py for tasks to queue
[2023-09-30 23:45:54,986] {logging_mixin.py:104} INFO - [2023-09-30 23:45:54,982] {dagbag.py:451} INFO - Filling up the DagBag from /home/airflow/.local/lib/python3.6/site-packages/airflow/example_dags/tutorial_etl_dag.py
[2023-09-30 23:45:55,120] {scheduler_job.py:639} INFO - DAG(s) dict_keys(['tutorial_etl_dag']) retrieved from /home/airflow/.local/lib/python3.6/site-packages/airflow/example_dags/tutorial_etl_dag.py
[2023-09-30 23:45:55,270] {logging_mixin.py:104} INFO - [2023-09-30 23:45:55,269] {dag.py:1824} INFO - Sync 1 DAGs
[2023-09-30 23:45:55,413] {logging_mixin.py:104} INFO - [2023-09-30 23:45:55,412] {dag.py:2280} INFO - Setting next_dagrun for tutorial_etl_dag to None
[2023-09-30 23:45:55,485] {scheduler_job.py:190} INFO - Processing /home/airflow/.local/lib/python3.6/site-packages/airflow/example_dags/tutorial_etl_dag.py took 0.550 seconds
[2023-09-30 23:46:26,053] {scheduler_job.py:182} INFO - Started process (PID=257) to work on /home/airflow/.local/lib/python3.6/site-packages/airflow/example_dags/tutorial_etl_dag.py
[2023-09-30 23:46:26,065] {scheduler_job.py:629} INFO - Processing file /home/airflow/.local/lib/python3.6/site-packages/airflow/example_dags/tutorial_etl_dag.py for tasks to queue
[2023-09-30 23:46:26,073] {logging_mixin.py:104} INFO - [2023-09-30 23:46:26,072] {dagbag.py:451} INFO - Filling up the DagBag from /home/airflow/.local/lib/python3.6/site-packages/airflow/example_dags/tutorial_etl_dag.py
[2023-09-30 23:46:26,223] {scheduler_job.py:639} INFO - DAG(s) dict_keys(['tutorial_etl_dag']) retrieved from /home/airflow/.local/lib/python3.6/site-packages/airflow/example_dags/tutorial_etl_dag.py
[2023-09-30 23:46:26,362] {logging_mixin.py:104} INFO - [2023-09-30 23:46:26,361] {dag.py:1824} INFO - Sync 1 DAGs
[2023-09-30 23:46:26,500] {logging_mixin.py:104} INFO - [2023-09-30 23:46:26,499] {dag.py:2280} INFO - Setting next_dagrun for tutorial_etl_dag to None
[2023-09-30 23:46:26,570] {scheduler_job.py:190} INFO - Processing /home/airflow/.local/lib/python3.6/site-packages/airflow/example_dags/tutorial_etl_dag.py took 0.558 seconds
[2023-09-30 23:46:57,332] {scheduler_job.py:182} INFO - Started process (PID=309) to work on /home/airflow/.local/lib/python3.6/site-packages/airflow/example_dags/tutorial_etl_dag.py
[2023-09-30 23:46:57,349] {scheduler_job.py:629} INFO - Processing file /home/airflow/.local/lib/python3.6/site-packages/airflow/example_dags/tutorial_etl_dag.py for tasks to queue
[2023-09-30 23:46:57,360] {logging_mixin.py:104} INFO - [2023-09-30 23:46:57,358] {dagbag.py:451} INFO - Filling up the DagBag from /home/airflow/.local/lib/python3.6/site-packages/airflow/example_dags/tutorial_etl_dag.py
[2023-09-30 23:46:57,498] {scheduler_job.py:639} INFO - DAG(s) dict_keys(['tutorial_etl_dag']) retrieved from /home/airflow/.local/lib/python3.6/site-packages/airflow/example_dags/tutorial_etl_dag.py
[2023-09-30 23:46:57,650] {logging_mixin.py:104} INFO - [2023-09-30 23:46:57,649] {dag.py:1824} INFO - Sync 1 DAGs
[2023-09-30 23:46:57,813] {logging_mixin.py:104} INFO - [2023-09-30 23:46:57,812] {dag.py:2280} INFO - Setting next_dagrun for tutorial_etl_dag to None
[2023-09-30 23:46:57,874] {scheduler_job.py:190} INFO - Processing /home/airflow/.local/lib/python3.6/site-packages/airflow/example_dags/tutorial_etl_dag.py took 0.570 seconds
[2023-09-30 23:47:28,102] {scheduler_job.py:182} INFO - Started process (PID=359) to work on /home/airflow/.local/lib/python3.6/site-packages/airflow/example_dags/tutorial_etl_dag.py
[2023-09-30 23:47:28,110] {scheduler_job.py:629} INFO - Processing file /home/airflow/.local/lib/python3.6/site-packages/airflow/example_dags/tutorial_etl_dag.py for tasks to queue
[2023-09-30 23:47:28,114] {logging_mixin.py:104} INFO - [2023-09-30 23:47:28,113] {dagbag.py:451} INFO - Filling up the DagBag from /home/airflow/.local/lib/python3.6/site-packages/airflow/example_dags/tutorial_etl_dag.py
[2023-09-30 23:47:28,194] {scheduler_job.py:639} INFO - DAG(s) dict_keys(['tutorial_etl_dag']) retrieved from /home/airflow/.local/lib/python3.6/site-packages/airflow/example_dags/tutorial_etl_dag.py
[2023-09-30 23:47:28,353] {logging_mixin.py:104} INFO - [2023-09-30 23:47:28,352] {dag.py:1824} INFO - Sync 1 DAGs
[2023-09-30 23:47:28,455] {logging_mixin.py:104} INFO - [2023-09-30 23:47:28,453] {dag.py:2280} INFO - Setting next_dagrun for tutorial_etl_dag to None
[2023-09-30 23:47:28,530] {scheduler_job.py:190} INFO - Processing /home/airflow/.local/lib/python3.6/site-packages/airflow/example_dags/tutorial_etl_dag.py took 0.445 seconds
[2023-09-30 23:47:58,643] {scheduler_job.py:182} INFO - Started process (PID=411) to work on /home/airflow/.local/lib/python3.6/site-packages/airflow/example_dags/tutorial_etl_dag.py
[2023-09-30 23:47:58,651] {scheduler_job.py:629} INFO - Processing file /home/airflow/.local/lib/python3.6/site-packages/airflow/example_dags/tutorial_etl_dag.py for tasks to queue
[2023-09-30 23:47:58,657] {logging_mixin.py:104} INFO - [2023-09-30 23:47:58,656] {dagbag.py:451} INFO - Filling up the DagBag from /home/airflow/.local/lib/python3.6/site-packages/airflow/example_dags/tutorial_etl_dag.py
[2023-09-30 23:47:58,745] {scheduler_job.py:639} INFO - DAG(s) dict_keys(['tutorial_etl_dag']) retrieved from /home/airflow/.local/lib/python3.6/site-packages/airflow/example_dags/tutorial_etl_dag.py
[2023-09-30 23:47:58,862] {logging_mixin.py:104} INFO - [2023-09-30 23:47:58,861] {dag.py:1824} INFO - Sync 1 DAGs
[2023-09-30 23:47:58,960] {logging_mixin.py:104} INFO - [2023-09-30 23:47:58,960] {dag.py:2280} INFO - Setting next_dagrun for tutorial_etl_dag to None
[2023-09-30 23:47:59,040] {scheduler_job.py:190} INFO - Processing /home/airflow/.local/lib/python3.6/site-packages/airflow/example_dags/tutorial_etl_dag.py took 0.410 seconds
[2023-09-30 23:48:29,224] {scheduler_job.py:182} INFO - Started process (PID=463) to work on /home/airflow/.local/lib/python3.6/site-packages/airflow/example_dags/tutorial_etl_dag.py
[2023-09-30 23:48:29,229] {scheduler_job.py:629} INFO - Processing file /home/airflow/.local/lib/python3.6/site-packages/airflow/example_dags/tutorial_etl_dag.py for tasks to queue
[2023-09-30 23:48:29,232] {logging_mixin.py:104} INFO - [2023-09-30 23:48:29,232] {dagbag.py:451} INFO - Filling up the DagBag from /home/airflow/.local/lib/python3.6/site-packages/airflow/example_dags/tutorial_etl_dag.py
[2023-09-30 23:48:29,291] {scheduler_job.py:639} INFO - DAG(s) dict_keys(['tutorial_etl_dag']) retrieved from /home/airflow/.local/lib/python3.6/site-packages/airflow/example_dags/tutorial_etl_dag.py
[2023-09-30 23:48:29,376] {logging_mixin.py:104} INFO - [2023-09-30 23:48:29,375] {dag.py:1824} INFO - Sync 1 DAGs
[2023-09-30 23:48:29,442] {logging_mixin.py:104} INFO - [2023-09-30 23:48:29,442] {dag.py:2280} INFO - Setting next_dagrun for tutorial_etl_dag to None
[2023-09-30 23:48:29,480] {scheduler_job.py:190} INFO - Processing /home/airflow/.local/lib/python3.6/site-packages/airflow/example_dags/tutorial_etl_dag.py took 0.265 seconds
[2023-09-30 23:48:59,699] {scheduler_job.py:182} INFO - Started process (PID=513) to work on /home/airflow/.local/lib/python3.6/site-packages/airflow/example_dags/tutorial_etl_dag.py
[2023-09-30 23:48:59,711] {scheduler_job.py:629} INFO - Processing file /home/airflow/.local/lib/python3.6/site-packages/airflow/example_dags/tutorial_etl_dag.py for tasks to queue
[2023-09-30 23:48:59,721] {logging_mixin.py:104} INFO - [2023-09-30 23:48:59,719] {dagbag.py:451} INFO - Filling up the DagBag from /home/airflow/.local/lib/python3.6/site-packages/airflow/example_dags/tutorial_etl_dag.py
[2023-09-30 23:48:59,852] {scheduler_job.py:639} INFO - DAG(s) dict_keys(['tutorial_etl_dag']) retrieved from /home/airflow/.local/lib/python3.6/site-packages/airflow/example_dags/tutorial_etl_dag.py
[2023-09-30 23:49:00,159] {logging_mixin.py:104} INFO - [2023-09-30 23:49:00,158] {dag.py:1824} INFO - Sync 1 DAGs
[2023-09-30 23:49:00,278] {logging_mixin.py:104} INFO - [2023-09-30 23:49:00,277] {dag.py:2280} INFO - Setting next_dagrun for tutorial_etl_dag to None
[2023-09-30 23:49:00,407] {scheduler_job.py:190} INFO - Processing /home/airflow/.local/lib/python3.6/site-packages/airflow/example_dags/tutorial_etl_dag.py took 0.721 seconds
[2023-09-30 23:49:30,713] {scheduler_job.py:182} INFO - Started process (PID=565) to work on /home/airflow/.local/lib/python3.6/site-packages/airflow/example_dags/tutorial_etl_dag.py
[2023-09-30 23:49:30,720] {scheduler_job.py:629} INFO - Processing file /home/airflow/.local/lib/python3.6/site-packages/airflow/example_dags/tutorial_etl_dag.py for tasks to queue
[2023-09-30 23:49:30,724] {logging_mixin.py:104} INFO - [2023-09-30 23:49:30,723] {dagbag.py:451} INFO - Filling up the DagBag from /home/airflow/.local/lib/python3.6/site-packages/airflow/example_dags/tutorial_etl_dag.py
[2023-09-30 23:49:30,777] {scheduler_job.py:639} INFO - DAG(s) dict_keys(['tutorial_etl_dag']) retrieved from /home/airflow/.local/lib/python3.6/site-packages/airflow/example_dags/tutorial_etl_dag.py
[2023-09-30 23:49:30,853] {logging_mixin.py:104} INFO - [2023-09-30 23:49:30,853] {dag.py:1824} INFO - Sync 1 DAGs
[2023-09-30 23:49:30,924] {logging_mixin.py:104} INFO - [2023-09-30 23:49:30,923] {dag.py:2280} INFO - Setting next_dagrun for tutorial_etl_dag to None
[2023-09-30 23:49:30,963] {scheduler_job.py:190} INFO - Processing /home/airflow/.local/lib/python3.6/site-packages/airflow/example_dags/tutorial_etl_dag.py took 0.259 seconds
[2023-09-30 23:50:01,224] {scheduler_job.py:182} INFO - Started process (PID=617) to work on /home/airflow/.local/lib/python3.6/site-packages/airflow/example_dags/tutorial_etl_dag.py
[2023-09-30 23:50:01,231] {scheduler_job.py:629} INFO - Processing file /home/airflow/.local/lib/python3.6/site-packages/airflow/example_dags/tutorial_etl_dag.py for tasks to queue
[2023-09-30 23:50:01,237] {logging_mixin.py:104} INFO - [2023-09-30 23:50:01,236] {dagbag.py:451} INFO - Filling up the DagBag from /home/airflow/.local/lib/python3.6/site-packages/airflow/example_dags/tutorial_etl_dag.py
[2023-09-30 23:50:01,304] {scheduler_job.py:639} INFO - DAG(s) dict_keys(['tutorial_etl_dag']) retrieved from /home/airflow/.local/lib/python3.6/site-packages/airflow/example_dags/tutorial_etl_dag.py
[2023-09-30 23:50:01,373] {logging_mixin.py:104} INFO - [2023-09-30 23:50:01,373] {dag.py:1824} INFO - Sync 1 DAGs
[2023-09-30 23:50:01,438] {logging_mixin.py:104} INFO - [2023-09-30 23:50:01,438] {dag.py:2280} INFO - Setting next_dagrun for tutorial_etl_dag to None
[2023-09-30 23:50:01,476] {scheduler_job.py:190} INFO - Processing /home/airflow/.local/lib/python3.6/site-packages/airflow/example_dags/tutorial_etl_dag.py took 0.263 seconds
[2023-09-30 23:50:31,771] {scheduler_job.py:182} INFO - Started process (PID=669) to work on /home/airflow/.local/lib/python3.6/site-packages/airflow/example_dags/tutorial_etl_dag.py
[2023-09-30 23:50:31,778] {scheduler_job.py:629} INFO - Processing file /home/airflow/.local/lib/python3.6/site-packages/airflow/example_dags/tutorial_etl_dag.py for tasks to queue
[2023-09-30 23:50:31,782] {logging_mixin.py:104} INFO - [2023-09-30 23:50:31,782] {dagbag.py:451} INFO - Filling up the DagBag from /home/airflow/.local/lib/python3.6/site-packages/airflow/example_dags/tutorial_etl_dag.py
[2023-09-30 23:50:31,852] {scheduler_job.py:639} INFO - DAG(s) dict_keys(['tutorial_etl_dag']) retrieved from /home/airflow/.local/lib/python3.6/site-packages/airflow/example_dags/tutorial_etl_dag.py
[2023-09-30 23:50:31,943] {logging_mixin.py:104} INFO - [2023-09-30 23:50:31,941] {dag.py:1824} INFO - Sync 1 DAGs
[2023-09-30 23:50:32,055] {logging_mixin.py:104} INFO - [2023-09-30 23:50:32,054] {dag.py:2280} INFO - Setting next_dagrun for tutorial_etl_dag to None
[2023-09-30 23:50:32,101] {scheduler_job.py:190} INFO - Processing /home/airflow/.local/lib/python3.6/site-packages/airflow/example_dags/tutorial_etl_dag.py took 0.340 seconds
[2023-09-30 23:51:02,162] {scheduler_job.py:182} INFO - Started process (PID=721) to work on /home/airflow/.local/lib/python3.6/site-packages/airflow/example_dags/tutorial_etl_dag.py
[2023-09-30 23:51:02,169] {scheduler_job.py:629} INFO - Processing file /home/airflow/.local/lib/python3.6/site-packages/airflow/example_dags/tutorial_etl_dag.py for tasks to queue
[2023-09-30 23:51:02,174] {logging_mixin.py:104} INFO - [2023-09-30 23:51:02,173] {dagbag.py:451} INFO - Filling up the DagBag from /home/airflow/.local/lib/python3.6/site-packages/airflow/example_dags/tutorial_etl_dag.py
[2023-09-30 23:51:02,238] {scheduler_job.py:639} INFO - DAG(s) dict_keys(['tutorial_etl_dag']) retrieved from /home/airflow/.local/lib/python3.6/site-packages/airflow/example_dags/tutorial_etl_dag.py
[2023-09-30 23:51:02,311] {logging_mixin.py:104} INFO - [2023-09-30 23:51:02,310] {dag.py:1824} INFO - Sync 1 DAGs
[2023-09-30 23:51:02,376] {logging_mixin.py:104} INFO - [2023-09-30 23:51:02,376] {dag.py:2280} INFO - Setting next_dagrun for tutorial_etl_dag to None
[2023-09-30 23:51:02,417] {scheduler_job.py:190} INFO - Processing /home/airflow/.local/lib/python3.6/site-packages/airflow/example_dags/tutorial_etl_dag.py took 0.264 seconds
