[2023-09-30 23:34:06,919] {scheduler_job.py:182} INFO - Started process (PID=111) to work on /home/airflow/.local/lib/python3.6/site-packages/airflow/example_dags/tutorial.py
[2023-09-30 23:34:06,949] {scheduler_job.py:629} INFO - Processing file /home/airflow/.local/lib/python3.6/site-packages/airflow/example_dags/tutorial.py for tasks to queue
[2023-09-30 23:34:06,956] {logging_mixin.py:104} INFO - [2023-09-30 23:34:06,955] {dagbag.py:451} INFO - Filling up the DagBag from /home/airflow/.local/lib/python3.6/site-packages/airflow/example_dags/tutorial.py
[2023-09-30 23:34:07,047] {scheduler_job.py:639} INFO - DAG(s) dict_keys(['tutorial']) retrieved from /home/airflow/.local/lib/python3.6/site-packages/airflow/example_dags/tutorial.py
[2023-09-30 23:34:07,193] {logging_mixin.py:104} INFO - [2023-09-30 23:34:07,192] {dag.py:1824} INFO - Sync 1 DAGs
[2023-09-30 23:34:07,281] {logging_mixin.py:104} INFO - [2023-09-30 23:34:07,280] {dag.py:1843} INFO - Creating ORM DAG for tutorial
[2023-09-30 23:34:07,314] {logging_mixin.py:104} INFO - [2023-09-30 23:34:07,313] {dag.py:2280} INFO - Setting next_dagrun for tutorial to 2023-09-28 00:00:00+00:00
[2023-09-30 23:34:07,392] {scheduler_job.py:190} INFO - Processing /home/airflow/.local/lib/python3.6/site-packages/airflow/example_dags/tutorial.py took 0.493 seconds
[2023-09-30 23:34:38,076] {scheduler_job.py:182} INFO - Started process (PID=163) to work on /home/airflow/.local/lib/python3.6/site-packages/airflow/example_dags/tutorial.py
[2023-09-30 23:34:38,085] {scheduler_job.py:629} INFO - Processing file /home/airflow/.local/lib/python3.6/site-packages/airflow/example_dags/tutorial.py for tasks to queue
[2023-09-30 23:34:38,092] {logging_mixin.py:104} INFO - [2023-09-30 23:34:38,091] {dagbag.py:451} INFO - Filling up the DagBag from /home/airflow/.local/lib/python3.6/site-packages/airflow/example_dags/tutorial.py
[2023-09-30 23:34:38,209] {scheduler_job.py:639} INFO - DAG(s) dict_keys(['tutorial']) retrieved from /home/airflow/.local/lib/python3.6/site-packages/airflow/example_dags/tutorial.py
[2023-09-30 23:34:38,353] {logging_mixin.py:104} INFO - [2023-09-30 23:34:38,352] {dag.py:1824} INFO - Sync 1 DAGs
[2023-09-30 23:34:38,478] {logging_mixin.py:104} INFO - [2023-09-30 23:34:38,477] {dag.py:2280} INFO - Setting next_dagrun for tutorial to 2023-09-28 00:00:00+00:00
[2023-09-30 23:34:38,535] {scheduler_job.py:190} INFO - Processing /home/airflow/.local/lib/python3.6/site-packages/airflow/example_dags/tutorial.py took 0.475 seconds
[2023-09-30 23:35:08,664] {scheduler_job.py:182} INFO - Started process (PID=215) to work on /home/airflow/.local/lib/python3.6/site-packages/airflow/example_dags/tutorial.py
[2023-09-30 23:35:08,670] {scheduler_job.py:629} INFO - Processing file /home/airflow/.local/lib/python3.6/site-packages/airflow/example_dags/tutorial.py for tasks to queue
[2023-09-30 23:35:08,674] {logging_mixin.py:104} INFO - [2023-09-30 23:35:08,673] {dagbag.py:451} INFO - Filling up the DagBag from /home/airflow/.local/lib/python3.6/site-packages/airflow/example_dags/tutorial.py
[2023-09-30 23:35:08,721] {scheduler_job.py:639} INFO - DAG(s) dict_keys(['tutorial']) retrieved from /home/airflow/.local/lib/python3.6/site-packages/airflow/example_dags/tutorial.py
[2023-09-30 23:35:08,801] {logging_mixin.py:104} INFO - [2023-09-30 23:35:08,800] {dag.py:1824} INFO - Sync 1 DAGs
[2023-09-30 23:35:08,884] {logging_mixin.py:104} INFO - [2023-09-30 23:35:08,883] {dag.py:2280} INFO - Setting next_dagrun for tutorial to 2023-09-28 00:00:00+00:00
[2023-09-30 23:35:08,924] {scheduler_job.py:190} INFO - Processing /home/airflow/.local/lib/python3.6/site-packages/airflow/example_dags/tutorial.py took 0.271 seconds
[2023-09-30 23:35:40,891] {scheduler_job.py:182} INFO - Started process (PID=267) to work on /home/airflow/.local/lib/python3.6/site-packages/airflow/example_dags/tutorial.py
[2023-09-30 23:35:40,901] {scheduler_job.py:629} INFO - Processing file /home/airflow/.local/lib/python3.6/site-packages/airflow/example_dags/tutorial.py for tasks to queue
[2023-09-30 23:35:40,909] {logging_mixin.py:104} INFO - [2023-09-30 23:35:40,908] {dagbag.py:451} INFO - Filling up the DagBag from /home/airflow/.local/lib/python3.6/site-packages/airflow/example_dags/tutorial.py
[2023-09-30 23:35:41,047] {scheduler_job.py:639} INFO - DAG(s) dict_keys(['tutorial']) retrieved from /home/airflow/.local/lib/python3.6/site-packages/airflow/example_dags/tutorial.py
[2023-09-30 23:35:41,290] {logging_mixin.py:104} INFO - [2023-09-30 23:35:41,289] {dag.py:1824} INFO - Sync 1 DAGs
[2023-09-30 23:35:41,484] {logging_mixin.py:104} INFO - [2023-09-30 23:35:41,483] {dag.py:2280} INFO - Setting next_dagrun for tutorial to 2023-09-28 00:00:00+00:00
[2023-09-30 23:35:41,573] {scheduler_job.py:190} INFO - Processing /home/airflow/.local/lib/python3.6/site-packages/airflow/example_dags/tutorial.py took 0.706 seconds
[2023-09-30 23:36:11,833] {scheduler_job.py:182} INFO - Started process (PID=319) to work on /home/airflow/.local/lib/python3.6/site-packages/airflow/example_dags/tutorial.py
[2023-09-30 23:36:11,842] {scheduler_job.py:629} INFO - Processing file /home/airflow/.local/lib/python3.6/site-packages/airflow/example_dags/tutorial.py for tasks to queue
[2023-09-30 23:36:11,851] {logging_mixin.py:104} INFO - [2023-09-30 23:36:11,851] {dagbag.py:451} INFO - Filling up the DagBag from /home/airflow/.local/lib/python3.6/site-packages/airflow/example_dags/tutorial.py
[2023-09-30 23:36:11,927] {scheduler_job.py:639} INFO - DAG(s) dict_keys(['tutorial']) retrieved from /home/airflow/.local/lib/python3.6/site-packages/airflow/example_dags/tutorial.py
[2023-09-30 23:36:12,036] {logging_mixin.py:104} INFO - [2023-09-30 23:36:12,035] {dag.py:1824} INFO - Sync 1 DAGs
[2023-09-30 23:36:12,136] {logging_mixin.py:104} INFO - [2023-09-30 23:36:12,135] {dag.py:2280} INFO - Setting next_dagrun for tutorial to 2023-09-28 00:00:00+00:00
[2023-09-30 23:36:12,203] {scheduler_job.py:190} INFO - Processing /home/airflow/.local/lib/python3.6/site-packages/airflow/example_dags/tutorial.py took 0.387 seconds
[2023-09-30 23:37:01,783] {scheduler_job.py:182} INFO - Started process (PID=70) to work on /home/airflow/.local/lib/python3.6/site-packages/airflow/example_dags/tutorial.py
[2023-09-30 23:37:01,799] {scheduler_job.py:629} INFO - Processing file /home/airflow/.local/lib/python3.6/site-packages/airflow/example_dags/tutorial.py for tasks to queue
[2023-09-30 23:37:01,810] {logging_mixin.py:104} INFO - [2023-09-30 23:37:01,809] {dagbag.py:451} INFO - Filling up the DagBag from /home/airflow/.local/lib/python3.6/site-packages/airflow/example_dags/tutorial.py
[2023-09-30 23:37:01,878] {scheduler_job.py:639} INFO - DAG(s) dict_keys(['tutorial']) retrieved from /home/airflow/.local/lib/python3.6/site-packages/airflow/example_dags/tutorial.py
[2023-09-30 23:37:01,992] {logging_mixin.py:104} INFO - [2023-09-30 23:37:01,992] {dag.py:1824} INFO - Sync 1 DAGs
[2023-09-30 23:37:02,118] {logging_mixin.py:104} INFO - [2023-09-30 23:37:02,117] {dag.py:2280} INFO - Setting next_dagrun for tutorial to 2023-09-28 00:00:00+00:00
[2023-09-30 23:37:02,202] {scheduler_job.py:190} INFO - Processing /home/airflow/.local/lib/python3.6/site-packages/airflow/example_dags/tutorial.py took 0.430 seconds
[2023-09-30 23:37:32,604] {scheduler_job.py:182} INFO - Started process (PID=122) to work on /home/airflow/.local/lib/python3.6/site-packages/airflow/example_dags/tutorial.py
[2023-09-30 23:37:32,612] {scheduler_job.py:629} INFO - Processing file /home/airflow/.local/lib/python3.6/site-packages/airflow/example_dags/tutorial.py for tasks to queue
[2023-09-30 23:37:32,621] {logging_mixin.py:104} INFO - [2023-09-30 23:37:32,620] {dagbag.py:451} INFO - Filling up the DagBag from /home/airflow/.local/lib/python3.6/site-packages/airflow/example_dags/tutorial.py
[2023-09-30 23:37:32,688] {scheduler_job.py:639} INFO - DAG(s) dict_keys(['tutorial']) retrieved from /home/airflow/.local/lib/python3.6/site-packages/airflow/example_dags/tutorial.py
[2023-09-30 23:37:32,791] {logging_mixin.py:104} INFO - [2023-09-30 23:37:32,791] {dag.py:1824} INFO - Sync 1 DAGs
[2023-09-30 23:37:32,892] {logging_mixin.py:104} INFO - [2023-09-30 23:37:32,891] {dag.py:2280} INFO - Setting next_dagrun for tutorial to 2023-09-28 00:00:00+00:00
[2023-09-30 23:37:32,955] {scheduler_job.py:190} INFO - Processing /home/airflow/.local/lib/python3.6/site-packages/airflow/example_dags/tutorial.py took 0.364 seconds
[2023-09-30 23:38:03,699] {scheduler_job.py:182} INFO - Started process (PID=174) to work on /home/airflow/.local/lib/python3.6/site-packages/airflow/example_dags/tutorial.py
[2023-09-30 23:38:03,706] {scheduler_job.py:629} INFO - Processing file /home/airflow/.local/lib/python3.6/site-packages/airflow/example_dags/tutorial.py for tasks to queue
[2023-09-30 23:38:03,710] {logging_mixin.py:104} INFO - [2023-09-30 23:38:03,710] {dagbag.py:451} INFO - Filling up the DagBag from /home/airflow/.local/lib/python3.6/site-packages/airflow/example_dags/tutorial.py
[2023-09-30 23:38:03,759] {scheduler_job.py:639} INFO - DAG(s) dict_keys(['tutorial']) retrieved from /home/airflow/.local/lib/python3.6/site-packages/airflow/example_dags/tutorial.py
[2023-09-30 23:38:03,838] {logging_mixin.py:104} INFO - [2023-09-30 23:38:03,837] {dag.py:1824} INFO - Sync 1 DAGs
[2023-09-30 23:38:03,911] {logging_mixin.py:104} INFO - [2023-09-30 23:38:03,911] {dag.py:2280} INFO - Setting next_dagrun for tutorial to 2023-09-28 00:00:00+00:00
[2023-09-30 23:38:03,964] {scheduler_job.py:190} INFO - Processing /home/airflow/.local/lib/python3.6/site-packages/airflow/example_dags/tutorial.py took 0.278 seconds
[2023-09-30 23:38:34,480] {scheduler_job.py:182} INFO - Started process (PID=226) to work on /home/airflow/.local/lib/python3.6/site-packages/airflow/example_dags/tutorial.py
[2023-09-30 23:38:34,506] {scheduler_job.py:629} INFO - Processing file /home/airflow/.local/lib/python3.6/site-packages/airflow/example_dags/tutorial.py for tasks to queue
[2023-09-30 23:38:34,513] {logging_mixin.py:104} INFO - [2023-09-30 23:38:34,511] {dagbag.py:451} INFO - Filling up the DagBag from /home/airflow/.local/lib/python3.6/site-packages/airflow/example_dags/tutorial.py
[2023-09-30 23:38:34,568] {scheduler_job.py:639} INFO - DAG(s) dict_keys(['tutorial']) retrieved from /home/airflow/.local/lib/python3.6/site-packages/airflow/example_dags/tutorial.py
[2023-09-30 23:38:34,653] {logging_mixin.py:104} INFO - [2023-09-30 23:38:34,652] {dag.py:1824} INFO - Sync 1 DAGs
[2023-09-30 23:38:34,730] {logging_mixin.py:104} INFO - [2023-09-30 23:38:34,729] {dag.py:2280} INFO - Setting next_dagrun for tutorial to 2023-09-28 00:00:00+00:00
[2023-09-30 23:38:34,771] {scheduler_job.py:190} INFO - Processing /home/airflow/.local/lib/python3.6/site-packages/airflow/example_dags/tutorial.py took 0.313 seconds
[2023-09-30 23:39:05,021] {scheduler_job.py:182} INFO - Started process (PID=278) to work on /home/airflow/.local/lib/python3.6/site-packages/airflow/example_dags/tutorial.py
[2023-09-30 23:39:05,029] {scheduler_job.py:629} INFO - Processing file /home/airflow/.local/lib/python3.6/site-packages/airflow/example_dags/tutorial.py for tasks to queue
[2023-09-30 23:39:05,041] {logging_mixin.py:104} INFO - [2023-09-30 23:39:05,040] {dagbag.py:451} INFO - Filling up the DagBag from /home/airflow/.local/lib/python3.6/site-packages/airflow/example_dags/tutorial.py
[2023-09-30 23:39:05,127] {scheduler_job.py:639} INFO - DAG(s) dict_keys(['tutorial']) retrieved from /home/airflow/.local/lib/python3.6/site-packages/airflow/example_dags/tutorial.py
[2023-09-30 23:39:05,255] {logging_mixin.py:104} INFO - [2023-09-30 23:39:05,254] {dag.py:1824} INFO - Sync 1 DAGs
[2023-09-30 23:39:05,391] {logging_mixin.py:104} INFO - [2023-09-30 23:39:05,390] {dag.py:2280} INFO - Setting next_dagrun for tutorial to 2023-09-28 00:00:00+00:00
[2023-09-30 23:39:05,519] {scheduler_job.py:190} INFO - Processing /home/airflow/.local/lib/python3.6/site-packages/airflow/example_dags/tutorial.py took 0.513 seconds
[2023-09-30 23:39:35,672] {scheduler_job.py:182} INFO - Started process (PID=332) to work on /home/airflow/.local/lib/python3.6/site-packages/airflow/example_dags/tutorial.py
[2023-09-30 23:39:35,679] {scheduler_job.py:629} INFO - Processing file /home/airflow/.local/lib/python3.6/site-packages/airflow/example_dags/tutorial.py for tasks to queue
[2023-09-30 23:39:35,686] {logging_mixin.py:104} INFO - [2023-09-30 23:39:35,685] {dagbag.py:451} INFO - Filling up the DagBag from /home/airflow/.local/lib/python3.6/site-packages/airflow/example_dags/tutorial.py
[2023-09-30 23:39:35,729] {scheduler_job.py:639} INFO - DAG(s) dict_keys(['tutorial']) retrieved from /home/airflow/.local/lib/python3.6/site-packages/airflow/example_dags/tutorial.py
[2023-09-30 23:39:35,808] {logging_mixin.py:104} INFO - [2023-09-30 23:39:35,807] {dag.py:1824} INFO - Sync 1 DAGs
[2023-09-30 23:39:35,880] {logging_mixin.py:104} INFO - [2023-09-30 23:39:35,879] {dag.py:2280} INFO - Setting next_dagrun for tutorial to 2023-09-28 00:00:00+00:00
[2023-09-30 23:39:35,923] {scheduler_job.py:190} INFO - Processing /home/airflow/.local/lib/python3.6/site-packages/airflow/example_dags/tutorial.py took 0.260 seconds
[2023-09-30 23:40:06,055] {scheduler_job.py:182} INFO - Started process (PID=384) to work on /home/airflow/.local/lib/python3.6/site-packages/airflow/example_dags/tutorial.py
[2023-09-30 23:40:06,062] {scheduler_job.py:629} INFO - Processing file /home/airflow/.local/lib/python3.6/site-packages/airflow/example_dags/tutorial.py for tasks to queue
[2023-09-30 23:40:06,067] {logging_mixin.py:104} INFO - [2023-09-30 23:40:06,066] {dagbag.py:451} INFO - Filling up the DagBag from /home/airflow/.local/lib/python3.6/site-packages/airflow/example_dags/tutorial.py
[2023-09-30 23:40:06,124] {scheduler_job.py:639} INFO - DAG(s) dict_keys(['tutorial']) retrieved from /home/airflow/.local/lib/python3.6/site-packages/airflow/example_dags/tutorial.py
[2023-09-30 23:40:06,246] {logging_mixin.py:104} INFO - [2023-09-30 23:40:06,245] {dag.py:1824} INFO - Sync 1 DAGs
[2023-09-30 23:40:06,353] {logging_mixin.py:104} INFO - [2023-09-30 23:40:06,352] {dag.py:2280} INFO - Setting next_dagrun for tutorial to 2023-09-28 00:00:00+00:00
[2023-09-30 23:40:06,416] {scheduler_job.py:190} INFO - Processing /home/airflow/.local/lib/python3.6/site-packages/airflow/example_dags/tutorial.py took 0.371 seconds
[2023-09-30 23:40:36,524] {scheduler_job.py:182} INFO - Started process (PID=436) to work on /home/airflow/.local/lib/python3.6/site-packages/airflow/example_dags/tutorial.py
[2023-09-30 23:40:36,538] {scheduler_job.py:629} INFO - Processing file /home/airflow/.local/lib/python3.6/site-packages/airflow/example_dags/tutorial.py for tasks to queue
[2023-09-30 23:40:36,543] {logging_mixin.py:104} INFO - [2023-09-30 23:40:36,542] {dagbag.py:451} INFO - Filling up the DagBag from /home/airflow/.local/lib/python3.6/site-packages/airflow/example_dags/tutorial.py
[2023-09-30 23:40:36,659] {scheduler_job.py:639} INFO - DAG(s) dict_keys(['tutorial']) retrieved from /home/airflow/.local/lib/python3.6/site-packages/airflow/example_dags/tutorial.py
[2023-09-30 23:40:36,762] {logging_mixin.py:104} INFO - [2023-09-30 23:40:36,761] {dag.py:1824} INFO - Sync 1 DAGs
[2023-09-30 23:40:36,861] {logging_mixin.py:104} INFO - [2023-09-30 23:40:36,860] {dag.py:2280} INFO - Setting next_dagrun for tutorial to 2023-09-28 00:00:00+00:00
[2023-09-30 23:40:36,919] {scheduler_job.py:190} INFO - Processing /home/airflow/.local/lib/python3.6/site-packages/airflow/example_dags/tutorial.py took 0.418 seconds
[2023-09-30 23:44:49,945] {scheduler_job.py:182} INFO - Started process (PID=91) to work on /home/airflow/.local/lib/python3.6/site-packages/airflow/example_dags/tutorial.py
[2023-09-30 23:44:49,972] {scheduler_job.py:629} INFO - Processing file /home/airflow/.local/lib/python3.6/site-packages/airflow/example_dags/tutorial.py for tasks to queue
[2023-09-30 23:44:49,985] {logging_mixin.py:104} INFO - [2023-09-30 23:44:49,984] {dagbag.py:451} INFO - Filling up the DagBag from /home/airflow/.local/lib/python3.6/site-packages/airflow/example_dags/tutorial.py
[2023-09-30 23:44:50,141] {scheduler_job.py:639} INFO - DAG(s) dict_keys(['tutorial']) retrieved from /home/airflow/.local/lib/python3.6/site-packages/airflow/example_dags/tutorial.py
[2023-09-30 23:44:50,391] {logging_mixin.py:104} INFO - [2023-09-30 23:44:50,390] {dag.py:1824} INFO - Sync 1 DAGs
[2023-09-30 23:44:50,750] {logging_mixin.py:104} INFO - [2023-09-30 23:44:50,749] {dag.py:2280} INFO - Setting next_dagrun for tutorial to 2023-09-28 00:00:00+00:00
[2023-09-30 23:44:50,866] {scheduler_job.py:190} INFO - Processing /home/airflow/.local/lib/python3.6/site-packages/airflow/example_dags/tutorial.py took 0.981 seconds
[2023-09-30 23:45:20,979] {scheduler_job.py:182} INFO - Started process (PID=143) to work on /home/airflow/.local/lib/python3.6/site-packages/airflow/example_dags/tutorial.py
[2023-09-30 23:45:20,985] {scheduler_job.py:629} INFO - Processing file /home/airflow/.local/lib/python3.6/site-packages/airflow/example_dags/tutorial.py for tasks to queue
[2023-09-30 23:45:20,989] {logging_mixin.py:104} INFO - [2023-09-30 23:45:20,988] {dagbag.py:451} INFO - Filling up the DagBag from /home/airflow/.local/lib/python3.6/site-packages/airflow/example_dags/tutorial.py
[2023-09-30 23:45:21,037] {scheduler_job.py:639} INFO - DAG(s) dict_keys(['tutorial']) retrieved from /home/airflow/.local/lib/python3.6/site-packages/airflow/example_dags/tutorial.py
[2023-09-30 23:45:21,117] {logging_mixin.py:104} INFO - [2023-09-30 23:45:21,116] {dag.py:1824} INFO - Sync 1 DAGs
[2023-09-30 23:45:21,199] {logging_mixin.py:104} INFO - [2023-09-30 23:45:21,198] {dag.py:2280} INFO - Setting next_dagrun for tutorial to 2023-09-28 00:00:00+00:00
[2023-09-30 23:45:21,239] {scheduler_job.py:190} INFO - Processing /home/airflow/.local/lib/python3.6/site-packages/airflow/example_dags/tutorial.py took 0.271 seconds
[2023-09-30 23:45:51,699] {scheduler_job.py:182} INFO - Started process (PID=195) to work on /home/airflow/.local/lib/python3.6/site-packages/airflow/example_dags/tutorial.py
[2023-09-30 23:45:51,712] {scheduler_job.py:629} INFO - Processing file /home/airflow/.local/lib/python3.6/site-packages/airflow/example_dags/tutorial.py for tasks to queue
[2023-09-30 23:45:51,717] {logging_mixin.py:104} INFO - [2023-09-30 23:45:51,716] {dagbag.py:451} INFO - Filling up the DagBag from /home/airflow/.local/lib/python3.6/site-packages/airflow/example_dags/tutorial.py
[2023-09-30 23:45:51,775] {scheduler_job.py:639} INFO - DAG(s) dict_keys(['tutorial']) retrieved from /home/airflow/.local/lib/python3.6/site-packages/airflow/example_dags/tutorial.py
[2023-09-30 23:45:51,902] {logging_mixin.py:104} INFO - [2023-09-30 23:45:51,901] {dag.py:1824} INFO - Sync 1 DAGs
[2023-09-30 23:45:52,043] {logging_mixin.py:104} INFO - [2023-09-30 23:45:52,042] {dag.py:2280} INFO - Setting next_dagrun for tutorial to 2023-09-28 00:00:00+00:00
[2023-09-30 23:45:52,128] {scheduler_job.py:190} INFO - Processing /home/airflow/.local/lib/python3.6/site-packages/airflow/example_dags/tutorial.py took 0.445 seconds
[2023-09-30 23:46:22,667] {scheduler_job.py:182} INFO - Started process (PID=247) to work on /home/airflow/.local/lib/python3.6/site-packages/airflow/example_dags/tutorial.py
[2023-09-30 23:46:22,685] {scheduler_job.py:629} INFO - Processing file /home/airflow/.local/lib/python3.6/site-packages/airflow/example_dags/tutorial.py for tasks to queue
[2023-09-30 23:46:22,695] {logging_mixin.py:104} INFO - [2023-09-30 23:46:22,694] {dagbag.py:451} INFO - Filling up the DagBag from /home/airflow/.local/lib/python3.6/site-packages/airflow/example_dags/tutorial.py
[2023-09-30 23:46:22,841] {scheduler_job.py:639} INFO - DAG(s) dict_keys(['tutorial']) retrieved from /home/airflow/.local/lib/python3.6/site-packages/airflow/example_dags/tutorial.py
[2023-09-30 23:46:23,013] {logging_mixin.py:104} INFO - [2023-09-30 23:46:23,012] {dag.py:1824} INFO - Sync 1 DAGs
[2023-09-30 23:46:23,230] {logging_mixin.py:104} INFO - [2023-09-30 23:46:23,229] {dag.py:2280} INFO - Setting next_dagrun for tutorial to 2023-09-28 00:00:00+00:00
[2023-09-30 23:46:23,350] {scheduler_job.py:190} INFO - Processing /home/airflow/.local/lib/python3.6/site-packages/airflow/example_dags/tutorial.py took 0.704 seconds
[2023-09-30 23:46:53,796] {scheduler_job.py:182} INFO - Started process (PID=299) to work on /home/airflow/.local/lib/python3.6/site-packages/airflow/example_dags/tutorial.py
[2023-09-30 23:46:53,806] {scheduler_job.py:629} INFO - Processing file /home/airflow/.local/lib/python3.6/site-packages/airflow/example_dags/tutorial.py for tasks to queue
[2023-09-30 23:46:53,814] {logging_mixin.py:104} INFO - [2023-09-30 23:46:53,813] {dagbag.py:451} INFO - Filling up the DagBag from /home/airflow/.local/lib/python3.6/site-packages/airflow/example_dags/tutorial.py
[2023-09-30 23:46:53,927] {scheduler_job.py:639} INFO - DAG(s) dict_keys(['tutorial']) retrieved from /home/airflow/.local/lib/python3.6/site-packages/airflow/example_dags/tutorial.py
[2023-09-30 23:46:54,105] {logging_mixin.py:104} INFO - [2023-09-30 23:46:54,104] {dag.py:1824} INFO - Sync 1 DAGs
[2023-09-30 23:46:54,298] {logging_mixin.py:104} INFO - [2023-09-30 23:46:54,297] {dag.py:2280} INFO - Setting next_dagrun for tutorial to 2023-09-28 00:00:00+00:00
[2023-09-30 23:46:54,383] {scheduler_job.py:190} INFO - Processing /home/airflow/.local/lib/python3.6/site-packages/airflow/example_dags/tutorial.py took 0.606 seconds
[2023-09-30 23:47:24,602] {scheduler_job.py:182} INFO - Started process (PID=349) to work on /home/airflow/.local/lib/python3.6/site-packages/airflow/example_dags/tutorial.py
[2023-09-30 23:47:24,610] {scheduler_job.py:629} INFO - Processing file /home/airflow/.local/lib/python3.6/site-packages/airflow/example_dags/tutorial.py for tasks to queue
[2023-09-30 23:47:24,616] {logging_mixin.py:104} INFO - [2023-09-30 23:47:24,616] {dagbag.py:451} INFO - Filling up the DagBag from /home/airflow/.local/lib/python3.6/site-packages/airflow/example_dags/tutorial.py
[2023-09-30 23:47:24,690] {scheduler_job.py:639} INFO - DAG(s) dict_keys(['tutorial']) retrieved from /home/airflow/.local/lib/python3.6/site-packages/airflow/example_dags/tutorial.py
[2023-09-30 23:47:24,832] {logging_mixin.py:104} INFO - [2023-09-30 23:47:24,831] {dag.py:1824} INFO - Sync 1 DAGs
[2023-09-30 23:47:24,994] {logging_mixin.py:104} INFO - [2023-09-30 23:47:24,993] {dag.py:2280} INFO - Setting next_dagrun for tutorial to 2023-09-28 00:00:00+00:00
[2023-09-30 23:47:25,059] {scheduler_job.py:190} INFO - Processing /home/airflow/.local/lib/python3.6/site-packages/airflow/example_dags/tutorial.py took 0.473 seconds
[2023-09-30 23:47:55,307] {scheduler_job.py:182} INFO - Started process (PID=401) to work on /home/airflow/.local/lib/python3.6/site-packages/airflow/example_dags/tutorial.py
[2023-09-30 23:47:55,313] {scheduler_job.py:629} INFO - Processing file /home/airflow/.local/lib/python3.6/site-packages/airflow/example_dags/tutorial.py for tasks to queue
[2023-09-30 23:47:55,316] {logging_mixin.py:104} INFO - [2023-09-30 23:47:55,316] {dagbag.py:451} INFO - Filling up the DagBag from /home/airflow/.local/lib/python3.6/site-packages/airflow/example_dags/tutorial.py
[2023-09-30 23:47:55,357] {scheduler_job.py:639} INFO - DAG(s) dict_keys(['tutorial']) retrieved from /home/airflow/.local/lib/python3.6/site-packages/airflow/example_dags/tutorial.py
[2023-09-30 23:47:55,439] {logging_mixin.py:104} INFO - [2023-09-30 23:47:55,439] {dag.py:1824} INFO - Sync 1 DAGs
[2023-09-30 23:47:55,508] {logging_mixin.py:104} INFO - [2023-09-30 23:47:55,507] {dag.py:2280} INFO - Setting next_dagrun for tutorial to 2023-09-28 00:00:00+00:00
[2023-09-30 23:47:55,545] {scheduler_job.py:190} INFO - Processing /home/airflow/.local/lib/python3.6/site-packages/airflow/example_dags/tutorial.py took 0.247 seconds
[2023-09-30 23:48:25,805] {scheduler_job.py:182} INFO - Started process (PID=453) to work on /home/airflow/.local/lib/python3.6/site-packages/airflow/example_dags/tutorial.py
[2023-09-30 23:48:25,812] {scheduler_job.py:629} INFO - Processing file /home/airflow/.local/lib/python3.6/site-packages/airflow/example_dags/tutorial.py for tasks to queue
[2023-09-30 23:48:25,815] {logging_mixin.py:104} INFO - [2023-09-30 23:48:25,815] {dagbag.py:451} INFO - Filling up the DagBag from /home/airflow/.local/lib/python3.6/site-packages/airflow/example_dags/tutorial.py
[2023-09-30 23:48:25,855] {scheduler_job.py:639} INFO - DAG(s) dict_keys(['tutorial']) retrieved from /home/airflow/.local/lib/python3.6/site-packages/airflow/example_dags/tutorial.py
[2023-09-30 23:48:25,938] {logging_mixin.py:104} INFO - [2023-09-30 23:48:25,937] {dag.py:1824} INFO - Sync 1 DAGs
[2023-09-30 23:48:26,014] {logging_mixin.py:104} INFO - [2023-09-30 23:48:26,013] {dag.py:2280} INFO - Setting next_dagrun for tutorial to 2023-09-28 00:00:00+00:00
[2023-09-30 23:48:26,054] {scheduler_job.py:190} INFO - Processing /home/airflow/.local/lib/python3.6/site-packages/airflow/example_dags/tutorial.py took 0.258 seconds
[2023-09-30 23:48:56,383] {scheduler_job.py:182} INFO - Started process (PID=505) to work on /home/airflow/.local/lib/python3.6/site-packages/airflow/example_dags/tutorial.py
[2023-09-30 23:48:56,388] {scheduler_job.py:629} INFO - Processing file /home/airflow/.local/lib/python3.6/site-packages/airflow/example_dags/tutorial.py for tasks to queue
[2023-09-30 23:48:56,391] {logging_mixin.py:104} INFO - [2023-09-30 23:48:56,391] {dagbag.py:451} INFO - Filling up the DagBag from /home/airflow/.local/lib/python3.6/site-packages/airflow/example_dags/tutorial.py
[2023-09-30 23:48:56,431] {scheduler_job.py:639} INFO - DAG(s) dict_keys(['tutorial']) retrieved from /home/airflow/.local/lib/python3.6/site-packages/airflow/example_dags/tutorial.py
[2023-09-30 23:48:56,508] {logging_mixin.py:104} INFO - [2023-09-30 23:48:56,508] {dag.py:1824} INFO - Sync 1 DAGs
[2023-09-30 23:48:56,575] {logging_mixin.py:104} INFO - [2023-09-30 23:48:56,574] {dag.py:2280} INFO - Setting next_dagrun for tutorial to 2023-09-28 00:00:00+00:00
[2023-09-30 23:48:56,613] {scheduler_job.py:190} INFO - Processing /home/airflow/.local/lib/python3.6/site-packages/airflow/example_dags/tutorial.py took 0.239 seconds
[2023-09-30 23:49:26,770] {scheduler_job.py:182} INFO - Started process (PID=555) to work on /home/airflow/.local/lib/python3.6/site-packages/airflow/example_dags/tutorial.py
[2023-09-30 23:49:26,778] {scheduler_job.py:629} INFO - Processing file /home/airflow/.local/lib/python3.6/site-packages/airflow/example_dags/tutorial.py for tasks to queue
[2023-09-30 23:49:26,782] {logging_mixin.py:104} INFO - [2023-09-30 23:49:26,781] {dagbag.py:451} INFO - Filling up the DagBag from /home/airflow/.local/lib/python3.6/site-packages/airflow/example_dags/tutorial.py
[2023-09-30 23:49:26,825] {scheduler_job.py:639} INFO - DAG(s) dict_keys(['tutorial']) retrieved from /home/airflow/.local/lib/python3.6/site-packages/airflow/example_dags/tutorial.py
[2023-09-30 23:49:26,914] {logging_mixin.py:104} INFO - [2023-09-30 23:49:26,914] {dag.py:1824} INFO - Sync 1 DAGs
[2023-09-30 23:49:26,979] {logging_mixin.py:104} INFO - [2023-09-30 23:49:26,978] {dag.py:2280} INFO - Setting next_dagrun for tutorial to 2023-09-28 00:00:00+00:00
[2023-09-30 23:49:27,013] {scheduler_job.py:190} INFO - Processing /home/airflow/.local/lib/python3.6/site-packages/airflow/example_dags/tutorial.py took 0.253 seconds
[2023-09-30 23:49:57,296] {scheduler_job.py:182} INFO - Started process (PID=607) to work on /home/airflow/.local/lib/python3.6/site-packages/airflow/example_dags/tutorial.py
[2023-09-30 23:49:57,305] {scheduler_job.py:629} INFO - Processing file /home/airflow/.local/lib/python3.6/site-packages/airflow/example_dags/tutorial.py for tasks to queue
[2023-09-30 23:49:57,310] {logging_mixin.py:104} INFO - [2023-09-30 23:49:57,309] {dagbag.py:451} INFO - Filling up the DagBag from /home/airflow/.local/lib/python3.6/site-packages/airflow/example_dags/tutorial.py
[2023-09-30 23:49:57,361] {scheduler_job.py:639} INFO - DAG(s) dict_keys(['tutorial']) retrieved from /home/airflow/.local/lib/python3.6/site-packages/airflow/example_dags/tutorial.py
[2023-09-30 23:49:57,437] {logging_mixin.py:104} INFO - [2023-09-30 23:49:57,437] {dag.py:1824} INFO - Sync 1 DAGs
[2023-09-30 23:49:57,514] {logging_mixin.py:104} INFO - [2023-09-30 23:49:57,513] {dag.py:2280} INFO - Setting next_dagrun for tutorial to 2023-09-28 00:00:00+00:00
[2023-09-30 23:49:57,569] {scheduler_job.py:190} INFO - Processing /home/airflow/.local/lib/python3.6/site-packages/airflow/example_dags/tutorial.py took 0.286 seconds
[2023-09-30 23:50:27,779] {scheduler_job.py:182} INFO - Started process (PID=659) to work on /home/airflow/.local/lib/python3.6/site-packages/airflow/example_dags/tutorial.py
[2023-09-30 23:50:27,785] {scheduler_job.py:629} INFO - Processing file /home/airflow/.local/lib/python3.6/site-packages/airflow/example_dags/tutorial.py for tasks to queue
[2023-09-30 23:50:27,789] {logging_mixin.py:104} INFO - [2023-09-30 23:50:27,788] {dagbag.py:451} INFO - Filling up the DagBag from /home/airflow/.local/lib/python3.6/site-packages/airflow/example_dags/tutorial.py
[2023-09-30 23:50:27,838] {scheduler_job.py:639} INFO - DAG(s) dict_keys(['tutorial']) retrieved from /home/airflow/.local/lib/python3.6/site-packages/airflow/example_dags/tutorial.py
[2023-09-30 23:50:27,915] {logging_mixin.py:104} INFO - [2023-09-30 23:50:27,915] {dag.py:1824} INFO - Sync 1 DAGs
[2023-09-30 23:50:27,982] {logging_mixin.py:104} INFO - [2023-09-30 23:50:27,981] {dag.py:2280} INFO - Setting next_dagrun for tutorial to 2023-09-28 00:00:00+00:00
[2023-09-30 23:50:28,017] {scheduler_job.py:190} INFO - Processing /home/airflow/.local/lib/python3.6/site-packages/airflow/example_dags/tutorial.py took 0.247 seconds
[2023-09-30 23:50:58,142] {scheduler_job.py:182} INFO - Started process (PID=711) to work on /home/airflow/.local/lib/python3.6/site-packages/airflow/example_dags/tutorial.py
[2023-09-30 23:50:58,149] {scheduler_job.py:629} INFO - Processing file /home/airflow/.local/lib/python3.6/site-packages/airflow/example_dags/tutorial.py for tasks to queue
[2023-09-30 23:50:58,152] {logging_mixin.py:104} INFO - [2023-09-30 23:50:58,152] {dagbag.py:451} INFO - Filling up the DagBag from /home/airflow/.local/lib/python3.6/site-packages/airflow/example_dags/tutorial.py
[2023-09-30 23:50:58,199] {scheduler_job.py:639} INFO - DAG(s) dict_keys(['tutorial']) retrieved from /home/airflow/.local/lib/python3.6/site-packages/airflow/example_dags/tutorial.py
[2023-09-30 23:50:58,268] {logging_mixin.py:104} INFO - [2023-09-30 23:50:58,268] {dag.py:1824} INFO - Sync 1 DAGs
[2023-09-30 23:50:58,333] {logging_mixin.py:104} INFO - [2023-09-30 23:50:58,332] {dag.py:2280} INFO - Setting next_dagrun for tutorial to 2023-09-28 00:00:00+00:00
[2023-09-30 23:50:58,368] {scheduler_job.py:190} INFO - Processing /home/airflow/.local/lib/python3.6/site-packages/airflow/example_dags/tutorial.py took 0.235 seconds
