[2023-10-01 00:05:02,652] {scheduler_job.py:182} INFO - Started process (PID=70) to work on /home/airflow/.local/lib/python3.6/site-packages/airflow/example_dags/example_python_operator.py
[2023-10-01 00:05:02,694] {scheduler_job.py:629} INFO - Processing file /home/airflow/.local/lib/python3.6/site-packages/airflow/example_dags/example_python_operator.py for tasks to queue
[2023-10-01 00:05:02,703] {logging_mixin.py:104} INFO - [2023-10-01 00:05:02,701] {dagbag.py:451} INFO - Filling up the DagBag from /home/airflow/.local/lib/python3.6/site-packages/airflow/example_dags/example_python_operator.py
[2023-10-01 00:05:03,033] {scheduler_job.py:639} INFO - DAG(s) dict_keys(['example_python_operator']) retrieved from /home/airflow/.local/lib/python3.6/site-packages/airflow/example_dags/example_python_operator.py
[2023-10-01 00:05:03,208] {logging_mixin.py:104} INFO - [2023-10-01 00:05:03,207] {dag.py:1824} INFO - Sync 1 DAGs
[2023-10-01 00:05:03,464] {logging_mixin.py:104} INFO - [2023-10-01 00:05:03,464] {dag.py:1843} INFO - Creating ORM DAG for example_python_operator
[2023-10-01 00:05:03,515] {logging_mixin.py:104} INFO - [2023-10-01 00:05:03,514] {dag.py:2280} INFO - Setting next_dagrun for example_python_operator to None
[2023-10-01 00:05:03,655] {scheduler_job.py:190} INFO - Processing /home/airflow/.local/lib/python3.6/site-packages/airflow/example_dags/example_python_operator.py took 1.053 seconds
[2023-10-01 00:05:34,224] {scheduler_job.py:182} INFO - Started process (PID=123) to work on /home/airflow/.local/lib/python3.6/site-packages/airflow/example_dags/example_python_operator.py
[2023-10-01 00:05:34,235] {scheduler_job.py:629} INFO - Processing file /home/airflow/.local/lib/python3.6/site-packages/airflow/example_dags/example_python_operator.py for tasks to queue
[2023-10-01 00:05:34,248] {logging_mixin.py:104} INFO - [2023-10-01 00:05:34,247] {dagbag.py:451} INFO - Filling up the DagBag from /home/airflow/.local/lib/python3.6/site-packages/airflow/example_dags/example_python_operator.py
[2023-10-01 00:05:34,385] {scheduler_job.py:639} INFO - DAG(s) dict_keys(['example_python_operator']) retrieved from /home/airflow/.local/lib/python3.6/site-packages/airflow/example_dags/example_python_operator.py
[2023-10-01 00:05:34,540] {logging_mixin.py:104} INFO - [2023-10-01 00:05:34,539] {dag.py:1824} INFO - Sync 1 DAGs
[2023-10-01 00:05:34,681] {logging_mixin.py:104} INFO - [2023-10-01 00:05:34,680] {dag.py:2280} INFO - Setting next_dagrun for example_python_operator to None
[2023-10-01 00:05:34,762] {scheduler_job.py:190} INFO - Processing /home/airflow/.local/lib/python3.6/site-packages/airflow/example_dags/example_python_operator.py took 0.568 seconds
[2023-10-01 00:06:05,304] {scheduler_job.py:182} INFO - Started process (PID=178) to work on /home/airflow/.local/lib/python3.6/site-packages/airflow/example_dags/example_python_operator.py
[2023-10-01 00:06:05,310] {scheduler_job.py:629} INFO - Processing file /home/airflow/.local/lib/python3.6/site-packages/airflow/example_dags/example_python_operator.py for tasks to queue
[2023-10-01 00:06:05,315] {logging_mixin.py:104} INFO - [2023-10-01 00:06:05,314] {dagbag.py:451} INFO - Filling up the DagBag from /home/airflow/.local/lib/python3.6/site-packages/airflow/example_dags/example_python_operator.py
[2023-10-01 00:06:05,386] {scheduler_job.py:639} INFO - DAG(s) dict_keys(['example_python_operator']) retrieved from /home/airflow/.local/lib/python3.6/site-packages/airflow/example_dags/example_python_operator.py
[2023-10-01 00:06:05,485] {logging_mixin.py:104} INFO - [2023-10-01 00:06:05,485] {dag.py:1824} INFO - Sync 1 DAGs
[2023-10-01 00:06:05,591] {logging_mixin.py:104} INFO - [2023-10-01 00:06:05,591] {dag.py:2280} INFO - Setting next_dagrun for example_python_operator to None
[2023-10-01 00:06:05,664] {scheduler_job.py:190} INFO - Processing /home/airflow/.local/lib/python3.6/site-packages/airflow/example_dags/example_python_operator.py took 0.370 seconds
[2023-10-01 00:06:35,772] {scheduler_job.py:182} INFO - Started process (PID=230) to work on /home/airflow/.local/lib/python3.6/site-packages/airflow/example_dags/example_python_operator.py
[2023-10-01 00:06:35,792] {scheduler_job.py:629} INFO - Processing file /home/airflow/.local/lib/python3.6/site-packages/airflow/example_dags/example_python_operator.py for tasks to queue
[2023-10-01 00:06:35,802] {logging_mixin.py:104} INFO - [2023-10-01 00:06:35,802] {dagbag.py:451} INFO - Filling up the DagBag from /home/airflow/.local/lib/python3.6/site-packages/airflow/example_dags/example_python_operator.py
[2023-10-01 00:06:35,960] {scheduler_job.py:639} INFO - DAG(s) dict_keys(['example_python_operator']) retrieved from /home/airflow/.local/lib/python3.6/site-packages/airflow/example_dags/example_python_operator.py
[2023-10-01 00:06:36,061] {logging_mixin.py:104} INFO - [2023-10-01 00:06:36,061] {dag.py:1824} INFO - Sync 1 DAGs
[2023-10-01 00:06:36,185] {logging_mixin.py:104} INFO - [2023-10-01 00:06:36,184] {dag.py:2280} INFO - Setting next_dagrun for example_python_operator to None
[2023-10-01 00:06:36,241] {scheduler_job.py:190} INFO - Processing /home/airflow/.local/lib/python3.6/site-packages/airflow/example_dags/example_python_operator.py took 0.490 seconds
[2023-10-01 00:07:06,382] {scheduler_job.py:182} INFO - Started process (PID=284) to work on /home/airflow/.local/lib/python3.6/site-packages/airflow/example_dags/example_python_operator.py
[2023-10-01 00:07:06,398] {scheduler_job.py:629} INFO - Processing file /home/airflow/.local/lib/python3.6/site-packages/airflow/example_dags/example_python_operator.py for tasks to queue
[2023-10-01 00:07:06,409] {logging_mixin.py:104} INFO - [2023-10-01 00:07:06,407] {dagbag.py:451} INFO - Filling up the DagBag from /home/airflow/.local/lib/python3.6/site-packages/airflow/example_dags/example_python_operator.py
[2023-10-01 00:07:06,553] {scheduler_job.py:639} INFO - DAG(s) dict_keys(['example_python_operator']) retrieved from /home/airflow/.local/lib/python3.6/site-packages/airflow/example_dags/example_python_operator.py
[2023-10-01 00:07:06,701] {logging_mixin.py:104} INFO - [2023-10-01 00:07:06,700] {dag.py:1824} INFO - Sync 1 DAGs
[2023-10-01 00:07:06,811] {logging_mixin.py:104} INFO - [2023-10-01 00:07:06,811] {dag.py:2280} INFO - Setting next_dagrun for example_python_operator to None
[2023-10-01 00:07:06,879] {scheduler_job.py:190} INFO - Processing /home/airflow/.local/lib/python3.6/site-packages/airflow/example_dags/example_python_operator.py took 0.526 seconds
[2023-10-01 00:07:37,195] {scheduler_job.py:182} INFO - Started process (PID=338) to work on /home/airflow/.local/lib/python3.6/site-packages/airflow/example_dags/example_python_operator.py
[2023-10-01 00:07:37,213] {scheduler_job.py:629} INFO - Processing file /home/airflow/.local/lib/python3.6/site-packages/airflow/example_dags/example_python_operator.py for tasks to queue
[2023-10-01 00:07:37,227] {logging_mixin.py:104} INFO - [2023-10-01 00:07:37,226] {dagbag.py:451} INFO - Filling up the DagBag from /home/airflow/.local/lib/python3.6/site-packages/airflow/example_dags/example_python_operator.py
[2023-10-01 00:07:37,404] {scheduler_job.py:639} INFO - DAG(s) dict_keys(['example_python_operator']) retrieved from /home/airflow/.local/lib/python3.6/site-packages/airflow/example_dags/example_python_operator.py
[2023-10-01 00:07:37,613] {logging_mixin.py:104} INFO - [2023-10-01 00:07:37,611] {dag.py:1824} INFO - Sync 1 DAGs
[2023-10-01 00:07:37,806] {logging_mixin.py:104} INFO - [2023-10-01 00:07:37,805] {dag.py:2280} INFO - Setting next_dagrun for example_python_operator to None
[2023-10-01 00:07:38,030] {scheduler_job.py:190} INFO - Processing /home/airflow/.local/lib/python3.6/site-packages/airflow/example_dags/example_python_operator.py took 0.877 seconds
[2023-10-01 00:08:08,424] {scheduler_job.py:182} INFO - Started process (PID=390) to work on /home/airflow/.local/lib/python3.6/site-packages/airflow/example_dags/example_python_operator.py
[2023-10-01 00:08:08,430] {scheduler_job.py:629} INFO - Processing file /home/airflow/.local/lib/python3.6/site-packages/airflow/example_dags/example_python_operator.py for tasks to queue
[2023-10-01 00:08:08,435] {logging_mixin.py:104} INFO - [2023-10-01 00:08:08,434] {dagbag.py:451} INFO - Filling up the DagBag from /home/airflow/.local/lib/python3.6/site-packages/airflow/example_dags/example_python_operator.py
[2023-10-01 00:08:08,499] {scheduler_job.py:639} INFO - DAG(s) dict_keys(['example_python_operator']) retrieved from /home/airflow/.local/lib/python3.6/site-packages/airflow/example_dags/example_python_operator.py
[2023-10-01 00:08:08,589] {logging_mixin.py:104} INFO - [2023-10-01 00:08:08,588] {dag.py:1824} INFO - Sync 1 DAGs
[2023-10-01 00:08:08,667] {logging_mixin.py:104} INFO - [2023-10-01 00:08:08,666] {dag.py:2280} INFO - Setting next_dagrun for example_python_operator to None
[2023-10-01 00:08:08,729] {scheduler_job.py:190} INFO - Processing /home/airflow/.local/lib/python3.6/site-packages/airflow/example_dags/example_python_operator.py took 0.315 seconds
[2023-10-01 00:08:39,283] {scheduler_job.py:182} INFO - Started process (PID=446) to work on /home/airflow/.local/lib/python3.6/site-packages/airflow/example_dags/example_python_operator.py
[2023-10-01 00:08:39,290] {scheduler_job.py:629} INFO - Processing file /home/airflow/.local/lib/python3.6/site-packages/airflow/example_dags/example_python_operator.py for tasks to queue
[2023-10-01 00:08:39,294] {logging_mixin.py:104} INFO - [2023-10-01 00:08:39,294] {dagbag.py:451} INFO - Filling up the DagBag from /home/airflow/.local/lib/python3.6/site-packages/airflow/example_dags/example_python_operator.py
[2023-10-01 00:08:39,362] {scheduler_job.py:639} INFO - DAG(s) dict_keys(['example_python_operator']) retrieved from /home/airflow/.local/lib/python3.6/site-packages/airflow/example_dags/example_python_operator.py
[2023-10-01 00:08:39,461] {logging_mixin.py:104} INFO - [2023-10-01 00:08:39,460] {dag.py:1824} INFO - Sync 1 DAGs
[2023-10-01 00:08:39,531] {logging_mixin.py:104} INFO - [2023-10-01 00:08:39,530] {dag.py:2280} INFO - Setting next_dagrun for example_python_operator to None
[2023-10-01 00:08:39,572] {scheduler_job.py:190} INFO - Processing /home/airflow/.local/lib/python3.6/site-packages/airflow/example_dags/example_python_operator.py took 0.301 seconds
[2023-10-01 00:09:10,026] {scheduler_job.py:182} INFO - Started process (PID=500) to work on /home/airflow/.local/lib/python3.6/site-packages/airflow/example_dags/example_python_operator.py
[2023-10-01 00:09:10,035] {scheduler_job.py:629} INFO - Processing file /home/airflow/.local/lib/python3.6/site-packages/airflow/example_dags/example_python_operator.py for tasks to queue
[2023-10-01 00:09:10,039] {logging_mixin.py:104} INFO - [2023-10-01 00:09:10,039] {dagbag.py:451} INFO - Filling up the DagBag from /home/airflow/.local/lib/python3.6/site-packages/airflow/example_dags/example_python_operator.py
[2023-10-01 00:09:10,104] {scheduler_job.py:639} INFO - DAG(s) dict_keys(['example_python_operator']) retrieved from /home/airflow/.local/lib/python3.6/site-packages/airflow/example_dags/example_python_operator.py
[2023-10-01 00:09:10,198] {logging_mixin.py:104} INFO - [2023-10-01 00:09:10,198] {dag.py:1824} INFO - Sync 1 DAGs
[2023-10-01 00:09:10,272] {logging_mixin.py:104} INFO - [2023-10-01 00:09:10,271] {dag.py:2280} INFO - Setting next_dagrun for example_python_operator to None
[2023-10-01 00:09:10,311] {scheduler_job.py:190} INFO - Processing /home/airflow/.local/lib/python3.6/site-packages/airflow/example_dags/example_python_operator.py took 0.297 seconds
[2023-10-01 00:09:40,529] {scheduler_job.py:182} INFO - Started process (PID=554) to work on /home/airflow/.local/lib/python3.6/site-packages/airflow/example_dags/example_python_operator.py
[2023-10-01 00:09:40,535] {scheduler_job.py:629} INFO - Processing file /home/airflow/.local/lib/python3.6/site-packages/airflow/example_dags/example_python_operator.py for tasks to queue
[2023-10-01 00:09:40,538] {logging_mixin.py:104} INFO - [2023-10-01 00:09:40,538] {dagbag.py:451} INFO - Filling up the DagBag from /home/airflow/.local/lib/python3.6/site-packages/airflow/example_dags/example_python_operator.py
[2023-10-01 00:09:40,613] {scheduler_job.py:639} INFO - DAG(s) dict_keys(['example_python_operator']) retrieved from /home/airflow/.local/lib/python3.6/site-packages/airflow/example_dags/example_python_operator.py
[2023-10-01 00:09:40,714] {logging_mixin.py:104} INFO - [2023-10-01 00:09:40,714] {dag.py:1824} INFO - Sync 1 DAGs
[2023-10-01 00:09:40,798] {logging_mixin.py:104} INFO - [2023-10-01 00:09:40,798] {dag.py:2280} INFO - Setting next_dagrun for example_python_operator to None
[2023-10-01 00:09:40,844] {scheduler_job.py:190} INFO - Processing /home/airflow/.local/lib/python3.6/site-packages/airflow/example_dags/example_python_operator.py took 0.324 seconds
[2023-10-01 00:10:11,378] {scheduler_job.py:182} INFO - Started process (PID=608) to work on /home/airflow/.local/lib/python3.6/site-packages/airflow/example_dags/example_python_operator.py
[2023-10-01 00:10:11,383] {scheduler_job.py:629} INFO - Processing file /home/airflow/.local/lib/python3.6/site-packages/airflow/example_dags/example_python_operator.py for tasks to queue
[2023-10-01 00:10:11,388] {logging_mixin.py:104} INFO - [2023-10-01 00:10:11,387] {dagbag.py:451} INFO - Filling up the DagBag from /home/airflow/.local/lib/python3.6/site-packages/airflow/example_dags/example_python_operator.py
[2023-10-01 00:10:11,455] {scheduler_job.py:639} INFO - DAG(s) dict_keys(['example_python_operator']) retrieved from /home/airflow/.local/lib/python3.6/site-packages/airflow/example_dags/example_python_operator.py
[2023-10-01 00:10:11,537] {logging_mixin.py:104} INFO - [2023-10-01 00:10:11,536] {dag.py:1824} INFO - Sync 1 DAGs
[2023-10-01 00:10:11,603] {logging_mixin.py:104} INFO - [2023-10-01 00:10:11,602] {dag.py:2280} INFO - Setting next_dagrun for example_python_operator to None
[2023-10-01 00:10:11,644] {scheduler_job.py:190} INFO - Processing /home/airflow/.local/lib/python3.6/site-packages/airflow/example_dags/example_python_operator.py took 0.276 seconds
[2023-10-01 00:10:42,471] {scheduler_job.py:182} INFO - Started process (PID=662) to work on /home/airflow/.local/lib/python3.6/site-packages/airflow/example_dags/example_python_operator.py
[2023-10-01 00:10:42,477] {scheduler_job.py:629} INFO - Processing file /home/airflow/.local/lib/python3.6/site-packages/airflow/example_dags/example_python_operator.py for tasks to queue
[2023-10-01 00:10:42,480] {logging_mixin.py:104} INFO - [2023-10-01 00:10:42,480] {dagbag.py:451} INFO - Filling up the DagBag from /home/airflow/.local/lib/python3.6/site-packages/airflow/example_dags/example_python_operator.py
[2023-10-01 00:10:42,548] {scheduler_job.py:639} INFO - DAG(s) dict_keys(['example_python_operator']) retrieved from /home/airflow/.local/lib/python3.6/site-packages/airflow/example_dags/example_python_operator.py
[2023-10-01 00:10:42,637] {logging_mixin.py:104} INFO - [2023-10-01 00:10:42,636] {dag.py:1824} INFO - Sync 1 DAGs
[2023-10-01 00:10:42,709] {logging_mixin.py:104} INFO - [2023-10-01 00:10:42,708] {dag.py:2280} INFO - Setting next_dagrun for example_python_operator to None
[2023-10-01 00:10:42,750] {scheduler_job.py:190} INFO - Processing /home/airflow/.local/lib/python3.6/site-packages/airflow/example_dags/example_python_operator.py took 0.288 seconds
[2023-10-01 00:11:13,261] {scheduler_job.py:182} INFO - Started process (PID=716) to work on /home/airflow/.local/lib/python3.6/site-packages/airflow/example_dags/example_python_operator.py
[2023-10-01 00:11:13,266] {scheduler_job.py:629} INFO - Processing file /home/airflow/.local/lib/python3.6/site-packages/airflow/example_dags/example_python_operator.py for tasks to queue
[2023-10-01 00:11:13,270] {logging_mixin.py:104} INFO - [2023-10-01 00:11:13,270] {dagbag.py:451} INFO - Filling up the DagBag from /home/airflow/.local/lib/python3.6/site-packages/airflow/example_dags/example_python_operator.py
[2023-10-01 00:11:13,338] {scheduler_job.py:639} INFO - DAG(s) dict_keys(['example_python_operator']) retrieved from /home/airflow/.local/lib/python3.6/site-packages/airflow/example_dags/example_python_operator.py
[2023-10-01 00:11:13,419] {logging_mixin.py:104} INFO - [2023-10-01 00:11:13,419] {dag.py:1824} INFO - Sync 1 DAGs
[2023-10-01 00:11:13,487] {logging_mixin.py:104} INFO - [2023-10-01 00:11:13,487] {dag.py:2280} INFO - Setting next_dagrun for example_python_operator to None
[2023-10-01 00:11:13,534] {scheduler_job.py:190} INFO - Processing /home/airflow/.local/lib/python3.6/site-packages/airflow/example_dags/example_python_operator.py took 0.282 seconds
[2023-10-01 00:12:31,926] {scheduler_job.py:182} INFO - Started process (PID=79) to work on /home/airflow/.local/lib/python3.6/site-packages/airflow/example_dags/example_python_operator.py
[2023-10-01 00:12:31,952] {scheduler_job.py:629} INFO - Processing file /home/airflow/.local/lib/python3.6/site-packages/airflow/example_dags/example_python_operator.py for tasks to queue
[2023-10-01 00:12:31,975] {logging_mixin.py:104} INFO - [2023-10-01 00:12:31,974] {dagbag.py:451} INFO - Filling up the DagBag from /home/airflow/.local/lib/python3.6/site-packages/airflow/example_dags/example_python_operator.py
[2023-10-01 00:12:32,430] {scheduler_job.py:639} INFO - DAG(s) dict_keys(['example_python_operator']) retrieved from /home/airflow/.local/lib/python3.6/site-packages/airflow/example_dags/example_python_operator.py
[2023-10-01 00:12:32,839] {logging_mixin.py:104} INFO - [2023-10-01 00:12:32,824] {dag.py:1824} INFO - Sync 1 DAGs
[2023-10-01 00:12:33,341] {logging_mixin.py:104} INFO - [2023-10-01 00:12:33,340] {dag.py:2280} INFO - Setting next_dagrun for example_python_operator to None
[2023-10-01 00:12:33,689] {scheduler_job.py:190} INFO - Processing /home/airflow/.local/lib/python3.6/site-packages/airflow/example_dags/example_python_operator.py took 1.884 seconds
[2023-10-01 00:13:03,879] {scheduler_job.py:182} INFO - Started process (PID=133) to work on /home/airflow/.local/lib/python3.6/site-packages/airflow/example_dags/example_python_operator.py
[2023-10-01 00:13:03,892] {scheduler_job.py:629} INFO - Processing file /home/airflow/.local/lib/python3.6/site-packages/airflow/example_dags/example_python_operator.py for tasks to queue
[2023-10-01 00:13:03,904] {logging_mixin.py:104} INFO - [2023-10-01 00:13:03,903] {dagbag.py:451} INFO - Filling up the DagBag from /home/airflow/.local/lib/python3.6/site-packages/airflow/example_dags/example_python_operator.py
[2023-10-01 00:13:04,029] {scheduler_job.py:639} INFO - DAG(s) dict_keys(['example_python_operator']) retrieved from /home/airflow/.local/lib/python3.6/site-packages/airflow/example_dags/example_python_operator.py
[2023-10-01 00:13:04,174] {logging_mixin.py:104} INFO - [2023-10-01 00:13:04,172] {dag.py:1824} INFO - Sync 1 DAGs
[2023-10-01 00:13:04,297] {logging_mixin.py:104} INFO - [2023-10-01 00:13:04,296] {dag.py:2280} INFO - Setting next_dagrun for example_python_operator to None
[2023-10-01 00:13:04,371] {scheduler_job.py:190} INFO - Processing /home/airflow/.local/lib/python3.6/site-packages/airflow/example_dags/example_python_operator.py took 0.522 seconds
[2023-10-01 00:13:34,965] {scheduler_job.py:182} INFO - Started process (PID=187) to work on /home/airflow/.local/lib/python3.6/site-packages/airflow/example_dags/example_python_operator.py
[2023-10-01 00:13:34,992] {scheduler_job.py:629} INFO - Processing file /home/airflow/.local/lib/python3.6/site-packages/airflow/example_dags/example_python_operator.py for tasks to queue
[2023-10-01 00:13:35,000] {logging_mixin.py:104} INFO - [2023-10-01 00:13:34,999] {dagbag.py:451} INFO - Filling up the DagBag from /home/airflow/.local/lib/python3.6/site-packages/airflow/example_dags/example_python_operator.py
[2023-10-01 00:13:35,213] {scheduler_job.py:639} INFO - DAG(s) dict_keys(['example_python_operator']) retrieved from /home/airflow/.local/lib/python3.6/site-packages/airflow/example_dags/example_python_operator.py
[2023-10-01 00:13:35,541] {logging_mixin.py:104} INFO - [2023-10-01 00:13:35,540] {dag.py:1824} INFO - Sync 1 DAGs
[2023-10-01 00:13:35,893] {logging_mixin.py:104} INFO - [2023-10-01 00:13:35,890] {dag.py:2280} INFO - Setting next_dagrun for example_python_operator to None
[2023-10-01 00:13:36,039] {scheduler_job.py:190} INFO - Processing /home/airflow/.local/lib/python3.6/site-packages/airflow/example_dags/example_python_operator.py took 1.124 seconds
[2023-10-01 00:14:06,271] {scheduler_job.py:182} INFO - Started process (PID=241) to work on /home/airflow/.local/lib/python3.6/site-packages/airflow/example_dags/example_python_operator.py
[2023-10-01 00:14:06,292] {scheduler_job.py:629} INFO - Processing file /home/airflow/.local/lib/python3.6/site-packages/airflow/example_dags/example_python_operator.py for tasks to queue
[2023-10-01 00:14:06,305] {logging_mixin.py:104} INFO - [2023-10-01 00:14:06,304] {dagbag.py:451} INFO - Filling up the DagBag from /home/airflow/.local/lib/python3.6/site-packages/airflow/example_dags/example_python_operator.py
[2023-10-01 00:14:06,634] {scheduler_job.py:639} INFO - DAG(s) dict_keys(['example_python_operator']) retrieved from /home/airflow/.local/lib/python3.6/site-packages/airflow/example_dags/example_python_operator.py
[2023-10-01 00:14:06,981] {logging_mixin.py:104} INFO - [2023-10-01 00:14:06,980] {dag.py:1824} INFO - Sync 1 DAGs
[2023-10-01 00:14:07,308] {logging_mixin.py:104} INFO - [2023-10-01 00:14:07,306] {dag.py:2280} INFO - Setting next_dagrun for example_python_operator to None
[2023-10-01 00:14:07,464] {scheduler_job.py:190} INFO - Processing /home/airflow/.local/lib/python3.6/site-packages/airflow/example_dags/example_python_operator.py took 1.236 seconds
[2023-10-01 00:14:38,386] {scheduler_job.py:182} INFO - Started process (PID=295) to work on /home/airflow/.local/lib/python3.6/site-packages/airflow/example_dags/example_python_operator.py
[2023-10-01 00:14:38,408] {scheduler_job.py:629} INFO - Processing file /home/airflow/.local/lib/python3.6/site-packages/airflow/example_dags/example_python_operator.py for tasks to queue
[2023-10-01 00:14:38,417] {logging_mixin.py:104} INFO - [2023-10-01 00:14:38,416] {dagbag.py:451} INFO - Filling up the DagBag from /home/airflow/.local/lib/python3.6/site-packages/airflow/example_dags/example_python_operator.py
[2023-10-01 00:14:38,674] {scheduler_job.py:639} INFO - DAG(s) dict_keys(['example_python_operator']) retrieved from /home/airflow/.local/lib/python3.6/site-packages/airflow/example_dags/example_python_operator.py
[2023-10-01 00:14:38,917] {logging_mixin.py:104} INFO - [2023-10-01 00:14:38,915] {dag.py:1824} INFO - Sync 1 DAGs
[2023-10-01 00:14:39,185] {logging_mixin.py:104} INFO - [2023-10-01 00:14:39,184] {dag.py:2280} INFO - Setting next_dagrun for example_python_operator to None
[2023-10-01 00:14:39,412] {scheduler_job.py:190} INFO - Processing /home/airflow/.local/lib/python3.6/site-packages/airflow/example_dags/example_python_operator.py took 1.064 seconds
[2023-10-01 00:15:09,673] {scheduler_job.py:182} INFO - Started process (PID=349) to work on /home/airflow/.local/lib/python3.6/site-packages/airflow/example_dags/example_python_operator.py
[2023-10-01 00:15:09,684] {scheduler_job.py:629} INFO - Processing file /home/airflow/.local/lib/python3.6/site-packages/airflow/example_dags/example_python_operator.py for tasks to queue
[2023-10-01 00:15:09,694] {logging_mixin.py:104} INFO - [2023-10-01 00:15:09,693] {dagbag.py:451} INFO - Filling up the DagBag from /home/airflow/.local/lib/python3.6/site-packages/airflow/example_dags/example_python_operator.py
[2023-10-01 00:15:09,826] {scheduler_job.py:639} INFO - DAG(s) dict_keys(['example_python_operator']) retrieved from /home/airflow/.local/lib/python3.6/site-packages/airflow/example_dags/example_python_operator.py
[2023-10-01 00:15:09,973] {logging_mixin.py:104} INFO - [2023-10-01 00:15:09,972] {dag.py:1824} INFO - Sync 1 DAGs
[2023-10-01 00:15:10,088] {logging_mixin.py:104} INFO - [2023-10-01 00:15:10,087] {dag.py:2280} INFO - Setting next_dagrun for example_python_operator to None
[2023-10-01 00:15:10,166] {scheduler_job.py:190} INFO - Processing /home/airflow/.local/lib/python3.6/site-packages/airflow/example_dags/example_python_operator.py took 0.512 seconds
[2023-10-01 00:15:40,326] {scheduler_job.py:182} INFO - Started process (PID=403) to work on /home/airflow/.local/lib/python3.6/site-packages/airflow/example_dags/example_python_operator.py
[2023-10-01 00:15:40,337] {scheduler_job.py:629} INFO - Processing file /home/airflow/.local/lib/python3.6/site-packages/airflow/example_dags/example_python_operator.py for tasks to queue
[2023-10-01 00:15:40,345] {logging_mixin.py:104} INFO - [2023-10-01 00:15:40,344] {dagbag.py:451} INFO - Filling up the DagBag from /home/airflow/.local/lib/python3.6/site-packages/airflow/example_dags/example_python_operator.py
[2023-10-01 00:15:40,484] {scheduler_job.py:639} INFO - DAG(s) dict_keys(['example_python_operator']) retrieved from /home/airflow/.local/lib/python3.6/site-packages/airflow/example_dags/example_python_operator.py
[2023-10-01 00:15:40,638] {logging_mixin.py:104} INFO - [2023-10-01 00:15:40,637] {dag.py:1824} INFO - Sync 1 DAGs
[2023-10-01 00:15:40,761] {logging_mixin.py:104} INFO - [2023-10-01 00:15:40,760] {dag.py:2280} INFO - Setting next_dagrun for example_python_operator to None
[2023-10-01 00:15:40,808] {scheduler_job.py:190} INFO - Processing /home/airflow/.local/lib/python3.6/site-packages/airflow/example_dags/example_python_operator.py took 0.497 seconds
[2023-10-01 00:16:10,927] {scheduler_job.py:182} INFO - Started process (PID=457) to work on /home/airflow/.local/lib/python3.6/site-packages/airflow/example_dags/example_python_operator.py
[2023-10-01 00:16:10,933] {scheduler_job.py:629} INFO - Processing file /home/airflow/.local/lib/python3.6/site-packages/airflow/example_dags/example_python_operator.py for tasks to queue
[2023-10-01 00:16:10,937] {logging_mixin.py:104} INFO - [2023-10-01 00:16:10,936] {dagbag.py:451} INFO - Filling up the DagBag from /home/airflow/.local/lib/python3.6/site-packages/airflow/example_dags/example_python_operator.py
[2023-10-01 00:16:10,998] {scheduler_job.py:639} INFO - DAG(s) dict_keys(['example_python_operator']) retrieved from /home/airflow/.local/lib/python3.6/site-packages/airflow/example_dags/example_python_operator.py
[2023-10-01 00:16:11,080] {logging_mixin.py:104} INFO - [2023-10-01 00:16:11,080] {dag.py:1824} INFO - Sync 1 DAGs
[2023-10-01 00:16:11,146] {logging_mixin.py:104} INFO - [2023-10-01 00:16:11,146] {dag.py:2280} INFO - Setting next_dagrun for example_python_operator to None
[2023-10-01 00:16:11,183] {scheduler_job.py:190} INFO - Processing /home/airflow/.local/lib/python3.6/site-packages/airflow/example_dags/example_python_operator.py took 0.266 seconds
[2023-10-01 00:17:35,985] {scheduler_job.py:182} INFO - Started process (PID=102) to work on /home/airflow/.local/lib/python3.6/site-packages/airflow/example_dags/example_python_operator.py
[2023-10-01 00:17:36,004] {scheduler_job.py:629} INFO - Processing file /home/airflow/.local/lib/python3.6/site-packages/airflow/example_dags/example_python_operator.py for tasks to queue
[2023-10-01 00:17:36,011] {logging_mixin.py:104} INFO - [2023-10-01 00:17:36,010] {dagbag.py:451} INFO - Filling up the DagBag from /home/airflow/.local/lib/python3.6/site-packages/airflow/example_dags/example_python_operator.py
[2023-10-01 00:17:36,205] {scheduler_job.py:639} INFO - DAG(s) dict_keys(['example_python_operator']) retrieved from /home/airflow/.local/lib/python3.6/site-packages/airflow/example_dags/example_python_operator.py
[2023-10-01 00:17:36,416] {logging_mixin.py:104} INFO - [2023-10-01 00:17:36,415] {dag.py:1824} INFO - Sync 1 DAGs
[2023-10-01 00:17:36,655] {logging_mixin.py:104} INFO - [2023-10-01 00:17:36,653] {dag.py:2280} INFO - Setting next_dagrun for example_python_operator to None
[2023-10-01 00:17:36,780] {scheduler_job.py:190} INFO - Processing /home/airflow/.local/lib/python3.6/site-packages/airflow/example_dags/example_python_operator.py took 0.830 seconds
[2023-10-01 00:18:07,664] {scheduler_job.py:182} INFO - Started process (PID=156) to work on /home/airflow/.local/lib/python3.6/site-packages/airflow/example_dags/example_python_operator.py
[2023-10-01 00:18:07,698] {scheduler_job.py:629} INFO - Processing file /home/airflow/.local/lib/python3.6/site-packages/airflow/example_dags/example_python_operator.py for tasks to queue
[2023-10-01 00:18:07,705] {logging_mixin.py:104} INFO - [2023-10-01 00:18:07,703] {dagbag.py:451} INFO - Filling up the DagBag from /home/airflow/.local/lib/python3.6/site-packages/airflow/example_dags/example_python_operator.py
[2023-10-01 00:18:07,957] {scheduler_job.py:639} INFO - DAG(s) dict_keys(['example_python_operator']) retrieved from /home/airflow/.local/lib/python3.6/site-packages/airflow/example_dags/example_python_operator.py
[2023-10-01 00:18:08,265] {logging_mixin.py:104} INFO - [2023-10-01 00:18:08,264] {dag.py:1824} INFO - Sync 1 DAGs
[2023-10-01 00:18:08,567] {logging_mixin.py:104} INFO - [2023-10-01 00:18:08,566] {dag.py:2280} INFO - Setting next_dagrun for example_python_operator to None
[2023-10-01 00:18:08,738] {scheduler_job.py:190} INFO - Processing /home/airflow/.local/lib/python3.6/site-packages/airflow/example_dags/example_python_operator.py took 1.115 seconds
[2023-10-01 00:18:40,299] {scheduler_job.py:182} INFO - Started process (PID=212) to work on /home/airflow/.local/lib/python3.6/site-packages/airflow/example_dags/example_python_operator.py
[2023-10-01 00:18:40,321] {scheduler_job.py:629} INFO - Processing file /home/airflow/.local/lib/python3.6/site-packages/airflow/example_dags/example_python_operator.py for tasks to queue
[2023-10-01 00:18:40,338] {logging_mixin.py:104} INFO - [2023-10-01 00:18:40,337] {dagbag.py:451} INFO - Filling up the DagBag from /home/airflow/.local/lib/python3.6/site-packages/airflow/example_dags/example_python_operator.py
[2023-10-01 00:18:40,748] {scheduler_job.py:639} INFO - DAG(s) dict_keys(['example_python_operator']) retrieved from /home/airflow/.local/lib/python3.6/site-packages/airflow/example_dags/example_python_operator.py
[2023-10-01 00:18:41,135] {logging_mixin.py:104} INFO - [2023-10-01 00:18:41,125] {dag.py:1824} INFO - Sync 1 DAGs
[2023-10-01 00:18:41,319] {logging_mixin.py:104} INFO - [2023-10-01 00:18:41,318] {dag.py:2280} INFO - Setting next_dagrun for example_python_operator to None
[2023-10-01 00:18:41,423] {scheduler_job.py:190} INFO - Processing /home/airflow/.local/lib/python3.6/site-packages/airflow/example_dags/example_python_operator.py took 1.177 seconds
[2023-10-01 00:19:11,816] {scheduler_job.py:182} INFO - Started process (PID=266) to work on /home/airflow/.local/lib/python3.6/site-packages/airflow/example_dags/example_python_operator.py
[2023-10-01 00:19:11,825] {scheduler_job.py:629} INFO - Processing file /home/airflow/.local/lib/python3.6/site-packages/airflow/example_dags/example_python_operator.py for tasks to queue
[2023-10-01 00:19:11,842] {logging_mixin.py:104} INFO - [2023-10-01 00:19:11,842] {dagbag.py:451} INFO - Filling up the DagBag from /home/airflow/.local/lib/python3.6/site-packages/airflow/example_dags/example_python_operator.py
[2023-10-01 00:19:11,969] {scheduler_job.py:639} INFO - DAG(s) dict_keys(['example_python_operator']) retrieved from /home/airflow/.local/lib/python3.6/site-packages/airflow/example_dags/example_python_operator.py
[2023-10-01 00:19:12,348] {logging_mixin.py:104} INFO - [2023-10-01 00:19:12,346] {dag.py:1824} INFO - Sync 1 DAGs
[2023-10-01 00:19:12,688] {logging_mixin.py:104} INFO - [2023-10-01 00:19:12,687] {dag.py:2280} INFO - Setting next_dagrun for example_python_operator to None
[2023-10-01 00:19:12,796] {scheduler_job.py:190} INFO - Processing /home/airflow/.local/lib/python3.6/site-packages/airflow/example_dags/example_python_operator.py took 1.031 seconds
[2023-10-01 00:19:43,109] {scheduler_job.py:182} INFO - Started process (PID=318) to work on /home/airflow/.local/lib/python3.6/site-packages/airflow/example_dags/example_python_operator.py
[2023-10-01 00:19:43,123] {scheduler_job.py:629} INFO - Processing file /home/airflow/.local/lib/python3.6/site-packages/airflow/example_dags/example_python_operator.py for tasks to queue
[2023-10-01 00:19:43,135] {logging_mixin.py:104} INFO - [2023-10-01 00:19:43,134] {dagbag.py:451} INFO - Filling up the DagBag from /home/airflow/.local/lib/python3.6/site-packages/airflow/example_dags/example_python_operator.py
[2023-10-01 00:19:43,393] {scheduler_job.py:639} INFO - DAG(s) dict_keys(['example_python_operator']) retrieved from /home/airflow/.local/lib/python3.6/site-packages/airflow/example_dags/example_python_operator.py
[2023-10-01 00:19:43,824] {logging_mixin.py:104} INFO - [2023-10-01 00:19:43,820] {dag.py:1824} INFO - Sync 1 DAGs
[2023-10-01 00:19:44,136] {logging_mixin.py:104} INFO - [2023-10-01 00:19:44,133] {dag.py:2280} INFO - Setting next_dagrun for example_python_operator to None
[2023-10-01 00:19:44,268] {scheduler_job.py:190} INFO - Processing /home/airflow/.local/lib/python3.6/site-packages/airflow/example_dags/example_python_operator.py took 1.191 seconds
[2023-10-01 00:20:14,427] {scheduler_job.py:182} INFO - Started process (PID=372) to work on /home/airflow/.local/lib/python3.6/site-packages/airflow/example_dags/example_python_operator.py
[2023-10-01 00:20:14,439] {scheduler_job.py:629} INFO - Processing file /home/airflow/.local/lib/python3.6/site-packages/airflow/example_dags/example_python_operator.py for tasks to queue
[2023-10-01 00:20:14,450] {logging_mixin.py:104} INFO - [2023-10-01 00:20:14,448] {dagbag.py:451} INFO - Filling up the DagBag from /home/airflow/.local/lib/python3.6/site-packages/airflow/example_dags/example_python_operator.py
[2023-10-01 00:20:14,587] {scheduler_job.py:639} INFO - DAG(s) dict_keys(['example_python_operator']) retrieved from /home/airflow/.local/lib/python3.6/site-packages/airflow/example_dags/example_python_operator.py
[2023-10-01 00:20:14,747] {logging_mixin.py:104} INFO - [2023-10-01 00:20:14,746] {dag.py:1824} INFO - Sync 1 DAGs
[2023-10-01 00:20:14,883] {logging_mixin.py:104} INFO - [2023-10-01 00:20:14,882] {dag.py:2280} INFO - Setting next_dagrun for example_python_operator to None
[2023-10-01 00:20:14,963] {scheduler_job.py:190} INFO - Processing /home/airflow/.local/lib/python3.6/site-packages/airflow/example_dags/example_python_operator.py took 0.566 seconds
[2023-10-01 00:20:45,462] {scheduler_job.py:182} INFO - Started process (PID=426) to work on /home/airflow/.local/lib/python3.6/site-packages/airflow/example_dags/example_python_operator.py
[2023-10-01 00:20:45,476] {scheduler_job.py:629} INFO - Processing file /home/airflow/.local/lib/python3.6/site-packages/airflow/example_dags/example_python_operator.py for tasks to queue
[2023-10-01 00:20:45,487] {logging_mixin.py:104} INFO - [2023-10-01 00:20:45,486] {dagbag.py:451} INFO - Filling up the DagBag from /home/airflow/.local/lib/python3.6/site-packages/airflow/example_dags/example_python_operator.py
[2023-10-01 00:20:45,630] {scheduler_job.py:639} INFO - DAG(s) dict_keys(['example_python_operator']) retrieved from /home/airflow/.local/lib/python3.6/site-packages/airflow/example_dags/example_python_operator.py
[2023-10-01 00:20:45,773] {logging_mixin.py:104} INFO - [2023-10-01 00:20:45,771] {dag.py:1824} INFO - Sync 1 DAGs
[2023-10-01 00:20:45,907] {logging_mixin.py:104} INFO - [2023-10-01 00:20:45,906] {dag.py:2280} INFO - Setting next_dagrun for example_python_operator to None
[2023-10-01 00:20:46,026] {scheduler_job.py:190} INFO - Processing /home/airflow/.local/lib/python3.6/site-packages/airflow/example_dags/example_python_operator.py took 0.581 seconds
[2023-10-01 00:21:16,277] {scheduler_job.py:182} INFO - Started process (PID=478) to work on /home/airflow/.local/lib/python3.6/site-packages/airflow/example_dags/example_python_operator.py
[2023-10-01 00:21:16,290] {scheduler_job.py:629} INFO - Processing file /home/airflow/.local/lib/python3.6/site-packages/airflow/example_dags/example_python_operator.py for tasks to queue
[2023-10-01 00:21:16,298] {logging_mixin.py:104} INFO - [2023-10-01 00:21:16,296] {dagbag.py:451} INFO - Filling up the DagBag from /home/airflow/.local/lib/python3.6/site-packages/airflow/example_dags/example_python_operator.py
[2023-10-01 00:21:16,448] {scheduler_job.py:639} INFO - DAG(s) dict_keys(['example_python_operator']) retrieved from /home/airflow/.local/lib/python3.6/site-packages/airflow/example_dags/example_python_operator.py
[2023-10-01 00:21:16,666] {logging_mixin.py:104} INFO - [2023-10-01 00:21:16,665] {dag.py:1824} INFO - Sync 1 DAGs
[2023-10-01 00:21:16,833] {logging_mixin.py:104} INFO - [2023-10-01 00:21:16,832] {dag.py:2280} INFO - Setting next_dagrun for example_python_operator to None
[2023-10-01 00:21:16,922] {scheduler_job.py:190} INFO - Processing /home/airflow/.local/lib/python3.6/site-packages/airflow/example_dags/example_python_operator.py took 0.672 seconds
[2023-10-01 00:21:47,515] {scheduler_job.py:182} INFO - Started process (PID=532) to work on /home/airflow/.local/lib/python3.6/site-packages/airflow/example_dags/example_python_operator.py
[2023-10-01 00:21:47,525] {scheduler_job.py:629} INFO - Processing file /home/airflow/.local/lib/python3.6/site-packages/airflow/example_dags/example_python_operator.py for tasks to queue
[2023-10-01 00:21:47,533] {logging_mixin.py:104} INFO - [2023-10-01 00:21:47,532] {dagbag.py:451} INFO - Filling up the DagBag from /home/airflow/.local/lib/python3.6/site-packages/airflow/example_dags/example_python_operator.py
[2023-10-01 00:21:47,668] {scheduler_job.py:639} INFO - DAG(s) dict_keys(['example_python_operator']) retrieved from /home/airflow/.local/lib/python3.6/site-packages/airflow/example_dags/example_python_operator.py
[2023-10-01 00:21:47,845] {logging_mixin.py:104} INFO - [2023-10-01 00:21:47,844] {dag.py:1824} INFO - Sync 1 DAGs
[2023-10-01 00:21:47,999] {logging_mixin.py:104} INFO - [2023-10-01 00:21:47,998] {dag.py:2280} INFO - Setting next_dagrun for example_python_operator to None
[2023-10-01 00:21:48,077] {scheduler_job.py:190} INFO - Processing /home/airflow/.local/lib/python3.6/site-packages/airflow/example_dags/example_python_operator.py took 0.579 seconds
[2023-10-01 00:22:18,205] {scheduler_job.py:182} INFO - Started process (PID=586) to work on /home/airflow/.local/lib/python3.6/site-packages/airflow/example_dags/example_python_operator.py
[2023-10-01 00:22:18,211] {scheduler_job.py:629} INFO - Processing file /home/airflow/.local/lib/python3.6/site-packages/airflow/example_dags/example_python_operator.py for tasks to queue
[2023-10-01 00:22:18,216] {logging_mixin.py:104} INFO - [2023-10-01 00:22:18,215] {dagbag.py:451} INFO - Filling up the DagBag from /home/airflow/.local/lib/python3.6/site-packages/airflow/example_dags/example_python_operator.py
[2023-10-01 00:22:18,282] {scheduler_job.py:639} INFO - DAG(s) dict_keys(['example_python_operator']) retrieved from /home/airflow/.local/lib/python3.6/site-packages/airflow/example_dags/example_python_operator.py
[2023-10-01 00:22:18,361] {logging_mixin.py:104} INFO - [2023-10-01 00:22:18,360] {dag.py:1824} INFO - Sync 1 DAGs
[2023-10-01 00:22:18,426] {logging_mixin.py:104} INFO - [2023-10-01 00:22:18,425] {dag.py:2280} INFO - Setting next_dagrun for example_python_operator to None
[2023-10-01 00:22:18,462] {scheduler_job.py:190} INFO - Processing /home/airflow/.local/lib/python3.6/site-packages/airflow/example_dags/example_python_operator.py took 0.268 seconds
[2023-10-01 00:22:48,710] {scheduler_job.py:182} INFO - Started process (PID=638) to work on /home/airflow/.local/lib/python3.6/site-packages/airflow/example_dags/example_python_operator.py
[2023-10-01 00:22:48,716] {scheduler_job.py:629} INFO - Processing file /home/airflow/.local/lib/python3.6/site-packages/airflow/example_dags/example_python_operator.py for tasks to queue
[2023-10-01 00:22:48,720] {logging_mixin.py:104} INFO - [2023-10-01 00:22:48,719] {dagbag.py:451} INFO - Filling up the DagBag from /home/airflow/.local/lib/python3.6/site-packages/airflow/example_dags/example_python_operator.py
[2023-10-01 00:22:48,779] {scheduler_job.py:639} INFO - DAG(s) dict_keys(['example_python_operator']) retrieved from /home/airflow/.local/lib/python3.6/site-packages/airflow/example_dags/example_python_operator.py
[2023-10-01 00:22:48,858] {logging_mixin.py:104} INFO - [2023-10-01 00:22:48,857] {dag.py:1824} INFO - Sync 1 DAGs
[2023-10-01 00:22:48,926] {logging_mixin.py:104} INFO - [2023-10-01 00:22:48,925] {dag.py:2280} INFO - Setting next_dagrun for example_python_operator to None
[2023-10-01 00:22:48,967] {scheduler_job.py:190} INFO - Processing /home/airflow/.local/lib/python3.6/site-packages/airflow/example_dags/example_python_operator.py took 0.268 seconds
[2023-10-01 00:23:19,225] {scheduler_job.py:182} INFO - Started process (PID=692) to work on /home/airflow/.local/lib/python3.6/site-packages/airflow/example_dags/example_python_operator.py
[2023-10-01 00:23:19,232] {scheduler_job.py:629} INFO - Processing file /home/airflow/.local/lib/python3.6/site-packages/airflow/example_dags/example_python_operator.py for tasks to queue
[2023-10-01 00:23:19,236] {logging_mixin.py:104} INFO - [2023-10-01 00:23:19,235] {dagbag.py:451} INFO - Filling up the DagBag from /home/airflow/.local/lib/python3.6/site-packages/airflow/example_dags/example_python_operator.py
[2023-10-01 00:23:19,363] {scheduler_job.py:639} INFO - DAG(s) dict_keys(['example_python_operator']) retrieved from /home/airflow/.local/lib/python3.6/site-packages/airflow/example_dags/example_python_operator.py
[2023-10-01 00:23:19,730] {logging_mixin.py:104} INFO - [2023-10-01 00:23:19,720] {dag.py:1824} INFO - Sync 1 DAGs
[2023-10-01 00:23:20,006] {logging_mixin.py:104} INFO - [2023-10-01 00:23:20,003] {dag.py:2280} INFO - Setting next_dagrun for example_python_operator to None
[2023-10-01 00:23:20,181] {scheduler_job.py:190} INFO - Processing /home/airflow/.local/lib/python3.6/site-packages/airflow/example_dags/example_python_operator.py took 0.965 seconds
[2023-10-01 00:23:50,677] {scheduler_job.py:182} INFO - Started process (PID=746) to work on /home/airflow/.local/lib/python3.6/site-packages/airflow/example_dags/example_python_operator.py
[2023-10-01 00:23:50,683] {scheduler_job.py:629} INFO - Processing file /home/airflow/.local/lib/python3.6/site-packages/airflow/example_dags/example_python_operator.py for tasks to queue
[2023-10-01 00:23:50,687] {logging_mixin.py:104} INFO - [2023-10-01 00:23:50,686] {dagbag.py:451} INFO - Filling up the DagBag from /home/airflow/.local/lib/python3.6/site-packages/airflow/example_dags/example_python_operator.py
[2023-10-01 00:23:50,751] {scheduler_job.py:639} INFO - DAG(s) dict_keys(['example_python_operator']) retrieved from /home/airflow/.local/lib/python3.6/site-packages/airflow/example_dags/example_python_operator.py
[2023-10-01 00:23:50,839] {logging_mixin.py:104} INFO - [2023-10-01 00:23:50,838] {dag.py:1824} INFO - Sync 1 DAGs
[2023-10-01 00:23:50,910] {logging_mixin.py:104} INFO - [2023-10-01 00:23:50,909] {dag.py:2280} INFO - Setting next_dagrun for example_python_operator to None
[2023-10-01 00:23:50,954] {scheduler_job.py:190} INFO - Processing /home/airflow/.local/lib/python3.6/site-packages/airflow/example_dags/example_python_operator.py took 0.287 seconds
[2023-10-01 00:24:21,490] {scheduler_job.py:182} INFO - Started process (PID=800) to work on /home/airflow/.local/lib/python3.6/site-packages/airflow/example_dags/example_python_operator.py
[2023-10-01 00:24:21,497] {scheduler_job.py:629} INFO - Processing file /home/airflow/.local/lib/python3.6/site-packages/airflow/example_dags/example_python_operator.py for tasks to queue
[2023-10-01 00:24:21,501] {logging_mixin.py:104} INFO - [2023-10-01 00:24:21,501] {dagbag.py:451} INFO - Filling up the DagBag from /home/airflow/.local/lib/python3.6/site-packages/airflow/example_dags/example_python_operator.py
[2023-10-01 00:24:21,564] {scheduler_job.py:639} INFO - DAG(s) dict_keys(['example_python_operator']) retrieved from /home/airflow/.local/lib/python3.6/site-packages/airflow/example_dags/example_python_operator.py
[2023-10-01 00:24:21,654] {logging_mixin.py:104} INFO - [2023-10-01 00:24:21,653] {dag.py:1824} INFO - Sync 1 DAGs
[2023-10-01 00:24:21,737] {logging_mixin.py:104} INFO - [2023-10-01 00:24:21,736] {dag.py:2280} INFO - Setting next_dagrun for example_python_operator to None
[2023-10-01 00:24:21,784] {scheduler_job.py:190} INFO - Processing /home/airflow/.local/lib/python3.6/site-packages/airflow/example_dags/example_python_operator.py took 0.307 seconds
[2023-10-01 00:24:52,381] {scheduler_job.py:182} INFO - Started process (PID=854) to work on /home/airflow/.local/lib/python3.6/site-packages/airflow/example_dags/example_python_operator.py
[2023-10-01 00:24:52,442] {scheduler_job.py:629} INFO - Processing file /home/airflow/.local/lib/python3.6/site-packages/airflow/example_dags/example_python_operator.py for tasks to queue
[2023-10-01 00:24:52,451] {logging_mixin.py:104} INFO - [2023-10-01 00:24:52,449] {dagbag.py:451} INFO - Filling up the DagBag from /home/airflow/.local/lib/python3.6/site-packages/airflow/example_dags/example_python_operator.py
[2023-10-01 00:24:52,651] {scheduler_job.py:639} INFO - DAG(s) dict_keys(['example_python_operator']) retrieved from /home/airflow/.local/lib/python3.6/site-packages/airflow/example_dags/example_python_operator.py
[2023-10-01 00:24:52,829] {logging_mixin.py:104} INFO - [2023-10-01 00:24:52,828] {dag.py:1824} INFO - Sync 1 DAGs
[2023-10-01 00:24:52,946] {logging_mixin.py:104} INFO - [2023-10-01 00:24:52,945] {dag.py:2280} INFO - Setting next_dagrun for example_python_operator to None
[2023-10-01 00:24:53,001] {scheduler_job.py:190} INFO - Processing /home/airflow/.local/lib/python3.6/site-packages/airflow/example_dags/example_python_operator.py took 0.637 seconds
[2023-10-01 00:25:23,308] {scheduler_job.py:182} INFO - Started process (PID=908) to work on /home/airflow/.local/lib/python3.6/site-packages/airflow/example_dags/example_python_operator.py
[2023-10-01 00:25:23,315] {scheduler_job.py:629} INFO - Processing file /home/airflow/.local/lib/python3.6/site-packages/airflow/example_dags/example_python_operator.py for tasks to queue
[2023-10-01 00:25:23,320] {logging_mixin.py:104} INFO - [2023-10-01 00:25:23,319] {dagbag.py:451} INFO - Filling up the DagBag from /home/airflow/.local/lib/python3.6/site-packages/airflow/example_dags/example_python_operator.py
[2023-10-01 00:25:23,387] {scheduler_job.py:639} INFO - DAG(s) dict_keys(['example_python_operator']) retrieved from /home/airflow/.local/lib/python3.6/site-packages/airflow/example_dags/example_python_operator.py
[2023-10-01 00:25:23,481] {logging_mixin.py:104} INFO - [2023-10-01 00:25:23,481] {dag.py:1824} INFO - Sync 1 DAGs
[2023-10-01 00:25:23,561] {logging_mixin.py:104} INFO - [2023-10-01 00:25:23,560] {dag.py:2280} INFO - Setting next_dagrun for example_python_operator to None
[2023-10-01 00:25:23,605] {scheduler_job.py:190} INFO - Processing /home/airflow/.local/lib/python3.6/site-packages/airflow/example_dags/example_python_operator.py took 0.307 seconds
