[2023-10-01 00:05:11,149] {scheduler_job.py:182} INFO - Started process (PID=90) to work on /home/airflow/.local/lib/python3.6/site-packages/airflow/example_dags/example_trigger_controller_dag.py
[2023-10-01 00:05:11,155] {scheduler_job.py:629} INFO - Processing file /home/airflow/.local/lib/python3.6/site-packages/airflow/example_dags/example_trigger_controller_dag.py for tasks to queue
[2023-10-01 00:05:11,173] {logging_mixin.py:104} INFO - [2023-10-01 00:05:11,173] {dagbag.py:451} INFO - Filling up the DagBag from /home/airflow/.local/lib/python3.6/site-packages/airflow/example_dags/example_trigger_controller_dag.py
[2023-10-01 00:05:11,414] {scheduler_job.py:639} INFO - DAG(s) dict_keys(['example_trigger_controller_dag']) retrieved from /home/airflow/.local/lib/python3.6/site-packages/airflow/example_dags/example_trigger_controller_dag.py
[2023-10-01 00:05:11,686] {logging_mixin.py:104} INFO - [2023-10-01 00:05:11,685] {dag.py:1824} INFO - Sync 1 DAGs
[2023-10-01 00:05:11,999] {logging_mixin.py:104} INFO - [2023-10-01 00:05:11,990] {dag.py:1843} INFO - Creating ORM DAG for example_trigger_controller_dag
[2023-10-01 00:05:12,140] {logging_mixin.py:104} INFO - [2023-10-01 00:05:12,139] {dag.py:2280} INFO - Setting next_dagrun for example_trigger_controller_dag to 2023-09-29 00:00:00+00:00
[2023-10-01 00:05:12,404] {scheduler_job.py:190} INFO - Processing /home/airflow/.local/lib/python3.6/site-packages/airflow/example_dags/example_trigger_controller_dag.py took 1.318 seconds
[2023-10-01 00:05:43,111] {scheduler_job.py:182} INFO - Started process (PID=144) to work on /home/airflow/.local/lib/python3.6/site-packages/airflow/example_dags/example_trigger_controller_dag.py
[2023-10-01 00:05:43,120] {scheduler_job.py:629} INFO - Processing file /home/airflow/.local/lib/python3.6/site-packages/airflow/example_dags/example_trigger_controller_dag.py for tasks to queue
[2023-10-01 00:05:43,126] {logging_mixin.py:104} INFO - [2023-10-01 00:05:43,125] {dagbag.py:451} INFO - Filling up the DagBag from /home/airflow/.local/lib/python3.6/site-packages/airflow/example_dags/example_trigger_controller_dag.py
[2023-10-01 00:05:43,185] {scheduler_job.py:639} INFO - DAG(s) dict_keys(['example_trigger_controller_dag']) retrieved from /home/airflow/.local/lib/python3.6/site-packages/airflow/example_dags/example_trigger_controller_dag.py
[2023-10-01 00:05:43,278] {logging_mixin.py:104} INFO - [2023-10-01 00:05:43,277] {dag.py:1824} INFO - Sync 1 DAGs
[2023-10-01 00:05:43,428] {logging_mixin.py:104} INFO - [2023-10-01 00:05:43,426] {dag.py:2280} INFO - Setting next_dagrun for example_trigger_controller_dag to 2023-09-29 00:00:00+00:00
[2023-10-01 00:05:43,522] {scheduler_job.py:190} INFO - Processing /home/airflow/.local/lib/python3.6/site-packages/airflow/example_dags/example_trigger_controller_dag.py took 0.422 seconds
[2023-10-01 00:06:13,952] {scheduler_job.py:182} INFO - Started process (PID=198) to work on /home/airflow/.local/lib/python3.6/site-packages/airflow/example_dags/example_trigger_controller_dag.py
[2023-10-01 00:06:13,959] {scheduler_job.py:629} INFO - Processing file /home/airflow/.local/lib/python3.6/site-packages/airflow/example_dags/example_trigger_controller_dag.py for tasks to queue
[2023-10-01 00:06:13,963] {logging_mixin.py:104} INFO - [2023-10-01 00:06:13,963] {dagbag.py:451} INFO - Filling up the DagBag from /home/airflow/.local/lib/python3.6/site-packages/airflow/example_dags/example_trigger_controller_dag.py
[2023-10-01 00:06:14,017] {scheduler_job.py:639} INFO - DAG(s) dict_keys(['example_trigger_controller_dag']) retrieved from /home/airflow/.local/lib/python3.6/site-packages/airflow/example_dags/example_trigger_controller_dag.py
[2023-10-01 00:06:14,089] {logging_mixin.py:104} INFO - [2023-10-01 00:06:14,088] {dag.py:1824} INFO - Sync 1 DAGs
[2023-10-01 00:06:14,177] {logging_mixin.py:104} INFO - [2023-10-01 00:06:14,176] {dag.py:2280} INFO - Setting next_dagrun for example_trigger_controller_dag to 2023-09-29 00:00:00+00:00
[2023-10-01 00:06:14,218] {scheduler_job.py:190} INFO - Processing /home/airflow/.local/lib/python3.6/site-packages/airflow/example_dags/example_trigger_controller_dag.py took 0.276 seconds
[2023-10-01 00:06:44,496] {scheduler_job.py:182} INFO - Started process (PID=252) to work on /home/airflow/.local/lib/python3.6/site-packages/airflow/example_dags/example_trigger_controller_dag.py
[2023-10-01 00:06:44,507] {scheduler_job.py:629} INFO - Processing file /home/airflow/.local/lib/python3.6/site-packages/airflow/example_dags/example_trigger_controller_dag.py for tasks to queue
[2023-10-01 00:06:44,522] {logging_mixin.py:104} INFO - [2023-10-01 00:06:44,521] {dagbag.py:451} INFO - Filling up the DagBag from /home/airflow/.local/lib/python3.6/site-packages/airflow/example_dags/example_trigger_controller_dag.py
[2023-10-01 00:06:44,654] {scheduler_job.py:639} INFO - DAG(s) dict_keys(['example_trigger_controller_dag']) retrieved from /home/airflow/.local/lib/python3.6/site-packages/airflow/example_dags/example_trigger_controller_dag.py
[2023-10-01 00:06:44,849] {logging_mixin.py:104} INFO - [2023-10-01 00:06:44,848] {dag.py:1824} INFO - Sync 1 DAGs
[2023-10-01 00:06:45,009] {logging_mixin.py:104} INFO - [2023-10-01 00:06:45,008] {dag.py:2280} INFO - Setting next_dagrun for example_trigger_controller_dag to 2023-09-29 00:00:00+00:00
[2023-10-01 00:06:45,101] {scheduler_job.py:190} INFO - Processing /home/airflow/.local/lib/python3.6/site-packages/airflow/example_dags/example_trigger_controller_dag.py took 0.625 seconds
[2023-10-01 00:07:15,905] {scheduler_job.py:182} INFO - Started process (PID=304) to work on /home/airflow/.local/lib/python3.6/site-packages/airflow/example_dags/example_trigger_controller_dag.py
[2023-10-01 00:07:15,924] {scheduler_job.py:629} INFO - Processing file /home/airflow/.local/lib/python3.6/site-packages/airflow/example_dags/example_trigger_controller_dag.py for tasks to queue
[2023-10-01 00:07:15,935] {logging_mixin.py:104} INFO - [2023-10-01 00:07:15,934] {dagbag.py:451} INFO - Filling up the DagBag from /home/airflow/.local/lib/python3.6/site-packages/airflow/example_dags/example_trigger_controller_dag.py
[2023-10-01 00:07:16,156] {scheduler_job.py:639} INFO - DAG(s) dict_keys(['example_trigger_controller_dag']) retrieved from /home/airflow/.local/lib/python3.6/site-packages/airflow/example_dags/example_trigger_controller_dag.py
[2023-10-01 00:07:16,331] {logging_mixin.py:104} INFO - [2023-10-01 00:07:16,330] {dag.py:1824} INFO - Sync 1 DAGs
[2023-10-01 00:07:16,544] {logging_mixin.py:104} INFO - [2023-10-01 00:07:16,542] {dag.py:2280} INFO - Setting next_dagrun for example_trigger_controller_dag to 2023-09-29 00:00:00+00:00
[2023-10-01 00:07:16,700] {scheduler_job.py:190} INFO - Processing /home/airflow/.local/lib/python3.6/site-packages/airflow/example_dags/example_trigger_controller_dag.py took 0.810 seconds
[2023-10-01 00:07:46,815] {scheduler_job.py:182} INFO - Started process (PID=358) to work on /home/airflow/.local/lib/python3.6/site-packages/airflow/example_dags/example_trigger_controller_dag.py
[2023-10-01 00:07:46,826] {scheduler_job.py:629} INFO - Processing file /home/airflow/.local/lib/python3.6/site-packages/airflow/example_dags/example_trigger_controller_dag.py for tasks to queue
[2023-10-01 00:07:46,833] {logging_mixin.py:104} INFO - [2023-10-01 00:07:46,831] {dagbag.py:451} INFO - Filling up the DagBag from /home/airflow/.local/lib/python3.6/site-packages/airflow/example_dags/example_trigger_controller_dag.py
[2023-10-01 00:07:46,893] {scheduler_job.py:639} INFO - DAG(s) dict_keys(['example_trigger_controller_dag']) retrieved from /home/airflow/.local/lib/python3.6/site-packages/airflow/example_dags/example_trigger_controller_dag.py
[2023-10-01 00:07:46,982] {logging_mixin.py:104} INFO - [2023-10-01 00:07:46,981] {dag.py:1824} INFO - Sync 1 DAGs
[2023-10-01 00:07:47,094] {logging_mixin.py:104} INFO - [2023-10-01 00:07:47,093] {dag.py:2280} INFO - Setting next_dagrun for example_trigger_controller_dag to 2023-09-29 00:00:00+00:00
[2023-10-01 00:07:47,139] {scheduler_job.py:190} INFO - Processing /home/airflow/.local/lib/python3.6/site-packages/airflow/example_dags/example_trigger_controller_dag.py took 0.338 seconds
[2023-10-01 00:08:17,323] {scheduler_job.py:182} INFO - Started process (PID=410) to work on /home/airflow/.local/lib/python3.6/site-packages/airflow/example_dags/example_trigger_controller_dag.py
[2023-10-01 00:08:17,331] {scheduler_job.py:629} INFO - Processing file /home/airflow/.local/lib/python3.6/site-packages/airflow/example_dags/example_trigger_controller_dag.py for tasks to queue
[2023-10-01 00:08:17,336] {logging_mixin.py:104} INFO - [2023-10-01 00:08:17,335] {dagbag.py:451} INFO - Filling up the DagBag from /home/airflow/.local/lib/python3.6/site-packages/airflow/example_dags/example_trigger_controller_dag.py
[2023-10-01 00:08:17,409] {scheduler_job.py:639} INFO - DAG(s) dict_keys(['example_trigger_controller_dag']) retrieved from /home/airflow/.local/lib/python3.6/site-packages/airflow/example_dags/example_trigger_controller_dag.py
[2023-10-01 00:08:17,561] {logging_mixin.py:104} INFO - [2023-10-01 00:08:17,561] {dag.py:1824} INFO - Sync 1 DAGs
[2023-10-01 00:08:17,642] {logging_mixin.py:104} INFO - [2023-10-01 00:08:17,641] {dag.py:2280} INFO - Setting next_dagrun for example_trigger_controller_dag to 2023-09-29 00:00:00+00:00
[2023-10-01 00:08:17,687] {scheduler_job.py:190} INFO - Processing /home/airflow/.local/lib/python3.6/site-packages/airflow/example_dags/example_trigger_controller_dag.py took 0.376 seconds
[2023-10-01 00:08:47,788] {scheduler_job.py:182} INFO - Started process (PID=462) to work on /home/airflow/.local/lib/python3.6/site-packages/airflow/example_dags/example_trigger_controller_dag.py
[2023-10-01 00:08:47,794] {scheduler_job.py:629} INFO - Processing file /home/airflow/.local/lib/python3.6/site-packages/airflow/example_dags/example_trigger_controller_dag.py for tasks to queue
[2023-10-01 00:08:47,798] {logging_mixin.py:104} INFO - [2023-10-01 00:08:47,797] {dagbag.py:451} INFO - Filling up the DagBag from /home/airflow/.local/lib/python3.6/site-packages/airflow/example_dags/example_trigger_controller_dag.py
[2023-10-01 00:08:47,853] {scheduler_job.py:639} INFO - DAG(s) dict_keys(['example_trigger_controller_dag']) retrieved from /home/airflow/.local/lib/python3.6/site-packages/airflow/example_dags/example_trigger_controller_dag.py
[2023-10-01 00:08:47,933] {logging_mixin.py:104} INFO - [2023-10-01 00:08:47,933] {dag.py:1824} INFO - Sync 1 DAGs
[2023-10-01 00:08:48,011] {logging_mixin.py:104} INFO - [2023-10-01 00:08:48,010] {dag.py:2280} INFO - Setting next_dagrun for example_trigger_controller_dag to 2023-09-29 00:00:00+00:00
[2023-10-01 00:08:48,051] {scheduler_job.py:190} INFO - Processing /home/airflow/.local/lib/python3.6/site-packages/airflow/example_dags/example_trigger_controller_dag.py took 0.273 seconds
[2023-10-01 00:09:18,529] {scheduler_job.py:182} INFO - Started process (PID=516) to work on /home/airflow/.local/lib/python3.6/site-packages/airflow/example_dags/example_trigger_controller_dag.py
[2023-10-01 00:09:18,547] {scheduler_job.py:629} INFO - Processing file /home/airflow/.local/lib/python3.6/site-packages/airflow/example_dags/example_trigger_controller_dag.py for tasks to queue
[2023-10-01 00:09:18,559] {logging_mixin.py:104} INFO - [2023-10-01 00:09:18,558] {dagbag.py:451} INFO - Filling up the DagBag from /home/airflow/.local/lib/python3.6/site-packages/airflow/example_dags/example_trigger_controller_dag.py
[2023-10-01 00:09:18,777] {scheduler_job.py:639} INFO - DAG(s) dict_keys(['example_trigger_controller_dag']) retrieved from /home/airflow/.local/lib/python3.6/site-packages/airflow/example_dags/example_trigger_controller_dag.py
[2023-10-01 00:09:19,300] {logging_mixin.py:104} INFO - [2023-10-01 00:09:19,290] {dag.py:1824} INFO - Sync 1 DAGs
[2023-10-01 00:09:19,568] {logging_mixin.py:104} INFO - [2023-10-01 00:09:19,566] {dag.py:2280} INFO - Setting next_dagrun for example_trigger_controller_dag to 2023-09-29 00:00:00+00:00
[2023-10-01 00:09:19,677] {scheduler_job.py:190} INFO - Processing /home/airflow/.local/lib/python3.6/site-packages/airflow/example_dags/example_trigger_controller_dag.py took 1.221 seconds
[2023-10-01 00:09:49,817] {scheduler_job.py:182} INFO - Started process (PID=570) to work on /home/airflow/.local/lib/python3.6/site-packages/airflow/example_dags/example_trigger_controller_dag.py
[2023-10-01 00:09:49,823] {scheduler_job.py:629} INFO - Processing file /home/airflow/.local/lib/python3.6/site-packages/airflow/example_dags/example_trigger_controller_dag.py for tasks to queue
[2023-10-01 00:09:49,827] {logging_mixin.py:104} INFO - [2023-10-01 00:09:49,827] {dagbag.py:451} INFO - Filling up the DagBag from /home/airflow/.local/lib/python3.6/site-packages/airflow/example_dags/example_trigger_controller_dag.py
[2023-10-01 00:09:49,871] {scheduler_job.py:639} INFO - DAG(s) dict_keys(['example_trigger_controller_dag']) retrieved from /home/airflow/.local/lib/python3.6/site-packages/airflow/example_dags/example_trigger_controller_dag.py
[2023-10-01 00:09:49,945] {logging_mixin.py:104} INFO - [2023-10-01 00:09:49,944] {dag.py:1824} INFO - Sync 1 DAGs
[2023-10-01 00:09:50,015] {logging_mixin.py:104} INFO - [2023-10-01 00:09:50,015] {dag.py:2280} INFO - Setting next_dagrun for example_trigger_controller_dag to 2023-09-29 00:00:00+00:00
[2023-10-01 00:09:50,052] {scheduler_job.py:190} INFO - Processing /home/airflow/.local/lib/python3.6/site-packages/airflow/example_dags/example_trigger_controller_dag.py took 0.245 seconds
[2023-10-01 00:10:20,927] {scheduler_job.py:182} INFO - Started process (PID=626) to work on /home/airflow/.local/lib/python3.6/site-packages/airflow/example_dags/example_trigger_controller_dag.py
[2023-10-01 00:10:20,932] {scheduler_job.py:629} INFO - Processing file /home/airflow/.local/lib/python3.6/site-packages/airflow/example_dags/example_trigger_controller_dag.py for tasks to queue
[2023-10-01 00:10:20,935] {logging_mixin.py:104} INFO - [2023-10-01 00:10:20,935] {dagbag.py:451} INFO - Filling up the DagBag from /home/airflow/.local/lib/python3.6/site-packages/airflow/example_dags/example_trigger_controller_dag.py
[2023-10-01 00:10:20,991] {scheduler_job.py:639} INFO - DAG(s) dict_keys(['example_trigger_controller_dag']) retrieved from /home/airflow/.local/lib/python3.6/site-packages/airflow/example_dags/example_trigger_controller_dag.py
[2023-10-01 00:10:21,059] {logging_mixin.py:104} INFO - [2023-10-01 00:10:21,059] {dag.py:1824} INFO - Sync 1 DAGs
[2023-10-01 00:10:21,126] {logging_mixin.py:104} INFO - [2023-10-01 00:10:21,125] {dag.py:2280} INFO - Setting next_dagrun for example_trigger_controller_dag to 2023-09-29 00:00:00+00:00
[2023-10-01 00:10:21,163] {scheduler_job.py:190} INFO - Processing /home/airflow/.local/lib/python3.6/site-packages/airflow/example_dags/example_trigger_controller_dag.py took 0.245 seconds
[2023-10-01 00:10:51,306] {scheduler_job.py:182} INFO - Started process (PID=678) to work on /home/airflow/.local/lib/python3.6/site-packages/airflow/example_dags/example_trigger_controller_dag.py
[2023-10-01 00:10:51,318] {scheduler_job.py:629} INFO - Processing file /home/airflow/.local/lib/python3.6/site-packages/airflow/example_dags/example_trigger_controller_dag.py for tasks to queue
[2023-10-01 00:10:51,324] {logging_mixin.py:104} INFO - [2023-10-01 00:10:51,323] {dagbag.py:451} INFO - Filling up the DagBag from /home/airflow/.local/lib/python3.6/site-packages/airflow/example_dags/example_trigger_controller_dag.py
[2023-10-01 00:10:51,395] {scheduler_job.py:639} INFO - DAG(s) dict_keys(['example_trigger_controller_dag']) retrieved from /home/airflow/.local/lib/python3.6/site-packages/airflow/example_dags/example_trigger_controller_dag.py
[2023-10-01 00:10:51,516] {logging_mixin.py:104} INFO - [2023-10-01 00:10:51,515] {dag.py:1824} INFO - Sync 1 DAGs
[2023-10-01 00:10:51,614] {logging_mixin.py:104} INFO - [2023-10-01 00:10:51,613] {dag.py:2280} INFO - Setting next_dagrun for example_trigger_controller_dag to 2023-09-29 00:00:00+00:00
[2023-10-01 00:10:51,678] {scheduler_job.py:190} INFO - Processing /home/airflow/.local/lib/python3.6/site-packages/airflow/example_dags/example_trigger_controller_dag.py took 0.384 seconds
[2023-10-01 00:11:21,823] {scheduler_job.py:182} INFO - Started process (PID=732) to work on /home/airflow/.local/lib/python3.6/site-packages/airflow/example_dags/example_trigger_controller_dag.py
[2023-10-01 00:11:21,830] {scheduler_job.py:629} INFO - Processing file /home/airflow/.local/lib/python3.6/site-packages/airflow/example_dags/example_trigger_controller_dag.py for tasks to queue
[2023-10-01 00:11:21,834] {logging_mixin.py:104} INFO - [2023-10-01 00:11:21,833] {dagbag.py:451} INFO - Filling up the DagBag from /home/airflow/.local/lib/python3.6/site-packages/airflow/example_dags/example_trigger_controller_dag.py
[2023-10-01 00:11:21,885] {scheduler_job.py:639} INFO - DAG(s) dict_keys(['example_trigger_controller_dag']) retrieved from /home/airflow/.local/lib/python3.6/site-packages/airflow/example_dags/example_trigger_controller_dag.py
[2023-10-01 00:11:21,951] {logging_mixin.py:104} INFO - [2023-10-01 00:11:21,950] {dag.py:1824} INFO - Sync 1 DAGs
[2023-10-01 00:11:22,015] {logging_mixin.py:104} INFO - [2023-10-01 00:11:22,014] {dag.py:2280} INFO - Setting next_dagrun for example_trigger_controller_dag to 2023-09-29 00:00:00+00:00
[2023-10-01 00:11:22,052] {scheduler_job.py:190} INFO - Processing /home/airflow/.local/lib/python3.6/site-packages/airflow/example_dags/example_trigger_controller_dag.py took 0.238 seconds
[2023-10-01 00:12:39,554] {scheduler_job.py:182} INFO - Started process (PID=99) to work on /home/airflow/.local/lib/python3.6/site-packages/airflow/example_dags/example_trigger_controller_dag.py
[2023-10-01 00:12:39,581] {scheduler_job.py:629} INFO - Processing file /home/airflow/.local/lib/python3.6/site-packages/airflow/example_dags/example_trigger_controller_dag.py for tasks to queue
[2023-10-01 00:12:39,591] {logging_mixin.py:104} INFO - [2023-10-01 00:12:39,590] {dagbag.py:451} INFO - Filling up the DagBag from /home/airflow/.local/lib/python3.6/site-packages/airflow/example_dags/example_trigger_controller_dag.py
[2023-10-01 00:12:39,952] {scheduler_job.py:639} INFO - DAG(s) dict_keys(['example_trigger_controller_dag']) retrieved from /home/airflow/.local/lib/python3.6/site-packages/airflow/example_dags/example_trigger_controller_dag.py
[2023-10-01 00:12:40,348] {logging_mixin.py:104} INFO - [2023-10-01 00:12:40,343] {dag.py:1824} INFO - Sync 1 DAGs
[2023-10-01 00:12:40,631] {logging_mixin.py:104} INFO - [2023-10-01 00:12:40,627] {dag.py:2280} INFO - Setting next_dagrun for example_trigger_controller_dag to 2023-09-29 00:00:00+00:00
[2023-10-01 00:12:40,798] {scheduler_job.py:190} INFO - Processing /home/airflow/.local/lib/python3.6/site-packages/airflow/example_dags/example_trigger_controller_dag.py took 1.304 seconds
[2023-10-01 00:13:11,771] {scheduler_job.py:182} INFO - Started process (PID=155) to work on /home/airflow/.local/lib/python3.6/site-packages/airflow/example_dags/example_trigger_controller_dag.py
[2023-10-01 00:13:11,795] {scheduler_job.py:629} INFO - Processing file /home/airflow/.local/lib/python3.6/site-packages/airflow/example_dags/example_trigger_controller_dag.py for tasks to queue
[2023-10-01 00:13:11,813] {logging_mixin.py:104} INFO - [2023-10-01 00:13:11,812] {dagbag.py:451} INFO - Filling up the DagBag from /home/airflow/.local/lib/python3.6/site-packages/airflow/example_dags/example_trigger_controller_dag.py
[2023-10-01 00:13:12,150] {scheduler_job.py:639} INFO - DAG(s) dict_keys(['example_trigger_controller_dag']) retrieved from /home/airflow/.local/lib/python3.6/site-packages/airflow/example_dags/example_trigger_controller_dag.py
[2023-10-01 00:13:12,395] {logging_mixin.py:104} INFO - [2023-10-01 00:13:12,394] {dag.py:1824} INFO - Sync 1 DAGs
[2023-10-01 00:13:12,654] {logging_mixin.py:104} INFO - [2023-10-01 00:13:12,653] {dag.py:2280} INFO - Setting next_dagrun for example_trigger_controller_dag to 2023-09-29 00:00:00+00:00
[2023-10-01 00:13:12,799] {scheduler_job.py:190} INFO - Processing /home/airflow/.local/lib/python3.6/site-packages/airflow/example_dags/example_trigger_controller_dag.py took 1.087 seconds
[2023-10-01 00:13:43,252] {scheduler_job.py:182} INFO - Started process (PID=207) to work on /home/airflow/.local/lib/python3.6/site-packages/airflow/example_dags/example_trigger_controller_dag.py
[2023-10-01 00:13:43,274] {scheduler_job.py:629} INFO - Processing file /home/airflow/.local/lib/python3.6/site-packages/airflow/example_dags/example_trigger_controller_dag.py for tasks to queue
[2023-10-01 00:13:43,293] {logging_mixin.py:104} INFO - [2023-10-01 00:13:43,292] {dagbag.py:451} INFO - Filling up the DagBag from /home/airflow/.local/lib/python3.6/site-packages/airflow/example_dags/example_trigger_controller_dag.py
[2023-10-01 00:13:43,494] {scheduler_job.py:639} INFO - DAG(s) dict_keys(['example_trigger_controller_dag']) retrieved from /home/airflow/.local/lib/python3.6/site-packages/airflow/example_dags/example_trigger_controller_dag.py
[2023-10-01 00:13:43,731] {logging_mixin.py:104} INFO - [2023-10-01 00:13:43,730] {dag.py:1824} INFO - Sync 1 DAGs
[2023-10-01 00:13:43,947] {logging_mixin.py:104} INFO - [2023-10-01 00:13:43,946] {dag.py:2280} INFO - Setting next_dagrun for example_trigger_controller_dag to 2023-09-29 00:00:00+00:00
[2023-10-01 00:13:44,109] {scheduler_job.py:190} INFO - Processing /home/airflow/.local/lib/python3.6/site-packages/airflow/example_dags/example_trigger_controller_dag.py took 0.906 seconds
[2023-10-01 00:14:14,391] {scheduler_job.py:182} INFO - Started process (PID=261) to work on /home/airflow/.local/lib/python3.6/site-packages/airflow/example_dags/example_trigger_controller_dag.py
[2023-10-01 00:14:14,406] {scheduler_job.py:629} INFO - Processing file /home/airflow/.local/lib/python3.6/site-packages/airflow/example_dags/example_trigger_controller_dag.py for tasks to queue
[2023-10-01 00:14:14,412] {logging_mixin.py:104} INFO - [2023-10-01 00:14:14,411] {dagbag.py:451} INFO - Filling up the DagBag from /home/airflow/.local/lib/python3.6/site-packages/airflow/example_dags/example_trigger_controller_dag.py
[2023-10-01 00:14:14,486] {scheduler_job.py:639} INFO - DAG(s) dict_keys(['example_trigger_controller_dag']) retrieved from /home/airflow/.local/lib/python3.6/site-packages/airflow/example_dags/example_trigger_controller_dag.py
[2023-10-01 00:14:14,589] {logging_mixin.py:104} INFO - [2023-10-01 00:14:14,588] {dag.py:1824} INFO - Sync 1 DAGs
[2023-10-01 00:14:14,707] {logging_mixin.py:104} INFO - [2023-10-01 00:14:14,706] {dag.py:2280} INFO - Setting next_dagrun for example_trigger_controller_dag to 2023-09-29 00:00:00+00:00
[2023-10-01 00:14:14,825] {scheduler_job.py:190} INFO - Processing /home/airflow/.local/lib/python3.6/site-packages/airflow/example_dags/example_trigger_controller_dag.py took 0.446 seconds
[2023-10-01 00:14:45,081] {scheduler_job.py:182} INFO - Started process (PID=315) to work on /home/airflow/.local/lib/python3.6/site-packages/airflow/example_dags/example_trigger_controller_dag.py
[2023-10-01 00:14:45,093] {scheduler_job.py:629} INFO - Processing file /home/airflow/.local/lib/python3.6/site-packages/airflow/example_dags/example_trigger_controller_dag.py for tasks to queue
[2023-10-01 00:14:45,100] {logging_mixin.py:104} INFO - [2023-10-01 00:14:45,099] {dagbag.py:451} INFO - Filling up the DagBag from /home/airflow/.local/lib/python3.6/site-packages/airflow/example_dags/example_trigger_controller_dag.py
[2023-10-01 00:14:45,192] {scheduler_job.py:639} INFO - DAG(s) dict_keys(['example_trigger_controller_dag']) retrieved from /home/airflow/.local/lib/python3.6/site-packages/airflow/example_dags/example_trigger_controller_dag.py
[2023-10-01 00:14:45,317] {logging_mixin.py:104} INFO - [2023-10-01 00:14:45,316] {dag.py:1824} INFO - Sync 1 DAGs
[2023-10-01 00:14:45,455] {logging_mixin.py:104} INFO - [2023-10-01 00:14:45,454] {dag.py:2280} INFO - Setting next_dagrun for example_trigger_controller_dag to 2023-09-29 00:00:00+00:00
[2023-10-01 00:14:45,536] {scheduler_job.py:190} INFO - Processing /home/airflow/.local/lib/python3.6/site-packages/airflow/example_dags/example_trigger_controller_dag.py took 0.477 seconds
[2023-10-01 00:15:15,694] {scheduler_job.py:182} INFO - Started process (PID=369) to work on /home/airflow/.local/lib/python3.6/site-packages/airflow/example_dags/example_trigger_controller_dag.py
[2023-10-01 00:15:15,703] {scheduler_job.py:629} INFO - Processing file /home/airflow/.local/lib/python3.6/site-packages/airflow/example_dags/example_trigger_controller_dag.py for tasks to queue
[2023-10-01 00:15:15,710] {logging_mixin.py:104} INFO - [2023-10-01 00:15:15,709] {dagbag.py:451} INFO - Filling up the DagBag from /home/airflow/.local/lib/python3.6/site-packages/airflow/example_dags/example_trigger_controller_dag.py
[2023-10-01 00:15:15,788] {scheduler_job.py:639} INFO - DAG(s) dict_keys(['example_trigger_controller_dag']) retrieved from /home/airflow/.local/lib/python3.6/site-packages/airflow/example_dags/example_trigger_controller_dag.py
[2023-10-01 00:15:15,896] {logging_mixin.py:104} INFO - [2023-10-01 00:15:15,895] {dag.py:1824} INFO - Sync 1 DAGs
[2023-10-01 00:15:16,017] {logging_mixin.py:104} INFO - [2023-10-01 00:15:16,015] {dag.py:2280} INFO - Setting next_dagrun for example_trigger_controller_dag to 2023-09-29 00:00:00+00:00
[2023-10-01 00:15:16,110] {scheduler_job.py:190} INFO - Processing /home/airflow/.local/lib/python3.6/site-packages/airflow/example_dags/example_trigger_controller_dag.py took 0.436 seconds
[2023-10-01 00:15:46,557] {scheduler_job.py:182} INFO - Started process (PID=423) to work on /home/airflow/.local/lib/python3.6/site-packages/airflow/example_dags/example_trigger_controller_dag.py
[2023-10-01 00:15:46,563] {scheduler_job.py:629} INFO - Processing file /home/airflow/.local/lib/python3.6/site-packages/airflow/example_dags/example_trigger_controller_dag.py for tasks to queue
[2023-10-01 00:15:46,569] {logging_mixin.py:104} INFO - [2023-10-01 00:15:46,568] {dagbag.py:451} INFO - Filling up the DagBag from /home/airflow/.local/lib/python3.6/site-packages/airflow/example_dags/example_trigger_controller_dag.py
[2023-10-01 00:15:46,629] {scheduler_job.py:639} INFO - DAG(s) dict_keys(['example_trigger_controller_dag']) retrieved from /home/airflow/.local/lib/python3.6/site-packages/airflow/example_dags/example_trigger_controller_dag.py
[2023-10-01 00:15:46,707] {logging_mixin.py:104} INFO - [2023-10-01 00:15:46,706] {dag.py:1824} INFO - Sync 1 DAGs
[2023-10-01 00:15:46,781] {logging_mixin.py:104} INFO - [2023-10-01 00:15:46,780] {dag.py:2280} INFO - Setting next_dagrun for example_trigger_controller_dag to 2023-09-29 00:00:00+00:00
[2023-10-01 00:15:46,817] {scheduler_job.py:190} INFO - Processing /home/airflow/.local/lib/python3.6/site-packages/airflow/example_dags/example_trigger_controller_dag.py took 0.270 seconds
[2023-10-01 00:16:17,111] {scheduler_job.py:182} INFO - Started process (PID=473) to work on /home/airflow/.local/lib/python3.6/site-packages/airflow/example_dags/example_trigger_controller_dag.py
[2023-10-01 00:16:17,117] {scheduler_job.py:629} INFO - Processing file /home/airflow/.local/lib/python3.6/site-packages/airflow/example_dags/example_trigger_controller_dag.py for tasks to queue
[2023-10-01 00:16:17,120] {logging_mixin.py:104} INFO - [2023-10-01 00:16:17,120] {dagbag.py:451} INFO - Filling up the DagBag from /home/airflow/.local/lib/python3.6/site-packages/airflow/example_dags/example_trigger_controller_dag.py
[2023-10-01 00:16:17,165] {scheduler_job.py:639} INFO - DAG(s) dict_keys(['example_trigger_controller_dag']) retrieved from /home/airflow/.local/lib/python3.6/site-packages/airflow/example_dags/example_trigger_controller_dag.py
[2023-10-01 00:16:17,232] {logging_mixin.py:104} INFO - [2023-10-01 00:16:17,232] {dag.py:1824} INFO - Sync 1 DAGs
[2023-10-01 00:16:17,298] {logging_mixin.py:104} INFO - [2023-10-01 00:16:17,297] {dag.py:2280} INFO - Setting next_dagrun for example_trigger_controller_dag to 2023-09-29 00:00:00+00:00
[2023-10-01 00:16:17,332] {scheduler_job.py:190} INFO - Processing /home/airflow/.local/lib/python3.6/site-packages/airflow/example_dags/example_trigger_controller_dag.py took 0.233 seconds
[2023-10-01 00:17:27,592] {scheduler_job.py:182} INFO - Started process (PID=80) to work on /home/airflow/.local/lib/python3.6/site-packages/airflow/example_dags/example_trigger_controller_dag.py
[2023-10-01 00:17:27,613] {scheduler_job.py:629} INFO - Processing file /home/airflow/.local/lib/python3.6/site-packages/airflow/example_dags/example_trigger_controller_dag.py for tasks to queue
[2023-10-01 00:17:27,622] {logging_mixin.py:104} INFO - [2023-10-01 00:17:27,620] {dagbag.py:451} INFO - Filling up the DagBag from /home/airflow/.local/lib/python3.6/site-packages/airflow/example_dags/example_trigger_controller_dag.py
[2023-10-01 00:17:27,774] {scheduler_job.py:639} INFO - DAG(s) dict_keys(['example_trigger_controller_dag']) retrieved from /home/airflow/.local/lib/python3.6/site-packages/airflow/example_dags/example_trigger_controller_dag.py
[2023-10-01 00:17:27,882] {logging_mixin.py:104} INFO - [2023-10-01 00:17:27,881] {dag.py:1824} INFO - Sync 1 DAGs
[2023-10-01 00:17:28,126] {logging_mixin.py:104} INFO - [2023-10-01 00:17:28,119] {dag.py:2280} INFO - Setting next_dagrun for example_trigger_controller_dag to 2023-09-29 00:00:00+00:00
[2023-10-01 00:17:28,276] {scheduler_job.py:190} INFO - Processing /home/airflow/.local/lib/python3.6/site-packages/airflow/example_dags/example_trigger_controller_dag.py took 0.711 seconds
[2023-10-01 00:17:58,805] {scheduler_job.py:182} INFO - Started process (PID=134) to work on /home/airflow/.local/lib/python3.6/site-packages/airflow/example_dags/example_trigger_controller_dag.py
[2023-10-01 00:17:58,821] {scheduler_job.py:629} INFO - Processing file /home/airflow/.local/lib/python3.6/site-packages/airflow/example_dags/example_trigger_controller_dag.py for tasks to queue
[2023-10-01 00:17:58,828] {logging_mixin.py:104} INFO - [2023-10-01 00:17:58,828] {dagbag.py:451} INFO - Filling up the DagBag from /home/airflow/.local/lib/python3.6/site-packages/airflow/example_dags/example_trigger_controller_dag.py
[2023-10-01 00:17:58,934] {scheduler_job.py:639} INFO - DAG(s) dict_keys(['example_trigger_controller_dag']) retrieved from /home/airflow/.local/lib/python3.6/site-packages/airflow/example_dags/example_trigger_controller_dag.py
[2023-10-01 00:17:59,025] {logging_mixin.py:104} INFO - [2023-10-01 00:17:59,025] {dag.py:1824} INFO - Sync 1 DAGs
[2023-10-01 00:17:59,113] {logging_mixin.py:104} INFO - [2023-10-01 00:17:59,112] {dag.py:2280} INFO - Setting next_dagrun for example_trigger_controller_dag to 2023-09-29 00:00:00+00:00
[2023-10-01 00:17:59,160] {scheduler_job.py:190} INFO - Processing /home/airflow/.local/lib/python3.6/site-packages/airflow/example_dags/example_trigger_controller_dag.py took 0.378 seconds
[2023-10-01 00:18:29,771] {scheduler_job.py:182} INFO - Started process (PID=188) to work on /home/airflow/.local/lib/python3.6/site-packages/airflow/example_dags/example_trigger_controller_dag.py
[2023-10-01 00:18:29,788] {scheduler_job.py:629} INFO - Processing file /home/airflow/.local/lib/python3.6/site-packages/airflow/example_dags/example_trigger_controller_dag.py for tasks to queue
[2023-10-01 00:18:29,793] {logging_mixin.py:104} INFO - [2023-10-01 00:18:29,792] {dagbag.py:451} INFO - Filling up the DagBag from /home/airflow/.local/lib/python3.6/site-packages/airflow/example_dags/example_trigger_controller_dag.py
[2023-10-01 00:18:29,920] {scheduler_job.py:639} INFO - DAG(s) dict_keys(['example_trigger_controller_dag']) retrieved from /home/airflow/.local/lib/python3.6/site-packages/airflow/example_dags/example_trigger_controller_dag.py
[2023-10-01 00:18:30,013] {logging_mixin.py:104} INFO - [2023-10-01 00:18:30,012] {dag.py:1824} INFO - Sync 1 DAGs
[2023-10-01 00:18:30,105] {logging_mixin.py:104} INFO - [2023-10-01 00:18:30,103] {dag.py:2280} INFO - Setting next_dagrun for example_trigger_controller_dag to 2023-09-29 00:00:00+00:00
[2023-10-01 00:18:30,158] {scheduler_job.py:190} INFO - Processing /home/airflow/.local/lib/python3.6/site-packages/airflow/example_dags/example_trigger_controller_dag.py took 0.407 seconds
[2023-10-01 00:19:01,091] {scheduler_job.py:182} INFO - Started process (PID=242) to work on /home/airflow/.local/lib/python3.6/site-packages/airflow/example_dags/example_trigger_controller_dag.py
[2023-10-01 00:19:01,150] {scheduler_job.py:629} INFO - Processing file /home/airflow/.local/lib/python3.6/site-packages/airflow/example_dags/example_trigger_controller_dag.py for tasks to queue
[2023-10-01 00:19:01,164] {logging_mixin.py:104} INFO - [2023-10-01 00:19:01,163] {dagbag.py:451} INFO - Filling up the DagBag from /home/airflow/.local/lib/python3.6/site-packages/airflow/example_dags/example_trigger_controller_dag.py
[2023-10-01 00:19:01,404] {scheduler_job.py:639} INFO - DAG(s) dict_keys(['example_trigger_controller_dag']) retrieved from /home/airflow/.local/lib/python3.6/site-packages/airflow/example_dags/example_trigger_controller_dag.py
[2023-10-01 00:19:01,620] {logging_mixin.py:104} INFO - [2023-10-01 00:19:01,619] {dag.py:1824} INFO - Sync 1 DAGs
[2023-10-01 00:19:01,850] {logging_mixin.py:104} INFO - [2023-10-01 00:19:01,849] {dag.py:2280} INFO - Setting next_dagrun for example_trigger_controller_dag to 2023-09-29 00:00:00+00:00
[2023-10-01 00:19:01,991] {scheduler_job.py:190} INFO - Processing /home/airflow/.local/lib/python3.6/site-packages/airflow/example_dags/example_trigger_controller_dag.py took 0.954 seconds
[2023-10-01 00:19:32,262] {scheduler_job.py:182} INFO - Started process (PID=296) to work on /home/airflow/.local/lib/python3.6/site-packages/airflow/example_dags/example_trigger_controller_dag.py
[2023-10-01 00:19:32,275] {scheduler_job.py:629} INFO - Processing file /home/airflow/.local/lib/python3.6/site-packages/airflow/example_dags/example_trigger_controller_dag.py for tasks to queue
[2023-10-01 00:19:32,284] {logging_mixin.py:104} INFO - [2023-10-01 00:19:32,284] {dagbag.py:451} INFO - Filling up the DagBag from /home/airflow/.local/lib/python3.6/site-packages/airflow/example_dags/example_trigger_controller_dag.py
[2023-10-01 00:19:32,413] {scheduler_job.py:639} INFO - DAG(s) dict_keys(['example_trigger_controller_dag']) retrieved from /home/airflow/.local/lib/python3.6/site-packages/airflow/example_dags/example_trigger_controller_dag.py
[2023-10-01 00:19:32,583] {logging_mixin.py:104} INFO - [2023-10-01 00:19:32,581] {dag.py:1824} INFO - Sync 1 DAGs
[2023-10-01 00:19:32,729] {logging_mixin.py:104} INFO - [2023-10-01 00:19:32,728] {dag.py:2280} INFO - Setting next_dagrun for example_trigger_controller_dag to 2023-09-29 00:00:00+00:00
[2023-10-01 00:19:32,813] {scheduler_job.py:190} INFO - Processing /home/airflow/.local/lib/python3.6/site-packages/airflow/example_dags/example_trigger_controller_dag.py took 0.572 seconds
[2023-10-01 00:20:03,681] {scheduler_job.py:182} INFO - Started process (PID=350) to work on /home/airflow/.local/lib/python3.6/site-packages/airflow/example_dags/example_trigger_controller_dag.py
[2023-10-01 00:20:03,699] {scheduler_job.py:629} INFO - Processing file /home/airflow/.local/lib/python3.6/site-packages/airflow/example_dags/example_trigger_controller_dag.py for tasks to queue
[2023-10-01 00:20:03,705] {logging_mixin.py:104} INFO - [2023-10-01 00:20:03,704] {dagbag.py:451} INFO - Filling up the DagBag from /home/airflow/.local/lib/python3.6/site-packages/airflow/example_dags/example_trigger_controller_dag.py
[2023-10-01 00:20:03,811] {scheduler_job.py:639} INFO - DAG(s) dict_keys(['example_trigger_controller_dag']) retrieved from /home/airflow/.local/lib/python3.6/site-packages/airflow/example_dags/example_trigger_controller_dag.py
[2023-10-01 00:20:04,026] {logging_mixin.py:104} INFO - [2023-10-01 00:20:04,025] {dag.py:1824} INFO - Sync 1 DAGs
[2023-10-01 00:20:04,185] {logging_mixin.py:104} INFO - [2023-10-01 00:20:04,184] {dag.py:2280} INFO - Setting next_dagrun for example_trigger_controller_dag to 2023-09-29 00:00:00+00:00
[2023-10-01 00:20:04,294] {scheduler_job.py:190} INFO - Processing /home/airflow/.local/lib/python3.6/site-packages/airflow/example_dags/example_trigger_controller_dag.py took 0.633 seconds
[2023-10-01 00:20:35,021] {scheduler_job.py:182} INFO - Started process (PID=404) to work on /home/airflow/.local/lib/python3.6/site-packages/airflow/example_dags/example_trigger_controller_dag.py
[2023-10-01 00:20:35,030] {scheduler_job.py:629} INFO - Processing file /home/airflow/.local/lib/python3.6/site-packages/airflow/example_dags/example_trigger_controller_dag.py for tasks to queue
[2023-10-01 00:20:35,038] {logging_mixin.py:104} INFO - [2023-10-01 00:20:35,037] {dagbag.py:451} INFO - Filling up the DagBag from /home/airflow/.local/lib/python3.6/site-packages/airflow/example_dags/example_trigger_controller_dag.py
[2023-10-01 00:20:35,166] {scheduler_job.py:639} INFO - DAG(s) dict_keys(['example_trigger_controller_dag']) retrieved from /home/airflow/.local/lib/python3.6/site-packages/airflow/example_dags/example_trigger_controller_dag.py
[2023-10-01 00:20:35,336] {logging_mixin.py:104} INFO - [2023-10-01 00:20:35,335] {dag.py:1824} INFO - Sync 1 DAGs
[2023-10-01 00:20:35,574] {logging_mixin.py:104} INFO - [2023-10-01 00:20:35,570] {dag.py:2280} INFO - Setting next_dagrun for example_trigger_controller_dag to 2023-09-29 00:00:00+00:00
[2023-10-01 00:20:35,714] {scheduler_job.py:190} INFO - Processing /home/airflow/.local/lib/python3.6/site-packages/airflow/example_dags/example_trigger_controller_dag.py took 0.719 seconds
[2023-10-01 00:21:06,148] {scheduler_job.py:182} INFO - Started process (PID=456) to work on /home/airflow/.local/lib/python3.6/site-packages/airflow/example_dags/example_trigger_controller_dag.py
[2023-10-01 00:21:06,169] {scheduler_job.py:629} INFO - Processing file /home/airflow/.local/lib/python3.6/site-packages/airflow/example_dags/example_trigger_controller_dag.py for tasks to queue
[2023-10-01 00:21:06,182] {logging_mixin.py:104} INFO - [2023-10-01 00:21:06,180] {dagbag.py:451} INFO - Filling up the DagBag from /home/airflow/.local/lib/python3.6/site-packages/airflow/example_dags/example_trigger_controller_dag.py
[2023-10-01 00:21:06,331] {scheduler_job.py:639} INFO - DAG(s) dict_keys(['example_trigger_controller_dag']) retrieved from /home/airflow/.local/lib/python3.6/site-packages/airflow/example_dags/example_trigger_controller_dag.py
[2023-10-01 00:21:06,509] {logging_mixin.py:104} INFO - [2023-10-01 00:21:06,508] {dag.py:1824} INFO - Sync 1 DAGs
[2023-10-01 00:21:06,706] {logging_mixin.py:104} INFO - [2023-10-01 00:21:06,704] {dag.py:2280} INFO - Setting next_dagrun for example_trigger_controller_dag to 2023-09-29 00:00:00+00:00
[2023-10-01 00:21:06,808] {scheduler_job.py:190} INFO - Processing /home/airflow/.local/lib/python3.6/site-packages/airflow/example_dags/example_trigger_controller_dag.py took 0.709 seconds
[2023-10-01 00:21:37,257] {scheduler_job.py:182} INFO - Started process (PID=508) to work on /home/airflow/.local/lib/python3.6/site-packages/airflow/example_dags/example_trigger_controller_dag.py
[2023-10-01 00:21:37,281] {scheduler_job.py:629} INFO - Processing file /home/airflow/.local/lib/python3.6/site-packages/airflow/example_dags/example_trigger_controller_dag.py for tasks to queue
[2023-10-01 00:21:37,298] {logging_mixin.py:104} INFO - [2023-10-01 00:21:37,292] {dagbag.py:451} INFO - Filling up the DagBag from /home/airflow/.local/lib/python3.6/site-packages/airflow/example_dags/example_trigger_controller_dag.py
[2023-10-01 00:21:37,480] {scheduler_job.py:639} INFO - DAG(s) dict_keys(['example_trigger_controller_dag']) retrieved from /home/airflow/.local/lib/python3.6/site-packages/airflow/example_dags/example_trigger_controller_dag.py
[2023-10-01 00:21:37,696] {logging_mixin.py:104} INFO - [2023-10-01 00:21:37,695] {dag.py:1824} INFO - Sync 1 DAGs
[2023-10-01 00:21:37,886] {logging_mixin.py:104} INFO - [2023-10-01 00:21:37,885] {dag.py:2280} INFO - Setting next_dagrun for example_trigger_controller_dag to 2023-09-29 00:00:00+00:00
[2023-10-01 00:21:37,966] {scheduler_job.py:190} INFO - Processing /home/airflow/.local/lib/python3.6/site-packages/airflow/example_dags/example_trigger_controller_dag.py took 0.754 seconds
[2023-10-01 00:22:08,219] {scheduler_job.py:182} INFO - Started process (PID=562) to work on /home/airflow/.local/lib/python3.6/site-packages/airflow/example_dags/example_trigger_controller_dag.py
[2023-10-01 00:22:08,228] {scheduler_job.py:629} INFO - Processing file /home/airflow/.local/lib/python3.6/site-packages/airflow/example_dags/example_trigger_controller_dag.py for tasks to queue
[2023-10-01 00:22:08,234] {logging_mixin.py:104} INFO - [2023-10-01 00:22:08,234] {dagbag.py:451} INFO - Filling up the DagBag from /home/airflow/.local/lib/python3.6/site-packages/airflow/example_dags/example_trigger_controller_dag.py
[2023-10-01 00:22:08,294] {scheduler_job.py:639} INFO - DAG(s) dict_keys(['example_trigger_controller_dag']) retrieved from /home/airflow/.local/lib/python3.6/site-packages/airflow/example_dags/example_trigger_controller_dag.py
[2023-10-01 00:22:08,386] {logging_mixin.py:104} INFO - [2023-10-01 00:22:08,385] {dag.py:1824} INFO - Sync 1 DAGs
[2023-10-01 00:22:08,509] {logging_mixin.py:104} INFO - [2023-10-01 00:22:08,507] {dag.py:2280} INFO - Setting next_dagrun for example_trigger_controller_dag to 2023-09-29 00:00:00+00:00
[2023-10-01 00:22:08,587] {scheduler_job.py:190} INFO - Processing /home/airflow/.local/lib/python3.6/site-packages/airflow/example_dags/example_trigger_controller_dag.py took 0.381 seconds
[2023-10-01 00:22:39,353] {scheduler_job.py:182} INFO - Started process (PID=616) to work on /home/airflow/.local/lib/python3.6/site-packages/airflow/example_dags/example_trigger_controller_dag.py
[2023-10-01 00:22:39,373] {scheduler_job.py:629} INFO - Processing file /home/airflow/.local/lib/python3.6/site-packages/airflow/example_dags/example_trigger_controller_dag.py for tasks to queue
[2023-10-01 00:22:39,383] {logging_mixin.py:104} INFO - [2023-10-01 00:22:39,381] {dagbag.py:451} INFO - Filling up the DagBag from /home/airflow/.local/lib/python3.6/site-packages/airflow/example_dags/example_trigger_controller_dag.py
[2023-10-01 00:22:39,605] {scheduler_job.py:639} INFO - DAG(s) dict_keys(['example_trigger_controller_dag']) retrieved from /home/airflow/.local/lib/python3.6/site-packages/airflow/example_dags/example_trigger_controller_dag.py
[2023-10-01 00:22:39,787] {logging_mixin.py:104} INFO - [2023-10-01 00:22:39,786] {dag.py:1824} INFO - Sync 1 DAGs
[2023-10-01 00:22:39,904] {logging_mixin.py:104} INFO - [2023-10-01 00:22:39,901] {dag.py:2280} INFO - Setting next_dagrun for example_trigger_controller_dag to 2023-09-29 00:00:00+00:00
[2023-10-01 00:22:39,958] {scheduler_job.py:190} INFO - Processing /home/airflow/.local/lib/python3.6/site-packages/airflow/example_dags/example_trigger_controller_dag.py took 0.634 seconds
[2023-10-01 00:23:10,087] {scheduler_job.py:182} INFO - Started process (PID=672) to work on /home/airflow/.local/lib/python3.6/site-packages/airflow/example_dags/example_trigger_controller_dag.py
[2023-10-01 00:23:10,092] {scheduler_job.py:629} INFO - Processing file /home/airflow/.local/lib/python3.6/site-packages/airflow/example_dags/example_trigger_controller_dag.py for tasks to queue
[2023-10-01 00:23:10,096] {logging_mixin.py:104} INFO - [2023-10-01 00:23:10,095] {dagbag.py:451} INFO - Filling up the DagBag from /home/airflow/.local/lib/python3.6/site-packages/airflow/example_dags/example_trigger_controller_dag.py
[2023-10-01 00:23:10,140] {scheduler_job.py:639} INFO - DAG(s) dict_keys(['example_trigger_controller_dag']) retrieved from /home/airflow/.local/lib/python3.6/site-packages/airflow/example_dags/example_trigger_controller_dag.py
[2023-10-01 00:23:10,207] {logging_mixin.py:104} INFO - [2023-10-01 00:23:10,206] {dag.py:1824} INFO - Sync 1 DAGs
[2023-10-01 00:23:10,275] {logging_mixin.py:104} INFO - [2023-10-01 00:23:10,274] {dag.py:2280} INFO - Setting next_dagrun for example_trigger_controller_dag to 2023-09-29 00:00:00+00:00
[2023-10-01 00:23:10,310] {scheduler_job.py:190} INFO - Processing /home/airflow/.local/lib/python3.6/site-packages/airflow/example_dags/example_trigger_controller_dag.py took 0.233 seconds
[2023-10-01 00:23:40,384] {scheduler_job.py:182} INFO - Started process (PID=724) to work on /home/airflow/.local/lib/python3.6/site-packages/airflow/example_dags/example_trigger_controller_dag.py
[2023-10-01 00:23:40,391] {scheduler_job.py:629} INFO - Processing file /home/airflow/.local/lib/python3.6/site-packages/airflow/example_dags/example_trigger_controller_dag.py for tasks to queue
[2023-10-01 00:23:40,395] {logging_mixin.py:104} INFO - [2023-10-01 00:23:40,395] {dagbag.py:451} INFO - Filling up the DagBag from /home/airflow/.local/lib/python3.6/site-packages/airflow/example_dags/example_trigger_controller_dag.py
[2023-10-01 00:23:40,459] {scheduler_job.py:639} INFO - DAG(s) dict_keys(['example_trigger_controller_dag']) retrieved from /home/airflow/.local/lib/python3.6/site-packages/airflow/example_dags/example_trigger_controller_dag.py
[2023-10-01 00:23:40,555] {logging_mixin.py:104} INFO - [2023-10-01 00:23:40,554] {dag.py:1824} INFO - Sync 1 DAGs
[2023-10-01 00:23:40,658] {logging_mixin.py:104} INFO - [2023-10-01 00:23:40,655] {dag.py:2280} INFO - Setting next_dagrun for example_trigger_controller_dag to 2023-09-29 00:00:00+00:00
[2023-10-01 00:23:40,850] {scheduler_job.py:190} INFO - Processing /home/airflow/.local/lib/python3.6/site-packages/airflow/example_dags/example_trigger_controller_dag.py took 0.482 seconds
[2023-10-01 00:24:11,013] {scheduler_job.py:182} INFO - Started process (PID=780) to work on /home/airflow/.local/lib/python3.6/site-packages/airflow/example_dags/example_trigger_controller_dag.py
[2023-10-01 00:24:11,020] {scheduler_job.py:629} INFO - Processing file /home/airflow/.local/lib/python3.6/site-packages/airflow/example_dags/example_trigger_controller_dag.py for tasks to queue
[2023-10-01 00:24:11,024] {logging_mixin.py:104} INFO - [2023-10-01 00:24:11,023] {dagbag.py:451} INFO - Filling up the DagBag from /home/airflow/.local/lib/python3.6/site-packages/airflow/example_dags/example_trigger_controller_dag.py
[2023-10-01 00:24:11,080] {scheduler_job.py:639} INFO - DAG(s) dict_keys(['example_trigger_controller_dag']) retrieved from /home/airflow/.local/lib/python3.6/site-packages/airflow/example_dags/example_trigger_controller_dag.py
[2023-10-01 00:24:11,148] {logging_mixin.py:104} INFO - [2023-10-01 00:24:11,147] {dag.py:1824} INFO - Sync 1 DAGs
[2023-10-01 00:24:11,212] {logging_mixin.py:104} INFO - [2023-10-01 00:24:11,211] {dag.py:2280} INFO - Setting next_dagrun for example_trigger_controller_dag to 2023-09-29 00:00:00+00:00
[2023-10-01 00:24:11,248] {scheduler_job.py:190} INFO - Processing /home/airflow/.local/lib/python3.6/site-packages/airflow/example_dags/example_trigger_controller_dag.py took 0.246 seconds
[2023-10-01 00:24:41,497] {scheduler_job.py:182} INFO - Started process (PID=834) to work on /home/airflow/.local/lib/python3.6/site-packages/airflow/example_dags/example_trigger_controller_dag.py
[2023-10-01 00:24:41,505] {scheduler_job.py:629} INFO - Processing file /home/airflow/.local/lib/python3.6/site-packages/airflow/example_dags/example_trigger_controller_dag.py for tasks to queue
[2023-10-01 00:24:41,510] {logging_mixin.py:104} INFO - [2023-10-01 00:24:41,509] {dagbag.py:451} INFO - Filling up the DagBag from /home/airflow/.local/lib/python3.6/site-packages/airflow/example_dags/example_trigger_controller_dag.py
[2023-10-01 00:24:41,562] {scheduler_job.py:639} INFO - DAG(s) dict_keys(['example_trigger_controller_dag']) retrieved from /home/airflow/.local/lib/python3.6/site-packages/airflow/example_dags/example_trigger_controller_dag.py
[2023-10-01 00:24:41,641] {logging_mixin.py:104} INFO - [2023-10-01 00:24:41,640] {dag.py:1824} INFO - Sync 1 DAGs
[2023-10-01 00:24:41,712] {logging_mixin.py:104} INFO - [2023-10-01 00:24:41,711] {dag.py:2280} INFO - Setting next_dagrun for example_trigger_controller_dag to 2023-09-29 00:00:00+00:00
[2023-10-01 00:24:41,750] {scheduler_job.py:190} INFO - Processing /home/airflow/.local/lib/python3.6/site-packages/airflow/example_dags/example_trigger_controller_dag.py took 0.268 seconds
[2023-10-01 00:25:12,666] {scheduler_job.py:182} INFO - Started process (PID=884) to work on /home/airflow/.local/lib/python3.6/site-packages/airflow/example_dags/example_trigger_controller_dag.py
[2023-10-01 00:25:12,682] {scheduler_job.py:629} INFO - Processing file /home/airflow/.local/lib/python3.6/site-packages/airflow/example_dags/example_trigger_controller_dag.py for tasks to queue
[2023-10-01 00:25:12,692] {logging_mixin.py:104} INFO - [2023-10-01 00:25:12,691] {dagbag.py:451} INFO - Filling up the DagBag from /home/airflow/.local/lib/python3.6/site-packages/airflow/example_dags/example_trigger_controller_dag.py
[2023-10-01 00:25:12,813] {scheduler_job.py:639} INFO - DAG(s) dict_keys(['example_trigger_controller_dag']) retrieved from /home/airflow/.local/lib/python3.6/site-packages/airflow/example_dags/example_trigger_controller_dag.py
[2023-10-01 00:25:12,905] {logging_mixin.py:104} INFO - [2023-10-01 00:25:12,904] {dag.py:1824} INFO - Sync 1 DAGs
[2023-10-01 00:25:12,995] {logging_mixin.py:104} INFO - [2023-10-01 00:25:12,994] {dag.py:2280} INFO - Setting next_dagrun for example_trigger_controller_dag to 2023-09-29 00:00:00+00:00
[2023-10-01 00:25:13,036] {scheduler_job.py:190} INFO - Processing /home/airflow/.local/lib/python3.6/site-packages/airflow/example_dags/example_trigger_controller_dag.py took 0.400 seconds
