[2023-10-01 00:05:03,958] {scheduler_job.py:182} INFO - Started process (PID=72) to work on /home/airflow/.local/lib/python3.6/site-packages/airflow/example_dags/example_task_group.py
[2023-10-01 00:05:03,981] {scheduler_job.py:629} INFO - Processing file /home/airflow/.local/lib/python3.6/site-packages/airflow/example_dags/example_task_group.py for tasks to queue
[2023-10-01 00:05:03,997] {logging_mixin.py:104} INFO - [2023-10-01 00:05:03,996] {dagbag.py:451} INFO - Filling up the DagBag from /home/airflow/.local/lib/python3.6/site-packages/airflow/example_dags/example_task_group.py
[2023-10-01 00:05:04,541] {scheduler_job.py:639} INFO - DAG(s) dict_keys(['example_task_group']) retrieved from /home/airflow/.local/lib/python3.6/site-packages/airflow/example_dags/example_task_group.py
[2023-10-01 00:05:05,055] {logging_mixin.py:104} INFO - [2023-10-01 00:05:05,054] {dag.py:1824} INFO - Sync 1 DAGs
[2023-10-01 00:05:05,283] {logging_mixin.py:104} INFO - [2023-10-01 00:05:05,282] {dag.py:1843} INFO - Creating ORM DAG for example_task_group
[2023-10-01 00:05:05,373] {logging_mixin.py:104} INFO - [2023-10-01 00:05:05,373] {dag.py:2280} INFO - Setting next_dagrun for example_task_group to 2023-09-29 00:00:00+00:00
[2023-10-01 00:05:05,601] {scheduler_job.py:190} INFO - Processing /home/airflow/.local/lib/python3.6/site-packages/airflow/example_dags/example_task_group.py took 1.719 seconds
[2023-10-01 00:05:35,841] {scheduler_job.py:182} INFO - Started process (PID=126) to work on /home/airflow/.local/lib/python3.6/site-packages/airflow/example_dags/example_task_group.py
[2023-10-01 00:05:35,848] {scheduler_job.py:629} INFO - Processing file /home/airflow/.local/lib/python3.6/site-packages/airflow/example_dags/example_task_group.py for tasks to queue
[2023-10-01 00:05:35,853] {logging_mixin.py:104} INFO - [2023-10-01 00:05:35,852] {dagbag.py:451} INFO - Filling up the DagBag from /home/airflow/.local/lib/python3.6/site-packages/airflow/example_dags/example_task_group.py
[2023-10-01 00:05:35,919] {scheduler_job.py:639} INFO - DAG(s) dict_keys(['example_task_group']) retrieved from /home/airflow/.local/lib/python3.6/site-packages/airflow/example_dags/example_task_group.py
[2023-10-01 00:05:36,022] {logging_mixin.py:104} INFO - [2023-10-01 00:05:36,021] {dag.py:1824} INFO - Sync 1 DAGs
[2023-10-01 00:05:36,132] {logging_mixin.py:104} INFO - [2023-10-01 00:05:36,131] {dag.py:2280} INFO - Setting next_dagrun for example_task_group to 2023-09-29 00:00:00+00:00
[2023-10-01 00:05:36,187] {scheduler_job.py:190} INFO - Processing /home/airflow/.local/lib/python3.6/site-packages/airflow/example_dags/example_task_group.py took 0.360 seconds
[2023-10-01 00:06:06,763] {scheduler_job.py:182} INFO - Started process (PID=180) to work on /home/airflow/.local/lib/python3.6/site-packages/airflow/example_dags/example_task_group.py
[2023-10-01 00:06:06,775] {scheduler_job.py:629} INFO - Processing file /home/airflow/.local/lib/python3.6/site-packages/airflow/example_dags/example_task_group.py for tasks to queue
[2023-10-01 00:06:06,783] {logging_mixin.py:104} INFO - [2023-10-01 00:06:06,782] {dagbag.py:451} INFO - Filling up the DagBag from /home/airflow/.local/lib/python3.6/site-packages/airflow/example_dags/example_task_group.py
[2023-10-01 00:06:06,924] {scheduler_job.py:639} INFO - DAG(s) dict_keys(['example_task_group']) retrieved from /home/airflow/.local/lib/python3.6/site-packages/airflow/example_dags/example_task_group.py
[2023-10-01 00:06:07,087] {logging_mixin.py:104} INFO - [2023-10-01 00:06:07,086] {dag.py:1824} INFO - Sync 1 DAGs
[2023-10-01 00:06:07,223] {logging_mixin.py:104} INFO - [2023-10-01 00:06:07,222] {dag.py:2280} INFO - Setting next_dagrun for example_task_group to 2023-09-29 00:00:00+00:00
[2023-10-01 00:06:07,284] {scheduler_job.py:190} INFO - Processing /home/airflow/.local/lib/python3.6/site-packages/airflow/example_dags/example_task_group.py took 0.550 seconds
[2023-10-01 00:06:37,825] {scheduler_job.py:182} INFO - Started process (PID=234) to work on /home/airflow/.local/lib/python3.6/site-packages/airflow/example_dags/example_task_group.py
[2023-10-01 00:06:37,847] {scheduler_job.py:629} INFO - Processing file /home/airflow/.local/lib/python3.6/site-packages/airflow/example_dags/example_task_group.py for tasks to queue
[2023-10-01 00:06:37,859] {logging_mixin.py:104} INFO - [2023-10-01 00:06:37,856] {dagbag.py:451} INFO - Filling up the DagBag from /home/airflow/.local/lib/python3.6/site-packages/airflow/example_dags/example_task_group.py
[2023-10-01 00:06:38,023] {scheduler_job.py:639} INFO - DAG(s) dict_keys(['example_task_group']) retrieved from /home/airflow/.local/lib/python3.6/site-packages/airflow/example_dags/example_task_group.py
[2023-10-01 00:06:38,209] {logging_mixin.py:104} INFO - [2023-10-01 00:06:38,204] {dag.py:1824} INFO - Sync 1 DAGs
[2023-10-01 00:06:38,469] {logging_mixin.py:104} INFO - [2023-10-01 00:06:38,468] {dag.py:2280} INFO - Setting next_dagrun for example_task_group to 2023-09-29 00:00:00+00:00
[2023-10-01 00:06:38,537] {scheduler_job.py:190} INFO - Processing /home/airflow/.local/lib/python3.6/site-packages/airflow/example_dags/example_task_group.py took 0.755 seconds
[2023-10-01 00:07:09,122] {scheduler_job.py:182} INFO - Started process (PID=288) to work on /home/airflow/.local/lib/python3.6/site-packages/airflow/example_dags/example_task_group.py
[2023-10-01 00:07:09,146] {scheduler_job.py:629} INFO - Processing file /home/airflow/.local/lib/python3.6/site-packages/airflow/example_dags/example_task_group.py for tasks to queue
[2023-10-01 00:07:09,167] {logging_mixin.py:104} INFO - [2023-10-01 00:07:09,164] {dagbag.py:451} INFO - Filling up the DagBag from /home/airflow/.local/lib/python3.6/site-packages/airflow/example_dags/example_task_group.py
[2023-10-01 00:07:09,376] {scheduler_job.py:639} INFO - DAG(s) dict_keys(['example_task_group']) retrieved from /home/airflow/.local/lib/python3.6/site-packages/airflow/example_dags/example_task_group.py
[2023-10-01 00:07:09,773] {logging_mixin.py:104} INFO - [2023-10-01 00:07:09,766] {dag.py:1824} INFO - Sync 1 DAGs
[2023-10-01 00:07:10,185] {logging_mixin.py:104} INFO - [2023-10-01 00:07:10,177] {dag.py:2280} INFO - Setting next_dagrun for example_task_group to 2023-09-29 00:00:00+00:00
[2023-10-01 00:07:10,388] {scheduler_job.py:190} INFO - Processing /home/airflow/.local/lib/python3.6/site-packages/airflow/example_dags/example_task_group.py took 1.328 seconds
[2023-10-01 00:07:40,511] {scheduler_job.py:182} INFO - Started process (PID=342) to work on /home/airflow/.local/lib/python3.6/site-packages/airflow/example_dags/example_task_group.py
[2023-10-01 00:07:40,528] {scheduler_job.py:629} INFO - Processing file /home/airflow/.local/lib/python3.6/site-packages/airflow/example_dags/example_task_group.py for tasks to queue
[2023-10-01 00:07:40,539] {logging_mixin.py:104} INFO - [2023-10-01 00:07:40,537] {dagbag.py:451} INFO - Filling up the DagBag from /home/airflow/.local/lib/python3.6/site-packages/airflow/example_dags/example_task_group.py
[2023-10-01 00:07:40,704] {scheduler_job.py:639} INFO - DAG(s) dict_keys(['example_task_group']) retrieved from /home/airflow/.local/lib/python3.6/site-packages/airflow/example_dags/example_task_group.py
[2023-10-01 00:07:40,887] {logging_mixin.py:104} INFO - [2023-10-01 00:07:40,886] {dag.py:1824} INFO - Sync 1 DAGs
[2023-10-01 00:07:41,042] {logging_mixin.py:104} INFO - [2023-10-01 00:07:41,041] {dag.py:2280} INFO - Setting next_dagrun for example_task_group to 2023-09-29 00:00:00+00:00
[2023-10-01 00:07:41,150] {scheduler_job.py:190} INFO - Processing /home/airflow/.local/lib/python3.6/site-packages/airflow/example_dags/example_task_group.py took 0.671 seconds
[2023-10-01 00:08:11,234] {scheduler_job.py:182} INFO - Started process (PID=396) to work on /home/airflow/.local/lib/python3.6/site-packages/airflow/example_dags/example_task_group.py
[2023-10-01 00:08:11,241] {scheduler_job.py:629} INFO - Processing file /home/airflow/.local/lib/python3.6/site-packages/airflow/example_dags/example_task_group.py for tasks to queue
[2023-10-01 00:08:11,246] {logging_mixin.py:104} INFO - [2023-10-01 00:08:11,246] {dagbag.py:451} INFO - Filling up the DagBag from /home/airflow/.local/lib/python3.6/site-packages/airflow/example_dags/example_task_group.py
[2023-10-01 00:08:11,312] {scheduler_job.py:639} INFO - DAG(s) dict_keys(['example_task_group']) retrieved from /home/airflow/.local/lib/python3.6/site-packages/airflow/example_dags/example_task_group.py
[2023-10-01 00:08:11,408] {logging_mixin.py:104} INFO - [2023-10-01 00:08:11,408] {dag.py:1824} INFO - Sync 1 DAGs
[2023-10-01 00:08:11,472] {logging_mixin.py:104} INFO - [2023-10-01 00:08:11,471] {dag.py:2280} INFO - Setting next_dagrun for example_task_group to 2023-09-29 00:00:00+00:00
[2023-10-01 00:08:11,505] {scheduler_job.py:190} INFO - Processing /home/airflow/.local/lib/python3.6/site-packages/airflow/example_dags/example_task_group.py took 0.281 seconds
[2023-10-01 00:08:41,717] {scheduler_job.py:182} INFO - Started process (PID=450) to work on /home/airflow/.local/lib/python3.6/site-packages/airflow/example_dags/example_task_group.py
[2023-10-01 00:08:41,724] {scheduler_job.py:629} INFO - Processing file /home/airflow/.local/lib/python3.6/site-packages/airflow/example_dags/example_task_group.py for tasks to queue
[2023-10-01 00:08:41,730] {logging_mixin.py:104} INFO - [2023-10-01 00:08:41,729] {dagbag.py:451} INFO - Filling up the DagBag from /home/airflow/.local/lib/python3.6/site-packages/airflow/example_dags/example_task_group.py
[2023-10-01 00:08:41,804] {scheduler_job.py:639} INFO - DAG(s) dict_keys(['example_task_group']) retrieved from /home/airflow/.local/lib/python3.6/site-packages/airflow/example_dags/example_task_group.py
[2023-10-01 00:08:41,899] {logging_mixin.py:104} INFO - [2023-10-01 00:08:41,898] {dag.py:1824} INFO - Sync 1 DAGs
[2023-10-01 00:08:41,967] {logging_mixin.py:104} INFO - [2023-10-01 00:08:41,966] {dag.py:2280} INFO - Setting next_dagrun for example_task_group to 2023-09-29 00:00:00+00:00
[2023-10-01 00:08:42,005] {scheduler_job.py:190} INFO - Processing /home/airflow/.local/lib/python3.6/site-packages/airflow/example_dags/example_task_group.py took 0.300 seconds
[2023-10-01 00:09:12,458] {scheduler_job.py:182} INFO - Started process (PID=504) to work on /home/airflow/.local/lib/python3.6/site-packages/airflow/example_dags/example_task_group.py
[2023-10-01 00:09:12,467] {scheduler_job.py:629} INFO - Processing file /home/airflow/.local/lib/python3.6/site-packages/airflow/example_dags/example_task_group.py for tasks to queue
[2023-10-01 00:09:12,471] {logging_mixin.py:104} INFO - [2023-10-01 00:09:12,471] {dagbag.py:451} INFO - Filling up the DagBag from /home/airflow/.local/lib/python3.6/site-packages/airflow/example_dags/example_task_group.py
[2023-10-01 00:09:12,554] {scheduler_job.py:639} INFO - DAG(s) dict_keys(['example_task_group']) retrieved from /home/airflow/.local/lib/python3.6/site-packages/airflow/example_dags/example_task_group.py
[2023-10-01 00:09:12,664] {logging_mixin.py:104} INFO - [2023-10-01 00:09:12,663] {dag.py:1824} INFO - Sync 1 DAGs
[2023-10-01 00:09:12,741] {logging_mixin.py:104} INFO - [2023-10-01 00:09:12,740] {dag.py:2280} INFO - Setting next_dagrun for example_task_group to 2023-09-29 00:00:00+00:00
[2023-10-01 00:09:12,799] {scheduler_job.py:190} INFO - Processing /home/airflow/.local/lib/python3.6/site-packages/airflow/example_dags/example_task_group.py took 0.353 seconds
[2023-10-01 00:09:43,011] {scheduler_job.py:182} INFO - Started process (PID=558) to work on /home/airflow/.local/lib/python3.6/site-packages/airflow/example_dags/example_task_group.py
[2023-10-01 00:09:43,018] {scheduler_job.py:629} INFO - Processing file /home/airflow/.local/lib/python3.6/site-packages/airflow/example_dags/example_task_group.py for tasks to queue
[2023-10-01 00:09:43,023] {logging_mixin.py:104} INFO - [2023-10-01 00:09:43,022] {dagbag.py:451} INFO - Filling up the DagBag from /home/airflow/.local/lib/python3.6/site-packages/airflow/example_dags/example_task_group.py
[2023-10-01 00:09:43,123] {scheduler_job.py:639} INFO - DAG(s) dict_keys(['example_task_group']) retrieved from /home/airflow/.local/lib/python3.6/site-packages/airflow/example_dags/example_task_group.py
[2023-10-01 00:09:43,288] {logging_mixin.py:104} INFO - [2023-10-01 00:09:43,277] {dag.py:1824} INFO - Sync 1 DAGs
[2023-10-01 00:09:43,471] {logging_mixin.py:104} INFO - [2023-10-01 00:09:43,470] {dag.py:2280} INFO - Setting next_dagrun for example_task_group to 2023-09-29 00:00:00+00:00
[2023-10-01 00:09:43,513] {scheduler_job.py:190} INFO - Processing /home/airflow/.local/lib/python3.6/site-packages/airflow/example_dags/example_task_group.py took 0.514 seconds
[2023-10-01 00:10:13,797] {scheduler_job.py:182} INFO - Started process (PID=612) to work on /home/airflow/.local/lib/python3.6/site-packages/airflow/example_dags/example_task_group.py
[2023-10-01 00:10:13,805] {scheduler_job.py:629} INFO - Processing file /home/airflow/.local/lib/python3.6/site-packages/airflow/example_dags/example_task_group.py for tasks to queue
[2023-10-01 00:10:13,811] {logging_mixin.py:104} INFO - [2023-10-01 00:10:13,810] {dagbag.py:451} INFO - Filling up the DagBag from /home/airflow/.local/lib/python3.6/site-packages/airflow/example_dags/example_task_group.py
[2023-10-01 00:10:13,927] {scheduler_job.py:639} INFO - DAG(s) dict_keys(['example_task_group']) retrieved from /home/airflow/.local/lib/python3.6/site-packages/airflow/example_dags/example_task_group.py
[2023-10-01 00:10:14,049] {logging_mixin.py:104} INFO - [2023-10-01 00:10:14,048] {dag.py:1824} INFO - Sync 1 DAGs
[2023-10-01 00:10:14,134] {logging_mixin.py:104} INFO - [2023-10-01 00:10:14,133] {dag.py:2280} INFO - Setting next_dagrun for example_task_group to 2023-09-29 00:00:00+00:00
[2023-10-01 00:10:14,189] {scheduler_job.py:190} INFO - Processing /home/airflow/.local/lib/python3.6/site-packages/airflow/example_dags/example_task_group.py took 0.409 seconds
[2023-10-01 00:10:44,275] {scheduler_job.py:182} INFO - Started process (PID=668) to work on /home/airflow/.local/lib/python3.6/site-packages/airflow/example_dags/example_task_group.py
[2023-10-01 00:10:44,281] {scheduler_job.py:629} INFO - Processing file /home/airflow/.local/lib/python3.6/site-packages/airflow/example_dags/example_task_group.py for tasks to queue
[2023-10-01 00:10:44,284] {logging_mixin.py:104} INFO - [2023-10-01 00:10:44,284] {dagbag.py:451} INFO - Filling up the DagBag from /home/airflow/.local/lib/python3.6/site-packages/airflow/example_dags/example_task_group.py
[2023-10-01 00:10:44,346] {scheduler_job.py:639} INFO - DAG(s) dict_keys(['example_task_group']) retrieved from /home/airflow/.local/lib/python3.6/site-packages/airflow/example_dags/example_task_group.py
[2023-10-01 00:10:44,423] {logging_mixin.py:104} INFO - [2023-10-01 00:10:44,422] {dag.py:1824} INFO - Sync 1 DAGs
[2023-10-01 00:10:44,485] {logging_mixin.py:104} INFO - [2023-10-01 00:10:44,485] {dag.py:2280} INFO - Setting next_dagrun for example_task_group to 2023-09-29 00:00:00+00:00
[2023-10-01 00:10:44,519] {scheduler_job.py:190} INFO - Processing /home/airflow/.local/lib/python3.6/site-packages/airflow/example_dags/example_task_group.py took 0.255 seconds
[2023-10-01 00:11:14,629] {scheduler_job.py:182} INFO - Started process (PID=718) to work on /home/airflow/.local/lib/python3.6/site-packages/airflow/example_dags/example_task_group.py
[2023-10-01 00:11:14,639] {scheduler_job.py:629} INFO - Processing file /home/airflow/.local/lib/python3.6/site-packages/airflow/example_dags/example_task_group.py for tasks to queue
[2023-10-01 00:11:14,645] {logging_mixin.py:104} INFO - [2023-10-01 00:11:14,643] {dagbag.py:451} INFO - Filling up the DagBag from /home/airflow/.local/lib/python3.6/site-packages/airflow/example_dags/example_task_group.py
[2023-10-01 00:11:14,750] {scheduler_job.py:639} INFO - DAG(s) dict_keys(['example_task_group']) retrieved from /home/airflow/.local/lib/python3.6/site-packages/airflow/example_dags/example_task_group.py
[2023-10-01 00:11:14,876] {logging_mixin.py:104} INFO - [2023-10-01 00:11:14,875] {dag.py:1824} INFO - Sync 1 DAGs
[2023-10-01 00:11:14,973] {logging_mixin.py:104} INFO - [2023-10-01 00:11:14,972] {dag.py:2280} INFO - Setting next_dagrun for example_task_group to 2023-09-29 00:00:00+00:00
[2023-10-01 00:11:15,042] {scheduler_job.py:190} INFO - Processing /home/airflow/.local/lib/python3.6/site-packages/airflow/example_dags/example_task_group.py took 0.428 seconds
[2023-10-01 00:12:26,618] {scheduler_job.py:182} INFO - Started process (PID=69) to work on /home/airflow/.local/lib/python3.6/site-packages/airflow/example_dags/example_task_group.py
[2023-10-01 00:12:26,646] {scheduler_job.py:629} INFO - Processing file /home/airflow/.local/lib/python3.6/site-packages/airflow/example_dags/example_task_group.py for tasks to queue
[2023-10-01 00:12:26,663] {logging_mixin.py:104} INFO - [2023-10-01 00:12:26,662] {dagbag.py:451} INFO - Filling up the DagBag from /home/airflow/.local/lib/python3.6/site-packages/airflow/example_dags/example_task_group.py
[2023-10-01 00:12:27,061] {scheduler_job.py:639} INFO - DAG(s) dict_keys(['example_task_group']) retrieved from /home/airflow/.local/lib/python3.6/site-packages/airflow/example_dags/example_task_group.py
[2023-10-01 00:12:27,507] {logging_mixin.py:104} INFO - [2023-10-01 00:12:27,506] {dag.py:1824} INFO - Sync 1 DAGs
[2023-10-01 00:12:28,081] {logging_mixin.py:104} INFO - [2023-10-01 00:12:28,064] {dag.py:2280} INFO - Setting next_dagrun for example_task_group to 2023-09-29 00:00:00+00:00
[2023-10-01 00:12:28,364] {scheduler_job.py:190} INFO - Processing /home/airflow/.local/lib/python3.6/site-packages/airflow/example_dags/example_task_group.py took 1.853 seconds
[2023-10-01 00:12:59,004] {scheduler_job.py:182} INFO - Started process (PID=123) to work on /home/airflow/.local/lib/python3.6/site-packages/airflow/example_dags/example_task_group.py
[2023-10-01 00:12:59,017] {scheduler_job.py:629} INFO - Processing file /home/airflow/.local/lib/python3.6/site-packages/airflow/example_dags/example_task_group.py for tasks to queue
[2023-10-01 00:12:59,027] {logging_mixin.py:104} INFO - [2023-10-01 00:12:59,026] {dagbag.py:451} INFO - Filling up the DagBag from /home/airflow/.local/lib/python3.6/site-packages/airflow/example_dags/example_task_group.py
[2023-10-01 00:12:59,156] {scheduler_job.py:639} INFO - DAG(s) dict_keys(['example_task_group']) retrieved from /home/airflow/.local/lib/python3.6/site-packages/airflow/example_dags/example_task_group.py
[2023-10-01 00:12:59,345] {logging_mixin.py:104} INFO - [2023-10-01 00:12:59,344] {dag.py:1824} INFO - Sync 1 DAGs
[2023-10-01 00:12:59,466] {logging_mixin.py:104} INFO - [2023-10-01 00:12:59,465] {dag.py:2280} INFO - Setting next_dagrun for example_task_group to 2023-09-29 00:00:00+00:00
[2023-10-01 00:12:59,531] {scheduler_job.py:190} INFO - Processing /home/airflow/.local/lib/python3.6/site-packages/airflow/example_dags/example_task_group.py took 0.551 seconds
[2023-10-01 00:13:29,648] {scheduler_job.py:182} INFO - Started process (PID=177) to work on /home/airflow/.local/lib/python3.6/site-packages/airflow/example_dags/example_task_group.py
[2023-10-01 00:13:29,671] {scheduler_job.py:629} INFO - Processing file /home/airflow/.local/lib/python3.6/site-packages/airflow/example_dags/example_task_group.py for tasks to queue
[2023-10-01 00:13:29,680] {logging_mixin.py:104} INFO - [2023-10-01 00:13:29,679] {dagbag.py:451} INFO - Filling up the DagBag from /home/airflow/.local/lib/python3.6/site-packages/airflow/example_dags/example_task_group.py
[2023-10-01 00:13:29,783] {scheduler_job.py:639} INFO - DAG(s) dict_keys(['example_task_group']) retrieved from /home/airflow/.local/lib/python3.6/site-packages/airflow/example_dags/example_task_group.py
[2023-10-01 00:13:29,895] {logging_mixin.py:104} INFO - [2023-10-01 00:13:29,894] {dag.py:1824} INFO - Sync 1 DAGs
[2023-10-01 00:13:29,998] {logging_mixin.py:104} INFO - [2023-10-01 00:13:29,997] {dag.py:2280} INFO - Setting next_dagrun for example_task_group to 2023-09-29 00:00:00+00:00
[2023-10-01 00:13:30,135] {scheduler_job.py:190} INFO - Processing /home/airflow/.local/lib/python3.6/site-packages/airflow/example_dags/example_task_group.py took 0.504 seconds
[2023-10-01 00:14:00,985] {scheduler_job.py:182} INFO - Started process (PID=229) to work on /home/airflow/.local/lib/python3.6/site-packages/airflow/example_dags/example_task_group.py
[2023-10-01 00:14:01,003] {scheduler_job.py:629} INFO - Processing file /home/airflow/.local/lib/python3.6/site-packages/airflow/example_dags/example_task_group.py for tasks to queue
[2023-10-01 00:14:01,021] {logging_mixin.py:104} INFO - [2023-10-01 00:14:01,020] {dagbag.py:451} INFO - Filling up the DagBag from /home/airflow/.local/lib/python3.6/site-packages/airflow/example_dags/example_task_group.py
[2023-10-01 00:14:01,142] {scheduler_job.py:639} INFO - DAG(s) dict_keys(['example_task_group']) retrieved from /home/airflow/.local/lib/python3.6/site-packages/airflow/example_dags/example_task_group.py
[2023-10-01 00:14:01,524] {logging_mixin.py:104} INFO - [2023-10-01 00:14:01,523] {dag.py:1824} INFO - Sync 1 DAGs
[2023-10-01 00:14:01,961] {logging_mixin.py:104} INFO - [2023-10-01 00:14:01,960] {dag.py:2280} INFO - Setting next_dagrun for example_task_group to 2023-09-29 00:00:00+00:00
[2023-10-01 00:14:02,074] {scheduler_job.py:190} INFO - Processing /home/airflow/.local/lib/python3.6/site-packages/airflow/example_dags/example_task_group.py took 1.114 seconds
[2023-10-01 00:14:32,342] {scheduler_job.py:182} INFO - Started process (PID=283) to work on /home/airflow/.local/lib/python3.6/site-packages/airflow/example_dags/example_task_group.py
[2023-10-01 00:14:32,365] {scheduler_job.py:629} INFO - Processing file /home/airflow/.local/lib/python3.6/site-packages/airflow/example_dags/example_task_group.py for tasks to queue
[2023-10-01 00:14:32,386] {logging_mixin.py:104} INFO - [2023-10-01 00:14:32,384] {dagbag.py:451} INFO - Filling up the DagBag from /home/airflow/.local/lib/python3.6/site-packages/airflow/example_dags/example_task_group.py
[2023-10-01 00:14:32,524] {scheduler_job.py:639} INFO - DAG(s) dict_keys(['example_task_group']) retrieved from /home/airflow/.local/lib/python3.6/site-packages/airflow/example_dags/example_task_group.py
[2023-10-01 00:14:32,784] {logging_mixin.py:104} INFO - [2023-10-01 00:14:32,783] {dag.py:1824} INFO - Sync 1 DAGs
[2023-10-01 00:14:33,181] {logging_mixin.py:104} INFO - [2023-10-01 00:14:33,179] {dag.py:2280} INFO - Setting next_dagrun for example_task_group to 2023-09-29 00:00:00+00:00
[2023-10-01 00:14:33,320] {scheduler_job.py:190} INFO - Processing /home/airflow/.local/lib/python3.6/site-packages/airflow/example_dags/example_task_group.py took 1.015 seconds
[2023-10-01 00:15:03,748] {scheduler_job.py:182} INFO - Started process (PID=335) to work on /home/airflow/.local/lib/python3.6/site-packages/airflow/example_dags/example_task_group.py
[2023-10-01 00:15:03,760] {scheduler_job.py:629} INFO - Processing file /home/airflow/.local/lib/python3.6/site-packages/airflow/example_dags/example_task_group.py for tasks to queue
[2023-10-01 00:15:03,769] {logging_mixin.py:104} INFO - [2023-10-01 00:15:03,768] {dagbag.py:451} INFO - Filling up the DagBag from /home/airflow/.local/lib/python3.6/site-packages/airflow/example_dags/example_task_group.py
[2023-10-01 00:15:03,896] {scheduler_job.py:639} INFO - DAG(s) dict_keys(['example_task_group']) retrieved from /home/airflow/.local/lib/python3.6/site-packages/airflow/example_dags/example_task_group.py
[2023-10-01 00:15:04,043] {logging_mixin.py:104} INFO - [2023-10-01 00:15:04,042] {dag.py:1824} INFO - Sync 1 DAGs
[2023-10-01 00:15:04,185] {logging_mixin.py:104} INFO - [2023-10-01 00:15:04,176] {dag.py:2280} INFO - Setting next_dagrun for example_task_group to 2023-09-29 00:00:00+00:00
[2023-10-01 00:15:04,300] {scheduler_job.py:190} INFO - Processing /home/airflow/.local/lib/python3.6/site-packages/airflow/example_dags/example_task_group.py took 0.582 seconds
[2023-10-01 00:15:34,959] {scheduler_job.py:182} INFO - Started process (PID=389) to work on /home/airflow/.local/lib/python3.6/site-packages/airflow/example_dags/example_task_group.py
[2023-10-01 00:15:34,976] {scheduler_job.py:629} INFO - Processing file /home/airflow/.local/lib/python3.6/site-packages/airflow/example_dags/example_task_group.py for tasks to queue
[2023-10-01 00:15:34,991] {logging_mixin.py:104} INFO - [2023-10-01 00:15:34,989] {dagbag.py:451} INFO - Filling up the DagBag from /home/airflow/.local/lib/python3.6/site-packages/airflow/example_dags/example_task_group.py
[2023-10-01 00:15:35,204] {scheduler_job.py:639} INFO - DAG(s) dict_keys(['example_task_group']) retrieved from /home/airflow/.local/lib/python3.6/site-packages/airflow/example_dags/example_task_group.py
[2023-10-01 00:15:35,856] {logging_mixin.py:104} INFO - [2023-10-01 00:15:35,819] {dag.py:1824} INFO - Sync 1 DAGs
[2023-10-01 00:15:36,252] {logging_mixin.py:104} INFO - [2023-10-01 00:15:36,250] {dag.py:2280} INFO - Setting next_dagrun for example_task_group to 2023-09-29 00:00:00+00:00
[2023-10-01 00:15:36,398] {scheduler_job.py:190} INFO - Processing /home/airflow/.local/lib/python3.6/site-packages/airflow/example_dags/example_task_group.py took 1.453 seconds
[2023-10-01 00:16:06,589] {scheduler_job.py:182} INFO - Started process (PID=443) to work on /home/airflow/.local/lib/python3.6/site-packages/airflow/example_dags/example_task_group.py
[2023-10-01 00:16:06,595] {scheduler_job.py:629} INFO - Processing file /home/airflow/.local/lib/python3.6/site-packages/airflow/example_dags/example_task_group.py for tasks to queue
[2023-10-01 00:16:06,599] {logging_mixin.py:104} INFO - [2023-10-01 00:16:06,598] {dagbag.py:451} INFO - Filling up the DagBag from /home/airflow/.local/lib/python3.6/site-packages/airflow/example_dags/example_task_group.py
[2023-10-01 00:16:06,667] {scheduler_job.py:639} INFO - DAG(s) dict_keys(['example_task_group']) retrieved from /home/airflow/.local/lib/python3.6/site-packages/airflow/example_dags/example_task_group.py
[2023-10-01 00:16:06,753] {logging_mixin.py:104} INFO - [2023-10-01 00:16:06,753] {dag.py:1824} INFO - Sync 1 DAGs
[2023-10-01 00:16:06,826] {logging_mixin.py:104} INFO - [2023-10-01 00:16:06,825] {dag.py:2280} INFO - Setting next_dagrun for example_task_group to 2023-09-29 00:00:00+00:00
[2023-10-01 00:16:06,872] {scheduler_job.py:190} INFO - Processing /home/airflow/.local/lib/python3.6/site-packages/airflow/example_dags/example_task_group.py took 0.293 seconds
[2023-10-01 00:17:26,352] {scheduler_job.py:182} INFO - Started process (PID=78) to work on /home/airflow/.local/lib/python3.6/site-packages/airflow/example_dags/example_task_group.py
[2023-10-01 00:17:26,385] {scheduler_job.py:629} INFO - Processing file /home/airflow/.local/lib/python3.6/site-packages/airflow/example_dags/example_task_group.py for tasks to queue
[2023-10-01 00:17:26,392] {logging_mixin.py:104} INFO - [2023-10-01 00:17:26,391] {dagbag.py:451} INFO - Filling up the DagBag from /home/airflow/.local/lib/python3.6/site-packages/airflow/example_dags/example_task_group.py
[2023-10-01 00:17:26,772] {scheduler_job.py:639} INFO - DAG(s) dict_keys(['example_task_group']) retrieved from /home/airflow/.local/lib/python3.6/site-packages/airflow/example_dags/example_task_group.py
[2023-10-01 00:17:27,475] {logging_mixin.py:104} INFO - [2023-10-01 00:17:27,474] {dag.py:1824} INFO - Sync 1 DAGs
[2023-10-01 00:17:27,696] {logging_mixin.py:104} INFO - [2023-10-01 00:17:27,695] {dag.py:2280} INFO - Setting next_dagrun for example_task_group to 2023-09-29 00:00:00+00:00
[2023-10-01 00:17:27,850] {scheduler_job.py:190} INFO - Processing /home/airflow/.local/lib/python3.6/site-packages/airflow/example_dags/example_task_group.py took 1.554 seconds
[2023-10-01 00:17:58,172] {scheduler_job.py:182} INFO - Started process (PID=131) to work on /home/airflow/.local/lib/python3.6/site-packages/airflow/example_dags/example_task_group.py
[2023-10-01 00:17:58,202] {scheduler_job.py:629} INFO - Processing file /home/airflow/.local/lib/python3.6/site-packages/airflow/example_dags/example_task_group.py for tasks to queue
[2023-10-01 00:17:58,230] {logging_mixin.py:104} INFO - [2023-10-01 00:17:58,229] {dagbag.py:451} INFO - Filling up the DagBag from /home/airflow/.local/lib/python3.6/site-packages/airflow/example_dags/example_task_group.py
[2023-10-01 00:17:58,409] {scheduler_job.py:639} INFO - DAG(s) dict_keys(['example_task_group']) retrieved from /home/airflow/.local/lib/python3.6/site-packages/airflow/example_dags/example_task_group.py
[2023-10-01 00:17:58,621] {logging_mixin.py:104} INFO - [2023-10-01 00:17:58,620] {dag.py:1824} INFO - Sync 1 DAGs
[2023-10-01 00:17:58,793] {logging_mixin.py:104} INFO - [2023-10-01 00:17:58,792] {dag.py:2280} INFO - Setting next_dagrun for example_task_group to 2023-09-29 00:00:00+00:00
[2023-10-01 00:17:58,900] {scheduler_job.py:190} INFO - Processing /home/airflow/.local/lib/python3.6/site-packages/airflow/example_dags/example_task_group.py took 0.808 seconds
[2023-10-01 00:18:29,124] {scheduler_job.py:182} INFO - Started process (PID=186) to work on /home/airflow/.local/lib/python3.6/site-packages/airflow/example_dags/example_task_group.py
[2023-10-01 00:18:29,142] {scheduler_job.py:629} INFO - Processing file /home/airflow/.local/lib/python3.6/site-packages/airflow/example_dags/example_task_group.py for tasks to queue
[2023-10-01 00:18:29,157] {logging_mixin.py:104} INFO - [2023-10-01 00:18:29,156] {dagbag.py:451} INFO - Filling up the DagBag from /home/airflow/.local/lib/python3.6/site-packages/airflow/example_dags/example_task_group.py
[2023-10-01 00:18:29,397] {scheduler_job.py:639} INFO - DAG(s) dict_keys(['example_task_group']) retrieved from /home/airflow/.local/lib/python3.6/site-packages/airflow/example_dags/example_task_group.py
[2023-10-01 00:18:29,628] {logging_mixin.py:104} INFO - [2023-10-01 00:18:29,628] {dag.py:1824} INFO - Sync 1 DAGs
[2023-10-01 00:18:29,811] {logging_mixin.py:104} INFO - [2023-10-01 00:18:29,810] {dag.py:2280} INFO - Setting next_dagrun for example_task_group to 2023-09-29 00:00:00+00:00
[2023-10-01 00:18:29,899] {scheduler_job.py:190} INFO - Processing /home/airflow/.local/lib/python3.6/site-packages/airflow/example_dags/example_task_group.py took 0.808 seconds
[2023-10-01 00:19:00,036] {scheduler_job.py:182} INFO - Started process (PID=240) to work on /home/airflow/.local/lib/python3.6/site-packages/airflow/example_dags/example_task_group.py
[2023-10-01 00:19:00,046] {scheduler_job.py:629} INFO - Processing file /home/airflow/.local/lib/python3.6/site-packages/airflow/example_dags/example_task_group.py for tasks to queue
[2023-10-01 00:19:00,053] {logging_mixin.py:104} INFO - [2023-10-01 00:19:00,051] {dagbag.py:451} INFO - Filling up the DagBag from /home/airflow/.local/lib/python3.6/site-packages/airflow/example_dags/example_task_group.py
[2023-10-01 00:19:00,189] {scheduler_job.py:639} INFO - DAG(s) dict_keys(['example_task_group']) retrieved from /home/airflow/.local/lib/python3.6/site-packages/airflow/example_dags/example_task_group.py
[2023-10-01 00:19:00,428] {logging_mixin.py:104} INFO - [2023-10-01 00:19:00,427] {dag.py:1824} INFO - Sync 1 DAGs
[2023-10-01 00:19:00,767] {logging_mixin.py:104} INFO - [2023-10-01 00:19:00,765] {dag.py:2280} INFO - Setting next_dagrun for example_task_group to 2023-09-29 00:00:00+00:00
[2023-10-01 00:19:01,083] {scheduler_job.py:190} INFO - Processing /home/airflow/.local/lib/python3.6/site-packages/airflow/example_dags/example_task_group.py took 1.070 seconds
[2023-10-01 00:19:31,467] {scheduler_job.py:182} INFO - Started process (PID=294) to work on /home/airflow/.local/lib/python3.6/site-packages/airflow/example_dags/example_task_group.py
[2023-10-01 00:19:31,480] {scheduler_job.py:629} INFO - Processing file /home/airflow/.local/lib/python3.6/site-packages/airflow/example_dags/example_task_group.py for tasks to queue
[2023-10-01 00:19:31,486] {logging_mixin.py:104} INFO - [2023-10-01 00:19:31,485] {dagbag.py:451} INFO - Filling up the DagBag from /home/airflow/.local/lib/python3.6/site-packages/airflow/example_dags/example_task_group.py
[2023-10-01 00:19:31,649] {scheduler_job.py:639} INFO - DAG(s) dict_keys(['example_task_group']) retrieved from /home/airflow/.local/lib/python3.6/site-packages/airflow/example_dags/example_task_group.py
[2023-10-01 00:19:31,861] {logging_mixin.py:104} INFO - [2023-10-01 00:19:31,860] {dag.py:1824} INFO - Sync 1 DAGs
[2023-10-01 00:19:32,072] {logging_mixin.py:104} INFO - [2023-10-01 00:19:32,071] {dag.py:2280} INFO - Setting next_dagrun for example_task_group to 2023-09-29 00:00:00+00:00
[2023-10-01 00:19:32,160] {scheduler_job.py:190} INFO - Processing /home/airflow/.local/lib/python3.6/site-packages/airflow/example_dags/example_task_group.py took 0.720 seconds
[2023-10-01 00:20:03,235] {scheduler_job.py:182} INFO - Started process (PID=348) to work on /home/airflow/.local/lib/python3.6/site-packages/airflow/example_dags/example_task_group.py
[2023-10-01 00:20:03,252] {scheduler_job.py:629} INFO - Processing file /home/airflow/.local/lib/python3.6/site-packages/airflow/example_dags/example_task_group.py for tasks to queue
[2023-10-01 00:20:03,259] {logging_mixin.py:104} INFO - [2023-10-01 00:20:03,257] {dagbag.py:451} INFO - Filling up the DagBag from /home/airflow/.local/lib/python3.6/site-packages/airflow/example_dags/example_task_group.py
[2023-10-01 00:20:03,403] {scheduler_job.py:639} INFO - DAG(s) dict_keys(['example_task_group']) retrieved from /home/airflow/.local/lib/python3.6/site-packages/airflow/example_dags/example_task_group.py
[2023-10-01 00:20:03,562] {logging_mixin.py:104} INFO - [2023-10-01 00:20:03,561] {dag.py:1824} INFO - Sync 1 DAGs
[2023-10-01 00:20:03,736] {logging_mixin.py:104} INFO - [2023-10-01 00:20:03,736] {dag.py:2280} INFO - Setting next_dagrun for example_task_group to 2023-09-29 00:00:00+00:00
[2023-10-01 00:20:03,813] {scheduler_job.py:190} INFO - Processing /home/airflow/.local/lib/python3.6/site-packages/airflow/example_dags/example_task_group.py took 0.614 seconds
[2023-10-01 00:20:34,561] {scheduler_job.py:182} INFO - Started process (PID=402) to work on /home/airflow/.local/lib/python3.6/site-packages/airflow/example_dags/example_task_group.py
[2023-10-01 00:20:34,577] {scheduler_job.py:629} INFO - Processing file /home/airflow/.local/lib/python3.6/site-packages/airflow/example_dags/example_task_group.py for tasks to queue
[2023-10-01 00:20:34,584] {logging_mixin.py:104} INFO - [2023-10-01 00:20:34,583] {dagbag.py:451} INFO - Filling up the DagBag from /home/airflow/.local/lib/python3.6/site-packages/airflow/example_dags/example_task_group.py
[2023-10-01 00:20:34,686] {scheduler_job.py:639} INFO - DAG(s) dict_keys(['example_task_group']) retrieved from /home/airflow/.local/lib/python3.6/site-packages/airflow/example_dags/example_task_group.py
[2023-10-01 00:20:34,844] {logging_mixin.py:104} INFO - [2023-10-01 00:20:34,843] {dag.py:1824} INFO - Sync 1 DAGs
[2023-10-01 00:20:35,012] {logging_mixin.py:104} INFO - [2023-10-01 00:20:35,011] {dag.py:2280} INFO - Setting next_dagrun for example_task_group to 2023-09-29 00:00:00+00:00
[2023-10-01 00:20:35,107] {scheduler_job.py:190} INFO - Processing /home/airflow/.local/lib/python3.6/site-packages/airflow/example_dags/example_task_group.py took 0.579 seconds
[2023-10-01 00:21:06,926] {scheduler_job.py:182} INFO - Started process (PID=458) to work on /home/airflow/.local/lib/python3.6/site-packages/airflow/example_dags/example_task_group.py
[2023-10-01 00:21:06,937] {scheduler_job.py:629} INFO - Processing file /home/airflow/.local/lib/python3.6/site-packages/airflow/example_dags/example_task_group.py for tasks to queue
[2023-10-01 00:21:06,959] {logging_mixin.py:104} INFO - [2023-10-01 00:21:06,957] {dagbag.py:451} INFO - Filling up the DagBag from /home/airflow/.local/lib/python3.6/site-packages/airflow/example_dags/example_task_group.py
[2023-10-01 00:21:07,185] {scheduler_job.py:639} INFO - DAG(s) dict_keys(['example_task_group']) retrieved from /home/airflow/.local/lib/python3.6/site-packages/airflow/example_dags/example_task_group.py
[2023-10-01 00:21:07,382] {logging_mixin.py:104} INFO - [2023-10-01 00:21:07,379] {dag.py:1824} INFO - Sync 1 DAGs
[2023-10-01 00:21:07,581] {logging_mixin.py:104} INFO - [2023-10-01 00:21:07,580] {dag.py:2280} INFO - Setting next_dagrun for example_task_group to 2023-09-29 00:00:00+00:00
[2023-10-01 00:21:07,691] {scheduler_job.py:190} INFO - Processing /home/airflow/.local/lib/python3.6/site-packages/airflow/example_dags/example_task_group.py took 0.804 seconds
[2023-10-01 00:21:38,101] {scheduler_job.py:182} INFO - Started process (PID=514) to work on /home/airflow/.local/lib/python3.6/site-packages/airflow/example_dags/example_task_group.py
[2023-10-01 00:21:38,114] {scheduler_job.py:629} INFO - Processing file /home/airflow/.local/lib/python3.6/site-packages/airflow/example_dags/example_task_group.py for tasks to queue
[2023-10-01 00:21:38,126] {logging_mixin.py:104} INFO - [2023-10-01 00:21:38,125] {dagbag.py:451} INFO - Filling up the DagBag from /home/airflow/.local/lib/python3.6/site-packages/airflow/example_dags/example_task_group.py
[2023-10-01 00:21:38,264] {scheduler_job.py:639} INFO - DAG(s) dict_keys(['example_task_group']) retrieved from /home/airflow/.local/lib/python3.6/site-packages/airflow/example_dags/example_task_group.py
[2023-10-01 00:21:38,391] {logging_mixin.py:104} INFO - [2023-10-01 00:21:38,390] {dag.py:1824} INFO - Sync 1 DAGs
[2023-10-01 00:21:38,493] {logging_mixin.py:104} INFO - [2023-10-01 00:21:38,492] {dag.py:2280} INFO - Setting next_dagrun for example_task_group to 2023-09-29 00:00:00+00:00
[2023-10-01 00:21:38,552] {scheduler_job.py:190} INFO - Processing /home/airflow/.local/lib/python3.6/site-packages/airflow/example_dags/example_task_group.py took 0.497 seconds
[2023-10-01 00:22:09,302] {scheduler_job.py:182} INFO - Started process (PID=568) to work on /home/airflow/.local/lib/python3.6/site-packages/airflow/example_dags/example_task_group.py
[2023-10-01 00:22:09,318] {scheduler_job.py:629} INFO - Processing file /home/airflow/.local/lib/python3.6/site-packages/airflow/example_dags/example_task_group.py for tasks to queue
[2023-10-01 00:22:09,330] {logging_mixin.py:104} INFO - [2023-10-01 00:22:09,328] {dagbag.py:451} INFO - Filling up the DagBag from /home/airflow/.local/lib/python3.6/site-packages/airflow/example_dags/example_task_group.py
[2023-10-01 00:22:09,477] {scheduler_job.py:639} INFO - DAG(s) dict_keys(['example_task_group']) retrieved from /home/airflow/.local/lib/python3.6/site-packages/airflow/example_dags/example_task_group.py
[2023-10-01 00:22:09,609] {logging_mixin.py:104} INFO - [2023-10-01 00:22:09,608] {dag.py:1824} INFO - Sync 1 DAGs
[2023-10-01 00:22:09,704] {logging_mixin.py:104} INFO - [2023-10-01 00:22:09,703] {dag.py:2280} INFO - Setting next_dagrun for example_task_group to 2023-09-29 00:00:00+00:00
[2023-10-01 00:22:09,760] {scheduler_job.py:190} INFO - Processing /home/airflow/.local/lib/python3.6/site-packages/airflow/example_dags/example_task_group.py took 0.535 seconds
[2023-10-01 00:22:40,016] {scheduler_job.py:182} INFO - Started process (PID=622) to work on /home/airflow/.local/lib/python3.6/site-packages/airflow/example_dags/example_task_group.py
[2023-10-01 00:22:40,024] {scheduler_job.py:629} INFO - Processing file /home/airflow/.local/lib/python3.6/site-packages/airflow/example_dags/example_task_group.py for tasks to queue
[2023-10-01 00:22:40,029] {logging_mixin.py:104} INFO - [2023-10-01 00:22:40,029] {dagbag.py:451} INFO - Filling up the DagBag from /home/airflow/.local/lib/python3.6/site-packages/airflow/example_dags/example_task_group.py
[2023-10-01 00:22:40,104] {scheduler_job.py:639} INFO - DAG(s) dict_keys(['example_task_group']) retrieved from /home/airflow/.local/lib/python3.6/site-packages/airflow/example_dags/example_task_group.py
[2023-10-01 00:22:40,196] {logging_mixin.py:104} INFO - [2023-10-01 00:22:40,195] {dag.py:1824} INFO - Sync 1 DAGs
[2023-10-01 00:22:40,317] {logging_mixin.py:104} INFO - [2023-10-01 00:22:40,316] {dag.py:2280} INFO - Setting next_dagrun for example_task_group to 2023-09-29 00:00:00+00:00
[2023-10-01 00:22:40,370] {scheduler_job.py:190} INFO - Processing /home/airflow/.local/lib/python3.6/site-packages/airflow/example_dags/example_task_group.py took 0.366 seconds
[2023-10-01 00:23:10,605] {scheduler_job.py:182} INFO - Started process (PID=676) to work on /home/airflow/.local/lib/python3.6/site-packages/airflow/example_dags/example_task_group.py
[2023-10-01 00:23:10,610] {scheduler_job.py:629} INFO - Processing file /home/airflow/.local/lib/python3.6/site-packages/airflow/example_dags/example_task_group.py for tasks to queue
[2023-10-01 00:23:10,613] {logging_mixin.py:104} INFO - [2023-10-01 00:23:10,613] {dagbag.py:451} INFO - Filling up the DagBag from /home/airflow/.local/lib/python3.6/site-packages/airflow/example_dags/example_task_group.py
[2023-10-01 00:23:10,668] {scheduler_job.py:639} INFO - DAG(s) dict_keys(['example_task_group']) retrieved from /home/airflow/.local/lib/python3.6/site-packages/airflow/example_dags/example_task_group.py
[2023-10-01 00:23:10,745] {logging_mixin.py:104} INFO - [2023-10-01 00:23:10,745] {dag.py:1824} INFO - Sync 1 DAGs
[2023-10-01 00:23:10,810] {logging_mixin.py:104} INFO - [2023-10-01 00:23:10,809] {dag.py:2280} INFO - Setting next_dagrun for example_task_group to 2023-09-29 00:00:00+00:00
[2023-10-01 00:23:10,846] {scheduler_job.py:190} INFO - Processing /home/airflow/.local/lib/python3.6/site-packages/airflow/example_dags/example_task_group.py took 0.249 seconds
[2023-10-01 00:23:41,009] {scheduler_job.py:182} INFO - Started process (PID=730) to work on /home/airflow/.local/lib/python3.6/site-packages/airflow/example_dags/example_task_group.py
[2023-10-01 00:23:41,023] {scheduler_job.py:629} INFO - Processing file /home/airflow/.local/lib/python3.6/site-packages/airflow/example_dags/example_task_group.py for tasks to queue
[2023-10-01 00:23:41,032] {logging_mixin.py:104} INFO - [2023-10-01 00:23:41,031] {dagbag.py:451} INFO - Filling up the DagBag from /home/airflow/.local/lib/python3.6/site-packages/airflow/example_dags/example_task_group.py
[2023-10-01 00:23:41,158] {scheduler_job.py:639} INFO - DAG(s) dict_keys(['example_task_group']) retrieved from /home/airflow/.local/lib/python3.6/site-packages/airflow/example_dags/example_task_group.py
[2023-10-01 00:23:41,352] {logging_mixin.py:104} INFO - [2023-10-01 00:23:41,351] {dag.py:1824} INFO - Sync 1 DAGs
[2023-10-01 00:23:41,518] {logging_mixin.py:104} INFO - [2023-10-01 00:23:41,517] {dag.py:2280} INFO - Setting next_dagrun for example_task_group to 2023-09-29 00:00:00+00:00
[2023-10-01 00:23:41,599] {scheduler_job.py:190} INFO - Processing /home/airflow/.local/lib/python3.6/site-packages/airflow/example_dags/example_task_group.py took 0.614 seconds
[2023-10-01 00:24:12,052] {scheduler_job.py:182} INFO - Started process (PID=784) to work on /home/airflow/.local/lib/python3.6/site-packages/airflow/example_dags/example_task_group.py
[2023-10-01 00:24:12,059] {scheduler_job.py:629} INFO - Processing file /home/airflow/.local/lib/python3.6/site-packages/airflow/example_dags/example_task_group.py for tasks to queue
[2023-10-01 00:24:12,062] {logging_mixin.py:104} INFO - [2023-10-01 00:24:12,062] {dagbag.py:451} INFO - Filling up the DagBag from /home/airflow/.local/lib/python3.6/site-packages/airflow/example_dags/example_task_group.py
[2023-10-01 00:24:12,126] {scheduler_job.py:639} INFO - DAG(s) dict_keys(['example_task_group']) retrieved from /home/airflow/.local/lib/python3.6/site-packages/airflow/example_dags/example_task_group.py
[2023-10-01 00:24:12,222] {logging_mixin.py:104} INFO - [2023-10-01 00:24:12,221] {dag.py:1824} INFO - Sync 1 DAGs
[2023-10-01 00:24:12,303] {logging_mixin.py:104} INFO - [2023-10-01 00:24:12,301] {dag.py:2280} INFO - Setting next_dagrun for example_task_group to 2023-09-29 00:00:00+00:00
[2023-10-01 00:24:12,357] {scheduler_job.py:190} INFO - Processing /home/airflow/.local/lib/python3.6/site-packages/airflow/example_dags/example_task_group.py took 0.318 seconds
[2023-10-01 00:24:42,719] {scheduler_job.py:182} INFO - Started process (PID=838) to work on /home/airflow/.local/lib/python3.6/site-packages/airflow/example_dags/example_task_group.py
[2023-10-01 00:24:42,727] {scheduler_job.py:629} INFO - Processing file /home/airflow/.local/lib/python3.6/site-packages/airflow/example_dags/example_task_group.py for tasks to queue
[2023-10-01 00:24:42,733] {logging_mixin.py:104} INFO - [2023-10-01 00:24:42,732] {dagbag.py:451} INFO - Filling up the DagBag from /home/airflow/.local/lib/python3.6/site-packages/airflow/example_dags/example_task_group.py
[2023-10-01 00:24:42,808] {scheduler_job.py:639} INFO - DAG(s) dict_keys(['example_task_group']) retrieved from /home/airflow/.local/lib/python3.6/site-packages/airflow/example_dags/example_task_group.py
[2023-10-01 00:24:42,915] {logging_mixin.py:104} INFO - [2023-10-01 00:24:42,914] {dag.py:1824} INFO - Sync 1 DAGs
[2023-10-01 00:24:43,013] {logging_mixin.py:104} INFO - [2023-10-01 00:24:43,011] {dag.py:2280} INFO - Setting next_dagrun for example_task_group to 2023-09-29 00:00:00+00:00
[2023-10-01 00:24:43,069] {scheduler_job.py:190} INFO - Processing /home/airflow/.local/lib/python3.6/site-packages/airflow/example_dags/example_task_group.py took 0.360 seconds
[2023-10-01 00:25:13,319] {scheduler_job.py:182} INFO - Started process (PID=892) to work on /home/airflow/.local/lib/python3.6/site-packages/airflow/example_dags/example_task_group.py
[2023-10-01 00:25:13,325] {scheduler_job.py:629} INFO - Processing file /home/airflow/.local/lib/python3.6/site-packages/airflow/example_dags/example_task_group.py for tasks to queue
[2023-10-01 00:25:13,329] {logging_mixin.py:104} INFO - [2023-10-01 00:25:13,328] {dagbag.py:451} INFO - Filling up the DagBag from /home/airflow/.local/lib/python3.6/site-packages/airflow/example_dags/example_task_group.py
[2023-10-01 00:25:13,388] {scheduler_job.py:639} INFO - DAG(s) dict_keys(['example_task_group']) retrieved from /home/airflow/.local/lib/python3.6/site-packages/airflow/example_dags/example_task_group.py
[2023-10-01 00:25:13,474] {logging_mixin.py:104} INFO - [2023-10-01 00:25:13,474] {dag.py:1824} INFO - Sync 1 DAGs
[2023-10-01 00:25:13,552] {logging_mixin.py:104} INFO - [2023-10-01 00:25:13,550] {dag.py:2280} INFO - Setting next_dagrun for example_task_group to 2023-09-29 00:00:00+00:00
[2023-10-01 00:25:13,589] {scheduler_job.py:190} INFO - Processing /home/airflow/.local/lib/python3.6/site-packages/airflow/example_dags/example_task_group.py took 0.279 seconds
