[2023-10-01 00:05:06,801] {scheduler_job.py:182} INFO - Started process (PID=82) to work on /home/airflow/.local/lib/python3.6/site-packages/airflow/example_dags/example_latest_only_with_trigger.py
[2023-10-01 00:05:06,857] {scheduler_job.py:629} INFO - Processing file /home/airflow/.local/lib/python3.6/site-packages/airflow/example_dags/example_latest_only_with_trigger.py for tasks to queue
[2023-10-01 00:05:06,884] {logging_mixin.py:104} INFO - [2023-10-01 00:05:06,869] {dagbag.py:451} INFO - Filling up the DagBag from /home/airflow/.local/lib/python3.6/site-packages/airflow/example_dags/example_latest_only_with_trigger.py
[2023-10-01 00:05:07,384] {scheduler_job.py:639} INFO - DAG(s) dict_keys(['latest_only_with_trigger']) retrieved from /home/airflow/.local/lib/python3.6/site-packages/airflow/example_dags/example_latest_only_with_trigger.py
[2023-10-01 00:05:07,993] {logging_mixin.py:104} INFO - [2023-10-01 00:05:07,992] {dag.py:1824} INFO - Sync 1 DAGs
[2023-10-01 00:05:08,249] {logging_mixin.py:104} INFO - [2023-10-01 00:05:08,247] {dag.py:1843} INFO - Creating ORM DAG for latest_only_with_trigger
[2023-10-01 00:05:08,336] {logging_mixin.py:104} INFO - [2023-10-01 00:05:08,335] {dag.py:2280} INFO - Setting next_dagrun for latest_only_with_trigger to 2023-09-29 00:00:00+00:00
[2023-10-01 00:05:08,526] {scheduler_job.py:190} INFO - Processing /home/airflow/.local/lib/python3.6/site-packages/airflow/example_dags/example_latest_only_with_trigger.py took 1.778 seconds
[2023-10-01 00:05:38,933] {scheduler_job.py:182} INFO - Started process (PID=136) to work on /home/airflow/.local/lib/python3.6/site-packages/airflow/example_dags/example_latest_only_with_trigger.py
[2023-10-01 00:05:38,943] {scheduler_job.py:629} INFO - Processing file /home/airflow/.local/lib/python3.6/site-packages/airflow/example_dags/example_latest_only_with_trigger.py for tasks to queue
[2023-10-01 00:05:38,955] {logging_mixin.py:104} INFO - [2023-10-01 00:05:38,954] {dagbag.py:451} INFO - Filling up the DagBag from /home/airflow/.local/lib/python3.6/site-packages/airflow/example_dags/example_latest_only_with_trigger.py
[2023-10-01 00:05:39,038] {scheduler_job.py:639} INFO - DAG(s) dict_keys(['latest_only_with_trigger']) retrieved from /home/airflow/.local/lib/python3.6/site-packages/airflow/example_dags/example_latest_only_with_trigger.py
[2023-10-01 00:05:39,182] {logging_mixin.py:104} INFO - [2023-10-01 00:05:39,181] {dag.py:1824} INFO - Sync 1 DAGs
[2023-10-01 00:05:39,321] {logging_mixin.py:104} INFO - [2023-10-01 00:05:39,320] {dag.py:2280} INFO - Setting next_dagrun for latest_only_with_trigger to 2023-09-29 00:00:00+00:00
[2023-10-01 00:05:39,385] {scheduler_job.py:190} INFO - Processing /home/airflow/.local/lib/python3.6/site-packages/airflow/example_dags/example_latest_only_with_trigger.py took 0.467 seconds
[2023-10-01 00:06:09,683] {scheduler_job.py:182} INFO - Started process (PID=190) to work on /home/airflow/.local/lib/python3.6/site-packages/airflow/example_dags/example_latest_only_with_trigger.py
[2023-10-01 00:06:09,691] {scheduler_job.py:629} INFO - Processing file /home/airflow/.local/lib/python3.6/site-packages/airflow/example_dags/example_latest_only_with_trigger.py for tasks to queue
[2023-10-01 00:06:09,699] {logging_mixin.py:104} INFO - [2023-10-01 00:06:09,698] {dagbag.py:451} INFO - Filling up the DagBag from /home/airflow/.local/lib/python3.6/site-packages/airflow/example_dags/example_latest_only_with_trigger.py
[2023-10-01 00:06:09,782] {scheduler_job.py:639} INFO - DAG(s) dict_keys(['latest_only_with_trigger']) retrieved from /home/airflow/.local/lib/python3.6/site-packages/airflow/example_dags/example_latest_only_with_trigger.py
[2023-10-01 00:06:09,898] {logging_mixin.py:104} INFO - [2023-10-01 00:06:09,897] {dag.py:1824} INFO - Sync 1 DAGs
[2023-10-01 00:06:10,012] {logging_mixin.py:104} INFO - [2023-10-01 00:06:10,011] {dag.py:2280} INFO - Setting next_dagrun for latest_only_with_trigger to 2023-09-29 00:00:00+00:00
[2023-10-01 00:06:10,066] {scheduler_job.py:190} INFO - Processing /home/airflow/.local/lib/python3.6/site-packages/airflow/example_dags/example_latest_only_with_trigger.py took 0.397 seconds
[2023-10-01 00:06:40,753] {scheduler_job.py:182} INFO - Started process (PID=244) to work on /home/airflow/.local/lib/python3.6/site-packages/airflow/example_dags/example_latest_only_with_trigger.py
[2023-10-01 00:06:40,767] {scheduler_job.py:629} INFO - Processing file /home/airflow/.local/lib/python3.6/site-packages/airflow/example_dags/example_latest_only_with_trigger.py for tasks to queue
[2023-10-01 00:06:40,776] {logging_mixin.py:104} INFO - [2023-10-01 00:06:40,775] {dagbag.py:451} INFO - Filling up the DagBag from /home/airflow/.local/lib/python3.6/site-packages/airflow/example_dags/example_latest_only_with_trigger.py
[2023-10-01 00:06:40,905] {scheduler_job.py:639} INFO - DAG(s) dict_keys(['latest_only_with_trigger']) retrieved from /home/airflow/.local/lib/python3.6/site-packages/airflow/example_dags/example_latest_only_with_trigger.py
[2023-10-01 00:06:41,152] {logging_mixin.py:104} INFO - [2023-10-01 00:06:41,151] {dag.py:1824} INFO - Sync 1 DAGs
[2023-10-01 00:06:41,351] {logging_mixin.py:104} INFO - [2023-10-01 00:06:41,350] {dag.py:2280} INFO - Setting next_dagrun for latest_only_with_trigger to 2023-09-29 00:00:00+00:00
[2023-10-01 00:06:41,440] {scheduler_job.py:190} INFO - Processing /home/airflow/.local/lib/python3.6/site-packages/airflow/example_dags/example_latest_only_with_trigger.py took 0.734 seconds
[2023-10-01 00:07:11,953] {scheduler_job.py:182} INFO - Started process (PID=298) to work on /home/airflow/.local/lib/python3.6/site-packages/airflow/example_dags/example_latest_only_with_trigger.py
[2023-10-01 00:07:11,982] {scheduler_job.py:629} INFO - Processing file /home/airflow/.local/lib/python3.6/site-packages/airflow/example_dags/example_latest_only_with_trigger.py for tasks to queue
[2023-10-01 00:07:11,999] {logging_mixin.py:104} INFO - [2023-10-01 00:07:11,998] {dagbag.py:451} INFO - Filling up the DagBag from /home/airflow/.local/lib/python3.6/site-packages/airflow/example_dags/example_latest_only_with_trigger.py
[2023-10-01 00:07:12,238] {scheduler_job.py:639} INFO - DAG(s) dict_keys(['latest_only_with_trigger']) retrieved from /home/airflow/.local/lib/python3.6/site-packages/airflow/example_dags/example_latest_only_with_trigger.py
[2023-10-01 00:07:12,422] {logging_mixin.py:104} INFO - [2023-10-01 00:07:12,421] {dag.py:1824} INFO - Sync 1 DAGs
[2023-10-01 00:07:12,604] {logging_mixin.py:104} INFO - [2023-10-01 00:07:12,602] {dag.py:2280} INFO - Setting next_dagrun for latest_only_with_trigger to 2023-09-29 00:00:00+00:00
[2023-10-01 00:07:12,686] {scheduler_job.py:190} INFO - Processing /home/airflow/.local/lib/python3.6/site-packages/airflow/example_dags/example_latest_only_with_trigger.py took 0.769 seconds
[2023-10-01 00:07:43,327] {scheduler_job.py:182} INFO - Started process (PID=352) to work on /home/airflow/.local/lib/python3.6/site-packages/airflow/example_dags/example_latest_only_with_trigger.py
[2023-10-01 00:07:43,354] {scheduler_job.py:629} INFO - Processing file /home/airflow/.local/lib/python3.6/site-packages/airflow/example_dags/example_latest_only_with_trigger.py for tasks to queue
[2023-10-01 00:07:43,367] {logging_mixin.py:104} INFO - [2023-10-01 00:07:43,365] {dagbag.py:451} INFO - Filling up the DagBag from /home/airflow/.local/lib/python3.6/site-packages/airflow/example_dags/example_latest_only_with_trigger.py
[2023-10-01 00:07:43,512] {scheduler_job.py:639} INFO - DAG(s) dict_keys(['latest_only_with_trigger']) retrieved from /home/airflow/.local/lib/python3.6/site-packages/airflow/example_dags/example_latest_only_with_trigger.py
[2023-10-01 00:07:43,688] {logging_mixin.py:104} INFO - [2023-10-01 00:07:43,687] {dag.py:1824} INFO - Sync 1 DAGs
[2023-10-01 00:07:43,868] {logging_mixin.py:104} INFO - [2023-10-01 00:07:43,867] {dag.py:2280} INFO - Setting next_dagrun for latest_only_with_trigger to 2023-09-29 00:00:00+00:00
[2023-10-01 00:07:43,951] {scheduler_job.py:190} INFO - Processing /home/airflow/.local/lib/python3.6/site-packages/airflow/example_dags/example_latest_only_with_trigger.py took 0.659 seconds
[2023-10-01 00:08:14,004] {scheduler_job.py:182} INFO - Started process (PID=406) to work on /home/airflow/.local/lib/python3.6/site-packages/airflow/example_dags/example_latest_only_with_trigger.py
[2023-10-01 00:08:14,010] {scheduler_job.py:629} INFO - Processing file /home/airflow/.local/lib/python3.6/site-packages/airflow/example_dags/example_latest_only_with_trigger.py for tasks to queue
[2023-10-01 00:08:14,014] {logging_mixin.py:104} INFO - [2023-10-01 00:08:14,013] {dagbag.py:451} INFO - Filling up the DagBag from /home/airflow/.local/lib/python3.6/site-packages/airflow/example_dags/example_latest_only_with_trigger.py
[2023-10-01 00:08:14,069] {scheduler_job.py:639} INFO - DAG(s) dict_keys(['latest_only_with_trigger']) retrieved from /home/airflow/.local/lib/python3.6/site-packages/airflow/example_dags/example_latest_only_with_trigger.py
[2023-10-01 00:08:14,156] {logging_mixin.py:104} INFO - [2023-10-01 00:08:14,156] {dag.py:1824} INFO - Sync 1 DAGs
[2023-10-01 00:08:14,231] {logging_mixin.py:104} INFO - [2023-10-01 00:08:14,231] {dag.py:2280} INFO - Setting next_dagrun for latest_only_with_trigger to 2023-09-29 00:00:00+00:00
[2023-10-01 00:08:14,267] {scheduler_job.py:190} INFO - Processing /home/airflow/.local/lib/python3.6/site-packages/airflow/example_dags/example_latest_only_with_trigger.py took 0.272 seconds
[2023-10-01 00:08:44,357] {scheduler_job.py:182} INFO - Started process (PID=458) to work on /home/airflow/.local/lib/python3.6/site-packages/airflow/example_dags/example_latest_only_with_trigger.py
[2023-10-01 00:08:44,367] {scheduler_job.py:629} INFO - Processing file /home/airflow/.local/lib/python3.6/site-packages/airflow/example_dags/example_latest_only_with_trigger.py for tasks to queue
[2023-10-01 00:08:44,372] {logging_mixin.py:104} INFO - [2023-10-01 00:08:44,371] {dagbag.py:451} INFO - Filling up the DagBag from /home/airflow/.local/lib/python3.6/site-packages/airflow/example_dags/example_latest_only_with_trigger.py
[2023-10-01 00:08:44,447] {scheduler_job.py:639} INFO - DAG(s) dict_keys(['latest_only_with_trigger']) retrieved from /home/airflow/.local/lib/python3.6/site-packages/airflow/example_dags/example_latest_only_with_trigger.py
[2023-10-01 00:08:44,561] {logging_mixin.py:104} INFO - [2023-10-01 00:08:44,561] {dag.py:1824} INFO - Sync 1 DAGs
[2023-10-01 00:08:44,661] {logging_mixin.py:104} INFO - [2023-10-01 00:08:44,660] {dag.py:2280} INFO - Setting next_dagrun for latest_only_with_trigger to 2023-09-29 00:00:00+00:00
[2023-10-01 00:08:44,711] {scheduler_job.py:190} INFO - Processing /home/airflow/.local/lib/python3.6/site-packages/airflow/example_dags/example_latest_only_with_trigger.py took 0.368 seconds
[2023-10-01 00:09:14,948] {scheduler_job.py:182} INFO - Started process (PID=512) to work on /home/airflow/.local/lib/python3.6/site-packages/airflow/example_dags/example_latest_only_with_trigger.py
[2023-10-01 00:09:14,957] {scheduler_job.py:629} INFO - Processing file /home/airflow/.local/lib/python3.6/site-packages/airflow/example_dags/example_latest_only_with_trigger.py for tasks to queue
[2023-10-01 00:09:14,965] {logging_mixin.py:104} INFO - [2023-10-01 00:09:14,964] {dagbag.py:451} INFO - Filling up the DagBag from /home/airflow/.local/lib/python3.6/site-packages/airflow/example_dags/example_latest_only_with_trigger.py
[2023-10-01 00:09:15,041] {scheduler_job.py:639} INFO - DAG(s) dict_keys(['latest_only_with_trigger']) retrieved from /home/airflow/.local/lib/python3.6/site-packages/airflow/example_dags/example_latest_only_with_trigger.py
[2023-10-01 00:09:15,172] {logging_mixin.py:104} INFO - [2023-10-01 00:09:15,171] {dag.py:1824} INFO - Sync 1 DAGs
[2023-10-01 00:09:15,281] {logging_mixin.py:104} INFO - [2023-10-01 00:09:15,280] {dag.py:2280} INFO - Setting next_dagrun for latest_only_with_trigger to 2023-09-29 00:00:00+00:00
[2023-10-01 00:09:15,337] {scheduler_job.py:190} INFO - Processing /home/airflow/.local/lib/python3.6/site-packages/airflow/example_dags/example_latest_only_with_trigger.py took 0.407 seconds
[2023-10-01 00:09:45,460] {scheduler_job.py:182} INFO - Started process (PID=566) to work on /home/airflow/.local/lib/python3.6/site-packages/airflow/example_dags/example_latest_only_with_trigger.py
[2023-10-01 00:09:45,468] {scheduler_job.py:629} INFO - Processing file /home/airflow/.local/lib/python3.6/site-packages/airflow/example_dags/example_latest_only_with_trigger.py for tasks to queue
[2023-10-01 00:09:45,474] {logging_mixin.py:104} INFO - [2023-10-01 00:09:45,473] {dagbag.py:451} INFO - Filling up the DagBag from /home/airflow/.local/lib/python3.6/site-packages/airflow/example_dags/example_latest_only_with_trigger.py
[2023-10-01 00:09:45,527] {scheduler_job.py:639} INFO - DAG(s) dict_keys(['latest_only_with_trigger']) retrieved from /home/airflow/.local/lib/python3.6/site-packages/airflow/example_dags/example_latest_only_with_trigger.py
[2023-10-01 00:09:45,620] {logging_mixin.py:104} INFO - [2023-10-01 00:09:45,619] {dag.py:1824} INFO - Sync 1 DAGs
[2023-10-01 00:09:45,693] {logging_mixin.py:104} INFO - [2023-10-01 00:09:45,692] {dag.py:2280} INFO - Setting next_dagrun for latest_only_with_trigger to 2023-09-29 00:00:00+00:00
[2023-10-01 00:09:45,734] {scheduler_job.py:190} INFO - Processing /home/airflow/.local/lib/python3.6/site-packages/airflow/example_dags/example_latest_only_with_trigger.py took 0.284 seconds
[2023-10-01 00:10:16,562] {scheduler_job.py:182} INFO - Started process (PID=620) to work on /home/airflow/.local/lib/python3.6/site-packages/airflow/example_dags/example_latest_only_with_trigger.py
[2023-10-01 00:10:16,568] {scheduler_job.py:629} INFO - Processing file /home/airflow/.local/lib/python3.6/site-packages/airflow/example_dags/example_latest_only_with_trigger.py for tasks to queue
[2023-10-01 00:10:16,574] {logging_mixin.py:104} INFO - [2023-10-01 00:10:16,573] {dagbag.py:451} INFO - Filling up the DagBag from /home/airflow/.local/lib/python3.6/site-packages/airflow/example_dags/example_latest_only_with_trigger.py
[2023-10-01 00:10:16,636] {scheduler_job.py:639} INFO - DAG(s) dict_keys(['latest_only_with_trigger']) retrieved from /home/airflow/.local/lib/python3.6/site-packages/airflow/example_dags/example_latest_only_with_trigger.py
[2023-10-01 00:10:16,722] {logging_mixin.py:104} INFO - [2023-10-01 00:10:16,721] {dag.py:1824} INFO - Sync 1 DAGs
[2023-10-01 00:10:16,799] {logging_mixin.py:104} INFO - [2023-10-01 00:10:16,798] {dag.py:2280} INFO - Setting next_dagrun for latest_only_with_trigger to 2023-09-29 00:00:00+00:00
[2023-10-01 00:10:16,846] {scheduler_job.py:190} INFO - Processing /home/airflow/.local/lib/python3.6/site-packages/airflow/example_dags/example_latest_only_with_trigger.py took 0.294 seconds
[2023-10-01 00:10:46,904] {scheduler_job.py:182} INFO - Started process (PID=674) to work on /home/airflow/.local/lib/python3.6/site-packages/airflow/example_dags/example_latest_only_with_trigger.py
[2023-10-01 00:10:46,912] {scheduler_job.py:629} INFO - Processing file /home/airflow/.local/lib/python3.6/site-packages/airflow/example_dags/example_latest_only_with_trigger.py for tasks to queue
[2023-10-01 00:10:46,917] {logging_mixin.py:104} INFO - [2023-10-01 00:10:46,916] {dagbag.py:451} INFO - Filling up the DagBag from /home/airflow/.local/lib/python3.6/site-packages/airflow/example_dags/example_latest_only_with_trigger.py
[2023-10-01 00:10:46,976] {scheduler_job.py:639} INFO - DAG(s) dict_keys(['latest_only_with_trigger']) retrieved from /home/airflow/.local/lib/python3.6/site-packages/airflow/example_dags/example_latest_only_with_trigger.py
[2023-10-01 00:10:47,062] {logging_mixin.py:104} INFO - [2023-10-01 00:10:47,061] {dag.py:1824} INFO - Sync 1 DAGs
[2023-10-01 00:10:47,130] {logging_mixin.py:104} INFO - [2023-10-01 00:10:47,129] {dag.py:2280} INFO - Setting next_dagrun for latest_only_with_trigger to 2023-09-29 00:00:00+00:00
[2023-10-01 00:10:47,167] {scheduler_job.py:190} INFO - Processing /home/airflow/.local/lib/python3.6/site-packages/airflow/example_dags/example_latest_only_with_trigger.py took 0.274 seconds
[2023-10-01 00:11:17,405] {scheduler_job.py:182} INFO - Started process (PID=728) to work on /home/airflow/.local/lib/python3.6/site-packages/airflow/example_dags/example_latest_only_with_trigger.py
[2023-10-01 00:11:17,412] {scheduler_job.py:629} INFO - Processing file /home/airflow/.local/lib/python3.6/site-packages/airflow/example_dags/example_latest_only_with_trigger.py for tasks to queue
[2023-10-01 00:11:17,416] {logging_mixin.py:104} INFO - [2023-10-01 00:11:17,415] {dagbag.py:451} INFO - Filling up the DagBag from /home/airflow/.local/lib/python3.6/site-packages/airflow/example_dags/example_latest_only_with_trigger.py
[2023-10-01 00:11:17,474] {scheduler_job.py:639} INFO - DAG(s) dict_keys(['latest_only_with_trigger']) retrieved from /home/airflow/.local/lib/python3.6/site-packages/airflow/example_dags/example_latest_only_with_trigger.py
[2023-10-01 00:11:17,561] {logging_mixin.py:104} INFO - [2023-10-01 00:11:17,561] {dag.py:1824} INFO - Sync 1 DAGs
[2023-10-01 00:11:17,689] {logging_mixin.py:104} INFO - [2023-10-01 00:11:17,688] {dag.py:2280} INFO - Setting next_dagrun for latest_only_with_trigger to 2023-09-29 00:00:00+00:00
[2023-10-01 00:11:17,745] {scheduler_job.py:190} INFO - Processing /home/airflow/.local/lib/python3.6/site-packages/airflow/example_dags/example_latest_only_with_trigger.py took 0.352 seconds
[2023-10-01 00:12:44,190] {scheduler_job.py:182} INFO - Started process (PID=111) to work on /home/airflow/.local/lib/python3.6/site-packages/airflow/example_dags/example_latest_only_with_trigger.py
[2023-10-01 00:12:44,203] {scheduler_job.py:629} INFO - Processing file /home/airflow/.local/lib/python3.6/site-packages/airflow/example_dags/example_latest_only_with_trigger.py for tasks to queue
[2023-10-01 00:12:44,215] {logging_mixin.py:104} INFO - [2023-10-01 00:12:44,214] {dagbag.py:451} INFO - Filling up the DagBag from /home/airflow/.local/lib/python3.6/site-packages/airflow/example_dags/example_latest_only_with_trigger.py
[2023-10-01 00:12:44,298] {scheduler_job.py:639} INFO - DAG(s) dict_keys(['latest_only_with_trigger']) retrieved from /home/airflow/.local/lib/python3.6/site-packages/airflow/example_dags/example_latest_only_with_trigger.py
[2023-10-01 00:12:44,466] {logging_mixin.py:104} INFO - [2023-10-01 00:12:44,465] {dag.py:1824} INFO - Sync 1 DAGs
[2023-10-01 00:12:44,565] {logging_mixin.py:104} INFO - [2023-10-01 00:12:44,564] {dag.py:2280} INFO - Setting next_dagrun for latest_only_with_trigger to 2023-09-29 00:00:00+00:00
[2023-10-01 00:12:44,619] {scheduler_job.py:190} INFO - Processing /home/airflow/.local/lib/python3.6/site-packages/airflow/example_dags/example_latest_only_with_trigger.py took 0.451 seconds
[2023-10-01 00:13:15,506] {scheduler_job.py:182} INFO - Started process (PID=167) to work on /home/airflow/.local/lib/python3.6/site-packages/airflow/example_dags/example_latest_only_with_trigger.py
[2023-10-01 00:13:15,529] {scheduler_job.py:629} INFO - Processing file /home/airflow/.local/lib/python3.6/site-packages/airflow/example_dags/example_latest_only_with_trigger.py for tasks to queue
[2023-10-01 00:13:15,549] {logging_mixin.py:104} INFO - [2023-10-01 00:13:15,547] {dagbag.py:451} INFO - Filling up the DagBag from /home/airflow/.local/lib/python3.6/site-packages/airflow/example_dags/example_latest_only_with_trigger.py
[2023-10-01 00:13:15,845] {scheduler_job.py:639} INFO - DAG(s) dict_keys(['latest_only_with_trigger']) retrieved from /home/airflow/.local/lib/python3.6/site-packages/airflow/example_dags/example_latest_only_with_trigger.py
[2023-10-01 00:13:16,065] {logging_mixin.py:104} INFO - [2023-10-01 00:13:16,061] {dag.py:1824} INFO - Sync 1 DAGs
[2023-10-01 00:13:16,197] {logging_mixin.py:104} INFO - [2023-10-01 00:13:16,196] {dag.py:2280} INFO - Setting next_dagrun for latest_only_with_trigger to 2023-09-29 00:00:00+00:00
[2023-10-01 00:13:16,251] {scheduler_job.py:190} INFO - Processing /home/airflow/.local/lib/python3.6/site-packages/airflow/example_dags/example_latest_only_with_trigger.py took 0.811 seconds
[2023-10-01 00:13:46,866] {scheduler_job.py:182} INFO - Started process (PID=219) to work on /home/airflow/.local/lib/python3.6/site-packages/airflow/example_dags/example_latest_only_with_trigger.py
[2023-10-01 00:13:46,899] {scheduler_job.py:629} INFO - Processing file /home/airflow/.local/lib/python3.6/site-packages/airflow/example_dags/example_latest_only_with_trigger.py for tasks to queue
[2023-10-01 00:13:46,914] {logging_mixin.py:104} INFO - [2023-10-01 00:13:46,913] {dagbag.py:451} INFO - Filling up the DagBag from /home/airflow/.local/lib/python3.6/site-packages/airflow/example_dags/example_latest_only_with_trigger.py
[2023-10-01 00:13:47,069] {scheduler_job.py:639} INFO - DAG(s) dict_keys(['latest_only_with_trigger']) retrieved from /home/airflow/.local/lib/python3.6/site-packages/airflow/example_dags/example_latest_only_with_trigger.py
[2023-10-01 00:13:47,261] {logging_mixin.py:104} INFO - [2023-10-01 00:13:47,260] {dag.py:1824} INFO - Sync 1 DAGs
[2023-10-01 00:13:47,590] {logging_mixin.py:104} INFO - [2023-10-01 00:13:47,585] {dag.py:2280} INFO - Setting next_dagrun for latest_only_with_trigger to 2023-09-29 00:00:00+00:00
[2023-10-01 00:13:47,794] {scheduler_job.py:190} INFO - Processing /home/airflow/.local/lib/python3.6/site-packages/airflow/example_dags/example_latest_only_with_trigger.py took 0.962 seconds
[2023-10-01 00:14:18,856] {scheduler_job.py:182} INFO - Started process (PID=273) to work on /home/airflow/.local/lib/python3.6/site-packages/airflow/example_dags/example_latest_only_with_trigger.py
[2023-10-01 00:14:18,875] {scheduler_job.py:629} INFO - Processing file /home/airflow/.local/lib/python3.6/site-packages/airflow/example_dags/example_latest_only_with_trigger.py for tasks to queue
[2023-10-01 00:14:18,885] {logging_mixin.py:104} INFO - [2023-10-01 00:14:18,883] {dagbag.py:451} INFO - Filling up the DagBag from /home/airflow/.local/lib/python3.6/site-packages/airflow/example_dags/example_latest_only_with_trigger.py
[2023-10-01 00:14:19,056] {scheduler_job.py:639} INFO - DAG(s) dict_keys(['latest_only_with_trigger']) retrieved from /home/airflow/.local/lib/python3.6/site-packages/airflow/example_dags/example_latest_only_with_trigger.py
[2023-10-01 00:14:19,343] {logging_mixin.py:104} INFO - [2023-10-01 00:14:19,342] {dag.py:1824} INFO - Sync 1 DAGs
[2023-10-01 00:14:19,551] {logging_mixin.py:104} INFO - [2023-10-01 00:14:19,549] {dag.py:2280} INFO - Setting next_dagrun for latest_only_with_trigger to 2023-09-29 00:00:00+00:00
[2023-10-01 00:14:19,648] {scheduler_job.py:190} INFO - Processing /home/airflow/.local/lib/python3.6/site-packages/airflow/example_dags/example_latest_only_with_trigger.py took 0.830 seconds
[2023-10-01 00:14:49,837] {scheduler_job.py:182} INFO - Started process (PID=327) to work on /home/airflow/.local/lib/python3.6/site-packages/airflow/example_dags/example_latest_only_with_trigger.py
[2023-10-01 00:14:49,846] {scheduler_job.py:629} INFO - Processing file /home/airflow/.local/lib/python3.6/site-packages/airflow/example_dags/example_latest_only_with_trigger.py for tasks to queue
[2023-10-01 00:14:49,853] {logging_mixin.py:104} INFO - [2023-10-01 00:14:49,852] {dagbag.py:451} INFO - Filling up the DagBag from /home/airflow/.local/lib/python3.6/site-packages/airflow/example_dags/example_latest_only_with_trigger.py
[2023-10-01 00:14:49,925] {scheduler_job.py:639} INFO - DAG(s) dict_keys(['latest_only_with_trigger']) retrieved from /home/airflow/.local/lib/python3.6/site-packages/airflow/example_dags/example_latest_only_with_trigger.py
[2023-10-01 00:14:50,025] {logging_mixin.py:104} INFO - [2023-10-01 00:14:50,024] {dag.py:1824} INFO - Sync 1 DAGs
[2023-10-01 00:14:50,118] {logging_mixin.py:104} INFO - [2023-10-01 00:14:50,117] {dag.py:2280} INFO - Setting next_dagrun for latest_only_with_trigger to 2023-09-29 00:00:00+00:00
[2023-10-01 00:14:50,182] {scheduler_job.py:190} INFO - Processing /home/airflow/.local/lib/python3.6/site-packages/airflow/example_dags/example_latest_only_with_trigger.py took 0.361 seconds
[2023-10-01 00:15:20,686] {scheduler_job.py:182} INFO - Started process (PID=381) to work on /home/airflow/.local/lib/python3.6/site-packages/airflow/example_dags/example_latest_only_with_trigger.py
[2023-10-01 00:15:20,696] {scheduler_job.py:629} INFO - Processing file /home/airflow/.local/lib/python3.6/site-packages/airflow/example_dags/example_latest_only_with_trigger.py for tasks to queue
[2023-10-01 00:15:20,708] {logging_mixin.py:104} INFO - [2023-10-01 00:15:20,707] {dagbag.py:451} INFO - Filling up the DagBag from /home/airflow/.local/lib/python3.6/site-packages/airflow/example_dags/example_latest_only_with_trigger.py
[2023-10-01 00:15:20,836] {scheduler_job.py:639} INFO - DAG(s) dict_keys(['latest_only_with_trigger']) retrieved from /home/airflow/.local/lib/python3.6/site-packages/airflow/example_dags/example_latest_only_with_trigger.py
[2023-10-01 00:15:21,030] {logging_mixin.py:104} INFO - [2023-10-01 00:15:21,029] {dag.py:1824} INFO - Sync 1 DAGs
[2023-10-01 00:15:21,278] {logging_mixin.py:104} INFO - [2023-10-01 00:15:21,277] {dag.py:2280} INFO - Setting next_dagrun for latest_only_with_trigger to 2023-09-29 00:00:00+00:00
[2023-10-01 00:15:21,364] {scheduler_job.py:190} INFO - Processing /home/airflow/.local/lib/python3.6/site-packages/airflow/example_dags/example_latest_only_with_trigger.py took 0.705 seconds
[2023-10-01 00:15:51,761] {scheduler_job.py:182} INFO - Started process (PID=435) to work on /home/airflow/.local/lib/python3.6/site-packages/airflow/example_dags/example_latest_only_with_trigger.py
[2023-10-01 00:15:51,767] {scheduler_job.py:629} INFO - Processing file /home/airflow/.local/lib/python3.6/site-packages/airflow/example_dags/example_latest_only_with_trigger.py for tasks to queue
[2023-10-01 00:15:51,772] {logging_mixin.py:104} INFO - [2023-10-01 00:15:51,771] {dagbag.py:451} INFO - Filling up the DagBag from /home/airflow/.local/lib/python3.6/site-packages/airflow/example_dags/example_latest_only_with_trigger.py
[2023-10-01 00:15:51,826] {scheduler_job.py:639} INFO - DAG(s) dict_keys(['latest_only_with_trigger']) retrieved from /home/airflow/.local/lib/python3.6/site-packages/airflow/example_dags/example_latest_only_with_trigger.py
[2023-10-01 00:15:51,906] {logging_mixin.py:104} INFO - [2023-10-01 00:15:51,906] {dag.py:1824} INFO - Sync 1 DAGs
[2023-10-01 00:15:51,974] {logging_mixin.py:104} INFO - [2023-10-01 00:15:51,974] {dag.py:2280} INFO - Setting next_dagrun for latest_only_with_trigger to 2023-09-29 00:00:00+00:00
[2023-10-01 00:15:52,009] {scheduler_job.py:190} INFO - Processing /home/airflow/.local/lib/python3.6/site-packages/airflow/example_dags/example_latest_only_with_trigger.py took 0.258 seconds
[2023-10-01 00:16:22,557] {scheduler_job.py:182} INFO - Started process (PID=489) to work on /home/airflow/.local/lib/python3.6/site-packages/airflow/example_dags/example_latest_only_with_trigger.py
[2023-10-01 00:16:22,567] {scheduler_job.py:629} INFO - Processing file /home/airflow/.local/lib/python3.6/site-packages/airflow/example_dags/example_latest_only_with_trigger.py for tasks to queue
[2023-10-01 00:16:22,571] {logging_mixin.py:104} INFO - [2023-10-01 00:16:22,571] {dagbag.py:451} INFO - Filling up the DagBag from /home/airflow/.local/lib/python3.6/site-packages/airflow/example_dags/example_latest_only_with_trigger.py
[2023-10-01 00:16:22,633] {scheduler_job.py:639} INFO - DAG(s) dict_keys(['latest_only_with_trigger']) retrieved from /home/airflow/.local/lib/python3.6/site-packages/airflow/example_dags/example_latest_only_with_trigger.py
[2023-10-01 00:16:22,733] {logging_mixin.py:104} INFO - [2023-10-01 00:16:22,732] {dag.py:1824} INFO - Sync 1 DAGs
[2023-10-01 00:16:22,815] {logging_mixin.py:104} INFO - [2023-10-01 00:16:22,814] {dag.py:2280} INFO - Setting next_dagrun for latest_only_with_trigger to 2023-09-29 00:00:00+00:00
[2023-10-01 00:16:22,887] {scheduler_job.py:190} INFO - Processing /home/airflow/.local/lib/python3.6/site-packages/airflow/example_dags/example_latest_only_with_trigger.py took 0.343 seconds
[2023-10-01 00:17:34,898] {scheduler_job.py:182} INFO - Started process (PID=98) to work on /home/airflow/.local/lib/python3.6/site-packages/airflow/example_dags/example_latest_only_with_trigger.py
[2023-10-01 00:17:34,920] {scheduler_job.py:629} INFO - Processing file /home/airflow/.local/lib/python3.6/site-packages/airflow/example_dags/example_latest_only_with_trigger.py for tasks to queue
[2023-10-01 00:17:34,938] {logging_mixin.py:104} INFO - [2023-10-01 00:17:34,937] {dagbag.py:451} INFO - Filling up the DagBag from /home/airflow/.local/lib/python3.6/site-packages/airflow/example_dags/example_latest_only_with_trigger.py
[2023-10-01 00:17:35,181] {scheduler_job.py:639} INFO - DAG(s) dict_keys(['latest_only_with_trigger']) retrieved from /home/airflow/.local/lib/python3.6/site-packages/airflow/example_dags/example_latest_only_with_trigger.py
[2023-10-01 00:17:35,383] {logging_mixin.py:104} INFO - [2023-10-01 00:17:35,382] {dag.py:1824} INFO - Sync 1 DAGs
[2023-10-01 00:17:35,681] {logging_mixin.py:104} INFO - [2023-10-01 00:17:35,677] {dag.py:2280} INFO - Setting next_dagrun for latest_only_with_trigger to 2023-09-29 00:00:00+00:00
[2023-10-01 00:17:35,808] {scheduler_job.py:190} INFO - Processing /home/airflow/.local/lib/python3.6/site-packages/airflow/example_dags/example_latest_only_with_trigger.py took 0.959 seconds
[2023-10-01 00:18:06,722] {scheduler_job.py:182} INFO - Started process (PID=152) to work on /home/airflow/.local/lib/python3.6/site-packages/airflow/example_dags/example_latest_only_with_trigger.py
[2023-10-01 00:18:06,736] {scheduler_job.py:629} INFO - Processing file /home/airflow/.local/lib/python3.6/site-packages/airflow/example_dags/example_latest_only_with_trigger.py for tasks to queue
[2023-10-01 00:18:06,741] {logging_mixin.py:104} INFO - [2023-10-01 00:18:06,740] {dagbag.py:451} INFO - Filling up the DagBag from /home/airflow/.local/lib/python3.6/site-packages/airflow/example_dags/example_latest_only_with_trigger.py
[2023-10-01 00:18:06,875] {scheduler_job.py:639} INFO - DAG(s) dict_keys(['latest_only_with_trigger']) retrieved from /home/airflow/.local/lib/python3.6/site-packages/airflow/example_dags/example_latest_only_with_trigger.py
[2023-10-01 00:18:07,138] {logging_mixin.py:104} INFO - [2023-10-01 00:18:07,137] {dag.py:1824} INFO - Sync 1 DAGs
[2023-10-01 00:18:07,327] {logging_mixin.py:104} INFO - [2023-10-01 00:18:07,327] {dag.py:2280} INFO - Setting next_dagrun for latest_only_with_trigger to 2023-09-29 00:00:00+00:00
[2023-10-01 00:18:07,500] {scheduler_job.py:190} INFO - Processing /home/airflow/.local/lib/python3.6/site-packages/airflow/example_dags/example_latest_only_with_trigger.py took 0.803 seconds
[2023-10-01 00:18:39,176] {scheduler_job.py:182} INFO - Started process (PID=208) to work on /home/airflow/.local/lib/python3.6/site-packages/airflow/example_dags/example_latest_only_with_trigger.py
[2023-10-01 00:18:39,196] {scheduler_job.py:629} INFO - Processing file /home/airflow/.local/lib/python3.6/site-packages/airflow/example_dags/example_latest_only_with_trigger.py for tasks to queue
[2023-10-01 00:18:39,212] {logging_mixin.py:104} INFO - [2023-10-01 00:18:39,210] {dagbag.py:451} INFO - Filling up the DagBag from /home/airflow/.local/lib/python3.6/site-packages/airflow/example_dags/example_latest_only_with_trigger.py
[2023-10-01 00:18:39,462] {scheduler_job.py:639} INFO - DAG(s) dict_keys(['latest_only_with_trigger']) retrieved from /home/airflow/.local/lib/python3.6/site-packages/airflow/example_dags/example_latest_only_with_trigger.py
[2023-10-01 00:18:39,751] {logging_mixin.py:104} INFO - [2023-10-01 00:18:39,750] {dag.py:1824} INFO - Sync 1 DAGs
[2023-10-01 00:18:39,974] {logging_mixin.py:104} INFO - [2023-10-01 00:18:39,972] {dag.py:2280} INFO - Setting next_dagrun for latest_only_with_trigger to 2023-09-29 00:00:00+00:00
[2023-10-01 00:18:40,092] {scheduler_job.py:190} INFO - Processing /home/airflow/.local/lib/python3.6/site-packages/airflow/example_dags/example_latest_only_with_trigger.py took 0.951 seconds
[2023-10-01 00:19:11,058] {scheduler_job.py:182} INFO - Started process (PID=262) to work on /home/airflow/.local/lib/python3.6/site-packages/airflow/example_dags/example_latest_only_with_trigger.py
[2023-10-01 00:19:11,069] {scheduler_job.py:629} INFO - Processing file /home/airflow/.local/lib/python3.6/site-packages/airflow/example_dags/example_latest_only_with_trigger.py for tasks to queue
[2023-10-01 00:19:11,076] {logging_mixin.py:104} INFO - [2023-10-01 00:19:11,075] {dagbag.py:451} INFO - Filling up the DagBag from /home/airflow/.local/lib/python3.6/site-packages/airflow/example_dags/example_latest_only_with_trigger.py
[2023-10-01 00:19:11,170] {scheduler_job.py:639} INFO - DAG(s) dict_keys(['latest_only_with_trigger']) retrieved from /home/airflow/.local/lib/python3.6/site-packages/airflow/example_dags/example_latest_only_with_trigger.py
[2023-10-01 00:19:11,293] {logging_mixin.py:104} INFO - [2023-10-01 00:19:11,292] {dag.py:1824} INFO - Sync 1 DAGs
[2023-10-01 00:19:11,449] {logging_mixin.py:104} INFO - [2023-10-01 00:19:11,448] {dag.py:2280} INFO - Setting next_dagrun for latest_only_with_trigger to 2023-09-29 00:00:00+00:00
[2023-10-01 00:19:11,615] {scheduler_job.py:190} INFO - Processing /home/airflow/.local/lib/python3.6/site-packages/airflow/example_dags/example_latest_only_with_trigger.py took 0.589 seconds
[2023-10-01 00:19:42,485] {scheduler_job.py:182} INFO - Started process (PID=316) to work on /home/airflow/.local/lib/python3.6/site-packages/airflow/example_dags/example_latest_only_with_trigger.py
[2023-10-01 00:19:42,503] {scheduler_job.py:629} INFO - Processing file /home/airflow/.local/lib/python3.6/site-packages/airflow/example_dags/example_latest_only_with_trigger.py for tasks to queue
[2023-10-01 00:19:42,517] {logging_mixin.py:104} INFO - [2023-10-01 00:19:42,516] {dagbag.py:451} INFO - Filling up the DagBag from /home/airflow/.local/lib/python3.6/site-packages/airflow/example_dags/example_latest_only_with_trigger.py
[2023-10-01 00:19:42,708] {scheduler_job.py:639} INFO - DAG(s) dict_keys(['latest_only_with_trigger']) retrieved from /home/airflow/.local/lib/python3.6/site-packages/airflow/example_dags/example_latest_only_with_trigger.py
[2023-10-01 00:19:43,020] {logging_mixin.py:104} INFO - [2023-10-01 00:19:43,018] {dag.py:1824} INFO - Sync 1 DAGs
[2023-10-01 00:19:43,268] {logging_mixin.py:104} INFO - [2023-10-01 00:19:43,266] {dag.py:2280} INFO - Setting next_dagrun for latest_only_with_trigger to 2023-09-29 00:00:00+00:00
[2023-10-01 00:19:43,387] {scheduler_job.py:190} INFO - Processing /home/airflow/.local/lib/python3.6/site-packages/airflow/example_dags/example_latest_only_with_trigger.py took 0.915 seconds
[2023-10-01 00:20:13,603] {scheduler_job.py:182} INFO - Started process (PID=370) to work on /home/airflow/.local/lib/python3.6/site-packages/airflow/example_dags/example_latest_only_with_trigger.py
[2023-10-01 00:20:13,618] {scheduler_job.py:629} INFO - Processing file /home/airflow/.local/lib/python3.6/site-packages/airflow/example_dags/example_latest_only_with_trigger.py for tasks to queue
[2023-10-01 00:20:13,625] {logging_mixin.py:104} INFO - [2023-10-01 00:20:13,624] {dagbag.py:451} INFO - Filling up the DagBag from /home/airflow/.local/lib/python3.6/site-packages/airflow/example_dags/example_latest_only_with_trigger.py
[2023-10-01 00:20:13,700] {scheduler_job.py:639} INFO - DAG(s) dict_keys(['latest_only_with_trigger']) retrieved from /home/airflow/.local/lib/python3.6/site-packages/airflow/example_dags/example_latest_only_with_trigger.py
[2023-10-01 00:20:13,890] {logging_mixin.py:104} INFO - [2023-10-01 00:20:13,888] {dag.py:1824} INFO - Sync 1 DAGs
[2023-10-01 00:20:14,166] {logging_mixin.py:104} INFO - [2023-10-01 00:20:14,161] {dag.py:2280} INFO - Setting next_dagrun for latest_only_with_trigger to 2023-09-29 00:00:00+00:00
[2023-10-01 00:20:14,281] {scheduler_job.py:190} INFO - Processing /home/airflow/.local/lib/python3.6/site-packages/airflow/example_dags/example_latest_only_with_trigger.py took 0.692 seconds
[2023-10-01 00:20:44,700] {scheduler_job.py:182} INFO - Started process (PID=422) to work on /home/airflow/.local/lib/python3.6/site-packages/airflow/example_dags/example_latest_only_with_trigger.py
[2023-10-01 00:20:44,724] {scheduler_job.py:629} INFO - Processing file /home/airflow/.local/lib/python3.6/site-packages/airflow/example_dags/example_latest_only_with_trigger.py for tasks to queue
[2023-10-01 00:20:44,746] {logging_mixin.py:104} INFO - [2023-10-01 00:20:44,745] {dagbag.py:451} INFO - Filling up the DagBag from /home/airflow/.local/lib/python3.6/site-packages/airflow/example_dags/example_latest_only_with_trigger.py
[2023-10-01 00:20:44,907] {scheduler_job.py:639} INFO - DAG(s) dict_keys(['latest_only_with_trigger']) retrieved from /home/airflow/.local/lib/python3.6/site-packages/airflow/example_dags/example_latest_only_with_trigger.py
[2023-10-01 00:20:45,132] {logging_mixin.py:104} INFO - [2023-10-01 00:20:45,131] {dag.py:1824} INFO - Sync 1 DAGs
[2023-10-01 00:20:45,311] {logging_mixin.py:104} INFO - [2023-10-01 00:20:45,310] {dag.py:2280} INFO - Setting next_dagrun for latest_only_with_trigger to 2023-09-29 00:00:00+00:00
[2023-10-01 00:20:45,383] {scheduler_job.py:190} INFO - Processing /home/airflow/.local/lib/python3.6/site-packages/airflow/example_dags/example_latest_only_with_trigger.py took 0.720 seconds
[2023-10-01 00:21:15,697] {scheduler_job.py:182} INFO - Started process (PID=476) to work on /home/airflow/.local/lib/python3.6/site-packages/airflow/example_dags/example_latest_only_with_trigger.py
[2023-10-01 00:21:15,710] {scheduler_job.py:629} INFO - Processing file /home/airflow/.local/lib/python3.6/site-packages/airflow/example_dags/example_latest_only_with_trigger.py for tasks to queue
[2023-10-01 00:21:15,717] {logging_mixin.py:104} INFO - [2023-10-01 00:21:15,716] {dagbag.py:451} INFO - Filling up the DagBag from /home/airflow/.local/lib/python3.6/site-packages/airflow/example_dags/example_latest_only_with_trigger.py
[2023-10-01 00:21:15,827] {scheduler_job.py:639} INFO - DAG(s) dict_keys(['latest_only_with_trigger']) retrieved from /home/airflow/.local/lib/python3.6/site-packages/airflow/example_dags/example_latest_only_with_trigger.py
[2023-10-01 00:21:15,972] {logging_mixin.py:104} INFO - [2023-10-01 00:21:15,971] {dag.py:1824} INFO - Sync 1 DAGs
[2023-10-01 00:21:16,110] {logging_mixin.py:104} INFO - [2023-10-01 00:21:16,108] {dag.py:2280} INFO - Setting next_dagrun for latest_only_with_trigger to 2023-09-29 00:00:00+00:00
[2023-10-01 00:21:16,187] {scheduler_job.py:190} INFO - Processing /home/airflow/.local/lib/python3.6/site-packages/airflow/example_dags/example_latest_only_with_trigger.py took 0.533 seconds
[2023-10-01 00:21:46,836] {scheduler_job.py:182} INFO - Started process (PID=530) to work on /home/airflow/.local/lib/python3.6/site-packages/airflow/example_dags/example_latest_only_with_trigger.py
[2023-10-01 00:21:46,846] {scheduler_job.py:629} INFO - Processing file /home/airflow/.local/lib/python3.6/site-packages/airflow/example_dags/example_latest_only_with_trigger.py for tasks to queue
[2023-10-01 00:21:46,856] {logging_mixin.py:104} INFO - [2023-10-01 00:21:46,855] {dagbag.py:451} INFO - Filling up the DagBag from /home/airflow/.local/lib/python3.6/site-packages/airflow/example_dags/example_latest_only_with_trigger.py
[2023-10-01 00:21:47,003] {scheduler_job.py:639} INFO - DAG(s) dict_keys(['latest_only_with_trigger']) retrieved from /home/airflow/.local/lib/python3.6/site-packages/airflow/example_dags/example_latest_only_with_trigger.py
[2023-10-01 00:21:47,192] {logging_mixin.py:104} INFO - [2023-10-01 00:21:47,191] {dag.py:1824} INFO - Sync 1 DAGs
[2023-10-01 00:21:47,336] {logging_mixin.py:104} INFO - [2023-10-01 00:21:47,335] {dag.py:2280} INFO - Setting next_dagrun for latest_only_with_trigger to 2023-09-29 00:00:00+00:00
[2023-10-01 00:21:47,429] {scheduler_job.py:190} INFO - Processing /home/airflow/.local/lib/python3.6/site-packages/airflow/example_dags/example_latest_only_with_trigger.py took 0.626 seconds
[2023-10-01 00:22:17,902] {scheduler_job.py:182} INFO - Started process (PID=584) to work on /home/airflow/.local/lib/python3.6/site-packages/airflow/example_dags/example_latest_only_with_trigger.py
[2023-10-01 00:22:17,908] {scheduler_job.py:629} INFO - Processing file /home/airflow/.local/lib/python3.6/site-packages/airflow/example_dags/example_latest_only_with_trigger.py for tasks to queue
[2023-10-01 00:22:17,912] {logging_mixin.py:104} INFO - [2023-10-01 00:22:17,911] {dagbag.py:451} INFO - Filling up the DagBag from /home/airflow/.local/lib/python3.6/site-packages/airflow/example_dags/example_latest_only_with_trigger.py
[2023-10-01 00:22:17,963] {scheduler_job.py:639} INFO - DAG(s) dict_keys(['latest_only_with_trigger']) retrieved from /home/airflow/.local/lib/python3.6/site-packages/airflow/example_dags/example_latest_only_with_trigger.py
[2023-10-01 00:22:18,037] {logging_mixin.py:104} INFO - [2023-10-01 00:22:18,036] {dag.py:1824} INFO - Sync 1 DAGs
[2023-10-01 00:22:18,108] {logging_mixin.py:104} INFO - [2023-10-01 00:22:18,107] {dag.py:2280} INFO - Setting next_dagrun for latest_only_with_trigger to 2023-09-29 00:00:00+00:00
[2023-10-01 00:22:18,147] {scheduler_job.py:190} INFO - Processing /home/airflow/.local/lib/python3.6/site-packages/airflow/example_dags/example_latest_only_with_trigger.py took 0.256 seconds
[2023-10-01 00:22:49,015] {scheduler_job.py:182} INFO - Started process (PID=640) to work on /home/airflow/.local/lib/python3.6/site-packages/airflow/example_dags/example_latest_only_with_trigger.py
[2023-10-01 00:22:49,023] {scheduler_job.py:629} INFO - Processing file /home/airflow/.local/lib/python3.6/site-packages/airflow/example_dags/example_latest_only_with_trigger.py for tasks to queue
[2023-10-01 00:22:49,028] {logging_mixin.py:104} INFO - [2023-10-01 00:22:49,027] {dagbag.py:451} INFO - Filling up the DagBag from /home/airflow/.local/lib/python3.6/site-packages/airflow/example_dags/example_latest_only_with_trigger.py
[2023-10-01 00:22:49,080] {scheduler_job.py:639} INFO - DAG(s) dict_keys(['latest_only_with_trigger']) retrieved from /home/airflow/.local/lib/python3.6/site-packages/airflow/example_dags/example_latest_only_with_trigger.py
[2023-10-01 00:22:49,157] {logging_mixin.py:104} INFO - [2023-10-01 00:22:49,156] {dag.py:1824} INFO - Sync 1 DAGs
[2023-10-01 00:22:49,225] {logging_mixin.py:104} INFO - [2023-10-01 00:22:49,224] {dag.py:2280} INFO - Setting next_dagrun for latest_only_with_trigger to 2023-09-29 00:00:00+00:00
[2023-10-01 00:22:49,259] {scheduler_job.py:190} INFO - Processing /home/airflow/.local/lib/python3.6/site-packages/airflow/example_dags/example_latest_only_with_trigger.py took 0.254 seconds
[2023-10-01 00:23:20,354] {scheduler_job.py:182} INFO - Started process (PID=694) to work on /home/airflow/.local/lib/python3.6/site-packages/airflow/example_dags/example_latest_only_with_trigger.py
[2023-10-01 00:23:20,368] {scheduler_job.py:629} INFO - Processing file /home/airflow/.local/lib/python3.6/site-packages/airflow/example_dags/example_latest_only_with_trigger.py for tasks to queue
[2023-10-01 00:23:20,379] {logging_mixin.py:104} INFO - [2023-10-01 00:23:20,378] {dagbag.py:451} INFO - Filling up the DagBag from /home/airflow/.local/lib/python3.6/site-packages/airflow/example_dags/example_latest_only_with_trigger.py
[2023-10-01 00:23:20,554] {scheduler_job.py:639} INFO - DAG(s) dict_keys(['latest_only_with_trigger']) retrieved from /home/airflow/.local/lib/python3.6/site-packages/airflow/example_dags/example_latest_only_with_trigger.py
[2023-10-01 00:23:21,068] {logging_mixin.py:104} INFO - [2023-10-01 00:23:21,066] {dag.py:1824} INFO - Sync 1 DAGs
[2023-10-01 00:23:21,197] {logging_mixin.py:104} INFO - [2023-10-01 00:23:21,196] {dag.py:2280} INFO - Setting next_dagrun for latest_only_with_trigger to 2023-09-29 00:00:00+00:00
[2023-10-01 00:23:21,257] {scheduler_job.py:190} INFO - Processing /home/airflow/.local/lib/python3.6/site-packages/airflow/example_dags/example_latest_only_with_trigger.py took 0.944 seconds
[2023-10-01 00:23:52,038] {scheduler_job.py:182} INFO - Started process (PID=748) to work on /home/airflow/.local/lib/python3.6/site-packages/airflow/example_dags/example_latest_only_with_trigger.py
[2023-10-01 00:23:52,045] {scheduler_job.py:629} INFO - Processing file /home/airflow/.local/lib/python3.6/site-packages/airflow/example_dags/example_latest_only_with_trigger.py for tasks to queue
[2023-10-01 00:23:52,050] {logging_mixin.py:104} INFO - [2023-10-01 00:23:52,049] {dagbag.py:451} INFO - Filling up the DagBag from /home/airflow/.local/lib/python3.6/site-packages/airflow/example_dags/example_latest_only_with_trigger.py
[2023-10-01 00:23:52,103] {scheduler_job.py:639} INFO - DAG(s) dict_keys(['latest_only_with_trigger']) retrieved from /home/airflow/.local/lib/python3.6/site-packages/airflow/example_dags/example_latest_only_with_trigger.py
[2023-10-01 00:23:52,183] {logging_mixin.py:104} INFO - [2023-10-01 00:23:52,182] {dag.py:1824} INFO - Sync 1 DAGs
[2023-10-01 00:23:52,255] {logging_mixin.py:104} INFO - [2023-10-01 00:23:52,255] {dag.py:2280} INFO - Setting next_dagrun for latest_only_with_trigger to 2023-09-29 00:00:00+00:00
[2023-10-01 00:23:52,292] {scheduler_job.py:190} INFO - Processing /home/airflow/.local/lib/python3.6/site-packages/airflow/example_dags/example_latest_only_with_trigger.py took 0.269 seconds
[2023-10-01 00:24:22,859] {scheduler_job.py:182} INFO - Started process (PID=804) to work on /home/airflow/.local/lib/python3.6/site-packages/airflow/example_dags/example_latest_only_with_trigger.py
[2023-10-01 00:24:22,866] {scheduler_job.py:629} INFO - Processing file /home/airflow/.local/lib/python3.6/site-packages/airflow/example_dags/example_latest_only_with_trigger.py for tasks to queue
[2023-10-01 00:24:22,870] {logging_mixin.py:104} INFO - [2023-10-01 00:24:22,870] {dagbag.py:451} INFO - Filling up the DagBag from /home/airflow/.local/lib/python3.6/site-packages/airflow/example_dags/example_latest_only_with_trigger.py
[2023-10-01 00:24:22,926] {scheduler_job.py:639} INFO - DAG(s) dict_keys(['latest_only_with_trigger']) retrieved from /home/airflow/.local/lib/python3.6/site-packages/airflow/example_dags/example_latest_only_with_trigger.py
[2023-10-01 00:24:23,025] {logging_mixin.py:104} INFO - [2023-10-01 00:24:23,025] {dag.py:1824} INFO - Sync 1 DAGs
[2023-10-01 00:24:23,106] {logging_mixin.py:104} INFO - [2023-10-01 00:24:23,106] {dag.py:2280} INFO - Setting next_dagrun for latest_only_with_trigger to 2023-09-29 00:00:00+00:00
[2023-10-01 00:24:23,170] {scheduler_job.py:190} INFO - Processing /home/airflow/.local/lib/python3.6/site-packages/airflow/example_dags/example_latest_only_with_trigger.py took 0.321 seconds
[2023-10-01 00:24:55,190] {scheduler_job.py:182} INFO - Started process (PID=864) to work on /home/airflow/.local/lib/python3.6/site-packages/airflow/example_dags/example_latest_only_with_trigger.py
[2023-10-01 00:24:55,198] {scheduler_job.py:629} INFO - Processing file /home/airflow/.local/lib/python3.6/site-packages/airflow/example_dags/example_latest_only_with_trigger.py for tasks to queue
[2023-10-01 00:24:55,202] {logging_mixin.py:104} INFO - [2023-10-01 00:24:55,201] {dagbag.py:451} INFO - Filling up the DagBag from /home/airflow/.local/lib/python3.6/site-packages/airflow/example_dags/example_latest_only_with_trigger.py
[2023-10-01 00:24:55,255] {scheduler_job.py:639} INFO - DAG(s) dict_keys(['latest_only_with_trigger']) retrieved from /home/airflow/.local/lib/python3.6/site-packages/airflow/example_dags/example_latest_only_with_trigger.py
[2023-10-01 00:24:55,333] {logging_mixin.py:104} INFO - [2023-10-01 00:24:55,332] {dag.py:1824} INFO - Sync 1 DAGs
[2023-10-01 00:24:55,640] {logging_mixin.py:104} INFO - [2023-10-01 00:24:55,638] {dag.py:2280} INFO - Setting next_dagrun for latest_only_with_trigger to 2023-09-29 00:00:00+00:00
[2023-10-01 00:24:55,709] {scheduler_job.py:190} INFO - Processing /home/airflow/.local/lib/python3.6/site-packages/airflow/example_dags/example_latest_only_with_trigger.py took 0.529 seconds
