[2023-10-01 00:05:12,651] {scheduler_job.py:182} INFO - Started process (PID=94) to work on /home/airflow/.local/lib/python3.6/site-packages/airflow/example_dags/example_dag_decorator.py
[2023-10-01 00:05:12,668] {scheduler_job.py:629} INFO - Processing file /home/airflow/.local/lib/python3.6/site-packages/airflow/example_dags/example_dag_decorator.py for tasks to queue
[2023-10-01 00:05:12,688] {logging_mixin.py:104} INFO - [2023-10-01 00:05:12,687] {dagbag.py:451} INFO - Filling up the DagBag from /home/airflow/.local/lib/python3.6/site-packages/airflow/example_dags/example_dag_decorator.py
[2023-10-01 00:05:13,262] {scheduler_job.py:639} INFO - DAG(s) dict_keys(['example_dag_decorator']) retrieved from /home/airflow/.local/lib/python3.6/site-packages/airflow/example_dags/example_dag_decorator.py
[2023-10-01 00:05:13,705] {logging_mixin.py:104} INFO - [2023-10-01 00:05:13,704] {dag.py:1824} INFO - Sync 1 DAGs
[2023-10-01 00:05:13,897] {logging_mixin.py:104} INFO - [2023-10-01 00:05:13,896] {dag.py:1843} INFO - Creating ORM DAG for example_dag_decorator
[2023-10-01 00:05:14,025] {logging_mixin.py:104} INFO - [2023-10-01 00:05:14,024] {dag.py:2280} INFO - Setting next_dagrun for example_dag_decorator to None
[2023-10-01 00:05:14,353] {scheduler_job.py:190} INFO - Processing /home/airflow/.local/lib/python3.6/site-packages/airflow/example_dags/example_dag_decorator.py took 1.758 seconds
[2023-10-01 00:05:44,443] {scheduler_job.py:182} INFO - Started process (PID=146) to work on /home/airflow/.local/lib/python3.6/site-packages/airflow/example_dags/example_dag_decorator.py
[2023-10-01 00:05:44,450] {scheduler_job.py:629} INFO - Processing file /home/airflow/.local/lib/python3.6/site-packages/airflow/example_dags/example_dag_decorator.py for tasks to queue
[2023-10-01 00:05:44,456] {logging_mixin.py:104} INFO - [2023-10-01 00:05:44,455] {dagbag.py:451} INFO - Filling up the DagBag from /home/airflow/.local/lib/python3.6/site-packages/airflow/example_dags/example_dag_decorator.py
[2023-10-01 00:05:44,548] {scheduler_job.py:639} INFO - DAG(s) dict_keys(['example_dag_decorator']) retrieved from /home/airflow/.local/lib/python3.6/site-packages/airflow/example_dags/example_dag_decorator.py
[2023-10-01 00:05:44,687] {logging_mixin.py:104} INFO - [2023-10-01 00:05:44,687] {dag.py:1824} INFO - Sync 1 DAGs
[2023-10-01 00:05:44,764] {logging_mixin.py:104} INFO - [2023-10-01 00:05:44,763] {dag.py:2280} INFO - Setting next_dagrun for example_dag_decorator to None
[2023-10-01 00:05:44,831] {scheduler_job.py:190} INFO - Processing /home/airflow/.local/lib/python3.6/site-packages/airflow/example_dags/example_dag_decorator.py took 0.401 seconds
[2023-10-01 00:06:14,976] {scheduler_job.py:182} INFO - Started process (PID=200) to work on /home/airflow/.local/lib/python3.6/site-packages/airflow/example_dags/example_dag_decorator.py
[2023-10-01 00:06:14,984] {scheduler_job.py:629} INFO - Processing file /home/airflow/.local/lib/python3.6/site-packages/airflow/example_dags/example_dag_decorator.py for tasks to queue
[2023-10-01 00:06:14,989] {logging_mixin.py:104} INFO - [2023-10-01 00:06:14,988] {dagbag.py:451} INFO - Filling up the DagBag from /home/airflow/.local/lib/python3.6/site-packages/airflow/example_dags/example_dag_decorator.py
[2023-10-01 00:06:15,112] {scheduler_job.py:639} INFO - DAG(s) dict_keys(['example_dag_decorator']) retrieved from /home/airflow/.local/lib/python3.6/site-packages/airflow/example_dags/example_dag_decorator.py
[2023-10-01 00:06:15,260] {logging_mixin.py:104} INFO - [2023-10-01 00:06:15,259] {dag.py:1824} INFO - Sync 1 DAGs
[2023-10-01 00:06:15,454] {logging_mixin.py:104} INFO - [2023-10-01 00:06:15,453] {dag.py:2280} INFO - Setting next_dagrun for example_dag_decorator to None
[2023-10-01 00:06:15,599] {scheduler_job.py:190} INFO - Processing /home/airflow/.local/lib/python3.6/site-packages/airflow/example_dags/example_dag_decorator.py took 0.640 seconds
[2023-10-01 00:06:46,254] {scheduler_job.py:182} INFO - Started process (PID=254) to work on /home/airflow/.local/lib/python3.6/site-packages/airflow/example_dags/example_dag_decorator.py
[2023-10-01 00:06:46,274] {scheduler_job.py:629} INFO - Processing file /home/airflow/.local/lib/python3.6/site-packages/airflow/example_dags/example_dag_decorator.py for tasks to queue
[2023-10-01 00:06:46,288] {logging_mixin.py:104} INFO - [2023-10-01 00:06:46,284] {dagbag.py:451} INFO - Filling up the DagBag from /home/airflow/.local/lib/python3.6/site-packages/airflow/example_dags/example_dag_decorator.py
[2023-10-01 00:06:46,567] {scheduler_job.py:639} INFO - DAG(s) dict_keys(['example_dag_decorator']) retrieved from /home/airflow/.local/lib/python3.6/site-packages/airflow/example_dags/example_dag_decorator.py
[2023-10-01 00:06:46,755] {logging_mixin.py:104} INFO - [2023-10-01 00:06:46,754] {dag.py:1824} INFO - Sync 1 DAGs
[2023-10-01 00:06:46,896] {logging_mixin.py:104} INFO - [2023-10-01 00:06:46,895] {dag.py:2280} INFO - Setting next_dagrun for example_dag_decorator to None
[2023-10-01 00:06:47,000] {scheduler_job.py:190} INFO - Processing /home/airflow/.local/lib/python3.6/site-packages/airflow/example_dags/example_dag_decorator.py took 0.805 seconds
[2023-10-01 00:07:17,879] {scheduler_job.py:182} INFO - Started process (PID=310) to work on /home/airflow/.local/lib/python3.6/site-packages/airflow/example_dags/example_dag_decorator.py
[2023-10-01 00:07:17,898] {scheduler_job.py:629} INFO - Processing file /home/airflow/.local/lib/python3.6/site-packages/airflow/example_dags/example_dag_decorator.py for tasks to queue
[2023-10-01 00:07:17,908] {logging_mixin.py:104} INFO - [2023-10-01 00:07:17,907] {dagbag.py:451} INFO - Filling up the DagBag from /home/airflow/.local/lib/python3.6/site-packages/airflow/example_dags/example_dag_decorator.py
[2023-10-01 00:07:18,061] {scheduler_job.py:639} INFO - DAG(s) dict_keys(['example_dag_decorator']) retrieved from /home/airflow/.local/lib/python3.6/site-packages/airflow/example_dags/example_dag_decorator.py
[2023-10-01 00:07:18,243] {logging_mixin.py:104} INFO - [2023-10-01 00:07:18,242] {dag.py:1824} INFO - Sync 1 DAGs
[2023-10-01 00:07:18,433] {logging_mixin.py:104} INFO - [2023-10-01 00:07:18,432] {dag.py:2280} INFO - Setting next_dagrun for example_dag_decorator to None
[2023-10-01 00:07:18,567] {scheduler_job.py:190} INFO - Processing /home/airflow/.local/lib/python3.6/site-packages/airflow/example_dags/example_dag_decorator.py took 0.722 seconds
[2023-10-01 00:07:48,889] {scheduler_job.py:182} INFO - Started process (PID=362) to work on /home/airflow/.local/lib/python3.6/site-packages/airflow/example_dags/example_dag_decorator.py
[2023-10-01 00:07:48,916] {scheduler_job.py:629} INFO - Processing file /home/airflow/.local/lib/python3.6/site-packages/airflow/example_dags/example_dag_decorator.py for tasks to queue
[2023-10-01 00:07:48,923] {logging_mixin.py:104} INFO - [2023-10-01 00:07:48,922] {dagbag.py:451} INFO - Filling up the DagBag from /home/airflow/.local/lib/python3.6/site-packages/airflow/example_dags/example_dag_decorator.py
[2023-10-01 00:07:49,126] {scheduler_job.py:639} INFO - DAG(s) dict_keys(['example_dag_decorator']) retrieved from /home/airflow/.local/lib/python3.6/site-packages/airflow/example_dags/example_dag_decorator.py
[2023-10-01 00:07:49,344] {logging_mixin.py:104} INFO - [2023-10-01 00:07:49,343] {dag.py:1824} INFO - Sync 1 DAGs
[2023-10-01 00:07:49,466] {logging_mixin.py:104} INFO - [2023-10-01 00:07:49,465] {dag.py:2280} INFO - Setting next_dagrun for example_dag_decorator to None
[2023-10-01 00:07:49,571] {scheduler_job.py:190} INFO - Processing /home/airflow/.local/lib/python3.6/site-packages/airflow/example_dags/example_dag_decorator.py took 0.713 seconds
[2023-10-01 00:08:20,238] {scheduler_job.py:182} INFO - Started process (PID=416) to work on /home/airflow/.local/lib/python3.6/site-packages/airflow/example_dags/example_dag_decorator.py
[2023-10-01 00:08:20,244] {scheduler_job.py:629} INFO - Processing file /home/airflow/.local/lib/python3.6/site-packages/airflow/example_dags/example_dag_decorator.py for tasks to queue
[2023-10-01 00:08:20,249] {logging_mixin.py:104} INFO - [2023-10-01 00:08:20,248] {dagbag.py:451} INFO - Filling up the DagBag from /home/airflow/.local/lib/python3.6/site-packages/airflow/example_dags/example_dag_decorator.py
[2023-10-01 00:08:20,371] {scheduler_job.py:639} INFO - DAG(s) dict_keys(['example_dag_decorator']) retrieved from /home/airflow/.local/lib/python3.6/site-packages/airflow/example_dags/example_dag_decorator.py
[2023-10-01 00:08:20,476] {logging_mixin.py:104} INFO - [2023-10-01 00:08:20,475] {dag.py:1824} INFO - Sync 1 DAGs
[2023-10-01 00:08:20,546] {logging_mixin.py:104} INFO - [2023-10-01 00:08:20,546] {dag.py:2280} INFO - Setting next_dagrun for example_dag_decorator to None
[2023-10-01 00:08:20,604] {scheduler_job.py:190} INFO - Processing /home/airflow/.local/lib/python3.6/site-packages/airflow/example_dags/example_dag_decorator.py took 0.378 seconds
[2023-10-01 00:08:50,796] {scheduler_job.py:182} INFO - Started process (PID=470) to work on /home/airflow/.local/lib/python3.6/site-packages/airflow/example_dags/example_dag_decorator.py
[2023-10-01 00:08:50,825] {scheduler_job.py:629} INFO - Processing file /home/airflow/.local/lib/python3.6/site-packages/airflow/example_dags/example_dag_decorator.py for tasks to queue
[2023-10-01 00:08:50,846] {logging_mixin.py:104} INFO - [2023-10-01 00:08:50,840] {dagbag.py:451} INFO - Filling up the DagBag from /home/airflow/.local/lib/python3.6/site-packages/airflow/example_dags/example_dag_decorator.py
[2023-10-01 00:08:51,431] {scheduler_job.py:639} INFO - DAG(s) dict_keys(['example_dag_decorator']) retrieved from /home/airflow/.local/lib/python3.6/site-packages/airflow/example_dags/example_dag_decorator.py
[2023-10-01 00:08:51,923] {logging_mixin.py:104} INFO - [2023-10-01 00:08:51,916] {dag.py:1824} INFO - Sync 1 DAGs
[2023-10-01 00:08:52,189] {logging_mixin.py:104} INFO - [2023-10-01 00:08:52,188] {dag.py:2280} INFO - Setting next_dagrun for example_dag_decorator to None
[2023-10-01 00:08:52,453] {scheduler_job.py:190} INFO - Processing /home/airflow/.local/lib/python3.6/site-packages/airflow/example_dags/example_dag_decorator.py took 1.742 seconds
[2023-10-01 00:09:22,802] {scheduler_job.py:182} INFO - Started process (PID=526) to work on /home/airflow/.local/lib/python3.6/site-packages/airflow/example_dags/example_dag_decorator.py
[2023-10-01 00:09:22,807] {scheduler_job.py:629} INFO - Processing file /home/airflow/.local/lib/python3.6/site-packages/airflow/example_dags/example_dag_decorator.py for tasks to queue
[2023-10-01 00:09:22,810] {logging_mixin.py:104} INFO - [2023-10-01 00:09:22,810] {dagbag.py:451} INFO - Filling up the DagBag from /home/airflow/.local/lib/python3.6/site-packages/airflow/example_dags/example_dag_decorator.py
[2023-10-01 00:09:22,886] {scheduler_job.py:639} INFO - DAG(s) dict_keys(['example_dag_decorator']) retrieved from /home/airflow/.local/lib/python3.6/site-packages/airflow/example_dags/example_dag_decorator.py
[2023-10-01 00:09:22,971] {logging_mixin.py:104} INFO - [2023-10-01 00:09:22,970] {dag.py:1824} INFO - Sync 1 DAGs
[2023-10-01 00:09:23,034] {logging_mixin.py:104} INFO - [2023-10-01 00:09:23,034] {dag.py:2280} INFO - Setting next_dagrun for example_dag_decorator to None
[2023-10-01 00:09:23,078] {scheduler_job.py:190} INFO - Processing /home/airflow/.local/lib/python3.6/site-packages/airflow/example_dags/example_dag_decorator.py took 0.285 seconds
[2023-10-01 00:09:53,189] {scheduler_job.py:182} INFO - Started process (PID=580) to work on /home/airflow/.local/lib/python3.6/site-packages/airflow/example_dags/example_dag_decorator.py
[2023-10-01 00:09:53,194] {scheduler_job.py:629} INFO - Processing file /home/airflow/.local/lib/python3.6/site-packages/airflow/example_dags/example_dag_decorator.py for tasks to queue
[2023-10-01 00:09:53,198] {logging_mixin.py:104} INFO - [2023-10-01 00:09:53,197] {dagbag.py:451} INFO - Filling up the DagBag from /home/airflow/.local/lib/python3.6/site-packages/airflow/example_dags/example_dag_decorator.py
[2023-10-01 00:09:53,274] {scheduler_job.py:639} INFO - DAG(s) dict_keys(['example_dag_decorator']) retrieved from /home/airflow/.local/lib/python3.6/site-packages/airflow/example_dags/example_dag_decorator.py
[2023-10-01 00:09:53,358] {logging_mixin.py:104} INFO - [2023-10-01 00:09:53,358] {dag.py:1824} INFO - Sync 1 DAGs
[2023-10-01 00:09:53,423] {logging_mixin.py:104} INFO - [2023-10-01 00:09:53,423] {dag.py:2280} INFO - Setting next_dagrun for example_dag_decorator to None
[2023-10-01 00:09:53,466] {scheduler_job.py:190} INFO - Processing /home/airflow/.local/lib/python3.6/site-packages/airflow/example_dags/example_dag_decorator.py took 0.286 seconds
[2023-10-01 00:10:23,787] {scheduler_job.py:182} INFO - Started process (PID=632) to work on /home/airflow/.local/lib/python3.6/site-packages/airflow/example_dags/example_dag_decorator.py
[2023-10-01 00:10:23,799] {scheduler_job.py:629} INFO - Processing file /home/airflow/.local/lib/python3.6/site-packages/airflow/example_dags/example_dag_decorator.py for tasks to queue
[2023-10-01 00:10:23,807] {logging_mixin.py:104} INFO - [2023-10-01 00:10:23,807] {dagbag.py:451} INFO - Filling up the DagBag from /home/airflow/.local/lib/python3.6/site-packages/airflow/example_dags/example_dag_decorator.py
[2023-10-01 00:10:23,928] {scheduler_job.py:639} INFO - DAG(s) dict_keys(['example_dag_decorator']) retrieved from /home/airflow/.local/lib/python3.6/site-packages/airflow/example_dags/example_dag_decorator.py
[2023-10-01 00:10:24,079] {logging_mixin.py:104} INFO - [2023-10-01 00:10:24,078] {dag.py:1824} INFO - Sync 1 DAGs
[2023-10-01 00:10:24,182] {logging_mixin.py:104} INFO - [2023-10-01 00:10:24,181] {dag.py:2280} INFO - Setting next_dagrun for example_dag_decorator to None
[2023-10-01 00:10:24,255] {scheduler_job.py:190} INFO - Processing /home/airflow/.local/lib/python3.6/site-packages/airflow/example_dags/example_dag_decorator.py took 0.487 seconds
[2023-10-01 00:10:54,436] {scheduler_job.py:182} INFO - Started process (PID=686) to work on /home/airflow/.local/lib/python3.6/site-packages/airflow/example_dags/example_dag_decorator.py
[2023-10-01 00:10:54,442] {scheduler_job.py:629} INFO - Processing file /home/airflow/.local/lib/python3.6/site-packages/airflow/example_dags/example_dag_decorator.py for tasks to queue
[2023-10-01 00:10:54,447] {logging_mixin.py:104} INFO - [2023-10-01 00:10:54,446] {dagbag.py:451} INFO - Filling up the DagBag from /home/airflow/.local/lib/python3.6/site-packages/airflow/example_dags/example_dag_decorator.py
[2023-10-01 00:10:54,557] {scheduler_job.py:639} INFO - DAG(s) dict_keys(['example_dag_decorator']) retrieved from /home/airflow/.local/lib/python3.6/site-packages/airflow/example_dags/example_dag_decorator.py
[2023-10-01 00:10:54,656] {logging_mixin.py:104} INFO - [2023-10-01 00:10:54,655] {dag.py:1824} INFO - Sync 1 DAGs
[2023-10-01 00:10:54,735] {logging_mixin.py:104} INFO - [2023-10-01 00:10:54,735] {dag.py:2280} INFO - Setting next_dagrun for example_dag_decorator to None
[2023-10-01 00:10:54,790] {scheduler_job.py:190} INFO - Processing /home/airflow/.local/lib/python3.6/site-packages/airflow/example_dags/example_dag_decorator.py took 0.365 seconds
[2023-10-01 00:12:28,626] {scheduler_job.py:182} INFO - Started process (PID=73) to work on /home/airflow/.local/lib/python3.6/site-packages/airflow/example_dags/example_dag_decorator.py
[2023-10-01 00:12:28,664] {scheduler_job.py:629} INFO - Processing file /home/airflow/.local/lib/python3.6/site-packages/airflow/example_dags/example_dag_decorator.py for tasks to queue
[2023-10-01 00:12:28,673] {logging_mixin.py:104} INFO - [2023-10-01 00:12:28,672] {dagbag.py:451} INFO - Filling up the DagBag from /home/airflow/.local/lib/python3.6/site-packages/airflow/example_dags/example_dag_decorator.py
[2023-10-01 00:12:29,125] {scheduler_job.py:639} INFO - DAG(s) dict_keys(['example_dag_decorator']) retrieved from /home/airflow/.local/lib/python3.6/site-packages/airflow/example_dags/example_dag_decorator.py
[2023-10-01 00:12:29,496] {logging_mixin.py:104} INFO - [2023-10-01 00:12:29,495] {dag.py:1824} INFO - Sync 1 DAGs
[2023-10-01 00:12:29,731] {logging_mixin.py:104} INFO - [2023-10-01 00:12:29,731] {dag.py:2280} INFO - Setting next_dagrun for example_dag_decorator to None
[2023-10-01 00:12:29,879] {scheduler_job.py:190} INFO - Processing /home/airflow/.local/lib/python3.6/site-packages/airflow/example_dags/example_dag_decorator.py took 1.330 seconds
[2023-10-01 00:13:00,501] {scheduler_job.py:182} INFO - Started process (PID=126) to work on /home/airflow/.local/lib/python3.6/site-packages/airflow/example_dags/example_dag_decorator.py
[2023-10-01 00:13:00,525] {scheduler_job.py:629} INFO - Processing file /home/airflow/.local/lib/python3.6/site-packages/airflow/example_dags/example_dag_decorator.py for tasks to queue
[2023-10-01 00:13:00,551] {logging_mixin.py:104} INFO - [2023-10-01 00:13:00,550] {dagbag.py:451} INFO - Filling up the DagBag from /home/airflow/.local/lib/python3.6/site-packages/airflow/example_dags/example_dag_decorator.py
[2023-10-01 00:13:00,881] {scheduler_job.py:639} INFO - DAG(s) dict_keys(['example_dag_decorator']) retrieved from /home/airflow/.local/lib/python3.6/site-packages/airflow/example_dags/example_dag_decorator.py
[2023-10-01 00:13:01,187] {logging_mixin.py:104} INFO - [2023-10-01 00:13:01,185] {dag.py:1824} INFO - Sync 1 DAGs
[2023-10-01 00:13:01,562] {logging_mixin.py:104} INFO - [2023-10-01 00:13:01,561] {dag.py:2280} INFO - Setting next_dagrun for example_dag_decorator to None
[2023-10-01 00:13:01,717] {scheduler_job.py:190} INFO - Processing /home/airflow/.local/lib/python3.6/site-packages/airflow/example_dags/example_dag_decorator.py took 1.243 seconds
[2023-10-01 00:13:32,296] {scheduler_job.py:182} INFO - Started process (PID=180) to work on /home/airflow/.local/lib/python3.6/site-packages/airflow/example_dags/example_dag_decorator.py
[2023-10-01 00:13:32,310] {scheduler_job.py:629} INFO - Processing file /home/airflow/.local/lib/python3.6/site-packages/airflow/example_dags/example_dag_decorator.py for tasks to queue
[2023-10-01 00:13:32,327] {logging_mixin.py:104} INFO - [2023-10-01 00:13:32,326] {dagbag.py:451} INFO - Filling up the DagBag from /home/airflow/.local/lib/python3.6/site-packages/airflow/example_dags/example_dag_decorator.py
[2023-10-01 00:13:32,718] {scheduler_job.py:639} INFO - DAG(s) dict_keys(['example_dag_decorator']) retrieved from /home/airflow/.local/lib/python3.6/site-packages/airflow/example_dags/example_dag_decorator.py
[2023-10-01 00:13:32,882] {logging_mixin.py:104} INFO - [2023-10-01 00:13:32,881] {dag.py:1824} INFO - Sync 1 DAGs
[2023-10-01 00:13:33,067] {logging_mixin.py:104} INFO - [2023-10-01 00:13:33,066] {dag.py:2280} INFO - Setting next_dagrun for example_dag_decorator to None
[2023-10-01 00:13:33,171] {scheduler_job.py:190} INFO - Processing /home/airflow/.local/lib/python3.6/site-packages/airflow/example_dags/example_dag_decorator.py took 0.915 seconds
[2023-10-01 00:14:03,919] {scheduler_job.py:182} INFO - Started process (PID=235) to work on /home/airflow/.local/lib/python3.6/site-packages/airflow/example_dags/example_dag_decorator.py
[2023-10-01 00:14:03,943] {scheduler_job.py:629} INFO - Processing file /home/airflow/.local/lib/python3.6/site-packages/airflow/example_dags/example_dag_decorator.py for tasks to queue
[2023-10-01 00:14:03,961] {logging_mixin.py:104} INFO - [2023-10-01 00:14:03,952] {dagbag.py:451} INFO - Filling up the DagBag from /home/airflow/.local/lib/python3.6/site-packages/airflow/example_dags/example_dag_decorator.py
[2023-10-01 00:14:04,384] {scheduler_job.py:639} INFO - DAG(s) dict_keys(['example_dag_decorator']) retrieved from /home/airflow/.local/lib/python3.6/site-packages/airflow/example_dags/example_dag_decorator.py
[2023-10-01 00:14:04,760] {logging_mixin.py:104} INFO - [2023-10-01 00:14:04,759] {dag.py:1824} INFO - Sync 1 DAGs
[2023-10-01 00:14:04,971] {logging_mixin.py:104} INFO - [2023-10-01 00:14:04,970] {dag.py:2280} INFO - Setting next_dagrun for example_dag_decorator to None
[2023-10-01 00:14:05,115] {scheduler_job.py:190} INFO - Processing /home/airflow/.local/lib/python3.6/site-packages/airflow/example_dags/example_dag_decorator.py took 1.275 seconds
[2023-10-01 00:14:35,452] {scheduler_job.py:182} INFO - Started process (PID=289) to work on /home/airflow/.local/lib/python3.6/site-packages/airflow/example_dags/example_dag_decorator.py
[2023-10-01 00:14:35,469] {scheduler_job.py:629} INFO - Processing file /home/airflow/.local/lib/python3.6/site-packages/airflow/example_dags/example_dag_decorator.py for tasks to queue
[2023-10-01 00:14:35,480] {logging_mixin.py:104} INFO - [2023-10-01 00:14:35,479] {dagbag.py:451} INFO - Filling up the DagBag from /home/airflow/.local/lib/python3.6/site-packages/airflow/example_dags/example_dag_decorator.py
[2023-10-01 00:14:35,642] {scheduler_job.py:639} INFO - DAG(s) dict_keys(['example_dag_decorator']) retrieved from /home/airflow/.local/lib/python3.6/site-packages/airflow/example_dags/example_dag_decorator.py
[2023-10-01 00:14:35,836] {logging_mixin.py:104} INFO - [2023-10-01 00:14:35,834] {dag.py:1824} INFO - Sync 1 DAGs
[2023-10-01 00:14:36,108] {logging_mixin.py:104} INFO - [2023-10-01 00:14:36,107] {dag.py:2280} INFO - Setting next_dagrun for example_dag_decorator to None
[2023-10-01 00:14:36,268] {scheduler_job.py:190} INFO - Processing /home/airflow/.local/lib/python3.6/site-packages/airflow/example_dags/example_dag_decorator.py took 0.842 seconds
[2023-10-01 00:15:06,499] {scheduler_job.py:182} INFO - Started process (PID=343) to work on /home/airflow/.local/lib/python3.6/site-packages/airflow/example_dags/example_dag_decorator.py
[2023-10-01 00:15:06,519] {scheduler_job.py:629} INFO - Processing file /home/airflow/.local/lib/python3.6/site-packages/airflow/example_dags/example_dag_decorator.py for tasks to queue
[2023-10-01 00:15:06,527] {logging_mixin.py:104} INFO - [2023-10-01 00:15:06,526] {dagbag.py:451} INFO - Filling up the DagBag from /home/airflow/.local/lib/python3.6/site-packages/airflow/example_dags/example_dag_decorator.py
[2023-10-01 00:15:06,673] {scheduler_job.py:639} INFO - DAG(s) dict_keys(['example_dag_decorator']) retrieved from /home/airflow/.local/lib/python3.6/site-packages/airflow/example_dags/example_dag_decorator.py
[2023-10-01 00:15:06,836] {logging_mixin.py:104} INFO - [2023-10-01 00:15:06,835] {dag.py:1824} INFO - Sync 1 DAGs
[2023-10-01 00:15:06,955] {logging_mixin.py:104} INFO - [2023-10-01 00:15:06,954] {dag.py:2280} INFO - Setting next_dagrun for example_dag_decorator to None
[2023-10-01 00:15:07,068] {scheduler_job.py:190} INFO - Processing /home/airflow/.local/lib/python3.6/site-packages/airflow/example_dags/example_dag_decorator.py took 0.602 seconds
[2023-10-01 00:15:37,464] {scheduler_job.py:182} INFO - Started process (PID=397) to work on /home/airflow/.local/lib/python3.6/site-packages/airflow/example_dags/example_dag_decorator.py
[2023-10-01 00:15:37,472] {scheduler_job.py:629} INFO - Processing file /home/airflow/.local/lib/python3.6/site-packages/airflow/example_dags/example_dag_decorator.py for tasks to queue
[2023-10-01 00:15:37,476] {logging_mixin.py:104} INFO - [2023-10-01 00:15:37,476] {dagbag.py:451} INFO - Filling up the DagBag from /home/airflow/.local/lib/python3.6/site-packages/airflow/example_dags/example_dag_decorator.py
[2023-10-01 00:15:37,550] {scheduler_job.py:639} INFO - DAG(s) dict_keys(['example_dag_decorator']) retrieved from /home/airflow/.local/lib/python3.6/site-packages/airflow/example_dags/example_dag_decorator.py
[2023-10-01 00:15:37,654] {logging_mixin.py:104} INFO - [2023-10-01 00:15:37,654] {dag.py:1824} INFO - Sync 1 DAGs
[2023-10-01 00:15:37,737] {logging_mixin.py:104} INFO - [2023-10-01 00:15:37,736] {dag.py:2280} INFO - Setting next_dagrun for example_dag_decorator to None
[2023-10-01 00:15:37,792] {scheduler_job.py:190} INFO - Processing /home/airflow/.local/lib/python3.6/site-packages/airflow/example_dags/example_dag_decorator.py took 0.338 seconds
[2023-10-01 00:16:08,298] {scheduler_job.py:182} INFO - Started process (PID=451) to work on /home/airflow/.local/lib/python3.6/site-packages/airflow/example_dags/example_dag_decorator.py
[2023-10-01 00:16:08,304] {scheduler_job.py:629} INFO - Processing file /home/airflow/.local/lib/python3.6/site-packages/airflow/example_dags/example_dag_decorator.py for tasks to queue
[2023-10-01 00:16:08,308] {logging_mixin.py:104} INFO - [2023-10-01 00:16:08,308] {dagbag.py:451} INFO - Filling up the DagBag from /home/airflow/.local/lib/python3.6/site-packages/airflow/example_dags/example_dag_decorator.py
[2023-10-01 00:16:08,392] {scheduler_job.py:639} INFO - DAG(s) dict_keys(['example_dag_decorator']) retrieved from /home/airflow/.local/lib/python3.6/site-packages/airflow/example_dags/example_dag_decorator.py
[2023-10-01 00:16:08,493] {logging_mixin.py:104} INFO - [2023-10-01 00:16:08,492] {dag.py:1824} INFO - Sync 1 DAGs
[2023-10-01 00:16:08,558] {logging_mixin.py:104} INFO - [2023-10-01 00:16:08,558] {dag.py:2280} INFO - Setting next_dagrun for example_dag_decorator to None
[2023-10-01 00:16:08,602] {scheduler_job.py:190} INFO - Processing /home/airflow/.local/lib/python3.6/site-packages/airflow/example_dags/example_dag_decorator.py took 0.313 seconds
[2023-10-01 00:17:31,886] {scheduler_job.py:182} INFO - Started process (PID=90) to work on /home/airflow/.local/lib/python3.6/site-packages/airflow/example_dags/example_dag_decorator.py
[2023-10-01 00:17:31,911] {scheduler_job.py:629} INFO - Processing file /home/airflow/.local/lib/python3.6/site-packages/airflow/example_dags/example_dag_decorator.py for tasks to queue
[2023-10-01 00:17:31,948] {logging_mixin.py:104} INFO - [2023-10-01 00:17:31,933] {dagbag.py:451} INFO - Filling up the DagBag from /home/airflow/.local/lib/python3.6/site-packages/airflow/example_dags/example_dag_decorator.py
[2023-10-01 00:17:32,405] {scheduler_job.py:639} INFO - DAG(s) dict_keys(['example_dag_decorator']) retrieved from /home/airflow/.local/lib/python3.6/site-packages/airflow/example_dags/example_dag_decorator.py
[2023-10-01 00:17:32,781] {logging_mixin.py:104} INFO - [2023-10-01 00:17:32,780] {dag.py:1824} INFO - Sync 1 DAGs
[2023-10-01 00:17:33,175] {logging_mixin.py:104} INFO - [2023-10-01 00:17:33,174] {dag.py:2280} INFO - Setting next_dagrun for example_dag_decorator to None
[2023-10-01 00:17:33,358] {scheduler_job.py:190} INFO - Processing /home/airflow/.local/lib/python3.6/site-packages/airflow/example_dags/example_dag_decorator.py took 1.586 seconds
[2023-10-01 00:18:03,635] {scheduler_job.py:182} INFO - Started process (PID=144) to work on /home/airflow/.local/lib/python3.6/site-packages/airflow/example_dags/example_dag_decorator.py
[2023-10-01 00:18:03,647] {scheduler_job.py:629} INFO - Processing file /home/airflow/.local/lib/python3.6/site-packages/airflow/example_dags/example_dag_decorator.py for tasks to queue
[2023-10-01 00:18:03,663] {logging_mixin.py:104} INFO - [2023-10-01 00:18:03,662] {dagbag.py:451} INFO - Filling up the DagBag from /home/airflow/.local/lib/python3.6/site-packages/airflow/example_dags/example_dag_decorator.py
[2023-10-01 00:18:03,946] {scheduler_job.py:639} INFO - DAG(s) dict_keys(['example_dag_decorator']) retrieved from /home/airflow/.local/lib/python3.6/site-packages/airflow/example_dags/example_dag_decorator.py
[2023-10-01 00:18:04,153] {logging_mixin.py:104} INFO - [2023-10-01 00:18:04,153] {dag.py:1824} INFO - Sync 1 DAGs
[2023-10-01 00:18:04,330] {logging_mixin.py:104} INFO - [2023-10-01 00:18:04,329] {dag.py:2280} INFO - Setting next_dagrun for example_dag_decorator to None
[2023-10-01 00:18:04,426] {scheduler_job.py:190} INFO - Processing /home/airflow/.local/lib/python3.6/site-packages/airflow/example_dags/example_dag_decorator.py took 0.822 seconds
[2023-10-01 00:18:34,831] {scheduler_job.py:182} INFO - Started process (PID=198) to work on /home/airflow/.local/lib/python3.6/site-packages/airflow/example_dags/example_dag_decorator.py
[2023-10-01 00:18:34,847] {scheduler_job.py:629} INFO - Processing file /home/airflow/.local/lib/python3.6/site-packages/airflow/example_dags/example_dag_decorator.py for tasks to queue
[2023-10-01 00:18:34,889] {logging_mixin.py:104} INFO - [2023-10-01 00:18:34,888] {dagbag.py:451} INFO - Filling up the DagBag from /home/airflow/.local/lib/python3.6/site-packages/airflow/example_dags/example_dag_decorator.py
[2023-10-01 00:18:35,237] {scheduler_job.py:639} INFO - DAG(s) dict_keys(['example_dag_decorator']) retrieved from /home/airflow/.local/lib/python3.6/site-packages/airflow/example_dags/example_dag_decorator.py
[2023-10-01 00:18:35,436] {logging_mixin.py:104} INFO - [2023-10-01 00:18:35,435] {dag.py:1824} INFO - Sync 1 DAGs
[2023-10-01 00:18:35,658] {logging_mixin.py:104} INFO - [2023-10-01 00:18:35,657] {dag.py:2280} INFO - Setting next_dagrun for example_dag_decorator to None
[2023-10-01 00:18:35,823] {scheduler_job.py:190} INFO - Processing /home/airflow/.local/lib/python3.6/site-packages/airflow/example_dags/example_dag_decorator.py took 1.050 seconds
[2023-10-01 00:19:06,319] {scheduler_job.py:182} INFO - Started process (PID=250) to work on /home/airflow/.local/lib/python3.6/site-packages/airflow/example_dags/example_dag_decorator.py
[2023-10-01 00:19:06,330] {scheduler_job.py:629} INFO - Processing file /home/airflow/.local/lib/python3.6/site-packages/airflow/example_dags/example_dag_decorator.py for tasks to queue
[2023-10-01 00:19:06,345] {logging_mixin.py:104} INFO - [2023-10-01 00:19:06,345] {dagbag.py:451} INFO - Filling up the DagBag from /home/airflow/.local/lib/python3.6/site-packages/airflow/example_dags/example_dag_decorator.py
[2023-10-01 00:19:06,654] {scheduler_job.py:639} INFO - DAG(s) dict_keys(['example_dag_decorator']) retrieved from /home/airflow/.local/lib/python3.6/site-packages/airflow/example_dags/example_dag_decorator.py
[2023-10-01 00:19:07,076] {logging_mixin.py:104} INFO - [2023-10-01 00:19:07,075] {dag.py:1824} INFO - Sync 1 DAGs
[2023-10-01 00:19:07,452] {logging_mixin.py:104} INFO - [2023-10-01 00:19:07,451] {dag.py:2280} INFO - Setting next_dagrun for example_dag_decorator to None
[2023-10-01 00:19:07,636] {scheduler_job.py:190} INFO - Processing /home/airflow/.local/lib/python3.6/site-packages/airflow/example_dags/example_dag_decorator.py took 1.369 seconds
[2023-10-01 00:19:38,396] {scheduler_job.py:182} INFO - Started process (PID=304) to work on /home/airflow/.local/lib/python3.6/site-packages/airflow/example_dags/example_dag_decorator.py
[2023-10-01 00:19:38,408] {scheduler_job.py:629} INFO - Processing file /home/airflow/.local/lib/python3.6/site-packages/airflow/example_dags/example_dag_decorator.py for tasks to queue
[2023-10-01 00:19:38,418] {logging_mixin.py:104} INFO - [2023-10-01 00:19:38,416] {dagbag.py:451} INFO - Filling up the DagBag from /home/airflow/.local/lib/python3.6/site-packages/airflow/example_dags/example_dag_decorator.py
[2023-10-01 00:19:38,786] {scheduler_job.py:639} INFO - DAG(s) dict_keys(['example_dag_decorator']) retrieved from /home/airflow/.local/lib/python3.6/site-packages/airflow/example_dags/example_dag_decorator.py
[2023-10-01 00:19:39,061] {logging_mixin.py:104} INFO - [2023-10-01 00:19:39,060] {dag.py:1824} INFO - Sync 1 DAGs
[2023-10-01 00:19:39,303] {logging_mixin.py:104} INFO - [2023-10-01 00:19:39,302] {dag.py:2280} INFO - Setting next_dagrun for example_dag_decorator to None
[2023-10-01 00:19:39,426] {scheduler_job.py:190} INFO - Processing /home/airflow/.local/lib/python3.6/site-packages/airflow/example_dags/example_dag_decorator.py took 1.060 seconds
[2023-10-01 00:20:09,532] {scheduler_job.py:182} INFO - Started process (PID=358) to work on /home/airflow/.local/lib/python3.6/site-packages/airflow/example_dags/example_dag_decorator.py
[2023-10-01 00:20:09,546] {scheduler_job.py:629} INFO - Processing file /home/airflow/.local/lib/python3.6/site-packages/airflow/example_dags/example_dag_decorator.py for tasks to queue
[2023-10-01 00:20:09,555] {logging_mixin.py:104} INFO - [2023-10-01 00:20:09,554] {dagbag.py:451} INFO - Filling up the DagBag from /home/airflow/.local/lib/python3.6/site-packages/airflow/example_dags/example_dag_decorator.py
[2023-10-01 00:20:09,762] {scheduler_job.py:639} INFO - DAG(s) dict_keys(['example_dag_decorator']) retrieved from /home/airflow/.local/lib/python3.6/site-packages/airflow/example_dags/example_dag_decorator.py
[2023-10-01 00:20:09,916] {logging_mixin.py:104} INFO - [2023-10-01 00:20:09,915] {dag.py:1824} INFO - Sync 1 DAGs
[2023-10-01 00:20:10,020] {logging_mixin.py:104} INFO - [2023-10-01 00:20:10,019] {dag.py:2280} INFO - Setting next_dagrun for example_dag_decorator to None
[2023-10-01 00:20:10,094] {scheduler_job.py:190} INFO - Processing /home/airflow/.local/lib/python3.6/site-packages/airflow/example_dags/example_dag_decorator.py took 0.581 seconds
[2023-10-01 00:20:40,310] {scheduler_job.py:182} INFO - Started process (PID=412) to work on /home/airflow/.local/lib/python3.6/site-packages/airflow/example_dags/example_dag_decorator.py
[2023-10-01 00:20:40,317] {scheduler_job.py:629} INFO - Processing file /home/airflow/.local/lib/python3.6/site-packages/airflow/example_dags/example_dag_decorator.py for tasks to queue
[2023-10-01 00:20:40,322] {logging_mixin.py:104} INFO - [2023-10-01 00:20:40,321] {dagbag.py:451} INFO - Filling up the DagBag from /home/airflow/.local/lib/python3.6/site-packages/airflow/example_dags/example_dag_decorator.py
[2023-10-01 00:20:40,453] {scheduler_job.py:639} INFO - DAG(s) dict_keys(['example_dag_decorator']) retrieved from /home/airflow/.local/lib/python3.6/site-packages/airflow/example_dags/example_dag_decorator.py
[2023-10-01 00:20:40,648] {logging_mixin.py:104} INFO - [2023-10-01 00:20:40,648] {dag.py:1824} INFO - Sync 1 DAGs
[2023-10-01 00:20:40,831] {logging_mixin.py:104} INFO - [2023-10-01 00:20:40,829] {dag.py:2280} INFO - Setting next_dagrun for example_dag_decorator to None
[2023-10-01 00:20:40,921] {scheduler_job.py:190} INFO - Processing /home/airflow/.local/lib/python3.6/site-packages/airflow/example_dags/example_dag_decorator.py took 0.625 seconds
[2023-10-01 00:21:11,833] {scheduler_job.py:182} INFO - Started process (PID=466) to work on /home/airflow/.local/lib/python3.6/site-packages/airflow/example_dags/example_dag_decorator.py
[2023-10-01 00:21:11,848] {scheduler_job.py:629} INFO - Processing file /home/airflow/.local/lib/python3.6/site-packages/airflow/example_dags/example_dag_decorator.py for tasks to queue
[2023-10-01 00:21:11,856] {logging_mixin.py:104} INFO - [2023-10-01 00:21:11,854] {dagbag.py:451} INFO - Filling up the DagBag from /home/airflow/.local/lib/python3.6/site-packages/airflow/example_dags/example_dag_decorator.py
[2023-10-01 00:21:12,063] {scheduler_job.py:639} INFO - DAG(s) dict_keys(['example_dag_decorator']) retrieved from /home/airflow/.local/lib/python3.6/site-packages/airflow/example_dags/example_dag_decorator.py
[2023-10-01 00:21:12,231] {logging_mixin.py:104} INFO - [2023-10-01 00:21:12,230] {dag.py:1824} INFO - Sync 1 DAGs
[2023-10-01 00:21:12,365] {logging_mixin.py:104} INFO - [2023-10-01 00:21:12,364] {dag.py:2280} INFO - Setting next_dagrun for example_dag_decorator to None
[2023-10-01 00:21:12,463] {scheduler_job.py:190} INFO - Processing /home/airflow/.local/lib/python3.6/site-packages/airflow/example_dags/example_dag_decorator.py took 0.661 seconds
[2023-10-01 00:21:42,593] {scheduler_job.py:182} INFO - Started process (PID=520) to work on /home/airflow/.local/lib/python3.6/site-packages/airflow/example_dags/example_dag_decorator.py
[2023-10-01 00:21:42,600] {scheduler_job.py:629} INFO - Processing file /home/airflow/.local/lib/python3.6/site-packages/airflow/example_dags/example_dag_decorator.py for tasks to queue
[2023-10-01 00:21:42,604] {logging_mixin.py:104} INFO - [2023-10-01 00:21:42,604] {dagbag.py:451} INFO - Filling up the DagBag from /home/airflow/.local/lib/python3.6/site-packages/airflow/example_dags/example_dag_decorator.py
[2023-10-01 00:21:42,704] {scheduler_job.py:639} INFO - DAG(s) dict_keys(['example_dag_decorator']) retrieved from /home/airflow/.local/lib/python3.6/site-packages/airflow/example_dags/example_dag_decorator.py
[2023-10-01 00:21:42,829] {logging_mixin.py:104} INFO - [2023-10-01 00:21:42,828] {dag.py:1824} INFO - Sync 1 DAGs
[2023-10-01 00:21:42,942] {logging_mixin.py:104} INFO - [2023-10-01 00:21:42,941] {dag.py:2280} INFO - Setting next_dagrun for example_dag_decorator to None
[2023-10-01 00:21:43,036] {scheduler_job.py:190} INFO - Processing /home/airflow/.local/lib/python3.6/site-packages/airflow/example_dags/example_dag_decorator.py took 0.459 seconds
[2023-10-01 00:22:13,269] {scheduler_job.py:182} INFO - Started process (PID=574) to work on /home/airflow/.local/lib/python3.6/site-packages/airflow/example_dags/example_dag_decorator.py
[2023-10-01 00:22:13,277] {scheduler_job.py:629} INFO - Processing file /home/airflow/.local/lib/python3.6/site-packages/airflow/example_dags/example_dag_decorator.py for tasks to queue
[2023-10-01 00:22:13,281] {logging_mixin.py:104} INFO - [2023-10-01 00:22:13,281] {dagbag.py:451} INFO - Filling up the DagBag from /home/airflow/.local/lib/python3.6/site-packages/airflow/example_dags/example_dag_decorator.py
[2023-10-01 00:22:13,361] {scheduler_job.py:639} INFO - DAG(s) dict_keys(['example_dag_decorator']) retrieved from /home/airflow/.local/lib/python3.6/site-packages/airflow/example_dags/example_dag_decorator.py
[2023-10-01 00:22:13,455] {logging_mixin.py:104} INFO - [2023-10-01 00:22:13,454] {dag.py:1824} INFO - Sync 1 DAGs
[2023-10-01 00:22:13,525] {logging_mixin.py:104} INFO - [2023-10-01 00:22:13,524] {dag.py:2280} INFO - Setting next_dagrun for example_dag_decorator to None
[2023-10-01 00:22:13,585] {scheduler_job.py:190} INFO - Processing /home/airflow/.local/lib/python3.6/site-packages/airflow/example_dags/example_dag_decorator.py took 0.327 seconds
[2023-10-01 00:22:43,816] {scheduler_job.py:182} INFO - Started process (PID=628) to work on /home/airflow/.local/lib/python3.6/site-packages/airflow/example_dags/example_dag_decorator.py
[2023-10-01 00:22:43,823] {scheduler_job.py:629} INFO - Processing file /home/airflow/.local/lib/python3.6/site-packages/airflow/example_dags/example_dag_decorator.py for tasks to queue
[2023-10-01 00:22:43,827] {logging_mixin.py:104} INFO - [2023-10-01 00:22:43,826] {dagbag.py:451} INFO - Filling up the DagBag from /home/airflow/.local/lib/python3.6/site-packages/airflow/example_dags/example_dag_decorator.py
[2023-10-01 00:22:43,902] {scheduler_job.py:639} INFO - DAG(s) dict_keys(['example_dag_decorator']) retrieved from /home/airflow/.local/lib/python3.6/site-packages/airflow/example_dags/example_dag_decorator.py
[2023-10-01 00:22:44,002] {logging_mixin.py:104} INFO - [2023-10-01 00:22:44,001] {dag.py:1824} INFO - Sync 1 DAGs
[2023-10-01 00:22:44,068] {logging_mixin.py:104} INFO - [2023-10-01 00:22:44,067] {dag.py:2280} INFO - Setting next_dagrun for example_dag_decorator to None
[2023-10-01 00:22:44,117] {scheduler_job.py:190} INFO - Processing /home/airflow/.local/lib/python3.6/site-packages/airflow/example_dags/example_dag_decorator.py took 0.313 seconds
[2023-10-01 00:23:14,412] {scheduler_job.py:182} INFO - Started process (PID=682) to work on /home/airflow/.local/lib/python3.6/site-packages/airflow/example_dags/example_dag_decorator.py
[2023-10-01 00:23:14,419] {scheduler_job.py:629} INFO - Processing file /home/airflow/.local/lib/python3.6/site-packages/airflow/example_dags/example_dag_decorator.py for tasks to queue
[2023-10-01 00:23:14,423] {logging_mixin.py:104} INFO - [2023-10-01 00:23:14,423] {dagbag.py:451} INFO - Filling up the DagBag from /home/airflow/.local/lib/python3.6/site-packages/airflow/example_dags/example_dag_decorator.py
[2023-10-01 00:23:14,494] {scheduler_job.py:639} INFO - DAG(s) dict_keys(['example_dag_decorator']) retrieved from /home/airflow/.local/lib/python3.6/site-packages/airflow/example_dags/example_dag_decorator.py
[2023-10-01 00:23:14,579] {logging_mixin.py:104} INFO - [2023-10-01 00:23:14,578] {dag.py:1824} INFO - Sync 1 DAGs
[2023-10-01 00:23:14,640] {logging_mixin.py:104} INFO - [2023-10-01 00:23:14,640] {dag.py:2280} INFO - Setting next_dagrun for example_dag_decorator to None
[2023-10-01 00:23:14,686] {scheduler_job.py:190} INFO - Processing /home/airflow/.local/lib/python3.6/site-packages/airflow/example_dags/example_dag_decorator.py took 0.284 seconds
[2023-10-01 00:23:45,447] {scheduler_job.py:182} INFO - Started process (PID=736) to work on /home/airflow/.local/lib/python3.6/site-packages/airflow/example_dags/example_dag_decorator.py
[2023-10-01 00:23:45,453] {scheduler_job.py:629} INFO - Processing file /home/airflow/.local/lib/python3.6/site-packages/airflow/example_dags/example_dag_decorator.py for tasks to queue
[2023-10-01 00:23:45,458] {logging_mixin.py:104} INFO - [2023-10-01 00:23:45,458] {dagbag.py:451} INFO - Filling up the DagBag from /home/airflow/.local/lib/python3.6/site-packages/airflow/example_dags/example_dag_decorator.py
[2023-10-01 00:23:45,533] {scheduler_job.py:639} INFO - DAG(s) dict_keys(['example_dag_decorator']) retrieved from /home/airflow/.local/lib/python3.6/site-packages/airflow/example_dags/example_dag_decorator.py
[2023-10-01 00:23:45,626] {logging_mixin.py:104} INFO - [2023-10-01 00:23:45,625] {dag.py:1824} INFO - Sync 1 DAGs
[2023-10-01 00:23:45,708] {logging_mixin.py:104} INFO - [2023-10-01 00:23:45,708] {dag.py:2280} INFO - Setting next_dagrun for example_dag_decorator to None
[2023-10-01 00:23:45,765] {scheduler_job.py:190} INFO - Processing /home/airflow/.local/lib/python3.6/site-packages/airflow/example_dags/example_dag_decorator.py took 0.328 seconds
[2023-10-01 00:24:15,860] {scheduler_job.py:182} INFO - Started process (PID=790) to work on /home/airflow/.local/lib/python3.6/site-packages/airflow/example_dags/example_dag_decorator.py
[2023-10-01 00:24:15,867] {scheduler_job.py:629} INFO - Processing file /home/airflow/.local/lib/python3.6/site-packages/airflow/example_dags/example_dag_decorator.py for tasks to queue
[2023-10-01 00:24:15,872] {logging_mixin.py:104} INFO - [2023-10-01 00:24:15,871] {dagbag.py:451} INFO - Filling up the DagBag from /home/airflow/.local/lib/python3.6/site-packages/airflow/example_dags/example_dag_decorator.py
[2023-10-01 00:24:15,944] {scheduler_job.py:639} INFO - DAG(s) dict_keys(['example_dag_decorator']) retrieved from /home/airflow/.local/lib/python3.6/site-packages/airflow/example_dags/example_dag_decorator.py
[2023-10-01 00:24:16,032] {logging_mixin.py:104} INFO - [2023-10-01 00:24:16,031] {dag.py:1824} INFO - Sync 1 DAGs
[2023-10-01 00:24:16,100] {logging_mixin.py:104} INFO - [2023-10-01 00:24:16,100] {dag.py:2280} INFO - Setting next_dagrun for example_dag_decorator to None
[2023-10-01 00:24:16,142] {scheduler_job.py:190} INFO - Processing /home/airflow/.local/lib/python3.6/site-packages/airflow/example_dags/example_dag_decorator.py took 0.293 seconds
[2023-10-01 00:24:46,685] {scheduler_job.py:182} INFO - Started process (PID=844) to work on /home/airflow/.local/lib/python3.6/site-packages/airflow/example_dags/example_dag_decorator.py
[2023-10-01 00:24:46,695] {scheduler_job.py:629} INFO - Processing file /home/airflow/.local/lib/python3.6/site-packages/airflow/example_dags/example_dag_decorator.py for tasks to queue
[2023-10-01 00:24:46,699] {logging_mixin.py:104} INFO - [2023-10-01 00:24:46,698] {dagbag.py:451} INFO - Filling up the DagBag from /home/airflow/.local/lib/python3.6/site-packages/airflow/example_dags/example_dag_decorator.py
[2023-10-01 00:24:46,767] {scheduler_job.py:639} INFO - DAG(s) dict_keys(['example_dag_decorator']) retrieved from /home/airflow/.local/lib/python3.6/site-packages/airflow/example_dags/example_dag_decorator.py
[2023-10-01 00:24:46,859] {logging_mixin.py:104} INFO - [2023-10-01 00:24:46,858] {dag.py:1824} INFO - Sync 1 DAGs
[2023-10-01 00:24:46,927] {logging_mixin.py:104} INFO - [2023-10-01 00:24:46,926] {dag.py:2280} INFO - Setting next_dagrun for example_dag_decorator to None
[2023-10-01 00:24:46,973] {scheduler_job.py:190} INFO - Processing /home/airflow/.local/lib/python3.6/site-packages/airflow/example_dags/example_dag_decorator.py took 0.297 seconds
[2023-10-01 00:25:17,701] {scheduler_job.py:182} INFO - Started process (PID=898) to work on /home/airflow/.local/lib/python3.6/site-packages/airflow/example_dags/example_dag_decorator.py
[2023-10-01 00:25:17,707] {scheduler_job.py:629} INFO - Processing file /home/airflow/.local/lib/python3.6/site-packages/airflow/example_dags/example_dag_decorator.py for tasks to queue
[2023-10-01 00:25:17,710] {logging_mixin.py:104} INFO - [2023-10-01 00:25:17,710] {dagbag.py:451} INFO - Filling up the DagBag from /home/airflow/.local/lib/python3.6/site-packages/airflow/example_dags/example_dag_decorator.py
[2023-10-01 00:25:17,780] {scheduler_job.py:639} INFO - DAG(s) dict_keys(['example_dag_decorator']) retrieved from /home/airflow/.local/lib/python3.6/site-packages/airflow/example_dags/example_dag_decorator.py
[2023-10-01 00:25:17,866] {logging_mixin.py:104} INFO - [2023-10-01 00:25:17,866] {dag.py:1824} INFO - Sync 1 DAGs
[2023-10-01 00:25:17,934] {logging_mixin.py:104} INFO - [2023-10-01 00:25:17,933] {dag.py:2280} INFO - Setting next_dagrun for example_dag_decorator to None
[2023-10-01 00:25:17,976] {scheduler_job.py:190} INFO - Processing /home/airflow/.local/lib/python3.6/site-packages/airflow/example_dags/example_dag_decorator.py took 0.283 seconds
