[2023-10-01 00:05:17,875] {scheduler_job.py:182} INFO - Started process (PID=108) to work on /home/airflow/.local/lib/python3.6/site-packages/airflow/example_dags/example_branch_python_dop_operator_3.py
[2023-10-01 00:05:17,884] {scheduler_job.py:629} INFO - Processing file /home/airflow/.local/lib/python3.6/site-packages/airflow/example_dags/example_branch_python_dop_operator_3.py for tasks to queue
[2023-10-01 00:05:17,890] {logging_mixin.py:104} INFO - [2023-10-01 00:05:17,889] {dagbag.py:451} INFO - Filling up the DagBag from /home/airflow/.local/lib/python3.6/site-packages/airflow/example_dags/example_branch_python_dop_operator_3.py
[2023-10-01 00:05:18,039] {scheduler_job.py:639} INFO - DAG(s) dict_keys(['example_branch_dop_operator_v3']) retrieved from /home/airflow/.local/lib/python3.6/site-packages/airflow/example_dags/example_branch_python_dop_operator_3.py
[2023-10-01 00:05:18,234] {logging_mixin.py:104} INFO - [2023-10-01 00:05:18,233] {dag.py:1824} INFO - Sync 1 DAGs
[2023-10-01 00:05:18,353] {logging_mixin.py:104} INFO - [2023-10-01 00:05:18,351] {dag.py:1843} INFO - Creating ORM DAG for example_branch_dop_operator_v3
[2023-10-01 00:05:18,694] {logging_mixin.py:104} INFO - [2023-10-01 00:05:18,693] {dag.py:2280} INFO - Setting next_dagrun for example_branch_dop_operator_v3 to 2023-09-29 00:00:00+00:00
[2023-10-01 00:05:18,799] {scheduler_job.py:190} INFO - Processing /home/airflow/.local/lib/python3.6/site-packages/airflow/example_dags/example_branch_python_dop_operator_3.py took 0.937 seconds
[2023-10-01 00:05:49,687] {scheduler_job.py:182} INFO - Started process (PID=162) to work on /home/airflow/.local/lib/python3.6/site-packages/airflow/example_dags/example_branch_python_dop_operator_3.py
[2023-10-01 00:05:49,693] {scheduler_job.py:629} INFO - Processing file /home/airflow/.local/lib/python3.6/site-packages/airflow/example_dags/example_branch_python_dop_operator_3.py for tasks to queue
[2023-10-01 00:05:49,698] {logging_mixin.py:104} INFO - [2023-10-01 00:05:49,697] {dagbag.py:451} INFO - Filling up the DagBag from /home/airflow/.local/lib/python3.6/site-packages/airflow/example_dags/example_branch_python_dop_operator_3.py
[2023-10-01 00:05:49,797] {scheduler_job.py:639} INFO - DAG(s) dict_keys(['example_branch_dop_operator_v3']) retrieved from /home/airflow/.local/lib/python3.6/site-packages/airflow/example_dags/example_branch_python_dop_operator_3.py
[2023-10-01 00:05:49,885] {logging_mixin.py:104} INFO - [2023-10-01 00:05:49,884] {dag.py:1824} INFO - Sync 1 DAGs
[2023-10-01 00:05:50,220] {logging_mixin.py:104} INFO - [2023-10-01 00:05:50,219] {dag.py:2280} INFO - Setting next_dagrun for example_branch_dop_operator_v3 to 2023-09-29 00:00:00+00:00
[2023-10-01 00:05:50,266] {scheduler_job.py:190} INFO - Processing /home/airflow/.local/lib/python3.6/site-packages/airflow/example_dags/example_branch_python_dop_operator_3.py took 0.592 seconds
[2023-10-01 00:06:20,498] {scheduler_job.py:182} INFO - Started process (PID=216) to work on /home/airflow/.local/lib/python3.6/site-packages/airflow/example_dags/example_branch_python_dop_operator_3.py
[2023-10-01 00:06:20,510] {scheduler_job.py:629} INFO - Processing file /home/airflow/.local/lib/python3.6/site-packages/airflow/example_dags/example_branch_python_dop_operator_3.py for tasks to queue
[2023-10-01 00:06:20,518] {logging_mixin.py:104} INFO - [2023-10-01 00:06:20,517] {dagbag.py:451} INFO - Filling up the DagBag from /home/airflow/.local/lib/python3.6/site-packages/airflow/example_dags/example_branch_python_dop_operator_3.py
[2023-10-01 00:06:20,644] {scheduler_job.py:639} INFO - DAG(s) dict_keys(['example_branch_dop_operator_v3']) retrieved from /home/airflow/.local/lib/python3.6/site-packages/airflow/example_dags/example_branch_python_dop_operator_3.py
[2023-10-01 00:06:20,771] {logging_mixin.py:104} INFO - [2023-10-01 00:06:20,770] {dag.py:1824} INFO - Sync 1 DAGs
[2023-10-01 00:06:21,492] {logging_mixin.py:104} INFO - [2023-10-01 00:06:21,490] {dag.py:2280} INFO - Setting next_dagrun for example_branch_dop_operator_v3 to 2023-09-29 00:00:00+00:00
[2023-10-01 00:06:21,562] {scheduler_job.py:190} INFO - Processing /home/airflow/.local/lib/python3.6/site-packages/airflow/example_dags/example_branch_python_dop_operator_3.py took 1.080 seconds
[2023-10-01 00:06:52,101] {scheduler_job.py:182} INFO - Started process (PID=270) to work on /home/airflow/.local/lib/python3.6/site-packages/airflow/example_dags/example_branch_python_dop_operator_3.py
[2023-10-01 00:06:52,108] {scheduler_job.py:629} INFO - Processing file /home/airflow/.local/lib/python3.6/site-packages/airflow/example_dags/example_branch_python_dop_operator_3.py for tasks to queue
[2023-10-01 00:06:52,118] {logging_mixin.py:104} INFO - [2023-10-01 00:06:52,118] {dagbag.py:451} INFO - Filling up the DagBag from /home/airflow/.local/lib/python3.6/site-packages/airflow/example_dags/example_branch_python_dop_operator_3.py
[2023-10-01 00:06:52,298] {scheduler_job.py:639} INFO - DAG(s) dict_keys(['example_branch_dop_operator_v3']) retrieved from /home/airflow/.local/lib/python3.6/site-packages/airflow/example_dags/example_branch_python_dop_operator_3.py
[2023-10-01 00:06:52,502] {logging_mixin.py:104} INFO - [2023-10-01 00:06:52,501] {dag.py:1824} INFO - Sync 1 DAGs
[2023-10-01 00:06:53,084] {logging_mixin.py:104} INFO - [2023-10-01 00:06:53,083] {dag.py:2280} INFO - Setting next_dagrun for example_branch_dop_operator_v3 to 2023-09-29 00:00:00+00:00
[2023-10-01 00:06:53,166] {scheduler_job.py:190} INFO - Processing /home/airflow/.local/lib/python3.6/site-packages/airflow/example_dags/example_branch_python_dop_operator_3.py took 1.090 seconds
[2023-10-01 00:07:24,039] {scheduler_job.py:182} INFO - Started process (PID=326) to work on /home/airflow/.local/lib/python3.6/site-packages/airflow/example_dags/example_branch_python_dop_operator_3.py
[2023-10-01 00:07:24,056] {scheduler_job.py:629} INFO - Processing file /home/airflow/.local/lib/python3.6/site-packages/airflow/example_dags/example_branch_python_dop_operator_3.py for tasks to queue
[2023-10-01 00:07:24,065] {logging_mixin.py:104} INFO - [2023-10-01 00:07:24,064] {dagbag.py:451} INFO - Filling up the DagBag from /home/airflow/.local/lib/python3.6/site-packages/airflow/example_dags/example_branch_python_dop_operator_3.py
[2023-10-01 00:07:24,225] {scheduler_job.py:639} INFO - DAG(s) dict_keys(['example_branch_dop_operator_v3']) retrieved from /home/airflow/.local/lib/python3.6/site-packages/airflow/example_dags/example_branch_python_dop_operator_3.py
[2023-10-01 00:07:24,410] {logging_mixin.py:104} INFO - [2023-10-01 00:07:24,409] {dag.py:1824} INFO - Sync 1 DAGs
[2023-10-01 00:07:24,759] {logging_mixin.py:104} INFO - [2023-10-01 00:07:24,758] {dag.py:2280} INFO - Setting next_dagrun for example_branch_dop_operator_v3 to 2023-09-29 00:00:00+00:00
[2023-10-01 00:07:24,846] {scheduler_job.py:190} INFO - Processing /home/airflow/.local/lib/python3.6/site-packages/airflow/example_dags/example_branch_python_dop_operator_3.py took 0.825 seconds
[2023-10-01 00:07:55,353] {scheduler_job.py:182} INFO - Started process (PID=382) to work on /home/airflow/.local/lib/python3.6/site-packages/airflow/example_dags/example_branch_python_dop_operator_3.py
[2023-10-01 00:07:55,365] {scheduler_job.py:629} INFO - Processing file /home/airflow/.local/lib/python3.6/site-packages/airflow/example_dags/example_branch_python_dop_operator_3.py for tasks to queue
[2023-10-01 00:07:55,370] {logging_mixin.py:104} INFO - [2023-10-01 00:07:55,369] {dagbag.py:451} INFO - Filling up the DagBag from /home/airflow/.local/lib/python3.6/site-packages/airflow/example_dags/example_branch_python_dop_operator_3.py
[2023-10-01 00:07:55,548] {scheduler_job.py:639} INFO - DAG(s) dict_keys(['example_branch_dop_operator_v3']) retrieved from /home/airflow/.local/lib/python3.6/site-packages/airflow/example_dags/example_branch_python_dop_operator_3.py
[2023-10-01 00:07:55,696] {logging_mixin.py:104} INFO - [2023-10-01 00:07:55,694] {dag.py:1824} INFO - Sync 1 DAGs
[2023-10-01 00:07:56,243] {logging_mixin.py:104} INFO - [2023-10-01 00:07:56,242] {dag.py:2280} INFO - Setting next_dagrun for example_branch_dop_operator_v3 to 2023-09-29 00:00:00+00:00
[2023-10-01 00:07:56,365] {scheduler_job.py:190} INFO - Processing /home/airflow/.local/lib/python3.6/site-packages/airflow/example_dags/example_branch_python_dop_operator_3.py took 1.037 seconds
[2023-10-01 00:08:27,068] {scheduler_job.py:182} INFO - Started process (PID=436) to work on /home/airflow/.local/lib/python3.6/site-packages/airflow/example_dags/example_branch_python_dop_operator_3.py
[2023-10-01 00:08:27,075] {scheduler_job.py:629} INFO - Processing file /home/airflow/.local/lib/python3.6/site-packages/airflow/example_dags/example_branch_python_dop_operator_3.py for tasks to queue
[2023-10-01 00:08:27,081] {logging_mixin.py:104} INFO - [2023-10-01 00:08:27,080] {dagbag.py:451} INFO - Filling up the DagBag from /home/airflow/.local/lib/python3.6/site-packages/airflow/example_dags/example_branch_python_dop_operator_3.py
[2023-10-01 00:08:27,179] {scheduler_job.py:639} INFO - DAG(s) dict_keys(['example_branch_dop_operator_v3']) retrieved from /home/airflow/.local/lib/python3.6/site-packages/airflow/example_dags/example_branch_python_dop_operator_3.py
[2023-10-01 00:08:27,285] {logging_mixin.py:104} INFO - [2023-10-01 00:08:27,285] {dag.py:1824} INFO - Sync 1 DAGs
[2023-10-01 00:08:27,556] {logging_mixin.py:104} INFO - [2023-10-01 00:08:27,554] {dag.py:2280} INFO - Setting next_dagrun for example_branch_dop_operator_v3 to 2023-09-29 00:00:00+00:00
[2023-10-01 00:08:27,617] {scheduler_job.py:190} INFO - Processing /home/airflow/.local/lib/python3.6/site-packages/airflow/example_dags/example_branch_python_dop_operator_3.py took 0.560 seconds
[2023-10-01 00:08:57,937] {scheduler_job.py:182} INFO - Started process (PID=490) to work on /home/airflow/.local/lib/python3.6/site-packages/airflow/example_dags/example_branch_python_dop_operator_3.py
[2023-10-01 00:08:57,946] {scheduler_job.py:629} INFO - Processing file /home/airflow/.local/lib/python3.6/site-packages/airflow/example_dags/example_branch_python_dop_operator_3.py for tasks to queue
[2023-10-01 00:08:57,950] {logging_mixin.py:104} INFO - [2023-10-01 00:08:57,950] {dagbag.py:451} INFO - Filling up the DagBag from /home/airflow/.local/lib/python3.6/site-packages/airflow/example_dags/example_branch_python_dop_operator_3.py
[2023-10-01 00:08:58,041] {scheduler_job.py:639} INFO - DAG(s) dict_keys(['example_branch_dop_operator_v3']) retrieved from /home/airflow/.local/lib/python3.6/site-packages/airflow/example_dags/example_branch_python_dop_operator_3.py
[2023-10-01 00:08:58,135] {logging_mixin.py:104} INFO - [2023-10-01 00:08:58,135] {dag.py:1824} INFO - Sync 1 DAGs
[2023-10-01 00:08:58,402] {logging_mixin.py:104} INFO - [2023-10-01 00:08:58,402] {dag.py:2280} INFO - Setting next_dagrun for example_branch_dop_operator_v3 to 2023-09-29 00:00:00+00:00
[2023-10-01 00:08:58,444] {scheduler_job.py:190} INFO - Processing /home/airflow/.local/lib/python3.6/site-packages/airflow/example_dags/example_branch_python_dop_operator_3.py took 0.516 seconds
[2023-10-01 00:09:28,601] {scheduler_job.py:182} INFO - Started process (PID=544) to work on /home/airflow/.local/lib/python3.6/site-packages/airflow/example_dags/example_branch_python_dop_operator_3.py
[2023-10-01 00:09:28,607] {scheduler_job.py:629} INFO - Processing file /home/airflow/.local/lib/python3.6/site-packages/airflow/example_dags/example_branch_python_dop_operator_3.py for tasks to queue
[2023-10-01 00:09:28,610] {logging_mixin.py:104} INFO - [2023-10-01 00:09:28,610] {dagbag.py:451} INFO - Filling up the DagBag from /home/airflow/.local/lib/python3.6/site-packages/airflow/example_dags/example_branch_python_dop_operator_3.py
[2023-10-01 00:09:28,684] {scheduler_job.py:639} INFO - DAG(s) dict_keys(['example_branch_dop_operator_v3']) retrieved from /home/airflow/.local/lib/python3.6/site-packages/airflow/example_dags/example_branch_python_dop_operator_3.py
[2023-10-01 00:09:28,761] {logging_mixin.py:104} INFO - [2023-10-01 00:09:28,761] {dag.py:1824} INFO - Sync 1 DAGs
[2023-10-01 00:09:29,012] {logging_mixin.py:104} INFO - [2023-10-01 00:09:29,011] {dag.py:2280} INFO - Setting next_dagrun for example_branch_dop_operator_v3 to 2023-09-29 00:00:00+00:00
[2023-10-01 00:09:29,057] {scheduler_job.py:190} INFO - Processing /home/airflow/.local/lib/python3.6/site-packages/airflow/example_dags/example_branch_python_dop_operator_3.py took 0.465 seconds
[2023-10-01 00:09:59,454] {scheduler_job.py:182} INFO - Started process (PID=600) to work on /home/airflow/.local/lib/python3.6/site-packages/airflow/example_dags/example_branch_python_dop_operator_3.py
[2023-10-01 00:09:59,464] {scheduler_job.py:629} INFO - Processing file /home/airflow/.local/lib/python3.6/site-packages/airflow/example_dags/example_branch_python_dop_operator_3.py for tasks to queue
[2023-10-01 00:09:59,471] {logging_mixin.py:104} INFO - [2023-10-01 00:09:59,470] {dagbag.py:451} INFO - Filling up the DagBag from /home/airflow/.local/lib/python3.6/site-packages/airflow/example_dags/example_branch_python_dop_operator_3.py
[2023-10-01 00:09:59,607] {scheduler_job.py:639} INFO - DAG(s) dict_keys(['example_branch_dop_operator_v3']) retrieved from /home/airflow/.local/lib/python3.6/site-packages/airflow/example_dags/example_branch_python_dop_operator_3.py
[2023-10-01 00:09:59,737] {logging_mixin.py:104} INFO - [2023-10-01 00:09:59,736] {dag.py:1824} INFO - Sync 1 DAGs
[2023-10-01 00:10:00,071] {logging_mixin.py:104} INFO - [2023-10-01 00:10:00,070] {dag.py:2280} INFO - Setting next_dagrun for example_branch_dop_operator_v3 to 2023-09-29 00:00:00+00:00
[2023-10-01 00:10:00,135] {scheduler_job.py:190} INFO - Processing /home/airflow/.local/lib/python3.6/site-packages/airflow/example_dags/example_branch_python_dop_operator_3.py took 0.698 seconds
[2023-10-01 00:10:30,327] {scheduler_job.py:182} INFO - Started process (PID=654) to work on /home/airflow/.local/lib/python3.6/site-packages/airflow/example_dags/example_branch_python_dop_operator_3.py
[2023-10-01 00:10:30,335] {scheduler_job.py:629} INFO - Processing file /home/airflow/.local/lib/python3.6/site-packages/airflow/example_dags/example_branch_python_dop_operator_3.py for tasks to queue
[2023-10-01 00:10:30,338] {logging_mixin.py:104} INFO - [2023-10-01 00:10:30,338] {dagbag.py:451} INFO - Filling up the DagBag from /home/airflow/.local/lib/python3.6/site-packages/airflow/example_dags/example_branch_python_dop_operator_3.py
[2023-10-01 00:10:30,419] {scheduler_job.py:639} INFO - DAG(s) dict_keys(['example_branch_dop_operator_v3']) retrieved from /home/airflow/.local/lib/python3.6/site-packages/airflow/example_dags/example_branch_python_dop_operator_3.py
[2023-10-01 00:10:30,496] {logging_mixin.py:104} INFO - [2023-10-01 00:10:30,496] {dag.py:1824} INFO - Sync 1 DAGs
[2023-10-01 00:10:30,818] {logging_mixin.py:104} INFO - [2023-10-01 00:10:30,816] {dag.py:2280} INFO - Setting next_dagrun for example_branch_dop_operator_v3 to 2023-09-29 00:00:00+00:00
[2023-10-01 00:10:30,892] {scheduler_job.py:190} INFO - Processing /home/airflow/.local/lib/python3.6/site-packages/airflow/example_dags/example_branch_python_dop_operator_3.py took 0.574 seconds
[2023-10-01 00:11:01,513] {scheduler_job.py:182} INFO - Started process (PID=708) to work on /home/airflow/.local/lib/python3.6/site-packages/airflow/example_dags/example_branch_python_dop_operator_3.py
[2023-10-01 00:11:01,519] {scheduler_job.py:629} INFO - Processing file /home/airflow/.local/lib/python3.6/site-packages/airflow/example_dags/example_branch_python_dop_operator_3.py for tasks to queue
[2023-10-01 00:11:01,525] {logging_mixin.py:104} INFO - [2023-10-01 00:11:01,524] {dagbag.py:451} INFO - Filling up the DagBag from /home/airflow/.local/lib/python3.6/site-packages/airflow/example_dags/example_branch_python_dop_operator_3.py
[2023-10-01 00:11:01,628] {scheduler_job.py:639} INFO - DAG(s) dict_keys(['example_branch_dop_operator_v3']) retrieved from /home/airflow/.local/lib/python3.6/site-packages/airflow/example_dags/example_branch_python_dop_operator_3.py
[2023-10-01 00:11:01,705] {logging_mixin.py:104} INFO - [2023-10-01 00:11:01,704] {dag.py:1824} INFO - Sync 1 DAGs
[2023-10-01 00:11:01,955] {logging_mixin.py:104} INFO - [2023-10-01 00:11:01,954] {dag.py:2280} INFO - Setting next_dagrun for example_branch_dop_operator_v3 to 2023-09-29 00:00:00+00:00
[2023-10-01 00:11:02,014] {scheduler_job.py:190} INFO - Processing /home/airflow/.local/lib/python3.6/site-packages/airflow/example_dags/example_branch_python_dop_operator_3.py took 0.511 seconds
[2023-10-01 00:12:23,106] {scheduler_job.py:182} INFO - Started process (PID=61) to work on /home/airflow/.local/lib/python3.6/site-packages/airflow/example_dags/example_branch_python_dop_operator_3.py
[2023-10-01 00:12:23,153] {scheduler_job.py:629} INFO - Processing file /home/airflow/.local/lib/python3.6/site-packages/airflow/example_dags/example_branch_python_dop_operator_3.py for tasks to queue
[2023-10-01 00:12:23,180] {logging_mixin.py:104} INFO - [2023-10-01 00:12:23,179] {dagbag.py:451} INFO - Filling up the DagBag from /home/airflow/.local/lib/python3.6/site-packages/airflow/example_dags/example_branch_python_dop_operator_3.py
[2023-10-01 00:12:23,868] {scheduler_job.py:639} INFO - DAG(s) dict_keys(['example_branch_dop_operator_v3']) retrieved from /home/airflow/.local/lib/python3.6/site-packages/airflow/example_dags/example_branch_python_dop_operator_3.py
[2023-10-01 00:12:24,348] {logging_mixin.py:104} INFO - [2023-10-01 00:12:24,332] {dag.py:1824} INFO - Sync 1 DAGs
[2023-10-01 00:12:25,111] {logging_mixin.py:104} INFO - [2023-10-01 00:12:25,110] {dag.py:2280} INFO - Setting next_dagrun for example_branch_dop_operator_v3 to 2023-09-29 00:00:00+00:00
[2023-10-01 00:12:25,327] {scheduler_job.py:190} INFO - Processing /home/airflow/.local/lib/python3.6/site-packages/airflow/example_dags/example_branch_python_dop_operator_3.py took 2.333 seconds
[2023-10-01 00:12:55,808] {scheduler_job.py:182} INFO - Started process (PID=115) to work on /home/airflow/.local/lib/python3.6/site-packages/airflow/example_dags/example_branch_python_dop_operator_3.py
[2023-10-01 00:12:55,839] {scheduler_job.py:629} INFO - Processing file /home/airflow/.local/lib/python3.6/site-packages/airflow/example_dags/example_branch_python_dop_operator_3.py for tasks to queue
[2023-10-01 00:12:55,856] {logging_mixin.py:104} INFO - [2023-10-01 00:12:55,854] {dagbag.py:451} INFO - Filling up the DagBag from /home/airflow/.local/lib/python3.6/site-packages/airflow/example_dags/example_branch_python_dop_operator_3.py
[2023-10-01 00:12:56,205] {scheduler_job.py:639} INFO - DAG(s) dict_keys(['example_branch_dop_operator_v3']) retrieved from /home/airflow/.local/lib/python3.6/site-packages/airflow/example_dags/example_branch_python_dop_operator_3.py
[2023-10-01 00:12:56,418] {logging_mixin.py:104} INFO - [2023-10-01 00:12:56,403] {dag.py:1824} INFO - Sync 1 DAGs
[2023-10-01 00:12:57,099] {logging_mixin.py:104} INFO - [2023-10-01 00:12:57,097] {dag.py:2280} INFO - Setting next_dagrun for example_branch_dop_operator_v3 to 2023-09-29 00:00:00+00:00
[2023-10-01 00:12:57,198] {scheduler_job.py:190} INFO - Processing /home/airflow/.local/lib/python3.6/site-packages/airflow/example_dags/example_branch_python_dop_operator_3.py took 1.471 seconds
[2023-10-01 00:13:27,409] {scheduler_job.py:182} INFO - Started process (PID=169) to work on /home/airflow/.local/lib/python3.6/site-packages/airflow/example_dags/example_branch_python_dop_operator_3.py
[2023-10-01 00:13:27,424] {scheduler_job.py:629} INFO - Processing file /home/airflow/.local/lib/python3.6/site-packages/airflow/example_dags/example_branch_python_dop_operator_3.py for tasks to queue
[2023-10-01 00:13:27,445] {logging_mixin.py:104} INFO - [2023-10-01 00:13:27,444] {dagbag.py:451} INFO - Filling up the DagBag from /home/airflow/.local/lib/python3.6/site-packages/airflow/example_dags/example_branch_python_dop_operator_3.py
[2023-10-01 00:13:27,671] {scheduler_job.py:639} INFO - DAG(s) dict_keys(['example_branch_dop_operator_v3']) retrieved from /home/airflow/.local/lib/python3.6/site-packages/airflow/example_dags/example_branch_python_dop_operator_3.py
[2023-10-01 00:13:27,769] {logging_mixin.py:104} INFO - [2023-10-01 00:13:27,768] {dag.py:1824} INFO - Sync 1 DAGs
[2023-10-01 00:13:28,360] {logging_mixin.py:104} INFO - [2023-10-01 00:13:28,358] {dag.py:2280} INFO - Setting next_dagrun for example_branch_dop_operator_v3 to 2023-09-29 00:00:00+00:00
[2023-10-01 00:13:28,505] {scheduler_job.py:190} INFO - Processing /home/airflow/.local/lib/python3.6/site-packages/airflow/example_dags/example_branch_python_dop_operator_3.py took 1.165 seconds
[2023-10-01 00:13:59,225] {scheduler_job.py:182} INFO - Started process (PID=225) to work on /home/airflow/.local/lib/python3.6/site-packages/airflow/example_dags/example_branch_python_dop_operator_3.py
[2023-10-01 00:13:59,260] {scheduler_job.py:629} INFO - Processing file /home/airflow/.local/lib/python3.6/site-packages/airflow/example_dags/example_branch_python_dop_operator_3.py for tasks to queue
[2023-10-01 00:13:59,307] {logging_mixin.py:104} INFO - [2023-10-01 00:13:59,299] {dagbag.py:451} INFO - Filling up the DagBag from /home/airflow/.local/lib/python3.6/site-packages/airflow/example_dags/example_branch_python_dop_operator_3.py
[2023-10-01 00:13:59,947] {scheduler_job.py:639} INFO - DAG(s) dict_keys(['example_branch_dop_operator_v3']) retrieved from /home/airflow/.local/lib/python3.6/site-packages/airflow/example_dags/example_branch_python_dop_operator_3.py
[2023-10-01 00:14:00,463] {logging_mixin.py:104} INFO - [2023-10-01 00:14:00,462] {dag.py:1824} INFO - Sync 1 DAGs
[2023-10-01 00:14:01,309] {logging_mixin.py:104} INFO - [2023-10-01 00:14:01,297] {dag.py:2280} INFO - Setting next_dagrun for example_branch_dop_operator_v3 to 2023-09-29 00:00:00+00:00
[2023-10-01 00:14:01,494] {scheduler_job.py:190} INFO - Processing /home/airflow/.local/lib/python3.6/site-packages/airflow/example_dags/example_branch_python_dop_operator_3.py took 2.311 seconds
[2023-10-01 00:14:32,153] {scheduler_job.py:182} INFO - Started process (PID=281) to work on /home/airflow/.local/lib/python3.6/site-packages/airflow/example_dags/example_branch_python_dop_operator_3.py
[2023-10-01 00:14:32,174] {scheduler_job.py:629} INFO - Processing file /home/airflow/.local/lib/python3.6/site-packages/airflow/example_dags/example_branch_python_dop_operator_3.py for tasks to queue
[2023-10-01 00:14:32,183] {logging_mixin.py:104} INFO - [2023-10-01 00:14:32,182] {dagbag.py:451} INFO - Filling up the DagBag from /home/airflow/.local/lib/python3.6/site-packages/airflow/example_dags/example_branch_python_dop_operator_3.py
[2023-10-01 00:14:32,465] {scheduler_job.py:639} INFO - DAG(s) dict_keys(['example_branch_dop_operator_v3']) retrieved from /home/airflow/.local/lib/python3.6/site-packages/airflow/example_dags/example_branch_python_dop_operator_3.py
[2023-10-01 00:14:32,652] {logging_mixin.py:104} INFO - [2023-10-01 00:14:32,651] {dag.py:1824} INFO - Sync 1 DAGs
[2023-10-01 00:14:33,593] {logging_mixin.py:104} INFO - [2023-10-01 00:14:33,591] {dag.py:2280} INFO - Setting next_dagrun for example_branch_dop_operator_v3 to 2023-09-29 00:00:00+00:00
[2023-10-01 00:14:33,703] {scheduler_job.py:190} INFO - Processing /home/airflow/.local/lib/python3.6/site-packages/airflow/example_dags/example_branch_python_dop_operator_3.py took 1.568 seconds
[2023-10-01 00:15:04,244] {scheduler_job.py:182} INFO - Started process (PID=337) to work on /home/airflow/.local/lib/python3.6/site-packages/airflow/example_dags/example_branch_python_dop_operator_3.py
[2023-10-01 00:15:04,253] {scheduler_job.py:629} INFO - Processing file /home/airflow/.local/lib/python3.6/site-packages/airflow/example_dags/example_branch_python_dop_operator_3.py for tasks to queue
[2023-10-01 00:15:04,265] {logging_mixin.py:104} INFO - [2023-10-01 00:15:04,264] {dagbag.py:451} INFO - Filling up the DagBag from /home/airflow/.local/lib/python3.6/site-packages/airflow/example_dags/example_branch_python_dop_operator_3.py
[2023-10-01 00:15:04,520] {scheduler_job.py:639} INFO - DAG(s) dict_keys(['example_branch_dop_operator_v3']) retrieved from /home/airflow/.local/lib/python3.6/site-packages/airflow/example_dags/example_branch_python_dop_operator_3.py
[2023-10-01 00:15:04,732] {logging_mixin.py:104} INFO - [2023-10-01 00:15:04,731] {dag.py:1824} INFO - Sync 1 DAGs
[2023-10-01 00:15:05,300] {logging_mixin.py:104} INFO - [2023-10-01 00:15:05,298] {dag.py:2280} INFO - Setting next_dagrun for example_branch_dop_operator_v3 to 2023-09-29 00:00:00+00:00
[2023-10-01 00:15:05,380] {scheduler_job.py:190} INFO - Processing /home/airflow/.local/lib/python3.6/site-packages/airflow/example_dags/example_branch_python_dop_operator_3.py took 1.168 seconds
[2023-10-01 00:15:36,549] {scheduler_job.py:182} INFO - Started process (PID=393) to work on /home/airflow/.local/lib/python3.6/site-packages/airflow/example_dags/example_branch_python_dop_operator_3.py
[2023-10-01 00:15:36,568] {scheduler_job.py:629} INFO - Processing file /home/airflow/.local/lib/python3.6/site-packages/airflow/example_dags/example_branch_python_dop_operator_3.py for tasks to queue
[2023-10-01 00:15:36,579] {logging_mixin.py:104} INFO - [2023-10-01 00:15:36,578] {dagbag.py:451} INFO - Filling up the DagBag from /home/airflow/.local/lib/python3.6/site-packages/airflow/example_dags/example_branch_python_dop_operator_3.py
[2023-10-01 00:15:36,839] {scheduler_job.py:639} INFO - DAG(s) dict_keys(['example_branch_dop_operator_v3']) retrieved from /home/airflow/.local/lib/python3.6/site-packages/airflow/example_dags/example_branch_python_dop_operator_3.py
[2023-10-01 00:15:37,086] {logging_mixin.py:104} INFO - [2023-10-01 00:15:37,085] {dag.py:1824} INFO - Sync 1 DAGs
[2023-10-01 00:15:37,413] {logging_mixin.py:104} INFO - [2023-10-01 00:15:37,412] {dag.py:2280} INFO - Setting next_dagrun for example_branch_dop_operator_v3 to 2023-09-29 00:00:00+00:00
[2023-10-01 00:15:37,459] {scheduler_job.py:190} INFO - Processing /home/airflow/.local/lib/python3.6/site-packages/airflow/example_dags/example_branch_python_dop_operator_3.py took 0.959 seconds
[2023-10-01 00:16:07,983] {scheduler_job.py:182} INFO - Started process (PID=447) to work on /home/airflow/.local/lib/python3.6/site-packages/airflow/example_dags/example_branch_python_dop_operator_3.py
[2023-10-01 00:16:07,990] {scheduler_job.py:629} INFO - Processing file /home/airflow/.local/lib/python3.6/site-packages/airflow/example_dags/example_branch_python_dop_operator_3.py for tasks to queue
[2023-10-01 00:16:07,994] {logging_mixin.py:104} INFO - [2023-10-01 00:16:07,993] {dagbag.py:451} INFO - Filling up the DagBag from /home/airflow/.local/lib/python3.6/site-packages/airflow/example_dags/example_branch_python_dop_operator_3.py
[2023-10-01 00:16:08,071] {scheduler_job.py:639} INFO - DAG(s) dict_keys(['example_branch_dop_operator_v3']) retrieved from /home/airflow/.local/lib/python3.6/site-packages/airflow/example_dags/example_branch_python_dop_operator_3.py
[2023-10-01 00:16:08,144] {logging_mixin.py:104} INFO - [2023-10-01 00:16:08,144] {dag.py:1824} INFO - Sync 1 DAGs
[2023-10-01 00:16:08,382] {logging_mixin.py:104} INFO - [2023-10-01 00:16:08,382] {dag.py:2280} INFO - Setting next_dagrun for example_branch_dop_operator_v3 to 2023-09-29 00:00:00+00:00
[2023-10-01 00:16:08,427] {scheduler_job.py:190} INFO - Processing /home/airflow/.local/lib/python3.6/site-packages/airflow/example_dags/example_branch_python_dop_operator_3.py took 0.456 seconds
[2023-10-01 00:17:29,945] {scheduler_job.py:182} INFO - Started process (PID=86) to work on /home/airflow/.local/lib/python3.6/site-packages/airflow/example_dags/example_branch_python_dop_operator_3.py
[2023-10-01 00:17:29,965] {scheduler_job.py:629} INFO - Processing file /home/airflow/.local/lib/python3.6/site-packages/airflow/example_dags/example_branch_python_dop_operator_3.py for tasks to queue
[2023-10-01 00:17:29,982] {logging_mixin.py:104} INFO - [2023-10-01 00:17:29,979] {dagbag.py:451} INFO - Filling up the DagBag from /home/airflow/.local/lib/python3.6/site-packages/airflow/example_dags/example_branch_python_dop_operator_3.py
[2023-10-01 00:17:30,567] {scheduler_job.py:639} INFO - DAG(s) dict_keys(['example_branch_dop_operator_v3']) retrieved from /home/airflow/.local/lib/python3.6/site-packages/airflow/example_dags/example_branch_python_dop_operator_3.py
[2023-10-01 00:17:30,937] {logging_mixin.py:104} INFO - [2023-10-01 00:17:30,935] {dag.py:1824} INFO - Sync 1 DAGs
[2023-10-01 00:17:31,610] {logging_mixin.py:104} INFO - [2023-10-01 00:17:31,608] {dag.py:2280} INFO - Setting next_dagrun for example_branch_dop_operator_v3 to 2023-09-29 00:00:00+00:00
[2023-10-01 00:17:31,735] {scheduler_job.py:190} INFO - Processing /home/airflow/.local/lib/python3.6/site-packages/airflow/example_dags/example_branch_python_dop_operator_3.py took 1.861 seconds
[2023-10-01 00:18:02,337] {scheduler_job.py:182} INFO - Started process (PID=140) to work on /home/airflow/.local/lib/python3.6/site-packages/airflow/example_dags/example_branch_python_dop_operator_3.py
[2023-10-01 00:18:02,356] {scheduler_job.py:629} INFO - Processing file /home/airflow/.local/lib/python3.6/site-packages/airflow/example_dags/example_branch_python_dop_operator_3.py for tasks to queue
[2023-10-01 00:18:02,370] {logging_mixin.py:104} INFO - [2023-10-01 00:18:02,369] {dagbag.py:451} INFO - Filling up the DagBag from /home/airflow/.local/lib/python3.6/site-packages/airflow/example_dags/example_branch_python_dop_operator_3.py
[2023-10-01 00:18:02,726] {scheduler_job.py:639} INFO - DAG(s) dict_keys(['example_branch_dop_operator_v3']) retrieved from /home/airflow/.local/lib/python3.6/site-packages/airflow/example_dags/example_branch_python_dop_operator_3.py
[2023-10-01 00:18:03,052] {logging_mixin.py:104} INFO - [2023-10-01 00:18:03,051] {dag.py:1824} INFO - Sync 1 DAGs
[2023-10-01 00:18:03,896] {logging_mixin.py:104} INFO - [2023-10-01 00:18:03,895] {dag.py:2280} INFO - Setting next_dagrun for example_branch_dop_operator_v3 to 2023-09-29 00:00:00+00:00
[2023-10-01 00:18:03,999] {scheduler_job.py:190} INFO - Processing /home/airflow/.local/lib/python3.6/site-packages/airflow/example_dags/example_branch_python_dop_operator_3.py took 1.709 seconds
[2023-10-01 00:18:34,800] {scheduler_job.py:182} INFO - Started process (PID=196) to work on /home/airflow/.local/lib/python3.6/site-packages/airflow/example_dags/example_branch_python_dop_operator_3.py
[2023-10-01 00:18:34,825] {scheduler_job.py:629} INFO - Processing file /home/airflow/.local/lib/python3.6/site-packages/airflow/example_dags/example_branch_python_dop_operator_3.py for tasks to queue
[2023-10-01 00:18:34,838] {logging_mixin.py:104} INFO - [2023-10-01 00:18:34,838] {dagbag.py:451} INFO - Filling up the DagBag from /home/airflow/.local/lib/python3.6/site-packages/airflow/example_dags/example_branch_python_dop_operator_3.py
[2023-10-01 00:18:35,218] {scheduler_job.py:639} INFO - DAG(s) dict_keys(['example_branch_dop_operator_v3']) retrieved from /home/airflow/.local/lib/python3.6/site-packages/airflow/example_dags/example_branch_python_dop_operator_3.py
[2023-10-01 00:18:35,405] {logging_mixin.py:104} INFO - [2023-10-01 00:18:35,404] {dag.py:1824} INFO - Sync 1 DAGs
[2023-10-01 00:18:36,139] {logging_mixin.py:104} INFO - [2023-10-01 00:18:36,136] {dag.py:2280} INFO - Setting next_dagrun for example_branch_dop_operator_v3 to 2023-09-29 00:00:00+00:00
[2023-10-01 00:18:36,285] {scheduler_job.py:190} INFO - Processing /home/airflow/.local/lib/python3.6/site-packages/airflow/example_dags/example_branch_python_dop_operator_3.py took 1.568 seconds
[2023-10-01 00:19:06,799] {scheduler_job.py:182} INFO - Started process (PID=252) to work on /home/airflow/.local/lib/python3.6/site-packages/airflow/example_dags/example_branch_python_dop_operator_3.py
[2023-10-01 00:19:06,822] {scheduler_job.py:629} INFO - Processing file /home/airflow/.local/lib/python3.6/site-packages/airflow/example_dags/example_branch_python_dop_operator_3.py for tasks to queue
[2023-10-01 00:19:06,841] {logging_mixin.py:104} INFO - [2023-10-01 00:19:06,840] {dagbag.py:451} INFO - Filling up the DagBag from /home/airflow/.local/lib/python3.6/site-packages/airflow/example_dags/example_branch_python_dop_operator_3.py
[2023-10-01 00:19:07,300] {scheduler_job.py:639} INFO - DAG(s) dict_keys(['example_branch_dop_operator_v3']) retrieved from /home/airflow/.local/lib/python3.6/site-packages/airflow/example_dags/example_branch_python_dop_operator_3.py
[2023-10-01 00:19:07,482] {logging_mixin.py:104} INFO - [2023-10-01 00:19:07,481] {dag.py:1824} INFO - Sync 1 DAGs
[2023-10-01 00:19:08,144] {logging_mixin.py:104} INFO - [2023-10-01 00:19:08,143] {dag.py:2280} INFO - Setting next_dagrun for example_branch_dop_operator_v3 to 2023-09-29 00:00:00+00:00
[2023-10-01 00:19:08,270] {scheduler_job.py:190} INFO - Processing /home/airflow/.local/lib/python3.6/site-packages/airflow/example_dags/example_branch_python_dop_operator_3.py took 1.544 seconds
[2023-10-01 00:19:38,520] {scheduler_job.py:182} INFO - Started process (PID=306) to work on /home/airflow/.local/lib/python3.6/site-packages/airflow/example_dags/example_branch_python_dop_operator_3.py
[2023-10-01 00:19:38,536] {scheduler_job.py:629} INFO - Processing file /home/airflow/.local/lib/python3.6/site-packages/airflow/example_dags/example_branch_python_dop_operator_3.py for tasks to queue
[2023-10-01 00:19:38,553] {logging_mixin.py:104} INFO - [2023-10-01 00:19:38,549] {dagbag.py:451} INFO - Filling up the DagBag from /home/airflow/.local/lib/python3.6/site-packages/airflow/example_dags/example_branch_python_dop_operator_3.py
[2023-10-01 00:19:38,891] {scheduler_job.py:639} INFO - DAG(s) dict_keys(['example_branch_dop_operator_v3']) retrieved from /home/airflow/.local/lib/python3.6/site-packages/airflow/example_dags/example_branch_python_dop_operator_3.py
[2023-10-01 00:19:39,087] {logging_mixin.py:104} INFO - [2023-10-01 00:19:39,086] {dag.py:1824} INFO - Sync 1 DAGs
[2023-10-01 00:19:39,869] {logging_mixin.py:104} INFO - [2023-10-01 00:19:39,867] {dag.py:2280} INFO - Setting next_dagrun for example_branch_dop_operator_v3 to 2023-09-29 00:00:00+00:00
[2023-10-01 00:19:39,980] {scheduler_job.py:190} INFO - Processing /home/airflow/.local/lib/python3.6/site-packages/airflow/example_dags/example_branch_python_dop_operator_3.py took 1.501 seconds
[2023-10-01 00:20:10,122] {scheduler_job.py:182} INFO - Started process (PID=360) to work on /home/airflow/.local/lib/python3.6/site-packages/airflow/example_dags/example_branch_python_dop_operator_3.py
[2023-10-01 00:20:10,139] {scheduler_job.py:629} INFO - Processing file /home/airflow/.local/lib/python3.6/site-packages/airflow/example_dags/example_branch_python_dop_operator_3.py for tasks to queue
[2023-10-01 00:20:10,145] {logging_mixin.py:104} INFO - [2023-10-01 00:20:10,144] {dagbag.py:451} INFO - Filling up the DagBag from /home/airflow/.local/lib/python3.6/site-packages/airflow/example_dags/example_branch_python_dop_operator_3.py
[2023-10-01 00:20:10,270] {scheduler_job.py:639} INFO - DAG(s) dict_keys(['example_branch_dop_operator_v3']) retrieved from /home/airflow/.local/lib/python3.6/site-packages/airflow/example_dags/example_branch_python_dop_operator_3.py
[2023-10-01 00:20:10,401] {logging_mixin.py:104} INFO - [2023-10-01 00:20:10,400] {dag.py:1824} INFO - Sync 1 DAGs
[2023-10-01 00:20:10,754] {logging_mixin.py:104} INFO - [2023-10-01 00:20:10,753] {dag.py:2280} INFO - Setting next_dagrun for example_branch_dop_operator_v3 to 2023-09-29 00:00:00+00:00
[2023-10-01 00:20:10,816] {scheduler_job.py:190} INFO - Processing /home/airflow/.local/lib/python3.6/site-packages/airflow/example_dags/example_branch_python_dop_operator_3.py took 0.715 seconds
[2023-10-01 00:20:41,037] {scheduler_job.py:182} INFO - Started process (PID=414) to work on /home/airflow/.local/lib/python3.6/site-packages/airflow/example_dags/example_branch_python_dop_operator_3.py
[2023-10-01 00:20:41,050] {scheduler_job.py:629} INFO - Processing file /home/airflow/.local/lib/python3.6/site-packages/airflow/example_dags/example_branch_python_dop_operator_3.py for tasks to queue
[2023-10-01 00:20:41,062] {logging_mixin.py:104} INFO - [2023-10-01 00:20:41,061] {dagbag.py:451} INFO - Filling up the DagBag from /home/airflow/.local/lib/python3.6/site-packages/airflow/example_dags/example_branch_python_dop_operator_3.py
[2023-10-01 00:20:41,268] {scheduler_job.py:639} INFO - DAG(s) dict_keys(['example_branch_dop_operator_v3']) retrieved from /home/airflow/.local/lib/python3.6/site-packages/airflow/example_dags/example_branch_python_dop_operator_3.py
[2023-10-01 00:20:41,425] {logging_mixin.py:104} INFO - [2023-10-01 00:20:41,424] {dag.py:1824} INFO - Sync 1 DAGs
[2023-10-01 00:20:41,830] {logging_mixin.py:104} INFO - [2023-10-01 00:20:41,829] {dag.py:2280} INFO - Setting next_dagrun for example_branch_dop_operator_v3 to 2023-09-29 00:00:00+00:00
[2023-10-01 00:20:41,918] {scheduler_job.py:190} INFO - Processing /home/airflow/.local/lib/python3.6/site-packages/airflow/example_dags/example_branch_python_dop_operator_3.py took 0.907 seconds
[2023-10-01 00:21:12,546] {scheduler_job.py:182} INFO - Started process (PID=468) to work on /home/airflow/.local/lib/python3.6/site-packages/airflow/example_dags/example_branch_python_dop_operator_3.py
[2023-10-01 00:21:12,557] {scheduler_job.py:629} INFO - Processing file /home/airflow/.local/lib/python3.6/site-packages/airflow/example_dags/example_branch_python_dop_operator_3.py for tasks to queue
[2023-10-01 00:21:12,567] {logging_mixin.py:104} INFO - [2023-10-01 00:21:12,566] {dagbag.py:451} INFO - Filling up the DagBag from /home/airflow/.local/lib/python3.6/site-packages/airflow/example_dags/example_branch_python_dop_operator_3.py
[2023-10-01 00:21:12,731] {scheduler_job.py:639} INFO - DAG(s) dict_keys(['example_branch_dop_operator_v3']) retrieved from /home/airflow/.local/lib/python3.6/site-packages/airflow/example_dags/example_branch_python_dop_operator_3.py
[2023-10-01 00:21:12,885] {logging_mixin.py:104} INFO - [2023-10-01 00:21:12,884] {dag.py:1824} INFO - Sync 1 DAGs
[2023-10-01 00:21:13,250] {logging_mixin.py:104} INFO - [2023-10-01 00:21:13,249] {dag.py:2280} INFO - Setting next_dagrun for example_branch_dop_operator_v3 to 2023-09-29 00:00:00+00:00
[2023-10-01 00:21:13,309] {scheduler_job.py:190} INFO - Processing /home/airflow/.local/lib/python3.6/site-packages/airflow/example_dags/example_branch_python_dop_operator_3.py took 0.785 seconds
[2023-10-01 00:21:43,653] {scheduler_job.py:182} INFO - Started process (PID=522) to work on /home/airflow/.local/lib/python3.6/site-packages/airflow/example_dags/example_branch_python_dop_operator_3.py
[2023-10-01 00:21:43,663] {scheduler_job.py:629} INFO - Processing file /home/airflow/.local/lib/python3.6/site-packages/airflow/example_dags/example_branch_python_dop_operator_3.py for tasks to queue
[2023-10-01 00:21:43,679] {logging_mixin.py:104} INFO - [2023-10-01 00:21:43,678] {dagbag.py:451} INFO - Filling up the DagBag from /home/airflow/.local/lib/python3.6/site-packages/airflow/example_dags/example_branch_python_dop_operator_3.py
[2023-10-01 00:21:43,898] {scheduler_job.py:639} INFO - DAG(s) dict_keys(['example_branch_dop_operator_v3']) retrieved from /home/airflow/.local/lib/python3.6/site-packages/airflow/example_dags/example_branch_python_dop_operator_3.py
[2023-10-01 00:21:44,084] {logging_mixin.py:104} INFO - [2023-10-01 00:21:44,082] {dag.py:1824} INFO - Sync 1 DAGs
[2023-10-01 00:21:44,619] {logging_mixin.py:104} INFO - [2023-10-01 00:21:44,618] {dag.py:2280} INFO - Setting next_dagrun for example_branch_dop_operator_v3 to 2023-09-29 00:00:00+00:00
[2023-10-01 00:21:44,700] {scheduler_job.py:190} INFO - Processing /home/airflow/.local/lib/python3.6/site-packages/airflow/example_dags/example_branch_python_dop_operator_3.py took 1.090 seconds
[2023-10-01 00:22:15,271] {scheduler_job.py:182} INFO - Started process (PID=578) to work on /home/airflow/.local/lib/python3.6/site-packages/airflow/example_dags/example_branch_python_dop_operator_3.py
[2023-10-01 00:22:15,280] {scheduler_job.py:629} INFO - Processing file /home/airflow/.local/lib/python3.6/site-packages/airflow/example_dags/example_branch_python_dop_operator_3.py for tasks to queue
[2023-10-01 00:22:15,286] {logging_mixin.py:104} INFO - [2023-10-01 00:22:15,285] {dagbag.py:451} INFO - Filling up the DagBag from /home/airflow/.local/lib/python3.6/site-packages/airflow/example_dags/example_branch_python_dop_operator_3.py
[2023-10-01 00:22:15,424] {scheduler_job.py:639} INFO - DAG(s) dict_keys(['example_branch_dop_operator_v3']) retrieved from /home/airflow/.local/lib/python3.6/site-packages/airflow/example_dags/example_branch_python_dop_operator_3.py
[2023-10-01 00:22:15,552] {logging_mixin.py:104} INFO - [2023-10-01 00:22:15,551] {dag.py:1824} INFO - Sync 1 DAGs
[2023-10-01 00:22:15,873] {logging_mixin.py:104} INFO - [2023-10-01 00:22:15,872] {dag.py:2280} INFO - Setting next_dagrun for example_branch_dop_operator_v3 to 2023-09-29 00:00:00+00:00
[2023-10-01 00:22:15,919] {scheduler_job.py:190} INFO - Processing /home/airflow/.local/lib/python3.6/site-packages/airflow/example_dags/example_branch_python_dop_operator_3.py took 0.663 seconds
[2023-10-01 00:22:46,176] {scheduler_job.py:182} INFO - Started process (PID=632) to work on /home/airflow/.local/lib/python3.6/site-packages/airflow/example_dags/example_branch_python_dop_operator_3.py
[2023-10-01 00:22:46,185] {scheduler_job.py:629} INFO - Processing file /home/airflow/.local/lib/python3.6/site-packages/airflow/example_dags/example_branch_python_dop_operator_3.py for tasks to queue
[2023-10-01 00:22:46,190] {logging_mixin.py:104} INFO - [2023-10-01 00:22:46,189] {dagbag.py:451} INFO - Filling up the DagBag from /home/airflow/.local/lib/python3.6/site-packages/airflow/example_dags/example_branch_python_dop_operator_3.py
[2023-10-01 00:22:46,309] {scheduler_job.py:639} INFO - DAG(s) dict_keys(['example_branch_dop_operator_v3']) retrieved from /home/airflow/.local/lib/python3.6/site-packages/airflow/example_dags/example_branch_python_dop_operator_3.py
[2023-10-01 00:22:46,401] {logging_mixin.py:104} INFO - [2023-10-01 00:22:46,400] {dag.py:1824} INFO - Sync 1 DAGs
[2023-10-01 00:22:46,665] {logging_mixin.py:104} INFO - [2023-10-01 00:22:46,664] {dag.py:2280} INFO - Setting next_dagrun for example_branch_dop_operator_v3 to 2023-09-29 00:00:00+00:00
[2023-10-01 00:22:46,704] {scheduler_job.py:190} INFO - Processing /home/airflow/.local/lib/python3.6/site-packages/airflow/example_dags/example_branch_python_dop_operator_3.py took 0.542 seconds
[2023-10-01 00:23:16,830] {scheduler_job.py:182} INFO - Started process (PID=688) to work on /home/airflow/.local/lib/python3.6/site-packages/airflow/example_dags/example_branch_python_dop_operator_3.py
[2023-10-01 00:23:16,840] {scheduler_job.py:629} INFO - Processing file /home/airflow/.local/lib/python3.6/site-packages/airflow/example_dags/example_branch_python_dop_operator_3.py for tasks to queue
[2023-10-01 00:23:16,845] {logging_mixin.py:104} INFO - [2023-10-01 00:23:16,844] {dagbag.py:451} INFO - Filling up the DagBag from /home/airflow/.local/lib/python3.6/site-packages/airflow/example_dags/example_branch_python_dop_operator_3.py
[2023-10-01 00:23:16,936] {scheduler_job.py:639} INFO - DAG(s) dict_keys(['example_branch_dop_operator_v3']) retrieved from /home/airflow/.local/lib/python3.6/site-packages/airflow/example_dags/example_branch_python_dop_operator_3.py
[2023-10-01 00:23:17,012] {logging_mixin.py:104} INFO - [2023-10-01 00:23:17,011] {dag.py:1824} INFO - Sync 1 DAGs
[2023-10-01 00:23:17,241] {logging_mixin.py:104} INFO - [2023-10-01 00:23:17,240] {dag.py:2280} INFO - Setting next_dagrun for example_branch_dop_operator_v3 to 2023-09-29 00:00:00+00:00
[2023-10-01 00:23:17,276] {scheduler_job.py:190} INFO - Processing /home/airflow/.local/lib/python3.6/site-packages/airflow/example_dags/example_branch_python_dop_operator_3.py took 0.459 seconds
[2023-10-01 00:23:47,631] {scheduler_job.py:182} INFO - Started process (PID=742) to work on /home/airflow/.local/lib/python3.6/site-packages/airflow/example_dags/example_branch_python_dop_operator_3.py
[2023-10-01 00:23:47,637] {scheduler_job.py:629} INFO - Processing file /home/airflow/.local/lib/python3.6/site-packages/airflow/example_dags/example_branch_python_dop_operator_3.py for tasks to queue
[2023-10-01 00:23:47,641] {logging_mixin.py:104} INFO - [2023-10-01 00:23:47,640] {dagbag.py:451} INFO - Filling up the DagBag from /home/airflow/.local/lib/python3.6/site-packages/airflow/example_dags/example_branch_python_dop_operator_3.py
[2023-10-01 00:23:47,726] {scheduler_job.py:639} INFO - DAG(s) dict_keys(['example_branch_dop_operator_v3']) retrieved from /home/airflow/.local/lib/python3.6/site-packages/airflow/example_dags/example_branch_python_dop_operator_3.py
[2023-10-01 00:23:47,796] {logging_mixin.py:104} INFO - [2023-10-01 00:23:47,795] {dag.py:1824} INFO - Sync 1 DAGs
[2023-10-01 00:23:48,021] {logging_mixin.py:104} INFO - [2023-10-01 00:23:48,021] {dag.py:2280} INFO - Setting next_dagrun for example_branch_dop_operator_v3 to 2023-09-29 00:00:00+00:00
[2023-10-01 00:23:48,056] {scheduler_job.py:190} INFO - Processing /home/airflow/.local/lib/python3.6/site-packages/airflow/example_dags/example_branch_python_dop_operator_3.py took 0.436 seconds
[2023-10-01 00:24:18,373] {scheduler_job.py:182} INFO - Started process (PID=796) to work on /home/airflow/.local/lib/python3.6/site-packages/airflow/example_dags/example_branch_python_dop_operator_3.py
[2023-10-01 00:24:18,381] {scheduler_job.py:629} INFO - Processing file /home/airflow/.local/lib/python3.6/site-packages/airflow/example_dags/example_branch_python_dop_operator_3.py for tasks to queue
[2023-10-01 00:24:18,387] {logging_mixin.py:104} INFO - [2023-10-01 00:24:18,386] {dagbag.py:451} INFO - Filling up the DagBag from /home/airflow/.local/lib/python3.6/site-packages/airflow/example_dags/example_branch_python_dop_operator_3.py
[2023-10-01 00:24:18,499] {scheduler_job.py:639} INFO - DAG(s) dict_keys(['example_branch_dop_operator_v3']) retrieved from /home/airflow/.local/lib/python3.6/site-packages/airflow/example_dags/example_branch_python_dop_operator_3.py
[2023-10-01 00:24:18,575] {logging_mixin.py:104} INFO - [2023-10-01 00:24:18,574] {dag.py:1824} INFO - Sync 1 DAGs
[2023-10-01 00:24:18,777] {logging_mixin.py:104} INFO - [2023-10-01 00:24:18,776] {dag.py:2280} INFO - Setting next_dagrun for example_branch_dop_operator_v3 to 2023-09-29 00:00:00+00:00
[2023-10-01 00:24:18,810] {scheduler_job.py:190} INFO - Processing /home/airflow/.local/lib/python3.6/site-packages/airflow/example_dags/example_branch_python_dop_operator_3.py took 0.448 seconds
[2023-10-01 00:24:49,252] {scheduler_job.py:182} INFO - Started process (PID=850) to work on /home/airflow/.local/lib/python3.6/site-packages/airflow/example_dags/example_branch_python_dop_operator_3.py
[2023-10-01 00:24:49,262] {scheduler_job.py:629} INFO - Processing file /home/airflow/.local/lib/python3.6/site-packages/airflow/example_dags/example_branch_python_dop_operator_3.py for tasks to queue
[2023-10-01 00:24:49,268] {logging_mixin.py:104} INFO - [2023-10-01 00:24:49,267] {dagbag.py:451} INFO - Filling up the DagBag from /home/airflow/.local/lib/python3.6/site-packages/airflow/example_dags/example_branch_python_dop_operator_3.py
[2023-10-01 00:24:49,363] {scheduler_job.py:639} INFO - DAG(s) dict_keys(['example_branch_dop_operator_v3']) retrieved from /home/airflow/.local/lib/python3.6/site-packages/airflow/example_dags/example_branch_python_dop_operator_3.py
[2023-10-01 00:24:49,448] {logging_mixin.py:104} INFO - [2023-10-01 00:24:49,448] {dag.py:1824} INFO - Sync 1 DAGs
[2023-10-01 00:24:49,661] {logging_mixin.py:104} INFO - [2023-10-01 00:24:49,661] {dag.py:2280} INFO - Setting next_dagrun for example_branch_dop_operator_v3 to 2023-09-29 00:00:00+00:00
[2023-10-01 00:24:49,697] {scheduler_job.py:190} INFO - Processing /home/airflow/.local/lib/python3.6/site-packages/airflow/example_dags/example_branch_python_dop_operator_3.py took 0.468 seconds
[2023-10-01 00:25:19,787] {scheduler_job.py:182} INFO - Started process (PID=900) to work on /home/airflow/.local/lib/python3.6/site-packages/airflow/example_dags/example_branch_python_dop_operator_3.py
[2023-10-01 00:25:19,793] {scheduler_job.py:629} INFO - Processing file /home/airflow/.local/lib/python3.6/site-packages/airflow/example_dags/example_branch_python_dop_operator_3.py for tasks to queue
[2023-10-01 00:25:19,796] {logging_mixin.py:104} INFO - [2023-10-01 00:25:19,796] {dagbag.py:451} INFO - Filling up the DagBag from /home/airflow/.local/lib/python3.6/site-packages/airflow/example_dags/example_branch_python_dop_operator_3.py
[2023-10-01 00:25:19,869] {scheduler_job.py:639} INFO - DAG(s) dict_keys(['example_branch_dop_operator_v3']) retrieved from /home/airflow/.local/lib/python3.6/site-packages/airflow/example_dags/example_branch_python_dop_operator_3.py
[2023-10-01 00:25:19,940] {logging_mixin.py:104} INFO - [2023-10-01 00:25:19,939] {dag.py:1824} INFO - Sync 1 DAGs
[2023-10-01 00:25:20,180] {logging_mixin.py:104} INFO - [2023-10-01 00:25:20,179] {dag.py:2280} INFO - Setting next_dagrun for example_branch_dop_operator_v3 to 2023-09-29 00:00:00+00:00
[2023-10-01 00:25:20,228] {scheduler_job.py:190} INFO - Processing /home/airflow/.local/lib/python3.6/site-packages/airflow/example_dags/example_branch_python_dop_operator_3.py took 0.452 seconds
