[2023-10-01 00:05:15,105] {scheduler_job.py:182} INFO - Started process (PID=102) to work on /home/airflow/.local/lib/python3.6/site-packages/airflow/example_dags/example_short_circuit_operator.py
[2023-10-01 00:05:15,127] {scheduler_job.py:629} INFO - Processing file /home/airflow/.local/lib/python3.6/site-packages/airflow/example_dags/example_short_circuit_operator.py for tasks to queue
[2023-10-01 00:05:15,133] {logging_mixin.py:104} INFO - [2023-10-01 00:05:15,132] {dagbag.py:451} INFO - Filling up the DagBag from /home/airflow/.local/lib/python3.6/site-packages/airflow/example_dags/example_short_circuit_operator.py
[2023-10-01 00:05:15,376] {scheduler_job.py:639} INFO - DAG(s) dict_keys(['example_short_circuit_operator']) retrieved from /home/airflow/.local/lib/python3.6/site-packages/airflow/example_dags/example_short_circuit_operator.py
[2023-10-01 00:05:15,763] {logging_mixin.py:104} INFO - [2023-10-01 00:05:15,744] {dag.py:1824} INFO - Sync 1 DAGs
[2023-10-01 00:05:16,061] {logging_mixin.py:104} INFO - [2023-10-01 00:05:16,060] {dag.py:1843} INFO - Creating ORM DAG for example_short_circuit_operator
[2023-10-01 00:05:16,233] {logging_mixin.py:104} INFO - [2023-10-01 00:05:16,216] {dag.py:2280} INFO - Setting next_dagrun for example_short_circuit_operator to 2023-09-29 00:00:00+00:00
[2023-10-01 00:05:16,614] {scheduler_job.py:190} INFO - Processing /home/airflow/.local/lib/python3.6/site-packages/airflow/example_dags/example_short_circuit_operator.py took 1.531 seconds
[2023-10-01 00:05:47,229] {scheduler_job.py:182} INFO - Started process (PID=156) to work on /home/airflow/.local/lib/python3.6/site-packages/airflow/example_dags/example_short_circuit_operator.py
[2023-10-01 00:05:47,235] {scheduler_job.py:629} INFO - Processing file /home/airflow/.local/lib/python3.6/site-packages/airflow/example_dags/example_short_circuit_operator.py for tasks to queue
[2023-10-01 00:05:47,239] {logging_mixin.py:104} INFO - [2023-10-01 00:05:47,239] {dagbag.py:451} INFO - Filling up the DagBag from /home/airflow/.local/lib/python3.6/site-packages/airflow/example_dags/example_short_circuit_operator.py
[2023-10-01 00:05:47,311] {scheduler_job.py:639} INFO - DAG(s) dict_keys(['example_short_circuit_operator']) retrieved from /home/airflow/.local/lib/python3.6/site-packages/airflow/example_dags/example_short_circuit_operator.py
[2023-10-01 00:05:47,441] {logging_mixin.py:104} INFO - [2023-10-01 00:05:47,440] {dag.py:1824} INFO - Sync 1 DAGs
[2023-10-01 00:05:47,537] {logging_mixin.py:104} INFO - [2023-10-01 00:05:47,537] {dag.py:2280} INFO - Setting next_dagrun for example_short_circuit_operator to 2023-09-29 00:00:00+00:00
[2023-10-01 00:05:47,584] {scheduler_job.py:190} INFO - Processing /home/airflow/.local/lib/python3.6/site-packages/airflow/example_dags/example_short_circuit_operator.py took 0.365 seconds
[2023-10-01 00:06:17,937] {scheduler_job.py:182} INFO - Started process (PID=210) to work on /home/airflow/.local/lib/python3.6/site-packages/airflow/example_dags/example_short_circuit_operator.py
[2023-10-01 00:06:17,951] {scheduler_job.py:629} INFO - Processing file /home/airflow/.local/lib/python3.6/site-packages/airflow/example_dags/example_short_circuit_operator.py for tasks to queue
[2023-10-01 00:06:17,967] {logging_mixin.py:104} INFO - [2023-10-01 00:06:17,965] {dagbag.py:451} INFO - Filling up the DagBag from /home/airflow/.local/lib/python3.6/site-packages/airflow/example_dags/example_short_circuit_operator.py
[2023-10-01 00:06:18,166] {scheduler_job.py:639} INFO - DAG(s) dict_keys(['example_short_circuit_operator']) retrieved from /home/airflow/.local/lib/python3.6/site-packages/airflow/example_dags/example_short_circuit_operator.py
[2023-10-01 00:06:18,341] {logging_mixin.py:104} INFO - [2023-10-01 00:06:18,340] {dag.py:1824} INFO - Sync 1 DAGs
[2023-10-01 00:06:18,495] {logging_mixin.py:104} INFO - [2023-10-01 00:06:18,494] {dag.py:2280} INFO - Setting next_dagrun for example_short_circuit_operator to 2023-09-29 00:00:00+00:00
[2023-10-01 00:06:18,576] {scheduler_job.py:190} INFO - Processing /home/airflow/.local/lib/python3.6/site-packages/airflow/example_dags/example_short_circuit_operator.py took 0.657 seconds
[2023-10-01 00:06:49,357] {scheduler_job.py:182} INFO - Started process (PID=264) to work on /home/airflow/.local/lib/python3.6/site-packages/airflow/example_dags/example_short_circuit_operator.py
[2023-10-01 00:06:49,377] {scheduler_job.py:629} INFO - Processing file /home/airflow/.local/lib/python3.6/site-packages/airflow/example_dags/example_short_circuit_operator.py for tasks to queue
[2023-10-01 00:06:49,386] {logging_mixin.py:104} INFO - [2023-10-01 00:06:49,385] {dagbag.py:451} INFO - Filling up the DagBag from /home/airflow/.local/lib/python3.6/site-packages/airflow/example_dags/example_short_circuit_operator.py
[2023-10-01 00:06:49,527] {scheduler_job.py:639} INFO - DAG(s) dict_keys(['example_short_circuit_operator']) retrieved from /home/airflow/.local/lib/python3.6/site-packages/airflow/example_dags/example_short_circuit_operator.py
[2023-10-01 00:06:49,669] {logging_mixin.py:104} INFO - [2023-10-01 00:06:49,668] {dag.py:1824} INFO - Sync 1 DAGs
[2023-10-01 00:06:49,817] {logging_mixin.py:104} INFO - [2023-10-01 00:06:49,816] {dag.py:2280} INFO - Setting next_dagrun for example_short_circuit_operator to 2023-09-29 00:00:00+00:00
[2023-10-01 00:06:49,883] {scheduler_job.py:190} INFO - Processing /home/airflow/.local/lib/python3.6/site-packages/airflow/example_dags/example_short_circuit_operator.py took 0.550 seconds
[2023-10-01 00:07:20,126] {scheduler_job.py:182} INFO - Started process (PID=316) to work on /home/airflow/.local/lib/python3.6/site-packages/airflow/example_dags/example_short_circuit_operator.py
[2023-10-01 00:07:20,142] {scheduler_job.py:629} INFO - Processing file /home/airflow/.local/lib/python3.6/site-packages/airflow/example_dags/example_short_circuit_operator.py for tasks to queue
[2023-10-01 00:07:20,155] {logging_mixin.py:104} INFO - [2023-10-01 00:07:20,154] {dagbag.py:451} INFO - Filling up the DagBag from /home/airflow/.local/lib/python3.6/site-packages/airflow/example_dags/example_short_circuit_operator.py
[2023-10-01 00:07:20,320] {scheduler_job.py:639} INFO - DAG(s) dict_keys(['example_short_circuit_operator']) retrieved from /home/airflow/.local/lib/python3.6/site-packages/airflow/example_dags/example_short_circuit_operator.py
[2023-10-01 00:07:20,532] {logging_mixin.py:104} INFO - [2023-10-01 00:07:20,531] {dag.py:1824} INFO - Sync 1 DAGs
[2023-10-01 00:07:20,751] {logging_mixin.py:104} INFO - [2023-10-01 00:07:20,749] {dag.py:2280} INFO - Setting next_dagrun for example_short_circuit_operator to 2023-09-29 00:00:00+00:00
[2023-10-01 00:07:20,868] {scheduler_job.py:190} INFO - Processing /home/airflow/.local/lib/python3.6/site-packages/airflow/example_dags/example_short_circuit_operator.py took 0.772 seconds
[2023-10-01 00:07:51,240] {scheduler_job.py:182} INFO - Started process (PID=370) to work on /home/airflow/.local/lib/python3.6/site-packages/airflow/example_dags/example_short_circuit_operator.py
[2023-10-01 00:07:51,257] {scheduler_job.py:629} INFO - Processing file /home/airflow/.local/lib/python3.6/site-packages/airflow/example_dags/example_short_circuit_operator.py for tasks to queue
[2023-10-01 00:07:51,266] {logging_mixin.py:104} INFO - [2023-10-01 00:07:51,265] {dagbag.py:451} INFO - Filling up the DagBag from /home/airflow/.local/lib/python3.6/site-packages/airflow/example_dags/example_short_circuit_operator.py
[2023-10-01 00:07:51,426] {scheduler_job.py:639} INFO - DAG(s) dict_keys(['example_short_circuit_operator']) retrieved from /home/airflow/.local/lib/python3.6/site-packages/airflow/example_dags/example_short_circuit_operator.py
[2023-10-01 00:07:51,594] {logging_mixin.py:104} INFO - [2023-10-01 00:07:51,591] {dag.py:1824} INFO - Sync 1 DAGs
[2023-10-01 00:07:51,737] {logging_mixin.py:104} INFO - [2023-10-01 00:07:51,736] {dag.py:2280} INFO - Setting next_dagrun for example_short_circuit_operator to 2023-09-29 00:00:00+00:00
[2023-10-01 00:07:51,800] {scheduler_job.py:190} INFO - Processing /home/airflow/.local/lib/python3.6/site-packages/airflow/example_dags/example_short_circuit_operator.py took 0.580 seconds
[2023-10-01 00:08:22,013] {scheduler_job.py:182} INFO - Started process (PID=424) to work on /home/airflow/.local/lib/python3.6/site-packages/airflow/example_dags/example_short_circuit_operator.py
[2023-10-01 00:08:22,019] {scheduler_job.py:629} INFO - Processing file /home/airflow/.local/lib/python3.6/site-packages/airflow/example_dags/example_short_circuit_operator.py for tasks to queue
[2023-10-01 00:08:22,023] {logging_mixin.py:104} INFO - [2023-10-01 00:08:22,022] {dagbag.py:451} INFO - Filling up the DagBag from /home/airflow/.local/lib/python3.6/site-packages/airflow/example_dags/example_short_circuit_operator.py
[2023-10-01 00:08:22,078] {scheduler_job.py:639} INFO - DAG(s) dict_keys(['example_short_circuit_operator']) retrieved from /home/airflow/.local/lib/python3.6/site-packages/airflow/example_dags/example_short_circuit_operator.py
[2023-10-01 00:08:22,155] {logging_mixin.py:104} INFO - [2023-10-01 00:08:22,155] {dag.py:1824} INFO - Sync 1 DAGs
[2023-10-01 00:08:22,219] {logging_mixin.py:104} INFO - [2023-10-01 00:08:22,218] {dag.py:2280} INFO - Setting next_dagrun for example_short_circuit_operator to 2023-09-29 00:00:00+00:00
[2023-10-01 00:08:22,253] {scheduler_job.py:190} INFO - Processing /home/airflow/.local/lib/python3.6/site-packages/airflow/example_dags/example_short_circuit_operator.py took 0.250 seconds
[2023-10-01 00:08:52,576] {scheduler_job.py:182} INFO - Started process (PID=476) to work on /home/airflow/.local/lib/python3.6/site-packages/airflow/example_dags/example_short_circuit_operator.py
[2023-10-01 00:08:52,592] {scheduler_job.py:629} INFO - Processing file /home/airflow/.local/lib/python3.6/site-packages/airflow/example_dags/example_short_circuit_operator.py for tasks to queue
[2023-10-01 00:08:52,606] {logging_mixin.py:104} INFO - [2023-10-01 00:08:52,605] {dagbag.py:451} INFO - Filling up the DagBag from /home/airflow/.local/lib/python3.6/site-packages/airflow/example_dags/example_short_circuit_operator.py
[2023-10-01 00:08:52,873] {scheduler_job.py:639} INFO - DAG(s) dict_keys(['example_short_circuit_operator']) retrieved from /home/airflow/.local/lib/python3.6/site-packages/airflow/example_dags/example_short_circuit_operator.py
[2023-10-01 00:08:53,173] {logging_mixin.py:104} INFO - [2023-10-01 00:08:53,171] {dag.py:1824} INFO - Sync 1 DAGs
[2023-10-01 00:08:53,311] {logging_mixin.py:104} INFO - [2023-10-01 00:08:53,310] {dag.py:2280} INFO - Setting next_dagrun for example_short_circuit_operator to 2023-09-29 00:00:00+00:00
[2023-10-01 00:08:53,390] {scheduler_job.py:190} INFO - Processing /home/airflow/.local/lib/python3.6/site-packages/airflow/example_dags/example_short_circuit_operator.py took 0.841 seconds
[2023-10-01 00:09:24,156] {scheduler_job.py:182} INFO - Started process (PID=530) to work on /home/airflow/.local/lib/python3.6/site-packages/airflow/example_dags/example_short_circuit_operator.py
[2023-10-01 00:09:24,163] {scheduler_job.py:629} INFO - Processing file /home/airflow/.local/lib/python3.6/site-packages/airflow/example_dags/example_short_circuit_operator.py for tasks to queue
[2023-10-01 00:09:24,167] {logging_mixin.py:104} INFO - [2023-10-01 00:09:24,167] {dagbag.py:451} INFO - Filling up the DagBag from /home/airflow/.local/lib/python3.6/site-packages/airflow/example_dags/example_short_circuit_operator.py
[2023-10-01 00:09:24,232] {scheduler_job.py:639} INFO - DAG(s) dict_keys(['example_short_circuit_operator']) retrieved from /home/airflow/.local/lib/python3.6/site-packages/airflow/example_dags/example_short_circuit_operator.py
[2023-10-01 00:09:24,338] {logging_mixin.py:104} INFO - [2023-10-01 00:09:24,338] {dag.py:1824} INFO - Sync 1 DAGs
[2023-10-01 00:09:24,431] {logging_mixin.py:104} INFO - [2023-10-01 00:09:24,430] {dag.py:2280} INFO - Setting next_dagrun for example_short_circuit_operator to 2023-09-29 00:00:00+00:00
[2023-10-01 00:09:24,485] {scheduler_job.py:190} INFO - Processing /home/airflow/.local/lib/python3.6/site-packages/airflow/example_dags/example_short_circuit_operator.py took 0.340 seconds
[2023-10-01 00:09:54,696] {scheduler_job.py:182} INFO - Started process (PID=586) to work on /home/airflow/.local/lib/python3.6/site-packages/airflow/example_dags/example_short_circuit_operator.py
[2023-10-01 00:09:54,704] {scheduler_job.py:629} INFO - Processing file /home/airflow/.local/lib/python3.6/site-packages/airflow/example_dags/example_short_circuit_operator.py for tasks to queue
[2023-10-01 00:09:54,709] {logging_mixin.py:104} INFO - [2023-10-01 00:09:54,708] {dagbag.py:451} INFO - Filling up the DagBag from /home/airflow/.local/lib/python3.6/site-packages/airflow/example_dags/example_short_circuit_operator.py
[2023-10-01 00:09:54,793] {scheduler_job.py:639} INFO - DAG(s) dict_keys(['example_short_circuit_operator']) retrieved from /home/airflow/.local/lib/python3.6/site-packages/airflow/example_dags/example_short_circuit_operator.py
[2023-10-01 00:09:54,879] {logging_mixin.py:104} INFO - [2023-10-01 00:09:54,879] {dag.py:1824} INFO - Sync 1 DAGs
[2023-10-01 00:09:54,951] {logging_mixin.py:104} INFO - [2023-10-01 00:09:54,950] {dag.py:2280} INFO - Setting next_dagrun for example_short_circuit_operator to 2023-09-29 00:00:00+00:00
[2023-10-01 00:09:54,986] {scheduler_job.py:190} INFO - Processing /home/airflow/.local/lib/python3.6/site-packages/airflow/example_dags/example_short_circuit_operator.py took 0.300 seconds
[2023-10-01 00:10:25,341] {scheduler_job.py:182} INFO - Started process (PID=638) to work on /home/airflow/.local/lib/python3.6/site-packages/airflow/example_dags/example_short_circuit_operator.py
[2023-10-01 00:10:25,349] {scheduler_job.py:629} INFO - Processing file /home/airflow/.local/lib/python3.6/site-packages/airflow/example_dags/example_short_circuit_operator.py for tasks to queue
[2023-10-01 00:10:25,359] {logging_mixin.py:104} INFO - [2023-10-01 00:10:25,357] {dagbag.py:451} INFO - Filling up the DagBag from /home/airflow/.local/lib/python3.6/site-packages/airflow/example_dags/example_short_circuit_operator.py
[2023-10-01 00:10:25,502] {scheduler_job.py:639} INFO - DAG(s) dict_keys(['example_short_circuit_operator']) retrieved from /home/airflow/.local/lib/python3.6/site-packages/airflow/example_dags/example_short_circuit_operator.py
[2023-10-01 00:10:25,606] {logging_mixin.py:104} INFO - [2023-10-01 00:10:25,605] {dag.py:1824} INFO - Sync 1 DAGs
[2023-10-01 00:10:25,749] {logging_mixin.py:104} INFO - [2023-10-01 00:10:25,748] {dag.py:2280} INFO - Setting next_dagrun for example_short_circuit_operator to 2023-09-29 00:00:00+00:00
[2023-10-01 00:10:25,828] {scheduler_job.py:190} INFO - Processing /home/airflow/.local/lib/python3.6/site-packages/airflow/example_dags/example_short_circuit_operator.py took 0.505 seconds
[2023-10-01 00:10:56,100] {scheduler_job.py:182} INFO - Started process (PID=694) to work on /home/airflow/.local/lib/python3.6/site-packages/airflow/example_dags/example_short_circuit_operator.py
[2023-10-01 00:10:56,105] {scheduler_job.py:629} INFO - Processing file /home/airflow/.local/lib/python3.6/site-packages/airflow/example_dags/example_short_circuit_operator.py for tasks to queue
[2023-10-01 00:10:56,109] {logging_mixin.py:104} INFO - [2023-10-01 00:10:56,109] {dagbag.py:451} INFO - Filling up the DagBag from /home/airflow/.local/lib/python3.6/site-packages/airflow/example_dags/example_short_circuit_operator.py
[2023-10-01 00:10:56,176] {scheduler_job.py:639} INFO - DAG(s) dict_keys(['example_short_circuit_operator']) retrieved from /home/airflow/.local/lib/python3.6/site-packages/airflow/example_dags/example_short_circuit_operator.py
[2023-10-01 00:10:56,254] {logging_mixin.py:104} INFO - [2023-10-01 00:10:56,253] {dag.py:1824} INFO - Sync 1 DAGs
[2023-10-01 00:10:56,330] {logging_mixin.py:104} INFO - [2023-10-01 00:10:56,329] {dag.py:2280} INFO - Setting next_dagrun for example_short_circuit_operator to 2023-09-29 00:00:00+00:00
[2023-10-01 00:10:56,364] {scheduler_job.py:190} INFO - Processing /home/airflow/.local/lib/python3.6/site-packages/airflow/example_dags/example_short_circuit_operator.py took 0.273 seconds
[2023-10-01 00:12:27,648] {scheduler_job.py:182} INFO - Started process (PID=71) to work on /home/airflow/.local/lib/python3.6/site-packages/airflow/example_dags/example_short_circuit_operator.py
[2023-10-01 00:12:27,668] {scheduler_job.py:629} INFO - Processing file /home/airflow/.local/lib/python3.6/site-packages/airflow/example_dags/example_short_circuit_operator.py for tasks to queue
[2023-10-01 00:12:27,688] {logging_mixin.py:104} INFO - [2023-10-01 00:12:27,687] {dagbag.py:451} INFO - Filling up the DagBag from /home/airflow/.local/lib/python3.6/site-packages/airflow/example_dags/example_short_circuit_operator.py
[2023-10-01 00:12:28,321] {scheduler_job.py:639} INFO - DAG(s) dict_keys(['example_short_circuit_operator']) retrieved from /home/airflow/.local/lib/python3.6/site-packages/airflow/example_dags/example_short_circuit_operator.py
[2023-10-01 00:12:28,785] {logging_mixin.py:104} INFO - [2023-10-01 00:12:28,784] {dag.py:1824} INFO - Sync 1 DAGs
[2023-10-01 00:12:29,338] {logging_mixin.py:104} INFO - [2023-10-01 00:12:29,336] {dag.py:2280} INFO - Setting next_dagrun for example_short_circuit_operator to 2023-09-29 00:00:00+00:00
[2023-10-01 00:12:29,532] {scheduler_job.py:190} INFO - Processing /home/airflow/.local/lib/python3.6/site-packages/airflow/example_dags/example_short_circuit_operator.py took 1.939 seconds
[2023-10-01 00:13:00,510] {scheduler_job.py:182} INFO - Started process (PID=125) to work on /home/airflow/.local/lib/python3.6/site-packages/airflow/example_dags/example_short_circuit_operator.py
[2023-10-01 00:13:00,533] {scheduler_job.py:629} INFO - Processing file /home/airflow/.local/lib/python3.6/site-packages/airflow/example_dags/example_short_circuit_operator.py for tasks to queue
[2023-10-01 00:13:00,554] {logging_mixin.py:104} INFO - [2023-10-01 00:13:00,553] {dagbag.py:451} INFO - Filling up the DagBag from /home/airflow/.local/lib/python3.6/site-packages/airflow/example_dags/example_short_circuit_operator.py
[2023-10-01 00:13:00,755] {scheduler_job.py:639} INFO - DAG(s) dict_keys(['example_short_circuit_operator']) retrieved from /home/airflow/.local/lib/python3.6/site-packages/airflow/example_dags/example_short_circuit_operator.py
[2023-10-01 00:13:01,147] {logging_mixin.py:104} INFO - [2023-10-01 00:13:01,146] {dag.py:1824} INFO - Sync 1 DAGs
[2023-10-01 00:13:01,530] {logging_mixin.py:104} INFO - [2023-10-01 00:13:01,527] {dag.py:2280} INFO - Setting next_dagrun for example_short_circuit_operator to 2023-09-29 00:00:00+00:00
[2023-10-01 00:13:01,673] {scheduler_job.py:190} INFO - Processing /home/airflow/.local/lib/python3.6/site-packages/airflow/example_dags/example_short_circuit_operator.py took 1.216 seconds
[2023-10-01 00:13:32,284] {scheduler_job.py:182} INFO - Started process (PID=179) to work on /home/airflow/.local/lib/python3.6/site-packages/airflow/example_dags/example_short_circuit_operator.py
[2023-10-01 00:13:32,294] {scheduler_job.py:629} INFO - Processing file /home/airflow/.local/lib/python3.6/site-packages/airflow/example_dags/example_short_circuit_operator.py for tasks to queue
[2023-10-01 00:13:32,309] {logging_mixin.py:104} INFO - [2023-10-01 00:13:32,308] {dagbag.py:451} INFO - Filling up the DagBag from /home/airflow/.local/lib/python3.6/site-packages/airflow/example_dags/example_short_circuit_operator.py
[2023-10-01 00:13:32,626] {scheduler_job.py:639} INFO - DAG(s) dict_keys(['example_short_circuit_operator']) retrieved from /home/airflow/.local/lib/python3.6/site-packages/airflow/example_dags/example_short_circuit_operator.py
[2023-10-01 00:13:32,807] {logging_mixin.py:104} INFO - [2023-10-01 00:13:32,806] {dag.py:1824} INFO - Sync 1 DAGs
[2023-10-01 00:13:33,023] {logging_mixin.py:104} INFO - [2023-10-01 00:13:33,022] {dag.py:2280} INFO - Setting next_dagrun for example_short_circuit_operator to 2023-09-29 00:00:00+00:00
[2023-10-01 00:13:33,116] {scheduler_job.py:190} INFO - Processing /home/airflow/.local/lib/python3.6/site-packages/airflow/example_dags/example_short_circuit_operator.py took 0.891 seconds
[2023-10-01 00:14:03,851] {scheduler_job.py:182} INFO - Started process (PID=233) to work on /home/airflow/.local/lib/python3.6/site-packages/airflow/example_dags/example_short_circuit_operator.py
[2023-10-01 00:14:03,866] {scheduler_job.py:629} INFO - Processing file /home/airflow/.local/lib/python3.6/site-packages/airflow/example_dags/example_short_circuit_operator.py for tasks to queue
[2023-10-01 00:14:03,883] {logging_mixin.py:104} INFO - [2023-10-01 00:14:03,881] {dagbag.py:451} INFO - Filling up the DagBag from /home/airflow/.local/lib/python3.6/site-packages/airflow/example_dags/example_short_circuit_operator.py
[2023-10-01 00:14:04,220] {scheduler_job.py:639} INFO - DAG(s) dict_keys(['example_short_circuit_operator']) retrieved from /home/airflow/.local/lib/python3.6/site-packages/airflow/example_dags/example_short_circuit_operator.py
[2023-10-01 00:14:04,527] {logging_mixin.py:104} INFO - [2023-10-01 00:14:04,523] {dag.py:1824} INFO - Sync 1 DAGs
[2023-10-01 00:14:04,764] {logging_mixin.py:104} INFO - [2023-10-01 00:14:04,760] {dag.py:2280} INFO - Setting next_dagrun for example_short_circuit_operator to 2023-09-29 00:00:00+00:00
[2023-10-01 00:14:04,869] {scheduler_job.py:190} INFO - Processing /home/airflow/.local/lib/python3.6/site-packages/airflow/example_dags/example_short_circuit_operator.py took 1.076 seconds
[2023-10-01 00:14:35,450] {scheduler_job.py:182} INFO - Started process (PID=287) to work on /home/airflow/.local/lib/python3.6/site-packages/airflow/example_dags/example_short_circuit_operator.py
[2023-10-01 00:14:35,477] {scheduler_job.py:629} INFO - Processing file /home/airflow/.local/lib/python3.6/site-packages/airflow/example_dags/example_short_circuit_operator.py for tasks to queue
[2023-10-01 00:14:35,490] {logging_mixin.py:104} INFO - [2023-10-01 00:14:35,488] {dagbag.py:451} INFO - Filling up the DagBag from /home/airflow/.local/lib/python3.6/site-packages/airflow/example_dags/example_short_circuit_operator.py
[2023-10-01 00:14:35,703] {scheduler_job.py:639} INFO - DAG(s) dict_keys(['example_short_circuit_operator']) retrieved from /home/airflow/.local/lib/python3.6/site-packages/airflow/example_dags/example_short_circuit_operator.py
[2023-10-01 00:14:35,971] {logging_mixin.py:104} INFO - [2023-10-01 00:14:35,969] {dag.py:1824} INFO - Sync 1 DAGs
[2023-10-01 00:14:36,224] {logging_mixin.py:104} INFO - [2023-10-01 00:14:36,220] {dag.py:2280} INFO - Setting next_dagrun for example_short_circuit_operator to 2023-09-29 00:00:00+00:00
[2023-10-01 00:14:36,340] {scheduler_job.py:190} INFO - Processing /home/airflow/.local/lib/python3.6/site-packages/airflow/example_dags/example_short_circuit_operator.py took 0.941 seconds
[2023-10-01 00:15:06,468] {scheduler_job.py:182} INFO - Started process (PID=341) to work on /home/airflow/.local/lib/python3.6/site-packages/airflow/example_dags/example_short_circuit_operator.py
[2023-10-01 00:15:06,480] {scheduler_job.py:629} INFO - Processing file /home/airflow/.local/lib/python3.6/site-packages/airflow/example_dags/example_short_circuit_operator.py for tasks to queue
[2023-10-01 00:15:06,493] {logging_mixin.py:104} INFO - [2023-10-01 00:15:06,492] {dagbag.py:451} INFO - Filling up the DagBag from /home/airflow/.local/lib/python3.6/site-packages/airflow/example_dags/example_short_circuit_operator.py
[2023-10-01 00:15:06,608] {scheduler_job.py:639} INFO - DAG(s) dict_keys(['example_short_circuit_operator']) retrieved from /home/airflow/.local/lib/python3.6/site-packages/airflow/example_dags/example_short_circuit_operator.py
[2023-10-01 00:15:06,723] {logging_mixin.py:104} INFO - [2023-10-01 00:15:06,722] {dag.py:1824} INFO - Sync 1 DAGs
[2023-10-01 00:15:06,813] {logging_mixin.py:104} INFO - [2023-10-01 00:15:06,812] {dag.py:2280} INFO - Setting next_dagrun for example_short_circuit_operator to 2023-09-29 00:00:00+00:00
[2023-10-01 00:15:06,864] {scheduler_job.py:190} INFO - Processing /home/airflow/.local/lib/python3.6/site-packages/airflow/example_dags/example_short_circuit_operator.py took 0.427 seconds
[2023-10-01 00:15:37,027] {scheduler_job.py:182} INFO - Started process (PID=395) to work on /home/airflow/.local/lib/python3.6/site-packages/airflow/example_dags/example_short_circuit_operator.py
[2023-10-01 00:15:37,046] {scheduler_job.py:629} INFO - Processing file /home/airflow/.local/lib/python3.6/site-packages/airflow/example_dags/example_short_circuit_operator.py for tasks to queue
[2023-10-01 00:15:37,052] {logging_mixin.py:104} INFO - [2023-10-01 00:15:37,051] {dagbag.py:451} INFO - Filling up the DagBag from /home/airflow/.local/lib/python3.6/site-packages/airflow/example_dags/example_short_circuit_operator.py
[2023-10-01 00:15:37,175] {scheduler_job.py:639} INFO - DAG(s) dict_keys(['example_short_circuit_operator']) retrieved from /home/airflow/.local/lib/python3.6/site-packages/airflow/example_dags/example_short_circuit_operator.py
[2023-10-01 00:15:37,286] {logging_mixin.py:104} INFO - [2023-10-01 00:15:37,285] {dag.py:1824} INFO - Sync 1 DAGs
[2023-10-01 00:15:37,373] {logging_mixin.py:104} INFO - [2023-10-01 00:15:37,372] {dag.py:2280} INFO - Setting next_dagrun for example_short_circuit_operator to 2023-09-29 00:00:00+00:00
[2023-10-01 00:15:37,417] {scheduler_job.py:190} INFO - Processing /home/airflow/.local/lib/python3.6/site-packages/airflow/example_dags/example_short_circuit_operator.py took 0.419 seconds
[2023-10-01 00:16:07,993] {scheduler_job.py:182} INFO - Started process (PID=449) to work on /home/airflow/.local/lib/python3.6/site-packages/airflow/example_dags/example_short_circuit_operator.py
[2023-10-01 00:16:07,999] {scheduler_job.py:629} INFO - Processing file /home/airflow/.local/lib/python3.6/site-packages/airflow/example_dags/example_short_circuit_operator.py for tasks to queue
[2023-10-01 00:16:08,003] {logging_mixin.py:104} INFO - [2023-10-01 00:16:08,003] {dagbag.py:451} INFO - Filling up the DagBag from /home/airflow/.local/lib/python3.6/site-packages/airflow/example_dags/example_short_circuit_operator.py
[2023-10-01 00:16:08,064] {scheduler_job.py:639} INFO - DAG(s) dict_keys(['example_short_circuit_operator']) retrieved from /home/airflow/.local/lib/python3.6/site-packages/airflow/example_dags/example_short_circuit_operator.py
[2023-10-01 00:16:08,144] {logging_mixin.py:104} INFO - [2023-10-01 00:16:08,144] {dag.py:1824} INFO - Sync 1 DAGs
[2023-10-01 00:16:08,213] {logging_mixin.py:104} INFO - [2023-10-01 00:16:08,212] {dag.py:2280} INFO - Setting next_dagrun for example_short_circuit_operator to 2023-09-29 00:00:00+00:00
[2023-10-01 00:16:08,252] {scheduler_job.py:190} INFO - Processing /home/airflow/.local/lib/python3.6/site-packages/airflow/example_dags/example_short_circuit_operator.py took 0.271 seconds
[2023-10-01 00:17:39,376] {scheduler_job.py:182} INFO - Started process (PID=114) to work on /home/airflow/.local/lib/python3.6/site-packages/airflow/example_dags/example_short_circuit_operator.py
[2023-10-01 00:17:39,393] {scheduler_job.py:629} INFO - Processing file /home/airflow/.local/lib/python3.6/site-packages/airflow/example_dags/example_short_circuit_operator.py for tasks to queue
[2023-10-01 00:17:39,406] {logging_mixin.py:104} INFO - [2023-10-01 00:17:39,405] {dagbag.py:451} INFO - Filling up the DagBag from /home/airflow/.local/lib/python3.6/site-packages/airflow/example_dags/example_short_circuit_operator.py
[2023-10-01 00:17:39,492] {scheduler_job.py:639} INFO - DAG(s) dict_keys(['example_short_circuit_operator']) retrieved from /home/airflow/.local/lib/python3.6/site-packages/airflow/example_dags/example_short_circuit_operator.py
[2023-10-01 00:17:39,704] {logging_mixin.py:104} INFO - [2023-10-01 00:17:39,703] {dag.py:1824} INFO - Sync 1 DAGs
[2023-10-01 00:17:39,808] {logging_mixin.py:104} INFO - [2023-10-01 00:17:39,807] {dag.py:2280} INFO - Setting next_dagrun for example_short_circuit_operator to 2023-09-29 00:00:00+00:00
[2023-10-01 00:17:39,862] {scheduler_job.py:190} INFO - Processing /home/airflow/.local/lib/python3.6/site-packages/airflow/example_dags/example_short_circuit_operator.py took 0.509 seconds
[2023-10-01 00:18:10,963] {scheduler_job.py:182} INFO - Started process (PID=168) to work on /home/airflow/.local/lib/python3.6/site-packages/airflow/example_dags/example_short_circuit_operator.py
[2023-10-01 00:18:10,983] {scheduler_job.py:629} INFO - Processing file /home/airflow/.local/lib/python3.6/site-packages/airflow/example_dags/example_short_circuit_operator.py for tasks to queue
[2023-10-01 00:18:10,992] {logging_mixin.py:104} INFO - [2023-10-01 00:18:10,991] {dagbag.py:451} INFO - Filling up the DagBag from /home/airflow/.local/lib/python3.6/site-packages/airflow/example_dags/example_short_circuit_operator.py
[2023-10-01 00:18:11,258] {scheduler_job.py:639} INFO - DAG(s) dict_keys(['example_short_circuit_operator']) retrieved from /home/airflow/.local/lib/python3.6/site-packages/airflow/example_dags/example_short_circuit_operator.py
[2023-10-01 00:18:11,539] {logging_mixin.py:104} INFO - [2023-10-01 00:18:11,538] {dag.py:1824} INFO - Sync 1 DAGs
[2023-10-01 00:18:11,803] {logging_mixin.py:104} INFO - [2023-10-01 00:18:11,799] {dag.py:2280} INFO - Setting next_dagrun for example_short_circuit_operator to 2023-09-29 00:00:00+00:00
[2023-10-01 00:18:11,934] {scheduler_job.py:190} INFO - Processing /home/airflow/.local/lib/python3.6/site-packages/airflow/example_dags/example_short_circuit_operator.py took 0.996 seconds
[2023-10-01 00:18:43,846] {scheduler_job.py:182} INFO - Started process (PID=222) to work on /home/airflow/.local/lib/python3.6/site-packages/airflow/example_dags/example_short_circuit_operator.py
[2023-10-01 00:18:43,868] {scheduler_job.py:629} INFO - Processing file /home/airflow/.local/lib/python3.6/site-packages/airflow/example_dags/example_short_circuit_operator.py for tasks to queue
[2023-10-01 00:18:43,910] {logging_mixin.py:104} INFO - [2023-10-01 00:18:43,909] {dagbag.py:451} INFO - Filling up the DagBag from /home/airflow/.local/lib/python3.6/site-packages/airflow/example_dags/example_short_circuit_operator.py
[2023-10-01 00:18:44,155] {scheduler_job.py:639} INFO - DAG(s) dict_keys(['example_short_circuit_operator']) retrieved from /home/airflow/.local/lib/python3.6/site-packages/airflow/example_dags/example_short_circuit_operator.py
[2023-10-01 00:18:44,342] {logging_mixin.py:104} INFO - [2023-10-01 00:18:44,342] {dag.py:1824} INFO - Sync 1 DAGs
[2023-10-01 00:18:44,519] {logging_mixin.py:104} INFO - [2023-10-01 00:18:44,513] {dag.py:2280} INFO - Setting next_dagrun for example_short_circuit_operator to 2023-09-29 00:00:00+00:00
[2023-10-01 00:18:44,665] {scheduler_job.py:190} INFO - Processing /home/airflow/.local/lib/python3.6/site-packages/airflow/example_dags/example_short_circuit_operator.py took 0.886 seconds
[2023-10-01 00:19:15,584] {scheduler_job.py:182} INFO - Started process (PID=276) to work on /home/airflow/.local/lib/python3.6/site-packages/airflow/example_dags/example_short_circuit_operator.py
[2023-10-01 00:19:15,607] {scheduler_job.py:629} INFO - Processing file /home/airflow/.local/lib/python3.6/site-packages/airflow/example_dags/example_short_circuit_operator.py for tasks to queue
[2023-10-01 00:19:15,623] {logging_mixin.py:104} INFO - [2023-10-01 00:19:15,622] {dagbag.py:451} INFO - Filling up the DagBag from /home/airflow/.local/lib/python3.6/site-packages/airflow/example_dags/example_short_circuit_operator.py
[2023-10-01 00:19:15,815] {scheduler_job.py:639} INFO - DAG(s) dict_keys(['example_short_circuit_operator']) retrieved from /home/airflow/.local/lib/python3.6/site-packages/airflow/example_dags/example_short_circuit_operator.py
[2023-10-01 00:19:15,989] {logging_mixin.py:104} INFO - [2023-10-01 00:19:15,988] {dag.py:1824} INFO - Sync 1 DAGs
[2023-10-01 00:19:16,125] {logging_mixin.py:104} INFO - [2023-10-01 00:19:16,124] {dag.py:2280} INFO - Setting next_dagrun for example_short_circuit_operator to 2023-09-29 00:00:00+00:00
[2023-10-01 00:19:16,227] {scheduler_job.py:190} INFO - Processing /home/airflow/.local/lib/python3.6/site-packages/airflow/example_dags/example_short_circuit_operator.py took 0.684 seconds
[2023-10-01 00:19:46,821] {scheduler_job.py:182} INFO - Started process (PID=330) to work on /home/airflow/.local/lib/python3.6/site-packages/airflow/example_dags/example_short_circuit_operator.py
[2023-10-01 00:19:46,841] {scheduler_job.py:629} INFO - Processing file /home/airflow/.local/lib/python3.6/site-packages/airflow/example_dags/example_short_circuit_operator.py for tasks to queue
[2023-10-01 00:19:46,855] {logging_mixin.py:104} INFO - [2023-10-01 00:19:46,854] {dagbag.py:451} INFO - Filling up the DagBag from /home/airflow/.local/lib/python3.6/site-packages/airflow/example_dags/example_short_circuit_operator.py
[2023-10-01 00:19:47,065] {scheduler_job.py:639} INFO - DAG(s) dict_keys(['example_short_circuit_operator']) retrieved from /home/airflow/.local/lib/python3.6/site-packages/airflow/example_dags/example_short_circuit_operator.py
[2023-10-01 00:19:47,221] {logging_mixin.py:104} INFO - [2023-10-01 00:19:47,220] {dag.py:1824} INFO - Sync 1 DAGs
[2023-10-01 00:19:47,466] {logging_mixin.py:104} INFO - [2023-10-01 00:19:47,465] {dag.py:2280} INFO - Setting next_dagrun for example_short_circuit_operator to 2023-09-29 00:00:00+00:00
[2023-10-01 00:19:47,555] {scheduler_job.py:190} INFO - Processing /home/airflow/.local/lib/python3.6/site-packages/airflow/example_dags/example_short_circuit_operator.py took 0.772 seconds
[2023-10-01 00:20:18,014] {scheduler_job.py:182} INFO - Started process (PID=384) to work on /home/airflow/.local/lib/python3.6/site-packages/airflow/example_dags/example_short_circuit_operator.py
[2023-10-01 00:20:18,034] {scheduler_job.py:629} INFO - Processing file /home/airflow/.local/lib/python3.6/site-packages/airflow/example_dags/example_short_circuit_operator.py for tasks to queue
[2023-10-01 00:20:18,053] {logging_mixin.py:104} INFO - [2023-10-01 00:20:18,053] {dagbag.py:451} INFO - Filling up the DagBag from /home/airflow/.local/lib/python3.6/site-packages/airflow/example_dags/example_short_circuit_operator.py
[2023-10-01 00:20:18,251] {scheduler_job.py:639} INFO - DAG(s) dict_keys(['example_short_circuit_operator']) retrieved from /home/airflow/.local/lib/python3.6/site-packages/airflow/example_dags/example_short_circuit_operator.py
[2023-10-01 00:20:18,459] {logging_mixin.py:104} INFO - [2023-10-01 00:20:18,458] {dag.py:1824} INFO - Sync 1 DAGs
[2023-10-01 00:20:18,556] {logging_mixin.py:104} INFO - [2023-10-01 00:20:18,555] {dag.py:2280} INFO - Setting next_dagrun for example_short_circuit_operator to 2023-09-29 00:00:00+00:00
[2023-10-01 00:20:18,606] {scheduler_job.py:190} INFO - Processing /home/airflow/.local/lib/python3.6/site-packages/airflow/example_dags/example_short_circuit_operator.py took 0.630 seconds
[2023-10-01 00:20:49,421] {scheduler_job.py:182} INFO - Started process (PID=438) to work on /home/airflow/.local/lib/python3.6/site-packages/airflow/example_dags/example_short_circuit_operator.py
[2023-10-01 00:20:49,444] {scheduler_job.py:629} INFO - Processing file /home/airflow/.local/lib/python3.6/site-packages/airflow/example_dags/example_short_circuit_operator.py for tasks to queue
[2023-10-01 00:20:49,455] {logging_mixin.py:104} INFO - [2023-10-01 00:20:49,452] {dagbag.py:451} INFO - Filling up the DagBag from /home/airflow/.local/lib/python3.6/site-packages/airflow/example_dags/example_short_circuit_operator.py
[2023-10-01 00:20:49,632] {scheduler_job.py:639} INFO - DAG(s) dict_keys(['example_short_circuit_operator']) retrieved from /home/airflow/.local/lib/python3.6/site-packages/airflow/example_dags/example_short_circuit_operator.py
[2023-10-01 00:20:49,776] {logging_mixin.py:104} INFO - [2023-10-01 00:20:49,774] {dag.py:1824} INFO - Sync 1 DAGs
[2023-10-01 00:20:49,915] {logging_mixin.py:104} INFO - [2023-10-01 00:20:49,914] {dag.py:2280} INFO - Setting next_dagrun for example_short_circuit_operator to 2023-09-29 00:00:00+00:00
[2023-10-01 00:20:50,029] {scheduler_job.py:190} INFO - Processing /home/airflow/.local/lib/python3.6/site-packages/airflow/example_dags/example_short_circuit_operator.py took 0.655 seconds
[2023-10-01 00:21:20,418] {scheduler_job.py:182} INFO - Started process (PID=492) to work on /home/airflow/.local/lib/python3.6/site-packages/airflow/example_dags/example_short_circuit_operator.py
[2023-10-01 00:21:20,430] {scheduler_job.py:629} INFO - Processing file /home/airflow/.local/lib/python3.6/site-packages/airflow/example_dags/example_short_circuit_operator.py for tasks to queue
[2023-10-01 00:21:20,444] {logging_mixin.py:104} INFO - [2023-10-01 00:21:20,441] {dagbag.py:451} INFO - Filling up the DagBag from /home/airflow/.local/lib/python3.6/site-packages/airflow/example_dags/example_short_circuit_operator.py
[2023-10-01 00:21:20,665] {scheduler_job.py:639} INFO - DAG(s) dict_keys(['example_short_circuit_operator']) retrieved from /home/airflow/.local/lib/python3.6/site-packages/airflow/example_dags/example_short_circuit_operator.py
[2023-10-01 00:21:20,887] {logging_mixin.py:104} INFO - [2023-10-01 00:21:20,885] {dag.py:1824} INFO - Sync 1 DAGs
[2023-10-01 00:21:21,042] {logging_mixin.py:104} INFO - [2023-10-01 00:21:21,041] {dag.py:2280} INFO - Setting next_dagrun for example_short_circuit_operator to 2023-09-29 00:00:00+00:00
[2023-10-01 00:21:21,129] {scheduler_job.py:190} INFO - Processing /home/airflow/.local/lib/python3.6/site-packages/airflow/example_dags/example_short_circuit_operator.py took 0.740 seconds
[2023-10-01 00:21:51,785] {scheduler_job.py:182} INFO - Started process (PID=546) to work on /home/airflow/.local/lib/python3.6/site-packages/airflow/example_dags/example_short_circuit_operator.py
[2023-10-01 00:21:51,803] {scheduler_job.py:629} INFO - Processing file /home/airflow/.local/lib/python3.6/site-packages/airflow/example_dags/example_short_circuit_operator.py for tasks to queue
[2023-10-01 00:21:51,810] {logging_mixin.py:104} INFO - [2023-10-01 00:21:51,809] {dagbag.py:451} INFO - Filling up the DagBag from /home/airflow/.local/lib/python3.6/site-packages/airflow/example_dags/example_short_circuit_operator.py
[2023-10-01 00:21:52,003] {scheduler_job.py:639} INFO - DAG(s) dict_keys(['example_short_circuit_operator']) retrieved from /home/airflow/.local/lib/python3.6/site-packages/airflow/example_dags/example_short_circuit_operator.py
[2023-10-01 00:21:52,214] {logging_mixin.py:104} INFO - [2023-10-01 00:21:52,212] {dag.py:1824} INFO - Sync 1 DAGs
[2023-10-01 00:21:52,372] {logging_mixin.py:104} INFO - [2023-10-01 00:21:52,371] {dag.py:2280} INFO - Setting next_dagrun for example_short_circuit_operator to 2023-09-29 00:00:00+00:00
[2023-10-01 00:21:52,467] {scheduler_job.py:190} INFO - Processing /home/airflow/.local/lib/python3.6/site-packages/airflow/example_dags/example_short_circuit_operator.py took 0.712 seconds
[2023-10-01 00:22:23,253] {scheduler_job.py:182} INFO - Started process (PID=600) to work on /home/airflow/.local/lib/python3.6/site-packages/airflow/example_dags/example_short_circuit_operator.py
[2023-10-01 00:22:23,260] {scheduler_job.py:629} INFO - Processing file /home/airflow/.local/lib/python3.6/site-packages/airflow/example_dags/example_short_circuit_operator.py for tasks to queue
[2023-10-01 00:22:23,266] {logging_mixin.py:104} INFO - [2023-10-01 00:22:23,266] {dagbag.py:451} INFO - Filling up the DagBag from /home/airflow/.local/lib/python3.6/site-packages/airflow/example_dags/example_short_circuit_operator.py
[2023-10-01 00:22:23,343] {scheduler_job.py:639} INFO - DAG(s) dict_keys(['example_short_circuit_operator']) retrieved from /home/airflow/.local/lib/python3.6/site-packages/airflow/example_dags/example_short_circuit_operator.py
[2023-10-01 00:22:23,450] {logging_mixin.py:104} INFO - [2023-10-01 00:22:23,449] {dag.py:1824} INFO - Sync 1 DAGs
[2023-10-01 00:22:23,524] {logging_mixin.py:104} INFO - [2023-10-01 00:22:23,524] {dag.py:2280} INFO - Setting next_dagrun for example_short_circuit_operator to 2023-09-29 00:00:00+00:00
[2023-10-01 00:22:23,561] {scheduler_job.py:190} INFO - Processing /home/airflow/.local/lib/python3.6/site-packages/airflow/example_dags/example_short_circuit_operator.py took 0.320 seconds
[2023-10-01 00:22:54,098] {scheduler_job.py:182} INFO - Started process (PID=654) to work on /home/airflow/.local/lib/python3.6/site-packages/airflow/example_dags/example_short_circuit_operator.py
[2023-10-01 00:22:54,103] {scheduler_job.py:629} INFO - Processing file /home/airflow/.local/lib/python3.6/site-packages/airflow/example_dags/example_short_circuit_operator.py for tasks to queue
[2023-10-01 00:22:54,108] {logging_mixin.py:104} INFO - [2023-10-01 00:22:54,108] {dagbag.py:451} INFO - Filling up the DagBag from /home/airflow/.local/lib/python3.6/site-packages/airflow/example_dags/example_short_circuit_operator.py
[2023-10-01 00:22:54,174] {scheduler_job.py:639} INFO - DAG(s) dict_keys(['example_short_circuit_operator']) retrieved from /home/airflow/.local/lib/python3.6/site-packages/airflow/example_dags/example_short_circuit_operator.py
[2023-10-01 00:22:54,250] {logging_mixin.py:104} INFO - [2023-10-01 00:22:54,250] {dag.py:1824} INFO - Sync 1 DAGs
[2023-10-01 00:22:54,320] {logging_mixin.py:104} INFO - [2023-10-01 00:22:54,319] {dag.py:2280} INFO - Setting next_dagrun for example_short_circuit_operator to 2023-09-29 00:00:00+00:00
[2023-10-01 00:22:54,356] {scheduler_job.py:190} INFO - Processing /home/airflow/.local/lib/python3.6/site-packages/airflow/example_dags/example_short_circuit_operator.py took 0.270 seconds
[2023-10-01 00:23:24,663] {scheduler_job.py:182} INFO - Started process (PID=708) to work on /home/airflow/.local/lib/python3.6/site-packages/airflow/example_dags/example_short_circuit_operator.py
[2023-10-01 00:23:24,670] {scheduler_job.py:629} INFO - Processing file /home/airflow/.local/lib/python3.6/site-packages/airflow/example_dags/example_short_circuit_operator.py for tasks to queue
[2023-10-01 00:23:24,675] {logging_mixin.py:104} INFO - [2023-10-01 00:23:24,674] {dagbag.py:451} INFO - Filling up the DagBag from /home/airflow/.local/lib/python3.6/site-packages/airflow/example_dags/example_short_circuit_operator.py
[2023-10-01 00:23:24,741] {scheduler_job.py:639} INFO - DAG(s) dict_keys(['example_short_circuit_operator']) retrieved from /home/airflow/.local/lib/python3.6/site-packages/airflow/example_dags/example_short_circuit_operator.py
[2023-10-01 00:23:24,836] {logging_mixin.py:104} INFO - [2023-10-01 00:23:24,836] {dag.py:1824} INFO - Sync 1 DAGs
[2023-10-01 00:23:24,916] {logging_mixin.py:104} INFO - [2023-10-01 00:23:24,915] {dag.py:2280} INFO - Setting next_dagrun for example_short_circuit_operator to 2023-09-29 00:00:00+00:00
[2023-10-01 00:23:24,963] {scheduler_job.py:190} INFO - Processing /home/airflow/.local/lib/python3.6/site-packages/airflow/example_dags/example_short_circuit_operator.py took 0.312 seconds
[2023-10-01 00:23:55,156] {scheduler_job.py:182} INFO - Started process (PID=762) to work on /home/airflow/.local/lib/python3.6/site-packages/airflow/example_dags/example_short_circuit_operator.py
[2023-10-01 00:23:55,162] {scheduler_job.py:629} INFO - Processing file /home/airflow/.local/lib/python3.6/site-packages/airflow/example_dags/example_short_circuit_operator.py for tasks to queue
[2023-10-01 00:23:55,167] {logging_mixin.py:104} INFO - [2023-10-01 00:23:55,167] {dagbag.py:451} INFO - Filling up the DagBag from /home/airflow/.local/lib/python3.6/site-packages/airflow/example_dags/example_short_circuit_operator.py
[2023-10-01 00:23:55,232] {scheduler_job.py:639} INFO - DAG(s) dict_keys(['example_short_circuit_operator']) retrieved from /home/airflow/.local/lib/python3.6/site-packages/airflow/example_dags/example_short_circuit_operator.py
[2023-10-01 00:23:55,313] {logging_mixin.py:104} INFO - [2023-10-01 00:23:55,312] {dag.py:1824} INFO - Sync 1 DAGs
[2023-10-01 00:23:55,384] {logging_mixin.py:104} INFO - [2023-10-01 00:23:55,383] {dag.py:2280} INFO - Setting next_dagrun for example_short_circuit_operator to 2023-09-29 00:00:00+00:00
[2023-10-01 00:23:55,423] {scheduler_job.py:190} INFO - Processing /home/airflow/.local/lib/python3.6/site-packages/airflow/example_dags/example_short_circuit_operator.py took 0.278 seconds
[2023-10-01 00:24:26,052] {scheduler_job.py:182} INFO - Started process (PID=816) to work on /home/airflow/.local/lib/python3.6/site-packages/airflow/example_dags/example_short_circuit_operator.py
[2023-10-01 00:24:26,059] {scheduler_job.py:629} INFO - Processing file /home/airflow/.local/lib/python3.6/site-packages/airflow/example_dags/example_short_circuit_operator.py for tasks to queue
[2023-10-01 00:24:26,063] {logging_mixin.py:104} INFO - [2023-10-01 00:24:26,062] {dagbag.py:451} INFO - Filling up the DagBag from /home/airflow/.local/lib/python3.6/site-packages/airflow/example_dags/example_short_circuit_operator.py
[2023-10-01 00:24:26,131] {scheduler_job.py:639} INFO - DAG(s) dict_keys(['example_short_circuit_operator']) retrieved from /home/airflow/.local/lib/python3.6/site-packages/airflow/example_dags/example_short_circuit_operator.py
[2023-10-01 00:24:26,222] {logging_mixin.py:104} INFO - [2023-10-01 00:24:26,222] {dag.py:1824} INFO - Sync 1 DAGs
[2023-10-01 00:24:26,293] {logging_mixin.py:104} INFO - [2023-10-01 00:24:26,293] {dag.py:2280} INFO - Setting next_dagrun for example_short_circuit_operator to 2023-09-29 00:00:00+00:00
[2023-10-01 00:24:26,332] {scheduler_job.py:190} INFO - Processing /home/airflow/.local/lib/python3.6/site-packages/airflow/example_dags/example_short_circuit_operator.py took 0.290 seconds
[2023-10-01 00:24:56,871] {scheduler_job.py:182} INFO - Started process (PID=870) to work on /home/airflow/.local/lib/python3.6/site-packages/airflow/example_dags/example_short_circuit_operator.py
[2023-10-01 00:24:56,881] {scheduler_job.py:629} INFO - Processing file /home/airflow/.local/lib/python3.6/site-packages/airflow/example_dags/example_short_circuit_operator.py for tasks to queue
[2023-10-01 00:24:56,890] {logging_mixin.py:104} INFO - [2023-10-01 00:24:56,888] {dagbag.py:451} INFO - Filling up the DagBag from /home/airflow/.local/lib/python3.6/site-packages/airflow/example_dags/example_short_circuit_operator.py
[2023-10-01 00:24:56,955] {scheduler_job.py:639} INFO - DAG(s) dict_keys(['example_short_circuit_operator']) retrieved from /home/airflow/.local/lib/python3.6/site-packages/airflow/example_dags/example_short_circuit_operator.py
[2023-10-01 00:24:57,047] {logging_mixin.py:104} INFO - [2023-10-01 00:24:57,046] {dag.py:1824} INFO - Sync 1 DAGs
[2023-10-01 00:24:57,122] {logging_mixin.py:104} INFO - [2023-10-01 00:24:57,121] {dag.py:2280} INFO - Setting next_dagrun for example_short_circuit_operator to 2023-09-29 00:00:00+00:00
[2023-10-01 00:24:57,163] {scheduler_job.py:190} INFO - Processing /home/airflow/.local/lib/python3.6/site-packages/airflow/example_dags/example_short_circuit_operator.py took 0.306 seconds
