[2023-10-01 00:05:14,975] {scheduler_job.py:182} INFO - Started process (PID=100) to work on /home/airflow/.local/lib/python3.6/site-packages/airflow/example_dags/example_subdag_operator.py
[2023-10-01 00:05:14,986] {scheduler_job.py:629} INFO - Processing file /home/airflow/.local/lib/python3.6/site-packages/airflow/example_dags/example_subdag_operator.py for tasks to queue
[2023-10-01 00:05:14,995] {logging_mixin.py:104} INFO - [2023-10-01 00:05:14,994] {dagbag.py:451} INFO - Filling up the DagBag from /home/airflow/.local/lib/python3.6/site-packages/airflow/example_dags/example_subdag_operator.py
[2023-10-01 00:05:15,347] {scheduler_job.py:639} INFO - DAG(s) dict_keys(['example_subdag_operator.section-1', 'example_subdag_operator.section-2', 'example_subdag_operator']) retrieved from /home/airflow/.local/lib/python3.6/site-packages/airflow/example_dags/example_subdag_operator.py
[2023-10-01 00:05:15,717] {logging_mixin.py:104} INFO - [2023-10-01 00:05:15,716] {dag.py:1824} INFO - Sync 3 DAGs
[2023-10-01 00:05:16,118] {logging_mixin.py:104} INFO - [2023-10-01 00:05:16,102] {dag.py:1843} INFO - Creating ORM DAG for example_subdag_operator.section-1
[2023-10-01 00:05:16,142] {logging_mixin.py:104} INFO - [2023-10-01 00:05:16,141] {dag.py:1843} INFO - Creating ORM DAG for example_subdag_operator
[2023-10-01 00:05:16,162] {logging_mixin.py:104} INFO - [2023-10-01 00:05:16,161] {dag.py:1843} INFO - Creating ORM DAG for example_subdag_operator.section-2
[2023-10-01 00:05:16,384] {logging_mixin.py:104} INFO - [2023-10-01 00:05:16,383] {dag.py:2280} INFO - Setting next_dagrun for example_subdag_operator to 2023-09-29 00:00:00+00:00
[2023-10-01 00:05:16,393] {logging_mixin.py:104} INFO - [2023-10-01 00:05:16,392] {dag.py:2280} INFO - Setting next_dagrun for example_subdag_operator.section-1 to None
[2023-10-01 00:05:16,403] {logging_mixin.py:104} INFO - [2023-10-01 00:05:16,402] {dag.py:2280} INFO - Setting next_dagrun for example_subdag_operator.section-2 to None
[2023-10-01 00:05:16,624] {logging_mixin.py:104} INFO - [2023-10-01 00:05:16,622] {dag.py:1824} INFO - Sync 2 DAGs
[2023-10-01 00:05:16,837] {logging_mixin.py:104} INFO - [2023-10-01 00:05:16,835] {dag.py:2280} INFO - Setting next_dagrun for example_subdag_operator.section-1 to None
[2023-10-01 00:05:16,846] {logging_mixin.py:104} INFO - [2023-10-01 00:05:16,845] {dag.py:2280} INFO - Setting next_dagrun for example_subdag_operator.section-2 to None
[2023-10-01 00:05:16,910] {scheduler_job.py:190} INFO - Processing /home/airflow/.local/lib/python3.6/site-packages/airflow/example_dags/example_subdag_operator.py took 1.956 seconds
[2023-10-01 00:05:47,227] {scheduler_job.py:182} INFO - Started process (PID=154) to work on /home/airflow/.local/lib/python3.6/site-packages/airflow/example_dags/example_subdag_operator.py
[2023-10-01 00:05:47,235] {scheduler_job.py:629} INFO - Processing file /home/airflow/.local/lib/python3.6/site-packages/airflow/example_dags/example_subdag_operator.py for tasks to queue
[2023-10-01 00:05:47,240] {logging_mixin.py:104} INFO - [2023-10-01 00:05:47,239] {dagbag.py:451} INFO - Filling up the DagBag from /home/airflow/.local/lib/python3.6/site-packages/airflow/example_dags/example_subdag_operator.py
[2023-10-01 00:05:47,398] {scheduler_job.py:639} INFO - DAG(s) dict_keys(['example_subdag_operator.section-1', 'example_subdag_operator.section-2', 'example_subdag_operator']) retrieved from /home/airflow/.local/lib/python3.6/site-packages/airflow/example_dags/example_subdag_operator.py
[2023-10-01 00:05:47,548] {logging_mixin.py:104} INFO - [2023-10-01 00:05:47,547] {dag.py:1824} INFO - Sync 3 DAGs
[2023-10-01 00:05:47,653] {logging_mixin.py:104} INFO - [2023-10-01 00:05:47,652] {dag.py:2280} INFO - Setting next_dagrun for example_subdag_operator to 2023-09-29 00:00:00+00:00
[2023-10-01 00:05:47,661] {logging_mixin.py:104} INFO - [2023-10-01 00:05:47,661] {dag.py:2280} INFO - Setting next_dagrun for example_subdag_operator.section-1 to None
[2023-10-01 00:05:47,666] {logging_mixin.py:104} INFO - [2023-10-01 00:05:47,666] {dag.py:2280} INFO - Setting next_dagrun for example_subdag_operator.section-2 to None
[2023-10-01 00:05:47,731] {logging_mixin.py:104} INFO - [2023-10-01 00:05:47,729] {dag.py:1824} INFO - Sync 2 DAGs
[2023-10-01 00:05:47,786] {logging_mixin.py:104} INFO - [2023-10-01 00:05:47,785] {dag.py:2280} INFO - Setting next_dagrun for example_subdag_operator.section-1 to None
[2023-10-01 00:05:47,793] {logging_mixin.py:104} INFO - [2023-10-01 00:05:47,792] {dag.py:2280} INFO - Setting next_dagrun for example_subdag_operator.section-2 to None
[2023-10-01 00:05:47,841] {scheduler_job.py:190} INFO - Processing /home/airflow/.local/lib/python3.6/site-packages/airflow/example_dags/example_subdag_operator.py took 0.627 seconds
[2023-10-01 00:06:17,944] {scheduler_job.py:182} INFO - Started process (PID=208) to work on /home/airflow/.local/lib/python3.6/site-packages/airflow/example_dags/example_subdag_operator.py
[2023-10-01 00:06:17,956] {scheduler_job.py:629} INFO - Processing file /home/airflow/.local/lib/python3.6/site-packages/airflow/example_dags/example_subdag_operator.py for tasks to queue
[2023-10-01 00:06:17,973] {logging_mixin.py:104} INFO - [2023-10-01 00:06:17,972] {dagbag.py:451} INFO - Filling up the DagBag from /home/airflow/.local/lib/python3.6/site-packages/airflow/example_dags/example_subdag_operator.py
[2023-10-01 00:06:18,214] {scheduler_job.py:639} INFO - DAG(s) dict_keys(['example_subdag_operator.section-1', 'example_subdag_operator.section-2', 'example_subdag_operator']) retrieved from /home/airflow/.local/lib/python3.6/site-packages/airflow/example_dags/example_subdag_operator.py
[2023-10-01 00:06:18,366] {logging_mixin.py:104} INFO - [2023-10-01 00:06:18,365] {dag.py:1824} INFO - Sync 3 DAGs
[2023-10-01 00:06:18,527] {logging_mixin.py:104} INFO - [2023-10-01 00:06:18,525] {dag.py:2280} INFO - Setting next_dagrun for example_subdag_operator to 2023-09-29 00:00:00+00:00
[2023-10-01 00:06:18,534] {logging_mixin.py:104} INFO - [2023-10-01 00:06:18,534] {dag.py:2280} INFO - Setting next_dagrun for example_subdag_operator.section-1 to None
[2023-10-01 00:06:18,547] {logging_mixin.py:104} INFO - [2023-10-01 00:06:18,546] {dag.py:2280} INFO - Setting next_dagrun for example_subdag_operator.section-2 to None
[2023-10-01 00:06:18,616] {logging_mixin.py:104} INFO - [2023-10-01 00:06:18,616] {dag.py:1824} INFO - Sync 2 DAGs
[2023-10-01 00:06:18,690] {logging_mixin.py:104} INFO - [2023-10-01 00:06:18,689] {dag.py:2280} INFO - Setting next_dagrun for example_subdag_operator.section-1 to None
[2023-10-01 00:06:18,701] {logging_mixin.py:104} INFO - [2023-10-01 00:06:18,701] {dag.py:2280} INFO - Setting next_dagrun for example_subdag_operator.section-2 to None
[2023-10-01 00:06:18,740] {scheduler_job.py:190} INFO - Processing /home/airflow/.local/lib/python3.6/site-packages/airflow/example_dags/example_subdag_operator.py took 0.821 seconds
[2023-10-01 00:06:49,343] {scheduler_job.py:182} INFO - Started process (PID=262) to work on /home/airflow/.local/lib/python3.6/site-packages/airflow/example_dags/example_subdag_operator.py
[2023-10-01 00:06:49,355] {scheduler_job.py:629} INFO - Processing file /home/airflow/.local/lib/python3.6/site-packages/airflow/example_dags/example_subdag_operator.py for tasks to queue
[2023-10-01 00:06:49,376] {logging_mixin.py:104} INFO - [2023-10-01 00:06:49,375] {dagbag.py:451} INFO - Filling up the DagBag from /home/airflow/.local/lib/python3.6/site-packages/airflow/example_dags/example_subdag_operator.py
[2023-10-01 00:06:49,609] {scheduler_job.py:639} INFO - DAG(s) dict_keys(['example_subdag_operator.section-1', 'example_subdag_operator.section-2', 'example_subdag_operator']) retrieved from /home/airflow/.local/lib/python3.6/site-packages/airflow/example_dags/example_subdag_operator.py
[2023-10-01 00:06:49,741] {logging_mixin.py:104} INFO - [2023-10-01 00:06:49,740] {dag.py:1824} INFO - Sync 3 DAGs
[2023-10-01 00:06:49,891] {logging_mixin.py:104} INFO - [2023-10-01 00:06:49,890] {dag.py:2280} INFO - Setting next_dagrun for example_subdag_operator to 2023-09-29 00:00:00+00:00
[2023-10-01 00:06:49,900] {logging_mixin.py:104} INFO - [2023-10-01 00:06:49,899] {dag.py:2280} INFO - Setting next_dagrun for example_subdag_operator.section-1 to None
[2023-10-01 00:06:49,907] {logging_mixin.py:104} INFO - [2023-10-01 00:06:49,907] {dag.py:2280} INFO - Setting next_dagrun for example_subdag_operator.section-2 to None
[2023-10-01 00:06:49,976] {logging_mixin.py:104} INFO - [2023-10-01 00:06:49,975] {dag.py:1824} INFO - Sync 2 DAGs
[2023-10-01 00:06:50,073] {logging_mixin.py:104} INFO - [2023-10-01 00:06:50,072] {dag.py:2280} INFO - Setting next_dagrun for example_subdag_operator.section-1 to None
[2023-10-01 00:06:50,077] {logging_mixin.py:104} INFO - [2023-10-01 00:06:50,076] {dag.py:2280} INFO - Setting next_dagrun for example_subdag_operator.section-2 to None
[2023-10-01 00:06:50,128] {scheduler_job.py:190} INFO - Processing /home/airflow/.local/lib/python3.6/site-packages/airflow/example_dags/example_subdag_operator.py took 0.812 seconds
[2023-10-01 00:07:20,942] {scheduler_job.py:182} INFO - Started process (PID=318) to work on /home/airflow/.local/lib/python3.6/site-packages/airflow/example_dags/example_subdag_operator.py
[2023-10-01 00:07:20,960] {scheduler_job.py:629} INFO - Processing file /home/airflow/.local/lib/python3.6/site-packages/airflow/example_dags/example_subdag_operator.py for tasks to queue
[2023-10-01 00:07:20,971] {logging_mixin.py:104} INFO - [2023-10-01 00:07:20,970] {dagbag.py:451} INFO - Filling up the DagBag from /home/airflow/.local/lib/python3.6/site-packages/airflow/example_dags/example_subdag_operator.py
[2023-10-01 00:07:21,207] {scheduler_job.py:639} INFO - DAG(s) dict_keys(['example_subdag_operator.section-1', 'example_subdag_operator.section-2', 'example_subdag_operator']) retrieved from /home/airflow/.local/lib/python3.6/site-packages/airflow/example_dags/example_subdag_operator.py
[2023-10-01 00:07:21,337] {logging_mixin.py:104} INFO - [2023-10-01 00:07:21,336] {dag.py:1824} INFO - Sync 3 DAGs
[2023-10-01 00:07:21,474] {logging_mixin.py:104} INFO - [2023-10-01 00:07:21,472] {dag.py:2280} INFO - Setting next_dagrun for example_subdag_operator to 2023-09-29 00:00:00+00:00
[2023-10-01 00:07:21,486] {logging_mixin.py:104} INFO - [2023-10-01 00:07:21,486] {dag.py:2280} INFO - Setting next_dagrun for example_subdag_operator.section-1 to None
[2023-10-01 00:07:21,492] {logging_mixin.py:104} INFO - [2023-10-01 00:07:21,490] {dag.py:2280} INFO - Setting next_dagrun for example_subdag_operator.section-2 to None
[2023-10-01 00:07:21,559] {logging_mixin.py:104} INFO - [2023-10-01 00:07:21,558] {dag.py:1824} INFO - Sync 2 DAGs
[2023-10-01 00:07:21,633] {logging_mixin.py:104} INFO - [2023-10-01 00:07:21,632] {dag.py:2280} INFO - Setting next_dagrun for example_subdag_operator.section-1 to None
[2023-10-01 00:07:21,639] {logging_mixin.py:104} INFO - [2023-10-01 00:07:21,638] {dag.py:2280} INFO - Setting next_dagrun for example_subdag_operator.section-2 to None
[2023-10-01 00:07:21,686] {scheduler_job.py:190} INFO - Processing /home/airflow/.local/lib/python3.6/site-packages/airflow/example_dags/example_subdag_operator.py took 0.771 seconds
[2023-10-01 00:07:51,874] {scheduler_job.py:182} INFO - Started process (PID=372) to work on /home/airflow/.local/lib/python3.6/site-packages/airflow/example_dags/example_subdag_operator.py
[2023-10-01 00:07:51,885] {scheduler_job.py:629} INFO - Processing file /home/airflow/.local/lib/python3.6/site-packages/airflow/example_dags/example_subdag_operator.py for tasks to queue
[2023-10-01 00:07:51,893] {logging_mixin.py:104} INFO - [2023-10-01 00:07:51,892] {dagbag.py:451} INFO - Filling up the DagBag from /home/airflow/.local/lib/python3.6/site-packages/airflow/example_dags/example_subdag_operator.py
[2023-10-01 00:07:52,039] {scheduler_job.py:639} INFO - DAG(s) dict_keys(['example_subdag_operator.section-1', 'example_subdag_operator.section-2', 'example_subdag_operator']) retrieved from /home/airflow/.local/lib/python3.6/site-packages/airflow/example_dags/example_subdag_operator.py
[2023-10-01 00:07:52,139] {logging_mixin.py:104} INFO - [2023-10-01 00:07:52,138] {dag.py:1824} INFO - Sync 3 DAGs
[2023-10-01 00:07:52,233] {logging_mixin.py:104} INFO - [2023-10-01 00:07:52,232] {dag.py:2280} INFO - Setting next_dagrun for example_subdag_operator to 2023-09-29 00:00:00+00:00
[2023-10-01 00:07:52,242] {logging_mixin.py:104} INFO - [2023-10-01 00:07:52,241] {dag.py:2280} INFO - Setting next_dagrun for example_subdag_operator.section-1 to None
[2023-10-01 00:07:52,245] {logging_mixin.py:104} INFO - [2023-10-01 00:07:52,245] {dag.py:2280} INFO - Setting next_dagrun for example_subdag_operator.section-2 to None
[2023-10-01 00:07:52,290] {logging_mixin.py:104} INFO - [2023-10-01 00:07:52,289] {dag.py:1824} INFO - Sync 2 DAGs
[2023-10-01 00:07:52,336] {logging_mixin.py:104} INFO - [2023-10-01 00:07:52,336] {dag.py:2280} INFO - Setting next_dagrun for example_subdag_operator.section-1 to None
[2023-10-01 00:07:52,343] {logging_mixin.py:104} INFO - [2023-10-01 00:07:52,343] {dag.py:2280} INFO - Setting next_dagrun for example_subdag_operator.section-2 to None
[2023-10-01 00:07:52,379] {scheduler_job.py:190} INFO - Processing /home/airflow/.local/lib/python3.6/site-packages/airflow/example_dags/example_subdag_operator.py took 0.523 seconds
[2023-10-01 00:08:23,030] {scheduler_job.py:182} INFO - Started process (PID=426) to work on /home/airflow/.local/lib/python3.6/site-packages/airflow/example_dags/example_subdag_operator.py
[2023-10-01 00:08:23,037] {scheduler_job.py:629} INFO - Processing file /home/airflow/.local/lib/python3.6/site-packages/airflow/example_dags/example_subdag_operator.py for tasks to queue
[2023-10-01 00:08:23,055] {logging_mixin.py:104} INFO - [2023-10-01 00:08:23,053] {dagbag.py:451} INFO - Filling up the DagBag from /home/airflow/.local/lib/python3.6/site-packages/airflow/example_dags/example_subdag_operator.py
[2023-10-01 00:08:23,186] {scheduler_job.py:639} INFO - DAG(s) dict_keys(['example_subdag_operator.section-1', 'example_subdag_operator.section-2', 'example_subdag_operator']) retrieved from /home/airflow/.local/lib/python3.6/site-packages/airflow/example_dags/example_subdag_operator.py
[2023-10-01 00:08:23,263] {logging_mixin.py:104} INFO - [2023-10-01 00:08:23,263] {dag.py:1824} INFO - Sync 3 DAGs
[2023-10-01 00:08:23,346] {logging_mixin.py:104} INFO - [2023-10-01 00:08:23,346] {dag.py:2280} INFO - Setting next_dagrun for example_subdag_operator to 2023-09-29 00:00:00+00:00
[2023-10-01 00:08:23,352] {logging_mixin.py:104} INFO - [2023-10-01 00:08:23,352] {dag.py:2280} INFO - Setting next_dagrun for example_subdag_operator.section-1 to None
[2023-10-01 00:08:23,356] {logging_mixin.py:104} INFO - [2023-10-01 00:08:23,355] {dag.py:2280} INFO - Setting next_dagrun for example_subdag_operator.section-2 to None
[2023-10-01 00:08:23,391] {logging_mixin.py:104} INFO - [2023-10-01 00:08:23,390] {dag.py:1824} INFO - Sync 2 DAGs
[2023-10-01 00:08:23,431] {logging_mixin.py:104} INFO - [2023-10-01 00:08:23,430] {dag.py:2280} INFO - Setting next_dagrun for example_subdag_operator.section-1 to None
[2023-10-01 00:08:23,434] {logging_mixin.py:104} INFO - [2023-10-01 00:08:23,434] {dag.py:2280} INFO - Setting next_dagrun for example_subdag_operator.section-2 to None
[2023-10-01 00:08:23,457] {scheduler_job.py:190} INFO - Processing /home/airflow/.local/lib/python3.6/site-packages/airflow/example_dags/example_subdag_operator.py took 0.437 seconds
[2023-10-01 00:08:53,643] {scheduler_job.py:182} INFO - Started process (PID=480) to work on /home/airflow/.local/lib/python3.6/site-packages/airflow/example_dags/example_subdag_operator.py
[2023-10-01 00:08:53,652] {scheduler_job.py:629} INFO - Processing file /home/airflow/.local/lib/python3.6/site-packages/airflow/example_dags/example_subdag_operator.py for tasks to queue
[2023-10-01 00:08:53,658] {logging_mixin.py:104} INFO - [2023-10-01 00:08:53,657] {dagbag.py:451} INFO - Filling up the DagBag from /home/airflow/.local/lib/python3.6/site-packages/airflow/example_dags/example_subdag_operator.py
[2023-10-01 00:08:53,821] {scheduler_job.py:639} INFO - DAG(s) dict_keys(['example_subdag_operator.section-1', 'example_subdag_operator.section-2', 'example_subdag_operator']) retrieved from /home/airflow/.local/lib/python3.6/site-packages/airflow/example_dags/example_subdag_operator.py
[2023-10-01 00:08:53,910] {logging_mixin.py:104} INFO - [2023-10-01 00:08:53,909] {dag.py:1824} INFO - Sync 3 DAGs
[2023-10-01 00:08:54,000] {logging_mixin.py:104} INFO - [2023-10-01 00:08:53,999] {dag.py:2280} INFO - Setting next_dagrun for example_subdag_operator to 2023-09-29 00:00:00+00:00
[2023-10-01 00:08:54,007] {logging_mixin.py:104} INFO - [2023-10-01 00:08:54,007] {dag.py:2280} INFO - Setting next_dagrun for example_subdag_operator.section-1 to None
[2023-10-01 00:08:54,012] {logging_mixin.py:104} INFO - [2023-10-01 00:08:54,011] {dag.py:2280} INFO - Setting next_dagrun for example_subdag_operator.section-2 to None
[2023-10-01 00:08:54,059] {logging_mixin.py:104} INFO - [2023-10-01 00:08:54,058] {dag.py:1824} INFO - Sync 2 DAGs
[2023-10-01 00:08:54,107] {logging_mixin.py:104} INFO - [2023-10-01 00:08:54,107] {dag.py:2280} INFO - Setting next_dagrun for example_subdag_operator.section-1 to None
[2023-10-01 00:08:54,112] {logging_mixin.py:104} INFO - [2023-10-01 00:08:54,112] {dag.py:2280} INFO - Setting next_dagrun for example_subdag_operator.section-2 to None
[2023-10-01 00:08:54,142] {scheduler_job.py:190} INFO - Processing /home/airflow/.local/lib/python3.6/site-packages/airflow/example_dags/example_subdag_operator.py took 0.511 seconds
[2023-10-01 00:09:24,518] {scheduler_job.py:182} INFO - Started process (PID=534) to work on /home/airflow/.local/lib/python3.6/site-packages/airflow/example_dags/example_subdag_operator.py
[2023-10-01 00:09:24,525] {scheduler_job.py:629} INFO - Processing file /home/airflow/.local/lib/python3.6/site-packages/airflow/example_dags/example_subdag_operator.py for tasks to queue
[2023-10-01 00:09:24,530] {logging_mixin.py:104} INFO - [2023-10-01 00:09:24,530] {dagbag.py:451} INFO - Filling up the DagBag from /home/airflow/.local/lib/python3.6/site-packages/airflow/example_dags/example_subdag_operator.py
[2023-10-01 00:09:24,648] {scheduler_job.py:639} INFO - DAG(s) dict_keys(['example_subdag_operator.section-1', 'example_subdag_operator.section-2', 'example_subdag_operator']) retrieved from /home/airflow/.local/lib/python3.6/site-packages/airflow/example_dags/example_subdag_operator.py
[2023-10-01 00:09:24,713] {logging_mixin.py:104} INFO - [2023-10-01 00:09:24,712] {dag.py:1824} INFO - Sync 3 DAGs
[2023-10-01 00:09:24,780] {logging_mixin.py:104} INFO - [2023-10-01 00:09:24,779] {dag.py:2280} INFO - Setting next_dagrun for example_subdag_operator to 2023-09-29 00:00:00+00:00
[2023-10-01 00:09:24,784] {logging_mixin.py:104} INFO - [2023-10-01 00:09:24,784] {dag.py:2280} INFO - Setting next_dagrun for example_subdag_operator.section-1 to None
[2023-10-01 00:09:24,787] {logging_mixin.py:104} INFO - [2023-10-01 00:09:24,786] {dag.py:2280} INFO - Setting next_dagrun for example_subdag_operator.section-2 to None
[2023-10-01 00:09:24,815] {logging_mixin.py:104} INFO - [2023-10-01 00:09:24,815] {dag.py:1824} INFO - Sync 2 DAGs
[2023-10-01 00:09:24,849] {logging_mixin.py:104} INFO - [2023-10-01 00:09:24,848] {dag.py:2280} INFO - Setting next_dagrun for example_subdag_operator.section-1 to None
[2023-10-01 00:09:24,852] {logging_mixin.py:104} INFO - [2023-10-01 00:09:24,851] {dag.py:2280} INFO - Setting next_dagrun for example_subdag_operator.section-2 to None
[2023-10-01 00:09:24,880] {scheduler_job.py:190} INFO - Processing /home/airflow/.local/lib/python3.6/site-packages/airflow/example_dags/example_subdag_operator.py took 0.374 seconds
[2023-10-01 00:09:55,030] {scheduler_job.py:182} INFO - Started process (PID=588) to work on /home/airflow/.local/lib/python3.6/site-packages/airflow/example_dags/example_subdag_operator.py
[2023-10-01 00:09:55,036] {scheduler_job.py:629} INFO - Processing file /home/airflow/.local/lib/python3.6/site-packages/airflow/example_dags/example_subdag_operator.py for tasks to queue
[2023-10-01 00:09:55,040] {logging_mixin.py:104} INFO - [2023-10-01 00:09:55,039] {dagbag.py:451} INFO - Filling up the DagBag from /home/airflow/.local/lib/python3.6/site-packages/airflow/example_dags/example_subdag_operator.py
[2023-10-01 00:09:55,156] {scheduler_job.py:639} INFO - DAG(s) dict_keys(['example_subdag_operator.section-1', 'example_subdag_operator.section-2', 'example_subdag_operator']) retrieved from /home/airflow/.local/lib/python3.6/site-packages/airflow/example_dags/example_subdag_operator.py
[2023-10-01 00:09:55,225] {logging_mixin.py:104} INFO - [2023-10-01 00:09:55,225] {dag.py:1824} INFO - Sync 3 DAGs
[2023-10-01 00:09:55,294] {logging_mixin.py:104} INFO - [2023-10-01 00:09:55,293] {dag.py:2280} INFO - Setting next_dagrun for example_subdag_operator to 2023-09-29 00:00:00+00:00
[2023-10-01 00:09:55,300] {logging_mixin.py:104} INFO - [2023-10-01 00:09:55,299] {dag.py:2280} INFO - Setting next_dagrun for example_subdag_operator.section-1 to None
[2023-10-01 00:09:55,302] {logging_mixin.py:104} INFO - [2023-10-01 00:09:55,302] {dag.py:2280} INFO - Setting next_dagrun for example_subdag_operator.section-2 to None
[2023-10-01 00:09:55,339] {logging_mixin.py:104} INFO - [2023-10-01 00:09:55,338] {dag.py:1824} INFO - Sync 2 DAGs
[2023-10-01 00:09:55,379] {logging_mixin.py:104} INFO - [2023-10-01 00:09:55,379] {dag.py:2280} INFO - Setting next_dagrun for example_subdag_operator.section-1 to None
[2023-10-01 00:09:55,382] {logging_mixin.py:104} INFO - [2023-10-01 00:09:55,382] {dag.py:2280} INFO - Setting next_dagrun for example_subdag_operator.section-2 to None
[2023-10-01 00:09:55,405] {scheduler_job.py:190} INFO - Processing /home/airflow/.local/lib/python3.6/site-packages/airflow/example_dags/example_subdag_operator.py took 0.383 seconds
[2023-10-01 00:10:25,858] {scheduler_job.py:182} INFO - Started process (PID=642) to work on /home/airflow/.local/lib/python3.6/site-packages/airflow/example_dags/example_subdag_operator.py
[2023-10-01 00:10:25,867] {scheduler_job.py:629} INFO - Processing file /home/airflow/.local/lib/python3.6/site-packages/airflow/example_dags/example_subdag_operator.py for tasks to queue
[2023-10-01 00:10:25,874] {logging_mixin.py:104} INFO - [2023-10-01 00:10:25,873] {dagbag.py:451} INFO - Filling up the DagBag from /home/airflow/.local/lib/python3.6/site-packages/airflow/example_dags/example_subdag_operator.py
[2023-10-01 00:10:26,113] {scheduler_job.py:639} INFO - DAG(s) dict_keys(['example_subdag_operator.section-1', 'example_subdag_operator.section-2', 'example_subdag_operator']) retrieved from /home/airflow/.local/lib/python3.6/site-packages/airflow/example_dags/example_subdag_operator.py
[2023-10-01 00:10:26,273] {logging_mixin.py:104} INFO - [2023-10-01 00:10:26,270] {dag.py:1824} INFO - Sync 3 DAGs
[2023-10-01 00:10:26,445] {logging_mixin.py:104} INFO - [2023-10-01 00:10:26,444] {dag.py:2280} INFO - Setting next_dagrun for example_subdag_operator to 2023-09-29 00:00:00+00:00
[2023-10-01 00:10:26,459] {logging_mixin.py:104} INFO - [2023-10-01 00:10:26,458] {dag.py:2280} INFO - Setting next_dagrun for example_subdag_operator.section-1 to None
[2023-10-01 00:10:26,465] {logging_mixin.py:104} INFO - [2023-10-01 00:10:26,464] {dag.py:2280} INFO - Setting next_dagrun for example_subdag_operator.section-2 to None
[2023-10-01 00:10:26,543] {logging_mixin.py:104} INFO - [2023-10-01 00:10:26,541] {dag.py:1824} INFO - Sync 2 DAGs
[2023-10-01 00:10:26,625] {logging_mixin.py:104} INFO - [2023-10-01 00:10:26,624] {dag.py:2280} INFO - Setting next_dagrun for example_subdag_operator.section-1 to None
[2023-10-01 00:10:26,632] {logging_mixin.py:104} INFO - [2023-10-01 00:10:26,631] {dag.py:2280} INFO - Setting next_dagrun for example_subdag_operator.section-2 to None
[2023-10-01 00:10:26,679] {scheduler_job.py:190} INFO - Processing /home/airflow/.local/lib/python3.6/site-packages/airflow/example_dags/example_subdag_operator.py took 0.832 seconds
[2023-10-01 00:10:57,179] {scheduler_job.py:182} INFO - Started process (PID=696) to work on /home/airflow/.local/lib/python3.6/site-packages/airflow/example_dags/example_subdag_operator.py
[2023-10-01 00:10:57,185] {scheduler_job.py:629} INFO - Processing file /home/airflow/.local/lib/python3.6/site-packages/airflow/example_dags/example_subdag_operator.py for tasks to queue
[2023-10-01 00:10:57,190] {logging_mixin.py:104} INFO - [2023-10-01 00:10:57,189] {dagbag.py:451} INFO - Filling up the DagBag from /home/airflow/.local/lib/python3.6/site-packages/airflow/example_dags/example_subdag_operator.py
[2023-10-01 00:10:57,301] {scheduler_job.py:639} INFO - DAG(s) dict_keys(['example_subdag_operator.section-1', 'example_subdag_operator.section-2', 'example_subdag_operator']) retrieved from /home/airflow/.local/lib/python3.6/site-packages/airflow/example_dags/example_subdag_operator.py
[2023-10-01 00:10:57,368] {logging_mixin.py:104} INFO - [2023-10-01 00:10:57,368] {dag.py:1824} INFO - Sync 3 DAGs
[2023-10-01 00:10:57,446] {logging_mixin.py:104} INFO - [2023-10-01 00:10:57,445] {dag.py:2280} INFO - Setting next_dagrun for example_subdag_operator to 2023-09-29 00:00:00+00:00
[2023-10-01 00:10:57,451] {logging_mixin.py:104} INFO - [2023-10-01 00:10:57,451] {dag.py:2280} INFO - Setting next_dagrun for example_subdag_operator.section-1 to None
[2023-10-01 00:10:57,455] {logging_mixin.py:104} INFO - [2023-10-01 00:10:57,455] {dag.py:2280} INFO - Setting next_dagrun for example_subdag_operator.section-2 to None
[2023-10-01 00:10:57,491] {logging_mixin.py:104} INFO - [2023-10-01 00:10:57,490] {dag.py:1824} INFO - Sync 2 DAGs
[2023-10-01 00:10:57,538] {logging_mixin.py:104} INFO - [2023-10-01 00:10:57,538] {dag.py:2280} INFO - Setting next_dagrun for example_subdag_operator.section-1 to None
[2023-10-01 00:10:57,542] {logging_mixin.py:104} INFO - [2023-10-01 00:10:57,542] {dag.py:2280} INFO - Setting next_dagrun for example_subdag_operator.section-2 to None
[2023-10-01 00:10:57,572] {scheduler_job.py:190} INFO - Processing /home/airflow/.local/lib/python3.6/site-packages/airflow/example_dags/example_subdag_operator.py took 0.402 seconds
[2023-10-01 00:12:29,729] {scheduler_job.py:182} INFO - Started process (PID=75) to work on /home/airflow/.local/lib/python3.6/site-packages/airflow/example_dags/example_subdag_operator.py
[2023-10-01 00:12:29,755] {scheduler_job.py:629} INFO - Processing file /home/airflow/.local/lib/python3.6/site-packages/airflow/example_dags/example_subdag_operator.py for tasks to queue
[2023-10-01 00:12:29,760] {logging_mixin.py:104} INFO - [2023-10-01 00:12:29,759] {dagbag.py:451} INFO - Filling up the DagBag from /home/airflow/.local/lib/python3.6/site-packages/airflow/example_dags/example_subdag_operator.py
[2023-10-01 00:12:29,975] {scheduler_job.py:639} INFO - DAG(s) dict_keys(['example_subdag_operator.section-1', 'example_subdag_operator.section-2', 'example_subdag_operator']) retrieved from /home/airflow/.local/lib/python3.6/site-packages/airflow/example_dags/example_subdag_operator.py
[2023-10-01 00:12:30,327] {logging_mixin.py:104} INFO - [2023-10-01 00:12:30,325] {dag.py:1824} INFO - Sync 3 DAGs
[2023-10-01 00:12:30,854] {logging_mixin.py:104} INFO - [2023-10-01 00:12:30,852] {dag.py:2280} INFO - Setting next_dagrun for example_subdag_operator to 2023-09-29 00:00:00+00:00
[2023-10-01 00:12:30,877] {logging_mixin.py:104} INFO - [2023-10-01 00:12:30,877] {dag.py:2280} INFO - Setting next_dagrun for example_subdag_operator.section-1 to None
[2023-10-01 00:12:30,893] {logging_mixin.py:104} INFO - [2023-10-01 00:12:30,893] {dag.py:2280} INFO - Setting next_dagrun for example_subdag_operator.section-2 to None
[2023-10-01 00:12:31,074] {logging_mixin.py:104} INFO - [2023-10-01 00:12:31,073] {dag.py:1824} INFO - Sync 2 DAGs
[2023-10-01 00:12:31,398] {logging_mixin.py:104} INFO - [2023-10-01 00:12:31,396] {dag.py:2280} INFO - Setting next_dagrun for example_subdag_operator.section-1 to None
[2023-10-01 00:12:31,409] {logging_mixin.py:104} INFO - [2023-10-01 00:12:31,408] {dag.py:2280} INFO - Setting next_dagrun for example_subdag_operator.section-2 to None
[2023-10-01 00:12:31,553] {scheduler_job.py:190} INFO - Processing /home/airflow/.local/lib/python3.6/site-packages/airflow/example_dags/example_subdag_operator.py took 1.880 seconds
[2023-10-01 00:13:01,806] {scheduler_job.py:182} INFO - Started process (PID=129) to work on /home/airflow/.local/lib/python3.6/site-packages/airflow/example_dags/example_subdag_operator.py
[2023-10-01 00:13:01,819] {scheduler_job.py:629} INFO - Processing file /home/airflow/.local/lib/python3.6/site-packages/airflow/example_dags/example_subdag_operator.py for tasks to queue
[2023-10-01 00:13:01,825] {logging_mixin.py:104} INFO - [2023-10-01 00:13:01,824] {dagbag.py:451} INFO - Filling up the DagBag from /home/airflow/.local/lib/python3.6/site-packages/airflow/example_dags/example_subdag_operator.py
[2023-10-01 00:13:02,032] {scheduler_job.py:639} INFO - DAG(s) dict_keys(['example_subdag_operator.section-1', 'example_subdag_operator.section-2', 'example_subdag_operator']) retrieved from /home/airflow/.local/lib/python3.6/site-packages/airflow/example_dags/example_subdag_operator.py
[2023-10-01 00:13:02,171] {logging_mixin.py:104} INFO - [2023-10-01 00:13:02,170] {dag.py:1824} INFO - Sync 3 DAGs
[2023-10-01 00:13:02,299] {logging_mixin.py:104} INFO - [2023-10-01 00:13:02,298] {dag.py:2280} INFO - Setting next_dagrun for example_subdag_operator to 2023-09-29 00:00:00+00:00
[2023-10-01 00:13:02,306] {logging_mixin.py:104} INFO - [2023-10-01 00:13:02,305] {dag.py:2280} INFO - Setting next_dagrun for example_subdag_operator.section-1 to None
[2023-10-01 00:13:02,310] {logging_mixin.py:104} INFO - [2023-10-01 00:13:02,310] {dag.py:2280} INFO - Setting next_dagrun for example_subdag_operator.section-2 to None
[2023-10-01 00:13:02,375] {logging_mixin.py:104} INFO - [2023-10-01 00:13:02,375] {dag.py:1824} INFO - Sync 2 DAGs
[2023-10-01 00:13:02,446] {logging_mixin.py:104} INFO - [2023-10-01 00:13:02,445] {dag.py:2280} INFO - Setting next_dagrun for example_subdag_operator.section-1 to None
[2023-10-01 00:13:02,452] {logging_mixin.py:104} INFO - [2023-10-01 00:13:02,451] {dag.py:2280} INFO - Setting next_dagrun for example_subdag_operator.section-2 to None
[2023-10-01 00:13:02,498] {scheduler_job.py:190} INFO - Processing /home/airflow/.local/lib/python3.6/site-packages/airflow/example_dags/example_subdag_operator.py took 0.708 seconds
[2023-10-01 00:13:33,233] {scheduler_job.py:182} INFO - Started process (PID=183) to work on /home/airflow/.local/lib/python3.6/site-packages/airflow/example_dags/example_subdag_operator.py
[2023-10-01 00:13:33,243] {scheduler_job.py:629} INFO - Processing file /home/airflow/.local/lib/python3.6/site-packages/airflow/example_dags/example_subdag_operator.py for tasks to queue
[2023-10-01 00:13:33,252] {logging_mixin.py:104} INFO - [2023-10-01 00:13:33,251] {dagbag.py:451} INFO - Filling up the DagBag from /home/airflow/.local/lib/python3.6/site-packages/airflow/example_dags/example_subdag_operator.py
[2023-10-01 00:13:33,405] {scheduler_job.py:639} INFO - DAG(s) dict_keys(['example_subdag_operator.section-1', 'example_subdag_operator.section-2', 'example_subdag_operator']) retrieved from /home/airflow/.local/lib/python3.6/site-packages/airflow/example_dags/example_subdag_operator.py
[2023-10-01 00:13:33,503] {logging_mixin.py:104} INFO - [2023-10-01 00:13:33,503] {dag.py:1824} INFO - Sync 3 DAGs
[2023-10-01 00:13:33,600] {logging_mixin.py:104} INFO - [2023-10-01 00:13:33,599] {dag.py:2280} INFO - Setting next_dagrun for example_subdag_operator to 2023-09-29 00:00:00+00:00
[2023-10-01 00:13:33,611] {logging_mixin.py:104} INFO - [2023-10-01 00:13:33,610] {dag.py:2280} INFO - Setting next_dagrun for example_subdag_operator.section-1 to None
[2023-10-01 00:13:33,616] {logging_mixin.py:104} INFO - [2023-10-01 00:13:33,615] {dag.py:2280} INFO - Setting next_dagrun for example_subdag_operator.section-2 to None
[2023-10-01 00:13:33,675] {logging_mixin.py:104} INFO - [2023-10-01 00:13:33,674] {dag.py:1824} INFO - Sync 2 DAGs
[2023-10-01 00:13:33,750] {logging_mixin.py:104} INFO - [2023-10-01 00:13:33,749] {dag.py:2280} INFO - Setting next_dagrun for example_subdag_operator.section-1 to None
[2023-10-01 00:13:33,756] {logging_mixin.py:104} INFO - [2023-10-01 00:13:33,755] {dag.py:2280} INFO - Setting next_dagrun for example_subdag_operator.section-2 to None
[2023-10-01 00:13:33,804] {scheduler_job.py:190} INFO - Processing /home/airflow/.local/lib/python3.6/site-packages/airflow/example_dags/example_subdag_operator.py took 0.583 seconds
[2023-10-01 00:14:04,972] {scheduler_job.py:182} INFO - Started process (PID=237) to work on /home/airflow/.local/lib/python3.6/site-packages/airflow/example_dags/example_subdag_operator.py
[2023-10-01 00:14:04,983] {scheduler_job.py:629} INFO - Processing file /home/airflow/.local/lib/python3.6/site-packages/airflow/example_dags/example_subdag_operator.py for tasks to queue
[2023-10-01 00:14:04,995] {logging_mixin.py:104} INFO - [2023-10-01 00:14:04,994] {dagbag.py:451} INFO - Filling up the DagBag from /home/airflow/.local/lib/python3.6/site-packages/airflow/example_dags/example_subdag_operator.py
[2023-10-01 00:14:05,320] {scheduler_job.py:639} INFO - DAG(s) dict_keys(['example_subdag_operator.section-1', 'example_subdag_operator.section-2', 'example_subdag_operator']) retrieved from /home/airflow/.local/lib/python3.6/site-packages/airflow/example_dags/example_subdag_operator.py
[2023-10-01 00:14:05,563] {logging_mixin.py:104} INFO - [2023-10-01 00:14:05,561] {dag.py:1824} INFO - Sync 3 DAGs
[2023-10-01 00:14:05,825] {logging_mixin.py:104} INFO - [2023-10-01 00:14:05,823] {dag.py:2280} INFO - Setting next_dagrun for example_subdag_operator to 2023-09-29 00:00:00+00:00
[2023-10-01 00:14:05,844] {logging_mixin.py:104} INFO - [2023-10-01 00:14:05,843] {dag.py:2280} INFO - Setting next_dagrun for example_subdag_operator.section-1 to None
[2023-10-01 00:14:05,850] {logging_mixin.py:104} INFO - [2023-10-01 00:14:05,849] {dag.py:2280} INFO - Setting next_dagrun for example_subdag_operator.section-2 to None
[2023-10-01 00:14:05,940] {logging_mixin.py:104} INFO - [2023-10-01 00:14:05,939] {dag.py:1824} INFO - Sync 2 DAGs
[2023-10-01 00:14:06,039] {logging_mixin.py:104} INFO - [2023-10-01 00:14:06,038] {dag.py:2280} INFO - Setting next_dagrun for example_subdag_operator.section-1 to None
[2023-10-01 00:14:06,048] {logging_mixin.py:104} INFO - [2023-10-01 00:14:06,046] {dag.py:2280} INFO - Setting next_dagrun for example_subdag_operator.section-2 to None
[2023-10-01 00:14:06,114] {scheduler_job.py:190} INFO - Processing /home/airflow/.local/lib/python3.6/site-packages/airflow/example_dags/example_subdag_operator.py took 1.164 seconds
[2023-10-01 00:14:36,396] {scheduler_job.py:182} INFO - Started process (PID=291) to work on /home/airflow/.local/lib/python3.6/site-packages/airflow/example_dags/example_subdag_operator.py
[2023-10-01 00:14:36,410] {scheduler_job.py:629} INFO - Processing file /home/airflow/.local/lib/python3.6/site-packages/airflow/example_dags/example_subdag_operator.py for tasks to queue
[2023-10-01 00:14:36,420] {logging_mixin.py:104} INFO - [2023-10-01 00:14:36,419] {dagbag.py:451} INFO - Filling up the DagBag from /home/airflow/.local/lib/python3.6/site-packages/airflow/example_dags/example_subdag_operator.py
[2023-10-01 00:14:36,729] {scheduler_job.py:639} INFO - DAG(s) dict_keys(['example_subdag_operator.section-1', 'example_subdag_operator.section-2', 'example_subdag_operator']) retrieved from /home/airflow/.local/lib/python3.6/site-packages/airflow/example_dags/example_subdag_operator.py
[2023-10-01 00:14:36,905] {logging_mixin.py:104} INFO - [2023-10-01 00:14:36,904] {dag.py:1824} INFO - Sync 3 DAGs
[2023-10-01 00:14:37,085] {logging_mixin.py:104} INFO - [2023-10-01 00:14:37,084] {dag.py:2280} INFO - Setting next_dagrun for example_subdag_operator to 2023-09-29 00:00:00+00:00
[2023-10-01 00:14:37,098] {logging_mixin.py:104} INFO - [2023-10-01 00:14:37,097] {dag.py:2280} INFO - Setting next_dagrun for example_subdag_operator.section-1 to None
[2023-10-01 00:14:37,104] {logging_mixin.py:104} INFO - [2023-10-01 00:14:37,103] {dag.py:2280} INFO - Setting next_dagrun for example_subdag_operator.section-2 to None
[2023-10-01 00:14:37,184] {logging_mixin.py:104} INFO - [2023-10-01 00:14:37,183] {dag.py:1824} INFO - Sync 2 DAGs
[2023-10-01 00:14:37,283] {logging_mixin.py:104} INFO - [2023-10-01 00:14:37,281] {dag.py:2280} INFO - Setting next_dagrun for example_subdag_operator.section-1 to None
[2023-10-01 00:14:37,292] {logging_mixin.py:104} INFO - [2023-10-01 00:14:37,291] {dag.py:2280} INFO - Setting next_dagrun for example_subdag_operator.section-2 to None
[2023-10-01 00:14:37,361] {scheduler_job.py:190} INFO - Processing /home/airflow/.local/lib/python3.6/site-packages/airflow/example_dags/example_subdag_operator.py took 1.004 seconds
[2023-10-01 00:15:07,978] {scheduler_job.py:182} INFO - Started process (PID=345) to work on /home/airflow/.local/lib/python3.6/site-packages/airflow/example_dags/example_subdag_operator.py
[2023-10-01 00:15:07,987] {scheduler_job.py:629} INFO - Processing file /home/airflow/.local/lib/python3.6/site-packages/airflow/example_dags/example_subdag_operator.py for tasks to queue
[2023-10-01 00:15:07,996] {logging_mixin.py:104} INFO - [2023-10-01 00:15:07,994] {dagbag.py:451} INFO - Filling up the DagBag from /home/airflow/.local/lib/python3.6/site-packages/airflow/example_dags/example_subdag_operator.py
[2023-10-01 00:15:08,214] {scheduler_job.py:639} INFO - DAG(s) dict_keys(['example_subdag_operator.section-1', 'example_subdag_operator.section-2', 'example_subdag_operator']) retrieved from /home/airflow/.local/lib/python3.6/site-packages/airflow/example_dags/example_subdag_operator.py
[2023-10-01 00:15:08,353] {logging_mixin.py:104} INFO - [2023-10-01 00:15:08,353] {dag.py:1824} INFO - Sync 3 DAGs
[2023-10-01 00:15:08,495] {logging_mixin.py:104} INFO - [2023-10-01 00:15:08,494] {dag.py:2280} INFO - Setting next_dagrun for example_subdag_operator to 2023-09-29 00:00:00+00:00
[2023-10-01 00:15:08,508] {logging_mixin.py:104} INFO - [2023-10-01 00:15:08,507] {dag.py:2280} INFO - Setting next_dagrun for example_subdag_operator.section-1 to None
[2023-10-01 00:15:08,514] {logging_mixin.py:104} INFO - [2023-10-01 00:15:08,513] {dag.py:2280} INFO - Setting next_dagrun for example_subdag_operator.section-2 to None
[2023-10-01 00:15:08,586] {logging_mixin.py:104} INFO - [2023-10-01 00:15:08,584] {dag.py:1824} INFO - Sync 2 DAGs
[2023-10-01 00:15:08,669] {logging_mixin.py:104} INFO - [2023-10-01 00:15:08,668] {dag.py:2280} INFO - Setting next_dagrun for example_subdag_operator.section-1 to None
[2023-10-01 00:15:08,674] {logging_mixin.py:104} INFO - [2023-10-01 00:15:08,673] {dag.py:2280} INFO - Setting next_dagrun for example_subdag_operator.section-2 to None
[2023-10-01 00:15:08,725] {scheduler_job.py:190} INFO - Processing /home/airflow/.local/lib/python3.6/site-packages/airflow/example_dags/example_subdag_operator.py took 0.776 seconds
[2023-10-01 00:15:38,850] {scheduler_job.py:182} INFO - Started process (PID=399) to work on /home/airflow/.local/lib/python3.6/site-packages/airflow/example_dags/example_subdag_operator.py
[2023-10-01 00:15:38,858] {scheduler_job.py:629} INFO - Processing file /home/airflow/.local/lib/python3.6/site-packages/airflow/example_dags/example_subdag_operator.py for tasks to queue
[2023-10-01 00:15:38,862] {logging_mixin.py:104} INFO - [2023-10-01 00:15:38,862] {dagbag.py:451} INFO - Filling up the DagBag from /home/airflow/.local/lib/python3.6/site-packages/airflow/example_dags/example_subdag_operator.py
[2023-10-01 00:15:38,985] {scheduler_job.py:639} INFO - DAG(s) dict_keys(['example_subdag_operator.section-1', 'example_subdag_operator.section-2', 'example_subdag_operator']) retrieved from /home/airflow/.local/lib/python3.6/site-packages/airflow/example_dags/example_subdag_operator.py
[2023-10-01 00:15:39,057] {logging_mixin.py:104} INFO - [2023-10-01 00:15:39,056] {dag.py:1824} INFO - Sync 3 DAGs
[2023-10-01 00:15:39,135] {logging_mixin.py:104} INFO - [2023-10-01 00:15:39,134] {dag.py:2280} INFO - Setting next_dagrun for example_subdag_operator to 2023-09-29 00:00:00+00:00
[2023-10-01 00:15:39,141] {logging_mixin.py:104} INFO - [2023-10-01 00:15:39,140] {dag.py:2280} INFO - Setting next_dagrun for example_subdag_operator.section-1 to None
[2023-10-01 00:15:39,144] {logging_mixin.py:104} INFO - [2023-10-01 00:15:39,143] {dag.py:2280} INFO - Setting next_dagrun for example_subdag_operator.section-2 to None
[2023-10-01 00:15:39,176] {logging_mixin.py:104} INFO - [2023-10-01 00:15:39,175] {dag.py:1824} INFO - Sync 2 DAGs
[2023-10-01 00:15:39,218] {logging_mixin.py:104} INFO - [2023-10-01 00:15:39,218] {dag.py:2280} INFO - Setting next_dagrun for example_subdag_operator.section-1 to None
[2023-10-01 00:15:39,222] {logging_mixin.py:104} INFO - [2023-10-01 00:15:39,222] {dag.py:2280} INFO - Setting next_dagrun for example_subdag_operator.section-2 to None
[2023-10-01 00:15:39,249] {scheduler_job.py:190} INFO - Processing /home/airflow/.local/lib/python3.6/site-packages/airflow/example_dags/example_subdag_operator.py took 0.409 seconds
[2023-10-01 00:16:09,499] {scheduler_job.py:182} INFO - Started process (PID=453) to work on /home/airflow/.local/lib/python3.6/site-packages/airflow/example_dags/example_subdag_operator.py
[2023-10-01 00:16:09,505] {scheduler_job.py:629} INFO - Processing file /home/airflow/.local/lib/python3.6/site-packages/airflow/example_dags/example_subdag_operator.py for tasks to queue
[2023-10-01 00:16:09,509] {logging_mixin.py:104} INFO - [2023-10-01 00:16:09,508] {dagbag.py:451} INFO - Filling up the DagBag from /home/airflow/.local/lib/python3.6/site-packages/airflow/example_dags/example_subdag_operator.py
[2023-10-01 00:16:09,618] {scheduler_job.py:639} INFO - DAG(s) dict_keys(['example_subdag_operator.section-1', 'example_subdag_operator.section-2', 'example_subdag_operator']) retrieved from /home/airflow/.local/lib/python3.6/site-packages/airflow/example_dags/example_subdag_operator.py
[2023-10-01 00:16:09,698] {logging_mixin.py:104} INFO - [2023-10-01 00:16:09,697] {dag.py:1824} INFO - Sync 3 DAGs
[2023-10-01 00:16:09,773] {logging_mixin.py:104} INFO - [2023-10-01 00:16:09,772] {dag.py:2280} INFO - Setting next_dagrun for example_subdag_operator to 2023-09-29 00:00:00+00:00
[2023-10-01 00:16:09,778] {logging_mixin.py:104} INFO - [2023-10-01 00:16:09,778] {dag.py:2280} INFO - Setting next_dagrun for example_subdag_operator.section-1 to None
[2023-10-01 00:16:09,781] {logging_mixin.py:104} INFO - [2023-10-01 00:16:09,781] {dag.py:2280} INFO - Setting next_dagrun for example_subdag_operator.section-2 to None
[2023-10-01 00:16:09,813] {logging_mixin.py:104} INFO - [2023-10-01 00:16:09,812] {dag.py:1824} INFO - Sync 2 DAGs
[2023-10-01 00:16:09,849] {logging_mixin.py:104} INFO - [2023-10-01 00:16:09,849] {dag.py:2280} INFO - Setting next_dagrun for example_subdag_operator.section-1 to None
[2023-10-01 00:16:09,853] {logging_mixin.py:104} INFO - [2023-10-01 00:16:09,852] {dag.py:2280} INFO - Setting next_dagrun for example_subdag_operator.section-2 to None
[2023-10-01 00:16:09,876] {scheduler_job.py:190} INFO - Processing /home/airflow/.local/lib/python3.6/site-packages/airflow/example_dags/example_subdag_operator.py took 0.387 seconds
[2023-10-01 00:17:36,935] {scheduler_job.py:182} INFO - Started process (PID=106) to work on /home/airflow/.local/lib/python3.6/site-packages/airflow/example_dags/example_subdag_operator.py
[2023-10-01 00:17:36,962] {scheduler_job.py:629} INFO - Processing file /home/airflow/.local/lib/python3.6/site-packages/airflow/example_dags/example_subdag_operator.py for tasks to queue
[2023-10-01 00:17:36,974] {logging_mixin.py:104} INFO - [2023-10-01 00:17:36,973] {dagbag.py:451} INFO - Filling up the DagBag from /home/airflow/.local/lib/python3.6/site-packages/airflow/example_dags/example_subdag_operator.py
[2023-10-01 00:17:37,520] {scheduler_job.py:639} INFO - DAG(s) dict_keys(['example_subdag_operator.section-1', 'example_subdag_operator.section-2', 'example_subdag_operator']) retrieved from /home/airflow/.local/lib/python3.6/site-packages/airflow/example_dags/example_subdag_operator.py
[2023-10-01 00:17:37,754] {logging_mixin.py:104} INFO - [2023-10-01 00:17:37,753] {dag.py:1824} INFO - Sync 3 DAGs
[2023-10-01 00:17:38,084] {logging_mixin.py:104} INFO - [2023-10-01 00:17:38,083] {dag.py:2280} INFO - Setting next_dagrun for example_subdag_operator to 2023-09-29 00:00:00+00:00
[2023-10-01 00:17:38,102] {logging_mixin.py:104} INFO - [2023-10-01 00:17:38,101] {dag.py:2280} INFO - Setting next_dagrun for example_subdag_operator.section-1 to None
[2023-10-01 00:17:38,116] {logging_mixin.py:104} INFO - [2023-10-01 00:17:38,113] {dag.py:2280} INFO - Setting next_dagrun for example_subdag_operator.section-2 to None
[2023-10-01 00:17:38,249] {logging_mixin.py:104} INFO - [2023-10-01 00:17:38,247] {dag.py:1824} INFO - Sync 2 DAGs
[2023-10-01 00:17:38,391] {logging_mixin.py:104} INFO - [2023-10-01 00:17:38,390] {dag.py:2280} INFO - Setting next_dagrun for example_subdag_operator.section-1 to None
[2023-10-01 00:17:38,398] {logging_mixin.py:104} INFO - [2023-10-01 00:17:38,397] {dag.py:2280} INFO - Setting next_dagrun for example_subdag_operator.section-2 to None
[2023-10-01 00:17:38,497] {scheduler_job.py:190} INFO - Processing /home/airflow/.local/lib/python3.6/site-packages/airflow/example_dags/example_subdag_operator.py took 1.601 seconds
[2023-10-01 00:18:08,907] {scheduler_job.py:182} INFO - Started process (PID=160) to work on /home/airflow/.local/lib/python3.6/site-packages/airflow/example_dags/example_subdag_operator.py
[2023-10-01 00:18:08,918] {scheduler_job.py:629} INFO - Processing file /home/airflow/.local/lib/python3.6/site-packages/airflow/example_dags/example_subdag_operator.py for tasks to queue
[2023-10-01 00:18:08,927] {logging_mixin.py:104} INFO - [2023-10-01 00:18:08,925] {dagbag.py:451} INFO - Filling up the DagBag from /home/airflow/.local/lib/python3.6/site-packages/airflow/example_dags/example_subdag_operator.py
[2023-10-01 00:18:09,120] {scheduler_job.py:639} INFO - DAG(s) dict_keys(['example_subdag_operator.section-1', 'example_subdag_operator.section-2', 'example_subdag_operator']) retrieved from /home/airflow/.local/lib/python3.6/site-packages/airflow/example_dags/example_subdag_operator.py
[2023-10-01 00:18:09,219] {logging_mixin.py:104} INFO - [2023-10-01 00:18:09,218] {dag.py:1824} INFO - Sync 3 DAGs
[2023-10-01 00:18:09,320] {logging_mixin.py:104} INFO - [2023-10-01 00:18:09,319] {dag.py:2280} INFO - Setting next_dagrun for example_subdag_operator to 2023-09-29 00:00:00+00:00
[2023-10-01 00:18:09,328] {logging_mixin.py:104} INFO - [2023-10-01 00:18:09,327] {dag.py:2280} INFO - Setting next_dagrun for example_subdag_operator.section-1 to None
[2023-10-01 00:18:09,332] {logging_mixin.py:104} INFO - [2023-10-01 00:18:09,331] {dag.py:2280} INFO - Setting next_dagrun for example_subdag_operator.section-2 to None
[2023-10-01 00:18:09,375] {logging_mixin.py:104} INFO - [2023-10-01 00:18:09,374] {dag.py:1824} INFO - Sync 2 DAGs
[2023-10-01 00:18:09,423] {logging_mixin.py:104} INFO - [2023-10-01 00:18:09,422] {dag.py:2280} INFO - Setting next_dagrun for example_subdag_operator.section-1 to None
[2023-10-01 00:18:09,427] {logging_mixin.py:104} INFO - [2023-10-01 00:18:09,427] {dag.py:2280} INFO - Setting next_dagrun for example_subdag_operator.section-2 to None
[2023-10-01 00:18:09,458] {scheduler_job.py:190} INFO - Processing /home/airflow/.local/lib/python3.6/site-packages/airflow/example_dags/example_subdag_operator.py took 0.584 seconds
[2023-10-01 00:18:39,693] {scheduler_job.py:182} INFO - Started process (PID=210) to work on /home/airflow/.local/lib/python3.6/site-packages/airflow/example_dags/example_subdag_operator.py
[2023-10-01 00:18:39,708] {scheduler_job.py:629} INFO - Processing file /home/airflow/.local/lib/python3.6/site-packages/airflow/example_dags/example_subdag_operator.py for tasks to queue
[2023-10-01 00:18:39,717] {logging_mixin.py:104} INFO - [2023-10-01 00:18:39,714] {dagbag.py:451} INFO - Filling up the DagBag from /home/airflow/.local/lib/python3.6/site-packages/airflow/example_dags/example_subdag_operator.py
[2023-10-01 00:18:40,000] {scheduler_job.py:639} INFO - DAG(s) dict_keys(['example_subdag_operator.section-1', 'example_subdag_operator.section-2', 'example_subdag_operator']) retrieved from /home/airflow/.local/lib/python3.6/site-packages/airflow/example_dags/example_subdag_operator.py
[2023-10-01 00:18:40,246] {logging_mixin.py:104} INFO - [2023-10-01 00:18:40,244] {dag.py:1824} INFO - Sync 3 DAGs
[2023-10-01 00:18:40,454] {logging_mixin.py:104} INFO - [2023-10-01 00:18:40,452] {dag.py:2280} INFO - Setting next_dagrun for example_subdag_operator to 2023-09-29 00:00:00+00:00
[2023-10-01 00:18:40,473] {logging_mixin.py:104} INFO - [2023-10-01 00:18:40,472] {dag.py:2280} INFO - Setting next_dagrun for example_subdag_operator.section-1 to None
[2023-10-01 00:18:40,481] {logging_mixin.py:104} INFO - [2023-10-01 00:18:40,479] {dag.py:2280} INFO - Setting next_dagrun for example_subdag_operator.section-2 to None
[2023-10-01 00:18:40,606] {logging_mixin.py:104} INFO - [2023-10-01 00:18:40,599] {dag.py:1824} INFO - Sync 2 DAGs
[2023-10-01 00:18:40,775] {logging_mixin.py:104} INFO - [2023-10-01 00:18:40,772] {dag.py:2280} INFO - Setting next_dagrun for example_subdag_operator.section-1 to None
[2023-10-01 00:18:40,784] {logging_mixin.py:104} INFO - [2023-10-01 00:18:40,782] {dag.py:2280} INFO - Setting next_dagrun for example_subdag_operator.section-2 to None
[2023-10-01 00:18:40,853] {scheduler_job.py:190} INFO - Processing /home/airflow/.local/lib/python3.6/site-packages/airflow/example_dags/example_subdag_operator.py took 1.179 seconds
[2023-10-01 00:19:11,707] {scheduler_job.py:182} INFO - Started process (PID=264) to work on /home/airflow/.local/lib/python3.6/site-packages/airflow/example_dags/example_subdag_operator.py
[2023-10-01 00:19:11,721] {scheduler_job.py:629} INFO - Processing file /home/airflow/.local/lib/python3.6/site-packages/airflow/example_dags/example_subdag_operator.py for tasks to queue
[2023-10-01 00:19:11,749] {logging_mixin.py:104} INFO - [2023-10-01 00:19:11,746] {dagbag.py:451} INFO - Filling up the DagBag from /home/airflow/.local/lib/python3.6/site-packages/airflow/example_dags/example_subdag_operator.py
[2023-10-01 00:19:12,171] {scheduler_job.py:639} INFO - DAG(s) dict_keys(['example_subdag_operator.section-1', 'example_subdag_operator.section-2', 'example_subdag_operator']) retrieved from /home/airflow/.local/lib/python3.6/site-packages/airflow/example_dags/example_subdag_operator.py
[2023-10-01 00:19:12,548] {logging_mixin.py:104} INFO - [2023-10-01 00:19:12,540] {dag.py:1824} INFO - Sync 3 DAGs
[2023-10-01 00:19:12,828] {logging_mixin.py:104} INFO - [2023-10-01 00:19:12,827] {dag.py:2280} INFO - Setting next_dagrun for example_subdag_operator to 2023-09-29 00:00:00+00:00
[2023-10-01 00:19:12,852] {logging_mixin.py:104} INFO - [2023-10-01 00:19:12,851] {dag.py:2280} INFO - Setting next_dagrun for example_subdag_operator.section-1 to None
[2023-10-01 00:19:12,863] {logging_mixin.py:104} INFO - [2023-10-01 00:19:12,862] {dag.py:2280} INFO - Setting next_dagrun for example_subdag_operator.section-2 to None
[2023-10-01 00:19:13,001] {logging_mixin.py:104} INFO - [2023-10-01 00:19:13,000] {dag.py:1824} INFO - Sync 2 DAGs
[2023-10-01 00:19:13,133] {logging_mixin.py:104} INFO - [2023-10-01 00:19:13,129] {dag.py:2280} INFO - Setting next_dagrun for example_subdag_operator.section-1 to None
[2023-10-01 00:19:13,141] {logging_mixin.py:104} INFO - [2023-10-01 00:19:13,140] {dag.py:2280} INFO - Setting next_dagrun for example_subdag_operator.section-2 to None
[2023-10-01 00:19:13,209] {scheduler_job.py:190} INFO - Processing /home/airflow/.local/lib/python3.6/site-packages/airflow/example_dags/example_subdag_operator.py took 1.530 seconds
[2023-10-01 00:19:43,615] {scheduler_job.py:182} INFO - Started process (PID=320) to work on /home/airflow/.local/lib/python3.6/site-packages/airflow/example_dags/example_subdag_operator.py
[2023-10-01 00:19:43,640] {scheduler_job.py:629} INFO - Processing file /home/airflow/.local/lib/python3.6/site-packages/airflow/example_dags/example_subdag_operator.py for tasks to queue
[2023-10-01 00:19:43,656] {logging_mixin.py:104} INFO - [2023-10-01 00:19:43,649] {dagbag.py:451} INFO - Filling up the DagBag from /home/airflow/.local/lib/python3.6/site-packages/airflow/example_dags/example_subdag_operator.py
[2023-10-01 00:19:44,021] {scheduler_job.py:639} INFO - DAG(s) dict_keys(['example_subdag_operator.section-1', 'example_subdag_operator.section-2', 'example_subdag_operator']) retrieved from /home/airflow/.local/lib/python3.6/site-packages/airflow/example_dags/example_subdag_operator.py
[2023-10-01 00:19:44,268] {logging_mixin.py:104} INFO - [2023-10-01 00:19:44,267] {dag.py:1824} INFO - Sync 3 DAGs
[2023-10-01 00:19:44,679] {logging_mixin.py:104} INFO - [2023-10-01 00:19:44,677] {dag.py:2280} INFO - Setting next_dagrun for example_subdag_operator to 2023-09-29 00:00:00+00:00
[2023-10-01 00:19:44,695] {logging_mixin.py:104} INFO - [2023-10-01 00:19:44,695] {dag.py:2280} INFO - Setting next_dagrun for example_subdag_operator.section-1 to None
[2023-10-01 00:19:44,711] {logging_mixin.py:104} INFO - [2023-10-01 00:19:44,711] {dag.py:2280} INFO - Setting next_dagrun for example_subdag_operator.section-2 to None
[2023-10-01 00:19:44,794] {logging_mixin.py:104} INFO - [2023-10-01 00:19:44,793] {dag.py:1824} INFO - Sync 2 DAGs
[2023-10-01 00:19:44,880] {logging_mixin.py:104} INFO - [2023-10-01 00:19:44,879] {dag.py:2280} INFO - Setting next_dagrun for example_subdag_operator.section-1 to None
[2023-10-01 00:19:44,885] {logging_mixin.py:104} INFO - [2023-10-01 00:19:44,884] {dag.py:2280} INFO - Setting next_dagrun for example_subdag_operator.section-2 to None
[2023-10-01 00:19:44,939] {scheduler_job.py:190} INFO - Processing /home/airflow/.local/lib/python3.6/site-packages/airflow/example_dags/example_subdag_operator.py took 1.370 seconds
[2023-10-01 00:20:15,049] {scheduler_job.py:182} INFO - Started process (PID=374) to work on /home/airflow/.local/lib/python3.6/site-packages/airflow/example_dags/example_subdag_operator.py
[2023-10-01 00:20:15,060] {scheduler_job.py:629} INFO - Processing file /home/airflow/.local/lib/python3.6/site-packages/airflow/example_dags/example_subdag_operator.py for tasks to queue
[2023-10-01 00:20:15,068] {logging_mixin.py:104} INFO - [2023-10-01 00:20:15,067] {dagbag.py:451} INFO - Filling up the DagBag from /home/airflow/.local/lib/python3.6/site-packages/airflow/example_dags/example_subdag_operator.py
[2023-10-01 00:20:15,287] {scheduler_job.py:639} INFO - DAG(s) dict_keys(['example_subdag_operator.section-1', 'example_subdag_operator.section-2', 'example_subdag_operator']) retrieved from /home/airflow/.local/lib/python3.6/site-packages/airflow/example_dags/example_subdag_operator.py
[2023-10-01 00:20:15,443] {logging_mixin.py:104} INFO - [2023-10-01 00:20:15,442] {dag.py:1824} INFO - Sync 3 DAGs
[2023-10-01 00:20:15,623] {logging_mixin.py:104} INFO - [2023-10-01 00:20:15,623] {dag.py:2280} INFO - Setting next_dagrun for example_subdag_operator to 2023-09-29 00:00:00+00:00
[2023-10-01 00:20:15,637] {logging_mixin.py:104} INFO - [2023-10-01 00:20:15,636] {dag.py:2280} INFO - Setting next_dagrun for example_subdag_operator.section-1 to None
[2023-10-01 00:20:15,640] {logging_mixin.py:104} INFO - [2023-10-01 00:20:15,640] {dag.py:2280} INFO - Setting next_dagrun for example_subdag_operator.section-2 to None
[2023-10-01 00:20:15,722] {logging_mixin.py:104} INFO - [2023-10-01 00:20:15,721] {dag.py:1824} INFO - Sync 2 DAGs
[2023-10-01 00:20:15,838] {logging_mixin.py:104} INFO - [2023-10-01 00:20:15,837] {dag.py:2280} INFO - Setting next_dagrun for example_subdag_operator.section-1 to None
[2023-10-01 00:20:15,841] {logging_mixin.py:104} INFO - [2023-10-01 00:20:15,840] {dag.py:2280} INFO - Setting next_dagrun for example_subdag_operator.section-2 to None
[2023-10-01 00:20:15,887] {scheduler_job.py:190} INFO - Processing /home/airflow/.local/lib/python3.6/site-packages/airflow/example_dags/example_subdag_operator.py took 0.861 seconds
[2023-10-01 00:20:46,166] {scheduler_job.py:182} INFO - Started process (PID=428) to work on /home/airflow/.local/lib/python3.6/site-packages/airflow/example_dags/example_subdag_operator.py
[2023-10-01 00:20:46,189] {scheduler_job.py:629} INFO - Processing file /home/airflow/.local/lib/python3.6/site-packages/airflow/example_dags/example_subdag_operator.py for tasks to queue
[2023-10-01 00:20:46,199] {logging_mixin.py:104} INFO - [2023-10-01 00:20:46,198] {dagbag.py:451} INFO - Filling up the DagBag from /home/airflow/.local/lib/python3.6/site-packages/airflow/example_dags/example_subdag_operator.py
[2023-10-01 00:20:46,597] {scheduler_job.py:639} INFO - DAG(s) dict_keys(['example_subdag_operator.section-1', 'example_subdag_operator.section-2', 'example_subdag_operator']) retrieved from /home/airflow/.local/lib/python3.6/site-packages/airflow/example_dags/example_subdag_operator.py
[2023-10-01 00:20:46,772] {logging_mixin.py:104} INFO - [2023-10-01 00:20:46,771] {dag.py:1824} INFO - Sync 3 DAGs
[2023-10-01 00:20:46,961] {logging_mixin.py:104} INFO - [2023-10-01 00:20:46,960] {dag.py:2280} INFO - Setting next_dagrun for example_subdag_operator to 2023-09-29 00:00:00+00:00
[2023-10-01 00:20:46,976] {logging_mixin.py:104} INFO - [2023-10-01 00:20:46,975] {dag.py:2280} INFO - Setting next_dagrun for example_subdag_operator.section-1 to None
[2023-10-01 00:20:46,982] {logging_mixin.py:104} INFO - [2023-10-01 00:20:46,981] {dag.py:2280} INFO - Setting next_dagrun for example_subdag_operator.section-2 to None
[2023-10-01 00:20:47,070] {logging_mixin.py:104} INFO - [2023-10-01 00:20:47,069] {dag.py:1824} INFO - Sync 2 DAGs
[2023-10-01 00:20:47,186] {logging_mixin.py:104} INFO - [2023-10-01 00:20:47,186] {dag.py:2280} INFO - Setting next_dagrun for example_subdag_operator.section-1 to None
[2023-10-01 00:20:47,192] {logging_mixin.py:104} INFO - [2023-10-01 00:20:47,191] {dag.py:2280} INFO - Setting next_dagrun for example_subdag_operator.section-2 to None
[2023-10-01 00:20:47,278] {scheduler_job.py:190} INFO - Processing /home/airflow/.local/lib/python3.6/site-packages/airflow/example_dags/example_subdag_operator.py took 1.156 seconds
[2023-10-01 00:21:17,388] {scheduler_job.py:182} INFO - Started process (PID=482) to work on /home/airflow/.local/lib/python3.6/site-packages/airflow/example_dags/example_subdag_operator.py
[2023-10-01 00:21:17,401] {scheduler_job.py:629} INFO - Processing file /home/airflow/.local/lib/python3.6/site-packages/airflow/example_dags/example_subdag_operator.py for tasks to queue
[2023-10-01 00:21:17,413] {logging_mixin.py:104} INFO - [2023-10-01 00:21:17,412] {dagbag.py:451} INFO - Filling up the DagBag from /home/airflow/.local/lib/python3.6/site-packages/airflow/example_dags/example_subdag_operator.py
[2023-10-01 00:21:17,628] {scheduler_job.py:639} INFO - DAG(s) dict_keys(['example_subdag_operator.section-1', 'example_subdag_operator.section-2', 'example_subdag_operator']) retrieved from /home/airflow/.local/lib/python3.6/site-packages/airflow/example_dags/example_subdag_operator.py
[2023-10-01 00:21:17,859] {logging_mixin.py:104} INFO - [2023-10-01 00:21:17,858] {dag.py:1824} INFO - Sync 3 DAGs
[2023-10-01 00:21:17,996] {logging_mixin.py:104} INFO - [2023-10-01 00:21:17,995] {dag.py:2280} INFO - Setting next_dagrun for example_subdag_operator to 2023-09-29 00:00:00+00:00
[2023-10-01 00:21:18,010] {logging_mixin.py:104} INFO - [2023-10-01 00:21:18,009] {dag.py:2280} INFO - Setting next_dagrun for example_subdag_operator.section-1 to None
[2023-10-01 00:21:18,016] {logging_mixin.py:104} INFO - [2023-10-01 00:21:18,015] {dag.py:2280} INFO - Setting next_dagrun for example_subdag_operator.section-2 to None
[2023-10-01 00:21:18,091] {logging_mixin.py:104} INFO - [2023-10-01 00:21:18,090] {dag.py:1824} INFO - Sync 2 DAGs
[2023-10-01 00:21:18,168] {logging_mixin.py:104} INFO - [2023-10-01 00:21:18,167] {dag.py:2280} INFO - Setting next_dagrun for example_subdag_operator.section-1 to None
[2023-10-01 00:21:18,175] {logging_mixin.py:104} INFO - [2023-10-01 00:21:18,173] {dag.py:2280} INFO - Setting next_dagrun for example_subdag_operator.section-2 to None
[2023-10-01 00:21:18,245] {scheduler_job.py:190} INFO - Processing /home/airflow/.local/lib/python3.6/site-packages/airflow/example_dags/example_subdag_operator.py took 0.890 seconds
[2023-10-01 00:21:48,446] {scheduler_job.py:182} INFO - Started process (PID=536) to work on /home/airflow/.local/lib/python3.6/site-packages/airflow/example_dags/example_subdag_operator.py
[2023-10-01 00:21:48,458] {scheduler_job.py:629} INFO - Processing file /home/airflow/.local/lib/python3.6/site-packages/airflow/example_dags/example_subdag_operator.py for tasks to queue
[2023-10-01 00:21:48,464] {logging_mixin.py:104} INFO - [2023-10-01 00:21:48,463] {dagbag.py:451} INFO - Filling up the DagBag from /home/airflow/.local/lib/python3.6/site-packages/airflow/example_dags/example_subdag_operator.py
[2023-10-01 00:21:48,694] {scheduler_job.py:639} INFO - DAG(s) dict_keys(['example_subdag_operator.section-1', 'example_subdag_operator.section-2', 'example_subdag_operator']) retrieved from /home/airflow/.local/lib/python3.6/site-packages/airflow/example_dags/example_subdag_operator.py
[2023-10-01 00:21:48,830] {logging_mixin.py:104} INFO - [2023-10-01 00:21:48,829] {dag.py:1824} INFO - Sync 3 DAGs
[2023-10-01 00:21:49,008] {logging_mixin.py:104} INFO - [2023-10-01 00:21:49,006] {dag.py:2280} INFO - Setting next_dagrun for example_subdag_operator to 2023-09-29 00:00:00+00:00
[2023-10-01 00:21:49,021] {logging_mixin.py:104} INFO - [2023-10-01 00:21:49,021] {dag.py:2280} INFO - Setting next_dagrun for example_subdag_operator.section-1 to None
[2023-10-01 00:21:49,026] {logging_mixin.py:104} INFO - [2023-10-01 00:21:49,025] {dag.py:2280} INFO - Setting next_dagrun for example_subdag_operator.section-2 to None
[2023-10-01 00:21:49,090] {logging_mixin.py:104} INFO - [2023-10-01 00:21:49,089] {dag.py:1824} INFO - Sync 2 DAGs
[2023-10-01 00:21:49,152] {logging_mixin.py:104} INFO - [2023-10-01 00:21:49,151] {dag.py:2280} INFO - Setting next_dagrun for example_subdag_operator.section-1 to None
[2023-10-01 00:21:49,159] {logging_mixin.py:104} INFO - [2023-10-01 00:21:49,158] {dag.py:2280} INFO - Setting next_dagrun for example_subdag_operator.section-2 to None
[2023-10-01 00:21:49,231] {scheduler_job.py:190} INFO - Processing /home/airflow/.local/lib/python3.6/site-packages/airflow/example_dags/example_subdag_operator.py took 0.803 seconds
[2023-10-01 00:22:19,523] {scheduler_job.py:182} INFO - Started process (PID=590) to work on /home/airflow/.local/lib/python3.6/site-packages/airflow/example_dags/example_subdag_operator.py
[2023-10-01 00:22:19,529] {scheduler_job.py:629} INFO - Processing file /home/airflow/.local/lib/python3.6/site-packages/airflow/example_dags/example_subdag_operator.py for tasks to queue
[2023-10-01 00:22:19,533] {logging_mixin.py:104} INFO - [2023-10-01 00:22:19,532] {dagbag.py:451} INFO - Filling up the DagBag from /home/airflow/.local/lib/python3.6/site-packages/airflow/example_dags/example_subdag_operator.py
[2023-10-01 00:22:19,664] {scheduler_job.py:639} INFO - DAG(s) dict_keys(['example_subdag_operator.section-1', 'example_subdag_operator.section-2', 'example_subdag_operator']) retrieved from /home/airflow/.local/lib/python3.6/site-packages/airflow/example_dags/example_subdag_operator.py
[2023-10-01 00:22:19,744] {logging_mixin.py:104} INFO - [2023-10-01 00:22:19,743] {dag.py:1824} INFO - Sync 3 DAGs
[2023-10-01 00:22:19,822] {logging_mixin.py:104} INFO - [2023-10-01 00:22:19,822] {dag.py:2280} INFO - Setting next_dagrun for example_subdag_operator to 2023-09-29 00:00:00+00:00
[2023-10-01 00:22:19,828] {logging_mixin.py:104} INFO - [2023-10-01 00:22:19,828] {dag.py:2280} INFO - Setting next_dagrun for example_subdag_operator.section-1 to None
[2023-10-01 00:22:19,831] {logging_mixin.py:104} INFO - [2023-10-01 00:22:19,831] {dag.py:2280} INFO - Setting next_dagrun for example_subdag_operator.section-2 to None
[2023-10-01 00:22:19,870] {logging_mixin.py:104} INFO - [2023-10-01 00:22:19,869] {dag.py:1824} INFO - Sync 2 DAGs
[2023-10-01 00:22:19,910] {logging_mixin.py:104} INFO - [2023-10-01 00:22:19,909] {dag.py:2280} INFO - Setting next_dagrun for example_subdag_operator.section-1 to None
[2023-10-01 00:22:19,913] {logging_mixin.py:104} INFO - [2023-10-01 00:22:19,913] {dag.py:2280} INFO - Setting next_dagrun for example_subdag_operator.section-2 to None
[2023-10-01 00:22:19,939] {scheduler_job.py:190} INFO - Processing /home/airflow/.local/lib/python3.6/site-packages/airflow/example_dags/example_subdag_operator.py took 0.427 seconds
[2023-10-01 00:22:50,336] {scheduler_job.py:182} INFO - Started process (PID=644) to work on /home/airflow/.local/lib/python3.6/site-packages/airflow/example_dags/example_subdag_operator.py
[2023-10-01 00:22:50,343] {scheduler_job.py:629} INFO - Processing file /home/airflow/.local/lib/python3.6/site-packages/airflow/example_dags/example_subdag_operator.py for tasks to queue
[2023-10-01 00:22:50,348] {logging_mixin.py:104} INFO - [2023-10-01 00:22:50,347] {dagbag.py:451} INFO - Filling up the DagBag from /home/airflow/.local/lib/python3.6/site-packages/airflow/example_dags/example_subdag_operator.py
[2023-10-01 00:22:50,458] {scheduler_job.py:639} INFO - DAG(s) dict_keys(['example_subdag_operator.section-1', 'example_subdag_operator.section-2', 'example_subdag_operator']) retrieved from /home/airflow/.local/lib/python3.6/site-packages/airflow/example_dags/example_subdag_operator.py
[2023-10-01 00:22:50,531] {logging_mixin.py:104} INFO - [2023-10-01 00:22:50,530] {dag.py:1824} INFO - Sync 3 DAGs
[2023-10-01 00:22:50,614] {logging_mixin.py:104} INFO - [2023-10-01 00:22:50,613] {dag.py:2280} INFO - Setting next_dagrun for example_subdag_operator to 2023-09-29 00:00:00+00:00
[2023-10-01 00:22:50,621] {logging_mixin.py:104} INFO - [2023-10-01 00:22:50,620] {dag.py:2280} INFO - Setting next_dagrun for example_subdag_operator.section-1 to None
[2023-10-01 00:22:50,625] {logging_mixin.py:104} INFO - [2023-10-01 00:22:50,624] {dag.py:2280} INFO - Setting next_dagrun for example_subdag_operator.section-2 to None
[2023-10-01 00:22:50,677] {logging_mixin.py:104} INFO - [2023-10-01 00:22:50,675] {dag.py:1824} INFO - Sync 2 DAGs
[2023-10-01 00:22:50,742] {logging_mixin.py:104} INFO - [2023-10-01 00:22:50,742] {dag.py:2280} INFO - Setting next_dagrun for example_subdag_operator.section-1 to None
[2023-10-01 00:22:50,750] {logging_mixin.py:104} INFO - [2023-10-01 00:22:50,749] {dag.py:2280} INFO - Setting next_dagrun for example_subdag_operator.section-2 to None
[2023-10-01 00:22:50,794] {scheduler_job.py:190} INFO - Processing /home/airflow/.local/lib/python3.6/site-packages/airflow/example_dags/example_subdag_operator.py took 0.471 seconds
[2023-10-01 00:23:21,340] {scheduler_job.py:182} INFO - Started process (PID=698) to work on /home/airflow/.local/lib/python3.6/site-packages/airflow/example_dags/example_subdag_operator.py
[2023-10-01 00:23:21,350] {scheduler_job.py:629} INFO - Processing file /home/airflow/.local/lib/python3.6/site-packages/airflow/example_dags/example_subdag_operator.py for tasks to queue
[2023-10-01 00:23:21,356] {logging_mixin.py:104} INFO - [2023-10-01 00:23:21,355] {dagbag.py:451} INFO - Filling up the DagBag from /home/airflow/.local/lib/python3.6/site-packages/airflow/example_dags/example_subdag_operator.py
[2023-10-01 00:23:21,530] {scheduler_job.py:639} INFO - DAG(s) dict_keys(['example_subdag_operator.section-1', 'example_subdag_operator.section-2', 'example_subdag_operator']) retrieved from /home/airflow/.local/lib/python3.6/site-packages/airflow/example_dags/example_subdag_operator.py
[2023-10-01 00:23:21,649] {logging_mixin.py:104} INFO - [2023-10-01 00:23:21,648] {dag.py:1824} INFO - Sync 3 DAGs
[2023-10-01 00:23:21,786] {logging_mixin.py:104} INFO - [2023-10-01 00:23:21,785] {dag.py:2280} INFO - Setting next_dagrun for example_subdag_operator to 2023-09-29 00:00:00+00:00
[2023-10-01 00:23:21,794] {logging_mixin.py:104} INFO - [2023-10-01 00:23:21,794] {dag.py:2280} INFO - Setting next_dagrun for example_subdag_operator.section-1 to None
[2023-10-01 00:23:21,799] {logging_mixin.py:104} INFO - [2023-10-01 00:23:21,798] {dag.py:2280} INFO - Setting next_dagrun for example_subdag_operator.section-2 to None
[2023-10-01 00:23:21,899] {logging_mixin.py:104} INFO - [2023-10-01 00:23:21,898] {dag.py:1824} INFO - Sync 2 DAGs
[2023-10-01 00:23:22,033] {logging_mixin.py:104} INFO - [2023-10-01 00:23:22,031] {dag.py:2280} INFO - Setting next_dagrun for example_subdag_operator.section-1 to None
[2023-10-01 00:23:22,042] {logging_mixin.py:104} INFO - [2023-10-01 00:23:22,040] {dag.py:2280} INFO - Setting next_dagrun for example_subdag_operator.section-2 to None
[2023-10-01 00:23:22,195] {scheduler_job.py:190} INFO - Processing /home/airflow/.local/lib/python3.6/site-packages/airflow/example_dags/example_subdag_operator.py took 0.869 seconds
[2023-10-01 00:23:52,338] {scheduler_job.py:182} INFO - Started process (PID=752) to work on /home/airflow/.local/lib/python3.6/site-packages/airflow/example_dags/example_subdag_operator.py
[2023-10-01 00:23:52,343] {scheduler_job.py:629} INFO - Processing file /home/airflow/.local/lib/python3.6/site-packages/airflow/example_dags/example_subdag_operator.py for tasks to queue
[2023-10-01 00:23:52,346] {logging_mixin.py:104} INFO - [2023-10-01 00:23:52,346] {dagbag.py:451} INFO - Filling up the DagBag from /home/airflow/.local/lib/python3.6/site-packages/airflow/example_dags/example_subdag_operator.py
[2023-10-01 00:23:52,453] {scheduler_job.py:639} INFO - DAG(s) dict_keys(['example_subdag_operator.section-1', 'example_subdag_operator.section-2', 'example_subdag_operator']) retrieved from /home/airflow/.local/lib/python3.6/site-packages/airflow/example_dags/example_subdag_operator.py
[2023-10-01 00:23:52,524] {logging_mixin.py:104} INFO - [2023-10-01 00:23:52,524] {dag.py:1824} INFO - Sync 3 DAGs
[2023-10-01 00:23:52,598] {logging_mixin.py:104} INFO - [2023-10-01 00:23:52,598] {dag.py:2280} INFO - Setting next_dagrun for example_subdag_operator to 2023-09-29 00:00:00+00:00
[2023-10-01 00:23:52,603] {logging_mixin.py:104} INFO - [2023-10-01 00:23:52,603] {dag.py:2280} INFO - Setting next_dagrun for example_subdag_operator.section-1 to None
[2023-10-01 00:23:52,606] {logging_mixin.py:104} INFO - [2023-10-01 00:23:52,606] {dag.py:2280} INFO - Setting next_dagrun for example_subdag_operator.section-2 to None
[2023-10-01 00:23:52,637] {logging_mixin.py:104} INFO - [2023-10-01 00:23:52,636] {dag.py:1824} INFO - Sync 2 DAGs
[2023-10-01 00:23:52,681] {logging_mixin.py:104} INFO - [2023-10-01 00:23:52,680] {dag.py:2280} INFO - Setting next_dagrun for example_subdag_operator.section-1 to None
[2023-10-01 00:23:52,684] {logging_mixin.py:104} INFO - [2023-10-01 00:23:52,683] {dag.py:2280} INFO - Setting next_dagrun for example_subdag_operator.section-2 to None
[2023-10-01 00:23:52,712] {scheduler_job.py:190} INFO - Processing /home/airflow/.local/lib/python3.6/site-packages/airflow/example_dags/example_subdag_operator.py took 0.384 seconds
[2023-10-01 00:24:22,854] {scheduler_job.py:182} INFO - Started process (PID=802) to work on /home/airflow/.local/lib/python3.6/site-packages/airflow/example_dags/example_subdag_operator.py
[2023-10-01 00:24:22,859] {scheduler_job.py:629} INFO - Processing file /home/airflow/.local/lib/python3.6/site-packages/airflow/example_dags/example_subdag_operator.py for tasks to queue
[2023-10-01 00:24:22,865] {logging_mixin.py:104} INFO - [2023-10-01 00:24:22,864] {dagbag.py:451} INFO - Filling up the DagBag from /home/airflow/.local/lib/python3.6/site-packages/airflow/example_dags/example_subdag_operator.py
[2023-10-01 00:24:23,003] {scheduler_job.py:639} INFO - DAG(s) dict_keys(['example_subdag_operator.section-1', 'example_subdag_operator.section-2', 'example_subdag_operator']) retrieved from /home/airflow/.local/lib/python3.6/site-packages/airflow/example_dags/example_subdag_operator.py
[2023-10-01 00:24:23,085] {logging_mixin.py:104} INFO - [2023-10-01 00:24:23,085] {dag.py:1824} INFO - Sync 3 DAGs
[2023-10-01 00:24:23,170] {logging_mixin.py:104} INFO - [2023-10-01 00:24:23,169] {dag.py:2280} INFO - Setting next_dagrun for example_subdag_operator to 2023-09-29 00:00:00+00:00
[2023-10-01 00:24:23,188] {logging_mixin.py:104} INFO - [2023-10-01 00:24:23,182] {dag.py:2280} INFO - Setting next_dagrun for example_subdag_operator.section-1 to None
[2023-10-01 00:24:23,194] {logging_mixin.py:104} INFO - [2023-10-01 00:24:23,193] {dag.py:2280} INFO - Setting next_dagrun for example_subdag_operator.section-2 to None
[2023-10-01 00:24:23,239] {logging_mixin.py:104} INFO - [2023-10-01 00:24:23,238] {dag.py:1824} INFO - Sync 2 DAGs
[2023-10-01 00:24:23,283] {logging_mixin.py:104} INFO - [2023-10-01 00:24:23,283] {dag.py:2280} INFO - Setting next_dagrun for example_subdag_operator.section-1 to None
[2023-10-01 00:24:23,287] {logging_mixin.py:104} INFO - [2023-10-01 00:24:23,287] {dag.py:2280} INFO - Setting next_dagrun for example_subdag_operator.section-2 to None
[2023-10-01 00:24:23,311] {scheduler_job.py:190} INFO - Processing /home/airflow/.local/lib/python3.6/site-packages/airflow/example_dags/example_subdag_operator.py took 0.468 seconds
[2023-10-01 00:24:55,078] {scheduler_job.py:182} INFO - Started process (PID=862) to work on /home/airflow/.local/lib/python3.6/site-packages/airflow/example_dags/example_subdag_operator.py
[2023-10-01 00:24:55,085] {scheduler_job.py:629} INFO - Processing file /home/airflow/.local/lib/python3.6/site-packages/airflow/example_dags/example_subdag_operator.py for tasks to queue
[2023-10-01 00:24:55,088] {logging_mixin.py:104} INFO - [2023-10-01 00:24:55,088] {dagbag.py:451} INFO - Filling up the DagBag from /home/airflow/.local/lib/python3.6/site-packages/airflow/example_dags/example_subdag_operator.py
[2023-10-01 00:24:55,203] {scheduler_job.py:639} INFO - DAG(s) dict_keys(['example_subdag_operator.section-1', 'example_subdag_operator.section-2', 'example_subdag_operator']) retrieved from /home/airflow/.local/lib/python3.6/site-packages/airflow/example_dags/example_subdag_operator.py
[2023-10-01 00:24:55,279] {logging_mixin.py:104} INFO - [2023-10-01 00:24:55,279] {dag.py:1824} INFO - Sync 3 DAGs
[2023-10-01 00:24:55,444] {logging_mixin.py:104} INFO - [2023-10-01 00:24:55,439] {dag.py:2280} INFO - Setting next_dagrun for example_subdag_operator to 2023-09-29 00:00:00+00:00
[2023-10-01 00:24:55,499] {logging_mixin.py:104} INFO - [2023-10-01 00:24:55,481] {dag.py:2280} INFO - Setting next_dagrun for example_subdag_operator.section-1 to None
[2023-10-01 00:24:55,530] {logging_mixin.py:104} INFO - [2023-10-01 00:24:55,521] {dag.py:2280} INFO - Setting next_dagrun for example_subdag_operator.section-2 to None
[2023-10-01 00:24:55,616] {logging_mixin.py:104} INFO - [2023-10-01 00:24:55,614] {dag.py:1824} INFO - Sync 2 DAGs
[2023-10-01 00:24:55,690] {logging_mixin.py:104} INFO - [2023-10-01 00:24:55,690] {dag.py:2280} INFO - Setting next_dagrun for example_subdag_operator.section-1 to None
[2023-10-01 00:24:55,696] {logging_mixin.py:104} INFO - [2023-10-01 00:24:55,695] {dag.py:2280} INFO - Setting next_dagrun for example_subdag_operator.section-2 to None
[2023-10-01 00:24:55,741] {scheduler_job.py:190} INFO - Processing /home/airflow/.local/lib/python3.6/site-packages/airflow/example_dags/example_subdag_operator.py took 0.672 seconds
