[2023-10-01 00:05:18,823] {scheduler_job.py:182} INFO - Started process (PID=110) to work on /home/airflow/.local/lib/python3.6/site-packages/airflow/example_dags/example_kubernetes_executor_config.py
[2023-10-01 00:05:18,833] {scheduler_job.py:629} INFO - Processing file /home/airflow/.local/lib/python3.6/site-packages/airflow/example_dags/example_kubernetes_executor_config.py for tasks to queue
[2023-10-01 00:05:18,850] {logging_mixin.py:104} INFO - [2023-10-01 00:05:18,849] {dagbag.py:451} INFO - Filling up the DagBag from /home/airflow/.local/lib/python3.6/site-packages/airflow/example_dags/example_kubernetes_executor_config.py
[2023-10-01 00:05:19,085] {scheduler_job.py:639} INFO - DAG(s) dict_keys(['example_kubernetes_executor_config']) retrieved from /home/airflow/.local/lib/python3.6/site-packages/airflow/example_dags/example_kubernetes_executor_config.py
[2023-10-01 00:05:19,270] {logging_mixin.py:104} INFO - [2023-10-01 00:05:19,269] {dag.py:1824} INFO - Sync 1 DAGs
[2023-10-01 00:05:19,366] {logging_mixin.py:104} INFO - [2023-10-01 00:05:19,364] {dag.py:1843} INFO - Creating ORM DAG for example_kubernetes_executor_config
[2023-10-01 00:05:19,416] {logging_mixin.py:104} INFO - [2023-10-01 00:05:19,415] {dag.py:2280} INFO - Setting next_dagrun for example_kubernetes_executor_config to None
[2023-10-01 00:05:19,540] {scheduler_job.py:190} INFO - Processing /home/airflow/.local/lib/python3.6/site-packages/airflow/example_dags/example_kubernetes_executor_config.py took 0.737 seconds
[2023-10-01 00:05:49,696] {scheduler_job.py:182} INFO - Started process (PID=164) to work on /home/airflow/.local/lib/python3.6/site-packages/airflow/example_dags/example_kubernetes_executor_config.py
[2023-10-01 00:05:49,702] {scheduler_job.py:629} INFO - Processing file /home/airflow/.local/lib/python3.6/site-packages/airflow/example_dags/example_kubernetes_executor_config.py for tasks to queue
[2023-10-01 00:05:49,707] {logging_mixin.py:104} INFO - [2023-10-01 00:05:49,707] {dagbag.py:451} INFO - Filling up the DagBag from /home/airflow/.local/lib/python3.6/site-packages/airflow/example_dags/example_kubernetes_executor_config.py
[2023-10-01 00:05:49,803] {scheduler_job.py:639} INFO - DAG(s) dict_keys(['example_kubernetes_executor_config']) retrieved from /home/airflow/.local/lib/python3.6/site-packages/airflow/example_dags/example_kubernetes_executor_config.py
[2023-10-01 00:05:49,949] {logging_mixin.py:104} INFO - [2023-10-01 00:05:49,948] {dag.py:1824} INFO - Sync 1 DAGs
[2023-10-01 00:05:50,032] {logging_mixin.py:104} INFO - [2023-10-01 00:05:50,031] {dag.py:2280} INFO - Setting next_dagrun for example_kubernetes_executor_config to None
[2023-10-01 00:05:50,076] {scheduler_job.py:190} INFO - Processing /home/airflow/.local/lib/python3.6/site-packages/airflow/example_dags/example_kubernetes_executor_config.py took 0.391 seconds
[2023-10-01 00:06:20,509] {scheduler_job.py:182} INFO - Started process (PID=218) to work on /home/airflow/.local/lib/python3.6/site-packages/airflow/example_dags/example_kubernetes_executor_config.py
[2023-10-01 00:06:20,522] {scheduler_job.py:629} INFO - Processing file /home/airflow/.local/lib/python3.6/site-packages/airflow/example_dags/example_kubernetes_executor_config.py for tasks to queue
[2023-10-01 00:06:20,528] {logging_mixin.py:104} INFO - [2023-10-01 00:06:20,527] {dagbag.py:451} INFO - Filling up the DagBag from /home/airflow/.local/lib/python3.6/site-packages/airflow/example_dags/example_kubernetes_executor_config.py
[2023-10-01 00:06:20,628] {scheduler_job.py:639} INFO - DAG(s) dict_keys(['example_kubernetes_executor_config']) retrieved from /home/airflow/.local/lib/python3.6/site-packages/airflow/example_dags/example_kubernetes_executor_config.py
[2023-10-01 00:06:20,796] {logging_mixin.py:104} INFO - [2023-10-01 00:06:20,794] {dag.py:1824} INFO - Sync 1 DAGs
[2023-10-01 00:06:21,032] {logging_mixin.py:104} INFO - [2023-10-01 00:06:21,030] {dag.py:2280} INFO - Setting next_dagrun for example_kubernetes_executor_config to None
[2023-10-01 00:06:21,216] {scheduler_job.py:190} INFO - Processing /home/airflow/.local/lib/python3.6/site-packages/airflow/example_dags/example_kubernetes_executor_config.py took 0.721 seconds
[2023-10-01 00:06:52,113] {scheduler_job.py:182} INFO - Started process (PID=272) to work on /home/airflow/.local/lib/python3.6/site-packages/airflow/example_dags/example_kubernetes_executor_config.py
[2023-10-01 00:06:52,123] {scheduler_job.py:629} INFO - Processing file /home/airflow/.local/lib/python3.6/site-packages/airflow/example_dags/example_kubernetes_executor_config.py for tasks to queue
[2023-10-01 00:06:52,131] {logging_mixin.py:104} INFO - [2023-10-01 00:06:52,130] {dagbag.py:451} INFO - Filling up the DagBag from /home/airflow/.local/lib/python3.6/site-packages/airflow/example_dags/example_kubernetes_executor_config.py
[2023-10-01 00:06:52,264] {scheduler_job.py:639} INFO - DAG(s) dict_keys(['example_kubernetes_executor_config']) retrieved from /home/airflow/.local/lib/python3.6/site-packages/airflow/example_dags/example_kubernetes_executor_config.py
[2023-10-01 00:06:52,454] {logging_mixin.py:104} INFO - [2023-10-01 00:06:52,453] {dag.py:1824} INFO - Sync 1 DAGs
[2023-10-01 00:06:52,568] {logging_mixin.py:104} INFO - [2023-10-01 00:06:52,567] {dag.py:2280} INFO - Setting next_dagrun for example_kubernetes_executor_config to None
[2023-10-01 00:06:52,642] {scheduler_job.py:190} INFO - Processing /home/airflow/.local/lib/python3.6/site-packages/airflow/example_dags/example_kubernetes_executor_config.py took 0.545 seconds
[2023-10-01 00:07:23,133] {scheduler_job.py:182} INFO - Started process (PID=324) to work on /home/airflow/.local/lib/python3.6/site-packages/airflow/example_dags/example_kubernetes_executor_config.py
[2023-10-01 00:07:23,145] {scheduler_job.py:629} INFO - Processing file /home/airflow/.local/lib/python3.6/site-packages/airflow/example_dags/example_kubernetes_executor_config.py for tasks to queue
[2023-10-01 00:07:23,157] {logging_mixin.py:104} INFO - [2023-10-01 00:07:23,157] {dagbag.py:451} INFO - Filling up the DagBag from /home/airflow/.local/lib/python3.6/site-packages/airflow/example_dags/example_kubernetes_executor_config.py
[2023-10-01 00:07:23,360] {scheduler_job.py:639} INFO - DAG(s) dict_keys(['example_kubernetes_executor_config']) retrieved from /home/airflow/.local/lib/python3.6/site-packages/airflow/example_dags/example_kubernetes_executor_config.py
[2023-10-01 00:07:23,580] {logging_mixin.py:104} INFO - [2023-10-01 00:07:23,578] {dag.py:1824} INFO - Sync 1 DAGs
[2023-10-01 00:07:23,858] {logging_mixin.py:104} INFO - [2023-10-01 00:07:23,856] {dag.py:2280} INFO - Setting next_dagrun for example_kubernetes_executor_config to None
[2023-10-01 00:07:23,953] {scheduler_job.py:190} INFO - Processing /home/airflow/.local/lib/python3.6/site-packages/airflow/example_dags/example_kubernetes_executor_config.py took 0.861 seconds
[2023-10-01 00:07:54,244] {scheduler_job.py:182} INFO - Started process (PID=378) to work on /home/airflow/.local/lib/python3.6/site-packages/airflow/example_dags/example_kubernetes_executor_config.py
[2023-10-01 00:07:54,269] {scheduler_job.py:629} INFO - Processing file /home/airflow/.local/lib/python3.6/site-packages/airflow/example_dags/example_kubernetes_executor_config.py for tasks to queue
[2023-10-01 00:07:54,279] {logging_mixin.py:104} INFO - [2023-10-01 00:07:54,278] {dagbag.py:451} INFO - Filling up the DagBag from /home/airflow/.local/lib/python3.6/site-packages/airflow/example_dags/example_kubernetes_executor_config.py
[2023-10-01 00:07:54,475] {scheduler_job.py:639} INFO - DAG(s) dict_keys(['example_kubernetes_executor_config']) retrieved from /home/airflow/.local/lib/python3.6/site-packages/airflow/example_dags/example_kubernetes_executor_config.py
[2023-10-01 00:07:54,629] {logging_mixin.py:104} INFO - [2023-10-01 00:07:54,628] {dag.py:1824} INFO - Sync 1 DAGs
[2023-10-01 00:07:54,726] {logging_mixin.py:104} INFO - [2023-10-01 00:07:54,725] {dag.py:2280} INFO - Setting next_dagrun for example_kubernetes_executor_config to None
[2023-10-01 00:07:54,790] {scheduler_job.py:190} INFO - Processing /home/airflow/.local/lib/python3.6/site-packages/airflow/example_dags/example_kubernetes_executor_config.py took 0.586 seconds
[2023-10-01 00:08:24,993] {scheduler_job.py:182} INFO - Started process (PID=432) to work on /home/airflow/.local/lib/python3.6/site-packages/airflow/example_dags/example_kubernetes_executor_config.py
[2023-10-01 00:08:25,005] {scheduler_job.py:629} INFO - Processing file /home/airflow/.local/lib/python3.6/site-packages/airflow/example_dags/example_kubernetes_executor_config.py for tasks to queue
[2023-10-01 00:08:25,023] {logging_mixin.py:104} INFO - [2023-10-01 00:08:25,021] {dagbag.py:451} INFO - Filling up the DagBag from /home/airflow/.local/lib/python3.6/site-packages/airflow/example_dags/example_kubernetes_executor_config.py
[2023-10-01 00:08:25,238] {scheduler_job.py:639} INFO - DAG(s) dict_keys(['example_kubernetes_executor_config']) retrieved from /home/airflow/.local/lib/python3.6/site-packages/airflow/example_dags/example_kubernetes_executor_config.py
[2023-10-01 00:08:25,569] {logging_mixin.py:104} INFO - [2023-10-01 00:08:25,568] {dag.py:1824} INFO - Sync 1 DAGs
[2023-10-01 00:08:26,126] {logging_mixin.py:104} INFO - [2023-10-01 00:08:26,123] {dag.py:2280} INFO - Setting next_dagrun for example_kubernetes_executor_config to None
[2023-10-01 00:08:26,281] {scheduler_job.py:190} INFO - Processing /home/airflow/.local/lib/python3.6/site-packages/airflow/example_dags/example_kubernetes_executor_config.py took 1.319 seconds
[2023-10-01 00:08:56,604] {scheduler_job.py:182} INFO - Started process (PID=486) to work on /home/airflow/.local/lib/python3.6/site-packages/airflow/example_dags/example_kubernetes_executor_config.py
[2023-10-01 00:08:56,611] {scheduler_job.py:629} INFO - Processing file /home/airflow/.local/lib/python3.6/site-packages/airflow/example_dags/example_kubernetes_executor_config.py for tasks to queue
[2023-10-01 00:08:56,615] {logging_mixin.py:104} INFO - [2023-10-01 00:08:56,614] {dagbag.py:451} INFO - Filling up the DagBag from /home/airflow/.local/lib/python3.6/site-packages/airflow/example_dags/example_kubernetes_executor_config.py
[2023-10-01 00:08:56,683] {scheduler_job.py:639} INFO - DAG(s) dict_keys(['example_kubernetes_executor_config']) retrieved from /home/airflow/.local/lib/python3.6/site-packages/airflow/example_dags/example_kubernetes_executor_config.py
[2023-10-01 00:08:56,772] {logging_mixin.py:104} INFO - [2023-10-01 00:08:56,772] {dag.py:1824} INFO - Sync 1 DAGs
[2023-10-01 00:08:56,843] {logging_mixin.py:104} INFO - [2023-10-01 00:08:56,843] {dag.py:2280} INFO - Setting next_dagrun for example_kubernetes_executor_config to None
[2023-10-01 00:08:56,881] {scheduler_job.py:190} INFO - Processing /home/airflow/.local/lib/python3.6/site-packages/airflow/example_dags/example_kubernetes_executor_config.py took 0.287 seconds
[2023-10-01 00:09:27,286] {scheduler_job.py:182} INFO - Started process (PID=540) to work on /home/airflow/.local/lib/python3.6/site-packages/airflow/example_dags/example_kubernetes_executor_config.py
[2023-10-01 00:09:27,292] {scheduler_job.py:629} INFO - Processing file /home/airflow/.local/lib/python3.6/site-packages/airflow/example_dags/example_kubernetes_executor_config.py for tasks to queue
[2023-10-01 00:09:27,296] {logging_mixin.py:104} INFO - [2023-10-01 00:09:27,296] {dagbag.py:451} INFO - Filling up the DagBag from /home/airflow/.local/lib/python3.6/site-packages/airflow/example_dags/example_kubernetes_executor_config.py
[2023-10-01 00:09:27,365] {scheduler_job.py:639} INFO - DAG(s) dict_keys(['example_kubernetes_executor_config']) retrieved from /home/airflow/.local/lib/python3.6/site-packages/airflow/example_dags/example_kubernetes_executor_config.py
[2023-10-01 00:09:27,450] {logging_mixin.py:104} INFO - [2023-10-01 00:09:27,450] {dag.py:1824} INFO - Sync 1 DAGs
[2023-10-01 00:09:27,515] {logging_mixin.py:104} INFO - [2023-10-01 00:09:27,514] {dag.py:2280} INFO - Setting next_dagrun for example_kubernetes_executor_config to None
[2023-10-01 00:09:27,551] {scheduler_job.py:190} INFO - Processing /home/airflow/.local/lib/python3.6/site-packages/airflow/example_dags/example_kubernetes_executor_config.py took 0.274 seconds
[2023-10-01 00:09:57,841] {scheduler_job.py:182} INFO - Started process (PID=594) to work on /home/airflow/.local/lib/python3.6/site-packages/airflow/example_dags/example_kubernetes_executor_config.py
[2023-10-01 00:09:57,846] {scheduler_job.py:629} INFO - Processing file /home/airflow/.local/lib/python3.6/site-packages/airflow/example_dags/example_kubernetes_executor_config.py for tasks to queue
[2023-10-01 00:09:57,850] {logging_mixin.py:104} INFO - [2023-10-01 00:09:57,850] {dagbag.py:451} INFO - Filling up the DagBag from /home/airflow/.local/lib/python3.6/site-packages/airflow/example_dags/example_kubernetes_executor_config.py
[2023-10-01 00:09:57,928] {scheduler_job.py:639} INFO - DAG(s) dict_keys(['example_kubernetes_executor_config']) retrieved from /home/airflow/.local/lib/python3.6/site-packages/airflow/example_dags/example_kubernetes_executor_config.py
[2023-10-01 00:09:58,011] {logging_mixin.py:104} INFO - [2023-10-01 00:09:58,010] {dag.py:1824} INFO - Sync 1 DAGs
[2023-10-01 00:09:58,077] {logging_mixin.py:104} INFO - [2023-10-01 00:09:58,076] {dag.py:2280} INFO - Setting next_dagrun for example_kubernetes_executor_config to None
[2023-10-01 00:09:58,112] {scheduler_job.py:190} INFO - Processing /home/airflow/.local/lib/python3.6/site-packages/airflow/example_dags/example_kubernetes_executor_config.py took 0.282 seconds
[2023-10-01 00:10:28,362] {scheduler_job.py:182} INFO - Started process (PID=648) to work on /home/airflow/.local/lib/python3.6/site-packages/airflow/example_dags/example_kubernetes_executor_config.py
[2023-10-01 00:10:28,368] {scheduler_job.py:629} INFO - Processing file /home/airflow/.local/lib/python3.6/site-packages/airflow/example_dags/example_kubernetes_executor_config.py for tasks to queue
[2023-10-01 00:10:28,373] {logging_mixin.py:104} INFO - [2023-10-01 00:10:28,373] {dagbag.py:451} INFO - Filling up the DagBag from /home/airflow/.local/lib/python3.6/site-packages/airflow/example_dags/example_kubernetes_executor_config.py
[2023-10-01 00:10:28,447] {scheduler_job.py:639} INFO - DAG(s) dict_keys(['example_kubernetes_executor_config']) retrieved from /home/airflow/.local/lib/python3.6/site-packages/airflow/example_dags/example_kubernetes_executor_config.py
[2023-10-01 00:10:28,562] {logging_mixin.py:104} INFO - [2023-10-01 00:10:28,561] {dag.py:1824} INFO - Sync 1 DAGs
[2023-10-01 00:10:28,653] {logging_mixin.py:104} INFO - [2023-10-01 00:10:28,653] {dag.py:2280} INFO - Setting next_dagrun for example_kubernetes_executor_config to None
[2023-10-01 00:10:28,691] {scheduler_job.py:190} INFO - Processing /home/airflow/.local/lib/python3.6/site-packages/airflow/example_dags/example_kubernetes_executor_config.py took 0.339 seconds
[2023-10-01 00:10:58,881] {scheduler_job.py:182} INFO - Started process (PID=702) to work on /home/airflow/.local/lib/python3.6/site-packages/airflow/example_dags/example_kubernetes_executor_config.py
[2023-10-01 00:10:58,888] {scheduler_job.py:629} INFO - Processing file /home/airflow/.local/lib/python3.6/site-packages/airflow/example_dags/example_kubernetes_executor_config.py for tasks to queue
[2023-10-01 00:10:58,892] {logging_mixin.py:104} INFO - [2023-10-01 00:10:58,891] {dagbag.py:451} INFO - Filling up the DagBag from /home/airflow/.local/lib/python3.6/site-packages/airflow/example_dags/example_kubernetes_executor_config.py
[2023-10-01 00:10:58,973] {scheduler_job.py:639} INFO - DAG(s) dict_keys(['example_kubernetes_executor_config']) retrieved from /home/airflow/.local/lib/python3.6/site-packages/airflow/example_dags/example_kubernetes_executor_config.py
[2023-10-01 00:10:59,066] {logging_mixin.py:104} INFO - [2023-10-01 00:10:59,065] {dag.py:1824} INFO - Sync 1 DAGs
[2023-10-01 00:10:59,133] {logging_mixin.py:104} INFO - [2023-10-01 00:10:59,132] {dag.py:2280} INFO - Setting next_dagrun for example_kubernetes_executor_config to None
[2023-10-01 00:10:59,176] {scheduler_job.py:190} INFO - Processing /home/airflow/.local/lib/python3.6/site-packages/airflow/example_dags/example_kubernetes_executor_config.py took 0.304 seconds
[2023-10-01 00:12:41,662] {scheduler_job.py:182} INFO - Started process (PID=105) to work on /home/airflow/.local/lib/python3.6/site-packages/airflow/example_dags/example_kubernetes_executor_config.py
[2023-10-01 00:12:41,673] {scheduler_job.py:629} INFO - Processing file /home/airflow/.local/lib/python3.6/site-packages/airflow/example_dags/example_kubernetes_executor_config.py for tasks to queue
[2023-10-01 00:12:41,679] {logging_mixin.py:104} INFO - [2023-10-01 00:12:41,678] {dagbag.py:451} INFO - Filling up the DagBag from /home/airflow/.local/lib/python3.6/site-packages/airflow/example_dags/example_kubernetes_executor_config.py
[2023-10-01 00:12:41,840] {scheduler_job.py:639} INFO - DAG(s) dict_keys(['example_kubernetes_executor_config']) retrieved from /home/airflow/.local/lib/python3.6/site-packages/airflow/example_dags/example_kubernetes_executor_config.py
[2023-10-01 00:12:42,081] {logging_mixin.py:104} INFO - [2023-10-01 00:12:42,080] {dag.py:1824} INFO - Sync 1 DAGs
[2023-10-01 00:12:42,263] {logging_mixin.py:104} INFO - [2023-10-01 00:12:42,262] {dag.py:2280} INFO - Setting next_dagrun for example_kubernetes_executor_config to None
[2023-10-01 00:12:42,444] {scheduler_job.py:190} INFO - Processing /home/airflow/.local/lib/python3.6/site-packages/airflow/example_dags/example_kubernetes_executor_config.py took 0.857 seconds
[2023-10-01 00:13:13,416] {scheduler_job.py:182} INFO - Started process (PID=159) to work on /home/airflow/.local/lib/python3.6/site-packages/airflow/example_dags/example_kubernetes_executor_config.py
[2023-10-01 00:13:13,431] {scheduler_job.py:629} INFO - Processing file /home/airflow/.local/lib/python3.6/site-packages/airflow/example_dags/example_kubernetes_executor_config.py for tasks to queue
[2023-10-01 00:13:13,442] {logging_mixin.py:104} INFO - [2023-10-01 00:13:13,440] {dagbag.py:451} INFO - Filling up the DagBag from /home/airflow/.local/lib/python3.6/site-packages/airflow/example_dags/example_kubernetes_executor_config.py
[2023-10-01 00:13:13,718] {scheduler_job.py:639} INFO - DAG(s) dict_keys(['example_kubernetes_executor_config']) retrieved from /home/airflow/.local/lib/python3.6/site-packages/airflow/example_dags/example_kubernetes_executor_config.py
[2023-10-01 00:13:14,036] {logging_mixin.py:104} INFO - [2023-10-01 00:13:14,035] {dag.py:1824} INFO - Sync 1 DAGs
[2023-10-01 00:13:14,256] {logging_mixin.py:104} INFO - [2023-10-01 00:13:14,254] {dag.py:2280} INFO - Setting next_dagrun for example_kubernetes_executor_config to None
[2023-10-01 00:13:14,387] {scheduler_job.py:190} INFO - Processing /home/airflow/.local/lib/python3.6/site-packages/airflow/example_dags/example_kubernetes_executor_config.py took 1.003 seconds
[2023-10-01 00:13:44,684] {scheduler_job.py:182} INFO - Started process (PID=213) to work on /home/airflow/.local/lib/python3.6/site-packages/airflow/example_dags/example_kubernetes_executor_config.py
[2023-10-01 00:13:44,695] {scheduler_job.py:629} INFO - Processing file /home/airflow/.local/lib/python3.6/site-packages/airflow/example_dags/example_kubernetes_executor_config.py for tasks to queue
[2023-10-01 00:13:44,713] {logging_mixin.py:104} INFO - [2023-10-01 00:13:44,713] {dagbag.py:451} INFO - Filling up the DagBag from /home/airflow/.local/lib/python3.6/site-packages/airflow/example_dags/example_kubernetes_executor_config.py
[2023-10-01 00:13:45,066] {scheduler_job.py:639} INFO - DAG(s) dict_keys(['example_kubernetes_executor_config']) retrieved from /home/airflow/.local/lib/python3.6/site-packages/airflow/example_dags/example_kubernetes_executor_config.py
[2023-10-01 00:13:45,538] {logging_mixin.py:104} INFO - [2023-10-01 00:13:45,526] {dag.py:1824} INFO - Sync 1 DAGs
[2023-10-01 00:13:45,895] {logging_mixin.py:104} INFO - [2023-10-01 00:13:45,895] {dag.py:2280} INFO - Setting next_dagrun for example_kubernetes_executor_config to None
[2023-10-01 00:13:46,079] {scheduler_job.py:190} INFO - Processing /home/airflow/.local/lib/python3.6/site-packages/airflow/example_dags/example_kubernetes_executor_config.py took 1.429 seconds
[2023-10-01 00:14:16,967] {scheduler_job.py:182} INFO - Started process (PID=269) to work on /home/airflow/.local/lib/python3.6/site-packages/airflow/example_dags/example_kubernetes_executor_config.py
[2023-10-01 00:14:16,979] {scheduler_job.py:629} INFO - Processing file /home/airflow/.local/lib/python3.6/site-packages/airflow/example_dags/example_kubernetes_executor_config.py for tasks to queue
[2023-10-01 00:14:16,988] {logging_mixin.py:104} INFO - [2023-10-01 00:14:16,987] {dagbag.py:451} INFO - Filling up the DagBag from /home/airflow/.local/lib/python3.6/site-packages/airflow/example_dags/example_kubernetes_executor_config.py
[2023-10-01 00:14:17,186] {scheduler_job.py:639} INFO - DAG(s) dict_keys(['example_kubernetes_executor_config']) retrieved from /home/airflow/.local/lib/python3.6/site-packages/airflow/example_dags/example_kubernetes_executor_config.py
[2023-10-01 00:14:17,365] {logging_mixin.py:104} INFO - [2023-10-01 00:14:17,364] {dag.py:1824} INFO - Sync 1 DAGs
[2023-10-01 00:14:17,574] {logging_mixin.py:104} INFO - [2023-10-01 00:14:17,574] {dag.py:2280} INFO - Setting next_dagrun for example_kubernetes_executor_config to None
[2023-10-01 00:14:17,667] {scheduler_job.py:190} INFO - Processing /home/airflow/.local/lib/python3.6/site-packages/airflow/example_dags/example_kubernetes_executor_config.py took 0.728 seconds
[2023-10-01 00:14:47,946] {scheduler_job.py:182} INFO - Started process (PID=323) to work on /home/airflow/.local/lib/python3.6/site-packages/airflow/example_dags/example_kubernetes_executor_config.py
[2023-10-01 00:14:47,959] {scheduler_job.py:629} INFO - Processing file /home/airflow/.local/lib/python3.6/site-packages/airflow/example_dags/example_kubernetes_executor_config.py for tasks to queue
[2023-10-01 00:14:47,972] {logging_mixin.py:104} INFO - [2023-10-01 00:14:47,971] {dagbag.py:451} INFO - Filling up the DagBag from /home/airflow/.local/lib/python3.6/site-packages/airflow/example_dags/example_kubernetes_executor_config.py
[2023-10-01 00:14:48,102] {scheduler_job.py:639} INFO - DAG(s) dict_keys(['example_kubernetes_executor_config']) retrieved from /home/airflow/.local/lib/python3.6/site-packages/airflow/example_dags/example_kubernetes_executor_config.py
[2023-10-01 00:14:48,358] {logging_mixin.py:104} INFO - [2023-10-01 00:14:48,357] {dag.py:1824} INFO - Sync 1 DAGs
[2023-10-01 00:14:48,518] {logging_mixin.py:104} INFO - [2023-10-01 00:14:48,518] {dag.py:2280} INFO - Setting next_dagrun for example_kubernetes_executor_config to None
[2023-10-01 00:14:48,661] {scheduler_job.py:190} INFO - Processing /home/airflow/.local/lib/python3.6/site-packages/airflow/example_dags/example_kubernetes_executor_config.py took 0.751 seconds
[2023-10-01 00:15:19,078] {scheduler_job.py:182} INFO - Started process (PID=377) to work on /home/airflow/.local/lib/python3.6/site-packages/airflow/example_dags/example_kubernetes_executor_config.py
[2023-10-01 00:15:19,099] {scheduler_job.py:629} INFO - Processing file /home/airflow/.local/lib/python3.6/site-packages/airflow/example_dags/example_kubernetes_executor_config.py for tasks to queue
[2023-10-01 00:15:19,110] {logging_mixin.py:104} INFO - [2023-10-01 00:15:19,109] {dagbag.py:451} INFO - Filling up the DagBag from /home/airflow/.local/lib/python3.6/site-packages/airflow/example_dags/example_kubernetes_executor_config.py
[2023-10-01 00:15:19,319] {scheduler_job.py:639} INFO - DAG(s) dict_keys(['example_kubernetes_executor_config']) retrieved from /home/airflow/.local/lib/python3.6/site-packages/airflow/example_dags/example_kubernetes_executor_config.py
[2023-10-01 00:15:19,548] {logging_mixin.py:104} INFO - [2023-10-01 00:15:19,547] {dag.py:1824} INFO - Sync 1 DAGs
[2023-10-01 00:15:19,743] {logging_mixin.py:104} INFO - [2023-10-01 00:15:19,742] {dag.py:2280} INFO - Setting next_dagrun for example_kubernetes_executor_config to None
[2023-10-01 00:15:19,852] {scheduler_job.py:190} INFO - Processing /home/airflow/.local/lib/python3.6/site-packages/airflow/example_dags/example_kubernetes_executor_config.py took 0.808 seconds
[2023-10-01 00:15:50,334] {scheduler_job.py:182} INFO - Started process (PID=431) to work on /home/airflow/.local/lib/python3.6/site-packages/airflow/example_dags/example_kubernetes_executor_config.py
[2023-10-01 00:15:50,342] {scheduler_job.py:629} INFO - Processing file /home/airflow/.local/lib/python3.6/site-packages/airflow/example_dags/example_kubernetes_executor_config.py for tasks to queue
[2023-10-01 00:15:50,346] {logging_mixin.py:104} INFO - [2023-10-01 00:15:50,345] {dagbag.py:451} INFO - Filling up the DagBag from /home/airflow/.local/lib/python3.6/site-packages/airflow/example_dags/example_kubernetes_executor_config.py
[2023-10-01 00:15:50,413] {scheduler_job.py:639} INFO - DAG(s) dict_keys(['example_kubernetes_executor_config']) retrieved from /home/airflow/.local/lib/python3.6/site-packages/airflow/example_dags/example_kubernetes_executor_config.py
[2023-10-01 00:15:50,506] {logging_mixin.py:104} INFO - [2023-10-01 00:15:50,505] {dag.py:1824} INFO - Sync 1 DAGs
[2023-10-01 00:15:50,576] {logging_mixin.py:104} INFO - [2023-10-01 00:15:50,576] {dag.py:2280} INFO - Setting next_dagrun for example_kubernetes_executor_config to None
[2023-10-01 00:15:50,613] {scheduler_job.py:190} INFO - Processing /home/airflow/.local/lib/python3.6/site-packages/airflow/example_dags/example_kubernetes_executor_config.py took 0.291 seconds
[2023-10-01 00:16:20,985] {scheduler_job.py:182} INFO - Started process (PID=485) to work on /home/airflow/.local/lib/python3.6/site-packages/airflow/example_dags/example_kubernetes_executor_config.py
[2023-10-01 00:16:20,996] {scheduler_job.py:629} INFO - Processing file /home/airflow/.local/lib/python3.6/site-packages/airflow/example_dags/example_kubernetes_executor_config.py for tasks to queue
[2023-10-01 00:16:21,007] {logging_mixin.py:104} INFO - [2023-10-01 00:16:21,006] {dagbag.py:451} INFO - Filling up the DagBag from /home/airflow/.local/lib/python3.6/site-packages/airflow/example_dags/example_kubernetes_executor_config.py
[2023-10-01 00:16:21,096] {scheduler_job.py:639} INFO - DAG(s) dict_keys(['example_kubernetes_executor_config']) retrieved from /home/airflow/.local/lib/python3.6/site-packages/airflow/example_dags/example_kubernetes_executor_config.py
[2023-10-01 00:16:21,202] {logging_mixin.py:104} INFO - [2023-10-01 00:16:21,201] {dag.py:1824} INFO - Sync 1 DAGs
[2023-10-01 00:16:21,291] {logging_mixin.py:104} INFO - [2023-10-01 00:16:21,291] {dag.py:2280} INFO - Setting next_dagrun for example_kubernetes_executor_config to None
[2023-10-01 00:16:21,343] {scheduler_job.py:190} INFO - Processing /home/airflow/.local/lib/python3.6/site-packages/airflow/example_dags/example_kubernetes_executor_config.py took 0.368 seconds
[2023-10-01 00:17:38,624] {scheduler_job.py:182} INFO - Started process (PID=110) to work on /home/airflow/.local/lib/python3.6/site-packages/airflow/example_dags/example_kubernetes_executor_config.py
[2023-10-01 00:17:38,646] {scheduler_job.py:629} INFO - Processing file /home/airflow/.local/lib/python3.6/site-packages/airflow/example_dags/example_kubernetes_executor_config.py for tasks to queue
[2023-10-01 00:17:38,658] {logging_mixin.py:104} INFO - [2023-10-01 00:17:38,657] {dagbag.py:451} INFO - Filling up the DagBag from /home/airflow/.local/lib/python3.6/site-packages/airflow/example_dags/example_kubernetes_executor_config.py
[2023-10-01 00:17:38,908] {scheduler_job.py:639} INFO - DAG(s) dict_keys(['example_kubernetes_executor_config']) retrieved from /home/airflow/.local/lib/python3.6/site-packages/airflow/example_dags/example_kubernetes_executor_config.py
[2023-10-01 00:17:39,072] {logging_mixin.py:104} INFO - [2023-10-01 00:17:39,071] {dag.py:1824} INFO - Sync 1 DAGs
[2023-10-01 00:17:39,203] {logging_mixin.py:104} INFO - [2023-10-01 00:17:39,202] {dag.py:2280} INFO - Setting next_dagrun for example_kubernetes_executor_config to None
[2023-10-01 00:17:39,290] {scheduler_job.py:190} INFO - Processing /home/airflow/.local/lib/python3.6/site-packages/airflow/example_dags/example_kubernetes_executor_config.py took 0.692 seconds
[2023-10-01 00:18:09,546] {scheduler_job.py:182} INFO - Started process (PID=162) to work on /home/airflow/.local/lib/python3.6/site-packages/airflow/example_dags/example_kubernetes_executor_config.py
[2023-10-01 00:18:09,563] {scheduler_job.py:629} INFO - Processing file /home/airflow/.local/lib/python3.6/site-packages/airflow/example_dags/example_kubernetes_executor_config.py for tasks to queue
[2023-10-01 00:18:09,575] {logging_mixin.py:104} INFO - [2023-10-01 00:18:09,573] {dagbag.py:451} INFO - Filling up the DagBag from /home/airflow/.local/lib/python3.6/site-packages/airflow/example_dags/example_kubernetes_executor_config.py
[2023-10-01 00:18:09,737] {scheduler_job.py:639} INFO - DAG(s) dict_keys(['example_kubernetes_executor_config']) retrieved from /home/airflow/.local/lib/python3.6/site-packages/airflow/example_dags/example_kubernetes_executor_config.py
[2023-10-01 00:18:09,940] {logging_mixin.py:104} INFO - [2023-10-01 00:18:09,939] {dag.py:1824} INFO - Sync 1 DAGs
[2023-10-01 00:18:10,205] {logging_mixin.py:104} INFO - [2023-10-01 00:18:10,204] {dag.py:2280} INFO - Setting next_dagrun for example_kubernetes_executor_config to None
[2023-10-01 00:18:10,387] {scheduler_job.py:190} INFO - Processing /home/airflow/.local/lib/python3.6/site-packages/airflow/example_dags/example_kubernetes_executor_config.py took 0.870 seconds
[2023-10-01 00:18:41,603] {scheduler_job.py:182} INFO - Started process (PID=216) to work on /home/airflow/.local/lib/python3.6/site-packages/airflow/example_dags/example_kubernetes_executor_config.py
[2023-10-01 00:18:41,625] {scheduler_job.py:629} INFO - Processing file /home/airflow/.local/lib/python3.6/site-packages/airflow/example_dags/example_kubernetes_executor_config.py for tasks to queue
[2023-10-01 00:18:41,643] {logging_mixin.py:104} INFO - [2023-10-01 00:18:41,642] {dagbag.py:451} INFO - Filling up the DagBag from /home/airflow/.local/lib/python3.6/site-packages/airflow/example_dags/example_kubernetes_executor_config.py
[2023-10-01 00:18:41,968] {scheduler_job.py:639} INFO - DAG(s) dict_keys(['example_kubernetes_executor_config']) retrieved from /home/airflow/.local/lib/python3.6/site-packages/airflow/example_dags/example_kubernetes_executor_config.py
[2023-10-01 00:18:42,380] {logging_mixin.py:104} INFO - [2023-10-01 00:18:42,379] {dag.py:1824} INFO - Sync 1 DAGs
[2023-10-01 00:18:42,565] {logging_mixin.py:104} INFO - [2023-10-01 00:18:42,564] {dag.py:2280} INFO - Setting next_dagrun for example_kubernetes_executor_config to None
[2023-10-01 00:18:42,661] {scheduler_job.py:190} INFO - Processing /home/airflow/.local/lib/python3.6/site-packages/airflow/example_dags/example_kubernetes_executor_config.py took 1.101 seconds
[2023-10-01 00:19:12,935] {scheduler_job.py:182} INFO - Started process (PID=268) to work on /home/airflow/.local/lib/python3.6/site-packages/airflow/example_dags/example_kubernetes_executor_config.py
[2023-10-01 00:19:12,950] {scheduler_job.py:629} INFO - Processing file /home/airflow/.local/lib/python3.6/site-packages/airflow/example_dags/example_kubernetes_executor_config.py for tasks to queue
[2023-10-01 00:19:12,962] {logging_mixin.py:104} INFO - [2023-10-01 00:19:12,961] {dagbag.py:451} INFO - Filling up the DagBag from /home/airflow/.local/lib/python3.6/site-packages/airflow/example_dags/example_kubernetes_executor_config.py
[2023-10-01 00:19:13,242] {scheduler_job.py:639} INFO - DAG(s) dict_keys(['example_kubernetes_executor_config']) retrieved from /home/airflow/.local/lib/python3.6/site-packages/airflow/example_dags/example_kubernetes_executor_config.py
[2023-10-01 00:19:13,653] {logging_mixin.py:104} INFO - [2023-10-01 00:19:13,652] {dag.py:1824} INFO - Sync 1 DAGs
[2023-10-01 00:19:14,032] {logging_mixin.py:104} INFO - [2023-10-01 00:19:14,024] {dag.py:2280} INFO - Setting next_dagrun for example_kubernetes_executor_config to None
[2023-10-01 00:19:14,144] {scheduler_job.py:190} INFO - Processing /home/airflow/.local/lib/python3.6/site-packages/airflow/example_dags/example_kubernetes_executor_config.py took 1.252 seconds
[2023-10-01 00:19:44,434] {scheduler_job.py:182} INFO - Started process (PID=322) to work on /home/airflow/.local/lib/python3.6/site-packages/airflow/example_dags/example_kubernetes_executor_config.py
[2023-10-01 00:19:44,456] {scheduler_job.py:629} INFO - Processing file /home/airflow/.local/lib/python3.6/site-packages/airflow/example_dags/example_kubernetes_executor_config.py for tasks to queue
[2023-10-01 00:19:44,469] {logging_mixin.py:104} INFO - [2023-10-01 00:19:44,468] {dagbag.py:451} INFO - Filling up the DagBag from /home/airflow/.local/lib/python3.6/site-packages/airflow/example_dags/example_kubernetes_executor_config.py
[2023-10-01 00:19:44,710] {scheduler_job.py:639} INFO - DAG(s) dict_keys(['example_kubernetes_executor_config']) retrieved from /home/airflow/.local/lib/python3.6/site-packages/airflow/example_dags/example_kubernetes_executor_config.py
[2023-10-01 00:19:44,901] {logging_mixin.py:104} INFO - [2023-10-01 00:19:44,900] {dag.py:1824} INFO - Sync 1 DAGs
[2023-10-01 00:19:45,066] {logging_mixin.py:104} INFO - [2023-10-01 00:19:45,066] {dag.py:2280} INFO - Setting next_dagrun for example_kubernetes_executor_config to None
[2023-10-01 00:19:45,171] {scheduler_job.py:190} INFO - Processing /home/airflow/.local/lib/python3.6/site-packages/airflow/example_dags/example_kubernetes_executor_config.py took 0.777 seconds
[2023-10-01 00:20:15,436] {scheduler_job.py:182} INFO - Started process (PID=376) to work on /home/airflow/.local/lib/python3.6/site-packages/airflow/example_dags/example_kubernetes_executor_config.py
[2023-10-01 00:20:15,461] {scheduler_job.py:629} INFO - Processing file /home/airflow/.local/lib/python3.6/site-packages/airflow/example_dags/example_kubernetes_executor_config.py for tasks to queue
[2023-10-01 00:20:15,465] {logging_mixin.py:104} INFO - [2023-10-01 00:20:15,465] {dagbag.py:451} INFO - Filling up the DagBag from /home/airflow/.local/lib/python3.6/site-packages/airflow/example_dags/example_kubernetes_executor_config.py
[2023-10-01 00:20:15,631] {scheduler_job.py:639} INFO - DAG(s) dict_keys(['example_kubernetes_executor_config']) retrieved from /home/airflow/.local/lib/python3.6/site-packages/airflow/example_dags/example_kubernetes_executor_config.py
[2023-10-01 00:20:15,866] {logging_mixin.py:104} INFO - [2023-10-01 00:20:15,865] {dag.py:1824} INFO - Sync 1 DAGs
[2023-10-01 00:20:15,976] {logging_mixin.py:104} INFO - [2023-10-01 00:20:15,975] {dag.py:2280} INFO - Setting next_dagrun for example_kubernetes_executor_config to None
[2023-10-01 00:20:16,083] {scheduler_job.py:190} INFO - Processing /home/airflow/.local/lib/python3.6/site-packages/airflow/example_dags/example_kubernetes_executor_config.py took 0.671 seconds
[2023-10-01 00:20:46,340] {scheduler_job.py:182} INFO - Started process (PID=430) to work on /home/airflow/.local/lib/python3.6/site-packages/airflow/example_dags/example_kubernetes_executor_config.py
[2023-10-01 00:20:46,371] {scheduler_job.py:629} INFO - Processing file /home/airflow/.local/lib/python3.6/site-packages/airflow/example_dags/example_kubernetes_executor_config.py for tasks to queue
[2023-10-01 00:20:46,385] {logging_mixin.py:104} INFO - [2023-10-01 00:20:46,384] {dagbag.py:451} INFO - Filling up the DagBag from /home/airflow/.local/lib/python3.6/site-packages/airflow/example_dags/example_kubernetes_executor_config.py
[2023-10-01 00:20:46,560] {scheduler_job.py:639} INFO - DAG(s) dict_keys(['example_kubernetes_executor_config']) retrieved from /home/airflow/.local/lib/python3.6/site-packages/airflow/example_dags/example_kubernetes_executor_config.py
[2023-10-01 00:20:46,787] {logging_mixin.py:104} INFO - [2023-10-01 00:20:46,786] {dag.py:1824} INFO - Sync 1 DAGs
[2023-10-01 00:20:46,966] {logging_mixin.py:104} INFO - [2023-10-01 00:20:46,965] {dag.py:2280} INFO - Setting next_dagrun for example_kubernetes_executor_config to None
[2023-10-01 00:20:47,061] {scheduler_job.py:190} INFO - Processing /home/airflow/.local/lib/python3.6/site-packages/airflow/example_dags/example_kubernetes_executor_config.py took 0.767 seconds
[2023-10-01 00:21:17,406] {scheduler_job.py:182} INFO - Started process (PID=484) to work on /home/airflow/.local/lib/python3.6/site-packages/airflow/example_dags/example_kubernetes_executor_config.py
[2023-10-01 00:21:17,418] {scheduler_job.py:629} INFO - Processing file /home/airflow/.local/lib/python3.6/site-packages/airflow/example_dags/example_kubernetes_executor_config.py for tasks to queue
[2023-10-01 00:21:17,430] {logging_mixin.py:104} INFO - [2023-10-01 00:21:17,429] {dagbag.py:451} INFO - Filling up the DagBag from /home/airflow/.local/lib/python3.6/site-packages/airflow/example_dags/example_kubernetes_executor_config.py
[2023-10-01 00:21:17,563] {scheduler_job.py:639} INFO - DAG(s) dict_keys(['example_kubernetes_executor_config']) retrieved from /home/airflow/.local/lib/python3.6/site-packages/airflow/example_dags/example_kubernetes_executor_config.py
[2023-10-01 00:21:17,794] {logging_mixin.py:104} INFO - [2023-10-01 00:21:17,793] {dag.py:1824} INFO - Sync 1 DAGs
[2023-10-01 00:21:18,004] {logging_mixin.py:104} INFO - [2023-10-01 00:21:18,003] {dag.py:2280} INFO - Setting next_dagrun for example_kubernetes_executor_config to None
[2023-10-01 00:21:18,118] {scheduler_job.py:190} INFO - Processing /home/airflow/.local/lib/python3.6/site-packages/airflow/example_dags/example_kubernetes_executor_config.py took 0.742 seconds
[2023-10-01 00:21:48,440] {scheduler_job.py:182} INFO - Started process (PID=537) to work on /home/airflow/.local/lib/python3.6/site-packages/airflow/example_dags/example_kubernetes_executor_config.py
[2023-10-01 00:21:48,450] {scheduler_job.py:629} INFO - Processing file /home/airflow/.local/lib/python3.6/site-packages/airflow/example_dags/example_kubernetes_executor_config.py for tasks to queue
[2023-10-01 00:21:48,455] {logging_mixin.py:104} INFO - [2023-10-01 00:21:48,454] {dagbag.py:451} INFO - Filling up the DagBag from /home/airflow/.local/lib/python3.6/site-packages/airflow/example_dags/example_kubernetes_executor_config.py
[2023-10-01 00:21:48,572] {scheduler_job.py:639} INFO - DAG(s) dict_keys(['example_kubernetes_executor_config']) retrieved from /home/airflow/.local/lib/python3.6/site-packages/airflow/example_dags/example_kubernetes_executor_config.py
[2023-10-01 00:21:48,718] {logging_mixin.py:104} INFO - [2023-10-01 00:21:48,717] {dag.py:1824} INFO - Sync 1 DAGs
[2023-10-01 00:21:48,867] {logging_mixin.py:104} INFO - [2023-10-01 00:21:48,866] {dag.py:2280} INFO - Setting next_dagrun for example_kubernetes_executor_config to None
[2023-10-01 00:21:48,935] {scheduler_job.py:190} INFO - Processing /home/airflow/.local/lib/python3.6/site-packages/airflow/example_dags/example_kubernetes_executor_config.py took 0.506 seconds
[2023-10-01 00:22:19,532] {scheduler_job.py:182} INFO - Started process (PID=592) to work on /home/airflow/.local/lib/python3.6/site-packages/airflow/example_dags/example_kubernetes_executor_config.py
[2023-10-01 00:22:19,538] {scheduler_job.py:629} INFO - Processing file /home/airflow/.local/lib/python3.6/site-packages/airflow/example_dags/example_kubernetes_executor_config.py for tasks to queue
[2023-10-01 00:22:19,542] {logging_mixin.py:104} INFO - [2023-10-01 00:22:19,541] {dagbag.py:451} INFO - Filling up the DagBag from /home/airflow/.local/lib/python3.6/site-packages/airflow/example_dags/example_kubernetes_executor_config.py
[2023-10-01 00:22:19,615] {scheduler_job.py:639} INFO - DAG(s) dict_keys(['example_kubernetes_executor_config']) retrieved from /home/airflow/.local/lib/python3.6/site-packages/airflow/example_dags/example_kubernetes_executor_config.py
[2023-10-01 00:22:19,710] {logging_mixin.py:104} INFO - [2023-10-01 00:22:19,709] {dag.py:1824} INFO - Sync 1 DAGs
[2023-10-01 00:22:19,794] {logging_mixin.py:104} INFO - [2023-10-01 00:22:19,793] {dag.py:2280} INFO - Setting next_dagrun for example_kubernetes_executor_config to None
[2023-10-01 00:22:19,836] {scheduler_job.py:190} INFO - Processing /home/airflow/.local/lib/python3.6/site-packages/airflow/example_dags/example_kubernetes_executor_config.py took 0.316 seconds
[2023-10-01 00:22:50,344] {scheduler_job.py:182} INFO - Started process (PID=646) to work on /home/airflow/.local/lib/python3.6/site-packages/airflow/example_dags/example_kubernetes_executor_config.py
[2023-10-01 00:22:50,352] {scheduler_job.py:629} INFO - Processing file /home/airflow/.local/lib/python3.6/site-packages/airflow/example_dags/example_kubernetes_executor_config.py for tasks to queue
[2023-10-01 00:22:50,356] {logging_mixin.py:104} INFO - [2023-10-01 00:22:50,355] {dagbag.py:451} INFO - Filling up the DagBag from /home/airflow/.local/lib/python3.6/site-packages/airflow/example_dags/example_kubernetes_executor_config.py
[2023-10-01 00:22:50,420] {scheduler_job.py:639} INFO - DAG(s) dict_keys(['example_kubernetes_executor_config']) retrieved from /home/airflow/.local/lib/python3.6/site-packages/airflow/example_dags/example_kubernetes_executor_config.py
[2023-10-01 00:22:50,510] {logging_mixin.py:104} INFO - [2023-10-01 00:22:50,510] {dag.py:1824} INFO - Sync 1 DAGs
[2023-10-01 00:22:50,581] {logging_mixin.py:104} INFO - [2023-10-01 00:22:50,580] {dag.py:2280} INFO - Setting next_dagrun for example_kubernetes_executor_config to None
[2023-10-01 00:22:50,640] {scheduler_job.py:190} INFO - Processing /home/airflow/.local/lib/python3.6/site-packages/airflow/example_dags/example_kubernetes_executor_config.py took 0.307 seconds
[2023-10-01 00:23:21,646] {scheduler_job.py:182} INFO - Started process (PID=700) to work on /home/airflow/.local/lib/python3.6/site-packages/airflow/example_dags/example_kubernetes_executor_config.py
[2023-10-01 00:23:21,668] {scheduler_job.py:629} INFO - Processing file /home/airflow/.local/lib/python3.6/site-packages/airflow/example_dags/example_kubernetes_executor_config.py for tasks to queue
[2023-10-01 00:23:21,678] {logging_mixin.py:104} INFO - [2023-10-01 00:23:21,676] {dagbag.py:451} INFO - Filling up the DagBag from /home/airflow/.local/lib/python3.6/site-packages/airflow/example_dags/example_kubernetes_executor_config.py
[2023-10-01 00:23:21,798] {scheduler_job.py:639} INFO - DAG(s) dict_keys(['example_kubernetes_executor_config']) retrieved from /home/airflow/.local/lib/python3.6/site-packages/airflow/example_dags/example_kubernetes_executor_config.py
[2023-10-01 00:23:22,098] {logging_mixin.py:104} INFO - [2023-10-01 00:23:22,097] {dag.py:1824} INFO - Sync 1 DAGs
[2023-10-01 00:23:22,292] {logging_mixin.py:104} INFO - [2023-10-01 00:23:22,291] {dag.py:2280} INFO - Setting next_dagrun for example_kubernetes_executor_config to None
[2023-10-01 00:23:22,340] {scheduler_job.py:190} INFO - Processing /home/airflow/.local/lib/python3.6/site-packages/airflow/example_dags/example_kubernetes_executor_config.py took 0.717 seconds
[2023-10-01 00:23:52,548] {scheduler_job.py:182} INFO - Started process (PID=754) to work on /home/airflow/.local/lib/python3.6/site-packages/airflow/example_dags/example_kubernetes_executor_config.py
[2023-10-01 00:23:52,554] {scheduler_job.py:629} INFO - Processing file /home/airflow/.local/lib/python3.6/site-packages/airflow/example_dags/example_kubernetes_executor_config.py for tasks to queue
[2023-10-01 00:23:52,557] {logging_mixin.py:104} INFO - [2023-10-01 00:23:52,557] {dagbag.py:451} INFO - Filling up the DagBag from /home/airflow/.local/lib/python3.6/site-packages/airflow/example_dags/example_kubernetes_executor_config.py
[2023-10-01 00:23:52,622] {scheduler_job.py:639} INFO - DAG(s) dict_keys(['example_kubernetes_executor_config']) retrieved from /home/airflow/.local/lib/python3.6/site-packages/airflow/example_dags/example_kubernetes_executor_config.py
[2023-10-01 00:23:52,719] {logging_mixin.py:104} INFO - [2023-10-01 00:23:52,718] {dag.py:1824} INFO - Sync 1 DAGs
[2023-10-01 00:23:52,797] {logging_mixin.py:104} INFO - [2023-10-01 00:23:52,796] {dag.py:2280} INFO - Setting next_dagrun for example_kubernetes_executor_config to None
[2023-10-01 00:23:52,833] {scheduler_job.py:190} INFO - Processing /home/airflow/.local/lib/python3.6/site-packages/airflow/example_dags/example_kubernetes_executor_config.py took 0.294 seconds
[2023-10-01 00:24:23,356] {scheduler_job.py:182} INFO - Started process (PID=808) to work on /home/airflow/.local/lib/python3.6/site-packages/airflow/example_dags/example_kubernetes_executor_config.py
[2023-10-01 00:24:23,362] {scheduler_job.py:629} INFO - Processing file /home/airflow/.local/lib/python3.6/site-packages/airflow/example_dags/example_kubernetes_executor_config.py for tasks to queue
[2023-10-01 00:24:23,366] {logging_mixin.py:104} INFO - [2023-10-01 00:24:23,365] {dagbag.py:451} INFO - Filling up the DagBag from /home/airflow/.local/lib/python3.6/site-packages/airflow/example_dags/example_kubernetes_executor_config.py
[2023-10-01 00:24:23,430] {scheduler_job.py:639} INFO - DAG(s) dict_keys(['example_kubernetes_executor_config']) retrieved from /home/airflow/.local/lib/python3.6/site-packages/airflow/example_dags/example_kubernetes_executor_config.py
[2023-10-01 00:24:23,517] {logging_mixin.py:104} INFO - [2023-10-01 00:24:23,516] {dag.py:1824} INFO - Sync 1 DAGs
[2023-10-01 00:24:23,604] {logging_mixin.py:104} INFO - [2023-10-01 00:24:23,604] {dag.py:2280} INFO - Setting next_dagrun for example_kubernetes_executor_config to None
[2023-10-01 00:24:23,641] {scheduler_job.py:190} INFO - Processing /home/airflow/.local/lib/python3.6/site-packages/airflow/example_dags/example_kubernetes_executor_config.py took 0.294 seconds
[2023-10-01 00:24:54,062] {scheduler_job.py:182} INFO - Started process (PID=856) to work on /home/airflow/.local/lib/python3.6/site-packages/airflow/example_dags/example_kubernetes_executor_config.py
[2023-10-01 00:24:54,072] {scheduler_job.py:629} INFO - Processing file /home/airflow/.local/lib/python3.6/site-packages/airflow/example_dags/example_kubernetes_executor_config.py for tasks to queue
[2023-10-01 00:24:54,077] {logging_mixin.py:104} INFO - [2023-10-01 00:24:54,076] {dagbag.py:451} INFO - Filling up the DagBag from /home/airflow/.local/lib/python3.6/site-packages/airflow/example_dags/example_kubernetes_executor_config.py
[2023-10-01 00:24:54,164] {scheduler_job.py:639} INFO - DAG(s) dict_keys(['example_kubernetes_executor_config']) retrieved from /home/airflow/.local/lib/python3.6/site-packages/airflow/example_dags/example_kubernetes_executor_config.py
[2023-10-01 00:24:54,327] {logging_mixin.py:104} INFO - [2023-10-01 00:24:54,322] {dag.py:1824} INFO - Sync 1 DAGs
[2023-10-01 00:24:54,426] {logging_mixin.py:104} INFO - [2023-10-01 00:24:54,425] {dag.py:2280} INFO - Setting next_dagrun for example_kubernetes_executor_config to None
[2023-10-01 00:24:54,467] {scheduler_job.py:190} INFO - Processing /home/airflow/.local/lib/python3.6/site-packages/airflow/example_dags/example_kubernetes_executor_config.py took 0.418 seconds
