[2023-10-01 00:05:11,102] {scheduler_job.py:182} INFO - Started process (PID=88) to work on /home/airflow/.local/lib/python3.6/site-packages/airflow/example_dags/example_skip_dag.py
[2023-10-01 00:05:11,117] {scheduler_job.py:629} INFO - Processing file /home/airflow/.local/lib/python3.6/site-packages/airflow/example_dags/example_skip_dag.py for tasks to queue
[2023-10-01 00:05:11,148] {logging_mixin.py:104} INFO - [2023-10-01 00:05:11,137] {dagbag.py:451} INFO - Filling up the DagBag from /home/airflow/.local/lib/python3.6/site-packages/airflow/example_dags/example_skip_dag.py
[2023-10-01 00:05:11,361] {scheduler_job.py:639} INFO - DAG(s) dict_keys(['example_skip_dag']) retrieved from /home/airflow/.local/lib/python3.6/site-packages/airflow/example_dags/example_skip_dag.py
[2023-10-01 00:05:11,474] {logging_mixin.py:104} INFO - [2023-10-01 00:05:11,473] {dag.py:1824} INFO - Sync 1 DAGs
[2023-10-01 00:05:11,607] {logging_mixin.py:104} INFO - [2023-10-01 00:05:11,606] {dag.py:1843} INFO - Creating ORM DAG for example_skip_dag
[2023-10-01 00:05:11,702] {logging_mixin.py:104} INFO - [2023-10-01 00:05:11,701] {dag.py:2280} INFO - Setting next_dagrun for example_skip_dag to 2023-09-29 00:00:00+00:00
[2023-10-01 00:05:11,906] {scheduler_job.py:190} INFO - Processing /home/airflow/.local/lib/python3.6/site-packages/airflow/example_dags/example_skip_dag.py took 0.878 seconds
[2023-10-01 00:05:42,090] {scheduler_job.py:182} INFO - Started process (PID=142) to work on /home/airflow/.local/lib/python3.6/site-packages/airflow/example_dags/example_skip_dag.py
[2023-10-01 00:05:42,097] {scheduler_job.py:629} INFO - Processing file /home/airflow/.local/lib/python3.6/site-packages/airflow/example_dags/example_skip_dag.py for tasks to queue
[2023-10-01 00:05:42,109] {logging_mixin.py:104} INFO - [2023-10-01 00:05:42,108] {dagbag.py:451} INFO - Filling up the DagBag from /home/airflow/.local/lib/python3.6/site-packages/airflow/example_dags/example_skip_dag.py
[2023-10-01 00:05:42,168] {scheduler_job.py:639} INFO - DAG(s) dict_keys(['example_skip_dag']) retrieved from /home/airflow/.local/lib/python3.6/site-packages/airflow/example_dags/example_skip_dag.py
[2023-10-01 00:05:42,257] {logging_mixin.py:104} INFO - [2023-10-01 00:05:42,257] {dag.py:1824} INFO - Sync 1 DAGs
[2023-10-01 00:05:42,338] {logging_mixin.py:104} INFO - [2023-10-01 00:05:42,337] {dag.py:2280} INFO - Setting next_dagrun for example_skip_dag to 2023-09-29 00:00:00+00:00
[2023-10-01 00:05:42,378] {scheduler_job.py:190} INFO - Processing /home/airflow/.local/lib/python3.6/site-packages/airflow/example_dags/example_skip_dag.py took 0.299 seconds
[2023-10-01 00:06:12,963] {scheduler_job.py:182} INFO - Started process (PID=196) to work on /home/airflow/.local/lib/python3.6/site-packages/airflow/example_dags/example_skip_dag.py
[2023-10-01 00:06:12,972] {scheduler_job.py:629} INFO - Processing file /home/airflow/.local/lib/python3.6/site-packages/airflow/example_dags/example_skip_dag.py for tasks to queue
[2023-10-01 00:06:12,978] {logging_mixin.py:104} INFO - [2023-10-01 00:06:12,978] {dagbag.py:451} INFO - Filling up the DagBag from /home/airflow/.local/lib/python3.6/site-packages/airflow/example_dags/example_skip_dag.py
[2023-10-01 00:06:13,070] {scheduler_job.py:639} INFO - DAG(s) dict_keys(['example_skip_dag']) retrieved from /home/airflow/.local/lib/python3.6/site-packages/airflow/example_dags/example_skip_dag.py
[2023-10-01 00:06:13,183] {logging_mixin.py:104} INFO - [2023-10-01 00:06:13,183] {dag.py:1824} INFO - Sync 1 DAGs
[2023-10-01 00:06:13,293] {logging_mixin.py:104} INFO - [2023-10-01 00:06:13,292] {dag.py:2280} INFO - Setting next_dagrun for example_skip_dag to 2023-09-29 00:00:00+00:00
[2023-10-01 00:06:13,355] {scheduler_job.py:190} INFO - Processing /home/airflow/.local/lib/python3.6/site-packages/airflow/example_dags/example_skip_dag.py took 0.411 seconds
[2023-10-01 00:06:44,470] {scheduler_job.py:182} INFO - Started process (PID=250) to work on /home/airflow/.local/lib/python3.6/site-packages/airflow/example_dags/example_skip_dag.py
[2023-10-01 00:06:44,489] {scheduler_job.py:629} INFO - Processing file /home/airflow/.local/lib/python3.6/site-packages/airflow/example_dags/example_skip_dag.py for tasks to queue
[2023-10-01 00:06:44,503] {logging_mixin.py:104} INFO - [2023-10-01 00:06:44,502] {dagbag.py:451} INFO - Filling up the DagBag from /home/airflow/.local/lib/python3.6/site-packages/airflow/example_dags/example_skip_dag.py
[2023-10-01 00:06:44,671] {scheduler_job.py:639} INFO - DAG(s) dict_keys(['example_skip_dag']) retrieved from /home/airflow/.local/lib/python3.6/site-packages/airflow/example_dags/example_skip_dag.py
[2023-10-01 00:06:44,858] {logging_mixin.py:104} INFO - [2023-10-01 00:06:44,857] {dag.py:1824} INFO - Sync 1 DAGs
[2023-10-01 00:06:45,039] {logging_mixin.py:104} INFO - [2023-10-01 00:06:45,035] {dag.py:2280} INFO - Setting next_dagrun for example_skip_dag to 2023-09-29 00:00:00+00:00
[2023-10-01 00:06:45,143] {scheduler_job.py:190} INFO - Processing /home/airflow/.local/lib/python3.6/site-packages/airflow/example_dags/example_skip_dag.py took 0.691 seconds
[2023-10-01 00:07:16,062] {scheduler_job.py:182} INFO - Started process (PID=306) to work on /home/airflow/.local/lib/python3.6/site-packages/airflow/example_dags/example_skip_dag.py
[2023-10-01 00:07:16,084] {scheduler_job.py:629} INFO - Processing file /home/airflow/.local/lib/python3.6/site-packages/airflow/example_dags/example_skip_dag.py for tasks to queue
[2023-10-01 00:07:16,094] {logging_mixin.py:104} INFO - [2023-10-01 00:07:16,092] {dagbag.py:451} INFO - Filling up the DagBag from /home/airflow/.local/lib/python3.6/site-packages/airflow/example_dags/example_skip_dag.py
[2023-10-01 00:07:16,261] {scheduler_job.py:639} INFO - DAG(s) dict_keys(['example_skip_dag']) retrieved from /home/airflow/.local/lib/python3.6/site-packages/airflow/example_dags/example_skip_dag.py
[2023-10-01 00:07:16,490] {logging_mixin.py:104} INFO - [2023-10-01 00:07:16,488] {dag.py:1824} INFO - Sync 1 DAGs
[2023-10-01 00:07:16,811] {logging_mixin.py:104} INFO - [2023-10-01 00:07:16,810] {dag.py:2280} INFO - Setting next_dagrun for example_skip_dag to 2023-09-29 00:00:00+00:00
[2023-10-01 00:07:16,930] {scheduler_job.py:190} INFO - Processing /home/airflow/.local/lib/python3.6/site-packages/airflow/example_dags/example_skip_dag.py took 0.906 seconds
[2023-10-01 00:07:47,216] {scheduler_job.py:182} INFO - Started process (PID=360) to work on /home/airflow/.local/lib/python3.6/site-packages/airflow/example_dags/example_skip_dag.py
[2023-10-01 00:07:47,248] {scheduler_job.py:629} INFO - Processing file /home/airflow/.local/lib/python3.6/site-packages/airflow/example_dags/example_skip_dag.py for tasks to queue
[2023-10-01 00:07:47,253] {logging_mixin.py:104} INFO - [2023-10-01 00:07:47,252] {dagbag.py:451} INFO - Filling up the DagBag from /home/airflow/.local/lib/python3.6/site-packages/airflow/example_dags/example_skip_dag.py
[2023-10-01 00:07:47,340] {scheduler_job.py:639} INFO - DAG(s) dict_keys(['example_skip_dag']) retrieved from /home/airflow/.local/lib/python3.6/site-packages/airflow/example_dags/example_skip_dag.py
[2023-10-01 00:07:47,495] {logging_mixin.py:104} INFO - [2023-10-01 00:07:47,493] {dag.py:1824} INFO - Sync 1 DAGs
[2023-10-01 00:07:47,675] {logging_mixin.py:104} INFO - [2023-10-01 00:07:47,674] {dag.py:2280} INFO - Setting next_dagrun for example_skip_dag to 2023-09-29 00:00:00+00:00
[2023-10-01 00:07:47,761] {scheduler_job.py:190} INFO - Processing /home/airflow/.local/lib/python3.6/site-packages/airflow/example_dags/example_skip_dag.py took 0.564 seconds
[2023-10-01 00:08:17,889] {scheduler_job.py:182} INFO - Started process (PID=414) to work on /home/airflow/.local/lib/python3.6/site-packages/airflow/example_dags/example_skip_dag.py
[2023-10-01 00:08:17,896] {scheduler_job.py:629} INFO - Processing file /home/airflow/.local/lib/python3.6/site-packages/airflow/example_dags/example_skip_dag.py for tasks to queue
[2023-10-01 00:08:17,900] {logging_mixin.py:104} INFO - [2023-10-01 00:08:17,899] {dagbag.py:451} INFO - Filling up the DagBag from /home/airflow/.local/lib/python3.6/site-packages/airflow/example_dags/example_skip_dag.py
[2023-10-01 00:08:17,961] {scheduler_job.py:639} INFO - DAG(s) dict_keys(['example_skip_dag']) retrieved from /home/airflow/.local/lib/python3.6/site-packages/airflow/example_dags/example_skip_dag.py
[2023-10-01 00:08:18,063] {logging_mixin.py:104} INFO - [2023-10-01 00:08:18,063] {dag.py:1824} INFO - Sync 1 DAGs
[2023-10-01 00:08:18,142] {logging_mixin.py:104} INFO - [2023-10-01 00:08:18,142] {dag.py:2280} INFO - Setting next_dagrun for example_skip_dag to 2023-09-29 00:00:00+00:00
[2023-10-01 00:08:18,192] {scheduler_job.py:190} INFO - Processing /home/airflow/.local/lib/python3.6/site-packages/airflow/example_dags/example_skip_dag.py took 0.313 seconds
[2023-10-01 00:08:48,843] {scheduler_job.py:182} INFO - Started process (PID=468) to work on /home/airflow/.local/lib/python3.6/site-packages/airflow/example_dags/example_skip_dag.py
[2023-10-01 00:08:48,864] {scheduler_job.py:629} INFO - Processing file /home/airflow/.local/lib/python3.6/site-packages/airflow/example_dags/example_skip_dag.py for tasks to queue
[2023-10-01 00:08:48,878] {logging_mixin.py:104} INFO - [2023-10-01 00:08:48,875] {dagbag.py:451} INFO - Filling up the DagBag from /home/airflow/.local/lib/python3.6/site-packages/airflow/example_dags/example_skip_dag.py
[2023-10-01 00:08:49,049] {scheduler_job.py:639} INFO - DAG(s) dict_keys(['example_skip_dag']) retrieved from /home/airflow/.local/lib/python3.6/site-packages/airflow/example_dags/example_skip_dag.py
[2023-10-01 00:08:49,290] {logging_mixin.py:104} INFO - [2023-10-01 00:08:49,287] {dag.py:1824} INFO - Sync 1 DAGs
[2023-10-01 00:08:49,486] {logging_mixin.py:104} INFO - [2023-10-01 00:08:49,484] {dag.py:2280} INFO - Setting next_dagrun for example_skip_dag to 2023-09-29 00:00:00+00:00
[2023-10-01 00:08:49,571] {scheduler_job.py:190} INFO - Processing /home/airflow/.local/lib/python3.6/site-packages/airflow/example_dags/example_skip_dag.py took 0.769 seconds
[2023-10-01 00:09:19,819] {scheduler_job.py:182} INFO - Started process (PID=520) to work on /home/airflow/.local/lib/python3.6/site-packages/airflow/example_dags/example_skip_dag.py
[2023-10-01 00:09:19,828] {scheduler_job.py:629} INFO - Processing file /home/airflow/.local/lib/python3.6/site-packages/airflow/example_dags/example_skip_dag.py for tasks to queue
[2023-10-01 00:09:19,836] {logging_mixin.py:104} INFO - [2023-10-01 00:09:19,835] {dagbag.py:451} INFO - Filling up the DagBag from /home/airflow/.local/lib/python3.6/site-packages/airflow/example_dags/example_skip_dag.py
[2023-10-01 00:09:19,931] {scheduler_job.py:639} INFO - DAG(s) dict_keys(['example_skip_dag']) retrieved from /home/airflow/.local/lib/python3.6/site-packages/airflow/example_dags/example_skip_dag.py
[2023-10-01 00:09:20,031] {logging_mixin.py:104} INFO - [2023-10-01 00:09:20,031] {dag.py:1824} INFO - Sync 1 DAGs
[2023-10-01 00:09:20,113] {logging_mixin.py:104} INFO - [2023-10-01 00:09:20,112] {dag.py:2280} INFO - Setting next_dagrun for example_skip_dag to 2023-09-29 00:00:00+00:00
[2023-10-01 00:09:20,150] {scheduler_job.py:190} INFO - Processing /home/airflow/.local/lib/python3.6/site-packages/airflow/example_dags/example_skip_dag.py took 0.349 seconds
[2023-10-01 00:09:50,526] {scheduler_job.py:182} INFO - Started process (PID=576) to work on /home/airflow/.local/lib/python3.6/site-packages/airflow/example_dags/example_skip_dag.py
[2023-10-01 00:09:50,532] {scheduler_job.py:629} INFO - Processing file /home/airflow/.local/lib/python3.6/site-packages/airflow/example_dags/example_skip_dag.py for tasks to queue
[2023-10-01 00:09:50,537] {logging_mixin.py:104} INFO - [2023-10-01 00:09:50,536] {dagbag.py:451} INFO - Filling up the DagBag from /home/airflow/.local/lib/python3.6/site-packages/airflow/example_dags/example_skip_dag.py
[2023-10-01 00:09:50,591] {scheduler_job.py:639} INFO - DAG(s) dict_keys(['example_skip_dag']) retrieved from /home/airflow/.local/lib/python3.6/site-packages/airflow/example_dags/example_skip_dag.py
[2023-10-01 00:09:50,682] {logging_mixin.py:104} INFO - [2023-10-01 00:09:50,682] {dag.py:1824} INFO - Sync 1 DAGs
[2023-10-01 00:09:50,749] {logging_mixin.py:104} INFO - [2023-10-01 00:09:50,748] {dag.py:2280} INFO - Setting next_dagrun for example_skip_dag to 2023-09-29 00:00:00+00:00
[2023-10-01 00:09:50,784] {scheduler_job.py:190} INFO - Processing /home/airflow/.local/lib/python3.6/site-packages/airflow/example_dags/example_skip_dag.py took 0.269 seconds
[2023-10-01 00:10:21,331] {scheduler_job.py:182} INFO - Started process (PID=630) to work on /home/airflow/.local/lib/python3.6/site-packages/airflow/example_dags/example_skip_dag.py
[2023-10-01 00:10:21,337] {scheduler_job.py:629} INFO - Processing file /home/airflow/.local/lib/python3.6/site-packages/airflow/example_dags/example_skip_dag.py for tasks to queue
[2023-10-01 00:10:21,340] {logging_mixin.py:104} INFO - [2023-10-01 00:10:21,340] {dagbag.py:451} INFO - Filling up the DagBag from /home/airflow/.local/lib/python3.6/site-packages/airflow/example_dags/example_skip_dag.py
[2023-10-01 00:10:21,397] {scheduler_job.py:639} INFO - DAG(s) dict_keys(['example_skip_dag']) retrieved from /home/airflow/.local/lib/python3.6/site-packages/airflow/example_dags/example_skip_dag.py
[2023-10-01 00:10:21,479] {logging_mixin.py:104} INFO - [2023-10-01 00:10:21,478] {dag.py:1824} INFO - Sync 1 DAGs
[2023-10-01 00:10:21,595] {logging_mixin.py:104} INFO - [2023-10-01 00:10:21,593] {dag.py:2280} INFO - Setting next_dagrun for example_skip_dag to 2023-09-29 00:00:00+00:00
[2023-10-01 00:10:21,672] {scheduler_job.py:190} INFO - Processing /home/airflow/.local/lib/python3.6/site-packages/airflow/example_dags/example_skip_dag.py took 0.351 seconds
[2023-10-01 00:10:52,382] {scheduler_job.py:182} INFO - Started process (PID=684) to work on /home/airflow/.local/lib/python3.6/site-packages/airflow/example_dags/example_skip_dag.py
[2023-10-01 00:10:52,388] {scheduler_job.py:629} INFO - Processing file /home/airflow/.local/lib/python3.6/site-packages/airflow/example_dags/example_skip_dag.py for tasks to queue
[2023-10-01 00:10:52,393] {logging_mixin.py:104} INFO - [2023-10-01 00:10:52,392] {dagbag.py:451} INFO - Filling up the DagBag from /home/airflow/.local/lib/python3.6/site-packages/airflow/example_dags/example_skip_dag.py
[2023-10-01 00:10:52,458] {scheduler_job.py:639} INFO - DAG(s) dict_keys(['example_skip_dag']) retrieved from /home/airflow/.local/lib/python3.6/site-packages/airflow/example_dags/example_skip_dag.py
[2023-10-01 00:10:52,559] {logging_mixin.py:104} INFO - [2023-10-01 00:10:52,559] {dag.py:1824} INFO - Sync 1 DAGs
[2023-10-01 00:10:52,644] {logging_mixin.py:104} INFO - [2023-10-01 00:10:52,643] {dag.py:2280} INFO - Setting next_dagrun for example_skip_dag to 2023-09-29 00:00:00+00:00
[2023-10-01 00:10:52,694] {scheduler_job.py:190} INFO - Processing /home/airflow/.local/lib/python3.6/site-packages/airflow/example_dags/example_skip_dag.py took 0.325 seconds
[2023-10-01 00:11:23,609] {scheduler_job.py:182} INFO - Started process (PID=738) to work on /home/airflow/.local/lib/python3.6/site-packages/airflow/example_dags/example_skip_dag.py
[2023-10-01 00:11:23,639] {scheduler_job.py:629} INFO - Processing file /home/airflow/.local/lib/python3.6/site-packages/airflow/example_dags/example_skip_dag.py for tasks to queue
[2023-10-01 00:11:23,661] {logging_mixin.py:104} INFO - [2023-10-01 00:11:23,658] {dagbag.py:451} INFO - Filling up the DagBag from /home/airflow/.local/lib/python3.6/site-packages/airflow/example_dags/example_skip_dag.py
[2023-10-01 00:11:23,930] {scheduler_job.py:639} INFO - DAG(s) dict_keys(['example_skip_dag']) retrieved from /home/airflow/.local/lib/python3.6/site-packages/airflow/example_dags/example_skip_dag.py
[2023-10-01 00:11:24,221] {logging_mixin.py:104} INFO - [2023-10-01 00:11:24,219] {dag.py:1824} INFO - Sync 1 DAGs
[2023-10-01 00:11:24,427] {logging_mixin.py:104} INFO - [2023-10-01 00:11:24,425] {dag.py:2280} INFO - Setting next_dagrun for example_skip_dag to 2023-09-29 00:00:00+00:00
[2023-10-01 00:12:25,622] {scheduler_job.py:182} INFO - Started process (PID=67) to work on /home/airflow/.local/lib/python3.6/site-packages/airflow/example_dags/example_skip_dag.py
[2023-10-01 00:12:25,671] {scheduler_job.py:629} INFO - Processing file /home/airflow/.local/lib/python3.6/site-packages/airflow/example_dags/example_skip_dag.py for tasks to queue
[2023-10-01 00:12:25,694] {logging_mixin.py:104} INFO - [2023-10-01 00:12:25,679] {dagbag.py:451} INFO - Filling up the DagBag from /home/airflow/.local/lib/python3.6/site-packages/airflow/example_dags/example_skip_dag.py
[2023-10-01 00:12:26,205] {scheduler_job.py:639} INFO - DAG(s) dict_keys(['example_skip_dag']) retrieved from /home/airflow/.local/lib/python3.6/site-packages/airflow/example_dags/example_skip_dag.py
[2023-10-01 00:12:26,854] {logging_mixin.py:104} INFO - [2023-10-01 00:12:26,854] {dag.py:1824} INFO - Sync 1 DAGs
[2023-10-01 00:12:27,244] {logging_mixin.py:104} INFO - [2023-10-01 00:12:27,242] {dag.py:2280} INFO - Setting next_dagrun for example_skip_dag to 2023-09-29 00:00:00+00:00
[2023-10-01 00:12:27,462] {scheduler_job.py:190} INFO - Processing /home/airflow/.local/lib/python3.6/site-packages/airflow/example_dags/example_skip_dag.py took 1.907 seconds
[2023-10-01 00:12:58,307] {scheduler_job.py:182} INFO - Started process (PID=121) to work on /home/airflow/.local/lib/python3.6/site-packages/airflow/example_dags/example_skip_dag.py
[2023-10-01 00:12:58,319] {scheduler_job.py:629} INFO - Processing file /home/airflow/.local/lib/python3.6/site-packages/airflow/example_dags/example_skip_dag.py for tasks to queue
[2023-10-01 00:12:58,329] {logging_mixin.py:104} INFO - [2023-10-01 00:12:58,328] {dagbag.py:451} INFO - Filling up the DagBag from /home/airflow/.local/lib/python3.6/site-packages/airflow/example_dags/example_skip_dag.py
[2023-10-01 00:12:58,503] {scheduler_job.py:639} INFO - DAG(s) dict_keys(['example_skip_dag']) retrieved from /home/airflow/.local/lib/python3.6/site-packages/airflow/example_dags/example_skip_dag.py
[2023-10-01 00:12:58,679] {logging_mixin.py:104} INFO - [2023-10-01 00:12:58,678] {dag.py:1824} INFO - Sync 1 DAGs
[2023-10-01 00:12:58,833] {logging_mixin.py:104} INFO - [2023-10-01 00:12:58,831] {dag.py:2280} INFO - Setting next_dagrun for example_skip_dag to 2023-09-29 00:00:00+00:00
[2023-10-01 00:12:58,911] {scheduler_job.py:190} INFO - Processing /home/airflow/.local/lib/python3.6/site-packages/airflow/example_dags/example_skip_dag.py took 0.623 seconds
[2023-10-01 00:13:29,127] {scheduler_job.py:182} INFO - Started process (PID=175) to work on /home/airflow/.local/lib/python3.6/site-packages/airflow/example_dags/example_skip_dag.py
[2023-10-01 00:13:29,139] {scheduler_job.py:629} INFO - Processing file /home/airflow/.local/lib/python3.6/site-packages/airflow/example_dags/example_skip_dag.py for tasks to queue
[2023-10-01 00:13:29,147] {logging_mixin.py:104} INFO - [2023-10-01 00:13:29,145] {dagbag.py:451} INFO - Filling up the DagBag from /home/airflow/.local/lib/python3.6/site-packages/airflow/example_dags/example_skip_dag.py
[2023-10-01 00:13:29,250] {scheduler_job.py:639} INFO - DAG(s) dict_keys(['example_skip_dag']) retrieved from /home/airflow/.local/lib/python3.6/site-packages/airflow/example_dags/example_skip_dag.py
[2023-10-01 00:13:29,390] {logging_mixin.py:104} INFO - [2023-10-01 00:13:29,389] {dag.py:1824} INFO - Sync 1 DAGs
[2023-10-01 00:13:29,520] {logging_mixin.py:104} INFO - [2023-10-01 00:13:29,519] {dag.py:2280} INFO - Setting next_dagrun for example_skip_dag to 2023-09-29 00:00:00+00:00
[2023-10-01 00:13:29,621] {scheduler_job.py:190} INFO - Processing /home/airflow/.local/lib/python3.6/site-packages/airflow/example_dags/example_skip_dag.py took 0.512 seconds
[2023-10-01 00:14:01,798] {scheduler_job.py:182} INFO - Started process (PID=231) to work on /home/airflow/.local/lib/python3.6/site-packages/airflow/example_dags/example_skip_dag.py
[2023-10-01 00:14:01,834] {scheduler_job.py:629} INFO - Processing file /home/airflow/.local/lib/python3.6/site-packages/airflow/example_dags/example_skip_dag.py for tasks to queue
[2023-10-01 00:14:01,855] {logging_mixin.py:104} INFO - [2023-10-01 00:14:01,854] {dagbag.py:451} INFO - Filling up the DagBag from /home/airflow/.local/lib/python3.6/site-packages/airflow/example_dags/example_skip_dag.py
[2023-10-01 00:14:02,166] {scheduler_job.py:639} INFO - DAG(s) dict_keys(['example_skip_dag']) retrieved from /home/airflow/.local/lib/python3.6/site-packages/airflow/example_dags/example_skip_dag.py
[2023-10-01 00:14:02,400] {logging_mixin.py:104} INFO - [2023-10-01 00:14:02,399] {dag.py:1824} INFO - Sync 1 DAGs
[2023-10-01 00:14:02,570] {logging_mixin.py:104} INFO - [2023-10-01 00:14:02,568] {dag.py:2280} INFO - Setting next_dagrun for example_skip_dag to 2023-09-29 00:00:00+00:00
[2023-10-01 00:14:02,668] {scheduler_job.py:190} INFO - Processing /home/airflow/.local/lib/python3.6/site-packages/airflow/example_dags/example_skip_dag.py took 0.965 seconds
[2023-10-01 00:14:33,485] {scheduler_job.py:182} INFO - Started process (PID=285) to work on /home/airflow/.local/lib/python3.6/site-packages/airflow/example_dags/example_skip_dag.py
[2023-10-01 00:14:33,511] {scheduler_job.py:629} INFO - Processing file /home/airflow/.local/lib/python3.6/site-packages/airflow/example_dags/example_skip_dag.py for tasks to queue
[2023-10-01 00:14:33,524] {logging_mixin.py:104} INFO - [2023-10-01 00:14:33,523] {dagbag.py:451} INFO - Filling up the DagBag from /home/airflow/.local/lib/python3.6/site-packages/airflow/example_dags/example_skip_dag.py
[2023-10-01 00:14:33,657] {scheduler_job.py:639} INFO - DAG(s) dict_keys(['example_skip_dag']) retrieved from /home/airflow/.local/lib/python3.6/site-packages/airflow/example_dags/example_skip_dag.py
[2023-10-01 00:14:33,921] {logging_mixin.py:104} INFO - [2023-10-01 00:14:33,920] {dag.py:1824} INFO - Sync 1 DAGs
[2023-10-01 00:14:34,172] {logging_mixin.py:104} INFO - [2023-10-01 00:14:34,170] {dag.py:2280} INFO - Setting next_dagrun for example_skip_dag to 2023-09-29 00:00:00+00:00
[2023-10-01 00:14:34,308] {scheduler_job.py:190} INFO - Processing /home/airflow/.local/lib/python3.6/site-packages/airflow/example_dags/example_skip_dag.py took 0.857 seconds
[2023-10-01 00:15:04,448] {scheduler_job.py:182} INFO - Started process (PID=339) to work on /home/airflow/.local/lib/python3.6/site-packages/airflow/example_dags/example_skip_dag.py
[2023-10-01 00:15:04,467] {scheduler_job.py:629} INFO - Processing file /home/airflow/.local/lib/python3.6/site-packages/airflow/example_dags/example_skip_dag.py for tasks to queue
[2023-10-01 00:15:04,480] {logging_mixin.py:104} INFO - [2023-10-01 00:15:04,479] {dagbag.py:451} INFO - Filling up the DagBag from /home/airflow/.local/lib/python3.6/site-packages/airflow/example_dags/example_skip_dag.py
[2023-10-01 00:15:04,654] {scheduler_job.py:639} INFO - DAG(s) dict_keys(['example_skip_dag']) retrieved from /home/airflow/.local/lib/python3.6/site-packages/airflow/example_dags/example_skip_dag.py
[2023-10-01 00:15:04,831] {logging_mixin.py:104} INFO - [2023-10-01 00:15:04,829] {dag.py:1824} INFO - Sync 1 DAGs
[2023-10-01 00:15:04,995] {logging_mixin.py:104} INFO - [2023-10-01 00:15:04,993] {dag.py:2280} INFO - Setting next_dagrun for example_skip_dag to 2023-09-29 00:00:00+00:00
[2023-10-01 00:15:05,118] {scheduler_job.py:190} INFO - Processing /home/airflow/.local/lib/python3.6/site-packages/airflow/example_dags/example_skip_dag.py took 0.696 seconds
[2023-10-01 00:15:35,455] {scheduler_job.py:182} INFO - Started process (PID=391) to work on /home/airflow/.local/lib/python3.6/site-packages/airflow/example_dags/example_skip_dag.py
[2023-10-01 00:15:35,495] {scheduler_job.py:629} INFO - Processing file /home/airflow/.local/lib/python3.6/site-packages/airflow/example_dags/example_skip_dag.py for tasks to queue
[2023-10-01 00:15:35,521] {logging_mixin.py:104} INFO - [2023-10-01 00:15:35,519] {dagbag.py:451} INFO - Filling up the DagBag from /home/airflow/.local/lib/python3.6/site-packages/airflow/example_dags/example_skip_dag.py
[2023-10-01 00:15:35,983] {scheduler_job.py:639} INFO - DAG(s) dict_keys(['example_skip_dag']) retrieved from /home/airflow/.local/lib/python3.6/site-packages/airflow/example_dags/example_skip_dag.py
[2023-10-01 00:15:36,450] {logging_mixin.py:104} INFO - [2023-10-01 00:15:36,449] {dag.py:1824} INFO - Sync 1 DAGs
[2023-10-01 00:15:36,715] {logging_mixin.py:104} INFO - [2023-10-01 00:15:36,713] {dag.py:2280} INFO - Setting next_dagrun for example_skip_dag to 2023-09-29 00:00:00+00:00
[2023-10-01 00:15:36,885] {scheduler_job.py:190} INFO - Processing /home/airflow/.local/lib/python3.6/site-packages/airflow/example_dags/example_skip_dag.py took 1.485 seconds
[2023-10-01 00:16:06,963] {scheduler_job.py:182} INFO - Started process (PID=445) to work on /home/airflow/.local/lib/python3.6/site-packages/airflow/example_dags/example_skip_dag.py
[2023-10-01 00:16:06,970] {scheduler_job.py:629} INFO - Processing file /home/airflow/.local/lib/python3.6/site-packages/airflow/example_dags/example_skip_dag.py for tasks to queue
[2023-10-01 00:16:06,974] {logging_mixin.py:104} INFO - [2023-10-01 00:16:06,973] {dagbag.py:451} INFO - Filling up the DagBag from /home/airflow/.local/lib/python3.6/site-packages/airflow/example_dags/example_skip_dag.py
[2023-10-01 00:16:07,024] {scheduler_job.py:639} INFO - DAG(s) dict_keys(['example_skip_dag']) retrieved from /home/airflow/.local/lib/python3.6/site-packages/airflow/example_dags/example_skip_dag.py
[2023-10-01 00:16:07,100] {logging_mixin.py:104} INFO - [2023-10-01 00:16:07,099] {dag.py:1824} INFO - Sync 1 DAGs
[2023-10-01 00:16:07,169] {logging_mixin.py:104} INFO - [2023-10-01 00:16:07,168] {dag.py:2280} INFO - Setting next_dagrun for example_skip_dag to 2023-09-29 00:00:00+00:00
[2023-10-01 00:16:07,205] {scheduler_job.py:190} INFO - Processing /home/airflow/.local/lib/python3.6/site-packages/airflow/example_dags/example_skip_dag.py took 0.252 seconds
[2023-10-01 00:17:22,592] {scheduler_job.py:182} INFO - Started process (PID=66) to work on /home/airflow/.local/lib/python3.6/site-packages/airflow/example_dags/example_skip_dag.py
[2023-10-01 00:17:22,599] {scheduler_job.py:629} INFO - Processing file /home/airflow/.local/lib/python3.6/site-packages/airflow/example_dags/example_skip_dag.py for tasks to queue
[2023-10-01 00:17:22,617] {logging_mixin.py:104} INFO - [2023-10-01 00:17:22,616] {dagbag.py:451} INFO - Filling up the DagBag from /home/airflow/.local/lib/python3.6/site-packages/airflow/example_dags/example_skip_dag.py
[2023-10-01 00:17:22,793] {scheduler_job.py:639} INFO - DAG(s) dict_keys(['example_skip_dag']) retrieved from /home/airflow/.local/lib/python3.6/site-packages/airflow/example_dags/example_skip_dag.py
[2023-10-01 00:17:23,268] {logging_mixin.py:104} INFO - [2023-10-01 00:17:23,253] {dag.py:1824} INFO - Sync 1 DAGs
[2023-10-01 00:17:23,847] {logging_mixin.py:104} INFO - [2023-10-01 00:17:23,846] {dag.py:2280} INFO - Setting next_dagrun for example_skip_dag to 2023-09-29 00:00:00+00:00
[2023-10-01 00:17:24,116] {scheduler_job.py:190} INFO - Processing /home/airflow/.local/lib/python3.6/site-packages/airflow/example_dags/example_skip_dag.py took 1.581 seconds
[2023-10-01 00:17:54,831] {scheduler_job.py:182} INFO - Started process (PID=120) to work on /home/airflow/.local/lib/python3.6/site-packages/airflow/example_dags/example_skip_dag.py
[2023-10-01 00:17:54,869] {scheduler_job.py:629} INFO - Processing file /home/airflow/.local/lib/python3.6/site-packages/airflow/example_dags/example_skip_dag.py for tasks to queue
[2023-10-01 00:17:54,885] {logging_mixin.py:104} INFO - [2023-10-01 00:17:54,884] {dagbag.py:451} INFO - Filling up the DagBag from /home/airflow/.local/lib/python3.6/site-packages/airflow/example_dags/example_skip_dag.py
[2023-10-01 00:17:55,126] {scheduler_job.py:639} INFO - DAG(s) dict_keys(['example_skip_dag']) retrieved from /home/airflow/.local/lib/python3.6/site-packages/airflow/example_dags/example_skip_dag.py
[2023-10-01 00:17:55,409] {logging_mixin.py:104} INFO - [2023-10-01 00:17:55,408] {dag.py:1824} INFO - Sync 1 DAGs
[2023-10-01 00:17:55,616] {logging_mixin.py:104} INFO - [2023-10-01 00:17:55,615] {dag.py:2280} INFO - Setting next_dagrun for example_skip_dag to 2023-09-29 00:00:00+00:00
[2023-10-01 00:17:55,781] {scheduler_job.py:190} INFO - Processing /home/airflow/.local/lib/python3.6/site-packages/airflow/example_dags/example_skip_dag.py took 1.027 seconds
[2023-10-01 00:18:26,011] {scheduler_job.py:182} INFO - Started process (PID=174) to work on /home/airflow/.local/lib/python3.6/site-packages/airflow/example_dags/example_skip_dag.py
[2023-10-01 00:18:26,029] {scheduler_job.py:629} INFO - Processing file /home/airflow/.local/lib/python3.6/site-packages/airflow/example_dags/example_skip_dag.py for tasks to queue
[2023-10-01 00:18:26,037] {logging_mixin.py:104} INFO - [2023-10-01 00:18:26,035] {dagbag.py:451} INFO - Filling up the DagBag from /home/airflow/.local/lib/python3.6/site-packages/airflow/example_dags/example_skip_dag.py
[2023-10-01 00:18:26,281] {scheduler_job.py:639} INFO - DAG(s) dict_keys(['example_skip_dag']) retrieved from /home/airflow/.local/lib/python3.6/site-packages/airflow/example_dags/example_skip_dag.py
[2023-10-01 00:18:26,642] {logging_mixin.py:104} INFO - [2023-10-01 00:18:26,641] {dag.py:1824} INFO - Sync 1 DAGs
[2023-10-01 00:18:26,880] {logging_mixin.py:104} INFO - [2023-10-01 00:18:26,879] {dag.py:2280} INFO - Setting next_dagrun for example_skip_dag to 2023-09-29 00:00:00+00:00
[2023-10-01 00:18:27,003] {scheduler_job.py:190} INFO - Processing /home/airflow/.local/lib/python3.6/site-packages/airflow/example_dags/example_skip_dag.py took 1.038 seconds
[2023-10-01 00:18:57,531] {scheduler_job.py:182} INFO - Started process (PID=230) to work on /home/airflow/.local/lib/python3.6/site-packages/airflow/example_dags/example_skip_dag.py
[2023-10-01 00:18:57,553] {scheduler_job.py:629} INFO - Processing file /home/airflow/.local/lib/python3.6/site-packages/airflow/example_dags/example_skip_dag.py for tasks to queue
[2023-10-01 00:18:57,566] {logging_mixin.py:104} INFO - [2023-10-01 00:18:57,564] {dagbag.py:451} INFO - Filling up the DagBag from /home/airflow/.local/lib/python3.6/site-packages/airflow/example_dags/example_skip_dag.py
[2023-10-01 00:18:57,687] {scheduler_job.py:639} INFO - DAG(s) dict_keys(['example_skip_dag']) retrieved from /home/airflow/.local/lib/python3.6/site-packages/airflow/example_dags/example_skip_dag.py
[2023-10-01 00:18:58,064] {logging_mixin.py:104} INFO - [2023-10-01 00:18:58,063] {dag.py:1824} INFO - Sync 1 DAGs
[2023-10-01 00:18:58,403] {logging_mixin.py:104} INFO - [2023-10-01 00:18:58,402] {dag.py:2280} INFO - Setting next_dagrun for example_skip_dag to 2023-09-29 00:00:00+00:00
[2023-10-01 00:18:58,676] {scheduler_job.py:190} INFO - Processing /home/airflow/.local/lib/python3.6/site-packages/airflow/example_dags/example_skip_dag.py took 1.180 seconds
[2023-10-01 00:19:29,595] {scheduler_job.py:182} INFO - Started process (PID=284) to work on /home/airflow/.local/lib/python3.6/site-packages/airflow/example_dags/example_skip_dag.py
[2023-10-01 00:19:29,623] {scheduler_job.py:629} INFO - Processing file /home/airflow/.local/lib/python3.6/site-packages/airflow/example_dags/example_skip_dag.py for tasks to queue
[2023-10-01 00:19:29,638] {logging_mixin.py:104} INFO - [2023-10-01 00:19:29,636] {dagbag.py:451} INFO - Filling up the DagBag from /home/airflow/.local/lib/python3.6/site-packages/airflow/example_dags/example_skip_dag.py
[2023-10-01 00:19:29,864] {scheduler_job.py:639} INFO - DAG(s) dict_keys(['example_skip_dag']) retrieved from /home/airflow/.local/lib/python3.6/site-packages/airflow/example_dags/example_skip_dag.py
[2023-10-01 00:19:30,114] {logging_mixin.py:104} INFO - [2023-10-01 00:19:30,113] {dag.py:1824} INFO - Sync 1 DAGs
[2023-10-01 00:19:30,345] {logging_mixin.py:104} INFO - [2023-10-01 00:19:30,344] {dag.py:2280} INFO - Setting next_dagrun for example_skip_dag to 2023-09-29 00:00:00+00:00
[2023-10-01 00:19:30,443] {scheduler_job.py:190} INFO - Processing /home/airflow/.local/lib/python3.6/site-packages/airflow/example_dags/example_skip_dag.py took 0.895 seconds
[2023-10-01 00:20:01,055] {scheduler_job.py:182} INFO - Started process (PID=338) to work on /home/airflow/.local/lib/python3.6/site-packages/airflow/example_dags/example_skip_dag.py
[2023-10-01 00:20:01,075] {scheduler_job.py:629} INFO - Processing file /home/airflow/.local/lib/python3.6/site-packages/airflow/example_dags/example_skip_dag.py for tasks to queue
[2023-10-01 00:20:01,086] {logging_mixin.py:104} INFO - [2023-10-01 00:20:01,084] {dagbag.py:451} INFO - Filling up the DagBag from /home/airflow/.local/lib/python3.6/site-packages/airflow/example_dags/example_skip_dag.py
[2023-10-01 00:20:01,257] {scheduler_job.py:639} INFO - DAG(s) dict_keys(['example_skip_dag']) retrieved from /home/airflow/.local/lib/python3.6/site-packages/airflow/example_dags/example_skip_dag.py
[2023-10-01 00:20:01,447] {logging_mixin.py:104} INFO - [2023-10-01 00:20:01,446] {dag.py:1824} INFO - Sync 1 DAGs
[2023-10-01 00:20:01,728] {logging_mixin.py:104} INFO - [2023-10-01 00:20:01,727] {dag.py:2280} INFO - Setting next_dagrun for example_skip_dag to 2023-09-29 00:00:00+00:00
[2023-10-01 00:20:01,897] {scheduler_job.py:190} INFO - Processing /home/airflow/.local/lib/python3.6/site-packages/airflow/example_dags/example_skip_dag.py took 0.876 seconds
[2023-10-01 00:20:32,192] {scheduler_job.py:182} INFO - Started process (PID=392) to work on /home/airflow/.local/lib/python3.6/site-packages/airflow/example_dags/example_skip_dag.py
[2023-10-01 00:20:32,208] {scheduler_job.py:629} INFO - Processing file /home/airflow/.local/lib/python3.6/site-packages/airflow/example_dags/example_skip_dag.py for tasks to queue
[2023-10-01 00:20:32,218] {logging_mixin.py:104} INFO - [2023-10-01 00:20:32,217] {dagbag.py:451} INFO - Filling up the DagBag from /home/airflow/.local/lib/python3.6/site-packages/airflow/example_dags/example_skip_dag.py
[2023-10-01 00:20:32,411] {scheduler_job.py:639} INFO - DAG(s) dict_keys(['example_skip_dag']) retrieved from /home/airflow/.local/lib/python3.6/site-packages/airflow/example_dags/example_skip_dag.py
[2023-10-01 00:20:32,702] {logging_mixin.py:104} INFO - [2023-10-01 00:20:32,699] {dag.py:1824} INFO - Sync 1 DAGs
[2023-10-01 00:20:32,881] {logging_mixin.py:104} INFO - [2023-10-01 00:20:32,875] {dag.py:2280} INFO - Setting next_dagrun for example_skip_dag to 2023-09-29 00:00:00+00:00
[2023-10-01 00:20:33,003] {scheduler_job.py:190} INFO - Processing /home/airflow/.local/lib/python3.6/site-packages/airflow/example_dags/example_skip_dag.py took 0.858 seconds
[2023-10-01 00:21:03,333] {scheduler_job.py:182} INFO - Started process (PID=446) to work on /home/airflow/.local/lib/python3.6/site-packages/airflow/example_dags/example_skip_dag.py
[2023-10-01 00:21:03,349] {scheduler_job.py:629} INFO - Processing file /home/airflow/.local/lib/python3.6/site-packages/airflow/example_dags/example_skip_dag.py for tasks to queue
[2023-10-01 00:21:03,366] {logging_mixin.py:104} INFO - [2023-10-01 00:21:03,363] {dagbag.py:451} INFO - Filling up the DagBag from /home/airflow/.local/lib/python3.6/site-packages/airflow/example_dags/example_skip_dag.py
[2023-10-01 00:21:03,513] {scheduler_job.py:639} INFO - DAG(s) dict_keys(['example_skip_dag']) retrieved from /home/airflow/.local/lib/python3.6/site-packages/airflow/example_dags/example_skip_dag.py
[2023-10-01 00:21:03,703] {logging_mixin.py:104} INFO - [2023-10-01 00:21:03,702] {dag.py:1824} INFO - Sync 1 DAGs
[2023-10-01 00:21:03,900] {logging_mixin.py:104} INFO - [2023-10-01 00:21:03,894] {dag.py:2280} INFO - Setting next_dagrun for example_skip_dag to 2023-09-29 00:00:00+00:00
[2023-10-01 00:21:03,984] {scheduler_job.py:190} INFO - Processing /home/airflow/.local/lib/python3.6/site-packages/airflow/example_dags/example_skip_dag.py took 0.683 seconds
[2023-10-01 00:21:34,368] {scheduler_job.py:182} INFO - Started process (PID=500) to work on /home/airflow/.local/lib/python3.6/site-packages/airflow/example_dags/example_skip_dag.py
[2023-10-01 00:21:34,391] {scheduler_job.py:629} INFO - Processing file /home/airflow/.local/lib/python3.6/site-packages/airflow/example_dags/example_skip_dag.py for tasks to queue
[2023-10-01 00:21:34,406] {logging_mixin.py:104} INFO - [2023-10-01 00:21:34,406] {dagbag.py:451} INFO - Filling up the DagBag from /home/airflow/.local/lib/python3.6/site-packages/airflow/example_dags/example_skip_dag.py
[2023-10-01 00:21:34,611] {scheduler_job.py:639} INFO - DAG(s) dict_keys(['example_skip_dag']) retrieved from /home/airflow/.local/lib/python3.6/site-packages/airflow/example_dags/example_skip_dag.py
[2023-10-01 00:21:34,821] {logging_mixin.py:104} INFO - [2023-10-01 00:21:34,819] {dag.py:1824} INFO - Sync 1 DAGs
[2023-10-01 00:21:34,996] {logging_mixin.py:104} INFO - [2023-10-01 00:21:34,995] {dag.py:2280} INFO - Setting next_dagrun for example_skip_dag to 2023-09-29 00:00:00+00:00
[2023-10-01 00:21:35,091] {scheduler_job.py:190} INFO - Processing /home/airflow/.local/lib/python3.6/site-packages/airflow/example_dags/example_skip_dag.py took 0.759 seconds
[2023-10-01 00:22:05,223] {scheduler_job.py:182} INFO - Started process (PID=554) to work on /home/airflow/.local/lib/python3.6/site-packages/airflow/example_dags/example_skip_dag.py
[2023-10-01 00:22:05,229] {scheduler_job.py:629} INFO - Processing file /home/airflow/.local/lib/python3.6/site-packages/airflow/example_dags/example_skip_dag.py for tasks to queue
[2023-10-01 00:22:05,234] {logging_mixin.py:104} INFO - [2023-10-01 00:22:05,233] {dagbag.py:451} INFO - Filling up the DagBag from /home/airflow/.local/lib/python3.6/site-packages/airflow/example_dags/example_skip_dag.py
[2023-10-01 00:22:05,291] {scheduler_job.py:639} INFO - DAG(s) dict_keys(['example_skip_dag']) retrieved from /home/airflow/.local/lib/python3.6/site-packages/airflow/example_dags/example_skip_dag.py
[2023-10-01 00:22:05,380] {logging_mixin.py:104} INFO - [2023-10-01 00:22:05,379] {dag.py:1824} INFO - Sync 1 DAGs
[2023-10-01 00:22:05,446] {logging_mixin.py:104} INFO - [2023-10-01 00:22:05,445] {dag.py:2280} INFO - Setting next_dagrun for example_skip_dag to 2023-09-29 00:00:00+00:00
[2023-10-01 00:22:05,482] {scheduler_job.py:190} INFO - Processing /home/airflow/.local/lib/python3.6/site-packages/airflow/example_dags/example_skip_dag.py took 0.270 seconds
[2023-10-01 00:22:36,093] {scheduler_job.py:182} INFO - Started process (PID=608) to work on /home/airflow/.local/lib/python3.6/site-packages/airflow/example_dags/example_skip_dag.py
[2023-10-01 00:22:36,100] {scheduler_job.py:629} INFO - Processing file /home/airflow/.local/lib/python3.6/site-packages/airflow/example_dags/example_skip_dag.py for tasks to queue
[2023-10-01 00:22:36,104] {logging_mixin.py:104} INFO - [2023-10-01 00:22:36,104] {dagbag.py:451} INFO - Filling up the DagBag from /home/airflow/.local/lib/python3.6/site-packages/airflow/example_dags/example_skip_dag.py
[2023-10-01 00:22:36,175] {scheduler_job.py:639} INFO - DAG(s) dict_keys(['example_skip_dag']) retrieved from /home/airflow/.local/lib/python3.6/site-packages/airflow/example_dags/example_skip_dag.py
[2023-10-01 00:22:36,270] {logging_mixin.py:104} INFO - [2023-10-01 00:22:36,269] {dag.py:1824} INFO - Sync 1 DAGs
[2023-10-01 00:22:36,349] {logging_mixin.py:104} INFO - [2023-10-01 00:22:36,348] {dag.py:2280} INFO - Setting next_dagrun for example_skip_dag to 2023-09-29 00:00:00+00:00
[2023-10-01 00:22:36,391] {scheduler_job.py:190} INFO - Processing /home/airflow/.local/lib/python3.6/site-packages/airflow/example_dags/example_skip_dag.py took 0.312 seconds
[2023-10-01 00:23:06,949] {scheduler_job.py:182} INFO - Started process (PID=662) to work on /home/airflow/.local/lib/python3.6/site-packages/airflow/example_dags/example_skip_dag.py
[2023-10-01 00:23:06,956] {scheduler_job.py:629} INFO - Processing file /home/airflow/.local/lib/python3.6/site-packages/airflow/example_dags/example_skip_dag.py for tasks to queue
[2023-10-01 00:23:06,960] {logging_mixin.py:104} INFO - [2023-10-01 00:23:06,959] {dagbag.py:451} INFO - Filling up the DagBag from /home/airflow/.local/lib/python3.6/site-packages/airflow/example_dags/example_skip_dag.py
[2023-10-01 00:23:07,012] {scheduler_job.py:639} INFO - DAG(s) dict_keys(['example_skip_dag']) retrieved from /home/airflow/.local/lib/python3.6/site-packages/airflow/example_dags/example_skip_dag.py
[2023-10-01 00:23:07,098] {logging_mixin.py:104} INFO - [2023-10-01 00:23:07,098] {dag.py:1824} INFO - Sync 1 DAGs
[2023-10-01 00:23:07,172] {logging_mixin.py:104} INFO - [2023-10-01 00:23:07,172] {dag.py:2280} INFO - Setting next_dagrun for example_skip_dag to 2023-09-29 00:00:00+00:00
[2023-10-01 00:23:07,218] {scheduler_job.py:190} INFO - Processing /home/airflow/.local/lib/python3.6/site-packages/airflow/example_dags/example_skip_dag.py took 0.279 seconds
[2023-10-01 00:23:37,519] {scheduler_job.py:182} INFO - Started process (PID=716) to work on /home/airflow/.local/lib/python3.6/site-packages/airflow/example_dags/example_skip_dag.py
[2023-10-01 00:23:37,529] {scheduler_job.py:629} INFO - Processing file /home/airflow/.local/lib/python3.6/site-packages/airflow/example_dags/example_skip_dag.py for tasks to queue
[2023-10-01 00:23:37,542] {logging_mixin.py:104} INFO - [2023-10-01 00:23:37,536] {dagbag.py:451} INFO - Filling up the DagBag from /home/airflow/.local/lib/python3.6/site-packages/airflow/example_dags/example_skip_dag.py
[2023-10-01 00:23:37,651] {scheduler_job.py:639} INFO - DAG(s) dict_keys(['example_skip_dag']) retrieved from /home/airflow/.local/lib/python3.6/site-packages/airflow/example_dags/example_skip_dag.py
[2023-10-01 00:23:37,737] {logging_mixin.py:104} INFO - [2023-10-01 00:23:37,736] {dag.py:1824} INFO - Sync 1 DAGs
[2023-10-01 00:23:37,814] {logging_mixin.py:104} INFO - [2023-10-01 00:23:37,813] {dag.py:2280} INFO - Setting next_dagrun for example_skip_dag to 2023-09-29 00:00:00+00:00
[2023-10-01 00:23:37,852] {scheduler_job.py:190} INFO - Processing /home/airflow/.local/lib/python3.6/site-packages/airflow/example_dags/example_skip_dag.py took 0.353 seconds
[2023-10-01 00:24:08,048] {scheduler_job.py:182} INFO - Started process (PID=770) to work on /home/airflow/.local/lib/python3.6/site-packages/airflow/example_dags/example_skip_dag.py
[2023-10-01 00:24:08,058] {scheduler_job.py:629} INFO - Processing file /home/airflow/.local/lib/python3.6/site-packages/airflow/example_dags/example_skip_dag.py for tasks to queue
[2023-10-01 00:24:08,062] {logging_mixin.py:104} INFO - [2023-10-01 00:24:08,062] {dagbag.py:451} INFO - Filling up the DagBag from /home/airflow/.local/lib/python3.6/site-packages/airflow/example_dags/example_skip_dag.py
[2023-10-01 00:24:08,124] {scheduler_job.py:639} INFO - DAG(s) dict_keys(['example_skip_dag']) retrieved from /home/airflow/.local/lib/python3.6/site-packages/airflow/example_dags/example_skip_dag.py
[2023-10-01 00:24:08,232] {logging_mixin.py:104} INFO - [2023-10-01 00:24:08,231] {dag.py:1824} INFO - Sync 1 DAGs
[2023-10-01 00:24:08,335] {logging_mixin.py:104} INFO - [2023-10-01 00:24:08,334] {dag.py:2280} INFO - Setting next_dagrun for example_skip_dag to 2023-09-29 00:00:00+00:00
[2023-10-01 00:24:08,383] {scheduler_job.py:190} INFO - Processing /home/airflow/.local/lib/python3.6/site-packages/airflow/example_dags/example_skip_dag.py took 0.349 seconds
[2023-10-01 00:24:38,791] {scheduler_job.py:182} INFO - Started process (PID=824) to work on /home/airflow/.local/lib/python3.6/site-packages/airflow/example_dags/example_skip_dag.py
[2023-10-01 00:24:38,819] {scheduler_job.py:629} INFO - Processing file /home/airflow/.local/lib/python3.6/site-packages/airflow/example_dags/example_skip_dag.py for tasks to queue
[2023-10-01 00:24:38,826] {logging_mixin.py:104} INFO - [2023-10-01 00:24:38,825] {dagbag.py:451} INFO - Filling up the DagBag from /home/airflow/.local/lib/python3.6/site-packages/airflow/example_dags/example_skip_dag.py
[2023-10-01 00:24:38,970] {scheduler_job.py:639} INFO - DAG(s) dict_keys(['example_skip_dag']) retrieved from /home/airflow/.local/lib/python3.6/site-packages/airflow/example_dags/example_skip_dag.py
[2023-10-01 00:24:39,065] {logging_mixin.py:104} INFO - [2023-10-01 00:24:39,065] {dag.py:1824} INFO - Sync 1 DAGs
[2023-10-01 00:24:39,159] {logging_mixin.py:104} INFO - [2023-10-01 00:24:39,159] {dag.py:2280} INFO - Setting next_dagrun for example_skip_dag to 2023-09-29 00:00:00+00:00
[2023-10-01 00:24:39,207] {scheduler_job.py:190} INFO - Processing /home/airflow/.local/lib/python3.6/site-packages/airflow/example_dags/example_skip_dag.py took 0.440 seconds
[2023-10-01 00:25:09,456] {scheduler_job.py:182} INFO - Started process (PID=878) to work on /home/airflow/.local/lib/python3.6/site-packages/airflow/example_dags/example_skip_dag.py
[2023-10-01 00:25:09,473] {scheduler_job.py:629} INFO - Processing file /home/airflow/.local/lib/python3.6/site-packages/airflow/example_dags/example_skip_dag.py for tasks to queue
[2023-10-01 00:25:09,483] {logging_mixin.py:104} INFO - [2023-10-01 00:25:09,482] {dagbag.py:451} INFO - Filling up the DagBag from /home/airflow/.local/lib/python3.6/site-packages/airflow/example_dags/example_skip_dag.py
[2023-10-01 00:25:09,658] {scheduler_job.py:639} INFO - DAG(s) dict_keys(['example_skip_dag']) retrieved from /home/airflow/.local/lib/python3.6/site-packages/airflow/example_dags/example_skip_dag.py
[2023-10-01 00:25:10,070] {logging_mixin.py:104} INFO - [2023-10-01 00:25:10,068] {dag.py:1824} INFO - Sync 1 DAGs
[2023-10-01 00:25:10,909] {logging_mixin.py:104} INFO - [2023-10-01 00:25:10,905] {dag.py:2280} INFO - Setting next_dagrun for example_skip_dag to 2023-09-29 00:00:00+00:00
[2023-10-01 00:25:11,300] {scheduler_job.py:190} INFO - Processing /home/airflow/.local/lib/python3.6/site-packages/airflow/example_dags/example_skip_dag.py took 1.868 seconds
