[2023-10-01 00:05:16,815] {scheduler_job.py:182} INFO - Started process (PID=104) to work on /home/airflow/.local/lib/python3.6/site-packages/airflow/example_dags/example_xcomargs.py
[2023-10-01 00:05:16,840] {scheduler_job.py:629} INFO - Processing file /home/airflow/.local/lib/python3.6/site-packages/airflow/example_dags/example_xcomargs.py for tasks to queue
[2023-10-01 00:05:16,851] {logging_mixin.py:104} INFO - [2023-10-01 00:05:16,850] {dagbag.py:451} INFO - Filling up the DagBag from /home/airflow/.local/lib/python3.6/site-packages/airflow/example_dags/example_xcomargs.py
[2023-10-01 00:05:17,057] {scheduler_job.py:639} INFO - DAG(s) dict_keys(['example_xcom_args', 'example_xcom_args_with_operators']) retrieved from /home/airflow/.local/lib/python3.6/site-packages/airflow/example_dags/example_xcomargs.py
[2023-10-01 00:05:17,353] {logging_mixin.py:104} INFO - [2023-10-01 00:05:17,352] {dag.py:1824} INFO - Sync 2 DAGs
[2023-10-01 00:05:17,518] {logging_mixin.py:104} INFO - [2023-10-01 00:05:17,517] {dag.py:1843} INFO - Creating ORM DAG for example_xcom_args_with_operators
[2023-10-01 00:05:17,527] {logging_mixin.py:104} INFO - [2023-10-01 00:05:17,526] {dag.py:1843} INFO - Creating ORM DAG for example_xcom_args
[2023-10-01 00:05:17,604] {logging_mixin.py:104} INFO - [2023-10-01 00:05:17,603] {dag.py:2280} INFO - Setting next_dagrun for example_xcom_args to None
[2023-10-01 00:05:17,622] {logging_mixin.py:104} INFO - [2023-10-01 00:05:17,621] {dag.py:2280} INFO - Setting next_dagrun for example_xcom_args_with_operators to None
[2023-10-01 00:05:17,782] {scheduler_job.py:190} INFO - Processing /home/airflow/.local/lib/python3.6/site-packages/airflow/example_dags/example_xcomargs.py took 1.001 seconds
[2023-10-01 00:05:47,932] {scheduler_job.py:182} INFO - Started process (PID=158) to work on /home/airflow/.local/lib/python3.6/site-packages/airflow/example_dags/example_xcomargs.py
[2023-10-01 00:05:47,954] {scheduler_job.py:629} INFO - Processing file /home/airflow/.local/lib/python3.6/site-packages/airflow/example_dags/example_xcomargs.py for tasks to queue
[2023-10-01 00:05:47,961] {logging_mixin.py:104} INFO - [2023-10-01 00:05:47,960] {dagbag.py:451} INFO - Filling up the DagBag from /home/airflow/.local/lib/python3.6/site-packages/airflow/example_dags/example_xcomargs.py
[2023-10-01 00:05:48,215] {scheduler_job.py:639} INFO - DAG(s) dict_keys(['example_xcom_args', 'example_xcom_args_with_operators']) retrieved from /home/airflow/.local/lib/python3.6/site-packages/airflow/example_dags/example_xcomargs.py
[2023-10-01 00:05:48,436] {logging_mixin.py:104} INFO - [2023-10-01 00:05:48,435] {dag.py:1824} INFO - Sync 2 DAGs
[2023-10-01 00:05:48,557] {logging_mixin.py:104} INFO - [2023-10-01 00:05:48,556] {dag.py:2280} INFO - Setting next_dagrun for example_xcom_args to None
[2023-10-01 00:05:48,568] {logging_mixin.py:104} INFO - [2023-10-01 00:05:48,567] {dag.py:2280} INFO - Setting next_dagrun for example_xcom_args_with_operators to None
[2023-10-01 00:05:48,677] {scheduler_job.py:190} INFO - Processing /home/airflow/.local/lib/python3.6/site-packages/airflow/example_dags/example_xcomargs.py took 0.765 seconds
[2023-10-01 00:06:18,822] {scheduler_job.py:182} INFO - Started process (PID=212) to work on /home/airflow/.local/lib/python3.6/site-packages/airflow/example_dags/example_xcomargs.py
[2023-10-01 00:06:18,838] {scheduler_job.py:629} INFO - Processing file /home/airflow/.local/lib/python3.6/site-packages/airflow/example_dags/example_xcomargs.py for tasks to queue
[2023-10-01 00:06:18,844] {logging_mixin.py:104} INFO - [2023-10-01 00:06:18,843] {dagbag.py:451} INFO - Filling up the DagBag from /home/airflow/.local/lib/python3.6/site-packages/airflow/example_dags/example_xcomargs.py
[2023-10-01 00:06:18,952] {scheduler_job.py:639} INFO - DAG(s) dict_keys(['example_xcom_args', 'example_xcom_args_with_operators']) retrieved from /home/airflow/.local/lib/python3.6/site-packages/airflow/example_dags/example_xcomargs.py
[2023-10-01 00:06:19,224] {logging_mixin.py:104} INFO - [2023-10-01 00:06:19,224] {dag.py:1824} INFO - Sync 2 DAGs
[2023-10-01 00:06:19,355] {logging_mixin.py:104} INFO - [2023-10-01 00:06:19,355] {dag.py:2280} INFO - Setting next_dagrun for example_xcom_args to None
[2023-10-01 00:06:19,365] {logging_mixin.py:104} INFO - [2023-10-01 00:06:19,364] {dag.py:2280} INFO - Setting next_dagrun for example_xcom_args_with_operators to None
[2023-10-01 00:06:19,439] {scheduler_job.py:190} INFO - Processing /home/airflow/.local/lib/python3.6/site-packages/airflow/example_dags/example_xcomargs.py took 0.630 seconds
[2023-10-01 00:06:50,018] {scheduler_job.py:182} INFO - Started process (PID=266) to work on /home/airflow/.local/lib/python3.6/site-packages/airflow/example_dags/example_xcomargs.py
[2023-10-01 00:06:50,035] {scheduler_job.py:629} INFO - Processing file /home/airflow/.local/lib/python3.6/site-packages/airflow/example_dags/example_xcomargs.py for tasks to queue
[2023-10-01 00:06:50,041] {logging_mixin.py:104} INFO - [2023-10-01 00:06:50,040] {dagbag.py:451} INFO - Filling up the DagBag from /home/airflow/.local/lib/python3.6/site-packages/airflow/example_dags/example_xcomargs.py
[2023-10-01 00:06:50,268] {scheduler_job.py:639} INFO - DAG(s) dict_keys(['example_xcom_args', 'example_xcom_args_with_operators']) retrieved from /home/airflow/.local/lib/python3.6/site-packages/airflow/example_dags/example_xcomargs.py
[2023-10-01 00:06:50,635] {logging_mixin.py:104} INFO - [2023-10-01 00:06:50,634] {dag.py:1824} INFO - Sync 2 DAGs
[2023-10-01 00:06:50,834] {logging_mixin.py:104} INFO - [2023-10-01 00:06:50,833] {dag.py:2280} INFO - Setting next_dagrun for example_xcom_args to None
[2023-10-01 00:06:50,845] {logging_mixin.py:104} INFO - [2023-10-01 00:06:50,844] {dag.py:2280} INFO - Setting next_dagrun for example_xcom_args_with_operators to None
[2023-10-01 00:06:51,004] {scheduler_job.py:190} INFO - Processing /home/airflow/.local/lib/python3.6/site-packages/airflow/example_dags/example_xcomargs.py took 1.003 seconds
[2023-10-01 00:07:21,797] {scheduler_job.py:182} INFO - Started process (PID=320) to work on /home/airflow/.local/lib/python3.6/site-packages/airflow/example_dags/example_xcomargs.py
[2023-10-01 00:07:21,813] {scheduler_job.py:629} INFO - Processing file /home/airflow/.local/lib/python3.6/site-packages/airflow/example_dags/example_xcomargs.py for tasks to queue
[2023-10-01 00:07:21,820] {logging_mixin.py:104} INFO - [2023-10-01 00:07:21,819] {dagbag.py:451} INFO - Filling up the DagBag from /home/airflow/.local/lib/python3.6/site-packages/airflow/example_dags/example_xcomargs.py
[2023-10-01 00:07:22,087] {scheduler_job.py:639} INFO - DAG(s) dict_keys(['example_xcom_args', 'example_xcom_args_with_operators']) retrieved from /home/airflow/.local/lib/python3.6/site-packages/airflow/example_dags/example_xcomargs.py
[2023-10-01 00:07:22,634] {logging_mixin.py:104} INFO - [2023-10-01 00:07:22,632] {dag.py:1824} INFO - Sync 2 DAGs
[2023-10-01 00:07:22,868] {logging_mixin.py:104} INFO - [2023-10-01 00:07:22,866] {dag.py:2280} INFO - Setting next_dagrun for example_xcom_args to None
[2023-10-01 00:07:22,881] {logging_mixin.py:104} INFO - [2023-10-01 00:07:22,880] {dag.py:2280} INFO - Setting next_dagrun for example_xcom_args_with_operators to None
[2023-10-01 00:07:23,088] {scheduler_job.py:190} INFO - Processing /home/airflow/.local/lib/python3.6/site-packages/airflow/example_dags/example_xcomargs.py took 1.309 seconds
[2023-10-01 00:07:53,278] {scheduler_job.py:182} INFO - Started process (PID=374) to work on /home/airflow/.local/lib/python3.6/site-packages/airflow/example_dags/example_xcomargs.py
[2023-10-01 00:07:53,294] {scheduler_job.py:629} INFO - Processing file /home/airflow/.local/lib/python3.6/site-packages/airflow/example_dags/example_xcomargs.py for tasks to queue
[2023-10-01 00:07:53,301] {logging_mixin.py:104} INFO - [2023-10-01 00:07:53,300] {dagbag.py:451} INFO - Filling up the DagBag from /home/airflow/.local/lib/python3.6/site-packages/airflow/example_dags/example_xcomargs.py
[2023-10-01 00:07:53,522] {scheduler_job.py:639} INFO - DAG(s) dict_keys(['example_xcom_args', 'example_xcom_args_with_operators']) retrieved from /home/airflow/.local/lib/python3.6/site-packages/airflow/example_dags/example_xcomargs.py
[2023-10-01 00:07:53,863] {logging_mixin.py:104} INFO - [2023-10-01 00:07:53,862] {dag.py:1824} INFO - Sync 2 DAGs
[2023-10-01 00:07:54,006] {logging_mixin.py:104} INFO - [2023-10-01 00:07:54,005] {dag.py:2280} INFO - Setting next_dagrun for example_xcom_args to None
[2023-10-01 00:07:54,023] {logging_mixin.py:104} INFO - [2023-10-01 00:07:54,019] {dag.py:2280} INFO - Setting next_dagrun for example_xcom_args_with_operators to None
[2023-10-01 00:07:54,196] {scheduler_job.py:190} INFO - Processing /home/airflow/.local/lib/python3.6/site-packages/airflow/example_dags/example_xcomargs.py took 0.944 seconds
[2023-10-01 00:08:24,394] {scheduler_job.py:182} INFO - Started process (PID=428) to work on /home/airflow/.local/lib/python3.6/site-packages/airflow/example_dags/example_xcomargs.py
[2023-10-01 00:08:24,410] {scheduler_job.py:629} INFO - Processing file /home/airflow/.local/lib/python3.6/site-packages/airflow/example_dags/example_xcomargs.py for tasks to queue
[2023-10-01 00:08:24,422] {logging_mixin.py:104} INFO - [2023-10-01 00:08:24,421] {dagbag.py:451} INFO - Filling up the DagBag from /home/airflow/.local/lib/python3.6/site-packages/airflow/example_dags/example_xcomargs.py
[2023-10-01 00:08:24,517] {scheduler_job.py:639} INFO - DAG(s) dict_keys(['example_xcom_args', 'example_xcom_args_with_operators']) retrieved from /home/airflow/.local/lib/python3.6/site-packages/airflow/example_dags/example_xcomargs.py
[2023-10-01 00:08:24,709] {logging_mixin.py:104} INFO - [2023-10-01 00:08:24,707] {dag.py:1824} INFO - Sync 2 DAGs
[2023-10-01 00:08:24,808] {logging_mixin.py:104} INFO - [2023-10-01 00:08:24,807] {dag.py:2280} INFO - Setting next_dagrun for example_xcom_args to None
[2023-10-01 00:08:24,817] {logging_mixin.py:104} INFO - [2023-10-01 00:08:24,816] {dag.py:2280} INFO - Setting next_dagrun for example_xcom_args_with_operators to None
[2023-10-01 00:08:25,006] {scheduler_job.py:190} INFO - Processing /home/airflow/.local/lib/python3.6/site-packages/airflow/example_dags/example_xcomargs.py took 0.636 seconds
[2023-10-01 00:08:55,213] {scheduler_job.py:182} INFO - Started process (PID=482) to work on /home/airflow/.local/lib/python3.6/site-packages/airflow/example_dags/example_xcomargs.py
[2023-10-01 00:08:55,219] {scheduler_job.py:629} INFO - Processing file /home/airflow/.local/lib/python3.6/site-packages/airflow/example_dags/example_xcomargs.py for tasks to queue
[2023-10-01 00:08:55,223] {logging_mixin.py:104} INFO - [2023-10-01 00:08:55,223] {dagbag.py:451} INFO - Filling up the DagBag from /home/airflow/.local/lib/python3.6/site-packages/airflow/example_dags/example_xcomargs.py
[2023-10-01 00:08:55,311] {scheduler_job.py:639} INFO - DAG(s) dict_keys(['example_xcom_args', 'example_xcom_args_with_operators']) retrieved from /home/airflow/.local/lib/python3.6/site-packages/airflow/example_dags/example_xcomargs.py
[2023-10-01 00:08:55,437] {logging_mixin.py:104} INFO - [2023-10-01 00:08:55,436] {dag.py:1824} INFO - Sync 2 DAGs
[2023-10-01 00:08:55,532] {logging_mixin.py:104} INFO - [2023-10-01 00:08:55,531] {dag.py:2280} INFO - Setting next_dagrun for example_xcom_args to None
[2023-10-01 00:08:55,538] {logging_mixin.py:104} INFO - [2023-10-01 00:08:55,537] {dag.py:2280} INFO - Setting next_dagrun for example_xcom_args_with_operators to None
[2023-10-01 00:08:55,594] {scheduler_job.py:190} INFO - Processing /home/airflow/.local/lib/python3.6/site-packages/airflow/example_dags/example_xcomargs.py took 0.391 seconds
[2023-10-01 00:09:25,937] {scheduler_job.py:182} INFO - Started process (PID=536) to work on /home/airflow/.local/lib/python3.6/site-packages/airflow/example_dags/example_xcomargs.py
[2023-10-01 00:09:25,943] {scheduler_job.py:629} INFO - Processing file /home/airflow/.local/lib/python3.6/site-packages/airflow/example_dags/example_xcomargs.py for tasks to queue
[2023-10-01 00:09:25,947] {logging_mixin.py:104} INFO - [2023-10-01 00:09:25,946] {dagbag.py:451} INFO - Filling up the DagBag from /home/airflow/.local/lib/python3.6/site-packages/airflow/example_dags/example_xcomargs.py
[2023-10-01 00:09:26,029] {scheduler_job.py:639} INFO - DAG(s) dict_keys(['example_xcom_args', 'example_xcom_args_with_operators']) retrieved from /home/airflow/.local/lib/python3.6/site-packages/airflow/example_dags/example_xcomargs.py
[2023-10-01 00:09:26,146] {logging_mixin.py:104} INFO - [2023-10-01 00:09:26,146] {dag.py:1824} INFO - Sync 2 DAGs
[2023-10-01 00:09:26,217] {logging_mixin.py:104} INFO - [2023-10-01 00:09:26,216] {dag.py:2280} INFO - Setting next_dagrun for example_xcom_args to None
[2023-10-01 00:09:26,223] {logging_mixin.py:104} INFO - [2023-10-01 00:09:26,223] {dag.py:2280} INFO - Setting next_dagrun for example_xcom_args_with_operators to None
[2023-10-01 00:09:26,273] {scheduler_job.py:190} INFO - Processing /home/airflow/.local/lib/python3.6/site-packages/airflow/example_dags/example_xcomargs.py took 0.346 seconds
[2023-10-01 00:09:56,473] {scheduler_job.py:182} INFO - Started process (PID=590) to work on /home/airflow/.local/lib/python3.6/site-packages/airflow/example_dags/example_xcomargs.py
[2023-10-01 00:09:56,479] {scheduler_job.py:629} INFO - Processing file /home/airflow/.local/lib/python3.6/site-packages/airflow/example_dags/example_xcomargs.py for tasks to queue
[2023-10-01 00:09:56,485] {logging_mixin.py:104} INFO - [2023-10-01 00:09:56,484] {dagbag.py:451} INFO - Filling up the DagBag from /home/airflow/.local/lib/python3.6/site-packages/airflow/example_dags/example_xcomargs.py
[2023-10-01 00:09:56,574] {scheduler_job.py:639} INFO - DAG(s) dict_keys(['example_xcom_args', 'example_xcom_args_with_operators']) retrieved from /home/airflow/.local/lib/python3.6/site-packages/airflow/example_dags/example_xcomargs.py
[2023-10-01 00:09:56,689] {logging_mixin.py:104} INFO - [2023-10-01 00:09:56,689] {dag.py:1824} INFO - Sync 2 DAGs
[2023-10-01 00:09:56,761] {logging_mixin.py:104} INFO - [2023-10-01 00:09:56,760] {dag.py:2280} INFO - Setting next_dagrun for example_xcom_args to None
[2023-10-01 00:09:56,766] {logging_mixin.py:104} INFO - [2023-10-01 00:09:56,765] {dag.py:2280} INFO - Setting next_dagrun for example_xcom_args_with_operators to None
[2023-10-01 00:09:56,823] {scheduler_job.py:190} INFO - Processing /home/airflow/.local/lib/python3.6/site-packages/airflow/example_dags/example_xcomargs.py took 0.360 seconds
[2023-10-01 00:10:26,915] {scheduler_job.py:182} INFO - Started process (PID=644) to work on /home/airflow/.local/lib/python3.6/site-packages/airflow/example_dags/example_xcomargs.py
[2023-10-01 00:10:26,929] {scheduler_job.py:629} INFO - Processing file /home/airflow/.local/lib/python3.6/site-packages/airflow/example_dags/example_xcomargs.py for tasks to queue
[2023-10-01 00:10:26,938] {logging_mixin.py:104} INFO - [2023-10-01 00:10:26,937] {dagbag.py:451} INFO - Filling up the DagBag from /home/airflow/.local/lib/python3.6/site-packages/airflow/example_dags/example_xcomargs.py
[2023-10-01 00:10:27,044] {scheduler_job.py:639} INFO - DAG(s) dict_keys(['example_xcom_args', 'example_xcom_args_with_operators']) retrieved from /home/airflow/.local/lib/python3.6/site-packages/airflow/example_dags/example_xcomargs.py
[2023-10-01 00:10:27,176] {logging_mixin.py:104} INFO - [2023-10-01 00:10:27,175] {dag.py:1824} INFO - Sync 2 DAGs
[2023-10-01 00:10:27,255] {logging_mixin.py:104} INFO - [2023-10-01 00:10:27,254] {dag.py:2280} INFO - Setting next_dagrun for example_xcom_args to None
[2023-10-01 00:10:27,261] {logging_mixin.py:104} INFO - [2023-10-01 00:10:27,261] {dag.py:2280} INFO - Setting next_dagrun for example_xcom_args_with_operators to None
[2023-10-01 00:10:27,321] {scheduler_job.py:190} INFO - Processing /home/airflow/.local/lib/python3.6/site-packages/airflow/example_dags/example_xcomargs.py took 0.430 seconds
[2023-10-01 00:10:57,415] {scheduler_job.py:182} INFO - Started process (PID=698) to work on /home/airflow/.local/lib/python3.6/site-packages/airflow/example_dags/example_xcomargs.py
[2023-10-01 00:10:57,422] {scheduler_job.py:629} INFO - Processing file /home/airflow/.local/lib/python3.6/site-packages/airflow/example_dags/example_xcomargs.py for tasks to queue
[2023-10-01 00:10:57,429] {logging_mixin.py:104} INFO - [2023-10-01 00:10:57,428] {dagbag.py:451} INFO - Filling up the DagBag from /home/airflow/.local/lib/python3.6/site-packages/airflow/example_dags/example_xcomargs.py
[2023-10-01 00:10:57,520] {scheduler_job.py:639} INFO - DAG(s) dict_keys(['example_xcom_args', 'example_xcom_args_with_operators']) retrieved from /home/airflow/.local/lib/python3.6/site-packages/airflow/example_dags/example_xcomargs.py
[2023-10-01 00:10:57,663] {logging_mixin.py:104} INFO - [2023-10-01 00:10:57,662] {dag.py:1824} INFO - Sync 2 DAGs
[2023-10-01 00:10:57,744] {logging_mixin.py:104} INFO - [2023-10-01 00:10:57,743] {dag.py:2280} INFO - Setting next_dagrun for example_xcom_args to None
[2023-10-01 00:10:57,750] {logging_mixin.py:104} INFO - [2023-10-01 00:10:57,750] {dag.py:2280} INFO - Setting next_dagrun for example_xcom_args_with_operators to None
[2023-10-01 00:10:57,805] {scheduler_job.py:190} INFO - Processing /home/airflow/.local/lib/python3.6/site-packages/airflow/example_dags/example_xcomargs.py took 0.399 seconds
[2023-10-01 00:12:42,548] {scheduler_job.py:182} INFO - Started process (PID=107) to work on /home/airflow/.local/lib/python3.6/site-packages/airflow/example_dags/example_xcomargs.py
[2023-10-01 00:12:42,560] {scheduler_job.py:629} INFO - Processing file /home/airflow/.local/lib/python3.6/site-packages/airflow/example_dags/example_xcomargs.py for tasks to queue
[2023-10-01 00:12:42,571] {logging_mixin.py:104} INFO - [2023-10-01 00:12:42,570] {dagbag.py:451} INFO - Filling up the DagBag from /home/airflow/.local/lib/python3.6/site-packages/airflow/example_dags/example_xcomargs.py
[2023-10-01 00:12:42,919] {scheduler_job.py:639} INFO - DAG(s) dict_keys(['example_xcom_args', 'example_xcom_args_with_operators']) retrieved from /home/airflow/.local/lib/python3.6/site-packages/airflow/example_dags/example_xcomargs.py
[2023-10-01 00:12:43,462] {logging_mixin.py:104} INFO - [2023-10-01 00:12:43,461] {dag.py:1824} INFO - Sync 2 DAGs
[2023-10-01 00:12:43,879] {logging_mixin.py:104} INFO - [2023-10-01 00:12:43,877] {dag.py:2280} INFO - Setting next_dagrun for example_xcom_args to None
[2023-10-01 00:12:43,917] {logging_mixin.py:104} INFO - [2023-10-01 00:12:43,916] {dag.py:2280} INFO - Setting next_dagrun for example_xcom_args_with_operators to None
[2023-10-01 00:12:44,110] {scheduler_job.py:190} INFO - Processing /home/airflow/.local/lib/python3.6/site-packages/airflow/example_dags/example_xcomargs.py took 1.620 seconds
[2023-10-01 00:13:14,890] {scheduler_job.py:182} INFO - Started process (PID=165) to work on /home/airflow/.local/lib/python3.6/site-packages/airflow/example_dags/example_xcomargs.py
[2023-10-01 00:13:14,939] {scheduler_job.py:629} INFO - Processing file /home/airflow/.local/lib/python3.6/site-packages/airflow/example_dags/example_xcomargs.py for tasks to queue
[2023-10-01 00:13:14,968] {logging_mixin.py:104} INFO - [2023-10-01 00:13:14,955] {dagbag.py:451} INFO - Filling up the DagBag from /home/airflow/.local/lib/python3.6/site-packages/airflow/example_dags/example_xcomargs.py
[2023-10-01 00:13:15,236] {scheduler_job.py:639} INFO - DAG(s) dict_keys(['example_xcom_args', 'example_xcom_args_with_operators']) retrieved from /home/airflow/.local/lib/python3.6/site-packages/airflow/example_dags/example_xcomargs.py
[2023-10-01 00:13:15,730] {logging_mixin.py:104} INFO - [2023-10-01 00:13:15,729] {dag.py:1824} INFO - Sync 2 DAGs
[2023-10-01 00:13:15,903] {logging_mixin.py:104} INFO - [2023-10-01 00:13:15,902] {dag.py:2280} INFO - Setting next_dagrun for example_xcom_args to None
[2023-10-01 00:13:15,911] {logging_mixin.py:104} INFO - [2023-10-01 00:13:15,910] {dag.py:2280} INFO - Setting next_dagrun for example_xcom_args_with_operators to None
[2023-10-01 00:13:16,048] {scheduler_job.py:190} INFO - Processing /home/airflow/.local/lib/python3.6/site-packages/airflow/example_dags/example_xcomargs.py took 1.201 seconds
[2023-10-01 00:13:46,973] {scheduler_job.py:182} INFO - Started process (PID=221) to work on /home/airflow/.local/lib/python3.6/site-packages/airflow/example_dags/example_xcomargs.py
[2023-10-01 00:13:46,986] {scheduler_job.py:629} INFO - Processing file /home/airflow/.local/lib/python3.6/site-packages/airflow/example_dags/example_xcomargs.py for tasks to queue
[2023-10-01 00:13:47,000] {logging_mixin.py:104} INFO - [2023-10-01 00:13:46,998] {dagbag.py:451} INFO - Filling up the DagBag from /home/airflow/.local/lib/python3.6/site-packages/airflow/example_dags/example_xcomargs.py
[2023-10-01 00:13:47,201] {scheduler_job.py:639} INFO - DAG(s) dict_keys(['example_xcom_args', 'example_xcom_args_with_operators']) retrieved from /home/airflow/.local/lib/python3.6/site-packages/airflow/example_dags/example_xcomargs.py
[2023-10-01 00:13:47,520] {logging_mixin.py:104} INFO - [2023-10-01 00:13:47,517] {dag.py:1824} INFO - Sync 2 DAGs
[2023-10-01 00:13:47,922] {logging_mixin.py:104} INFO - [2023-10-01 00:13:47,916] {dag.py:2280} INFO - Setting next_dagrun for example_xcom_args to None
[2023-10-01 00:13:47,948] {logging_mixin.py:104} INFO - [2023-10-01 00:13:47,947] {dag.py:2280} INFO - Setting next_dagrun for example_xcom_args_with_operators to None
[2023-10-01 00:13:48,158] {scheduler_job.py:190} INFO - Processing /home/airflow/.local/lib/python3.6/site-packages/airflow/example_dags/example_xcomargs.py took 1.215 seconds
[2023-10-01 00:14:18,879] {scheduler_job.py:182} INFO - Started process (PID=275) to work on /home/airflow/.local/lib/python3.6/site-packages/airflow/example_dags/example_xcomargs.py
[2023-10-01 00:14:18,909] {scheduler_job.py:629} INFO - Processing file /home/airflow/.local/lib/python3.6/site-packages/airflow/example_dags/example_xcomargs.py for tasks to queue
[2023-10-01 00:14:18,919] {logging_mixin.py:104} INFO - [2023-10-01 00:14:18,918] {dagbag.py:451} INFO - Filling up the DagBag from /home/airflow/.local/lib/python3.6/site-packages/airflow/example_dags/example_xcomargs.py
[2023-10-01 00:14:19,294] {scheduler_job.py:639} INFO - DAG(s) dict_keys(['example_xcom_args', 'example_xcom_args_with_operators']) retrieved from /home/airflow/.local/lib/python3.6/site-packages/airflow/example_dags/example_xcomargs.py
[2023-10-01 00:14:19,666] {logging_mixin.py:104} INFO - [2023-10-01 00:14:19,665] {dag.py:1824} INFO - Sync 2 DAGs
[2023-10-01 00:14:19,817] {logging_mixin.py:104} INFO - [2023-10-01 00:14:19,816] {dag.py:2280} INFO - Setting next_dagrun for example_xcom_args to None
[2023-10-01 00:14:19,823] {logging_mixin.py:104} INFO - [2023-10-01 00:14:19,823] {dag.py:2280} INFO - Setting next_dagrun for example_xcom_args_with_operators to None
[2023-10-01 00:14:19,905] {scheduler_job.py:190} INFO - Processing /home/airflow/.local/lib/python3.6/site-packages/airflow/example_dags/example_xcomargs.py took 1.063 seconds
[2023-10-01 00:14:50,246] {scheduler_job.py:182} INFO - Started process (PID=329) to work on /home/airflow/.local/lib/python3.6/site-packages/airflow/example_dags/example_xcomargs.py
[2023-10-01 00:14:50,255] {scheduler_job.py:629} INFO - Processing file /home/airflow/.local/lib/python3.6/site-packages/airflow/example_dags/example_xcomargs.py for tasks to queue
[2023-10-01 00:14:50,262] {logging_mixin.py:104} INFO - [2023-10-01 00:14:50,261] {dagbag.py:451} INFO - Filling up the DagBag from /home/airflow/.local/lib/python3.6/site-packages/airflow/example_dags/example_xcomargs.py
[2023-10-01 00:14:50,388] {scheduler_job.py:639} INFO - DAG(s) dict_keys(['example_xcom_args', 'example_xcom_args_with_operators']) retrieved from /home/airflow/.local/lib/python3.6/site-packages/airflow/example_dags/example_xcomargs.py
[2023-10-01 00:14:50,574] {logging_mixin.py:104} INFO - [2023-10-01 00:14:50,573] {dag.py:1824} INFO - Sync 2 DAGs
[2023-10-01 00:14:50,726] {logging_mixin.py:104} INFO - [2023-10-01 00:14:50,724] {dag.py:2280} INFO - Setting next_dagrun for example_xcom_args to None
[2023-10-01 00:14:50,741] {logging_mixin.py:104} INFO - [2023-10-01 00:14:50,740] {dag.py:2280} INFO - Setting next_dagrun for example_xcom_args_with_operators to None
[2023-10-01 00:14:50,850] {scheduler_job.py:190} INFO - Processing /home/airflow/.local/lib/python3.6/site-packages/airflow/example_dags/example_xcomargs.py took 0.620 seconds
[2023-10-01 00:15:21,037] {scheduler_job.py:182} INFO - Started process (PID=383) to work on /home/airflow/.local/lib/python3.6/site-packages/airflow/example_dags/example_xcomargs.py
[2023-10-01 00:15:21,055] {scheduler_job.py:629} INFO - Processing file /home/airflow/.local/lib/python3.6/site-packages/airflow/example_dags/example_xcomargs.py for tasks to queue
[2023-10-01 00:15:21,070] {logging_mixin.py:104} INFO - [2023-10-01 00:15:21,069] {dagbag.py:451} INFO - Filling up the DagBag from /home/airflow/.local/lib/python3.6/site-packages/airflow/example_dags/example_xcomargs.py
[2023-10-01 00:15:21,218] {scheduler_job.py:639} INFO - DAG(s) dict_keys(['example_xcom_args', 'example_xcom_args_with_operators']) retrieved from /home/airflow/.local/lib/python3.6/site-packages/airflow/example_dags/example_xcomargs.py
[2023-10-01 00:15:21,428] {logging_mixin.py:104} INFO - [2023-10-01 00:15:21,427] {dag.py:1824} INFO - Sync 2 DAGs
[2023-10-01 00:15:21,559] {logging_mixin.py:104} INFO - [2023-10-01 00:15:21,559] {dag.py:2280} INFO - Setting next_dagrun for example_xcom_args to None
[2023-10-01 00:15:21,567] {logging_mixin.py:104} INFO - [2023-10-01 00:15:21,566] {dag.py:2280} INFO - Setting next_dagrun for example_xcom_args_with_operators to None
[2023-10-01 00:15:21,655] {scheduler_job.py:190} INFO - Processing /home/airflow/.local/lib/python3.6/site-packages/airflow/example_dags/example_xcomargs.py took 0.656 seconds
[2023-10-01 00:15:51,767] {scheduler_job.py:182} INFO - Started process (PID=437) to work on /home/airflow/.local/lib/python3.6/site-packages/airflow/example_dags/example_xcomargs.py
[2023-10-01 00:15:51,773] {scheduler_job.py:629} INFO - Processing file /home/airflow/.local/lib/python3.6/site-packages/airflow/example_dags/example_xcomargs.py for tasks to queue
[2023-10-01 00:15:51,776] {logging_mixin.py:104} INFO - [2023-10-01 00:15:51,775] {dagbag.py:451} INFO - Filling up the DagBag from /home/airflow/.local/lib/python3.6/site-packages/airflow/example_dags/example_xcomargs.py
[2023-10-01 00:15:51,849] {scheduler_job.py:639} INFO - DAG(s) dict_keys(['example_xcom_args', 'example_xcom_args_with_operators']) retrieved from /home/airflow/.local/lib/python3.6/site-packages/airflow/example_dags/example_xcomargs.py
[2023-10-01 00:15:51,955] {logging_mixin.py:104} INFO - [2023-10-01 00:15:51,955] {dag.py:1824} INFO - Sync 2 DAGs
[2023-10-01 00:15:52,026] {logging_mixin.py:104} INFO - [2023-10-01 00:15:52,026] {dag.py:2280} INFO - Setting next_dagrun for example_xcom_args to None
[2023-10-01 00:15:52,031] {logging_mixin.py:104} INFO - [2023-10-01 00:15:52,031] {dag.py:2280} INFO - Setting next_dagrun for example_xcom_args_with_operators to None
[2023-10-01 00:15:52,075] {scheduler_job.py:190} INFO - Processing /home/airflow/.local/lib/python3.6/site-packages/airflow/example_dags/example_xcomargs.py took 0.317 seconds
[2023-10-01 00:16:22,561] {scheduler_job.py:182} INFO - Started process (PID=491) to work on /home/airflow/.local/lib/python3.6/site-packages/airflow/example_dags/example_xcomargs.py
[2023-10-01 00:16:22,569] {scheduler_job.py:629} INFO - Processing file /home/airflow/.local/lib/python3.6/site-packages/airflow/example_dags/example_xcomargs.py for tasks to queue
[2023-10-01 00:16:22,574] {logging_mixin.py:104} INFO - [2023-10-01 00:16:22,573] {dagbag.py:451} INFO - Filling up the DagBag from /home/airflow/.local/lib/python3.6/site-packages/airflow/example_dags/example_xcomargs.py
[2023-10-01 00:16:22,664] {scheduler_job.py:639} INFO - DAG(s) dict_keys(['example_xcom_args', 'example_xcom_args_with_operators']) retrieved from /home/airflow/.local/lib/python3.6/site-packages/airflow/example_dags/example_xcomargs.py
[2023-10-01 00:16:22,792] {logging_mixin.py:104} INFO - [2023-10-01 00:16:22,791] {dag.py:1824} INFO - Sync 2 DAGs
[2023-10-01 00:16:22,921] {logging_mixin.py:104} INFO - [2023-10-01 00:16:22,919] {dag.py:2280} INFO - Setting next_dagrun for example_xcom_args to None
[2023-10-01 00:16:22,955] {logging_mixin.py:104} INFO - [2023-10-01 00:16:22,931] {dag.py:2280} INFO - Setting next_dagrun for example_xcom_args_with_operators to None
[2023-10-01 00:16:23,143] {scheduler_job.py:190} INFO - Processing /home/airflow/.local/lib/python3.6/site-packages/airflow/example_dags/example_xcomargs.py took 0.597 seconds
[2023-10-01 00:17:28,027] {scheduler_job.py:182} INFO - Started process (PID=82) to work on /home/airflow/.local/lib/python3.6/site-packages/airflow/example_dags/example_xcomargs.py
[2023-10-01 00:17:28,043] {scheduler_job.py:629} INFO - Processing file /home/airflow/.local/lib/python3.6/site-packages/airflow/example_dags/example_xcomargs.py for tasks to queue
[2023-10-01 00:17:28,062] {logging_mixin.py:104} INFO - [2023-10-01 00:17:28,061] {dagbag.py:451} INFO - Filling up the DagBag from /home/airflow/.local/lib/python3.6/site-packages/airflow/example_dags/example_xcomargs.py
[2023-10-01 00:17:28,250] {scheduler_job.py:639} INFO - DAG(s) dict_keys(['example_xcom_args', 'example_xcom_args_with_operators']) retrieved from /home/airflow/.local/lib/python3.6/site-packages/airflow/example_dags/example_xcomargs.py
[2023-10-01 00:17:29,015] {logging_mixin.py:104} INFO - [2023-10-01 00:17:29,014] {dag.py:1824} INFO - Sync 2 DAGs
[2023-10-01 00:17:29,404] {logging_mixin.py:104} INFO - [2023-10-01 00:17:29,404] {dag.py:2280} INFO - Setting next_dagrun for example_xcom_args to None
[2023-10-01 00:17:29,439] {logging_mixin.py:104} INFO - [2023-10-01 00:17:29,425] {dag.py:2280} INFO - Setting next_dagrun for example_xcom_args_with_operators to None
[2023-10-01 00:17:29,643] {scheduler_job.py:190} INFO - Processing /home/airflow/.local/lib/python3.6/site-packages/airflow/example_dags/example_xcomargs.py took 1.657 seconds
[2023-10-01 00:18:00,006] {scheduler_job.py:182} INFO - Started process (PID=136) to work on /home/airflow/.local/lib/python3.6/site-packages/airflow/example_dags/example_xcomargs.py
[2023-10-01 00:18:00,019] {scheduler_job.py:629} INFO - Processing file /home/airflow/.local/lib/python3.6/site-packages/airflow/example_dags/example_xcomargs.py for tasks to queue
[2023-10-01 00:18:00,026] {logging_mixin.py:104} INFO - [2023-10-01 00:18:00,025] {dagbag.py:451} INFO - Filling up the DagBag from /home/airflow/.local/lib/python3.6/site-packages/airflow/example_dags/example_xcomargs.py
[2023-10-01 00:18:00,164] {scheduler_job.py:639} INFO - DAG(s) dict_keys(['example_xcom_args', 'example_xcom_args_with_operators']) retrieved from /home/airflow/.local/lib/python3.6/site-packages/airflow/example_dags/example_xcomargs.py
[2023-10-01 00:18:00,360] {logging_mixin.py:104} INFO - [2023-10-01 00:18:00,359] {dag.py:1824} INFO - Sync 2 DAGs
[2023-10-01 00:18:00,489] {logging_mixin.py:104} INFO - [2023-10-01 00:18:00,488] {dag.py:2280} INFO - Setting next_dagrun for example_xcom_args to None
[2023-10-01 00:18:00,501] {logging_mixin.py:104} INFO - [2023-10-01 00:18:00,501] {dag.py:2280} INFO - Setting next_dagrun for example_xcom_args_with_operators to None
[2023-10-01 00:18:00,734] {scheduler_job.py:190} INFO - Processing /home/airflow/.local/lib/python3.6/site-packages/airflow/example_dags/example_xcomargs.py took 0.745 seconds
[2023-10-01 00:18:31,013] {scheduler_job.py:182} INFO - Started process (PID=190) to work on /home/airflow/.local/lib/python3.6/site-packages/airflow/example_dags/example_xcomargs.py
[2023-10-01 00:18:31,024] {scheduler_job.py:629} INFO - Processing file /home/airflow/.local/lib/python3.6/site-packages/airflow/example_dags/example_xcomargs.py for tasks to queue
[2023-10-01 00:18:31,033] {logging_mixin.py:104} INFO - [2023-10-01 00:18:31,031] {dagbag.py:451} INFO - Filling up the DagBag from /home/airflow/.local/lib/python3.6/site-packages/airflow/example_dags/example_xcomargs.py
[2023-10-01 00:18:31,179] {scheduler_job.py:639} INFO - DAG(s) dict_keys(['example_xcom_args', 'example_xcom_args_with_operators']) retrieved from /home/airflow/.local/lib/python3.6/site-packages/airflow/example_dags/example_xcomargs.py
[2023-10-01 00:18:31,373] {logging_mixin.py:104} INFO - [2023-10-01 00:18:31,372] {dag.py:1824} INFO - Sync 2 DAGs
[2023-10-01 00:18:31,503] {logging_mixin.py:104} INFO - [2023-10-01 00:18:31,502] {dag.py:2280} INFO - Setting next_dagrun for example_xcom_args to None
[2023-10-01 00:18:31,514] {logging_mixin.py:104} INFO - [2023-10-01 00:18:31,513] {dag.py:2280} INFO - Setting next_dagrun for example_xcom_args_with_operators to None
[2023-10-01 00:18:31,601] {scheduler_job.py:190} INFO - Processing /home/airflow/.local/lib/python3.6/site-packages/airflow/example_dags/example_xcomargs.py took 0.611 seconds
[2023-10-01 00:19:02,063] {scheduler_job.py:182} INFO - Started process (PID=244) to work on /home/airflow/.local/lib/python3.6/site-packages/airflow/example_dags/example_xcomargs.py
[2023-10-01 00:19:02,073] {scheduler_job.py:629} INFO - Processing file /home/airflow/.local/lib/python3.6/site-packages/airflow/example_dags/example_xcomargs.py for tasks to queue
[2023-10-01 00:19:02,081] {logging_mixin.py:104} INFO - [2023-10-01 00:19:02,080] {dagbag.py:451} INFO - Filling up the DagBag from /home/airflow/.local/lib/python3.6/site-packages/airflow/example_dags/example_xcomargs.py
[2023-10-01 00:19:02,230] {scheduler_job.py:639} INFO - DAG(s) dict_keys(['example_xcom_args', 'example_xcom_args_with_operators']) retrieved from /home/airflow/.local/lib/python3.6/site-packages/airflow/example_dags/example_xcomargs.py
[2023-10-01 00:19:02,405] {logging_mixin.py:104} INFO - [2023-10-01 00:19:02,404] {dag.py:1824} INFO - Sync 2 DAGs
[2023-10-01 00:19:02,503] {logging_mixin.py:104} INFO - [2023-10-01 00:19:02,502] {dag.py:2280} INFO - Setting next_dagrun for example_xcom_args to None
[2023-10-01 00:19:02,513] {logging_mixin.py:104} INFO - [2023-10-01 00:19:02,512] {dag.py:2280} INFO - Setting next_dagrun for example_xcom_args_with_operators to None
[2023-10-01 00:19:02,584] {scheduler_job.py:190} INFO - Processing /home/airflow/.local/lib/python3.6/site-packages/airflow/example_dags/example_xcomargs.py took 0.561 seconds
[2023-10-01 00:19:32,934] {scheduler_job.py:182} INFO - Started process (PID=298) to work on /home/airflow/.local/lib/python3.6/site-packages/airflow/example_dags/example_xcomargs.py
[2023-10-01 00:19:32,944] {scheduler_job.py:629} INFO - Processing file /home/airflow/.local/lib/python3.6/site-packages/airflow/example_dags/example_xcomargs.py for tasks to queue
[2023-10-01 00:19:32,950] {logging_mixin.py:104} INFO - [2023-10-01 00:19:32,949] {dagbag.py:451} INFO - Filling up the DagBag from /home/airflow/.local/lib/python3.6/site-packages/airflow/example_dags/example_xcomargs.py
[2023-10-01 00:19:33,109] {scheduler_job.py:639} INFO - DAG(s) dict_keys(['example_xcom_args', 'example_xcom_args_with_operators']) retrieved from /home/airflow/.local/lib/python3.6/site-packages/airflow/example_dags/example_xcomargs.py
[2023-10-01 00:19:33,277] {logging_mixin.py:104} INFO - [2023-10-01 00:19:33,276] {dag.py:1824} INFO - Sync 2 DAGs
[2023-10-01 00:19:33,445] {logging_mixin.py:104} INFO - [2023-10-01 00:19:33,445] {dag.py:2280} INFO - Setting next_dagrun for example_xcom_args to None
[2023-10-01 00:19:33,452] {logging_mixin.py:104} INFO - [2023-10-01 00:19:33,452] {dag.py:2280} INFO - Setting next_dagrun for example_xcom_args_with_operators to None
[2023-10-01 00:19:33,527] {scheduler_job.py:190} INFO - Processing /home/airflow/.local/lib/python3.6/site-packages/airflow/example_dags/example_xcomargs.py took 0.621 seconds
[2023-10-01 00:20:03,924] {scheduler_job.py:182} INFO - Started process (PID=352) to work on /home/airflow/.local/lib/python3.6/site-packages/airflow/example_dags/example_xcomargs.py
[2023-10-01 00:20:03,941] {scheduler_job.py:629} INFO - Processing file /home/airflow/.local/lib/python3.6/site-packages/airflow/example_dags/example_xcomargs.py for tasks to queue
[2023-10-01 00:20:03,957] {logging_mixin.py:104} INFO - [2023-10-01 00:20:03,957] {dagbag.py:451} INFO - Filling up the DagBag from /home/airflow/.local/lib/python3.6/site-packages/airflow/example_dags/example_xcomargs.py
[2023-10-01 00:20:04,145] {scheduler_job.py:639} INFO - DAG(s) dict_keys(['example_xcom_args', 'example_xcom_args_with_operators']) retrieved from /home/airflow/.local/lib/python3.6/site-packages/airflow/example_dags/example_xcomargs.py
[2023-10-01 00:20:04,468] {logging_mixin.py:104} INFO - [2023-10-01 00:20:04,465] {dag.py:1824} INFO - Sync 2 DAGs
[2023-10-01 00:20:04,611] {logging_mixin.py:104} INFO - [2023-10-01 00:20:04,610] {dag.py:2280} INFO - Setting next_dagrun for example_xcom_args to None
[2023-10-01 00:20:04,625] {logging_mixin.py:104} INFO - [2023-10-01 00:20:04,624] {dag.py:2280} INFO - Setting next_dagrun for example_xcom_args_with_operators to None
[2023-10-01 00:20:04,745] {scheduler_job.py:190} INFO - Processing /home/airflow/.local/lib/python3.6/site-packages/airflow/example_dags/example_xcomargs.py took 0.853 seconds
[2023-10-01 00:20:35,239] {scheduler_job.py:182} INFO - Started process (PID=406) to work on /home/airflow/.local/lib/python3.6/site-packages/airflow/example_dags/example_xcomargs.py
[2023-10-01 00:20:35,257] {scheduler_job.py:629} INFO - Processing file /home/airflow/.local/lib/python3.6/site-packages/airflow/example_dags/example_xcomargs.py for tasks to queue
[2023-10-01 00:20:35,272] {logging_mixin.py:104} INFO - [2023-10-01 00:20:35,271] {dagbag.py:451} INFO - Filling up the DagBag from /home/airflow/.local/lib/python3.6/site-packages/airflow/example_dags/example_xcomargs.py
[2023-10-01 00:20:35,522] {scheduler_job.py:639} INFO - DAG(s) dict_keys(['example_xcom_args', 'example_xcom_args_with_operators']) retrieved from /home/airflow/.local/lib/python3.6/site-packages/airflow/example_dags/example_xcomargs.py
[2023-10-01 00:20:35,844] {logging_mixin.py:104} INFO - [2023-10-01 00:20:35,843] {dag.py:1824} INFO - Sync 2 DAGs
[2023-10-01 00:20:35,992] {logging_mixin.py:104} INFO - [2023-10-01 00:20:35,991] {dag.py:2280} INFO - Setting next_dagrun for example_xcom_args to None
[2023-10-01 00:20:36,003] {logging_mixin.py:104} INFO - [2023-10-01 00:20:36,002] {dag.py:2280} INFO - Setting next_dagrun for example_xcom_args_with_operators to None
[2023-10-01 00:20:36,093] {scheduler_job.py:190} INFO - Processing /home/airflow/.local/lib/python3.6/site-packages/airflow/example_dags/example_xcomargs.py took 0.887 seconds
[2023-10-01 00:21:07,573] {scheduler_job.py:182} INFO - Started process (PID=462) to work on /home/airflow/.local/lib/python3.6/site-packages/airflow/example_dags/example_xcomargs.py
[2023-10-01 00:21:07,585] {scheduler_job.py:629} INFO - Processing file /home/airflow/.local/lib/python3.6/site-packages/airflow/example_dags/example_xcomargs.py for tasks to queue
[2023-10-01 00:21:07,591] {logging_mixin.py:104} INFO - [2023-10-01 00:21:07,590] {dagbag.py:451} INFO - Filling up the DagBag from /home/airflow/.local/lib/python3.6/site-packages/airflow/example_dags/example_xcomargs.py
[2023-10-01 00:21:07,818] {scheduler_job.py:639} INFO - DAG(s) dict_keys(['example_xcom_args', 'example_xcom_args_with_operators']) retrieved from /home/airflow/.local/lib/python3.6/site-packages/airflow/example_dags/example_xcomargs.py
[2023-10-01 00:21:08,132] {logging_mixin.py:104} INFO - [2023-10-01 00:21:08,131] {dag.py:1824} INFO - Sync 2 DAGs
[2023-10-01 00:21:08,389] {logging_mixin.py:104} INFO - [2023-10-01 00:21:08,389] {dag.py:2280} INFO - Setting next_dagrun for example_xcom_args to None
[2023-10-01 00:21:08,408] {logging_mixin.py:104} INFO - [2023-10-01 00:21:08,407] {dag.py:2280} INFO - Setting next_dagrun for example_xcom_args_with_operators to None
[2023-10-01 00:21:08,604] {scheduler_job.py:190} INFO - Processing /home/airflow/.local/lib/python3.6/site-packages/airflow/example_dags/example_xcomargs.py took 1.044 seconds
[2023-10-01 00:21:39,514] {scheduler_job.py:182} INFO - Started process (PID=516) to work on /home/airflow/.local/lib/python3.6/site-packages/airflow/example_dags/example_xcomargs.py
[2023-10-01 00:21:39,525] {scheduler_job.py:629} INFO - Processing file /home/airflow/.local/lib/python3.6/site-packages/airflow/example_dags/example_xcomargs.py for tasks to queue
[2023-10-01 00:21:39,534] {logging_mixin.py:104} INFO - [2023-10-01 00:21:39,533] {dagbag.py:451} INFO - Filling up the DagBag from /home/airflow/.local/lib/python3.6/site-packages/airflow/example_dags/example_xcomargs.py
[2023-10-01 00:21:39,774] {scheduler_job.py:639} INFO - DAG(s) dict_keys(['example_xcom_args', 'example_xcom_args_with_operators']) retrieved from /home/airflow/.local/lib/python3.6/site-packages/airflow/example_dags/example_xcomargs.py
[2023-10-01 00:21:40,077] {logging_mixin.py:104} INFO - [2023-10-01 00:21:40,076] {dag.py:1824} INFO - Sync 2 DAGs
[2023-10-01 00:21:40,224] {logging_mixin.py:104} INFO - [2023-10-01 00:21:40,223] {dag.py:2280} INFO - Setting next_dagrun for example_xcom_args to None
[2023-10-01 00:21:40,233] {logging_mixin.py:104} INFO - [2023-10-01 00:21:40,232] {dag.py:2280} INFO - Setting next_dagrun for example_xcom_args_with_operators to None
[2023-10-01 00:21:40,339] {scheduler_job.py:190} INFO - Processing /home/airflow/.local/lib/python3.6/site-packages/airflow/example_dags/example_xcomargs.py took 0.866 seconds
[2023-10-01 00:22:10,453] {scheduler_job.py:182} INFO - Started process (PID=570) to work on /home/airflow/.local/lib/python3.6/site-packages/airflow/example_dags/example_xcomargs.py
[2023-10-01 00:22:10,461] {scheduler_job.py:629} INFO - Processing file /home/airflow/.local/lib/python3.6/site-packages/airflow/example_dags/example_xcomargs.py for tasks to queue
[2023-10-01 00:22:10,466] {logging_mixin.py:104} INFO - [2023-10-01 00:22:10,465] {dagbag.py:451} INFO - Filling up the DagBag from /home/airflow/.local/lib/python3.6/site-packages/airflow/example_dags/example_xcomargs.py
[2023-10-01 00:22:10,547] {scheduler_job.py:639} INFO - DAG(s) dict_keys(['example_xcom_args', 'example_xcom_args_with_operators']) retrieved from /home/airflow/.local/lib/python3.6/site-packages/airflow/example_dags/example_xcomargs.py
[2023-10-01 00:22:10,672] {logging_mixin.py:104} INFO - [2023-10-01 00:22:10,671] {dag.py:1824} INFO - Sync 2 DAGs
[2023-10-01 00:22:10,738] {logging_mixin.py:104} INFO - [2023-10-01 00:22:10,737] {dag.py:2280} INFO - Setting next_dagrun for example_xcom_args to None
[2023-10-01 00:22:10,743] {logging_mixin.py:104} INFO - [2023-10-01 00:22:10,743] {dag.py:2280} INFO - Setting next_dagrun for example_xcom_args_with_operators to None
[2023-10-01 00:22:10,789] {scheduler_job.py:190} INFO - Processing /home/airflow/.local/lib/python3.6/site-packages/airflow/example_dags/example_xcomargs.py took 0.347 seconds
[2023-10-01 00:22:41,326] {scheduler_job.py:182} INFO - Started process (PID=624) to work on /home/airflow/.local/lib/python3.6/site-packages/airflow/example_dags/example_xcomargs.py
[2023-10-01 00:22:41,332] {scheduler_job.py:629} INFO - Processing file /home/airflow/.local/lib/python3.6/site-packages/airflow/example_dags/example_xcomargs.py for tasks to queue
[2023-10-01 00:22:41,335] {logging_mixin.py:104} INFO - [2023-10-01 00:22:41,335] {dagbag.py:451} INFO - Filling up the DagBag from /home/airflow/.local/lib/python3.6/site-packages/airflow/example_dags/example_xcomargs.py
[2023-10-01 00:22:41,406] {scheduler_job.py:639} INFO - DAG(s) dict_keys(['example_xcom_args', 'example_xcom_args_with_operators']) retrieved from /home/airflow/.local/lib/python3.6/site-packages/airflow/example_dags/example_xcomargs.py
[2023-10-01 00:22:41,561] {logging_mixin.py:104} INFO - [2023-10-01 00:22:41,560] {dag.py:1824} INFO - Sync 2 DAGs
[2023-10-01 00:22:41,659] {logging_mixin.py:104} INFO - [2023-10-01 00:22:41,659] {dag.py:2280} INFO - Setting next_dagrun for example_xcom_args to None
[2023-10-01 00:22:41,666] {logging_mixin.py:104} INFO - [2023-10-01 00:22:41,665] {dag.py:2280} INFO - Setting next_dagrun for example_xcom_args_with_operators to None
[2023-10-01 00:22:41,725] {scheduler_job.py:190} INFO - Processing /home/airflow/.local/lib/python3.6/site-packages/airflow/example_dags/example_xcomargs.py took 0.408 seconds
[2023-10-01 00:23:11,914] {scheduler_job.py:182} INFO - Started process (PID=678) to work on /home/airflow/.local/lib/python3.6/site-packages/airflow/example_dags/example_xcomargs.py
[2023-10-01 00:23:11,922] {scheduler_job.py:629} INFO - Processing file /home/airflow/.local/lib/python3.6/site-packages/airflow/example_dags/example_xcomargs.py for tasks to queue
[2023-10-01 00:23:11,933] {logging_mixin.py:104} INFO - [2023-10-01 00:23:11,929] {dagbag.py:451} INFO - Filling up the DagBag from /home/airflow/.local/lib/python3.6/site-packages/airflow/example_dags/example_xcomargs.py
[2023-10-01 00:23:12,037] {scheduler_job.py:639} INFO - DAG(s) dict_keys(['example_xcom_args', 'example_xcom_args_with_operators']) retrieved from /home/airflow/.local/lib/python3.6/site-packages/airflow/example_dags/example_xcomargs.py
[2023-10-01 00:23:12,165] {logging_mixin.py:104} INFO - [2023-10-01 00:23:12,164] {dag.py:1824} INFO - Sync 2 DAGs
[2023-10-01 00:23:12,234] {logging_mixin.py:104} INFO - [2023-10-01 00:23:12,234] {dag.py:2280} INFO - Setting next_dagrun for example_xcom_args to None
[2023-10-01 00:23:12,240] {logging_mixin.py:104} INFO - [2023-10-01 00:23:12,239] {dag.py:2280} INFO - Setting next_dagrun for example_xcom_args_with_operators to None
[2023-10-01 00:23:12,292] {scheduler_job.py:190} INFO - Processing /home/airflow/.local/lib/python3.6/site-packages/airflow/example_dags/example_xcomargs.py took 0.391 seconds
[2023-10-01 00:23:42,512] {scheduler_job.py:182} INFO - Started process (PID=732) to work on /home/airflow/.local/lib/python3.6/site-packages/airflow/example_dags/example_xcomargs.py
[2023-10-01 00:23:42,521] {scheduler_job.py:629} INFO - Processing file /home/airflow/.local/lib/python3.6/site-packages/airflow/example_dags/example_xcomargs.py for tasks to queue
[2023-10-01 00:23:42,529] {logging_mixin.py:104} INFO - [2023-10-01 00:23:42,527] {dagbag.py:451} INFO - Filling up the DagBag from /home/airflow/.local/lib/python3.6/site-packages/airflow/example_dags/example_xcomargs.py
[2023-10-01 00:23:42,685] {scheduler_job.py:639} INFO - DAG(s) dict_keys(['example_xcom_args', 'example_xcom_args_with_operators']) retrieved from /home/airflow/.local/lib/python3.6/site-packages/airflow/example_dags/example_xcomargs.py
[2023-10-01 00:23:43,042] {logging_mixin.py:104} INFO - [2023-10-01 00:23:43,041] {dag.py:1824} INFO - Sync 2 DAGs
[2023-10-01 00:23:43,195] {logging_mixin.py:104} INFO - [2023-10-01 00:23:43,195] {dag.py:2280} INFO - Setting next_dagrun for example_xcom_args to None
[2023-10-01 00:23:43,207] {logging_mixin.py:104} INFO - [2023-10-01 00:23:43,206] {dag.py:2280} INFO - Setting next_dagrun for example_xcom_args_with_operators to None
[2023-10-01 00:23:43,314] {scheduler_job.py:190} INFO - Processing /home/airflow/.local/lib/python3.6/site-packages/airflow/example_dags/example_xcomargs.py took 0.817 seconds
[2023-10-01 00:24:13,423] {scheduler_job.py:182} INFO - Started process (PID=786) to work on /home/airflow/.local/lib/python3.6/site-packages/airflow/example_dags/example_xcomargs.py
[2023-10-01 00:24:13,429] {scheduler_job.py:629} INFO - Processing file /home/airflow/.local/lib/python3.6/site-packages/airflow/example_dags/example_xcomargs.py for tasks to queue
[2023-10-01 00:24:13,433] {logging_mixin.py:104} INFO - [2023-10-01 00:24:13,432] {dagbag.py:451} INFO - Filling up the DagBag from /home/airflow/.local/lib/python3.6/site-packages/airflow/example_dags/example_xcomargs.py
[2023-10-01 00:24:13,511] {scheduler_job.py:639} INFO - DAG(s) dict_keys(['example_xcom_args', 'example_xcom_args_with_operators']) retrieved from /home/airflow/.local/lib/python3.6/site-packages/airflow/example_dags/example_xcomargs.py
[2023-10-01 00:24:13,634] {logging_mixin.py:104} INFO - [2023-10-01 00:24:13,633] {dag.py:1824} INFO - Sync 2 DAGs
[2023-10-01 00:24:13,702] {logging_mixin.py:104} INFO - [2023-10-01 00:24:13,701] {dag.py:2280} INFO - Setting next_dagrun for example_xcom_args to None
[2023-10-01 00:24:13,707] {logging_mixin.py:104} INFO - [2023-10-01 00:24:13,707] {dag.py:2280} INFO - Setting next_dagrun for example_xcom_args_with_operators to None
[2023-10-01 00:24:13,764] {scheduler_job.py:190} INFO - Processing /home/airflow/.local/lib/python3.6/site-packages/airflow/example_dags/example_xcomargs.py took 0.352 seconds
[2023-10-01 00:24:44,088] {scheduler_job.py:182} INFO - Started process (PID=840) to work on /home/airflow/.local/lib/python3.6/site-packages/airflow/example_dags/example_xcomargs.py
[2023-10-01 00:24:44,114] {scheduler_job.py:629} INFO - Processing file /home/airflow/.local/lib/python3.6/site-packages/airflow/example_dags/example_xcomargs.py for tasks to queue
[2023-10-01 00:24:44,120] {logging_mixin.py:104} INFO - [2023-10-01 00:24:44,120] {dagbag.py:451} INFO - Filling up the DagBag from /home/airflow/.local/lib/python3.6/site-packages/airflow/example_dags/example_xcomargs.py
[2023-10-01 00:24:44,222] {scheduler_job.py:639} INFO - DAG(s) dict_keys(['example_xcom_args', 'example_xcom_args_with_operators']) retrieved from /home/airflow/.local/lib/python3.6/site-packages/airflow/example_dags/example_xcomargs.py
[2023-10-01 00:24:44,375] {logging_mixin.py:104} INFO - [2023-10-01 00:24:44,374] {dag.py:1824} INFO - Sync 2 DAGs
[2023-10-01 00:24:44,461] {logging_mixin.py:104} INFO - [2023-10-01 00:24:44,460] {dag.py:2280} INFO - Setting next_dagrun for example_xcom_args to None
[2023-10-01 00:24:44,470] {logging_mixin.py:104} INFO - [2023-10-01 00:24:44,469] {dag.py:2280} INFO - Setting next_dagrun for example_xcom_args_with_operators to None
[2023-10-01 00:24:44,560] {scheduler_job.py:190} INFO - Processing /home/airflow/.local/lib/python3.6/site-packages/airflow/example_dags/example_xcomargs.py took 0.488 seconds
[2023-10-01 00:25:14,650] {scheduler_job.py:182} INFO - Started process (PID=894) to work on /home/airflow/.local/lib/python3.6/site-packages/airflow/example_dags/example_xcomargs.py
[2023-10-01 00:25:14,657] {scheduler_job.py:629} INFO - Processing file /home/airflow/.local/lib/python3.6/site-packages/airflow/example_dags/example_xcomargs.py for tasks to queue
[2023-10-01 00:25:14,661] {logging_mixin.py:104} INFO - [2023-10-01 00:25:14,660] {dagbag.py:451} INFO - Filling up the DagBag from /home/airflow/.local/lib/python3.6/site-packages/airflow/example_dags/example_xcomargs.py
[2023-10-01 00:25:14,742] {scheduler_job.py:639} INFO - DAG(s) dict_keys(['example_xcom_args', 'example_xcom_args_with_operators']) retrieved from /home/airflow/.local/lib/python3.6/site-packages/airflow/example_dags/example_xcomargs.py
[2023-10-01 00:25:14,868] {logging_mixin.py:104} INFO - [2023-10-01 00:25:14,867] {dag.py:1824} INFO - Sync 2 DAGs
[2023-10-01 00:25:14,995] {logging_mixin.py:104} INFO - [2023-10-01 00:25:14,994] {dag.py:2280} INFO - Setting next_dagrun for example_xcom_args to None
[2023-10-01 00:25:15,007] {logging_mixin.py:104} INFO - [2023-10-01 00:25:15,006] {dag.py:2280} INFO - Setting next_dagrun for example_xcom_args_with_operators to None
[2023-10-01 00:25:15,103] {scheduler_job.py:190} INFO - Processing /home/airflow/.local/lib/python3.6/site-packages/airflow/example_dags/example_xcomargs.py took 0.463 seconds
