[2023-10-01 00:05:00,006] {scheduler_job.py:182} INFO - Started process (PID=64) to work on /home/airflow/.local/lib/python3.6/site-packages/airflow/example_dags/example_latest_only.py
[2023-10-01 00:05:00,027] {scheduler_job.py:629} INFO - Processing file /home/airflow/.local/lib/python3.6/site-packages/airflow/example_dags/example_latest_only.py for tasks to queue
[2023-10-01 00:05:00,039] {logging_mixin.py:104} INFO - [2023-10-01 00:05:00,038] {dagbag.py:451} INFO - Filling up the DagBag from /home/airflow/.local/lib/python3.6/site-packages/airflow/example_dags/example_latest_only.py
[2023-10-01 00:05:00,539] {scheduler_job.py:639} INFO - DAG(s) dict_keys(['latest_only']) retrieved from /home/airflow/.local/lib/python3.6/site-packages/airflow/example_dags/example_latest_only.py
[2023-10-01 00:05:01,124] {logging_mixin.py:104} INFO - [2023-10-01 00:05:01,119] {dag.py:1824} INFO - Sync 1 DAGs
[2023-10-01 00:05:01,450] {logging_mixin.py:104} INFO - [2023-10-01 00:05:01,449] {dag.py:1843} INFO - Creating ORM DAG for latest_only
[2023-10-01 00:05:01,596] {logging_mixin.py:104} INFO - [2023-10-01 00:05:01,595] {dag.py:2280} INFO - Setting next_dagrun for latest_only to 2023-09-29 00:00:00+00:00
[2023-10-01 00:05:01,945] {scheduler_job.py:190} INFO - Processing /home/airflow/.local/lib/python3.6/site-packages/airflow/example_dags/example_latest_only.py took 2.008 seconds
[2023-10-01 00:05:32,616] {scheduler_job.py:182} INFO - Started process (PID=118) to work on /home/airflow/.local/lib/python3.6/site-packages/airflow/example_dags/example_latest_only.py
[2023-10-01 00:05:32,623] {scheduler_job.py:629} INFO - Processing file /home/airflow/.local/lib/python3.6/site-packages/airflow/example_dags/example_latest_only.py for tasks to queue
[2023-10-01 00:05:32,634] {logging_mixin.py:104} INFO - [2023-10-01 00:05:32,632] {dagbag.py:451} INFO - Filling up the DagBag from /home/airflow/.local/lib/python3.6/site-packages/airflow/example_dags/example_latest_only.py
[2023-10-01 00:05:32,708] {scheduler_job.py:639} INFO - DAG(s) dict_keys(['latest_only']) retrieved from /home/airflow/.local/lib/python3.6/site-packages/airflow/example_dags/example_latest_only.py
[2023-10-01 00:05:32,840] {logging_mixin.py:104} INFO - [2023-10-01 00:05:32,839] {dag.py:1824} INFO - Sync 1 DAGs
[2023-10-01 00:05:33,057] {logging_mixin.py:104} INFO - [2023-10-01 00:05:33,056] {dag.py:2280} INFO - Setting next_dagrun for latest_only to 2023-09-29 00:00:00+00:00
[2023-10-01 00:05:33,122] {scheduler_job.py:190} INFO - Processing /home/airflow/.local/lib/python3.6/site-packages/airflow/example_dags/example_latest_only.py took 0.524 seconds
[2023-10-01 00:06:03,796] {scheduler_job.py:182} INFO - Started process (PID=172) to work on /home/airflow/.local/lib/python3.6/site-packages/airflow/example_dags/example_latest_only.py
[2023-10-01 00:06:03,804] {scheduler_job.py:629} INFO - Processing file /home/airflow/.local/lib/python3.6/site-packages/airflow/example_dags/example_latest_only.py for tasks to queue
[2023-10-01 00:06:03,811] {logging_mixin.py:104} INFO - [2023-10-01 00:06:03,810] {dagbag.py:451} INFO - Filling up the DagBag from /home/airflow/.local/lib/python3.6/site-packages/airflow/example_dags/example_latest_only.py
[2023-10-01 00:06:03,883] {scheduler_job.py:639} INFO - DAG(s) dict_keys(['latest_only']) retrieved from /home/airflow/.local/lib/python3.6/site-packages/airflow/example_dags/example_latest_only.py
[2023-10-01 00:06:03,998] {logging_mixin.py:104} INFO - [2023-10-01 00:06:03,997] {dag.py:1824} INFO - Sync 1 DAGs
[2023-10-01 00:06:04,142] {logging_mixin.py:104} INFO - [2023-10-01 00:06:04,142] {dag.py:2280} INFO - Setting next_dagrun for latest_only to 2023-09-29 00:00:00+00:00
[2023-10-01 00:06:04,212] {scheduler_job.py:190} INFO - Processing /home/airflow/.local/lib/python3.6/site-packages/airflow/example_dags/example_latest_only.py took 0.431 seconds
[2023-10-01 00:06:34,428] {scheduler_job.py:182} INFO - Started process (PID=226) to work on /home/airflow/.local/lib/python3.6/site-packages/airflow/example_dags/example_latest_only.py
[2023-10-01 00:06:34,441] {scheduler_job.py:629} INFO - Processing file /home/airflow/.local/lib/python3.6/site-packages/airflow/example_dags/example_latest_only.py for tasks to queue
[2023-10-01 00:06:34,455] {logging_mixin.py:104} INFO - [2023-10-01 00:06:34,453] {dagbag.py:451} INFO - Filling up the DagBag from /home/airflow/.local/lib/python3.6/site-packages/airflow/example_dags/example_latest_only.py
[2023-10-01 00:06:34,582] {scheduler_job.py:639} INFO - DAG(s) dict_keys(['latest_only']) retrieved from /home/airflow/.local/lib/python3.6/site-packages/airflow/example_dags/example_latest_only.py
[2023-10-01 00:06:34,745] {logging_mixin.py:104} INFO - [2023-10-01 00:06:34,745] {dag.py:1824} INFO - Sync 1 DAGs
[2023-10-01 00:06:34,895] {logging_mixin.py:104} INFO - [2023-10-01 00:06:34,894] {dag.py:2280} INFO - Setting next_dagrun for latest_only to 2023-09-29 00:00:00+00:00
[2023-10-01 00:06:34,974] {scheduler_job.py:190} INFO - Processing /home/airflow/.local/lib/python3.6/site-packages/airflow/example_dags/example_latest_only.py took 0.598 seconds
[2023-10-01 00:07:05,107] {scheduler_job.py:182} INFO - Started process (PID=280) to work on /home/airflow/.local/lib/python3.6/site-packages/airflow/example_dags/example_latest_only.py
[2023-10-01 00:07:05,116] {scheduler_job.py:629} INFO - Processing file /home/airflow/.local/lib/python3.6/site-packages/airflow/example_dags/example_latest_only.py for tasks to queue
[2023-10-01 00:07:05,125] {logging_mixin.py:104} INFO - [2023-10-01 00:07:05,124] {dagbag.py:451} INFO - Filling up the DagBag from /home/airflow/.local/lib/python3.6/site-packages/airflow/example_dags/example_latest_only.py
[2023-10-01 00:07:05,250] {scheduler_job.py:639} INFO - DAG(s) dict_keys(['latest_only']) retrieved from /home/airflow/.local/lib/python3.6/site-packages/airflow/example_dags/example_latest_only.py
[2023-10-01 00:07:05,418] {logging_mixin.py:104} INFO - [2023-10-01 00:07:05,417] {dag.py:1824} INFO - Sync 1 DAGs
[2023-10-01 00:07:05,592] {logging_mixin.py:104} INFO - [2023-10-01 00:07:05,591] {dag.py:2280} INFO - Setting next_dagrun for latest_only to 2023-09-29 00:00:00+00:00
[2023-10-01 00:07:05,678] {scheduler_job.py:190} INFO - Processing /home/airflow/.local/lib/python3.6/site-packages/airflow/example_dags/example_latest_only.py took 0.599 seconds
[2023-10-01 00:07:36,001] {scheduler_job.py:182} INFO - Started process (PID=334) to work on /home/airflow/.local/lib/python3.6/site-packages/airflow/example_dags/example_latest_only.py
[2023-10-01 00:07:36,015] {scheduler_job.py:629} INFO - Processing file /home/airflow/.local/lib/python3.6/site-packages/airflow/example_dags/example_latest_only.py for tasks to queue
[2023-10-01 00:07:36,024] {logging_mixin.py:104} INFO - [2023-10-01 00:07:36,023] {dagbag.py:451} INFO - Filling up the DagBag from /home/airflow/.local/lib/python3.6/site-packages/airflow/example_dags/example_latest_only.py
[2023-10-01 00:07:36,124] {scheduler_job.py:639} INFO - DAG(s) dict_keys(['latest_only']) retrieved from /home/airflow/.local/lib/python3.6/site-packages/airflow/example_dags/example_latest_only.py
[2023-10-01 00:07:36,248] {logging_mixin.py:104} INFO - [2023-10-01 00:07:36,247] {dag.py:1824} INFO - Sync 1 DAGs
[2023-10-01 00:07:36,386] {logging_mixin.py:104} INFO - [2023-10-01 00:07:36,385] {dag.py:2280} INFO - Setting next_dagrun for latest_only to 2023-09-29 00:00:00+00:00
[2023-10-01 00:07:36,469] {scheduler_job.py:190} INFO - Processing /home/airflow/.local/lib/python3.6/site-packages/airflow/example_dags/example_latest_only.py took 0.490 seconds
[2023-10-01 00:08:07,409] {scheduler_job.py:182} INFO - Started process (PID=388) to work on /home/airflow/.local/lib/python3.6/site-packages/airflow/example_dags/example_latest_only.py
[2023-10-01 00:08:07,415] {scheduler_job.py:629} INFO - Processing file /home/airflow/.local/lib/python3.6/site-packages/airflow/example_dags/example_latest_only.py for tasks to queue
[2023-10-01 00:08:07,418] {logging_mixin.py:104} INFO - [2023-10-01 00:08:07,418] {dagbag.py:451} INFO - Filling up the DagBag from /home/airflow/.local/lib/python3.6/site-packages/airflow/example_dags/example_latest_only.py
[2023-10-01 00:08:07,470] {scheduler_job.py:639} INFO - DAG(s) dict_keys(['latest_only']) retrieved from /home/airflow/.local/lib/python3.6/site-packages/airflow/example_dags/example_latest_only.py
[2023-10-01 00:08:07,550] {logging_mixin.py:104} INFO - [2023-10-01 00:08:07,549] {dag.py:1824} INFO - Sync 1 DAGs
[2023-10-01 00:08:07,617] {logging_mixin.py:104} INFO - [2023-10-01 00:08:07,617] {dag.py:2280} INFO - Setting next_dagrun for latest_only to 2023-09-29 00:00:00+00:00
[2023-10-01 00:08:07,655] {scheduler_job.py:190} INFO - Processing /home/airflow/.local/lib/python3.6/site-packages/airflow/example_dags/example_latest_only.py took 0.257 seconds
[2023-10-01 00:08:38,225] {scheduler_job.py:182} INFO - Started process (PID=442) to work on /home/airflow/.local/lib/python3.6/site-packages/airflow/example_dags/example_latest_only.py
[2023-10-01 00:08:38,234] {scheduler_job.py:629} INFO - Processing file /home/airflow/.local/lib/python3.6/site-packages/airflow/example_dags/example_latest_only.py for tasks to queue
[2023-10-01 00:08:38,242] {logging_mixin.py:104} INFO - [2023-10-01 00:08:38,241] {dagbag.py:451} INFO - Filling up the DagBag from /home/airflow/.local/lib/python3.6/site-packages/airflow/example_dags/example_latest_only.py
[2023-10-01 00:08:38,312] {scheduler_job.py:639} INFO - DAG(s) dict_keys(['latest_only']) retrieved from /home/airflow/.local/lib/python3.6/site-packages/airflow/example_dags/example_latest_only.py
[2023-10-01 00:08:38,411] {logging_mixin.py:104} INFO - [2023-10-01 00:08:38,410] {dag.py:1824} INFO - Sync 1 DAGs
[2023-10-01 00:08:38,484] {logging_mixin.py:104} INFO - [2023-10-01 00:08:38,483] {dag.py:2280} INFO - Setting next_dagrun for latest_only to 2023-09-29 00:00:00+00:00
[2023-10-01 00:08:38,530] {scheduler_job.py:190} INFO - Processing /home/airflow/.local/lib/python3.6/site-packages/airflow/example_dags/example_latest_only.py took 0.327 seconds
[2023-10-01 00:09:08,824] {scheduler_job.py:182} INFO - Started process (PID=496) to work on /home/airflow/.local/lib/python3.6/site-packages/airflow/example_dags/example_latest_only.py
[2023-10-01 00:09:08,834] {scheduler_job.py:629} INFO - Processing file /home/airflow/.local/lib/python3.6/site-packages/airflow/example_dags/example_latest_only.py for tasks to queue
[2023-10-01 00:09:08,839] {logging_mixin.py:104} INFO - [2023-10-01 00:09:08,839] {dagbag.py:451} INFO - Filling up the DagBag from /home/airflow/.local/lib/python3.6/site-packages/airflow/example_dags/example_latest_only.py
[2023-10-01 00:09:08,892] {scheduler_job.py:639} INFO - DAG(s) dict_keys(['latest_only']) retrieved from /home/airflow/.local/lib/python3.6/site-packages/airflow/example_dags/example_latest_only.py
[2023-10-01 00:09:08,996] {logging_mixin.py:104} INFO - [2023-10-01 00:09:08,996] {dag.py:1824} INFO - Sync 1 DAGs
[2023-10-01 00:09:09,066] {logging_mixin.py:104} INFO - [2023-10-01 00:09:09,065] {dag.py:2280} INFO - Setting next_dagrun for latest_only to 2023-09-29 00:00:00+00:00
[2023-10-01 00:09:09,105] {scheduler_job.py:190} INFO - Processing /home/airflow/.local/lib/python3.6/site-packages/airflow/example_dags/example_latest_only.py took 0.294 seconds
[2023-10-01 00:09:39,433] {scheduler_job.py:182} INFO - Started process (PID=550) to work on /home/airflow/.local/lib/python3.6/site-packages/airflow/example_dags/example_latest_only.py
[2023-10-01 00:09:39,440] {scheduler_job.py:629} INFO - Processing file /home/airflow/.local/lib/python3.6/site-packages/airflow/example_dags/example_latest_only.py for tasks to queue
[2023-10-01 00:09:39,446] {logging_mixin.py:104} INFO - [2023-10-01 00:09:39,445] {dagbag.py:451} INFO - Filling up the DagBag from /home/airflow/.local/lib/python3.6/site-packages/airflow/example_dags/example_latest_only.py
[2023-10-01 00:09:39,502] {scheduler_job.py:639} INFO - DAG(s) dict_keys(['latest_only']) retrieved from /home/airflow/.local/lib/python3.6/site-packages/airflow/example_dags/example_latest_only.py
[2023-10-01 00:09:39,593] {logging_mixin.py:104} INFO - [2023-10-01 00:09:39,592] {dag.py:1824} INFO - Sync 1 DAGs
[2023-10-01 00:09:39,671] {logging_mixin.py:104} INFO - [2023-10-01 00:09:39,670] {dag.py:2280} INFO - Setting next_dagrun for latest_only to 2023-09-29 00:00:00+00:00
[2023-10-01 00:09:39,714] {scheduler_job.py:190} INFO - Processing /home/airflow/.local/lib/python3.6/site-packages/airflow/example_dags/example_latest_only.py took 0.293 seconds
[2023-10-01 00:10:10,325] {scheduler_job.py:182} INFO - Started process (PID=604) to work on /home/airflow/.local/lib/python3.6/site-packages/airflow/example_dags/example_latest_only.py
[2023-10-01 00:10:10,332] {scheduler_job.py:629} INFO - Processing file /home/airflow/.local/lib/python3.6/site-packages/airflow/example_dags/example_latest_only.py for tasks to queue
[2023-10-01 00:10:10,337] {logging_mixin.py:104} INFO - [2023-10-01 00:10:10,336] {dagbag.py:451} INFO - Filling up the DagBag from /home/airflow/.local/lib/python3.6/site-packages/airflow/example_dags/example_latest_only.py
[2023-10-01 00:10:10,399] {scheduler_job.py:639} INFO - DAG(s) dict_keys(['latest_only']) retrieved from /home/airflow/.local/lib/python3.6/site-packages/airflow/example_dags/example_latest_only.py
[2023-10-01 00:10:10,474] {logging_mixin.py:104} INFO - [2023-10-01 00:10:10,473] {dag.py:1824} INFO - Sync 1 DAGs
[2023-10-01 00:10:10,543] {logging_mixin.py:104} INFO - [2023-10-01 00:10:10,542] {dag.py:2280} INFO - Setting next_dagrun for latest_only to 2023-09-29 00:00:00+00:00
[2023-10-01 00:10:10,588] {scheduler_job.py:190} INFO - Processing /home/airflow/.local/lib/python3.6/site-packages/airflow/example_dags/example_latest_only.py took 0.273 seconds
[2023-10-01 00:10:41,181] {scheduler_job.py:182} INFO - Started process (PID=658) to work on /home/airflow/.local/lib/python3.6/site-packages/airflow/example_dags/example_latest_only.py
[2023-10-01 00:10:41,189] {scheduler_job.py:629} INFO - Processing file /home/airflow/.local/lib/python3.6/site-packages/airflow/example_dags/example_latest_only.py for tasks to queue
[2023-10-01 00:10:41,195] {logging_mixin.py:104} INFO - [2023-10-01 00:10:41,194] {dagbag.py:451} INFO - Filling up the DagBag from /home/airflow/.local/lib/python3.6/site-packages/airflow/example_dags/example_latest_only.py
[2023-10-01 00:10:41,266] {scheduler_job.py:639} INFO - DAG(s) dict_keys(['latest_only']) retrieved from /home/airflow/.local/lib/python3.6/site-packages/airflow/example_dags/example_latest_only.py
[2023-10-01 00:10:41,356] {logging_mixin.py:104} INFO - [2023-10-01 00:10:41,355] {dag.py:1824} INFO - Sync 1 DAGs
[2023-10-01 00:10:41,446] {logging_mixin.py:104} INFO - [2023-10-01 00:10:41,446] {dag.py:2280} INFO - Setting next_dagrun for latest_only to 2023-09-29 00:00:00+00:00
[2023-10-01 00:10:41,487] {scheduler_job.py:190} INFO - Processing /home/airflow/.local/lib/python3.6/site-packages/airflow/example_dags/example_latest_only.py took 0.317 seconds
[2023-10-01 00:11:12,189] {scheduler_job.py:182} INFO - Started process (PID=712) to work on /home/airflow/.local/lib/python3.6/site-packages/airflow/example_dags/example_latest_only.py
[2023-10-01 00:11:12,196] {scheduler_job.py:629} INFO - Processing file /home/airflow/.local/lib/python3.6/site-packages/airflow/example_dags/example_latest_only.py for tasks to queue
[2023-10-01 00:11:12,201] {logging_mixin.py:104} INFO - [2023-10-01 00:11:12,201] {dagbag.py:451} INFO - Filling up the DagBag from /home/airflow/.local/lib/python3.6/site-packages/airflow/example_dags/example_latest_only.py
[2023-10-01 00:11:12,335] {scheduler_job.py:639} INFO - DAG(s) dict_keys(['latest_only']) retrieved from /home/airflow/.local/lib/python3.6/site-packages/airflow/example_dags/example_latest_only.py
[2023-10-01 00:11:12,472] {logging_mixin.py:104} INFO - [2023-10-01 00:11:12,471] {dag.py:1824} INFO - Sync 1 DAGs
[2023-10-01 00:11:12,559] {logging_mixin.py:104} INFO - [2023-10-01 00:11:12,558] {dag.py:2280} INFO - Setting next_dagrun for latest_only to 2023-09-29 00:00:00+00:00
[2023-10-01 00:11:12,604] {scheduler_job.py:190} INFO - Processing /home/airflow/.local/lib/python3.6/site-packages/airflow/example_dags/example_latest_only.py took 0.426 seconds
[2023-10-01 00:12:37,239] {scheduler_job.py:182} INFO - Started process (PID=93) to work on /home/airflow/.local/lib/python3.6/site-packages/airflow/example_dags/example_latest_only.py
[2023-10-01 00:12:37,275] {scheduler_job.py:629} INFO - Processing file /home/airflow/.local/lib/python3.6/site-packages/airflow/example_dags/example_latest_only.py for tasks to queue
[2023-10-01 00:12:37,297] {logging_mixin.py:104} INFO - [2023-10-01 00:12:37,293] {dagbag.py:451} INFO - Filling up the DagBag from /home/airflow/.local/lib/python3.6/site-packages/airflow/example_dags/example_latest_only.py
[2023-10-01 00:12:37,510] {scheduler_job.py:639} INFO - DAG(s) dict_keys(['latest_only']) retrieved from /home/airflow/.local/lib/python3.6/site-packages/airflow/example_dags/example_latest_only.py
[2023-10-01 00:12:37,715] {logging_mixin.py:104} INFO - [2023-10-01 00:12:37,714] {dag.py:1824} INFO - Sync 1 DAGs
[2023-10-01 00:12:37,910] {logging_mixin.py:104} INFO - [2023-10-01 00:12:37,908] {dag.py:2280} INFO - Setting next_dagrun for latest_only to 2023-09-29 00:00:00+00:00
[2023-10-01 00:12:38,077] {scheduler_job.py:190} INFO - Processing /home/airflow/.local/lib/python3.6/site-packages/airflow/example_dags/example_latest_only.py took 0.892 seconds
[2023-10-01 00:13:08,329] {scheduler_job.py:182} INFO - Started process (PID=145) to work on /home/airflow/.local/lib/python3.6/site-packages/airflow/example_dags/example_latest_only.py
[2023-10-01 00:13:08,343] {scheduler_job.py:629} INFO - Processing file /home/airflow/.local/lib/python3.6/site-packages/airflow/example_dags/example_latest_only.py for tasks to queue
[2023-10-01 00:13:08,352] {logging_mixin.py:104} INFO - [2023-10-01 00:13:08,351] {dagbag.py:451} INFO - Filling up the DagBag from /home/airflow/.local/lib/python3.6/site-packages/airflow/example_dags/example_latest_only.py
[2023-10-01 00:13:08,440] {scheduler_job.py:639} INFO - DAG(s) dict_keys(['latest_only']) retrieved from /home/airflow/.local/lib/python3.6/site-packages/airflow/example_dags/example_latest_only.py
[2023-10-01 00:13:08,559] {logging_mixin.py:104} INFO - [2023-10-01 00:13:08,558] {dag.py:1824} INFO - Sync 1 DAGs
[2023-10-01 00:13:08,711] {logging_mixin.py:104} INFO - [2023-10-01 00:13:08,709] {dag.py:2280} INFO - Setting next_dagrun for latest_only to 2023-09-29 00:00:00+00:00
[2023-10-01 00:13:08,798] {scheduler_job.py:190} INFO - Processing /home/airflow/.local/lib/python3.6/site-packages/airflow/example_dags/example_latest_only.py took 0.485 seconds
[2023-10-01 00:13:39,850] {scheduler_job.py:182} INFO - Started process (PID=199) to work on /home/airflow/.local/lib/python3.6/site-packages/airflow/example_dags/example_latest_only.py
[2023-10-01 00:13:39,871] {scheduler_job.py:629} INFO - Processing file /home/airflow/.local/lib/python3.6/site-packages/airflow/example_dags/example_latest_only.py for tasks to queue
[2023-10-01 00:13:39,883] {logging_mixin.py:104} INFO - [2023-10-01 00:13:39,880] {dagbag.py:451} INFO - Filling up the DagBag from /home/airflow/.local/lib/python3.6/site-packages/airflow/example_dags/example_latest_only.py
[2023-10-01 00:13:40,068] {scheduler_job.py:639} INFO - DAG(s) dict_keys(['latest_only']) retrieved from /home/airflow/.local/lib/python3.6/site-packages/airflow/example_dags/example_latest_only.py
[2023-10-01 00:13:40,458] {logging_mixin.py:104} INFO - [2023-10-01 00:13:40,457] {dag.py:1824} INFO - Sync 1 DAGs
[2023-10-01 00:13:40,872] {logging_mixin.py:104} INFO - [2023-10-01 00:13:40,871] {dag.py:2280} INFO - Setting next_dagrun for latest_only to 2023-09-29 00:00:00+00:00
[2023-10-01 00:13:41,002] {scheduler_job.py:190} INFO - Processing /home/airflow/.local/lib/python3.6/site-packages/airflow/example_dags/example_latest_only.py took 1.179 seconds
[2023-10-01 00:14:11,765] {scheduler_job.py:182} INFO - Started process (PID=255) to work on /home/airflow/.local/lib/python3.6/site-packages/airflow/example_dags/example_latest_only.py
[2023-10-01 00:14:11,777] {scheduler_job.py:629} INFO - Processing file /home/airflow/.local/lib/python3.6/site-packages/airflow/example_dags/example_latest_only.py for tasks to queue
[2023-10-01 00:14:11,786] {logging_mixin.py:104} INFO - [2023-10-01 00:14:11,785] {dagbag.py:451} INFO - Filling up the DagBag from /home/airflow/.local/lib/python3.6/site-packages/airflow/example_dags/example_latest_only.py
[2023-10-01 00:14:11,894] {scheduler_job.py:639} INFO - DAG(s) dict_keys(['latest_only']) retrieved from /home/airflow/.local/lib/python3.6/site-packages/airflow/example_dags/example_latest_only.py
[2023-10-01 00:14:12,035] {logging_mixin.py:104} INFO - [2023-10-01 00:14:12,034] {dag.py:1824} INFO - Sync 1 DAGs
[2023-10-01 00:14:12,139] {logging_mixin.py:104} INFO - [2023-10-01 00:14:12,139] {dag.py:2280} INFO - Setting next_dagrun for latest_only to 2023-09-29 00:00:00+00:00
[2023-10-01 00:14:12,238] {scheduler_job.py:190} INFO - Processing /home/airflow/.local/lib/python3.6/site-packages/airflow/example_dags/example_latest_only.py took 0.492 seconds
[2023-10-01 00:14:43,652] {scheduler_job.py:182} INFO - Started process (PID=309) to work on /home/airflow/.local/lib/python3.6/site-packages/airflow/example_dags/example_latest_only.py
[2023-10-01 00:14:43,668] {scheduler_job.py:629} INFO - Processing file /home/airflow/.local/lib/python3.6/site-packages/airflow/example_dags/example_latest_only.py for tasks to queue
[2023-10-01 00:14:43,682] {logging_mixin.py:104} INFO - [2023-10-01 00:14:43,676] {dagbag.py:451} INFO - Filling up the DagBag from /home/airflow/.local/lib/python3.6/site-packages/airflow/example_dags/example_latest_only.py
[2023-10-01 00:14:43,820] {scheduler_job.py:639} INFO - DAG(s) dict_keys(['latest_only']) retrieved from /home/airflow/.local/lib/python3.6/site-packages/airflow/example_dags/example_latest_only.py
[2023-10-01 00:14:44,060] {logging_mixin.py:104} INFO - [2023-10-01 00:14:44,055] {dag.py:1824} INFO - Sync 1 DAGs
[2023-10-01 00:14:44,238] {logging_mixin.py:104} INFO - [2023-10-01 00:14:44,236] {dag.py:2280} INFO - Setting next_dagrun for latest_only to 2023-09-29 00:00:00+00:00
[2023-10-01 00:14:44,331] {scheduler_job.py:190} INFO - Processing /home/airflow/.local/lib/python3.6/site-packages/airflow/example_dags/example_latest_only.py took 0.710 seconds
[2023-10-01 00:15:14,628] {scheduler_job.py:182} INFO - Started process (PID=363) to work on /home/airflow/.local/lib/python3.6/site-packages/airflow/example_dags/example_latest_only.py
[2023-10-01 00:15:14,663] {scheduler_job.py:629} INFO - Processing file /home/airflow/.local/lib/python3.6/site-packages/airflow/example_dags/example_latest_only.py for tasks to queue
[2023-10-01 00:15:14,676] {logging_mixin.py:104} INFO - [2023-10-01 00:15:14,675] {dagbag.py:451} INFO - Filling up the DagBag from /home/airflow/.local/lib/python3.6/site-packages/airflow/example_dags/example_latest_only.py
[2023-10-01 00:15:14,878] {scheduler_job.py:639} INFO - DAG(s) dict_keys(['latest_only']) retrieved from /home/airflow/.local/lib/python3.6/site-packages/airflow/example_dags/example_latest_only.py
[2023-10-01 00:15:14,998] {logging_mixin.py:104} INFO - [2023-10-01 00:15:14,997] {dag.py:1824} INFO - Sync 1 DAGs
[2023-10-01 00:15:15,117] {logging_mixin.py:104} INFO - [2023-10-01 00:15:15,116] {dag.py:2280} INFO - Setting next_dagrun for latest_only to 2023-09-29 00:00:00+00:00
[2023-10-01 00:15:15,175] {scheduler_job.py:190} INFO - Processing /home/airflow/.local/lib/python3.6/site-packages/airflow/example_dags/example_latest_only.py took 0.563 seconds
[2023-10-01 00:15:45,377] {scheduler_job.py:182} INFO - Started process (PID=415) to work on /home/airflow/.local/lib/python3.6/site-packages/airflow/example_dags/example_latest_only.py
[2023-10-01 00:15:45,385] {scheduler_job.py:629} INFO - Processing file /home/airflow/.local/lib/python3.6/site-packages/airflow/example_dags/example_latest_only.py for tasks to queue
[2023-10-01 00:15:45,390] {logging_mixin.py:104} INFO - [2023-10-01 00:15:45,389] {dagbag.py:451} INFO - Filling up the DagBag from /home/airflow/.local/lib/python3.6/site-packages/airflow/example_dags/example_latest_only.py
[2023-10-01 00:15:45,452] {scheduler_job.py:639} INFO - DAG(s) dict_keys(['latest_only']) retrieved from /home/airflow/.local/lib/python3.6/site-packages/airflow/example_dags/example_latest_only.py
[2023-10-01 00:15:45,567] {logging_mixin.py:104} INFO - [2023-10-01 00:15:45,566] {dag.py:1824} INFO - Sync 1 DAGs
[2023-10-01 00:15:45,652] {logging_mixin.py:104} INFO - [2023-10-01 00:15:45,651] {dag.py:2280} INFO - Setting next_dagrun for latest_only to 2023-09-29 00:00:00+00:00
[2023-10-01 00:15:45,696] {scheduler_job.py:190} INFO - Processing /home/airflow/.local/lib/python3.6/site-packages/airflow/example_dags/example_latest_only.py took 0.332 seconds
[2023-10-01 00:16:15,767] {scheduler_job.py:182} INFO - Started process (PID=469) to work on /home/airflow/.local/lib/python3.6/site-packages/airflow/example_dags/example_latest_only.py
[2023-10-01 00:16:15,774] {scheduler_job.py:629} INFO - Processing file /home/airflow/.local/lib/python3.6/site-packages/airflow/example_dags/example_latest_only.py for tasks to queue
[2023-10-01 00:16:15,778] {logging_mixin.py:104} INFO - [2023-10-01 00:16:15,777] {dagbag.py:451} INFO - Filling up the DagBag from /home/airflow/.local/lib/python3.6/site-packages/airflow/example_dags/example_latest_only.py
[2023-10-01 00:16:15,823] {scheduler_job.py:639} INFO - DAG(s) dict_keys(['latest_only']) retrieved from /home/airflow/.local/lib/python3.6/site-packages/airflow/example_dags/example_latest_only.py
[2023-10-01 00:16:15,901] {logging_mixin.py:104} INFO - [2023-10-01 00:16:15,900] {dag.py:1824} INFO - Sync 1 DAGs
[2023-10-01 00:16:15,980] {logging_mixin.py:104} INFO - [2023-10-01 00:16:15,979] {dag.py:2280} INFO - Setting next_dagrun for latest_only to 2023-09-29 00:00:00+00:00
[2023-10-01 00:16:16,031] {scheduler_job.py:190} INFO - Processing /home/airflow/.local/lib/python3.6/site-packages/airflow/example_dags/example_latest_only.py took 0.274 seconds
[2023-10-01 00:17:24,791] {scheduler_job.py:182} INFO - Started process (PID=72) to work on /home/airflow/.local/lib/python3.6/site-packages/airflow/example_dags/example_latest_only.py
[2023-10-01 00:17:24,817] {scheduler_job.py:629} INFO - Processing file /home/airflow/.local/lib/python3.6/site-packages/airflow/example_dags/example_latest_only.py for tasks to queue
[2023-10-01 00:17:24,838] {logging_mixin.py:104} INFO - [2023-10-01 00:17:24,829] {dagbag.py:451} INFO - Filling up the DagBag from /home/airflow/.local/lib/python3.6/site-packages/airflow/example_dags/example_latest_only.py
[2023-10-01 00:17:25,107] {scheduler_job.py:639} INFO - DAG(s) dict_keys(['latest_only']) retrieved from /home/airflow/.local/lib/python3.6/site-packages/airflow/example_dags/example_latest_only.py
[2023-10-01 00:17:25,439] {logging_mixin.py:104} INFO - [2023-10-01 00:17:25,438] {dag.py:1824} INFO - Sync 1 DAGs
[2023-10-01 00:17:25,661] {logging_mixin.py:104} INFO - [2023-10-01 00:17:25,660] {dag.py:2280} INFO - Setting next_dagrun for latest_only to 2023-09-29 00:00:00+00:00
[2023-10-01 00:17:25,858] {scheduler_job.py:190} INFO - Processing /home/airflow/.local/lib/python3.6/site-packages/airflow/example_dags/example_latest_only.py took 1.141 seconds
[2023-10-01 00:17:56,009] {scheduler_job.py:182} INFO - Started process (PID=126) to work on /home/airflow/.local/lib/python3.6/site-packages/airflow/example_dags/example_latest_only.py
[2023-10-01 00:17:56,017] {scheduler_job.py:629} INFO - Processing file /home/airflow/.local/lib/python3.6/site-packages/airflow/example_dags/example_latest_only.py for tasks to queue
[2023-10-01 00:17:56,023] {logging_mixin.py:104} INFO - [2023-10-01 00:17:56,021] {dagbag.py:451} INFO - Filling up the DagBag from /home/airflow/.local/lib/python3.6/site-packages/airflow/example_dags/example_latest_only.py
[2023-10-01 00:17:56,084] {scheduler_job.py:639} INFO - DAG(s) dict_keys(['latest_only']) retrieved from /home/airflow/.local/lib/python3.6/site-packages/airflow/example_dags/example_latest_only.py
[2023-10-01 00:17:56,180] {logging_mixin.py:104} INFO - [2023-10-01 00:17:56,179] {dag.py:1824} INFO - Sync 1 DAGs
[2023-10-01 00:17:56,270] {logging_mixin.py:104} INFO - [2023-10-01 00:17:56,269] {dag.py:2280} INFO - Setting next_dagrun for latest_only to 2023-09-29 00:00:00+00:00
[2023-10-01 00:17:56,327] {scheduler_job.py:190} INFO - Processing /home/airflow/.local/lib/python3.6/site-packages/airflow/example_dags/example_latest_only.py took 0.331 seconds
[2023-10-01 00:18:27,165] {scheduler_job.py:182} INFO - Started process (PID=180) to work on /home/airflow/.local/lib/python3.6/site-packages/airflow/example_dags/example_latest_only.py
[2023-10-01 00:18:27,181] {scheduler_job.py:629} INFO - Processing file /home/airflow/.local/lib/python3.6/site-packages/airflow/example_dags/example_latest_only.py for tasks to queue
[2023-10-01 00:18:27,196] {logging_mixin.py:104} INFO - [2023-10-01 00:18:27,195] {dagbag.py:451} INFO - Filling up the DagBag from /home/airflow/.local/lib/python3.6/site-packages/airflow/example_dags/example_latest_only.py
[2023-10-01 00:18:27,318] {scheduler_job.py:639} INFO - DAG(s) dict_keys(['latest_only']) retrieved from /home/airflow/.local/lib/python3.6/site-packages/airflow/example_dags/example_latest_only.py
[2023-10-01 00:18:27,519] {logging_mixin.py:104} INFO - [2023-10-01 00:18:27,518] {dag.py:1824} INFO - Sync 1 DAGs
[2023-10-01 00:18:27,718] {logging_mixin.py:104} INFO - [2023-10-01 00:18:27,717] {dag.py:2280} INFO - Setting next_dagrun for latest_only to 2023-09-29 00:00:00+00:00
[2023-10-01 00:18:27,859] {scheduler_job.py:190} INFO - Processing /home/airflow/.local/lib/python3.6/site-packages/airflow/example_dags/example_latest_only.py took 0.733 seconds
[2023-10-01 00:18:58,790] {scheduler_job.py:182} INFO - Started process (PID=234) to work on /home/airflow/.local/lib/python3.6/site-packages/airflow/example_dags/example_latest_only.py
[2023-10-01 00:18:58,804] {scheduler_job.py:629} INFO - Processing file /home/airflow/.local/lib/python3.6/site-packages/airflow/example_dags/example_latest_only.py for tasks to queue
[2023-10-01 00:18:58,813] {logging_mixin.py:104} INFO - [2023-10-01 00:18:58,812] {dagbag.py:451} INFO - Filling up the DagBag from /home/airflow/.local/lib/python3.6/site-packages/airflow/example_dags/example_latest_only.py
[2023-10-01 00:18:58,959] {scheduler_job.py:639} INFO - DAG(s) dict_keys(['latest_only']) retrieved from /home/airflow/.local/lib/python3.6/site-packages/airflow/example_dags/example_latest_only.py
[2023-10-01 00:18:59,172] {logging_mixin.py:104} INFO - [2023-10-01 00:18:59,171] {dag.py:1824} INFO - Sync 1 DAGs
[2023-10-01 00:18:59,384] {logging_mixin.py:104} INFO - [2023-10-01 00:18:59,383] {dag.py:2280} INFO - Setting next_dagrun for latest_only to 2023-09-29 00:00:00+00:00
[2023-10-01 00:18:59,522] {scheduler_job.py:190} INFO - Processing /home/airflow/.local/lib/python3.6/site-packages/airflow/example_dags/example_latest_only.py took 0.758 seconds
[2023-10-01 00:19:30,647] {scheduler_job.py:182} INFO - Started process (PID=288) to work on /home/airflow/.local/lib/python3.6/site-packages/airflow/example_dags/example_latest_only.py
[2023-10-01 00:19:30,662] {scheduler_job.py:629} INFO - Processing file /home/airflow/.local/lib/python3.6/site-packages/airflow/example_dags/example_latest_only.py for tasks to queue
[2023-10-01 00:19:30,671] {logging_mixin.py:104} INFO - [2023-10-01 00:19:30,669] {dagbag.py:451} INFO - Filling up the DagBag from /home/airflow/.local/lib/python3.6/site-packages/airflow/example_dags/example_latest_only.py
[2023-10-01 00:19:30,793] {scheduler_job.py:639} INFO - DAG(s) dict_keys(['latest_only']) retrieved from /home/airflow/.local/lib/python3.6/site-packages/airflow/example_dags/example_latest_only.py
[2023-10-01 00:19:30,969] {logging_mixin.py:104} INFO - [2023-10-01 00:19:30,967] {dag.py:1824} INFO - Sync 1 DAGs
[2023-10-01 00:19:31,132] {logging_mixin.py:104} INFO - [2023-10-01 00:19:31,131] {dag.py:2280} INFO - Setting next_dagrun for latest_only to 2023-09-29 00:00:00+00:00
[2023-10-01 00:19:31,225] {scheduler_job.py:190} INFO - Processing /home/airflow/.local/lib/python3.6/site-packages/airflow/example_dags/example_latest_only.py took 0.650 seconds
[2023-10-01 00:20:02,079] {scheduler_job.py:182} INFO - Started process (PID=342) to work on /home/airflow/.local/lib/python3.6/site-packages/airflow/example_dags/example_latest_only.py
[2023-10-01 00:20:02,095] {scheduler_job.py:629} INFO - Processing file /home/airflow/.local/lib/python3.6/site-packages/airflow/example_dags/example_latest_only.py for tasks to queue
[2023-10-01 00:20:02,108] {logging_mixin.py:104} INFO - [2023-10-01 00:20:02,107] {dagbag.py:451} INFO - Filling up the DagBag from /home/airflow/.local/lib/python3.6/site-packages/airflow/example_dags/example_latest_only.py
[2023-10-01 00:20:02,342] {scheduler_job.py:639} INFO - DAG(s) dict_keys(['latest_only']) retrieved from /home/airflow/.local/lib/python3.6/site-packages/airflow/example_dags/example_latest_only.py
[2023-10-01 00:20:02,481] {logging_mixin.py:104} INFO - [2023-10-01 00:20:02,480] {dag.py:1824} INFO - Sync 1 DAGs
[2023-10-01 00:20:02,664] {logging_mixin.py:104} INFO - [2023-10-01 00:20:02,663] {dag.py:2280} INFO - Setting next_dagrun for latest_only to 2023-09-29 00:00:00+00:00
[2023-10-01 00:20:02,778] {scheduler_job.py:190} INFO - Processing /home/airflow/.local/lib/python3.6/site-packages/airflow/example_dags/example_latest_only.py took 0.753 seconds
[2023-10-01 00:20:33,141] {scheduler_job.py:182} INFO - Started process (PID=396) to work on /home/airflow/.local/lib/python3.6/site-packages/airflow/example_dags/example_latest_only.py
[2023-10-01 00:20:33,167] {scheduler_job.py:629} INFO - Processing file /home/airflow/.local/lib/python3.6/site-packages/airflow/example_dags/example_latest_only.py for tasks to queue
[2023-10-01 00:20:33,179] {logging_mixin.py:104} INFO - [2023-10-01 00:20:33,176] {dagbag.py:451} INFO - Filling up the DagBag from /home/airflow/.local/lib/python3.6/site-packages/airflow/example_dags/example_latest_only.py
[2023-10-01 00:20:33,391] {scheduler_job.py:639} INFO - DAG(s) dict_keys(['latest_only']) retrieved from /home/airflow/.local/lib/python3.6/site-packages/airflow/example_dags/example_latest_only.py
[2023-10-01 00:20:33,724] {logging_mixin.py:104} INFO - [2023-10-01 00:20:33,723] {dag.py:1824} INFO - Sync 1 DAGs
[2023-10-01 00:20:34,191] {logging_mixin.py:104} INFO - [2023-10-01 00:20:34,175] {dag.py:2280} INFO - Setting next_dagrun for latest_only to 2023-09-29 00:00:00+00:00
[2023-10-01 00:20:34,324] {scheduler_job.py:190} INFO - Processing /home/airflow/.local/lib/python3.6/site-packages/airflow/example_dags/example_latest_only.py took 1.214 seconds
[2023-10-01 00:21:05,110] {scheduler_job.py:182} INFO - Started process (PID=450) to work on /home/airflow/.local/lib/python3.6/site-packages/airflow/example_dags/example_latest_only.py
[2023-10-01 00:21:05,129] {scheduler_job.py:629} INFO - Processing file /home/airflow/.local/lib/python3.6/site-packages/airflow/example_dags/example_latest_only.py for tasks to queue
[2023-10-01 00:21:05,153] {logging_mixin.py:104} INFO - [2023-10-01 00:21:05,152] {dagbag.py:451} INFO - Filling up the DagBag from /home/airflow/.local/lib/python3.6/site-packages/airflow/example_dags/example_latest_only.py
[2023-10-01 00:21:05,259] {scheduler_job.py:639} INFO - DAG(s) dict_keys(['latest_only']) retrieved from /home/airflow/.local/lib/python3.6/site-packages/airflow/example_dags/example_latest_only.py
[2023-10-01 00:21:05,451] {logging_mixin.py:104} INFO - [2023-10-01 00:21:05,450] {dag.py:1824} INFO - Sync 1 DAGs
[2023-10-01 00:21:05,648] {logging_mixin.py:104} INFO - [2023-10-01 00:21:05,647] {dag.py:2280} INFO - Setting next_dagrun for latest_only to 2023-09-29 00:00:00+00:00
[2023-10-01 00:21:05,771] {scheduler_job.py:190} INFO - Processing /home/airflow/.local/lib/python3.6/site-packages/airflow/example_dags/example_latest_only.py took 0.701 seconds
[2023-10-01 00:21:36,182] {scheduler_job.py:182} INFO - Started process (PID=504) to work on /home/airflow/.local/lib/python3.6/site-packages/airflow/example_dags/example_latest_only.py
[2023-10-01 00:21:36,198] {scheduler_job.py:629} INFO - Processing file /home/airflow/.local/lib/python3.6/site-packages/airflow/example_dags/example_latest_only.py for tasks to queue
[2023-10-01 00:21:36,209] {logging_mixin.py:104} INFO - [2023-10-01 00:21:36,208] {dagbag.py:451} INFO - Filling up the DagBag from /home/airflow/.local/lib/python3.6/site-packages/airflow/example_dags/example_latest_only.py
[2023-10-01 00:21:36,305] {scheduler_job.py:639} INFO - DAG(s) dict_keys(['latest_only']) retrieved from /home/airflow/.local/lib/python3.6/site-packages/airflow/example_dags/example_latest_only.py
[2023-10-01 00:21:36,394] {logging_mixin.py:104} INFO - [2023-10-01 00:21:36,392] {dag.py:1824} INFO - Sync 1 DAGs
[2023-10-01 00:21:36,532] {logging_mixin.py:104} INFO - [2023-10-01 00:21:36,531] {dag.py:2280} INFO - Setting next_dagrun for latest_only to 2023-09-29 00:00:00+00:00
[2023-10-01 00:21:36,595] {scheduler_job.py:190} INFO - Processing /home/airflow/.local/lib/python3.6/site-packages/airflow/example_dags/example_latest_only.py took 0.436 seconds
[2023-10-01 00:22:07,597] {scheduler_job.py:182} INFO - Started process (PID=558) to work on /home/airflow/.local/lib/python3.6/site-packages/airflow/example_dags/example_latest_only.py
[2023-10-01 00:22:07,608] {scheduler_job.py:629} INFO - Processing file /home/airflow/.local/lib/python3.6/site-packages/airflow/example_dags/example_latest_only.py for tasks to queue
[2023-10-01 00:22:07,624] {logging_mixin.py:104} INFO - [2023-10-01 00:22:07,621] {dagbag.py:451} INFO - Filling up the DagBag from /home/airflow/.local/lib/python3.6/site-packages/airflow/example_dags/example_latest_only.py
[2023-10-01 00:22:07,741] {scheduler_job.py:639} INFO - DAG(s) dict_keys(['latest_only']) retrieved from /home/airflow/.local/lib/python3.6/site-packages/airflow/example_dags/example_latest_only.py
[2023-10-01 00:22:07,926] {logging_mixin.py:104} INFO - [2023-10-01 00:22:07,925] {dag.py:1824} INFO - Sync 1 DAGs
[2023-10-01 00:22:08,064] {logging_mixin.py:104} INFO - [2023-10-01 00:22:08,063] {dag.py:2280} INFO - Setting next_dagrun for latest_only to 2023-09-29 00:00:00+00:00
[2023-10-01 00:22:08,138] {scheduler_job.py:190} INFO - Processing /home/airflow/.local/lib/python3.6/site-packages/airflow/example_dags/example_latest_only.py took 0.569 seconds
[2023-10-01 00:22:38,475] {scheduler_job.py:182} INFO - Started process (PID=612) to work on /home/airflow/.local/lib/python3.6/site-packages/airflow/example_dags/example_latest_only.py
[2023-10-01 00:22:38,483] {scheduler_job.py:629} INFO - Processing file /home/airflow/.local/lib/python3.6/site-packages/airflow/example_dags/example_latest_only.py for tasks to queue
[2023-10-01 00:22:38,490] {logging_mixin.py:104} INFO - [2023-10-01 00:22:38,489] {dagbag.py:451} INFO - Filling up the DagBag from /home/airflow/.local/lib/python3.6/site-packages/airflow/example_dags/example_latest_only.py
[2023-10-01 00:22:38,579] {scheduler_job.py:639} INFO - DAG(s) dict_keys(['latest_only']) retrieved from /home/airflow/.local/lib/python3.6/site-packages/airflow/example_dags/example_latest_only.py
[2023-10-01 00:22:38,771] {logging_mixin.py:104} INFO - [2023-10-01 00:22:38,770] {dag.py:1824} INFO - Sync 1 DAGs
[2023-10-01 00:22:39,056] {logging_mixin.py:104} INFO - [2023-10-01 00:22:39,054] {dag.py:2280} INFO - Setting next_dagrun for latest_only to 2023-09-29 00:00:00+00:00
[2023-10-01 00:22:39,156] {scheduler_job.py:190} INFO - Processing /home/airflow/.local/lib/python3.6/site-packages/airflow/example_dags/example_latest_only.py took 0.696 seconds
[2023-10-01 00:23:09,313] {scheduler_job.py:182} INFO - Started process (PID=666) to work on /home/airflow/.local/lib/python3.6/site-packages/airflow/example_dags/example_latest_only.py
[2023-10-01 00:23:09,319] {scheduler_job.py:629} INFO - Processing file /home/airflow/.local/lib/python3.6/site-packages/airflow/example_dags/example_latest_only.py for tasks to queue
[2023-10-01 00:23:09,323] {logging_mixin.py:104} INFO - [2023-10-01 00:23:09,322] {dagbag.py:451} INFO - Filling up the DagBag from /home/airflow/.local/lib/python3.6/site-packages/airflow/example_dags/example_latest_only.py
[2023-10-01 00:23:09,368] {scheduler_job.py:639} INFO - DAG(s) dict_keys(['latest_only']) retrieved from /home/airflow/.local/lib/python3.6/site-packages/airflow/example_dags/example_latest_only.py
[2023-10-01 00:23:09,447] {logging_mixin.py:104} INFO - [2023-10-01 00:23:09,446] {dag.py:1824} INFO - Sync 1 DAGs
[2023-10-01 00:23:09,514] {logging_mixin.py:104} INFO - [2023-10-01 00:23:09,513] {dag.py:2280} INFO - Setting next_dagrun for latest_only to 2023-09-29 00:00:00+00:00
[2023-10-01 00:23:09,562] {scheduler_job.py:190} INFO - Processing /home/airflow/.local/lib/python3.6/site-packages/airflow/example_dags/example_latest_only.py took 0.259 seconds
[2023-10-01 00:23:39,851] {scheduler_job.py:182} INFO - Started process (PID=720) to work on /home/airflow/.local/lib/python3.6/site-packages/airflow/example_dags/example_latest_only.py
[2023-10-01 00:23:39,860] {scheduler_job.py:629} INFO - Processing file /home/airflow/.local/lib/python3.6/site-packages/airflow/example_dags/example_latest_only.py for tasks to queue
[2023-10-01 00:23:39,864] {logging_mixin.py:104} INFO - [2023-10-01 00:23:39,864] {dagbag.py:451} INFO - Filling up the DagBag from /home/airflow/.local/lib/python3.6/site-packages/airflow/example_dags/example_latest_only.py
[2023-10-01 00:23:39,957] {scheduler_job.py:639} INFO - DAG(s) dict_keys(['latest_only']) retrieved from /home/airflow/.local/lib/python3.6/site-packages/airflow/example_dags/example_latest_only.py
[2023-10-01 00:23:40,101] {logging_mixin.py:104} INFO - [2023-10-01 00:23:40,100] {dag.py:1824} INFO - Sync 1 DAGs
[2023-10-01 00:23:40,236] {logging_mixin.py:104} INFO - [2023-10-01 00:23:40,235] {dag.py:2280} INFO - Setting next_dagrun for latest_only to 2023-09-29 00:00:00+00:00
[2023-10-01 00:23:40,296] {scheduler_job.py:190} INFO - Processing /home/airflow/.local/lib/python3.6/site-packages/airflow/example_dags/example_latest_only.py took 0.460 seconds
[2023-10-01 00:24:10,480] {scheduler_job.py:182} INFO - Started process (PID=774) to work on /home/airflow/.local/lib/python3.6/site-packages/airflow/example_dags/example_latest_only.py
[2023-10-01 00:24:10,486] {scheduler_job.py:629} INFO - Processing file /home/airflow/.local/lib/python3.6/site-packages/airflow/example_dags/example_latest_only.py for tasks to queue
[2023-10-01 00:24:10,490] {logging_mixin.py:104} INFO - [2023-10-01 00:24:10,489] {dagbag.py:451} INFO - Filling up the DagBag from /home/airflow/.local/lib/python3.6/site-packages/airflow/example_dags/example_latest_only.py
[2023-10-01 00:24:10,538] {scheduler_job.py:639} INFO - DAG(s) dict_keys(['latest_only']) retrieved from /home/airflow/.local/lib/python3.6/site-packages/airflow/example_dags/example_latest_only.py
[2023-10-01 00:24:10,626] {logging_mixin.py:104} INFO - [2023-10-01 00:24:10,625] {dag.py:1824} INFO - Sync 1 DAGs
[2023-10-01 00:24:10,695] {logging_mixin.py:104} INFO - [2023-10-01 00:24:10,694] {dag.py:2280} INFO - Setting next_dagrun for latest_only to 2023-09-29 00:00:00+00:00
[2023-10-01 00:24:10,739] {scheduler_job.py:190} INFO - Processing /home/airflow/.local/lib/python3.6/site-packages/airflow/example_dags/example_latest_only.py took 0.269 seconds
[2023-10-01 00:24:41,147] {scheduler_job.py:182} INFO - Started process (PID=828) to work on /home/airflow/.local/lib/python3.6/site-packages/airflow/example_dags/example_latest_only.py
[2023-10-01 00:24:41,155] {scheduler_job.py:629} INFO - Processing file /home/airflow/.local/lib/python3.6/site-packages/airflow/example_dags/example_latest_only.py for tasks to queue
[2023-10-01 00:24:41,160] {logging_mixin.py:104} INFO - [2023-10-01 00:24:41,159] {dagbag.py:451} INFO - Filling up the DagBag from /home/airflow/.local/lib/python3.6/site-packages/airflow/example_dags/example_latest_only.py
[2023-10-01 00:24:41,217] {scheduler_job.py:639} INFO - DAG(s) dict_keys(['latest_only']) retrieved from /home/airflow/.local/lib/python3.6/site-packages/airflow/example_dags/example_latest_only.py
[2023-10-01 00:24:41,309] {logging_mixin.py:104} INFO - [2023-10-01 00:24:41,308] {dag.py:1824} INFO - Sync 1 DAGs
[2023-10-01 00:24:41,379] {logging_mixin.py:104} INFO - [2023-10-01 00:24:41,379] {dag.py:2280} INFO - Setting next_dagrun for latest_only to 2023-09-29 00:00:00+00:00
[2023-10-01 00:24:41,423] {scheduler_job.py:190} INFO - Processing /home/airflow/.local/lib/python3.6/site-packages/airflow/example_dags/example_latest_only.py took 0.287 seconds
[2023-10-01 00:25:11,543] {scheduler_job.py:182} INFO - Started process (PID=882) to work on /home/airflow/.local/lib/python3.6/site-packages/airflow/example_dags/example_latest_only.py
[2023-10-01 00:25:11,558] {scheduler_job.py:629} INFO - Processing file /home/airflow/.local/lib/python3.6/site-packages/airflow/example_dags/example_latest_only.py for tasks to queue
[2023-10-01 00:25:11,567] {logging_mixin.py:104} INFO - [2023-10-01 00:25:11,566] {dagbag.py:451} INFO - Filling up the DagBag from /home/airflow/.local/lib/python3.6/site-packages/airflow/example_dags/example_latest_only.py
[2023-10-01 00:25:11,728] {scheduler_job.py:639} INFO - DAG(s) dict_keys(['latest_only']) retrieved from /home/airflow/.local/lib/python3.6/site-packages/airflow/example_dags/example_latest_only.py
[2023-10-01 00:25:12,728] {logging_mixin.py:104} INFO - [2023-10-01 00:25:12,726] {dag.py:1824} INFO - Sync 1 DAGs
[2023-10-01 00:25:12,869] {logging_mixin.py:104} INFO - [2023-10-01 00:25:12,869] {dag.py:2280} INFO - Setting next_dagrun for latest_only to 2023-09-29 00:00:00+00:00
[2023-10-01 00:25:12,918] {scheduler_job.py:190} INFO - Processing /home/airflow/.local/lib/python3.6/site-packages/airflow/example_dags/example_latest_only.py took 1.399 seconds
